[0.087s] Invoking command in '/workspace/foxy_ws/build/rosidl_generator_py': AMENT_PREFIX_PATH=/workspace/foxy_ws/install CMAKE_PREFIX_PATH=/workspace/foxy_ws/install LD_LIBRARY_PATH=/workspace/foxy_ws/install/lib PATH=/workspace/foxy_ws/install/bin:${PATH} PKG_CONFIG_PATH=/workspace/foxy_ws/install/lib/x86_64-linux-gnu/pkgconfig:/workspace/foxy_ws/install/lib/pkgconfig PYTHONPATH=/workspace/foxy_ws/install/lib/python3.10/site-packages /usr/bin/cmake /workspace/foxy_ws/src/rosidl_generator_py -DCMAKE_INSTALL_PREFIX=/workspace/foxy_ws/install
[0.132s] -- The C compiler identification is GNU 9.4.0
[0.170s] -- The CXX compiler identification is GNU 9.4.0
[0.174s] -- Check for working C compiler: /usr/bin/cc
[0.226s] -- Check for working C compiler: /usr/bin/cc -- works
[0.227s] -- Detecting C compiler ABI info
[0.278s] -- Detecting C compiler ABI info - done
[0.290s] -- Detecting C compile features
[0.291s] -- Detecting C compile features - done
[0.293s] -- Check for working CXX compiler: /usr/bin/c++
[0.349s] -- Check for working CXX compiler: /usr/bin/c++ -- works
[0.350s] -- Detecting CXX compiler ABI info
[0.410s] -- Detecting CXX compiler ABI info - done
[0.420s] -- Detecting CXX compile features
[0.420s] -- Detecting CXX compile features - done
[0.421s] -- Found ament_cmake: 0.9.12 (/workspace/foxy_ws/install/share/ament_cmake/cmake)
[0.436s] -- Found PythonInterp: /usr/bin/python3 (found suitable version "3.10.14", minimum required is "3") 
[0.436s] -- Using PYTHON_EXECUTABLE: /usr/bin/python3
[0.583s] <string>:1: DeprecationWarning: The distutils package is deprecated and slated for removal in Python 3.12. Use setuptools or check PEP 632 for potential alternatives
[0.584s] <string>:1: DeprecationWarning: The distutils.sysconfig module is deprecated, use sysconfig instead
[0.588s] -- Found ament_cmake_pytest: 0.9.12 (/workspace/foxy_ws/install/share/ament_cmake_pytest/cmake)
[0.589s] -- Found rmw: 1.0.4 (/workspace/foxy_ws/install/share/rmw/cmake)
[0.602s] -- Found rosidl_cmake: 1.3.1 (/workspace/foxy_ws/install/share/rosidl_cmake/cmake)
[0.602s] -- Found rosidl_adapter: 1.3.1 (/workspace/foxy_ws/install/share/rosidl_adapter/cmake)
[0.603s] -- Found ament_lint_auto: 0.9.8 (/workspace/foxy_ws/install/share/ament_lint_auto/cmake)
[0.690s] -- Found OpenSSL: /usr/lib/x86_64-linux-gnu/libcrypto.so (found version "1.1.1f")  
[0.702s] -- Found FastRTPS: /workspace/foxy_ws/install/include  
[0.732s] -- Using all available rosidl_typesupport_c: rosidl_typesupport_fastrtps_c;rosidl_typesupport_introspection_c
[0.762s] -- Found PythonInterp: /usr/bin/python3 (found version "3.10.14") 
[0.888s] -- Found ament_cmake_ros: 0.9.2 (/workspace/foxy_ws/install/share/ament_cmake_ros/cmake)
[0.942s] -- Using all available rosidl_typesupport_c: rosidl_typesupport_fastrtps_c;rosidl_typesupport_introspection_c
[0.961s] -- Found PythonInterp: /usr/bin/python3 (found suitable version "3.10.14", minimum required is "3.5") 
[0.980s] -- Found PythonLibs: /usr/lib/x86_64-linux-gnu/libpython3.10.so (found suitable version "3.10.14", minimum required is "3.5") 
[0.980s] -- Using PYTHON_EXECUTABLE: /usr/bin/python3
[0.980s] -- Using PYTHON_INCLUDE_DIRS: /usr/include/python3.10
[0.980s] -- Using PYTHON_LIBRARIES: /usr/lib/x86_64-linux-gnu/libpython3.10.so
[0.999s] -- Found PythonExtra: .so  
[1.231s] -- Using numpy include directory: /usr/local/lib/python3.10/dist-packages/numpy/core/include
[1.724s] -- Added test 'copyright' to check source files copyright and LICENSE
[1.737s] -- Added test 'flake8' to check Python code syntax and style conventions
[1.739s] -- Added test 'lint_cmake' to check CMake code style
[1.740s] -- Added test 'pep257' to check Python code against some of the style conventions in PEP 257
[1.747s] -- Added test 'xmllint' to check XML markup files
[1.754s] -- Configuring done
[1.799s] -- Generating done
[1.801s] -- Build files have been written to: /workspace/foxy_ws/build/rosidl_generator_py
[1.807s] Invoked command in '/workspace/foxy_ws/build/rosidl_generator_py' returned '0': AMENT_PREFIX_PATH=/workspace/foxy_ws/install CMAKE_PREFIX_PATH=/workspace/foxy_ws/install LD_LIBRARY_PATH=/workspace/foxy_ws/install/lib PATH=/workspace/foxy_ws/install/bin:${PATH} PKG_CONFIG_PATH=/workspace/foxy_ws/install/lib/x86_64-linux-gnu/pkgconfig:/workspace/foxy_ws/install/lib/pkgconfig PYTHONPATH=/workspace/foxy_ws/install/lib/python3.10/site-packages /usr/bin/cmake /workspace/foxy_ws/src/rosidl_generator_py -DCMAKE_INSTALL_PREFIX=/workspace/foxy_ws/install
[1.808s] Invoking command in '/workspace/foxy_ws/build/rosidl_generator_py': AMENT_PREFIX_PATH=/workspace/foxy_ws/install CMAKE_PREFIX_PATH=/workspace/foxy_ws/install LD_LIBRARY_PATH=/workspace/foxy_ws/install/lib PATH=/workspace/foxy_ws/install/bin:${PATH} PKG_CONFIG_PATH=/workspace/foxy_ws/install/lib/x86_64-linux-gnu/pkgconfig:/workspace/foxy_ws/install/lib/pkgconfig PYTHONPATH=/workspace/foxy_ws/install/lib/python3.10/site-packages /usr/bin/cmake --build /workspace/foxy_ws/build/rosidl_generator_py -- -j12 -l12
[1.846s] [  1%] Generating C code for ROS interfaces
[1.847s] Scanning dependencies of target rosidl_generator_py_custom__cpp
[1.854s] [  2%] Generating C++ code for ROS interfaces
[4.059s] [  2%] Built target rosidl_generator_py_custom__cpp
[4.069s] [  3%] Generating C++ type support for eProsima Fast-RTPS
[4.087s] Scanning dependencies of target rosidl_generator_py_custom__rosidl_generator_c
[4.099s] [  7%] Building C object CMakeFiles/rosidl_generator_py_custom__rosidl_generator_c.dir/rosidl_generator_c/rosidl_generator_py/msg/detail/constants__functions.c.o
[4.099s] [  7%] Building C object CMakeFiles/rosidl_generator_py_custom__rosidl_generator_c.dir/rosidl_generator_c/rosidl_generator_py/msg/detail/empty__functions.c.o
[4.099s] [  7%] Building C object CMakeFiles/rosidl_generator_py_custom__rosidl_generator_c.dir/rosidl_generator_c/rosidl_generator_py/msg/detail/defaults__functions.c.o
[4.099s] [  7%] Building C object CMakeFiles/rosidl_generator_py_custom__rosidl_generator_c.dir/rosidl_generator_c/rosidl_generator_py/msg/detail/basic_types__functions.c.o
[4.099s] [  9%] Building C object CMakeFiles/rosidl_generator_py_custom__rosidl_generator_c.dir/rosidl_generator_c/rosidl_generator_py/msg/detail/builtin_type_sequences_idl__functions.c.o
[4.099s] [  9%] Building C object CMakeFiles/rosidl_generator_py_custom__rosidl_generator_c.dir/rosidl_generator_c/rosidl_generator_py/msg/detail/bounded_sequences__functions.c.o
[4.099s] [ 10%] Building C object CMakeFiles/rosidl_generator_py_custom__rosidl_generator_c.dir/rosidl_generator_c/rosidl_generator_py/msg/detail/arrays__functions.c.o
[4.108s] [ 12%] Building C object CMakeFiles/rosidl_generator_py_custom__rosidl_generator_c.dir/rosidl_generator_c/rosidl_generator_py/msg/detail/multi_nested__functions.c.o
[4.109s] [ 12%] Building C object CMakeFiles/rosidl_generator_py_custom__rosidl_generator_c.dir/rosidl_generator_c/rosidl_generator_py/msg/detail/nested__functions.c.o
[4.153s] [ 13%] Building C object CMakeFiles/rosidl_generator_py_custom__rosidl_generator_c.dir/rosidl_generator_c/rosidl_generator_py/msg/detail/strings__functions.c.o
[4.156s] [ 14%] Building C object CMakeFiles/rosidl_generator_py_custom__rosidl_generator_c.dir/rosidl_generator_c/rosidl_generator_py/msg/detail/unbounded_sequences__functions.c.o
[4.163s] [ 15%] Building C object CMakeFiles/rosidl_generator_py_custom__rosidl_generator_c.dir/rosidl_generator_c/rosidl_generator_py/msg/detail/string_arrays__functions.c.o
[4.166s] [ 16%] Building C object CMakeFiles/rosidl_generator_py_custom__rosidl_generator_c.dir/rosidl_generator_c/rosidl_generator_py/msg/detail/w_strings__functions.c.o
[4.224s] [ 17%] Linking C shared library librosidl_generator_py_custom__rosidl_generator_c.so
[4.255s] [ 17%] Built target rosidl_generator_py_custom__rosidl_generator_c
[4.262s] [ 18%] Generating C introspection for ROS interfaces
[4.262s] [ 19%] Generating C type support dispatch for ROS interfaces
[6.069s] Scanning dependencies of target rosidl_generator_py_custom__rosidl_typesupport_c
[6.081s] [ 21%] Building CXX object CMakeFiles/rosidl_generator_py_custom__rosidl_typesupport_c.dir/rosidl_typesupport_c/rosidl_generator_py/msg/bounded_sequences__type_support.cpp.o
[6.081s] [ 21%] Building CXX object CMakeFiles/rosidl_generator_py_custom__rosidl_typesupport_c.dir/rosidl_typesupport_c/rosidl_generator_py/msg/arrays__type_support.cpp.o
[6.081s] [ 22%] Building CXX object CMakeFiles/rosidl_generator_py_custom__rosidl_typesupport_c.dir/rosidl_typesupport_c/rosidl_generator_py/msg/builtin_type_sequences_idl__type_support.cpp.o
[6.082s] [ 23%] Building CXX object CMakeFiles/rosidl_generator_py_custom__rosidl_typesupport_c.dir/rosidl_typesupport_c/rosidl_generator_py/msg/constants__type_support.cpp.o
[6.088s] [ 24%] Building CXX object CMakeFiles/rosidl_generator_py_custom__rosidl_typesupport_c.dir/rosidl_typesupport_c/rosidl_generator_py/msg/defaults__type_support.cpp.o
[6.090s] [ 25%] Building CXX object CMakeFiles/rosidl_generator_py_custom__rosidl_typesupport_c.dir/rosidl_typesupport_c/rosidl_generator_py/msg/empty__type_support.cpp.o
[6.099s] [ 26%] Building CXX object CMakeFiles/rosidl_generator_py_custom__rosidl_typesupport_c.dir/rosidl_typesupport_c/rosidl_generator_py/msg/basic_types__type_support.cpp.o
[6.124s] [ 27%] Building CXX object CMakeFiles/rosidl_generator_py_custom__rosidl_typesupport_c.dir/rosidl_typesupport_c/rosidl_generator_py/msg/nested__type_support.cpp.o
[6.131s] [ 29%] Building CXX object CMakeFiles/rosidl_generator_py_custom__rosidl_typesupport_c.dir/rosidl_typesupport_c/rosidl_generator_py/msg/multi_nested__type_support.cpp.o
[6.131s] [ 29%] Building CXX object CMakeFiles/rosidl_generator_py_custom__rosidl_typesupport_c.dir/rosidl_typesupport_c/rosidl_generator_py/msg/unbounded_sequences__type_support.cpp.o
[6.136s] [ 30%] Building CXX object CMakeFiles/rosidl_generator_py_custom__rosidl_typesupport_c.dir/rosidl_typesupport_c/rosidl_generator_py/msg/w_strings__type_support.cpp.o
[6.136s] [ 31%] Building CXX object CMakeFiles/rosidl_generator_py_custom__rosidl_typesupport_c.dir/rosidl_typesupport_c/rosidl_generator_py/msg/strings__type_support.cpp.o
[6.141s] [ 32%] Building CXX object CMakeFiles/rosidl_generator_py_custom__rosidl_typesupport_c.dir/rosidl_typesupport_c/rosidl_generator_py/msg/string_arrays__type_support.cpp.o
[6.176s] [ 34%] Linking CXX shared library librosidl_generator_py_custom__rosidl_typesupport_c.so
[6.221s] [ 34%] Built target rosidl_generator_py_custom__rosidl_typesupport_c
[6.235s] Scanning dependencies of target rosidl_generator_py_custom__rosidl_typesupport_fastrtps_cpp
[6.248s] [ 39%] Building CXX object CMakeFiles/rosidl_generator_py_custom__rosidl_typesupport_fastrtps_cpp.dir/rosidl_typesupport_fastrtps_cpp/rosidl_generator_py/msg/detail/dds_fastrtps/arrays__type_support.cpp.o
[6.248s] [ 39%] Building CXX object CMakeFiles/rosidl_generator_py_custom__rosidl_typesupport_fastrtps_cpp.dir/rosidl_typesupport_fastrtps_cpp/rosidl_generator_py/msg/detail/dds_fastrtps/constants__type_support.cpp.o
[6.248s] [ 39%] Building CXX object CMakeFiles/rosidl_generator_py_custom__rosidl_typesupport_fastrtps_cpp.dir/rosidl_typesupport_fastrtps_cpp/rosidl_generator_py/msg/detail/dds_fastrtps/basic_types__type_support.cpp.o
[6.248s] [ 39%] Building CXX object CMakeFiles/rosidl_generator_py_custom__rosidl_typesupport_fastrtps_cpp.dir/rosidl_typesupport_fastrtps_cpp/rosidl_generator_py/msg/detail/dds_fastrtps/bounded_sequences__type_support.cpp.o
[6.248s] [ 39%] Building CXX object CMakeFiles/rosidl_generator_py_custom__rosidl_typesupport_fastrtps_cpp.dir/rosidl_typesupport_fastrtps_cpp/rosidl_generator_py/msg/detail/dds_fastrtps/builtin_type_sequences_idl__type_support.cpp.o
[6.249s] [ 40%] Building CXX object CMakeFiles/rosidl_generator_py_custom__rosidl_typesupport_fastrtps_cpp.dir/rosidl_typesupport_fastrtps_cpp/rosidl_generator_py/msg/detail/dds_fastrtps/defaults__type_support.cpp.o
[6.251s] [ 41%] Building CXX object CMakeFiles/rosidl_generator_py_custom__rosidl_typesupport_fastrtps_cpp.dir/rosidl_typesupport_fastrtps_cpp/rosidl_generator_py/msg/detail/dds_fastrtps/empty__type_support.cpp.o
[6.259s] [ 42%] Building CXX object CMakeFiles/rosidl_generator_py_custom__rosidl_typesupport_fastrtps_cpp.dir/rosidl_typesupport_fastrtps_cpp/rosidl_generator_py/msg/detail/dds_fastrtps/nested__type_support.cpp.o
[6.261s] [ 43%] Building CXX object CMakeFiles/rosidl_generator_py_custom__rosidl_typesupport_fastrtps_cpp.dir/rosidl_typesupport_fastrtps_cpp/rosidl_generator_py/msg/detail/dds_fastrtps/strings__type_support.cpp.o
[6.267s] [ 44%] Building CXX object CMakeFiles/rosidl_generator_py_custom__rosidl_typesupport_fastrtps_cpp.dir/rosidl_typesupport_fastrtps_cpp/rosidl_generator_py/msg/detail/dds_fastrtps/multi_nested__type_support.cpp.o
[6.282s] [ 45%] Building CXX object CMakeFiles/rosidl_generator_py_custom__rosidl_typesupport_fastrtps_cpp.dir/rosidl_typesupport_fastrtps_cpp/rosidl_generator_py/msg/detail/dds_fastrtps/unbounded_sequences__type_support.cpp.o
[6.790s] [ 46%] Building CXX object CMakeFiles/rosidl_generator_py_custom__rosidl_typesupport_fastrtps_cpp.dir/rosidl_typesupport_fastrtps_cpp/rosidl_generator_py/msg/detail/dds_fastrtps/w_strings__type_support.cpp.o
[6.868s] [ 47%] Building CXX object CMakeFiles/rosidl_generator_py_custom__rosidl_typesupport_fastrtps_cpp.dir/rosidl_typesupport_fastrtps_cpp/rosidl_generator_py/msg/detail/dds_fastrtps/string_arrays__type_support.cpp.o
[6.920s] Scanning dependencies of target rosidl_generator_py_custom__rosidl_typesupport_introspection_c
[6.938s] [ 48%] Building C object CMakeFiles/rosidl_generator_py_custom__rosidl_typesupport_introspection_c.dir/rosidl_typesupport_introspection_c/rosidl_generator_py/msg/detail/builtin_type_sequences_idl__type_support.c.o
[6.948s] [ 49%] Building C object CMakeFiles/rosidl_generator_py_custom__rosidl_typesupport_introspection_c.dir/rosidl_typesupport_introspection_c/rosidl_generator_py/msg/detail/arrays__type_support.c.o
[6.957s] [ 50%] Building C object CMakeFiles/rosidl_generator_py_custom__rosidl_typesupport_introspection_c.dir/rosidl_typesupport_introspection_c/rosidl_generator_py/msg/detail/bounded_sequences__type_support.c.o
[6.957s] [ 51%] Building C object CMakeFiles/rosidl_generator_py_custom__rosidl_typesupport_introspection_c.dir/rosidl_typesupport_introspection_c/rosidl_generator_py/msg/detail/basic_types__type_support.c.o
[6.987s] [ 52%] Building C object CMakeFiles/rosidl_generator_py_custom__rosidl_typesupport_introspection_c.dir/rosidl_typesupport_introspection_c/rosidl_generator_py/msg/detail/constants__type_support.c.o
[6.997s] [ 53%] Building C object CMakeFiles/rosidl_generator_py_custom__rosidl_typesupport_introspection_c.dir/rosidl_typesupport_introspection_c/rosidl_generator_py/msg/detail/defaults__type_support.c.o
[7.006s] [ 54%] Building C object CMakeFiles/rosidl_generator_py_custom__rosidl_typesupport_introspection_c.dir/rosidl_typesupport_introspection_c/rosidl_generator_py/msg/detail/empty__type_support.c.o
[7.020s] [ 55%] Building C object CMakeFiles/rosidl_generator_py_custom__rosidl_typesupport_introspection_c.dir/rosidl_typesupport_introspection_c/rosidl_generator_py/msg/detail/nested__type_support.c.o
[7.027s] [ 56%] Building C object CMakeFiles/rosidl_generator_py_custom__rosidl_typesupport_introspection_c.dir/rosidl_typesupport_introspection_c/rosidl_generator_py/msg/detail/multi_nested__type_support.c.o
[7.037s] [ 57%] Building C object CMakeFiles/rosidl_generator_py_custom__rosidl_typesupport_introspection_c.dir/rosidl_typesupport_introspection_c/rosidl_generator_py/msg/detail/strings__type_support.c.o
[7.048s] [ 58%] Building C object CMakeFiles/rosidl_generator_py_custom__rosidl_typesupport_introspection_c.dir/rosidl_typesupport_introspection_c/rosidl_generator_py/msg/detail/unbounded_sequences__type_support.c.o
[7.063s] [ 59%] Building C object CMakeFiles/rosidl_generator_py_custom__rosidl_typesupport_introspection_c.dir/rosidl_typesupport_introspection_c/rosidl_generator_py/msg/detail/w_strings__type_support.c.o
[7.064s] [ 60%] Building C object CMakeFiles/rosidl_generator_py_custom__rosidl_typesupport_introspection_c.dir/rosidl_typesupport_introspection_c/rosidl_generator_py/msg/detail/string_arrays__type_support.c.o
[7.114s] [ 61%] Linking C shared library librosidl_generator_py_custom__rosidl_typesupport_introspection_c.so
[7.145s] [ 61%] Built target rosidl_generator_py_custom__rosidl_typesupport_introspection_c
[8.007s] [ 62%] Linking CXX shared library librosidl_generator_py_custom__rosidl_typesupport_fastrtps_cpp.so
[8.125s] [ 62%] Built target rosidl_generator_py_custom__rosidl_typesupport_fastrtps_cpp
[8.133s] [ 63%] Generating C type support for eProsima Fast-RTPS
[10.129s] Scanning dependencies of target rosidl_generator_py_custom__rosidl_typesupport_fastrtps_c
[10.141s] [ 65%] Building CXX object CMakeFiles/rosidl_generator_py_custom__rosidl_typesupport_fastrtps_c.dir/rosidl_typesupport_fastrtps_c/rosidl_generator_py/msg/detail/builtin_type_sequences_idl__type_support_c.cpp.o
[10.141s] [ 65%] Building CXX object CMakeFiles/rosidl_generator_py_custom__rosidl_typesupport_fastrtps_c.dir/rosidl_typesupport_fastrtps_c/rosidl_generator_py/msg/detail/bounded_sequences__type_support_c.cpp.o
[10.141s] [ 68%] Building CXX object CMakeFiles/rosidl_generator_py_custom__rosidl_typesupport_fastrtps_c.dir/rosidl_typesupport_fastrtps_c/rosidl_generator_py/msg/detail/basic_types__type_support_c.cpp.o
[10.141s] [ 68%] Building CXX object CMakeFiles/rosidl_generator_py_custom__rosidl_typesupport_fastrtps_c.dir/rosidl_typesupport_fastrtps_c/rosidl_generator_py/msg/detail/constants__type_support_c.cpp.o
[10.142s] [ 69%] Building CXX object CMakeFiles/rosidl_generator_py_custom__rosidl_typesupport_fastrtps_c.dir/rosidl_typesupport_fastrtps_c/rosidl_generator_py/msg/detail/defaults__type_support_c.cpp.o
[10.142s] [ 70%] Building CXX object CMakeFiles/rosidl_generator_py_custom__rosidl_typesupport_fastrtps_c.dir/rosidl_typesupport_fastrtps_c/rosidl_generator_py/msg/detail/arrays__type_support_c.cpp.o
[10.142s] [ 71%] Building CXX object CMakeFiles/rosidl_generator_py_custom__rosidl_typesupport_fastrtps_c.dir/rosidl_typesupport_fastrtps_c/rosidl_generator_py/msg/detail/multi_nested__type_support_c.cpp.o
[10.142s] [ 72%] Building CXX object CMakeFiles/rosidl_generator_py_custom__rosidl_typesupport_fastrtps_c.dir/rosidl_typesupport_fastrtps_c/rosidl_generator_py/msg/detail/empty__type_support_c.cpp.o
[10.142s] [ 73%] Building CXX object CMakeFiles/rosidl_generator_py_custom__rosidl_typesupport_fastrtps_c.dir/rosidl_typesupport_fastrtps_c/rosidl_generator_py/msg/detail/nested__type_support_c.cpp.o
[10.143s] [ 74%] Building CXX object CMakeFiles/rosidl_generator_py_custom__rosidl_typesupport_fastrtps_c.dir/rosidl_typesupport_fastrtps_c/rosidl_generator_py/msg/detail/unbounded_sequences__type_support_c.cpp.o
[10.149s] [ 75%] Building CXX object CMakeFiles/rosidl_generator_py_custom__rosidl_typesupport_fastrtps_c.dir/rosidl_typesupport_fastrtps_c/rosidl_generator_py/msg/detail/strings__type_support_c.cpp.o
[10.152s] [ 76%] Building CXX object CMakeFiles/rosidl_generator_py_custom__rosidl_typesupport_fastrtps_c.dir/rosidl_typesupport_fastrtps_c/rosidl_generator_py/msg/detail/w_strings__type_support_c.cpp.o
[10.591s] [ 77%] Building CXX object CMakeFiles/rosidl_generator_py_custom__rosidl_typesupport_fastrtps_c.dir/rosidl_typesupport_fastrtps_c/rosidl_generator_py/msg/detail/string_arrays__type_support_c.cpp.o
[10.884s] [ 78%] Linking CXX shared library librosidl_generator_py_custom__rosidl_typesupport_fastrtps_c.so
[10.947s] [ 78%] Built target rosidl_generator_py_custom__rosidl_typesupport_fastrtps_c
[10.954s] Scanning dependencies of target rosidl_generator_py_custom
[10.961s] [ 78%] Built target rosidl_generator_py_custom
[10.970s] Scanning dependencies of target rosidl_generator_py_custom__py
[10.977s] [ 79%] Generating Python code for ROS interfaces
[15.173s] [ 79%] Built target rosidl_generator_py_custom__py
[15.220s] Scanning dependencies of target rosidl_generator_py_custom__python
[15.236s] [ 82%] Building C object CMakeFiles/rosidl_generator_py_custom__python.dir/rosidl_generator_py/rosidl_generator_py/msg/_basic_types_s.c.o
[15.236s] [ 82%] Building C object CMakeFiles/rosidl_generator_py_custom__python.dir/rosidl_generator_py/rosidl_generator_py/msg/_empty_s.c.o
[15.236s] [ 84%] Building C object CMakeFiles/rosidl_generator_py_custom__python.dir/rosidl_generator_py/rosidl_generator_py/msg/_arrays_s.c.o
[15.236s] [ 84%] Building C object CMakeFiles/rosidl_generator_py_custom__python.dir/rosidl_generator_py/rosidl_generator_py/msg/_builtin_type_sequences_idl_s.c.o
[15.236s] [ 84%] Building C object CMakeFiles/rosidl_generator_py_custom__python.dir/rosidl_generator_py/rosidl_generator_py/msg/_constants_s.c.o
[15.236s] [ 85%] Building C object CMakeFiles/rosidl_generator_py_custom__python.dir/rosidl_generator_py/rosidl_generator_py/msg/_nested_s.c.o
[15.236s] [ 87%] Building C object CMakeFiles/rosidl_generator_py_custom__python.dir/rosidl_generator_py/rosidl_generator_py/msg/_defaults_s.c.o
[15.236s] [ 87%] Building C object CMakeFiles/rosidl_generator_py_custom__python.dir/rosidl_generator_py/rosidl_generator_py/msg/_multi_nested_s.c.o
[15.237s] [ 89%] Building C object CMakeFiles/rosidl_generator_py_custom__python.dir/rosidl_generator_py/rosidl_generator_py/msg/_unbounded_sequences_s.c.o
[15.237s] [ 89%] Building C object CMakeFiles/rosidl_generator_py_custom__python.dir/rosidl_generator_py/rosidl_generator_py/msg/_strings_s.c.o
[15.237s] [ 90%] Building C object CMakeFiles/rosidl_generator_py_custom__python.dir/rosidl_generator_py/rosidl_generator_py/msg/_bounded_sequences_s.c.o
[15.247s] [ 91%] Building C object CMakeFiles/rosidl_generator_py_custom__python.dir/rosidl_generator_py/rosidl_generator_py/msg/_w_strings_s.c.o
[15.374s] [ 92%] Building C object CMakeFiles/rosidl_generator_py_custom__python.dir/rosidl_generator_py/rosidl_generator_py/msg/_string_arrays_s.c.o
[15.538s] [ 93%] Linking C shared library rosidl_generator_py/rosidl_generator_py/librosidl_generator_py_custom__python.so
[15.574s] [ 93%] Built target rosidl_generator_py_custom__python
[15.588s] Scanning dependencies of target rosidl_generator_py__rosidl_typesupport_c__pyext
[15.589s] Scanning dependencies of target rosidl_generator_py__rosidl_typesupport_introspection_c__pyext
[15.589s] Scanning dependencies of target rosidl_generator_py__rosidl_typesupport_fastrtps_c__pyext
[15.597s] [ 95%] Building C object CMakeFiles/rosidl_generator_py__rosidl_typesupport_c__pyext.dir/rosidl_generator_py/rosidl_generator_py/_rosidl_generator_py_s.ep.rosidl_typesupport_c.c.o
[15.597s] [ 95%] Building C object CMakeFiles/rosidl_generator_py__rosidl_typesupport_introspection_c__pyext.dir/rosidl_generator_py/rosidl_generator_py/_rosidl_generator_py_s.ep.rosidl_typesupport_introspection_c.c.o
[15.599s] [ 96%] Building C object CMakeFiles/rosidl_generator_py__rosidl_typesupport_fastrtps_c__pyext.dir/rosidl_generator_py/rosidl_generator_py/_rosidl_generator_py_s.ep.rosidl_typesupport_fastrtps_c.c.o
[15.689s] [ 98%] Linking C shared library rosidl_generator_py/rosidl_generator_py/rosidl_generator_py_s__rosidl_typesupport_introspection_c.cpython-310-x86_64-linux-gnu.so
[15.689s] [ 98%] Linking C shared library rosidl_generator_py/rosidl_generator_py/rosidl_generator_py_s__rosidl_typesupport_c.cpython-310-x86_64-linux-gnu.so
[15.692s] [100%] Linking CXX shared library rosidl_generator_py/rosidl_generator_py/rosidl_generator_py_s__rosidl_typesupport_fastrtps_c.cpython-310-x86_64-linux-gnu.so
[15.713s] [100%] Built target rosidl_generator_py__rosidl_typesupport_introspection_c__pyext
[15.713s] [100%] Built target rosidl_generator_py__rosidl_typesupport_c__pyext
[15.739s] [100%] Built target rosidl_generator_py__rosidl_typesupport_fastrtps_c__pyext
[15.751s] Invoked command in '/workspace/foxy_ws/build/rosidl_generator_py' returned '0': AMENT_PREFIX_PATH=/workspace/foxy_ws/install CMAKE_PREFIX_PATH=/workspace/foxy_ws/install LD_LIBRARY_PATH=/workspace/foxy_ws/install/lib PATH=/workspace/foxy_ws/install/bin:${PATH} PKG_CONFIG_PATH=/workspace/foxy_ws/install/lib/x86_64-linux-gnu/pkgconfig:/workspace/foxy_ws/install/lib/pkgconfig PYTHONPATH=/workspace/foxy_ws/install/lib/python3.10/site-packages /usr/bin/cmake --build /workspace/foxy_ws/build/rosidl_generator_py -- -j12 -l12
[15.832s] Invoking command in '/workspace/foxy_ws/build/rosidl_generator_py': AMENT_PREFIX_PATH=/workspace/foxy_ws/install CMAKE_PREFIX_PATH=/workspace/foxy_ws/install LD_LIBRARY_PATH=/workspace/foxy_ws/install/lib PATH=/workspace/foxy_ws/install/bin:${PATH} PKG_CONFIG_PATH=/workspace/foxy_ws/install/lib/x86_64-linux-gnu/pkgconfig:/workspace/foxy_ws/install/lib/pkgconfig PYTHONPATH=/workspace/foxy_ws/install/lib/python3.10/site-packages /usr/bin/cmake --install /workspace/foxy_ws/build/rosidl_generator_py
[15.839s] -- Install configuration: ""
[15.839s] -- Installing: /workspace/foxy_ws/install/share/ament_index/resource_index/rosidl_generator_packages/rosidl_generator_py
[15.839s] -- Installing: /workspace/foxy_ws/install/share/rosidl_generator_py/environment/pythonpath.sh
[15.840s] -- Installing: /workspace/foxy_ws/install/share/rosidl_generator_py/environment/pythonpath.dsv
[15.840s] -- Installing: /workspace/foxy_ws/install/lib/python3.10/site-packages/rosidl_generator_py
[15.840s] -- Installing: /workspace/foxy_ws/install/lib/python3.10/site-packages/rosidl_generator_py/import_type_support_impl.py
[15.840s] -- Installing: /workspace/foxy_ws/install/lib/python3.10/site-packages/rosidl_generator_py/generate_py_impl.py
[15.840s] -- Installing: /workspace/foxy_ws/install/lib/python3.10/site-packages/rosidl_generator_py/__init__.py
[15.867s] Listing '/workspace/foxy_ws/install/lib/python3.10/site-packages/rosidl_generator_py'...
[15.867s] Compiling '/workspace/foxy_ws/install/lib/python3.10/site-packages/rosidl_generator_py/__init__.py'...
[15.867s] Compiling '/workspace/foxy_ws/install/lib/python3.10/site-packages/rosidl_generator_py/generate_py_impl.py'...
[15.867s] Compiling '/workspace/foxy_ws/install/lib/python3.10/site-packages/rosidl_generator_py/import_type_support_impl.py'...
[15.871s] -- Installing: /workspace/foxy_ws/install/share/ament_index/resource_index/package_run_dependencies/rosidl_generator_py
[15.871s] -- Installing: /workspace/foxy_ws/install/share/ament_index/resource_index/parent_prefix_path/rosidl_generator_py
[15.871s] -- Installing: /workspace/foxy_ws/install/share/rosidl_generator_py/environment/ament_prefix_path.sh
[15.871s] -- Installing: /workspace/foxy_ws/install/share/rosidl_generator_py/environment/ament_prefix_path.dsv
[15.871s] -- Installing: /workspace/foxy_ws/install/share/rosidl_generator_py/environment/path.sh
[15.871s] -- Installing: /workspace/foxy_ws/install/share/rosidl_generator_py/environment/path.dsv
[15.872s] -- Installing: /workspace/foxy_ws/install/share/rosidl_generator_py/local_setup.bash
[15.872s] -- Installing: /workspace/foxy_ws/install/share/rosidl_generator_py/local_setup.sh
[15.872s] -- Installing: /workspace/foxy_ws/install/share/rosidl_generator_py/local_setup.zsh
[15.872s] -- Installing: /workspace/foxy_ws/install/share/rosidl_generator_py/local_setup.dsv
[15.872s] -- Installing: /workspace/foxy_ws/install/share/rosidl_generator_py/package.dsv
[15.872s] -- Installing: /workspace/foxy_ws/install/share/ament_index/resource_index/packages/rosidl_generator_py
[15.873s] -- Installing: /workspace/foxy_ws/install/share/rosidl_generator_py/cmake/rosidl_generator_py_get_typesupports.cmake
[15.873s] -- Installing: /workspace/foxy_ws/install/share/rosidl_generator_py/cmake/register_py.cmake
[15.873s] -- Installing: /workspace/foxy_ws/install/share/rosidl_generator_py/cmake/rosidl_generator_py-extras.cmake
[15.873s] -- Installing: /workspace/foxy_ws/install/share/rosidl_generator_py/cmake/ament_cmake_export_dependencies-extras.cmake
[15.873s] -- Installing: /workspace/foxy_ws/install/share/rosidl_generator_py/cmake/rosidl_cmake-extras.cmake
[15.873s] -- Installing: /workspace/foxy_ws/install/share/rosidl_generator_py/cmake/rosidl_generator_pyConfig.cmake
[15.873s] -- Installing: /workspace/foxy_ws/install/share/rosidl_generator_py/cmake/rosidl_generator_pyConfig-version.cmake
[15.874s] -- Installing: /workspace/foxy_ws/install/share/rosidl_generator_py/package.xml
[15.874s] -- Installing: /workspace/foxy_ws/install/lib/rosidl_generator_py/rosidl_generator_py
[15.874s] -- Up-to-date: /workspace/foxy_ws/install/share/rosidl_generator_py/cmake
[15.874s] -- Installing: /workspace/foxy_ws/install/share/rosidl_generator_py/cmake/custom_command.cmake
[15.874s] -- Up-to-date: /workspace/foxy_ws/install/share/rosidl_generator_py/cmake/register_py.cmake
[15.874s] -- Installing: /workspace/foxy_ws/install/share/rosidl_generator_py/cmake/rosidl_generator_py_generate_interfaces.cmake
[15.874s] -- Up-to-date: /workspace/foxy_ws/install/share/rosidl_generator_py/cmake/rosidl_generator_py_get_typesupports.cmake
[15.874s] -- Installing: /workspace/foxy_ws/install/share/rosidl_generator_py/resource
[15.874s] -- Installing: /workspace/foxy_ws/install/share/rosidl_generator_py/resource/_idl_pkg_typesupport_entry_point.c.em
[15.875s] -- Installing: /workspace/foxy_ws/install/share/rosidl_generator_py/resource/_msg_support.c.em
[15.875s] -- Installing: /workspace/foxy_ws/install/share/rosidl_generator_py/resource/_msg_pkg_typesupport_entry_point.c.em
[15.875s] -- Installing: /workspace/foxy_ws/install/share/rosidl_generator_py/resource/_idl_support.c.em
[15.875s] -- Installing: /workspace/foxy_ws/install/share/rosidl_generator_py/resource/_idl.py.em
[15.875s] -- Installing: /workspace/foxy_ws/install/share/rosidl_generator_py/resource/_action.py.em
[15.878s] -- Installing: /workspace/foxy_ws/install/share/rosidl_generator_py/resource/_srv.py.em
[15.878s] -- Installing: /workspace/foxy_ws/install/share/rosidl_generator_py/resource/_msg.py.em
[15.878s] -- Installing: /workspace/foxy_ws/install/share/rosidl_generator_py/resource/_srv_pkg_typesupport_entry_point.c.em
[15.878s] -- Installing: /workspace/foxy_ws/install/share/rosidl_generator_py/resource/_action_pkg_typesupport_entry_point.c.em
[15.881s] Invoked command in '/workspace/foxy_ws/build/rosidl_generator_py' returned '0': AMENT_PREFIX_PATH=/workspace/foxy_ws/install CMAKE_PREFIX_PATH=/workspace/foxy_ws/install LD_LIBRARY_PATH=/workspace/foxy_ws/install/lib PATH=/workspace/foxy_ws/install/bin:${PATH} PKG_CONFIG_PATH=/workspace/foxy_ws/install/lib/x86_64-linux-gnu/pkgconfig:/workspace/foxy_ws/install/lib/pkgconfig PYTHONPATH=/workspace/foxy_ws/install/lib/python3.10/site-packages /usr/bin/cmake --install /workspace/foxy_ws/build/rosidl_generator_py
