[0.086s] Invoking command in '/workspace/foxy_ws/build/rosidl_typesupport_cpp': AMENT_PREFIX_PATH=/workspace/foxy_ws/install CMAKE_PREFIX_PATH=/workspace/foxy_ws/install LD_LIBRARY_PATH=/workspace/foxy_ws/install/lib PATH=/workspace/foxy_ws/install/bin:${PATH} PKG_CONFIG_PATH=/workspace/foxy_ws/install/lib/x86_64-linux-gnu/pkgconfig:/workspace/foxy_ws/install/lib/pkgconfig PYTHONPATH=/workspace/foxy_ws/install/lib/python3.10/site-packages /usr/bin/cmake /workspace/foxy_ws/src/rosidl_typesupport/rosidl_typesupport_cpp -DCMAKE_INSTALL_PREFIX=/workspace/foxy_ws/install
[0.127s] -- The C compiler identification is GNU 9.4.0
[0.166s] -- The CXX compiler identification is GNU 9.4.0
[0.169s] -- Check for working C compiler: /usr/bin/cc
[0.219s] -- Check for working C compiler: /usr/bin/cc -- works
[0.220s] -- Detecting C compiler ABI info
[0.273s] -- Detecting C compiler ABI info - done
[0.285s] -- Detecting C compile features
[0.285s] -- Detecting C compile features - done
[0.288s] -- Check for working CXX compiler: /usr/bin/c++
[0.346s] -- Check for working CXX compiler: /usr/bin/c++ -- works
[0.347s] -- Detecting CXX compiler ABI info
[0.404s] -- Detecting CXX compiler ABI info - done
[0.414s] -- Detecting CXX compile features
[0.415s] -- Detecting CXX compile features - done
[0.416s] -- Found ament_cmake_ros: 0.9.2 (/workspace/foxy_ws/install/share/ament_cmake_ros/cmake)
[0.433s] -- Found PythonInterp: /usr/bin/python3 (found suitable version "3.10.14", minimum required is "3") 
[0.433s] -- Using PYTHON_EXECUTABLE: /usr/bin/python3
[0.567s] -- Found rcpputils: 1.3.2 (/workspace/foxy_ws/install/share/rcpputils/cmake)
[0.574s] -- Found rosidl_runtime_c: 1.3.1 (/workspace/foxy_ws/install/share/rosidl_runtime_c/cmake)
[0.578s] -- Found rosidl_typesupport_c: 1.0.3 (/workspace/foxy_ws/install/share/rosidl_typesupport_c/cmake)
[0.578s] -- Using all available rosidl_typesupport_c: rosidl_typesupport_fastrtps_c;rosidl_typesupport_introspection_c
[0.581s] -- Found rosidl_adapter: 1.3.1 (/workspace/foxy_ws/install/share/rosidl_adapter/cmake)
[0.592s] -- Found OpenSSL: /usr/lib/x86_64-linux-gnu/libcrypto.so (found version "1.1.1f")  
[0.602s] -- Found FastRTPS: /workspace/foxy_ws/install/include  
[0.657s] <string>:1: DeprecationWarning: The distutils package is deprecated and slated for removal in Python 3.12. Use setuptools or check PEP 632 for potential alternatives
[0.659s] <string>:1: DeprecationWarning: The distutils.sysconfig module is deprecated, use sysconfig instead
[0.665s] -- Found ament_lint_auto: 0.9.8 (/workspace/foxy_ws/install/share/ament_lint_auto/cmake)
[0.730s] -- Found gtest sources under '/workspace/foxy_ws/install/src/gtest_vendor': C++ tests using 'Google Test' will be built
[0.732s] -- Looking for pthread.h
[0.788s] -- Looking for pthread.h - found
[0.788s] -- Performing Test CMAKE_HAVE_LIBC_PTHREAD
[0.850s] -- Performing Test CMAKE_HAVE_LIBC_PTHREAD - Failed
[0.850s] -- Check if compiler accepts -pthread
[0.910s] -- Check if compiler accepts -pthread - yes
[0.911s] -- Found Threads: TRUE  
[0.915s] -- Performance tests are disabled by default, so Google Benchmark tests will be skipped. To enable these tests, set the CMake variable 'AMENT_RUN_PERFORMANCE_TESTS'.
[0.920s] -- Added test 'copyright' to check source files copyright and LICENSE
[0.924s] -- Added test 'cppcheck' to perform static code analysis on C / C++ code
[0.925s] -- Configured cppcheck include dirs: /workspace/foxy_ws/install/include;$<BUILD_INTERFACE:/workspace/foxy_ws/src/rosidl_typesupport/rosidl_typesupport_cpp/include>;/workspace/foxy_ws/src/rosidl_typesupport/rosidl_typesupport_cpp/include
[0.925s] -- Configured cppcheck exclude dirs and/or files: 
[0.928s] -- Added test 'cpplint' to check C / C++ code against the Google style
[0.929s] -- Configured cpplint exclude dirs and/or files: 
[0.929s] -- Added test 'flake8' to check Python code syntax and style conventions
[0.930s] -- Added test 'lint_cmake' to check CMake code style
[0.931s] -- Added test 'pep257' to check Python code against some of the style conventions in PEP 257
[0.935s] -- Added test 'uncrustify' to check C / C++ code style
[0.935s] -- Configured uncrustify additional arguments: 
[0.936s] -- Added test 'xmllint' to check XML markup files
[0.941s] -- Configuring done
[0.954s] -- Generating done
[0.955s] -- Build files have been written to: /workspace/foxy_ws/build/rosidl_typesupport_cpp
[0.962s] Invoked command in '/workspace/foxy_ws/build/rosidl_typesupport_cpp' returned '0': AMENT_PREFIX_PATH=/workspace/foxy_ws/install CMAKE_PREFIX_PATH=/workspace/foxy_ws/install LD_LIBRARY_PATH=/workspace/foxy_ws/install/lib PATH=/workspace/foxy_ws/install/bin:${PATH} PKG_CONFIG_PATH=/workspace/foxy_ws/install/lib/x86_64-linux-gnu/pkgconfig:/workspace/foxy_ws/install/lib/pkgconfig PYTHONPATH=/workspace/foxy_ws/install/lib/python3.10/site-packages /usr/bin/cmake /workspace/foxy_ws/src/rosidl_typesupport/rosidl_typesupport_cpp -DCMAKE_INSTALL_PREFIX=/workspace/foxy_ws/install
[0.962s] Invoking command in '/workspace/foxy_ws/build/rosidl_typesupport_cpp': AMENT_PREFIX_PATH=/workspace/foxy_ws/install CMAKE_PREFIX_PATH=/workspace/foxy_ws/install LD_LIBRARY_PATH=/workspace/foxy_ws/install/lib PATH=/workspace/foxy_ws/install/bin:${PATH} PKG_CONFIG_PATH=/workspace/foxy_ws/install/lib/x86_64-linux-gnu/pkgconfig:/workspace/foxy_ws/install/lib/pkgconfig PYTHONPATH=/workspace/foxy_ws/install/lib/python3.10/site-packages /usr/bin/cmake --build /workspace/foxy_ws/build/rosidl_typesupport_cpp -- -j12 -l12
[1.001s] Scanning dependencies of target rosidl_typesupport_cpp__test_type_support1
[1.001s] Scanning dependencies of target rosidl_typesupport_cpp__test_type_support2
[1.003s] Scanning dependencies of target gtest_main
[1.004s] Scanning dependencies of target rosidl_typesupport_cpp
[1.005s] Scanning dependencies of target gtest
[1.012s] [  5%] Building CXX object CMakeFiles/rosidl_typesupport_cpp__test_type_support1.dir/test/test_type_support.cpp.o
[1.012s] [ 10%] Building CXX object gtest/CMakeFiles/gtest_main.dir/src/gtest_main.cc.o
[1.012s] [ 15%] Building CXX object CMakeFiles/rosidl_typesupport_cpp__test_type_support2.dir/test/test_type_support.cpp.o
[1.015s] [ 21%] Building CXX object gtest/CMakeFiles/gtest.dir/src/gtest-all.cc.o
[1.015s] [ 26%] Building CXX object CMakeFiles/rosidl_typesupport_cpp.dir/src/message_type_support_dispatch.cpp.o
[1.015s] [ 31%] Building CXX object CMakeFiles/rosidl_typesupport_cpp.dir/src/service_type_support_dispatch.cpp.o
[1.015s] [ 36%] Building CXX object CMakeFiles/rosidl_typesupport_cpp.dir/src/identifier.cpp.o
[1.018s] [ 42%] Building CXX object CMakeFiles/rosidl_typesupport_cpp.dir/src/type_support_dispatch.cpp.o
[1.042s] [ 47%] Linking CXX shared library librosidl_typesupport_cpp__test_type_support2.so
[1.042s] [ 52%] Linking CXX shared library librosidl_typesupport_cpp__test_type_support1.so
[1.156s] [ 52%] Built target rosidl_typesupport_cpp__test_type_support2
[1.160s] [ 52%] Built target rosidl_typesupport_cpp__test_type_support1
[1.342s] [ 57%] Linking CXX shared library librosidl_typesupport_cpp.so
[1.402s] [ 57%] Built target rosidl_typesupport_cpp
[1.413s] Scanning dependencies of target benchmark_type_support_dispatch
[1.422s] [ 63%] Building CXX object CMakeFiles/benchmark_type_support_dispatch.dir/test/benchmark/benchmark_type_support_dispatch.cpp.o
[1.701s] [ 68%] Linking CXX static library libgtest_main.a
[1.728s] [ 68%] Built target gtest_main
[1.984s] [ 73%] Linking CXX executable benchmark_type_support_dispatch
[2.055s] [ 73%] Built target benchmark_type_support_dispatch
[3.524s] [ 78%] Linking CXX static library libgtest.a
[3.572s] [ 78%] Built target gtest
[3.583s] Scanning dependencies of target test_message_type_support
[3.584s] Scanning dependencies of target test_service_type_support
[3.590s] [ 84%] Building CXX object CMakeFiles/test_message_type_support.dir/test/test_message_type_support_dispatch.cpp.o
[3.590s] [ 89%] Building CXX object CMakeFiles/test_service_type_support.dir/test/test_service_type_support_dispatch.cpp.o
[4.360s] [ 94%] Linking CXX executable test_message_type_support
[4.373s] [100%] Linking CXX executable test_service_type_support
[4.459s] [100%] Built target test_message_type_support
[4.470s] [100%] Built target test_service_type_support
[4.478s] Invoked command in '/workspace/foxy_ws/build/rosidl_typesupport_cpp' returned '0': AMENT_PREFIX_PATH=/workspace/foxy_ws/install CMAKE_PREFIX_PATH=/workspace/foxy_ws/install LD_LIBRARY_PATH=/workspace/foxy_ws/install/lib PATH=/workspace/foxy_ws/install/bin:${PATH} PKG_CONFIG_PATH=/workspace/foxy_ws/install/lib/x86_64-linux-gnu/pkgconfig:/workspace/foxy_ws/install/lib/pkgconfig PYTHONPATH=/workspace/foxy_ws/install/lib/python3.10/site-packages /usr/bin/cmake --build /workspace/foxy_ws/build/rosidl_typesupport_cpp -- -j12 -l12
[4.499s] Invoking command in '/workspace/foxy_ws/build/rosidl_typesupport_cpp': AMENT_PREFIX_PATH=/workspace/foxy_ws/install CMAKE_PREFIX_PATH=/workspace/foxy_ws/install LD_LIBRARY_PATH=/workspace/foxy_ws/install/lib PATH=/workspace/foxy_ws/install/bin:${PATH} PKG_CONFIG_PATH=/workspace/foxy_ws/install/lib/x86_64-linux-gnu/pkgconfig:/workspace/foxy_ws/install/lib/pkgconfig PYTHONPATH=/workspace/foxy_ws/install/lib/python3.10/site-packages /usr/bin/cmake --install /workspace/foxy_ws/build/rosidl_typesupport_cpp
[4.505s] -- Install configuration: ""
[4.505s] -- Installing: /workspace/foxy_ws/install/share/rosidl_typesupport_cpp/environment/pythonpath.sh
[4.505s] -- Installing: /workspace/foxy_ws/install/share/rosidl_typesupport_cpp/environment/pythonpath.dsv
[4.506s] -- Installing: /workspace/foxy_ws/install/lib/python3.10/site-packages/rosidl_typesupport_cpp
[4.506s] -- Installing: /workspace/foxy_ws/install/lib/python3.10/site-packages/rosidl_typesupport_cpp/__init__.py
[4.529s] Listing '/workspace/foxy_ws/install/lib/python3.10/site-packages/rosidl_typesupport_cpp'...
[4.529s] Compiling '/workspace/foxy_ws/install/lib/python3.10/site-packages/rosidl_typesupport_cpp/__init__.py'...
[4.532s] -- Installing: /workspace/foxy_ws/install/share/rosidl_typesupport_cpp/environment/library_path.sh
[4.533s] -- Installing: /workspace/foxy_ws/install/share/rosidl_typesupport_cpp/environment/library_path.dsv
[4.533s] -- Installing: /workspace/foxy_ws/install/share/ament_index/resource_index/rosidl_runtime_packages/rosidl_typesupport_cpp
[4.533s] -- Installing: /workspace/foxy_ws/install/share/ament_index/resource_index/package_run_dependencies/rosidl_typesupport_cpp
[4.533s] -- Installing: /workspace/foxy_ws/install/share/ament_index/resource_index/parent_prefix_path/rosidl_typesupport_cpp
[4.533s] -- Installing: /workspace/foxy_ws/install/share/rosidl_typesupport_cpp/environment/ament_prefix_path.sh
[4.533s] -- Installing: /workspace/foxy_ws/install/share/rosidl_typesupport_cpp/environment/ament_prefix_path.dsv
[4.534s] -- Installing: /workspace/foxy_ws/install/share/rosidl_typesupport_cpp/environment/path.sh
[4.534s] -- Installing: /workspace/foxy_ws/install/share/rosidl_typesupport_cpp/environment/path.dsv
[4.534s] -- Installing: /workspace/foxy_ws/install/share/rosidl_typesupport_cpp/local_setup.bash
[4.534s] -- Installing: /workspace/foxy_ws/install/share/rosidl_typesupport_cpp/local_setup.sh
[4.534s] -- Installing: /workspace/foxy_ws/install/share/rosidl_typesupport_cpp/local_setup.zsh
[4.534s] -- Installing: /workspace/foxy_ws/install/share/rosidl_typesupport_cpp/local_setup.dsv
[4.534s] -- Installing: /workspace/foxy_ws/install/share/rosidl_typesupport_cpp/package.dsv
[4.535s] -- Installing: /workspace/foxy_ws/install/share/ament_index/resource_index/packages/rosidl_typesupport_cpp
[4.535s] -- Installing: /workspace/foxy_ws/install/share/rosidl_typesupport_cpp/cmake/rosidl_typesupport_cppExport.cmake
[4.535s] -- Installing: /workspace/foxy_ws/install/share/rosidl_typesupport_cpp/cmake/rosidl_typesupport_cppExport-noconfig.cmake
[4.535s] -- Installing: /workspace/foxy_ws/install/share/rosidl_typesupport_cpp/cmake/rosidl_typesupport_cpp-extras.cmake
[4.535s] -- Installing: /workspace/foxy_ws/install/share/rosidl_typesupport_cpp/cmake/ament_cmake_export_dependencies-extras.cmake
[4.536s] -- Installing: /workspace/foxy_ws/install/share/rosidl_typesupport_cpp/cmake/ament_cmake_export_include_directories-extras.cmake
[4.536s] -- Installing: /workspace/foxy_ws/install/share/rosidl_typesupport_cpp/cmake/ament_cmake_export_libraries-extras.cmake
[4.536s] -- Installing: /workspace/foxy_ws/install/share/rosidl_typesupport_cpp/cmake/ament_cmake_export_targets-extras.cmake
[4.536s] -- Installing: /workspace/foxy_ws/install/share/rosidl_typesupport_cpp/cmake/rosidl_typesupport_cppConfig.cmake
[4.536s] -- Installing: /workspace/foxy_ws/install/share/rosidl_typesupport_cpp/cmake/rosidl_typesupport_cppConfig-version.cmake
[4.536s] -- Installing: /workspace/foxy_ws/install/share/rosidl_typesupport_cpp/package.xml
[4.536s] -- Installing: /workspace/foxy_ws/install/lib/rosidl_typesupport_cpp/rosidl_typesupport_cpp
[4.537s] -- Up-to-date: /workspace/foxy_ws/install/share/rosidl_typesupport_cpp/cmake
[4.537s] -- Installing: /workspace/foxy_ws/install/share/rosidl_typesupport_cpp/cmake/rosidl_typesupport_cpp_generate_interfaces.cmake
[4.537s] -- Installing: /workspace/foxy_ws/install/share/rosidl_typesupport_cpp/resource
[4.537s] -- Installing: /workspace/foxy_ws/install/share/rosidl_typesupport_cpp/resource/idl__type_support.cpp.em
[4.537s] -- Installing: /workspace/foxy_ws/install/share/rosidl_typesupport_cpp/resource/action__type_support.cpp.em
[4.538s] -- Installing: /workspace/foxy_ws/install/share/rosidl_typesupport_cpp/resource/srv__type_support.cpp.em
[4.538s] -- Installing: /workspace/foxy_ws/install/share/rosidl_typesupport_cpp/resource/msg__type_support.cpp.em
[4.538s] -- Up-to-date: /workspace/foxy_ws/install/include
[4.538s] -- Up-to-date: /workspace/foxy_ws/install/include/rosidl_typesupport_cpp
[4.538s] -- Installing: /workspace/foxy_ws/install/include/rosidl_typesupport_cpp/message_type_support_dispatch.hpp
[4.538s] -- Installing: /workspace/foxy_ws/install/include/rosidl_typesupport_cpp/identifier.hpp
[4.539s] -- Installing: /workspace/foxy_ws/install/include/rosidl_typesupport_cpp/service_type_support_dispatch.hpp
[4.539s] -- Installing: /workspace/foxy_ws/install/include/rosidl_typesupport_cpp/visibility_control.h
[4.539s] -- Installing: /workspace/foxy_ws/install/include/rosidl_typesupport_cpp/type_support_map.h
[4.539s] -- Installing: /workspace/foxy_ws/install/lib/librosidl_typesupport_cpp.so
[4.539s] -- Set runtime path of "/workspace/foxy_ws/install/lib/librosidl_typesupport_cpp.so" to ""
[4.541s] Invoked command in '/workspace/foxy_ws/build/rosidl_typesupport_cpp' returned '0': AMENT_PREFIX_PATH=/workspace/foxy_ws/install CMAKE_PREFIX_PATH=/workspace/foxy_ws/install LD_LIBRARY_PATH=/workspace/foxy_ws/install/lib PATH=/workspace/foxy_ws/install/bin:${PATH} PKG_CONFIG_PATH=/workspace/foxy_ws/install/lib/x86_64-linux-gnu/pkgconfig:/workspace/foxy_ws/install/lib/pkgconfig PYTHONPATH=/workspace/foxy_ws/install/lib/python3.10/site-packages /usr/bin/cmake --install /workspace/foxy_ws/build/rosidl_typesupport_cpp
