/workspace/foxy_ws/install/lib/python3.10/site-packages/ros2doctor/__init__.py
/workspace/foxy_ws/install/lib/python3.10/site-packages/ros2doctor/api/topic.py
/workspace/foxy_ws/install/lib/python3.10/site-packages/ros2doctor/api/rmw.py
/workspace/foxy_ws/install/lib/python3.10/site-packages/ros2doctor/api/package.py
/workspace/foxy_ws/install/lib/python3.10/site-packages/ros2doctor/api/format.py
/workspace/foxy_ws/install/lib/python3.10/site-packages/ros2doctor/api/platform.py
/workspace/foxy_ws/install/lib/python3.10/site-packages/ros2doctor/api/__init__.py
/workspace/foxy_ws/install/lib/python3.10/site-packages/ros2doctor/api/network.py
/workspace/foxy_ws/install/lib/python3.10/site-packages/ros2doctor/verb/__init__.py
/workspace/foxy_ws/install/lib/python3.10/site-packages/ros2doctor/verb/hello.py
/workspace/foxy_ws/install/lib/python3.10/site-packages/ros2doctor/command/doctor.py
/workspace/foxy_ws/install/lib/python3.10/site-packages/ros2doctor/command/__init__.py
/workspace/foxy_ws/install/lib/python3.10/site-packages/ros2doctor/__pycache__/__init__.cpython-310.pyc
/workspace/foxy_ws/install/lib/python3.10/site-packages/ros2doctor/api/__pycache__/topic.cpython-310.pyc
/workspace/foxy_ws/install/lib/python3.10/site-packages/ros2doctor/api/__pycache__/rmw.cpython-310.pyc
/workspace/foxy_ws/install/lib/python3.10/site-packages/ros2doctor/api/__pycache__/package.cpython-310.pyc
/workspace/foxy_ws/install/lib/python3.10/site-packages/ros2doctor/api/__pycache__/format.cpython-310.pyc
/workspace/foxy_ws/install/lib/python3.10/site-packages/ros2doctor/api/__pycache__/platform.cpython-310.pyc
/workspace/foxy_ws/install/lib/python3.10/site-packages/ros2doctor/api/__pycache__/__init__.cpython-310.pyc
/workspace/foxy_ws/install/lib/python3.10/site-packages/ros2doctor/api/__pycache__/network.cpython-310.pyc
/workspace/foxy_ws/install/lib/python3.10/site-packages/ros2doctor/verb/__pycache__/__init__.cpython-310.pyc
/workspace/foxy_ws/install/lib/python3.10/site-packages/ros2doctor/verb/__pycache__/hello.cpython-310.pyc
/workspace/foxy_ws/install/lib/python3.10/site-packages/ros2doctor/command/__pycache__/doctor.cpython-310.pyc
/workspace/foxy_ws/install/lib/python3.10/site-packages/ros2doctor/command/__pycache__/__init__.cpython-310.pyc
/workspace/foxy_ws/install/share/ros2doctor/package.xml
/workspace/foxy_ws/install/share/ament_index/resource_index/packages/ros2doctor
/workspace/foxy_ws/install/lib/python3.10/site-packages/ros2doctor-0.9.13-py3.10.egg-info/entry_points.txt
/workspace/foxy_ws/install/lib/python3.10/site-packages/ros2doctor-0.9.13-py3.10.egg-info/dependency_links.txt
/workspace/foxy_ws/install/lib/python3.10/site-packages/ros2doctor-0.9.13-py3.10.egg-info/zip-safe
/workspace/foxy_ws/install/lib/python3.10/site-packages/ros2doctor-0.9.13-py3.10.egg-info/top_level.txt
/workspace/foxy_ws/install/lib/python3.10/site-packages/ros2doctor-0.9.13-py3.10.egg-info/requires.txt
/workspace/foxy_ws/install/lib/python3.10/site-packages/ros2doctor-0.9.13-py3.10.egg-info/SOURCES.txt
/workspace/foxy_ws/install/lib/python3.10/site-packages/ros2doctor-0.9.13-py3.10.egg-info/PKG-INFO
