[0.255s] Invoking command in '/workspace/foxy_ws/build/ament_cmake_export_dependencies': AMENT_PREFIX_PATH=/workspace/foxy_ws/install CMAKE_PREFIX_PATH=/workspace/foxy_ws/install LD_LIBRARY_PATH=/workspace/foxy_ws/install/lib PATH=/workspace/foxy_ws/install/bin:${PATH} PYTHONPATH=/workspace/foxy_ws/install/lib/python3.10/site-packages /usr/bin/cmake /workspace/foxy_ws/src/ament_cmake/ament_cmake_export_dependencies -DCMAKE_INSTALL_PREFIX=/workspace/foxy_ws/install
[0.333s] -- Found ament_cmake_core: 0.9.12 (/workspace/foxy_ws/install/share/ament_cmake_core/cmake)
[0.432s] -- Found PythonInterp: /usr/bin/python3 (found suitable version "3.10.14", minimum required is "3") 
[0.432s] -- Using PYTHON_EXECUTABLE: /usr/bin/python3
[1.072s] -- Configuring done
[1.072s] -- Generating done
[1.073s] -- Build files have been written to: /workspace/foxy_ws/build/ament_cmake_export_dependencies
[1.097s] Invoked command in '/workspace/foxy_ws/build/ament_cmake_export_dependencies' returned '0': AMENT_PREFIX_PATH=/workspace/foxy_ws/install CMAKE_PREFIX_PATH=/workspace/foxy_ws/install LD_LIBRARY_PATH=/workspace/foxy_ws/install/lib PATH=/workspace/foxy_ws/install/bin:${PATH} PYTHONPATH=/workspace/foxy_ws/install/lib/python3.10/site-packages /usr/bin/cmake /workspace/foxy_ws/src/ament_cmake/ament_cmake_export_dependencies -DCMAKE_INSTALL_PREFIX=/workspace/foxy_ws/install
[1.097s] Invoking command in '/workspace/foxy_ws/build/ament_cmake_export_dependencies': AMENT_PREFIX_PATH=/workspace/foxy_ws/install CMAKE_PREFIX_PATH=/workspace/foxy_ws/install LD_LIBRARY_PATH=/workspace/foxy_ws/install/lib PATH=/workspace/foxy_ws/install/bin:${PATH} PYTHONPATH=/workspace/foxy_ws/install/lib/python3.10/site-packages /usr/bin/cmake --build /workspace/foxy_ws/build/ament_cmake_export_dependencies -- -j12 -l12
[1.469s] Invoked command in '/workspace/foxy_ws/build/ament_cmake_export_dependencies' returned '0': AMENT_PREFIX_PATH=/workspace/foxy_ws/install CMAKE_PREFIX_PATH=/workspace/foxy_ws/install LD_LIBRARY_PATH=/workspace/foxy_ws/install/lib PATH=/workspace/foxy_ws/install/bin:${PATH} PYTHONPATH=/workspace/foxy_ws/install/lib/python3.10/site-packages /usr/bin/cmake --build /workspace/foxy_ws/build/ament_cmake_export_dependencies -- -j12 -l12
[2.085s] Invoking command in '/workspace/foxy_ws/build/ament_cmake_export_dependencies': AMENT_PREFIX_PATH=/workspace/foxy_ws/install CMAKE_PREFIX_PATH=/workspace/foxy_ws/install LD_LIBRARY_PATH=/workspace/foxy_ws/install/lib PATH=/workspace/foxy_ws/install/bin:${PATH} PYTHONPATH=/workspace/foxy_ws/install/lib/python3.10/site-packages /usr/bin/cmake --install /workspace/foxy_ws/build/ament_cmake_export_dependencies
[2.174s] -- Install configuration: ""
[2.174s] -- Installing: /workspace/foxy_ws/install/share/ament_index/resource_index/package_run_dependencies/ament_cmake_export_dependencies
[2.174s] -- Installing: /workspace/foxy_ws/install/share/ament_index/resource_index/parent_prefix_path/ament_cmake_export_dependencies
[2.174s] -- Installing: /workspace/foxy_ws/install/share/ament_cmake_export_dependencies/environment/ament_prefix_path.sh
[2.175s] -- Installing: /workspace/foxy_ws/install/share/ament_cmake_export_dependencies/environment/ament_prefix_path.dsv
[2.175s] -- Installing: /workspace/foxy_ws/install/share/ament_cmake_export_dependencies/environment/path.sh
[2.175s] -- Installing: /workspace/foxy_ws/install/share/ament_cmake_export_dependencies/environment/path.dsv
[2.175s] -- Installing: /workspace/foxy_ws/install/share/ament_cmake_export_dependencies/local_setup.bash
[2.175s] -- Installing: /workspace/foxy_ws/install/share/ament_cmake_export_dependencies/local_setup.sh
[2.175s] -- Installing: /workspace/foxy_ws/install/share/ament_cmake_export_dependencies/local_setup.zsh
[2.175s] -- Installing: /workspace/foxy_ws/install/share/ament_cmake_export_dependencies/local_setup.dsv
[2.175s] -- Installing: /workspace/foxy_ws/install/share/ament_cmake_export_dependencies/package.dsv
[2.175s] -- Installing: /workspace/foxy_ws/install/share/ament_index/resource_index/packages/ament_cmake_export_dependencies
[2.175s] -- Installing: /workspace/foxy_ws/install/share/ament_cmake_export_dependencies/cmake/ament_cmake_export_dependencies-extras.cmake
[2.175s] -- Installing: /workspace/foxy_ws/install/share/ament_cmake_export_dependencies/cmake/ament_cmake_export_dependenciesConfig.cmake
[2.175s] -- Installing: /workspace/foxy_ws/install/share/ament_cmake_export_dependencies/cmake/ament_cmake_export_dependenciesConfig-version.cmake
[2.175s] -- Installing: /workspace/foxy_ws/install/share/ament_cmake_export_dependencies/package.xml
[2.176s] -- Up-to-date: /workspace/foxy_ws/install/share/ament_cmake_export_dependencies/cmake
[2.176s] -- Installing: /workspace/foxy_ws/install/share/ament_cmake_export_dependencies/cmake/ament_export_dependencies.cmake
[2.176s] -- Installing: /workspace/foxy_ws/install/share/ament_cmake_export_dependencies/cmake/ament_cmake_export_dependencies-extras.cmake.in
[2.176s] -- Installing: /workspace/foxy_ws/install/share/ament_cmake_export_dependencies/cmake/ament_cmake_export_dependencies_package_hook.cmake
[2.205s] Invoked command in '/workspace/foxy_ws/build/ament_cmake_export_dependencies' returned '0': AMENT_PREFIX_PATH=/workspace/foxy_ws/install CMAKE_PREFIX_PATH=/workspace/foxy_ws/install LD_LIBRARY_PATH=/workspace/foxy_ws/install/lib PATH=/workspace/foxy_ws/install/bin:${PATH} PYTHONPATH=/workspace/foxy_ws/install/lib/python3.10/site-packages /usr/bin/cmake --install /workspace/foxy_ws/build/ament_cmake_export_dependencies
