-- The C compiler identification is GNU 9.4.0
-- The CXX compiler identification is GNU 9.4.0
-- Check for working C compiler: /usr/bin/cc
-- Check for working C compiler: /usr/bin/cc -- works
-- Detecting C compiler ABI info
-- Detecting C compiler ABI info - done
-- Detecting C compile features
-- Detecting C compile features - done
-- Check for working CXX compiler: /usr/bin/c++
-- Check for working CXX compiler: /usr/bin/c++ -- works
-- Detecting CXX compiler ABI info
-- Detecting CXX compiler ABI info - done
-- Detecting CXX compile features
-- Detecting CXX compile features - done
-- Found ament_cmake: 0.9.12 (/workspace/foxy_ws/install/share/ament_cmake/cmake)
-- Found PythonInterp: /usr/bin/python3 (found suitable version "3.10.14", minimum required is "3") 
-- Using PYTHON_EXECUTABLE: /usr/bin/python3
-- Found ament_cmake_ros: 0.9.2 (/workspace/foxy_ws/install/share/ament_cmake_ros/cmake)
-- Found rcutils: 1.1.5 (/workspace/foxy_ws/install/share/rcutils/cmake)
-- Found ament_lint_auto: 0.9.8 (/workspace/foxy_ws/install/share/ament_lint_auto/cmake)
-- Found gtest sources under '/workspace/foxy_ws/install/src/gtest_vendor': C++ tests using 'Google Test' will be built
-- Looking for pthread.h
-- Looking for pthread.h - found
-- Performing Test CMAKE_HAVE_LIBC_PTHREAD
-- Performing Test CMAKE_HAVE_LIBC_PTHREAD - Failed
-- Check if compiler accepts -pthread
-- Check if compiler accepts -pthread - yes
-- Found Threads: TRUE  
-- Added test 'copyright' to check source files copyright and LICENSE
-- Added test 'cppcheck' to perform static code analysis on C / C++ code
-- Configured cppcheck include dirs: /workspace/foxy_ws/src/rcpputils/include;$<BUILD_INTERFACE:/workspace/foxy_ws/src/rcpputils/include>
-- Configured cppcheck exclude dirs and/or files: 
-- Added test 'cpplint' to check C / C++ code against the Google style
-- Configured cpplint exclude dirs and/or files: 
-- Added test 'lint_cmake' to check CMake code style
-- Added test 'uncrustify' to check C / C++ code style
-- Configured uncrustify additional arguments: 
-- Added test 'xmllint' to check XML markup files
-- Configuring done
-- Generating done
-- Build files have been written to: /workspace/foxy_ws/build/rcpputils
Scanning dependencies of target test_library
Scanning dependencies of target gtest_main
Scanning dependencies of target gtest
[  2%] Building CXX object CMakeFiles/test_library.dir/test/test_library.cpp.o
[  4%] Building CXX object gtest/CMakeFiles/gtest.dir/src/gtest-all.cc.o
[  7%] Building CXX object gtest/CMakeFiles/gtest_main.dir/src/gtest_main.cc.o
[  9%] Linking CXX shared library libtest_library.so
[  9%] Built target test_library
Scanning dependencies of target dummy_shared_library
[ 11%] Building C object CMakeFiles/dummy_shared_library.dir/test/dummy_shared_library/dummy_shared_library.c.o
[ 14%] Linking C shared library libdummy_shared_library.so
[ 14%] Built target dummy_shared_library
Scanning dependencies of target rcpputils
[ 16%] Building CXX object CMakeFiles/rcpputils.dir/src/find_library.cpp.o
[ 19%] Building CXX object CMakeFiles/rcpputils.dir/src/asserts.cpp.o
[ 21%] Building CXX object CMakeFiles/rcpputils.dir/src/shared_library.cpp.o
[ 23%] Linking CXX shared library librcpputils.so
[ 23%] Built target rcpputils
[ 26%] Linking CXX static library libgtest_main.a
[ 26%] Built target gtest_main
[ 28%] Linking CXX static library libgtest.a
[ 28%] Built target gtest
Scanning dependencies of target test_clamp
Scanning dependencies of target test_find_library
Scanning dependencies of target test_shared_library
[ 30%] Building CXX object CMakeFiles/test_clamp.dir/test/test_clamp.cpp.o
[ 33%] Building CXX object CMakeFiles/test_find_library.dir/test/test_find_library.cpp.o
[ 35%] Building CXX object CMakeFiles/test_shared_library.dir/test/test_shared_library.cpp.o
Scanning dependencies of target test_find_and_replace
[ 38%] Building CXX object CMakeFiles/test_find_and_replace.dir/test/test_find_and_replace.cpp.o
[ 40%] Linking CXX executable test_clamp
[ 42%] Linking CXX executable test_find_library
Scanning dependencies of target test_scope_exit
[ 42%] Built target test_find_library
Scanning dependencies of target test_get_env
[ 45%] Building CXX object CMakeFiles/test_scope_exit.dir/test/test_scope_exit.cpp.o
Scanning dependencies of target test_join
Scanning dependencies of target test_asserts_ndebug
[ 47%] Building CXX object CMakeFiles/test_get_env.dir/test/test_get_env.cpp.o
[ 47%] Built target test_clamp
[ 50%] Building CXX object CMakeFiles/test_asserts_ndebug.dir/test/test_asserts.cpp.o
[ 52%] Building CXX object CMakeFiles/test_join.dir/test/test_join.cpp.o
Scanning dependencies of target test_split
[ 54%] Building CXX object CMakeFiles/test_split.dir/test/test_split.cpp.o
[ 57%] Linking CXX executable test_shared_library
[ 57%] Built target test_shared_library
[ 59%] Linking CXX executable test_asserts_ndebug
[ 61%] Linking CXX executable test_find_and_replace
[ 61%] Built target test_asserts_ndebug
[ 61%] Built target test_find_and_replace
[ 64%] Linking CXX executable test_get_env
[ 66%] Linking CXX executable test_scope_exit
[ 69%] Linking CXX executable test_join
[ 69%] Built target test_scope_exit
[ 69%] Built target test_get_env
[ 69%] Built target test_join
[ 71%] Linking CXX executable test_split
[ 71%] Built target test_split
Scanning dependencies of target test_pointer_traits
[ 73%] Building CXX object CMakeFiles/test_pointer_traits.dir/test/test_pointer_traits.cpp.o
[ 76%] Linking CXX executable test_pointer_traits
[ 76%] Built target test_pointer_traits
Scanning dependencies of target test_filesystem_helper
[ 78%] Building CXX object CMakeFiles/test_filesystem_helper.dir/test/test_filesystem_helper.cpp.o
[ 80%] Linking CXX executable test_filesystem_helper
[ 80%] Built target test_filesystem_helper
Scanning dependencies of target test_thread_safety_annotations
[ 83%] Building CXX object CMakeFiles/test_thread_safety_annotations.dir/test/test_thread_safety_annotations.cpp.o
[ 85%] Linking CXX executable test_thread_safety_annotations
[ 85%] Built target test_thread_safety_annotations
Scanning dependencies of target test_asserts_debug
[ 88%] Building CXX object CMakeFiles/test_asserts_debug.dir/test/test_asserts.cpp.o
[ 90%] Linking CXX executable test_asserts_debug
[ 90%] Built target test_asserts_debug
Scanning dependencies of target test_endian
[ 92%] Building CXX object CMakeFiles/test_endian.dir/test/test_endian.cpp.o
[ 95%] Linking CXX executable test_endian
[ 95%] Built target test_endian
Scanning dependencies of target test_process
[ 97%] Building CXX object CMakeFiles/test_process.dir/test/test_process.cpp.o
[100%] Linking CXX executable test_process
[100%] Built target test_process
-- Install configuration: ""
-- Installing: /workspace/foxy_ws/install/share/rcpputils/environment/library_path.sh
-- Installing: /workspace/foxy_ws/install/share/rcpputils/environment/library_path.dsv
-- Installing: /workspace/foxy_ws/install/share/ament_index/resource_index/package_run_dependencies/rcpputils
-- Installing: /workspace/foxy_ws/install/share/ament_index/resource_index/parent_prefix_path/rcpputils
-- Installing: /workspace/foxy_ws/install/share/rcpputils/environment/ament_prefix_path.sh
-- Installing: /workspace/foxy_ws/install/share/rcpputils/environment/ament_prefix_path.dsv
-- Installing: /workspace/foxy_ws/install/share/rcpputils/environment/path.sh
-- Installing: /workspace/foxy_ws/install/share/rcpputils/environment/path.dsv
-- Installing: /workspace/foxy_ws/install/share/rcpputils/local_setup.bash
-- Installing: /workspace/foxy_ws/install/share/rcpputils/local_setup.sh
-- Installing: /workspace/foxy_ws/install/share/rcpputils/local_setup.zsh
-- Installing: /workspace/foxy_ws/install/share/rcpputils/local_setup.dsv
-- Installing: /workspace/foxy_ws/install/share/rcpputils/package.dsv
-- Installing: /workspace/foxy_ws/install/share/ament_index/resource_index/packages/rcpputils
-- Installing: /workspace/foxy_ws/install/share/rcpputils/cmake/rcpputilsExport.cmake
-- Installing: /workspace/foxy_ws/install/share/rcpputils/cmake/rcpputilsExport-noconfig.cmake
-- Installing: /workspace/foxy_ws/install/share/rcpputils/cmake/ament_cmake_export_include_directories-extras.cmake
-- Installing: /workspace/foxy_ws/install/share/rcpputils/cmake/ament_cmake_export_libraries-extras.cmake
-- Installing: /workspace/foxy_ws/install/share/rcpputils/cmake/ament_cmake_export_targets-extras.cmake
-- Installing: /workspace/foxy_ws/install/share/rcpputils/cmake/ament_cmake_export_dependencies-extras.cmake
-- Installing: /workspace/foxy_ws/install/share/rcpputils/cmake/rcpputilsConfig.cmake
-- Installing: /workspace/foxy_ws/install/share/rcpputils/cmake/rcpputilsConfig-version.cmake
-- Installing: /workspace/foxy_ws/install/share/rcpputils/package.xml
-- Up-to-date: /workspace/foxy_ws/install/include
-- Installing: /workspace/foxy_ws/install/include/rcpputils
-- Installing: /workspace/foxy_ws/install/include/rcpputils/pointer_traits.hpp
-- Installing: /workspace/foxy_ws/install/include/rcpputils/split.hpp
-- Installing: /workspace/foxy_ws/install/include/rcpputils/find_library.hpp
-- Installing: /workspace/foxy_ws/install/include/rcpputils/endian.hpp
-- Installing: /workspace/foxy_ws/install/include/rcpputils/filesystem_helper.hpp
-- Installing: /workspace/foxy_ws/install/include/rcpputils/asserts.hpp
-- Installing: /workspace/foxy_ws/install/include/rcpputils/scope_exit.hpp
-- Installing: /workspace/foxy_ws/install/include/rcpputils/join.hpp
-- Installing: /workspace/foxy_ws/install/include/rcpputils/visibility_control.hpp
-- Installing: /workspace/foxy_ws/install/include/rcpputils/process.hpp
-- Installing: /workspace/foxy_ws/install/include/rcpputils/thread_safety_annotations.hpp
-- Installing: /workspace/foxy_ws/install/include/rcpputils/shared_library.hpp
-- Installing: /workspace/foxy_ws/install/include/rcpputils/get_env.hpp
-- Installing: /workspace/foxy_ws/install/include/rcpputils/find_and_replace.hpp
-- Installing: /workspace/foxy_ws/install/include/rcppmath
-- Installing: /workspace/foxy_ws/install/include/rcppmath/clamp.hpp
-- Installing: /workspace/foxy_ws/install/lib/librcpputils.so
-- Set runtime path of "/workspace/foxy_ws/install/lib/librcpputils.so" to ""
