[0.058s] Invoking command in '/workspace/foxy_ws/build/rcpputils': AMENT_PREFIX_PATH=/workspace/foxy_ws/install CMAKE_PREFIX_PATH=/workspace/foxy_ws/install LD_LIBRARY_PATH=/workspace/foxy_ws/install/lib PATH=/workspace/foxy_ws/install/bin:${PATH} PKG_CONFIG_PATH=/workspace/foxy_ws/install/lib/x86_64-linux-gnu/pkgconfig:/workspace/foxy_ws/install/lib/pkgconfig PYTHONPATH=/workspace/foxy_ws/install/lib/python3.10/site-packages /usr/bin/cmake /workspace/foxy_ws/src/rcpputils -DCMAKE_INSTALL_PREFIX=/workspace/foxy_ws/install
[0.107s] -- The C compiler identification is GNU 9.4.0
[0.301s] -- The CXX compiler identification is GNU 9.4.0
[0.306s] -- Check for working C compiler: /usr/bin/cc
[0.366s] -- Check for working C compiler: /usr/bin/cc -- works
[0.367s] -- Detecting C compiler ABI info
[0.431s] -- Detecting C compiler ABI info - done
[0.443s] -- Detecting C compile features
[0.444s] -- Detecting C compile features - done
[0.446s] -- Check for working CXX compiler: /usr/bin/c++
[0.581s] -- Check for working CXX compiler: /usr/bin/c++ -- works
[0.582s] -- Detecting CXX compiler ABI info
[0.648s] -- Detecting CXX compiler ABI info - done
[0.661s] -- Detecting CXX compile features
[0.661s] -- Detecting CXX compile features - done
[0.663s] -- Found ament_cmake: 0.9.12 (/workspace/foxy_ws/install/share/ament_cmake/cmake)
[0.680s] -- Found PythonInterp: /usr/bin/python3 (found suitable version "3.10.14", minimum required is "3") 
[0.680s] -- Using PYTHON_EXECUTABLE: /usr/bin/python3
[0.858s] -- Found ament_cmake_ros: 0.9.2 (/workspace/foxy_ws/install/share/ament_cmake_ros/cmake)
[0.861s] -- Found rcutils: 1.1.5 (/workspace/foxy_ws/install/share/rcutils/cmake)
[0.867s] -- Found ament_lint_auto: 0.9.8 (/workspace/foxy_ws/install/share/ament_lint_auto/cmake)
[0.932s] -- Found gtest sources under '/workspace/foxy_ws/install/src/gtest_vendor': C++ tests using 'Google Test' will be built
[0.933s] -- Looking for pthread.h
[1.002s] -- Looking for pthread.h - found
[1.002s] -- Performing Test CMAKE_HAVE_LIBC_PTHREAD
[1.072s] -- Performing Test CMAKE_HAVE_LIBC_PTHREAD - Failed
[1.072s] -- Check if compiler accepts -pthread
[1.142s] -- Check if compiler accepts -pthread - yes
[1.144s] -- Found Threads: TRUE  
[1.183s] -- Added test 'copyright' to check source files copyright and LICENSE
[1.191s] -- Added test 'cppcheck' to perform static code analysis on C / C++ code
[1.197s] -- Configured cppcheck include dirs: /workspace/foxy_ws/src/rcpputils/include;$<BUILD_INTERFACE:/workspace/foxy_ws/src/rcpputils/include>
[1.197s] -- Configured cppcheck exclude dirs and/or files: 
[1.200s] -- Added test 'cpplint' to check C / C++ code against the Google style
[1.200s] -- Configured cpplint exclude dirs and/or files: 
[1.204s] -- Added test 'lint_cmake' to check CMake code style
[1.214s] -- Added test 'uncrustify' to check C / C++ code style
[1.214s] -- Configured uncrustify additional arguments: 
[1.216s] -- Added test 'xmllint' to check XML markup files
[1.221s] -- Configuring done
[1.265s] -- Generating done
[1.269s] -- Build files have been written to: /workspace/foxy_ws/build/rcpputils
[1.281s] Invoked command in '/workspace/foxy_ws/build/rcpputils' returned '0': AMENT_PREFIX_PATH=/workspace/foxy_ws/install CMAKE_PREFIX_PATH=/workspace/foxy_ws/install LD_LIBRARY_PATH=/workspace/foxy_ws/install/lib PATH=/workspace/foxy_ws/install/bin:${PATH} PKG_CONFIG_PATH=/workspace/foxy_ws/install/lib/x86_64-linux-gnu/pkgconfig:/workspace/foxy_ws/install/lib/pkgconfig PYTHONPATH=/workspace/foxy_ws/install/lib/python3.10/site-packages /usr/bin/cmake /workspace/foxy_ws/src/rcpputils -DCMAKE_INSTALL_PREFIX=/workspace/foxy_ws/install
[1.281s] Invoking command in '/workspace/foxy_ws/build/rcpputils': AMENT_PREFIX_PATH=/workspace/foxy_ws/install CMAKE_PREFIX_PATH=/workspace/foxy_ws/install LD_LIBRARY_PATH=/workspace/foxy_ws/install/lib PATH=/workspace/foxy_ws/install/bin:${PATH} PKG_CONFIG_PATH=/workspace/foxy_ws/install/lib/x86_64-linux-gnu/pkgconfig:/workspace/foxy_ws/install/lib/pkgconfig PYTHONPATH=/workspace/foxy_ws/install/lib/python3.10/site-packages /usr/bin/cmake --build /workspace/foxy_ws/build/rcpputils -- -j12 -l12
[1.350s] Scanning dependencies of target test_library
[1.354s] Scanning dependencies of target gtest_main
[1.354s] Scanning dependencies of target gtest
[1.362s] [  2%] Building CXX object CMakeFiles/test_library.dir/test/test_library.cpp.o
[1.375s] [  4%] Building CXX object gtest/CMakeFiles/gtest.dir/src/gtest-all.cc.o
[1.376s] [  7%] Building CXX object gtest/CMakeFiles/gtest_main.dir/src/gtest_main.cc.o
[1.393s] [  9%] Linking CXX shared library libtest_library.so
[1.465s] [  9%] Built target test_library
[1.478s] Scanning dependencies of target dummy_shared_library
[1.490s] [ 11%] Building C object CMakeFiles/dummy_shared_library.dir/test/dummy_shared_library/dummy_shared_library.c.o
[1.524s] [ 14%] Linking C shared library libdummy_shared_library.so
[1.568s] [ 14%] Built target dummy_shared_library
[1.584s] Scanning dependencies of target rcpputils
[1.650s] [ 16%] Building CXX object CMakeFiles/rcpputils.dir/src/find_library.cpp.o
[1.656s] [ 19%] Building CXX object CMakeFiles/rcpputils.dir/src/asserts.cpp.o
[1.668s] [ 21%] Building CXX object CMakeFiles/rcpputils.dir/src/shared_library.cpp.o
[2.261s] [ 23%] Linking CXX shared library librcpputils.so
[2.355s] [ 23%] Built target rcpputils
[2.432s] [ 26%] Linking CXX static library libgtest_main.a
[2.497s] [ 26%] Built target gtest_main
[5.435s] [ 28%] Linking CXX static library libgtest.a
[5.718s] [ 28%] Built target gtest
[5.789s] Scanning dependencies of target test_clamp
[5.811s] Scanning dependencies of target test_find_library
[5.815s] Scanning dependencies of target test_shared_library
[5.845s] [ 30%] Building CXX object CMakeFiles/test_clamp.dir/test/test_clamp.cpp.o
[5.891s] [ 33%] Building CXX object CMakeFiles/test_find_library.dir/test/test_find_library.cpp.o
[5.892s] [ 35%] Building CXX object CMakeFiles/test_shared_library.dir/test/test_shared_library.cpp.o
[6.936s] Scanning dependencies of target test_find_and_replace
[7.009s] [ 38%] Building CXX object CMakeFiles/test_find_and_replace.dir/test/test_find_and_replace.cpp.o
[7.576s] [ 40%] Linking CXX executable test_clamp
[7.581s] [ 42%] Linking CXX executable test_find_library
[8.029s] Scanning dependencies of target test_scope_exit
[8.032s] [ 42%] Built target test_find_library
[8.072s] Scanning dependencies of target test_get_env
[8.086s] [ 45%] Building CXX object CMakeFiles/test_scope_exit.dir/test/test_scope_exit.cpp.o
[8.109s] Scanning dependencies of target test_join
[8.149s] Scanning dependencies of target test_asserts_ndebug
[8.154s] [ 47%] Building CXX object CMakeFiles/test_get_env.dir/test/test_get_env.cpp.o
[8.165s] [ 47%] Built target test_clamp
[8.218s] [ 50%] Building CXX object CMakeFiles/test_asserts_ndebug.dir/test/test_asserts.cpp.o
[8.226s] [ 52%] Building CXX object CMakeFiles/test_join.dir/test/test_join.cpp.o
[8.265s] Scanning dependencies of target test_split
[8.363s] [ 54%] Building CXX object CMakeFiles/test_split.dir/test/test_split.cpp.o
[8.374s] [ 57%] Linking CXX executable test_shared_library
[8.940s] [ 57%] Built target test_shared_library
[9.340s] [ 59%] Linking CXX executable test_asserts_ndebug
[9.424s] [ 61%] Linking CXX executable test_find_and_replace
[9.648s] [ 61%] Built target test_asserts_ndebug
[9.752s] [ 61%] Built target test_find_and_replace
[10.289s] [ 64%] Linking CXX executable test_get_env
[10.303s] [ 66%] Linking CXX executable test_scope_exit
[10.350s] [ 69%] Linking CXX executable test_join
[10.598s] [ 69%] Built target test_scope_exit
[10.611s] [ 69%] Built target test_get_env
[10.672s] [ 69%] Built target test_join
[10.950s] [ 71%] Linking CXX executable test_split
[11.018s] [ 71%] Built target test_split
[11.033s] Scanning dependencies of target test_pointer_traits
[11.042s] [ 73%] Building CXX object CMakeFiles/test_pointer_traits.dir/test/test_pointer_traits.cpp.o
[11.867s] [ 76%] Linking CXX executable test_pointer_traits
[11.991s] [ 76%] Built target test_pointer_traits
[12.024s] Scanning dependencies of target test_filesystem_helper
[12.024s] [ 78%] Building CXX object CMakeFiles/test_filesystem_helper.dir/test/test_filesystem_helper.cpp.o
[13.062s] [ 80%] Linking CXX executable test_filesystem_helper
[13.167s] [ 80%] Built target test_filesystem_helper
[13.178s] Scanning dependencies of target test_thread_safety_annotations
[13.186s] [ 83%] Building CXX object CMakeFiles/test_thread_safety_annotations.dir/test/test_thread_safety_annotations.cpp.o
[13.862s] [ 85%] Linking CXX executable test_thread_safety_annotations
[13.968s] [ 85%] Built target test_thread_safety_annotations
[13.978s] Scanning dependencies of target test_asserts_debug
[13.984s] [ 88%] Building CXX object CMakeFiles/test_asserts_debug.dir/test/test_asserts.cpp.o
[14.647s] [ 90%] Linking CXX executable test_asserts_debug
[14.756s] [ 90%] Built target test_asserts_debug
[14.767s] Scanning dependencies of target test_endian
[14.775s] [ 92%] Building CXX object CMakeFiles/test_endian.dir/test/test_endian.cpp.o
[15.349s] [ 95%] Linking CXX executable test_endian
[15.444s] [ 95%] Built target test_endian
[15.455s] Scanning dependencies of target test_process
[15.463s] [ 97%] Building CXX object CMakeFiles/test_process.dir/test/test_process.cpp.o
[16.042s] [100%] Linking CXX executable test_process
[16.143s] [100%] Built target test_process
[16.151s] Invoked command in '/workspace/foxy_ws/build/rcpputils' returned '0': AMENT_PREFIX_PATH=/workspace/foxy_ws/install CMAKE_PREFIX_PATH=/workspace/foxy_ws/install LD_LIBRARY_PATH=/workspace/foxy_ws/install/lib PATH=/workspace/foxy_ws/install/bin:${PATH} PKG_CONFIG_PATH=/workspace/foxy_ws/install/lib/x86_64-linux-gnu/pkgconfig:/workspace/foxy_ws/install/lib/pkgconfig PYTHONPATH=/workspace/foxy_ws/install/lib/python3.10/site-packages /usr/bin/cmake --build /workspace/foxy_ws/build/rcpputils -- -j12 -l12
[16.189s] Invoking command in '/workspace/foxy_ws/build/rcpputils': AMENT_PREFIX_PATH=/workspace/foxy_ws/install CMAKE_PREFIX_PATH=/workspace/foxy_ws/install LD_LIBRARY_PATH=/workspace/foxy_ws/install/lib PATH=/workspace/foxy_ws/install/bin:${PATH} PKG_CONFIG_PATH=/workspace/foxy_ws/install/lib/x86_64-linux-gnu/pkgconfig:/workspace/foxy_ws/install/lib/pkgconfig PYTHONPATH=/workspace/foxy_ws/install/lib/python3.10/site-packages /usr/bin/cmake --install /workspace/foxy_ws/build/rcpputils
[16.198s] -- Install configuration: ""
[16.198s] -- Installing: /workspace/foxy_ws/install/share/rcpputils/environment/library_path.sh
[16.198s] -- Installing: /workspace/foxy_ws/install/share/rcpputils/environment/library_path.dsv
[16.198s] -- Installing: /workspace/foxy_ws/install/share/ament_index/resource_index/package_run_dependencies/rcpputils
[16.199s] -- Installing: /workspace/foxy_ws/install/share/ament_index/resource_index/parent_prefix_path/rcpputils
[16.199s] -- Installing: /workspace/foxy_ws/install/share/rcpputils/environment/ament_prefix_path.sh
[16.199s] -- Installing: /workspace/foxy_ws/install/share/rcpputils/environment/ament_prefix_path.dsv
[16.199s] -- Installing: /workspace/foxy_ws/install/share/rcpputils/environment/path.sh
[16.199s] -- Installing: /workspace/foxy_ws/install/share/rcpputils/environment/path.dsv
[16.199s] -- Installing: /workspace/foxy_ws/install/share/rcpputils/local_setup.bash
[16.199s] -- Installing: /workspace/foxy_ws/install/share/rcpputils/local_setup.sh
[16.199s] -- Installing: /workspace/foxy_ws/install/share/rcpputils/local_setup.zsh
[16.199s] -- Installing: /workspace/foxy_ws/install/share/rcpputils/local_setup.dsv
[16.199s] -- Installing: /workspace/foxy_ws/install/share/rcpputils/package.dsv
[16.200s] -- Installing: /workspace/foxy_ws/install/share/ament_index/resource_index/packages/rcpputils
[16.200s] -- Installing: /workspace/foxy_ws/install/share/rcpputils/cmake/rcpputilsExport.cmake
[16.200s] -- Installing: /workspace/foxy_ws/install/share/rcpputils/cmake/rcpputilsExport-noconfig.cmake
[16.200s] -- Installing: /workspace/foxy_ws/install/share/rcpputils/cmake/ament_cmake_export_include_directories-extras.cmake
[16.200s] -- Installing: /workspace/foxy_ws/install/share/rcpputils/cmake/ament_cmake_export_libraries-extras.cmake
[16.200s] -- Installing: /workspace/foxy_ws/install/share/rcpputils/cmake/ament_cmake_export_targets-extras.cmake
[16.200s] -- Installing: /workspace/foxy_ws/install/share/rcpputils/cmake/ament_cmake_export_dependencies-extras.cmake
[16.201s] -- Installing: /workspace/foxy_ws/install/share/rcpputils/cmake/rcpputilsConfig.cmake
[16.201s] -- Installing: /workspace/foxy_ws/install/share/rcpputils/cmake/rcpputilsConfig-version.cmake
[16.201s] -- Installing: /workspace/foxy_ws/install/share/rcpputils/package.xml
[16.201s] -- Up-to-date: /workspace/foxy_ws/install/include
[16.201s] -- Installing: /workspace/foxy_ws/install/include/rcpputils
[16.201s] -- Installing: /workspace/foxy_ws/install/include/rcpputils/pointer_traits.hpp
[16.201s] -- Installing: /workspace/foxy_ws/install/include/rcpputils/split.hpp
[16.201s] -- Installing: /workspace/foxy_ws/install/include/rcpputils/find_library.hpp
[16.201s] -- Installing: /workspace/foxy_ws/install/include/rcpputils/endian.hpp
[16.201s] -- Installing: /workspace/foxy_ws/install/include/rcpputils/filesystem_helper.hpp
[16.202s] -- Installing: /workspace/foxy_ws/install/include/rcpputils/asserts.hpp
[16.202s] -- Installing: /workspace/foxy_ws/install/include/rcpputils/scope_exit.hpp
[16.202s] -- Installing: /workspace/foxy_ws/install/include/rcpputils/join.hpp
[16.202s] -- Installing: /workspace/foxy_ws/install/include/rcpputils/visibility_control.hpp
[16.202s] -- Installing: /workspace/foxy_ws/install/include/rcpputils/process.hpp
[16.202s] -- Installing: /workspace/foxy_ws/install/include/rcpputils/thread_safety_annotations.hpp
[16.202s] -- Installing: /workspace/foxy_ws/install/include/rcpputils/shared_library.hpp
[16.202s] -- Installing: /workspace/foxy_ws/install/include/rcpputils/get_env.hpp
[16.202s] -- Installing: /workspace/foxy_ws/install/include/rcpputils/find_and_replace.hpp
[16.203s] -- Installing: /workspace/foxy_ws/install/include/rcppmath
[16.203s] -- Installing: /workspace/foxy_ws/install/include/rcppmath/clamp.hpp
[16.203s] -- Installing: /workspace/foxy_ws/install/lib/librcpputils.so
[16.203s] -- Set runtime path of "/workspace/foxy_ws/install/lib/librcpputils.so" to ""
[16.205s] Invoked command in '/workspace/foxy_ws/build/rcpputils' returned '0': AMENT_PREFIX_PATH=/workspace/foxy_ws/install CMAKE_PREFIX_PATH=/workspace/foxy_ws/install LD_LIBRARY_PATH=/workspace/foxy_ws/install/lib PATH=/workspace/foxy_ws/install/bin:${PATH} PKG_CONFIG_PATH=/workspace/foxy_ws/install/lib/x86_64-linux-gnu/pkgconfig:/workspace/foxy_ws/install/lib/pkgconfig PYTHONPATH=/workspace/foxy_ws/install/lib/python3.10/site-packages /usr/bin/cmake --install /workspace/foxy_ws/build/rcpputils
