[0.173s] Invoking command in '/workspace/foxy_ws/build/rmw': AMENT_PREFIX_PATH=/workspace/foxy_ws/install CMAKE_PREFIX_PATH=/workspace/foxy_ws/install LD_LIBRARY_PATH=/workspace/foxy_ws/install/lib PATH=/workspace/foxy_ws/install/bin:${PATH} PKG_CONFIG_PATH=/workspace/foxy_ws/install/lib/x86_64-linux-gnu/pkgconfig:/workspace/foxy_ws/install/lib/pkgconfig PYTHONPATH=/workspace/foxy_ws/install/lib/python3.10/site-packages /usr/bin/cmake /workspace/foxy_ws/src/rmw/rmw -DCMAKE_INSTALL_PREFIX=/workspace/foxy_ws/install
[0.227s] -- The C compiler identification is GNU 9.4.0
[0.273s] -- The CXX compiler identification is GNU 9.4.0
[0.277s] -- Check for working C compiler: /usr/bin/cc
[0.347s] -- Check for working C compiler: /usr/bin/cc -- works
[0.348s] -- Detecting C compiler ABI info
[0.423s] -- Detecting C compiler ABI info - done
[0.437s] -- Detecting C compile features
[0.437s] -- Detecting C compile features - done
[0.440s] -- Check for working CXX compiler: /usr/bin/c++
[0.517s] -- Check for working CXX compiler: /usr/bin/c++ -- works
[0.518s] -- Detecting CXX compiler ABI info
[0.607s] -- Detecting CXX compiler ABI info - done
[0.623s] -- Detecting CXX compile features
[0.623s] -- Detecting CXX compile features - done
[0.624s] -- Found ament_cmake_ros: 0.9.2 (/workspace/foxy_ws/install/share/ament_cmake_ros/cmake)
[0.647s] -- Found PythonInterp: /usr/bin/python3 (found suitable version "3.10.14", minimum required is "3") 
[0.647s] -- Using PYTHON_EXECUTABLE: /usr/bin/python3
[0.837s] -- Found rcutils: 1.1.5 (/workspace/foxy_ws/install/share/rcutils/cmake)
[0.841s] -- Found rosidl_runtime_c: 1.3.1 (/workspace/foxy_ws/install/share/rosidl_runtime_c/cmake)
[0.850s] -- Found ament_lint_auto: 0.9.8 (/workspace/foxy_ws/install/share/ament_lint_auto/cmake)
[0.942s] -- Found gmock sources under '/workspace/foxy_ws/install/src/gmock_vendor': C++ tests using 'Google Mock' will be built
[0.944s] -- Found gtest sources under '/workspace/foxy_ws/install/src/gtest_vendor': C++ tests using 'Google Test' will be built
[0.958s] -- Added test 'copyright' to check source files copyright and LICENSE
[0.967s] -- Added test 'cpplint' to check C / C++ code against the Google style
[0.967s] -- Configured cpplint exclude dirs and/or files: 
[0.971s] -- Added test 'lint_cmake' to check CMake code style
[0.978s] -- Added test 'uncrustify' to check C / C++ code style
[0.979s] -- Configured uncrustify additional arguments: 
[0.980s] -- Added test 'xmllint' to check XML markup files
[0.986s] -- Configuring done
[1.029s] -- Generating done
[1.032s] -- Build files have been written to: /workspace/foxy_ws/build/rmw
[1.037s] Invoked command in '/workspace/foxy_ws/build/rmw' returned '0': AMENT_PREFIX_PATH=/workspace/foxy_ws/install CMAKE_PREFIX_PATH=/workspace/foxy_ws/install LD_LIBRARY_PATH=/workspace/foxy_ws/install/lib PATH=/workspace/foxy_ws/install/bin:${PATH} PKG_CONFIG_PATH=/workspace/foxy_ws/install/lib/x86_64-linux-gnu/pkgconfig:/workspace/foxy_ws/install/lib/pkgconfig PYTHONPATH=/workspace/foxy_ws/install/lib/python3.10/site-packages /usr/bin/cmake /workspace/foxy_ws/src/rmw/rmw -DCMAKE_INSTALL_PREFIX=/workspace/foxy_ws/install
[1.037s] Invoking command in '/workspace/foxy_ws/build/rmw': AMENT_PREFIX_PATH=/workspace/foxy_ws/install CMAKE_PREFIX_PATH=/workspace/foxy_ws/install LD_LIBRARY_PATH=/workspace/foxy_ws/install/lib PATH=/workspace/foxy_ws/install/bin:${PATH} PKG_CONFIG_PATH=/workspace/foxy_ws/install/lib/x86_64-linux-gnu/pkgconfig:/workspace/foxy_ws/install/lib/pkgconfig PYTHONPATH=/workspace/foxy_ws/install/lib/python3.10/site-packages /usr/bin/cmake --build /workspace/foxy_ws/build/rmw -- -j12 -l12
[1.091s] Scanning dependencies of target rmw
[1.104s] [  1%] Building C object CMakeFiles/rmw.dir/src/allocators.c.o
[1.150s] [  3%] Building C object CMakeFiles/rmw.dir/src/security_options.c.o
[1.192s] [  5%] Building C object CMakeFiles/rmw.dir/src/subscription_options.c.o
[1.245s] [  6%] Building C object CMakeFiles/rmw.dir/src/topic_endpoint_info_array.c.o
[1.263s] [  8%] Building C object CMakeFiles/rmw.dir/src/topic_endpoint_info.c.o
[1.301s] [ 10%] Building C object CMakeFiles/rmw.dir/src/types.c.o
[1.331s] [ 11%] Building C object CMakeFiles/rmw.dir/src/validate_full_topic_name.c.o
[1.367s] [ 13%] Building C object CMakeFiles/rmw.dir/src/validate_namespace.c.o
[1.404s] [ 15%] Building C object CMakeFiles/rmw.dir/src/validate_node_name.c.o
[1.444s] [ 16%] Building C object CMakeFiles/rmw.dir/src/sanity_checks.c.o
[1.474s] [ 18%] Building C object CMakeFiles/rmw.dir/src/publisher_options.c.o
[1.505s] [ 20%] Building C object CMakeFiles/rmw.dir/src/names_and_types.c.o
[1.542s] [ 22%] Building C object CMakeFiles/rmw.dir/src/message_sequence.c.o
[1.574s] [ 23%] Building C object CMakeFiles/rmw.dir/src/init_options.c.o
[1.596s] [ 25%] Building C object CMakeFiles/rmw.dir/src/init.c.o
[1.623s] [ 27%] Building C object CMakeFiles/rmw.dir/src/event.c.o
[1.655s] [ 28%] Building C object CMakeFiles/rmw.dir/src/convert_rcutils_ret_to_rmw_ret.c.o
[1.685s] [ 30%] Linking C shared library librmw.so
[1.722s] [ 30%] Built target rmw
[1.741s] Scanning dependencies of target gmock_main
[1.750s] [ 32%] Building CXX object gmock/CMakeFiles/gmock_main.dir/src/gmock_main.cc.o
[2.487s] [ 33%] Linking CXX static library libgmock_main.a
[2.514s] [ 33%] Built target gmock_main
[2.529s] Scanning dependencies of target gmock
[2.540s] [ 35%] Building CXX object gmock/CMakeFiles/gmock.dir/workspace/foxy_ws/install/src/gtest_vendor/src/gtest-all.cc.o
[4.980s] [ 37%] Building CXX object gmock/CMakeFiles/gmock.dir/src/gmock-all.cc.o
[6.649s] [ 38%] Linking CXX static library libgmock.a
[6.707s] [ 38%] Built target gmock
[6.723s] Scanning dependencies of target test_topic_endpoint_info
[6.732s] [ 40%] Building CXX object test/CMakeFiles/test_topic_endpoint_info.dir/test_topic_endpoint_info.cpp.o
[7.662s] [ 42%] Linking CXX executable test_topic_endpoint_info
[7.784s] [ 42%] Built target test_topic_endpoint_info
[7.800s] Scanning dependencies of target test_subscription_options
[7.808s] [ 44%] Building CXX object test/CMakeFiles/test_subscription_options.dir/test_subscription_options.cpp.o
[8.633s] [ 45%] Linking CXX executable test_subscription_options
[8.749s] [ 45%] Built target test_subscription_options
[8.762s] Scanning dependencies of target test_publisher_options
[8.769s] [ 47%] Building CXX object test/CMakeFiles/test_publisher_options.dir/test_publisher_options.cpp.o
[9.846s] [ 49%] Linking CXX executable test_publisher_options
[10.003s] [ 49%] Built target test_publisher_options
[10.025s] Scanning dependencies of target test_sanity_checks
[10.035s] [ 50%] Building CXX object test/CMakeFiles/test_sanity_checks.dir/test_sanity_checks.cpp.o
[10.852s] [ 52%] Linking CXX executable test_sanity_checks
[10.981s] [ 52%] Built target test_sanity_checks
[10.996s] Scanning dependencies of target test_validate_namespace
[11.005s] [ 54%] Building CXX object test/CMakeFiles/test_validate_namespace.dir/test_validate_namespace.cpp.o
[12.014s] [ 55%] Linking CXX executable test_validate_namespace
[12.135s] [ 55%] Built target test_validate_namespace
[12.157s] Scanning dependencies of target test_event
[12.167s] [ 57%] Building CXX object test/CMakeFiles/test_event.dir/test_event.cpp.o
[12.970s] [ 59%] Linking CXX executable test_event
[13.087s] [ 59%] Built target test_event
[13.098s] Scanning dependencies of target test_serialized_message
[13.098s] Scanning dependencies of target test_security_options
[13.107s] [ 62%] Building CXX object test/CMakeFiles/test_serialized_message.dir/test_serialized_message.cpp.o
[13.108s] [ 62%] Building CXX object test/CMakeFiles/test_security_options.dir/test_security_options.cpp.o
[13.110s] Scanning dependencies of target test_message_sequence
[13.123s] [ 64%] Building CXX object test/CMakeFiles/test_message_sequence.dir/test_message_sequence.cpp.o
[14.305s] [ 66%] Linking CXX executable test_security_options
[14.581s] [ 67%] Linking CXX executable test_message_sequence
[14.604s] [ 67%] Built target test_security_options
[14.638s] Scanning dependencies of target test_types
[14.702s] Scanning dependencies of target test_init_options
[14.707s] [ 69%] Building CXX object test/CMakeFiles/test_types.dir/test_types.cpp.o
[14.780s] [ 71%] Building CXX object test/CMakeFiles/test_init_options.dir/test_init_options.cpp.o
[15.132s] [ 72%] Linking CXX executable test_serialized_message
[15.160s] [ 72%] Built target test_message_sequence
[15.255s] Scanning dependencies of target test_names_and_types
[15.285s] [ 74%] Building CXX object test/CMakeFiles/test_names_and_types.dir/test_names_and_types.cpp.o
[15.684s] [ 74%] Built target test_serialized_message
[15.782s] Scanning dependencies of target test_convert_rcutils_ret_to_rmw_ret
[15.783s] Scanning dependencies of target test_topic_endpoint_info_array
[15.847s] [ 76%] Building CXX object test/CMakeFiles/test_topic_endpoint_info_array.dir/test_topic_endpoint_info_array.cpp.o
[15.849s] [ 77%] Building CXX object test/CMakeFiles/test_convert_rcutils_ret_to_rmw_ret.dir/test_convert_rcutils_ret_to_rmw_ret.cpp.o
[16.905s] [ 79%] Linking CXX executable test_names_and_types
[17.212s] [ 81%] Linking CXX executable test_init_options
[17.439s] [ 83%] Linking CXX executable test_types
[17.473s] [ 84%] Linking CXX executable test_convert_rcutils_ret_to_rmw_ret
[17.710s] [ 84%] Built target test_names_and_types
[17.795s] Scanning dependencies of target test_init
[17.802s] Scanning dependencies of target test_validate_full_topic_name
[17.864s] [ 88%] Building CXX object test/CMakeFiles/test_init.dir/test_init.cpp.o
[17.865s] [ 88%] Building CXX object test/CMakeFiles/test_validate_full_topic_name.dir/test_validate_full_topic_name.cpp.o
[17.888s] [ 88%] Built target test_types
[17.915s] Scanning dependencies of target test_allocators
[17.925s] [ 88%] Built target test_convert_rcutils_ret_to_rmw_ret
[17.947s] [ 89%] Building CXX object test/CMakeFiles/test_allocators.dir/test_allocators.cpp.o
[17.952s] Scanning dependencies of target test_validate_node_name
[17.967s] [ 91%] Building CXX object test/CMakeFiles/test_validate_node_name.dir/test_validate_node_name.cpp.o
[18.055s] [ 91%] Built target test_init_options
[18.415s] [ 93%] Linking CXX executable test_topic_endpoint_info_array
[18.729s] [ 93%] Built target test_topic_endpoint_info_array
[19.356s] [ 94%] Linking CXX executable test_init
[19.767s] [ 96%] Linking CXX executable test_validate_node_name
[19.871s] [ 96%] Built target test_init
[19.878s] [ 98%] Linking CXX executable test_allocators
[20.066s] [ 98%] Built target test_validate_node_name
[20.109s] [100%] Linking CXX executable test_validate_full_topic_name
[20.127s] [100%] Built target test_allocators
[20.339s] [100%] Built target test_validate_full_topic_name
[20.356s] Invoked command in '/workspace/foxy_ws/build/rmw' returned '0': AMENT_PREFIX_PATH=/workspace/foxy_ws/install CMAKE_PREFIX_PATH=/workspace/foxy_ws/install LD_LIBRARY_PATH=/workspace/foxy_ws/install/lib PATH=/workspace/foxy_ws/install/bin:${PATH} PKG_CONFIG_PATH=/workspace/foxy_ws/install/lib/x86_64-linux-gnu/pkgconfig:/workspace/foxy_ws/install/lib/pkgconfig PYTHONPATH=/workspace/foxy_ws/install/lib/python3.10/site-packages /usr/bin/cmake --build /workspace/foxy_ws/build/rmw -- -j12 -l12
[20.394s] Invoking command in '/workspace/foxy_ws/build/rmw': AMENT_PREFIX_PATH=/workspace/foxy_ws/install CMAKE_PREFIX_PATH=/workspace/foxy_ws/install LD_LIBRARY_PATH=/workspace/foxy_ws/install/lib PATH=/workspace/foxy_ws/install/bin:${PATH} PKG_CONFIG_PATH=/workspace/foxy_ws/install/lib/x86_64-linux-gnu/pkgconfig:/workspace/foxy_ws/install/lib/pkgconfig PYTHONPATH=/workspace/foxy_ws/install/lib/python3.10/site-packages /usr/bin/cmake --install /workspace/foxy_ws/build/rmw
[20.403s] -- Install configuration: ""
[20.403s] -- Installing: /workspace/foxy_ws/install/share/rmw/environment/library_path.sh
[20.403s] -- Installing: /workspace/foxy_ws/install/share/rmw/environment/library_path.dsv
[20.403s] -- Installing: /workspace/foxy_ws/install/share/ament_index/resource_index/package_run_dependencies/rmw
[20.404s] -- Installing: /workspace/foxy_ws/install/share/ament_index/resource_index/parent_prefix_path/rmw
[20.404s] -- Installing: /workspace/foxy_ws/install/share/rmw/environment/ament_prefix_path.sh
[20.404s] -- Installing: /workspace/foxy_ws/install/share/rmw/environment/ament_prefix_path.dsv
[20.404s] -- Installing: /workspace/foxy_ws/install/share/rmw/environment/path.sh
[20.404s] -- Installing: /workspace/foxy_ws/install/share/rmw/environment/path.dsv
[20.405s] -- Installing: /workspace/foxy_ws/install/share/rmw/local_setup.bash
[20.405s] -- Installing: /workspace/foxy_ws/install/share/rmw/local_setup.sh
[20.405s] -- Installing: /workspace/foxy_ws/install/share/rmw/local_setup.zsh
[20.405s] -- Installing: /workspace/foxy_ws/install/share/rmw/local_setup.dsv
[20.406s] -- Installing: /workspace/foxy_ws/install/share/rmw/package.dsv
[20.419s] -- Installing: /workspace/foxy_ws/install/share/ament_index/resource_index/packages/rmw
[20.420s] -- Installing: /workspace/foxy_ws/install/share/rmw/cmake/rmwExport.cmake
[20.420s] -- Installing: /workspace/foxy_ws/install/share/rmw/cmake/rmwExport-noconfig.cmake
[20.420s] -- Installing: /workspace/foxy_ws/install/share/rmw/cmake/rmw-extras.cmake
[20.420s] -- Installing: /workspace/foxy_ws/install/share/rmw/cmake/ament_cmake_export_dependencies-extras.cmake
[20.421s] -- Installing: /workspace/foxy_ws/install/share/rmw/cmake/ament_cmake_export_include_directories-extras.cmake
[20.421s] -- Installing: /workspace/foxy_ws/install/share/rmw/cmake/ament_cmake_export_libraries-extras.cmake
[20.421s] -- Installing: /workspace/foxy_ws/install/share/rmw/cmake/ament_cmake_export_targets-extras.cmake
[20.421s] -- Installing: /workspace/foxy_ws/install/share/rmw/cmake/rmwConfig.cmake
[20.421s] -- Installing: /workspace/foxy_ws/install/share/rmw/cmake/rmwConfig-version.cmake
[20.422s] -- Installing: /workspace/foxy_ws/install/share/rmw/package.xml
[20.422s] -- Up-to-date: /workspace/foxy_ws/install/share/rmw/cmake
[20.422s] -- Installing: /workspace/foxy_ws/install/share/rmw/cmake/configure_rmw_library.cmake
[20.422s] -- Installing: /workspace/foxy_ws/install/share/rmw/cmake/get_rmw_typesupport.cmake
[20.422s] -- Installing: /workspace/foxy_ws/install/share/rmw/cmake/register_rmw_implementation.cmake
[20.423s] -- Up-to-date: /workspace/foxy_ws/install/include
[20.423s] -- Installing: /workspace/foxy_ws/install/include/rmw
[20.423s] -- Installing: /workspace/foxy_ws/install/include/rmw/serialized_message.h
[20.423s] -- Installing: /workspace/foxy_ws/install/include/rmw/sanity_checks.h
[20.423s] -- Installing: /workspace/foxy_ws/install/include/rmw/get_service_names_and_types.h
[20.424s] -- Installing: /workspace/foxy_ws/install/include/rmw/init.h
[20.424s] -- Installing: /workspace/foxy_ws/install/include/rmw/event.h
[20.424s] -- Installing: /workspace/foxy_ws/install/include/rmw/rmw.h
[20.425s] -- Installing: /workspace/foxy_ws/install/include/rmw/error_handling.h
[20.425s] -- Installing: /workspace/foxy_ws/install/include/rmw/validate_node_name.h
[20.425s] -- Installing: /workspace/foxy_ws/install/include/rmw/qos_profiles.h
[20.426s] -- Installing: /workspace/foxy_ws/install/include/rmw/validate_full_topic_name.h
[20.426s] -- Installing: /workspace/foxy_ws/install/include/rmw/allocators.h
[20.426s] -- Installing: /workspace/foxy_ws/install/include/rmw/localhost.h
[20.426s] -- Installing: /workspace/foxy_ws/install/include/rmw/domain_id.h
[20.427s] -- Installing: /workspace/foxy_ws/install/include/rmw/publisher_options.h
[20.427s] -- Installing: /workspace/foxy_ws/install/include/rmw/topic_endpoint_info.h
[20.427s] -- Installing: /workspace/foxy_ws/install/include/rmw/get_topic_endpoint_info.h
[20.428s] -- Installing: /workspace/foxy_ws/install/include/rmw/names_and_types.h
[20.428s] -- Installing: /workspace/foxy_ws/install/include/rmw/init_options.h
[20.428s] -- Installing: /workspace/foxy_ws/install/include/rmw/visibility_control.h
[20.428s] -- Installing: /workspace/foxy_ws/install/include/rmw/topic_endpoint_info_array.h
[20.428s] -- Installing: /workspace/foxy_ws/install/include/rmw/validate_namespace.h
[20.429s] -- Installing: /workspace/foxy_ws/install/include/rmw/message_sequence.h
[20.429s] -- Installing: /workspace/foxy_ws/install/include/rmw/impl
[20.429s] -- Installing: /workspace/foxy_ws/install/include/rmw/impl/cpp
[20.429s] -- Installing: /workspace/foxy_ws/install/include/rmw/impl/cpp/demangle.hpp
[20.429s] -- Installing: /workspace/foxy_ws/install/include/rmw/impl/cpp/key_value.hpp
[20.430s] -- Installing: /workspace/foxy_ws/install/include/rmw/impl/cpp/macros.hpp
[20.430s] -- Installing: /workspace/foxy_ws/install/include/rmw/impl/config.h
[20.430s] -- Installing: /workspace/foxy_ws/install/include/rmw/get_topic_names_and_types.h
[20.431s] -- Installing: /workspace/foxy_ws/install/include/rmw/types.h
[20.431s] -- Installing: /workspace/foxy_ws/install/include/rmw/subscription_options.h
[20.431s] -- Installing: /workspace/foxy_ws/install/include/rmw/get_node_info_and_types.h
[20.432s] -- Installing: /workspace/foxy_ws/install/include/rmw/ret_types.h
[20.432s] -- Installing: /workspace/foxy_ws/install/include/rmw/macros.h
[20.432s] -- Installing: /workspace/foxy_ws/install/include/rmw/security_options.h
[20.432s] -- Installing: /workspace/foxy_ws/install/include/rmw/convert_rcutils_ret_to_rmw_ret.h
[20.433s] -- Installing: /workspace/foxy_ws/install/include/rmw/incompatible_qos_events_statuses.h
[20.433s] -- Installing: /workspace/foxy_ws/install/lib/librmw.so
[20.434s] -- Set runtime path of "/workspace/foxy_ws/install/lib/librmw.so" to ""
[20.437s] Invoked command in '/workspace/foxy_ws/build/rmw' returned '0': AMENT_PREFIX_PATH=/workspace/foxy_ws/install CMAKE_PREFIX_PATH=/workspace/foxy_ws/install LD_LIBRARY_PATH=/workspace/foxy_ws/install/lib PATH=/workspace/foxy_ws/install/bin:${PATH} PKG_CONFIG_PATH=/workspace/foxy_ws/install/lib/x86_64-linux-gnu/pkgconfig:/workspace/foxy_ws/install/lib/pkgconfig PYTHONPATH=/workspace/foxy_ws/install/lib/python3.10/site-packages /usr/bin/cmake --install /workspace/foxy_ws/build/rmw
