/workspace/foxy_ws/install/lib/python3.10/site-packages/ros2node/__init__.py
/workspace/foxy_ws/install/lib/python3.10/site-packages/ros2node/api/__init__.py
/workspace/foxy_ws/install/lib/python3.10/site-packages/ros2node/verb/list.py
/workspace/foxy_ws/install/lib/python3.10/site-packages/ros2node/verb/__init__.py
/workspace/foxy_ws/install/lib/python3.10/site-packages/ros2node/verb/info.py
/workspace/foxy_ws/install/lib/python3.10/site-packages/ros2node/command/__init__.py
/workspace/foxy_ws/install/lib/python3.10/site-packages/ros2node/command/node.py
/workspace/foxy_ws/install/lib/python3.10/site-packages/ros2node/__pycache__/__init__.cpython-310.pyc
/workspace/foxy_ws/install/lib/python3.10/site-packages/ros2node/api/__pycache__/__init__.cpython-310.pyc
/workspace/foxy_ws/install/lib/python3.10/site-packages/ros2node/verb/__pycache__/list.cpython-310.pyc
/workspace/foxy_ws/install/lib/python3.10/site-packages/ros2node/verb/__pycache__/__init__.cpython-310.pyc
/workspace/foxy_ws/install/lib/python3.10/site-packages/ros2node/verb/__pycache__/info.cpython-310.pyc
/workspace/foxy_ws/install/lib/python3.10/site-packages/ros2node/command/__pycache__/__init__.cpython-310.pyc
/workspace/foxy_ws/install/lib/python3.10/site-packages/ros2node/command/__pycache__/node.cpython-310.pyc
/workspace/foxy_ws/install/share/ros2node/package.xml
/workspace/foxy_ws/install/share/ament_index/resource_index/packages/ros2node
/workspace/foxy_ws/install/lib/python3.10/site-packages/ros2node-0.9.13-py3.10.egg-info/entry_points.txt
/workspace/foxy_ws/install/lib/python3.10/site-packages/ros2node-0.9.13-py3.10.egg-info/dependency_links.txt
/workspace/foxy_ws/install/lib/python3.10/site-packages/ros2node-0.9.13-py3.10.egg-info/zip-safe
/workspace/foxy_ws/install/lib/python3.10/site-packages/ros2node-0.9.13-py3.10.egg-info/top_level.txt
/workspace/foxy_ws/install/lib/python3.10/site-packages/ros2node-0.9.13-py3.10.egg-info/requires.txt
/workspace/foxy_ws/install/lib/python3.10/site-packages/ros2node-0.9.13-py3.10.egg-info/SOURCES.txt
/workspace/foxy_ws/install/lib/python3.10/site-packages/ros2node-0.9.13-py3.10.egg-info/PKG-INFO
