-- The C compiler identification is GNU 9.4.0
-- The CXX compiler identification is GNU 9.4.0
-- Check for working C compiler: /usr/bin/cc
-- Check for working C compiler: /usr/bin/cc -- works
-- Detecting C compiler ABI info
-- Detecting C compiler ABI info - done
-- Detecting C compile features
-- Detecting C compile features - done
-- Check for working CXX compiler: /usr/bin/c++
-- Check for working CXX compiler: /usr/bin/c++ -- works
-- Detecting CXX compiler ABI info
-- Detecting CXX compiler ABI info - done
-- Detecting CXX compile features
-- Detecting CXX compile features - done
-- Found ament_cmake: 0.9.12 (/workspace/foxy_ws/install/share/ament_cmake/cmake)
-- Found PythonInterp: /usr/bin/python3 (found suitable version "3.10.14", minimum required is "3") 
-- Using PYTHON_EXECUTABLE: /usr/bin/python3
-- Found builtin_interfaces: 1.0.0 (/workspace/foxy_ws/install/share/builtin_interfaces/cmake)
-- Using all available rosidl_typesupport_c: rosidl_typesupport_fastrtps_c;rosidl_typesupport_introspection_c
-- Found rosidl_adapter: 1.3.1 (/workspace/foxy_ws/install/share/rosidl_adapter/cmake)
-- Found OpenSSL: /usr/lib/x86_64-linux-gnu/libcrypto.so (found version "1.1.1f")  
-- Found FastRTPS: /workspace/foxy_ws/install/include  
-- Using all available rosidl_typesupport_cpp: rosidl_typesupport_fastrtps_cpp;rosidl_typesupport_introspection_cpp
-- Found rosidl_default_generators: 1.0.1 (/workspace/foxy_ws/install/share/rosidl_default_generators/cmake)
-- Found unique_identifier_msgs: 2.1.3 (/workspace/foxy_ws/install/share/unique_identifier_msgs/cmake)
-- Found PythonInterp: /usr/bin/python3 (found version "3.10.14") 
-- Found ament_cmake_cppcheck: 0.9.8 (/workspace/foxy_ws/install/share/ament_cmake_cppcheck/cmake)
-- Found ament_cmake_cpplint: 0.9.8 (/workspace/foxy_ws/install/share/ament_cmake_cpplint/cmake)
-- Found ament_cmake_uncrustify: 0.9.8 (/workspace/foxy_ws/install/share/ament_cmake_uncrustify/cmake)
-- Found ament_cmake_ros: 0.9.2 (/workspace/foxy_ws/install/share/ament_cmake_ros/cmake)
-- Using all available rosidl_typesupport_c: rosidl_typesupport_fastrtps_c;rosidl_typesupport_introspection_c
-- Using all available rosidl_typesupport_cpp: rosidl_typesupport_fastrtps_cpp;rosidl_typesupport_introspection_cpp
-- Found PythonInterp: /usr/bin/python3 (found suitable version "3.10.14", minimum required is "3.5") 
-- Found python_cmake_module: 0.8.1 (/workspace/foxy_ws/install/share/python_cmake_module/cmake)
-- Found PythonLibs: /usr/lib/x86_64-linux-gnu/libpython3.10.so (found suitable version "3.10.14", minimum required is "3.5") 
-- Using PYTHON_EXECUTABLE: /usr/bin/python3
-- Using PYTHON_INCLUDE_DIRS: /usr/include/python3.10
-- Using PYTHON_LIBRARIES: /usr/lib/x86_64-linux-gnu/libpython3.10.so
-- Found PythonExtra: .so  
-- Using numpy include directory: /usr/local/lib/python3.10/dist-packages/numpy/core/include
-- Found ament_cmake_flake8: 0.9.8 (/workspace/foxy_ws/install/share/ament_cmake_flake8/cmake)
-- Found ament_cmake_pep257: 0.9.8 (/workspace/foxy_ws/install/share/ament_cmake_pep257/cmake)
-- Found ament_lint_auto: 0.9.8 (/workspace/foxy_ws/install/share/ament_lint_auto/cmake)
-- Added test 'copyright' to check source files copyright and LICENSE
-- Added test 'lint_cmake' to check CMake code style
-- Added test 'xmllint' to check XML markup files
-- Configuring done
-- Generating done
-- Build files have been written to: /workspace/foxy_ws/build/action_msgs
[  1%] Generating C code for ROS interfaces
Scanning dependencies of target action_msgs__cpp
[  3%] Generating C++ code for ROS interfaces
[  3%] Built target action_msgs__cpp
[  5%] Generating C++ type support dispatch for ROS interfaces
Scanning dependencies of target action_msgs__rosidl_generator_c
[  7%] Building C object CMakeFiles/action_msgs__rosidl_generator_c.dir/rosidl_generator_c/action_msgs/msg/detail/goal_info__functions.c.o
[  9%] Building C object CMakeFiles/action_msgs__rosidl_generator_c.dir/rosidl_generator_c/action_msgs/msg/detail/goal_status__functions.c.o
[ 10%] Building C object CMakeFiles/action_msgs__rosidl_generator_c.dir/rosidl_generator_c/action_msgs/srv/detail/cancel_goal__functions.c.o
[ 12%] Building C object CMakeFiles/action_msgs__rosidl_generator_c.dir/rosidl_generator_c/action_msgs/msg/detail/goal_status_array__functions.c.o
[ 14%] Linking C shared library libaction_msgs__rosidl_generator_c.so
[ 14%] Built target action_msgs__rosidl_generator_c
[ 16%] Generating C++ type support for eProsima Fast-RTPS
Scanning dependencies of target action_msgs__rosidl_typesupport_cpp
[ 18%] Building CXX object CMakeFiles/action_msgs__rosidl_typesupport_cpp.dir/rosidl_typesupport_cpp/action_msgs/msg/goal_status__type_support.cpp.o
[ 20%] Building CXX object CMakeFiles/action_msgs__rosidl_typesupport_cpp.dir/rosidl_typesupport_cpp/action_msgs/msg/goal_info__type_support.cpp.o
[ 21%] Building CXX object CMakeFiles/action_msgs__rosidl_typesupport_cpp.dir/rosidl_typesupport_cpp/action_msgs/srv/cancel_goal__type_support.cpp.o
[ 23%] Building CXX object CMakeFiles/action_msgs__rosidl_typesupport_cpp.dir/rosidl_typesupport_cpp/action_msgs/msg/goal_status_array__type_support.cpp.o
Scanning dependencies of target action_msgs__rosidl_typesupport_fastrtps_cpp
[ 25%] Linking CXX shared library libaction_msgs__rosidl_typesupport_cpp.so
[ 27%] Building CXX object CMakeFiles/action_msgs__rosidl_typesupport_fastrtps_cpp.dir/rosidl_typesupport_fastrtps_cpp/action_msgs/msg/detail/dds_fastrtps/goal_info__type_support.cpp.o
[ 27%] Built target action_msgs__rosidl_typesupport_cpp
[ 29%] Building CXX object CMakeFiles/action_msgs__rosidl_typesupport_fastrtps_cpp.dir/rosidl_typesupport_fastrtps_cpp/action_msgs/srv/detail/dds_fastrtps/cancel_goal__type_support.cpp.o
[ 30%] Building CXX object CMakeFiles/action_msgs__rosidl_typesupport_fastrtps_cpp.dir/rosidl_typesupport_fastrtps_cpp/action_msgs/msg/detail/dds_fastrtps/goal_status_array__type_support.cpp.o
[ 32%] Building CXX object CMakeFiles/action_msgs__rosidl_typesupport_fastrtps_cpp.dir/rosidl_typesupport_fastrtps_cpp/action_msgs/msg/detail/dds_fastrtps/goal_status__type_support.cpp.o
[ 34%] Linking CXX shared library libaction_msgs__rosidl_typesupport_fastrtps_cpp.so
[ 34%] Built target action_msgs__rosidl_typesupport_fastrtps_cpp
[ 36%] Generating C type support dispatch for ROS interfaces
Scanning dependencies of target action_msgs__rosidl_typesupport_c
[ 38%] Building CXX object CMakeFiles/action_msgs__rosidl_typesupport_c.dir/rosidl_typesupport_c/action_msgs/msg/goal_info__type_support.cpp.o
[ 40%] Building CXX object CMakeFiles/action_msgs__rosidl_typesupport_c.dir/rosidl_typesupport_c/action_msgs/srv/cancel_goal__type_support.cpp.o
[ 41%] Building CXX object CMakeFiles/action_msgs__rosidl_typesupport_c.dir/rosidl_typesupport_c/action_msgs/msg/goal_status_array__type_support.cpp.o
[ 43%] Building CXX object CMakeFiles/action_msgs__rosidl_typesupport_c.dir/rosidl_typesupport_c/action_msgs/msg/goal_status__type_support.cpp.o
[ 45%] Linking CXX shared library libaction_msgs__rosidl_typesupport_c.so
[ 45%] Built target action_msgs__rosidl_typesupport_c
[ 47%] Generating C type support for eProsima Fast-RTPS
Scanning dependencies of target action_msgs__rosidl_typesupport_fastrtps_c
[ 49%] Building CXX object CMakeFiles/action_msgs__rosidl_typesupport_fastrtps_c.dir/rosidl_typesupport_fastrtps_c/action_msgs/msg/detail/goal_info__type_support_c.cpp.o
[ 50%] Building CXX object CMakeFiles/action_msgs__rosidl_typesupport_fastrtps_c.dir/rosidl_typesupport_fastrtps_c/action_msgs/srv/detail/cancel_goal__type_support_c.cpp.o
[ 52%] Building CXX object CMakeFiles/action_msgs__rosidl_typesupport_fastrtps_c.dir/rosidl_typesupport_fastrtps_c/action_msgs/msg/detail/goal_status_array__type_support_c.cpp.o
[ 54%] Building CXX object CMakeFiles/action_msgs__rosidl_typesupport_fastrtps_c.dir/rosidl_typesupport_fastrtps_c/action_msgs/msg/detail/goal_status__type_support_c.cpp.o
[ 56%] Linking CXX shared library libaction_msgs__rosidl_typesupport_fastrtps_c.so
[ 56%] Built target action_msgs__rosidl_typesupport_fastrtps_c
[ 58%] Generating C introspection for ROS interfaces
Scanning dependencies of target action_msgs__rosidl_typesupport_introspection_c
[ 60%] Building C object CMakeFiles/action_msgs__rosidl_typesupport_introspection_c.dir/rosidl_typesupport_introspection_c/action_msgs/msg/detail/goal_info__type_support.c.o
[ 61%] Building C object CMakeFiles/action_msgs__rosidl_typesupport_introspection_c.dir/rosidl_typesupport_introspection_c/action_msgs/srv/detail/cancel_goal__type_support.c.o
[ 63%] Building C object CMakeFiles/action_msgs__rosidl_typesupport_introspection_c.dir/rosidl_typesupport_introspection_c/action_msgs/msg/detail/goal_status_array__type_support.c.o
[ 65%] Building C object CMakeFiles/action_msgs__rosidl_typesupport_introspection_c.dir/rosidl_typesupport_introspection_c/action_msgs/msg/detail/goal_status__type_support.c.o
[ 67%] Linking C shared library libaction_msgs__rosidl_typesupport_introspection_c.so
[ 67%] Built target action_msgs__rosidl_typesupport_introspection_c
[ 69%] Generating C++ introspection for ROS interfaces
Scanning dependencies of target action_msgs__rosidl_typesupport_introspection_cpp
[ 70%] Building CXX object CMakeFiles/action_msgs__rosidl_typesupport_introspection_cpp.dir/rosidl_typesupport_introspection_cpp/action_msgs/msg/detail/goal_info__type_support.cpp.o
[ 72%] Building CXX object CMakeFiles/action_msgs__rosidl_typesupport_introspection_cpp.dir/rosidl_typesupport_introspection_cpp/action_msgs/srv/detail/cancel_goal__type_support.cpp.o
[ 74%] Building CXX object CMakeFiles/action_msgs__rosidl_typesupport_introspection_cpp.dir/rosidl_typesupport_introspection_cpp/action_msgs/msg/detail/goal_status_array__type_support.cpp.o
[ 76%] Building CXX object CMakeFiles/action_msgs__rosidl_typesupport_introspection_cpp.dir/rosidl_typesupport_introspection_cpp/action_msgs/msg/detail/goal_status__type_support.cpp.o
[ 78%] Linking CXX shared library libaction_msgs__rosidl_typesupport_introspection_cpp.so
[ 78%] Built target action_msgs__rosidl_typesupport_introspection_cpp
Scanning dependencies of target action_msgs
[ 78%] Built target action_msgs
Scanning dependencies of target action_msgs__py
[ 80%] Generating Python code for ROS interfaces
[ 80%] Built target action_msgs__py
Scanning dependencies of target action_msgs__python
[ 81%] Building C object CMakeFiles/action_msgs__python.dir/rosidl_generator_py/action_msgs/msg/_goal_info_s.c.o
[ 83%] Building C object CMakeFiles/action_msgs__python.dir/rosidl_generator_py/action_msgs/srv/_cancel_goal_s.c.o
[ 85%] Building C object CMakeFiles/action_msgs__python.dir/rosidl_generator_py/action_msgs/msg/_goal_status_array_s.c.o
[ 87%] Building C object CMakeFiles/action_msgs__python.dir/rosidl_generator_py/action_msgs/msg/_goal_status_s.c.o
[ 89%] Linking C shared library rosidl_generator_py/action_msgs/libaction_msgs__python.so
[ 89%] Built target action_msgs__python
Scanning dependencies of target action_msgs__rosidl_typesupport_introspection_c__pyext
[ 90%] Building C object CMakeFiles/action_msgs__rosidl_typesupport_introspection_c__pyext.dir/rosidl_generator_py/action_msgs/_action_msgs_s.ep.rosidl_typesupport_introspection_c.c.o
[ 92%] Linking C shared library rosidl_generator_py/action_msgs/action_msgs_s__rosidl_typesupport_introspection_c.cpython-310-x86_64-linux-gnu.so
[ 92%] Built target action_msgs__rosidl_typesupport_introspection_c__pyext
Scanning dependencies of target action_msgs__rosidl_typesupport_c__pyext
[ 94%] Building C object CMakeFiles/action_msgs__rosidl_typesupport_c__pyext.dir/rosidl_generator_py/action_msgs/_action_msgs_s.ep.rosidl_typesupport_c.c.o
[ 96%] Linking C shared library rosidl_generator_py/action_msgs/action_msgs_s__rosidl_typesupport_c.cpython-310-x86_64-linux-gnu.so
[ 96%] Built target action_msgs__rosidl_typesupport_c__pyext
Scanning dependencies of target action_msgs__rosidl_typesupport_fastrtps_c__pyext
[ 98%] Building C object CMakeFiles/action_msgs__rosidl_typesupport_fastrtps_c__pyext.dir/rosidl_generator_py/action_msgs/_action_msgs_s.ep.rosidl_typesupport_fastrtps_c.c.o
[100%] Linking CXX shared library rosidl_generator_py/action_msgs/action_msgs_s__rosidl_typesupport_fastrtps_c.cpython-310-x86_64-linux-gnu.so
[100%] Built target action_msgs__rosidl_typesupport_fastrtps_c__pyext
-- Install configuration: ""
-- Installing: /workspace/foxy_ws/install/share/ament_index/resource_index/rosidl_interfaces/action_msgs
-- Installing: /workspace/foxy_ws/install/include/action_msgs
-- Installing: /workspace/foxy_ws/install/include/action_msgs/msg
-- Installing: /workspace/foxy_ws/install/include/action_msgs/msg/goal_status.h
-- Installing: /workspace/foxy_ws/install/include/action_msgs/msg/goal_status_array.h
-- Installing: /workspace/foxy_ws/install/include/action_msgs/msg/goal_info.h
-- Installing: /workspace/foxy_ws/install/include/action_msgs/msg/rosidl_generator_c__visibility_control.h
-- Installing: /workspace/foxy_ws/install/include/action_msgs/msg/detail
-- Installing: /workspace/foxy_ws/install/include/action_msgs/msg/detail/goal_status__struct.h
-- Installing: /workspace/foxy_ws/install/include/action_msgs/msg/detail/goal_status__functions.h
-- Installing: /workspace/foxy_ws/install/include/action_msgs/msg/detail/goal_status__type_support.h
-- Installing: /workspace/foxy_ws/install/include/action_msgs/msg/detail/goal_status_array__functions.c
-- Installing: /workspace/foxy_ws/install/include/action_msgs/msg/detail/goal_status__functions.c
-- Installing: /workspace/foxy_ws/install/include/action_msgs/msg/detail/goal_info__type_support.h
-- Installing: /workspace/foxy_ws/install/include/action_msgs/msg/detail/goal_status_array__functions.h
-- Installing: /workspace/foxy_ws/install/include/action_msgs/msg/detail/goal_info__functions.c
-- Installing: /workspace/foxy_ws/install/include/action_msgs/msg/detail/goal_info__functions.h
-- Installing: /workspace/foxy_ws/install/include/action_msgs/msg/detail/goal_info__struct.h
-- Installing: /workspace/foxy_ws/install/include/action_msgs/msg/detail/goal_status_array__type_support.h
-- Installing: /workspace/foxy_ws/install/include/action_msgs/msg/detail/goal_status_array__struct.h
-- Installing: /workspace/foxy_ws/install/include/action_msgs/srv
-- Installing: /workspace/foxy_ws/install/include/action_msgs/srv/cancel_goal.h
-- Installing: /workspace/foxy_ws/install/include/action_msgs/srv/detail
-- Installing: /workspace/foxy_ws/install/include/action_msgs/srv/detail/cancel_goal__functions.h
-- Installing: /workspace/foxy_ws/install/include/action_msgs/srv/detail/cancel_goal__functions.c
-- Installing: /workspace/foxy_ws/install/include/action_msgs/srv/detail/cancel_goal__type_support.h
-- Installing: /workspace/foxy_ws/install/include/action_msgs/srv/detail/cancel_goal__struct.h
-- Installing: /workspace/foxy_ws/install/share/action_msgs/environment/library_path.sh
-- Installing: /workspace/foxy_ws/install/share/action_msgs/environment/library_path.dsv
-- Installing: /workspace/foxy_ws/install/lib/libaction_msgs__rosidl_generator_c.so
-- Set runtime path of "/workspace/foxy_ws/install/lib/libaction_msgs__rosidl_generator_c.so" to ""
-- Up-to-date: /workspace/foxy_ws/install/include/action_msgs
-- Up-to-date: /workspace/foxy_ws/install/include/action_msgs/msg
-- Installing: /workspace/foxy_ws/install/include/action_msgs/msg/rosidl_typesupport_fastrtps_c__visibility_control.h
-- Up-to-date: /workspace/foxy_ws/install/include/action_msgs/msg/detail
-- Installing: /workspace/foxy_ws/install/include/action_msgs/msg/detail/goal_info__rosidl_typesupport_fastrtps_c.h
-- Installing: /workspace/foxy_ws/install/include/action_msgs/msg/detail/goal_status_array__rosidl_typesupport_fastrtps_c.h
-- Installing: /workspace/foxy_ws/install/include/action_msgs/msg/detail/goal_status__rosidl_typesupport_fastrtps_c.h
-- Up-to-date: /workspace/foxy_ws/install/include/action_msgs/srv
-- Up-to-date: /workspace/foxy_ws/install/include/action_msgs/srv/detail
-- Installing: /workspace/foxy_ws/install/include/action_msgs/srv/detail/cancel_goal__rosidl_typesupport_fastrtps_c.h
-- Installing: /workspace/foxy_ws/install/lib/libaction_msgs__rosidl_typesupport_fastrtps_c.so
-- Set runtime path of "/workspace/foxy_ws/install/lib/libaction_msgs__rosidl_typesupport_fastrtps_c.so" to ""
-- Up-to-date: /workspace/foxy_ws/install/include/action_msgs
-- Up-to-date: /workspace/foxy_ws/install/include/action_msgs/msg
-- Installing: /workspace/foxy_ws/install/include/action_msgs/msg/rosidl_typesupport_fastrtps_cpp__visibility_control.h
-- Up-to-date: /workspace/foxy_ws/install/include/action_msgs/msg/detail
-- Installing: /workspace/foxy_ws/install/include/action_msgs/msg/detail/goal_info__rosidl_typesupport_fastrtps_cpp.hpp
-- Installing: /workspace/foxy_ws/install/include/action_msgs/msg/detail/goal_status__rosidl_typesupport_fastrtps_cpp.hpp
-- Installing: /workspace/foxy_ws/install/include/action_msgs/msg/detail/dds_fastrtps
-- Installing: /workspace/foxy_ws/install/include/action_msgs/msg/detail/goal_status_array__rosidl_typesupport_fastrtps_cpp.hpp
-- Up-to-date: /workspace/foxy_ws/install/include/action_msgs/srv
-- Up-to-date: /workspace/foxy_ws/install/include/action_msgs/srv/detail
-- Installing: /workspace/foxy_ws/install/include/action_msgs/srv/detail/dds_fastrtps
-- Installing: /workspace/foxy_ws/install/include/action_msgs/srv/detail/cancel_goal__rosidl_typesupport_fastrtps_cpp.hpp
-- Installing: /workspace/foxy_ws/install/lib/libaction_msgs__rosidl_typesupport_fastrtps_cpp.so
-- Set runtime path of "/workspace/foxy_ws/install/lib/libaction_msgs__rosidl_typesupport_fastrtps_cpp.so" to ""
-- Up-to-date: /workspace/foxy_ws/install/include/action_msgs
-- Up-to-date: /workspace/foxy_ws/install/include/action_msgs/msg
-- Installing: /workspace/foxy_ws/install/include/action_msgs/msg/rosidl_typesupport_introspection_c__visibility_control.h
-- Up-to-date: /workspace/foxy_ws/install/include/action_msgs/msg/detail
-- Installing: /workspace/foxy_ws/install/include/action_msgs/msg/detail/goal_info__rosidl_typesupport_introspection_c.h
-- Installing: /workspace/foxy_ws/install/include/action_msgs/msg/detail/goal_status__type_support.c
-- Installing: /workspace/foxy_ws/install/include/action_msgs/msg/detail/goal_status_array__type_support.c
-- Installing: /workspace/foxy_ws/install/include/action_msgs/msg/detail/goal_info__type_support.c
-- Installing: /workspace/foxy_ws/install/include/action_msgs/msg/detail/goal_status__rosidl_typesupport_introspection_c.h
-- Installing: /workspace/foxy_ws/install/include/action_msgs/msg/detail/goal_status_array__rosidl_typesupport_introspection_c.h
-- Up-to-date: /workspace/foxy_ws/install/include/action_msgs/srv
-- Up-to-date: /workspace/foxy_ws/install/include/action_msgs/srv/detail
-- Installing: /workspace/foxy_ws/install/include/action_msgs/srv/detail/cancel_goal__type_support.c
-- Installing: /workspace/foxy_ws/install/include/action_msgs/srv/detail/cancel_goal__rosidl_typesupport_introspection_c.h
-- Installing: /workspace/foxy_ws/install/lib/libaction_msgs__rosidl_typesupport_introspection_c.so
-- Set runtime path of "/workspace/foxy_ws/install/lib/libaction_msgs__rosidl_typesupport_introspection_c.so" to ""
-- Installing: /workspace/foxy_ws/install/lib/libaction_msgs__rosidl_typesupport_c.so
-- Set runtime path of "/workspace/foxy_ws/install/lib/libaction_msgs__rosidl_typesupport_c.so" to ""
-- Up-to-date: /workspace/foxy_ws/install/include/action_msgs
-- Up-to-date: /workspace/foxy_ws/install/include/action_msgs/msg
-- Installing: /workspace/foxy_ws/install/include/action_msgs/msg/goal_info.hpp
-- Installing: /workspace/foxy_ws/install/include/action_msgs/msg/goal_status.hpp
-- Installing: /workspace/foxy_ws/install/include/action_msgs/msg/rosidl_generator_cpp__visibility_control.hpp
-- Installing: /workspace/foxy_ws/install/include/action_msgs/msg/goal_status_array.hpp
-- Up-to-date: /workspace/foxy_ws/install/include/action_msgs/msg/detail
-- Installing: /workspace/foxy_ws/install/include/action_msgs/msg/detail/goal_status__struct.hpp
-- Installing: /workspace/foxy_ws/install/include/action_msgs/msg/detail/goal_info__type_support.hpp
-- Installing: /workspace/foxy_ws/install/include/action_msgs/msg/detail/goal_info__builder.hpp
-- Installing: /workspace/foxy_ws/install/include/action_msgs/msg/detail/goal_status_array__traits.hpp
-- Installing: /workspace/foxy_ws/install/include/action_msgs/msg/detail/goal_status__type_support.hpp
-- Installing: /workspace/foxy_ws/install/include/action_msgs/msg/detail/goal_status__builder.hpp
-- Installing: /workspace/foxy_ws/install/include/action_msgs/msg/detail/goal_info__struct.hpp
-- Installing: /workspace/foxy_ws/install/include/action_msgs/msg/detail/goal_status_array__type_support.hpp
-- Installing: /workspace/foxy_ws/install/include/action_msgs/msg/detail/goal_status_array__struct.hpp
-- Installing: /workspace/foxy_ws/install/include/action_msgs/msg/detail/goal_status_array__builder.hpp
-- Installing: /workspace/foxy_ws/install/include/action_msgs/msg/detail/goal_info__traits.hpp
-- Installing: /workspace/foxy_ws/install/include/action_msgs/msg/detail/goal_status__traits.hpp
-- Up-to-date: /workspace/foxy_ws/install/include/action_msgs/srv
-- Installing: /workspace/foxy_ws/install/include/action_msgs/srv/cancel_goal.hpp
-- Up-to-date: /workspace/foxy_ws/install/include/action_msgs/srv/detail
-- Installing: /workspace/foxy_ws/install/include/action_msgs/srv/detail/cancel_goal__type_support.hpp
-- Installing: /workspace/foxy_ws/install/include/action_msgs/srv/detail/cancel_goal__struct.hpp
-- Installing: /workspace/foxy_ws/install/include/action_msgs/srv/detail/cancel_goal__traits.hpp
-- Installing: /workspace/foxy_ws/install/include/action_msgs/srv/detail/cancel_goal__builder.hpp
-- Up-to-date: /workspace/foxy_ws/install/include/action_msgs
-- Up-to-date: /workspace/foxy_ws/install/include/action_msgs/msg
-- Up-to-date: /workspace/foxy_ws/install/include/action_msgs/msg/detail
-- Installing: /workspace/foxy_ws/install/include/action_msgs/msg/detail/goal_status__rosidl_typesupport_introspection_cpp.hpp
-- Installing: /workspace/foxy_ws/install/include/action_msgs/msg/detail/goal_status__type_support.cpp
-- Installing: /workspace/foxy_ws/install/include/action_msgs/msg/detail/goal_status_array__rosidl_typesupport_introspection_cpp.hpp
-- Installing: /workspace/foxy_ws/install/include/action_msgs/msg/detail/goal_status_array__type_support.cpp
-- Installing: /workspace/foxy_ws/install/include/action_msgs/msg/detail/goal_info__rosidl_typesupport_introspection_cpp.hpp
-- Installing: /workspace/foxy_ws/install/include/action_msgs/msg/detail/goal_info__type_support.cpp
-- Up-to-date: /workspace/foxy_ws/install/include/action_msgs/srv
-- Up-to-date: /workspace/foxy_ws/install/include/action_msgs/srv/detail
-- Installing: /workspace/foxy_ws/install/include/action_msgs/srv/detail/cancel_goal__type_support.cpp
-- Installing: /workspace/foxy_ws/install/include/action_msgs/srv/detail/cancel_goal__rosidl_typesupport_introspection_cpp.hpp
-- Installing: /workspace/foxy_ws/install/lib/libaction_msgs__rosidl_typesupport_introspection_cpp.so
-- Set runtime path of "/workspace/foxy_ws/install/lib/libaction_msgs__rosidl_typesupport_introspection_cpp.so" to ""
-- Installing: /workspace/foxy_ws/install/lib/libaction_msgs__rosidl_typesupport_cpp.so
-- Set runtime path of "/workspace/foxy_ws/install/lib/libaction_msgs__rosidl_typesupport_cpp.so" to ""
-- Installing: /workspace/foxy_ws/install/share/action_msgs/environment/pythonpath.sh
-- Installing: /workspace/foxy_ws/install/share/action_msgs/environment/pythonpath.dsv
-- Installing: /workspace/foxy_ws/install/lib/python3.10/site-packages/action_msgs/__init__.py
Compiling '/workspace/foxy_ws/install/lib/python3.10/site-packages/action_msgs/__init__.py'...
-- Installing: /workspace/foxy_ws/install/lib/python3.10/site-packages/action_msgs/msg
-- Installing: /workspace/foxy_ws/install/lib/python3.10/site-packages/action_msgs/msg/_goal_info.py
-- Installing: /workspace/foxy_ws/install/lib/python3.10/site-packages/action_msgs/msg/_goal_status_array.py
-- Installing: /workspace/foxy_ws/install/lib/python3.10/site-packages/action_msgs/msg/_goal_status.py
-- Installing: /workspace/foxy_ws/install/lib/python3.10/site-packages/action_msgs/msg/_goal_status_array_s.c
-- Installing: /workspace/foxy_ws/install/lib/python3.10/site-packages/action_msgs/msg/__init__.py
-- Installing: /workspace/foxy_ws/install/lib/python3.10/site-packages/action_msgs/msg/_goal_info_s.c
-- Installing: /workspace/foxy_ws/install/lib/python3.10/site-packages/action_msgs/msg/_goal_status_s.c
-- Installing: /workspace/foxy_ws/install/lib/python3.10/site-packages/action_msgs/srv
-- Installing: /workspace/foxy_ws/install/lib/python3.10/site-packages/action_msgs/srv/_cancel_goal_s.c
-- Installing: /workspace/foxy_ws/install/lib/python3.10/site-packages/action_msgs/srv/_cancel_goal.py
-- Installing: /workspace/foxy_ws/install/lib/python3.10/site-packages/action_msgs/srv/__init__.py
-- Installing: /workspace/foxy_ws/install/lib/python3.10/site-packages/action_msgs/action_msgs_s__rosidl_typesupport_fastrtps_c.cpython-310-x86_64-linux-gnu.so
-- Set runtime path of "/workspace/foxy_ws/install/lib/python3.10/site-packages/action_msgs/action_msgs_s__rosidl_typesupport_fastrtps_c.cpython-310-x86_64-linux-gnu.so" to ""
-- Installing: /workspace/foxy_ws/install/lib/python3.10/site-packages/action_msgs/action_msgs_s__rosidl_typesupport_introspection_c.cpython-310-x86_64-linux-gnu.so
-- Set runtime path of "/workspace/foxy_ws/install/lib/python3.10/site-packages/action_msgs/action_msgs_s__rosidl_typesupport_introspection_c.cpython-310-x86_64-linux-gnu.so" to ""
-- Installing: /workspace/foxy_ws/install/lib/python3.10/site-packages/action_msgs/action_msgs_s__rosidl_typesupport_c.cpython-310-x86_64-linux-gnu.so
-- Set runtime path of "/workspace/foxy_ws/install/lib/python3.10/site-packages/action_msgs/action_msgs_s__rosidl_typesupport_c.cpython-310-x86_64-linux-gnu.so" to ""
-- Installing: /workspace/foxy_ws/install/lib/libaction_msgs__python.so
-- Set runtime path of "/workspace/foxy_ws/install/lib/libaction_msgs__python.so" to ""
-- Installing: /workspace/foxy_ws/install/share/action_msgs/msg/GoalInfo.idl
-- Installing: /workspace/foxy_ws/install/share/action_msgs/msg/GoalStatus.idl
-- Installing: /workspace/foxy_ws/install/share/action_msgs/msg/GoalStatusArray.idl
-- Installing: /workspace/foxy_ws/install/share/action_msgs/srv/CancelGoal.idl
-- Installing: /workspace/foxy_ws/install/share/action_msgs/msg/GoalInfo.msg
-- Installing: /workspace/foxy_ws/install/share/action_msgs/msg/GoalStatus.msg
-- Installing: /workspace/foxy_ws/install/share/action_msgs/msg/GoalStatusArray.msg
-- Installing: /workspace/foxy_ws/install/share/action_msgs/srv/CancelGoal.srv
-- Installing: /workspace/foxy_ws/install/share/action_msgs/srv/CancelGoal_Request.msg
-- Installing: /workspace/foxy_ws/install/share/action_msgs/srv/CancelGoal_Response.msg
-- Installing: /workspace/foxy_ws/install/share/ament_index/resource_index/package_run_dependencies/action_msgs
-- Installing: /workspace/foxy_ws/install/share/ament_index/resource_index/parent_prefix_path/action_msgs
-- Installing: /workspace/foxy_ws/install/share/action_msgs/environment/ament_prefix_path.sh
-- Installing: /workspace/foxy_ws/install/share/action_msgs/environment/ament_prefix_path.dsv
-- Installing: /workspace/foxy_ws/install/share/action_msgs/environment/path.sh
-- Installing: /workspace/foxy_ws/install/share/action_msgs/environment/path.dsv
-- Installing: /workspace/foxy_ws/install/share/action_msgs/local_setup.bash
-- Installing: /workspace/foxy_ws/install/share/action_msgs/local_setup.sh
-- Installing: /workspace/foxy_ws/install/share/action_msgs/local_setup.zsh
-- Installing: /workspace/foxy_ws/install/share/action_msgs/local_setup.dsv
-- Installing: /workspace/foxy_ws/install/share/action_msgs/package.dsv
-- Installing: /workspace/foxy_ws/install/share/ament_index/resource_index/packages/action_msgs
-- Installing: /workspace/foxy_ws/install/share/action_msgs/cmake/action_msgs__rosidl_generator_cExport.cmake
-- Installing: /workspace/foxy_ws/install/share/action_msgs/cmake/action_msgs__rosidl_generator_cExport-noconfig.cmake
-- Installing: /workspace/foxy_ws/install/share/action_msgs/cmake/action_msgs__rosidl_typesupport_introspection_cExport.cmake
-- Installing: /workspace/foxy_ws/install/share/action_msgs/cmake/action_msgs__rosidl_typesupport_introspection_cExport-noconfig.cmake
-- Installing: /workspace/foxy_ws/install/share/action_msgs/cmake/action_msgs__rosidl_typesupport_cExport.cmake
-- Installing: /workspace/foxy_ws/install/share/action_msgs/cmake/action_msgs__rosidl_typesupport_cExport-noconfig.cmake
-- Installing: /workspace/foxy_ws/install/share/action_msgs/cmake/action_msgs__rosidl_generator_cppExport.cmake
-- Installing: /workspace/foxy_ws/install/share/action_msgs/cmake/action_msgs__rosidl_typesupport_introspection_cppExport.cmake
-- Installing: /workspace/foxy_ws/install/share/action_msgs/cmake/action_msgs__rosidl_typesupport_introspection_cppExport-noconfig.cmake
-- Installing: /workspace/foxy_ws/install/share/action_msgs/cmake/action_msgs__rosidl_typesupport_cppExport.cmake
-- Installing: /workspace/foxy_ws/install/share/action_msgs/cmake/action_msgs__rosidl_typesupport_cppExport-noconfig.cmake
-- Installing: /workspace/foxy_ws/install/share/action_msgs/cmake/rosidl_cmake-extras.cmake
-- Installing: /workspace/foxy_ws/install/share/action_msgs/cmake/ament_cmake_export_dependencies-extras.cmake
-- Installing: /workspace/foxy_ws/install/share/action_msgs/cmake/ament_cmake_export_libraries-extras.cmake
-- Installing: /workspace/foxy_ws/install/share/action_msgs/cmake/ament_cmake_export_targets-extras.cmake
-- Installing: /workspace/foxy_ws/install/share/action_msgs/cmake/ament_cmake_export_include_directories-extras.cmake
-- Installing: /workspace/foxy_ws/install/share/action_msgs/cmake/rosidl_cmake_export_typesupport_libraries-extras.cmake
-- Installing: /workspace/foxy_ws/install/share/action_msgs/cmake/rosidl_cmake_export_typesupport_targets-extras.cmake
-- Installing: /workspace/foxy_ws/install/share/action_msgs/cmake/action_msgsConfig.cmake
-- Installing: /workspace/foxy_ws/install/share/action_msgs/cmake/action_msgsConfig-version.cmake
-- Installing: /workspace/foxy_ws/install/share/action_msgs/package.xml
