[0.189s] Invoking command in '/workspace/foxy_ws/build/action_msgs': AMENT_PREFIX_PATH=/workspace/foxy_ws/install CMAKE_PREFIX_PATH=/workspace/foxy_ws/install LD_LIBRARY_PATH=/workspace/foxy_ws/install/lib PATH=/workspace/foxy_ws/install/bin:${PATH} PKG_CONFIG_PATH=/workspace/foxy_ws/install/lib/x86_64-linux-gnu/pkgconfig:/workspace/foxy_ws/install/lib/pkgconfig PYTHONPATH=/workspace/foxy_ws/install/lib/python3.10/site-packages /usr/bin/cmake /workspace/foxy_ws/src/rcl_interfaces/action_msgs -DCMAKE_INSTALL_PREFIX=/workspace/foxy_ws/install
[0.244s] -- The C compiler identification is GNU 9.4.0
[0.320s] -- The CXX compiler identification is GNU 9.4.0
[0.320s] -- Check for working C compiler: /usr/bin/cc
[0.392s] -- Check for working C compiler: /usr/bin/cc -- works
[0.393s] -- Detecting C compiler ABI info
[0.474s] -- Detecting C compiler ABI info - done
[0.488s] -- Detecting C compile features
[0.488s] -- Detecting C compile features - done
[0.492s] -- Check for working CXX compiler: /usr/bin/c++
[0.591s] -- Check for working CXX compiler: /usr/bin/c++ -- works
[0.592s] -- Detecting CXX compiler ABI info
[0.698s] -- Detecting CXX compiler ABI info - done
[0.704s] -- Detecting CXX compile features
[0.704s] -- Detecting CXX compile features - done
[0.706s] -- Found ament_cmake: 0.9.12 (/workspace/foxy_ws/install/share/ament_cmake/cmake)
[0.730s] -- Found PythonInterp: /usr/bin/python3 (found suitable version "3.10.14", minimum required is "3") 
[0.733s] -- Using PYTHON_EXECUTABLE: /usr/bin/python3
[0.938s] -- Found builtin_interfaces: 1.0.0 (/workspace/foxy_ws/install/share/builtin_interfaces/cmake)
[0.958s] -- Using all available rosidl_typesupport_c: rosidl_typesupport_fastrtps_c;rosidl_typesupport_introspection_c
[0.964s] -- Found rosidl_adapter: 1.3.1 (/workspace/foxy_ws/install/share/rosidl_adapter/cmake)
[0.980s] -- Found OpenSSL: /usr/lib/x86_64-linux-gnu/libcrypto.so (found version "1.1.1f")  
[0.995s] -- Found FastRTPS: /workspace/foxy_ws/install/include  
[1.059s] -- Using all available rosidl_typesupport_cpp: rosidl_typesupport_fastrtps_cpp;rosidl_typesupport_introspection_cpp
[1.094s] -- Found rosidl_default_generators: 1.0.1 (/workspace/foxy_ws/install/share/rosidl_default_generators/cmake)
[1.109s] -- Found unique_identifier_msgs: 2.1.3 (/workspace/foxy_ws/install/share/unique_identifier_msgs/cmake)
[1.147s] -- Found PythonInterp: /usr/bin/python3 (found version "3.10.14") 
[1.313s] -- Found ament_cmake_cppcheck: 0.9.8 (/workspace/foxy_ws/install/share/ament_cmake_cppcheck/cmake)
[1.315s] -- Found ament_cmake_cpplint: 0.9.8 (/workspace/foxy_ws/install/share/ament_cmake_cpplint/cmake)
[1.316s] -- Found ament_cmake_uncrustify: 0.9.8 (/workspace/foxy_ws/install/share/ament_cmake_uncrustify/cmake)
[1.318s] -- Found ament_cmake_ros: 0.9.2 (/workspace/foxy_ws/install/share/ament_cmake_ros/cmake)
[1.418s] -- Using all available rosidl_typesupport_c: rosidl_typesupport_fastrtps_c;rosidl_typesupport_introspection_c
[1.446s] -- Using all available rosidl_typesupport_cpp: rosidl_typesupport_fastrtps_cpp;rosidl_typesupport_introspection_cpp
[1.501s] -- Found PythonInterp: /usr/bin/python3 (found suitable version "3.10.14", minimum required is "3.5") 
[1.501s] -- Found python_cmake_module: 0.8.1 (/workspace/foxy_ws/install/share/python_cmake_module/cmake)
[1.526s] -- Found PythonLibs: /usr/lib/x86_64-linux-gnu/libpython3.10.so (found suitable version "3.10.14", minimum required is "3.5") 
[1.526s] -- Using PYTHON_EXECUTABLE: /usr/bin/python3
[1.526s] -- Using PYTHON_INCLUDE_DIRS: /usr/include/python3.10
[1.526s] -- Using PYTHON_LIBRARIES: /usr/lib/x86_64-linux-gnu/libpython3.10.so
[1.552s] -- Found PythonExtra: .so  
[1.602s] <string>:1: DeprecationWarning: The distutils package is deprecated and slated for removal in Python 3.12. Use setuptools or check PEP 632 for potential alternatives
[1.618s] <string>:1: DeprecationWarning: The distutils.sysconfig module is deprecated, use sysconfig instead
[1.838s] -- Using numpy include directory: /usr/local/lib/python3.10/dist-packages/numpy/core/include
[1.852s] -- Found ament_cmake_flake8: 0.9.8 (/workspace/foxy_ws/install/share/ament_cmake_flake8/cmake)
[1.854s] -- Found ament_cmake_pep257: 0.9.8 (/workspace/foxy_ws/install/share/ament_cmake_pep257/cmake)
[1.856s] -- Found ament_lint_auto: 0.9.8 (/workspace/foxy_ws/install/share/ament_lint_auto/cmake)
[1.885s] -- Added test 'copyright' to check source files copyright and LICENSE
[1.887s] -- Added test 'lint_cmake' to check CMake code style
[1.888s] -- Added test 'xmllint' to check XML markup files
[1.895s] -- Configuring done
[1.970s] -- Generating done
[1.975s] -- Build files have been written to: /workspace/foxy_ws/build/action_msgs
[1.994s] Invoked command in '/workspace/foxy_ws/build/action_msgs' returned '0': AMENT_PREFIX_PATH=/workspace/foxy_ws/install CMAKE_PREFIX_PATH=/workspace/foxy_ws/install LD_LIBRARY_PATH=/workspace/foxy_ws/install/lib PATH=/workspace/foxy_ws/install/bin:${PATH} PKG_CONFIG_PATH=/workspace/foxy_ws/install/lib/x86_64-linux-gnu/pkgconfig:/workspace/foxy_ws/install/lib/pkgconfig PYTHONPATH=/workspace/foxy_ws/install/lib/python3.10/site-packages /usr/bin/cmake /workspace/foxy_ws/src/rcl_interfaces/action_msgs -DCMAKE_INSTALL_PREFIX=/workspace/foxy_ws/install
[1.994s] Invoking command in '/workspace/foxy_ws/build/action_msgs': AMENT_PREFIX_PATH=/workspace/foxy_ws/install CMAKE_PREFIX_PATH=/workspace/foxy_ws/install LD_LIBRARY_PATH=/workspace/foxy_ws/install/lib PATH=/workspace/foxy_ws/install/bin:${PATH} PKG_CONFIG_PATH=/workspace/foxy_ws/install/lib/x86_64-linux-gnu/pkgconfig:/workspace/foxy_ws/install/lib/pkgconfig PYTHONPATH=/workspace/foxy_ws/install/lib/python3.10/site-packages /usr/bin/cmake --build /workspace/foxy_ws/build/action_msgs -- -j12 -l12
[2.070s] [  1%] Generating C code for ROS interfaces
[2.071s] Scanning dependencies of target action_msgs__cpp
[2.097s] [  3%] Generating C++ code for ROS interfaces
[3.303s] [  3%] Built target action_msgs__cpp
[3.314s] [  5%] Generating C++ type support dispatch for ROS interfaces
[3.333s] Scanning dependencies of target action_msgs__rosidl_generator_c
[3.349s] [  7%] Building C object CMakeFiles/action_msgs__rosidl_generator_c.dir/rosidl_generator_c/action_msgs/msg/detail/goal_info__functions.c.o
[3.375s] [  9%] Building C object CMakeFiles/action_msgs__rosidl_generator_c.dir/rosidl_generator_c/action_msgs/msg/detail/goal_status__functions.c.o
[3.478s] [ 10%] Building C object CMakeFiles/action_msgs__rosidl_generator_c.dir/rosidl_generator_c/action_msgs/srv/detail/cancel_goal__functions.c.o
[3.530s] [ 12%] Building C object CMakeFiles/action_msgs__rosidl_generator_c.dir/rosidl_generator_c/action_msgs/msg/detail/goal_status_array__functions.c.o
[3.672s] [ 14%] Linking C shared library libaction_msgs__rosidl_generator_c.so
[3.764s] [ 14%] Built target action_msgs__rosidl_generator_c
[3.785s] [ 16%] Generating C++ type support for eProsima Fast-RTPS
[4.031s] Scanning dependencies of target action_msgs__rosidl_typesupport_cpp
[4.045s] [ 18%] Building CXX object CMakeFiles/action_msgs__rosidl_typesupport_cpp.dir/rosidl_typesupport_cpp/action_msgs/msg/goal_status__type_support.cpp.o
[4.060s] [ 20%] Building CXX object CMakeFiles/action_msgs__rosidl_typesupport_cpp.dir/rosidl_typesupport_cpp/action_msgs/msg/goal_info__type_support.cpp.o
[4.445s] [ 21%] Building CXX object CMakeFiles/action_msgs__rosidl_typesupport_cpp.dir/rosidl_typesupport_cpp/action_msgs/srv/cancel_goal__type_support.cpp.o
[4.480s] [ 23%] Building CXX object CMakeFiles/action_msgs__rosidl_typesupport_cpp.dir/rosidl_typesupport_cpp/action_msgs/msg/goal_status_array__type_support.cpp.o
[4.882s] Scanning dependencies of target action_msgs__rosidl_typesupport_fastrtps_cpp
[4.885s] [ 25%] Linking CXX shared library libaction_msgs__rosidl_typesupport_cpp.so
[4.923s] [ 27%] Building CXX object CMakeFiles/action_msgs__rosidl_typesupport_fastrtps_cpp.dir/rosidl_typesupport_fastrtps_cpp/action_msgs/msg/detail/dds_fastrtps/goal_info__type_support.cpp.o
[4.961s] [ 27%] Built target action_msgs__rosidl_typesupport_cpp
[5.391s] [ 29%] Building CXX object CMakeFiles/action_msgs__rosidl_typesupport_fastrtps_cpp.dir/rosidl_typesupport_fastrtps_cpp/action_msgs/srv/detail/dds_fastrtps/cancel_goal__type_support.cpp.o
[6.003s] [ 30%] Building CXX object CMakeFiles/action_msgs__rosidl_typesupport_fastrtps_cpp.dir/rosidl_typesupport_fastrtps_cpp/action_msgs/msg/detail/dds_fastrtps/goal_status_array__type_support.cpp.o
[6.496s] [ 32%] Building CXX object CMakeFiles/action_msgs__rosidl_typesupport_fastrtps_cpp.dir/rosidl_typesupport_fastrtps_cpp/action_msgs/msg/detail/dds_fastrtps/goal_status__type_support.cpp.o
[6.928s] [ 34%] Linking CXX shared library libaction_msgs__rosidl_typesupport_fastrtps_cpp.so
[7.009s] [ 34%] Built target action_msgs__rosidl_typesupport_fastrtps_cpp
[7.019s] [ 36%] Generating C type support dispatch for ROS interfaces
[7.550s] Scanning dependencies of target action_msgs__rosidl_typesupport_c
[7.561s] [ 38%] Building CXX object CMakeFiles/action_msgs__rosidl_typesupport_c.dir/rosidl_typesupport_c/action_msgs/msg/goal_info__type_support.cpp.o
[7.587s] [ 40%] Building CXX object CMakeFiles/action_msgs__rosidl_typesupport_c.dir/rosidl_typesupport_c/action_msgs/srv/cancel_goal__type_support.cpp.o
[7.618s] [ 41%] Building CXX object CMakeFiles/action_msgs__rosidl_typesupport_c.dir/rosidl_typesupport_c/action_msgs/msg/goal_status_array__type_support.cpp.o
[7.644s] [ 43%] Building CXX object CMakeFiles/action_msgs__rosidl_typesupport_c.dir/rosidl_typesupport_c/action_msgs/msg/goal_status__type_support.cpp.o
[7.665s] [ 45%] Linking CXX shared library libaction_msgs__rosidl_typesupport_c.so
[7.698s] [ 45%] Built target action_msgs__rosidl_typesupport_c
[7.705s] [ 47%] Generating C type support for eProsima Fast-RTPS
[8.309s] Scanning dependencies of target action_msgs__rosidl_typesupport_fastrtps_c
[8.321s] [ 49%] Building CXX object CMakeFiles/action_msgs__rosidl_typesupport_fastrtps_c.dir/rosidl_typesupport_fastrtps_c/action_msgs/msg/detail/goal_info__type_support_c.cpp.o
[8.609s] [ 50%] Building CXX object CMakeFiles/action_msgs__rosidl_typesupport_fastrtps_c.dir/rosidl_typesupport_fastrtps_c/action_msgs/srv/detail/cancel_goal__type_support_c.cpp.o
[8.916s] [ 52%] Building CXX object CMakeFiles/action_msgs__rosidl_typesupport_fastrtps_c.dir/rosidl_typesupport_fastrtps_c/action_msgs/msg/detail/goal_status_array__type_support_c.cpp.o
[9.226s] [ 54%] Building CXX object CMakeFiles/action_msgs__rosidl_typesupport_fastrtps_c.dir/rosidl_typesupport_fastrtps_c/action_msgs/msg/detail/goal_status__type_support_c.cpp.o
[9.627s] [ 56%] Linking CXX shared library libaction_msgs__rosidl_typesupport_fastrtps_c.so
[9.710s] [ 56%] Built target action_msgs__rosidl_typesupport_fastrtps_c
[9.720s] [ 58%] Generating C introspection for ROS interfaces
[10.289s] Scanning dependencies of target action_msgs__rosidl_typesupport_introspection_c
[10.298s] [ 60%] Building C object CMakeFiles/action_msgs__rosidl_typesupport_introspection_c.dir/rosidl_typesupport_introspection_c/action_msgs/msg/detail/goal_info__type_support.c.o
[10.325s] [ 61%] Building C object CMakeFiles/action_msgs__rosidl_typesupport_introspection_c.dir/rosidl_typesupport_introspection_c/action_msgs/srv/detail/cancel_goal__type_support.c.o
[10.358s] [ 63%] Building C object CMakeFiles/action_msgs__rosidl_typesupport_introspection_c.dir/rosidl_typesupport_introspection_c/action_msgs/msg/detail/goal_status_array__type_support.c.o
[10.389s] [ 65%] Building C object CMakeFiles/action_msgs__rosidl_typesupport_introspection_c.dir/rosidl_typesupport_introspection_c/action_msgs/msg/detail/goal_status__type_support.c.o
[10.421s] [ 67%] Linking C shared library libaction_msgs__rosidl_typesupport_introspection_c.so
[10.448s] [ 67%] Built target action_msgs__rosidl_typesupport_introspection_c
[10.456s] [ 69%] Generating C++ introspection for ROS interfaces
[11.045s] Scanning dependencies of target action_msgs__rosidl_typesupport_introspection_cpp
[11.059s] [ 70%] Building CXX object CMakeFiles/action_msgs__rosidl_typesupport_introspection_cpp.dir/rosidl_typesupport_introspection_cpp/action_msgs/msg/detail/goal_info__type_support.cpp.o
[11.314s] [ 72%] Building CXX object CMakeFiles/action_msgs__rosidl_typesupport_introspection_cpp.dir/rosidl_typesupport_introspection_cpp/action_msgs/srv/detail/cancel_goal__type_support.cpp.o
[11.605s] [ 74%] Building CXX object CMakeFiles/action_msgs__rosidl_typesupport_introspection_cpp.dir/rosidl_typesupport_introspection_cpp/action_msgs/msg/detail/goal_status_array__type_support.cpp.o
[11.886s] [ 76%] Building CXX object CMakeFiles/action_msgs__rosidl_typesupport_introspection_cpp.dir/rosidl_typesupport_introspection_cpp/action_msgs/msg/detail/goal_status__type_support.cpp.o
[12.116s] [ 78%] Linking CXX shared library libaction_msgs__rosidl_typesupport_introspection_cpp.so
[12.181s] [ 78%] Built target action_msgs__rosidl_typesupport_introspection_cpp
[12.188s] Scanning dependencies of target action_msgs
[12.198s] [ 78%] Built target action_msgs
[12.209s] Scanning dependencies of target action_msgs__py
[12.217s] [ 80%] Generating Python code for ROS interfaces
[13.416s] [ 80%] Built target action_msgs__py
[13.435s] Scanning dependencies of target action_msgs__python
[13.447s] [ 81%] Building C object CMakeFiles/action_msgs__python.dir/rosidl_generator_py/action_msgs/msg/_goal_info_s.c.o
[13.528s] [ 83%] Building C object CMakeFiles/action_msgs__python.dir/rosidl_generator_py/action_msgs/srv/_cancel_goal_s.c.o
[13.618s] [ 85%] Building C object CMakeFiles/action_msgs__python.dir/rosidl_generator_py/action_msgs/msg/_goal_status_array_s.c.o
[13.695s] [ 87%] Building C object CMakeFiles/action_msgs__python.dir/rosidl_generator_py/action_msgs/msg/_goal_status_s.c.o
[13.789s] [ 89%] Linking C shared library rosidl_generator_py/action_msgs/libaction_msgs__python.so
[13.830s] [ 89%] Built target action_msgs__python
[13.845s] Scanning dependencies of target action_msgs__rosidl_typesupport_introspection_c__pyext
[13.856s] [ 90%] Building C object CMakeFiles/action_msgs__rosidl_typesupport_introspection_c__pyext.dir/rosidl_generator_py/action_msgs/_action_msgs_s.ep.rosidl_typesupport_introspection_c.c.o
[13.937s] [ 92%] Linking C shared library rosidl_generator_py/action_msgs/action_msgs_s__rosidl_typesupport_introspection_c.cpython-310-x86_64-linux-gnu.so
[13.968s] [ 92%] Built target action_msgs__rosidl_typesupport_introspection_c__pyext
[13.982s] Scanning dependencies of target action_msgs__rosidl_typesupport_c__pyext
[13.993s] [ 94%] Building C object CMakeFiles/action_msgs__rosidl_typesupport_c__pyext.dir/rosidl_generator_py/action_msgs/_action_msgs_s.ep.rosidl_typesupport_c.c.o
[14.088s] [ 96%] Linking C shared library rosidl_generator_py/action_msgs/action_msgs_s__rosidl_typesupport_c.cpython-310-x86_64-linux-gnu.so
[14.126s] [ 96%] Built target action_msgs__rosidl_typesupport_c__pyext
[14.143s] Scanning dependencies of target action_msgs__rosidl_typesupport_fastrtps_c__pyext
[14.155s] [ 98%] Building C object CMakeFiles/action_msgs__rosidl_typesupport_fastrtps_c__pyext.dir/rosidl_generator_py/action_msgs/_action_msgs_s.ep.rosidl_typesupport_fastrtps_c.c.o
[14.249s] [100%] Linking CXX shared library rosidl_generator_py/action_msgs/action_msgs_s__rosidl_typesupport_fastrtps_c.cpython-310-x86_64-linux-gnu.so
[14.297s] [100%] Built target action_msgs__rosidl_typesupport_fastrtps_c__pyext
[14.307s] Invoked command in '/workspace/foxy_ws/build/action_msgs' returned '0': AMENT_PREFIX_PATH=/workspace/foxy_ws/install CMAKE_PREFIX_PATH=/workspace/foxy_ws/install LD_LIBRARY_PATH=/workspace/foxy_ws/install/lib PATH=/workspace/foxy_ws/install/bin:${PATH} PKG_CONFIG_PATH=/workspace/foxy_ws/install/lib/x86_64-linux-gnu/pkgconfig:/workspace/foxy_ws/install/lib/pkgconfig PYTHONPATH=/workspace/foxy_ws/install/lib/python3.10/site-packages /usr/bin/cmake --build /workspace/foxy_ws/build/action_msgs -- -j12 -l12
[14.367s] Invoking command in '/workspace/foxy_ws/build/action_msgs': AMENT_PREFIX_PATH=/workspace/foxy_ws/install CMAKE_PREFIX_PATH=/workspace/foxy_ws/install LD_LIBRARY_PATH=/workspace/foxy_ws/install/lib PATH=/workspace/foxy_ws/install/bin:${PATH} PKG_CONFIG_PATH=/workspace/foxy_ws/install/lib/x86_64-linux-gnu/pkgconfig:/workspace/foxy_ws/install/lib/pkgconfig PYTHONPATH=/workspace/foxy_ws/install/lib/python3.10/site-packages /usr/bin/cmake --install /workspace/foxy_ws/build/action_msgs
[14.377s] -- Install configuration: ""
[14.378s] -- Installing: /workspace/foxy_ws/install/share/ament_index/resource_index/rosidl_interfaces/action_msgs
[14.378s] -- Installing: /workspace/foxy_ws/install/include/action_msgs
[14.378s] -- Installing: /workspace/foxy_ws/install/include/action_msgs/msg
[14.378s] -- Installing: /workspace/foxy_ws/install/include/action_msgs/msg/goal_status.h
[14.378s] -- Installing: /workspace/foxy_ws/install/include/action_msgs/msg/goal_status_array.h
[14.378s] -- Installing: /workspace/foxy_ws/install/include/action_msgs/msg/goal_info.h
[14.378s] -- Installing: /workspace/foxy_ws/install/include/action_msgs/msg/rosidl_generator_c__visibility_control.h
[14.379s] -- Installing: /workspace/foxy_ws/install/include/action_msgs/msg/detail
[14.379s] -- Installing: /workspace/foxy_ws/install/include/action_msgs/msg/detail/goal_status__struct.h
[14.379s] -- Installing: /workspace/foxy_ws/install/include/action_msgs/msg/detail/goal_status__functions.h
[14.379s] -- Installing: /workspace/foxy_ws/install/include/action_msgs/msg/detail/goal_status__type_support.h
[14.379s] -- Installing: /workspace/foxy_ws/install/include/action_msgs/msg/detail/goal_status_array__functions.c
[14.379s] -- Installing: /workspace/foxy_ws/install/include/action_msgs/msg/detail/goal_status__functions.c
[14.380s] -- Installing: /workspace/foxy_ws/install/include/action_msgs/msg/detail/goal_info__type_support.h
[14.380s] -- Installing: /workspace/foxy_ws/install/include/action_msgs/msg/detail/goal_status_array__functions.h
[14.380s] -- Installing: /workspace/foxy_ws/install/include/action_msgs/msg/detail/goal_info__functions.c
[14.380s] -- Installing: /workspace/foxy_ws/install/include/action_msgs/msg/detail/goal_info__functions.h
[14.380s] -- Installing: /workspace/foxy_ws/install/include/action_msgs/msg/detail/goal_info__struct.h
[14.380s] -- Installing: /workspace/foxy_ws/install/include/action_msgs/msg/detail/goal_status_array__type_support.h
[14.381s] -- Installing: /workspace/foxy_ws/install/include/action_msgs/msg/detail/goal_status_array__struct.h
[14.381s] -- Installing: /workspace/foxy_ws/install/include/action_msgs/srv
[14.381s] -- Installing: /workspace/foxy_ws/install/include/action_msgs/srv/cancel_goal.h
[14.381s] -- Installing: /workspace/foxy_ws/install/include/action_msgs/srv/detail
[14.381s] -- Installing: /workspace/foxy_ws/install/include/action_msgs/srv/detail/cancel_goal__functions.h
[14.382s] -- Installing: /workspace/foxy_ws/install/include/action_msgs/srv/detail/cancel_goal__functions.c
[14.382s] -- Installing: /workspace/foxy_ws/install/include/action_msgs/srv/detail/cancel_goal__type_support.h
[14.382s] -- Installing: /workspace/foxy_ws/install/include/action_msgs/srv/detail/cancel_goal__struct.h
[14.382s] -- Installing: /workspace/foxy_ws/install/share/action_msgs/environment/library_path.sh
[14.382s] -- Installing: /workspace/foxy_ws/install/share/action_msgs/environment/library_path.dsv
[14.383s] -- Installing: /workspace/foxy_ws/install/lib/libaction_msgs__rosidl_generator_c.so
[14.383s] -- Set runtime path of "/workspace/foxy_ws/install/lib/libaction_msgs__rosidl_generator_c.so" to ""
[14.384s] -- Up-to-date: /workspace/foxy_ws/install/include/action_msgs
[14.384s] -- Up-to-date: /workspace/foxy_ws/install/include/action_msgs/msg
[14.384s] -- Installing: /workspace/foxy_ws/install/include/action_msgs/msg/rosidl_typesupport_fastrtps_c__visibility_control.h
[14.384s] -- Up-to-date: /workspace/foxy_ws/install/include/action_msgs/msg/detail
[14.384s] -- Installing: /workspace/foxy_ws/install/include/action_msgs/msg/detail/goal_info__rosidl_typesupport_fastrtps_c.h
[14.384s] -- Installing: /workspace/foxy_ws/install/include/action_msgs/msg/detail/goal_status_array__rosidl_typesupport_fastrtps_c.h
[14.384s] -- Installing: /workspace/foxy_ws/install/include/action_msgs/msg/detail/goal_status__rosidl_typesupport_fastrtps_c.h
[14.385s] -- Up-to-date: /workspace/foxy_ws/install/include/action_msgs/srv
[14.385s] -- Up-to-date: /workspace/foxy_ws/install/include/action_msgs/srv/detail
[14.385s] -- Installing: /workspace/foxy_ws/install/include/action_msgs/srv/detail/cancel_goal__rosidl_typesupport_fastrtps_c.h
[14.385s] -- Installing: /workspace/foxy_ws/install/lib/libaction_msgs__rosidl_typesupport_fastrtps_c.so
[14.385s] -- Set runtime path of "/workspace/foxy_ws/install/lib/libaction_msgs__rosidl_typesupport_fastrtps_c.so" to ""
[14.385s] -- Up-to-date: /workspace/foxy_ws/install/include/action_msgs
[14.386s] -- Up-to-date: /workspace/foxy_ws/install/include/action_msgs/msg
[14.386s] -- Installing: /workspace/foxy_ws/install/include/action_msgs/msg/rosidl_typesupport_fastrtps_cpp__visibility_control.h
[14.386s] -- Up-to-date: /workspace/foxy_ws/install/include/action_msgs/msg/detail
[14.386s] -- Installing: /workspace/foxy_ws/install/include/action_msgs/msg/detail/goal_info__rosidl_typesupport_fastrtps_cpp.hpp
[14.386s] -- Installing: /workspace/foxy_ws/install/include/action_msgs/msg/detail/goal_status__rosidl_typesupport_fastrtps_cpp.hpp
[14.387s] -- Installing: /workspace/foxy_ws/install/include/action_msgs/msg/detail/dds_fastrtps
[14.387s] -- Installing: /workspace/foxy_ws/install/include/action_msgs/msg/detail/goal_status_array__rosidl_typesupport_fastrtps_cpp.hpp
[14.387s] -- Up-to-date: /workspace/foxy_ws/install/include/action_msgs/srv
[14.387s] -- Up-to-date: /workspace/foxy_ws/install/include/action_msgs/srv/detail
[14.387s] -- Installing: /workspace/foxy_ws/install/include/action_msgs/srv/detail/dds_fastrtps
[14.387s] -- Installing: /workspace/foxy_ws/install/include/action_msgs/srv/detail/cancel_goal__rosidl_typesupport_fastrtps_cpp.hpp
[14.388s] -- Installing: /workspace/foxy_ws/install/lib/libaction_msgs__rosidl_typesupport_fastrtps_cpp.so
[14.388s] -- Set runtime path of "/workspace/foxy_ws/install/lib/libaction_msgs__rosidl_typesupport_fastrtps_cpp.so" to ""
[14.388s] -- Up-to-date: /workspace/foxy_ws/install/include/action_msgs
[14.389s] -- Up-to-date: /workspace/foxy_ws/install/include/action_msgs/msg
[14.389s] -- Installing: /workspace/foxy_ws/install/include/action_msgs/msg/rosidl_typesupport_introspection_c__visibility_control.h
[14.389s] -- Up-to-date: /workspace/foxy_ws/install/include/action_msgs/msg/detail
[14.389s] -- Installing: /workspace/foxy_ws/install/include/action_msgs/msg/detail/goal_info__rosidl_typesupport_introspection_c.h
[14.389s] -- Installing: /workspace/foxy_ws/install/include/action_msgs/msg/detail/goal_status__type_support.c
[14.389s] -- Installing: /workspace/foxy_ws/install/include/action_msgs/msg/detail/goal_status_array__type_support.c
[14.390s] -- Installing: /workspace/foxy_ws/install/include/action_msgs/msg/detail/goal_info__type_support.c
[14.390s] -- Installing: /workspace/foxy_ws/install/include/action_msgs/msg/detail/goal_status__rosidl_typesupport_introspection_c.h
[14.390s] -- Installing: /workspace/foxy_ws/install/include/action_msgs/msg/detail/goal_status_array__rosidl_typesupport_introspection_c.h
[14.390s] -- Up-to-date: /workspace/foxy_ws/install/include/action_msgs/srv
[14.390s] -- Up-to-date: /workspace/foxy_ws/install/include/action_msgs/srv/detail
[14.390s] -- Installing: /workspace/foxy_ws/install/include/action_msgs/srv/detail/cancel_goal__type_support.c
[14.390s] -- Installing: /workspace/foxy_ws/install/include/action_msgs/srv/detail/cancel_goal__rosidl_typesupport_introspection_c.h
[14.391s] -- Installing: /workspace/foxy_ws/install/lib/libaction_msgs__rosidl_typesupport_introspection_c.so
[14.391s] -- Set runtime path of "/workspace/foxy_ws/install/lib/libaction_msgs__rosidl_typesupport_introspection_c.so" to ""
[14.391s] -- Installing: /workspace/foxy_ws/install/lib/libaction_msgs__rosidl_typesupport_c.so
[14.391s] -- Set runtime path of "/workspace/foxy_ws/install/lib/libaction_msgs__rosidl_typesupport_c.so" to ""
[14.391s] -- Up-to-date: /workspace/foxy_ws/install/include/action_msgs
[14.391s] -- Up-to-date: /workspace/foxy_ws/install/include/action_msgs/msg
[14.392s] -- Installing: /workspace/foxy_ws/install/include/action_msgs/msg/goal_info.hpp
[14.392s] -- Installing: /workspace/foxy_ws/install/include/action_msgs/msg/goal_status.hpp
[14.392s] -- Installing: /workspace/foxy_ws/install/include/action_msgs/msg/rosidl_generator_cpp__visibility_control.hpp
[14.392s] -- Installing: /workspace/foxy_ws/install/include/action_msgs/msg/goal_status_array.hpp
[14.392s] -- Up-to-date: /workspace/foxy_ws/install/include/action_msgs/msg/detail
[14.392s] -- Installing: /workspace/foxy_ws/install/include/action_msgs/msg/detail/goal_status__struct.hpp
[14.392s] -- Installing: /workspace/foxy_ws/install/include/action_msgs/msg/detail/goal_info__type_support.hpp
[14.392s] -- Installing: /workspace/foxy_ws/install/include/action_msgs/msg/detail/goal_info__builder.hpp
[14.393s] -- Installing: /workspace/foxy_ws/install/include/action_msgs/msg/detail/goal_status_array__traits.hpp
[14.393s] -- Installing: /workspace/foxy_ws/install/include/action_msgs/msg/detail/goal_status__type_support.hpp
[14.393s] -- Installing: /workspace/foxy_ws/install/include/action_msgs/msg/detail/goal_status__builder.hpp
[14.393s] -- Installing: /workspace/foxy_ws/install/include/action_msgs/msg/detail/goal_info__struct.hpp
[14.393s] -- Installing: /workspace/foxy_ws/install/include/action_msgs/msg/detail/goal_status_array__type_support.hpp
[14.393s] -- Installing: /workspace/foxy_ws/install/include/action_msgs/msg/detail/goal_status_array__struct.hpp
[14.393s] -- Installing: /workspace/foxy_ws/install/include/action_msgs/msg/detail/goal_status_array__builder.hpp
[14.394s] -- Installing: /workspace/foxy_ws/install/include/action_msgs/msg/detail/goal_info__traits.hpp
[14.394s] -- Installing: /workspace/foxy_ws/install/include/action_msgs/msg/detail/goal_status__traits.hpp
[14.394s] -- Up-to-date: /workspace/foxy_ws/install/include/action_msgs/srv
[14.395s] -- Installing: /workspace/foxy_ws/install/include/action_msgs/srv/cancel_goal.hpp
[14.395s] -- Up-to-date: /workspace/foxy_ws/install/include/action_msgs/srv/detail
[14.395s] -- Installing: /workspace/foxy_ws/install/include/action_msgs/srv/detail/cancel_goal__type_support.hpp
[14.395s] -- Installing: /workspace/foxy_ws/install/include/action_msgs/srv/detail/cancel_goal__struct.hpp
[14.395s] -- Installing: /workspace/foxy_ws/install/include/action_msgs/srv/detail/cancel_goal__traits.hpp
[14.397s] -- Installing: /workspace/foxy_ws/install/include/action_msgs/srv/detail/cancel_goal__builder.hpp
[14.397s] -- Up-to-date: /workspace/foxy_ws/install/include/action_msgs
[14.397s] -- Up-to-date: /workspace/foxy_ws/install/include/action_msgs/msg
[14.397s] -- Up-to-date: /workspace/foxy_ws/install/include/action_msgs/msg/detail
[14.397s] -- Installing: /workspace/foxy_ws/install/include/action_msgs/msg/detail/goal_status__rosidl_typesupport_introspection_cpp.hpp
[14.397s] -- Installing: /workspace/foxy_ws/install/include/action_msgs/msg/detail/goal_status__type_support.cpp
[14.398s] -- Installing: /workspace/foxy_ws/install/include/action_msgs/msg/detail/goal_status_array__rosidl_typesupport_introspection_cpp.hpp
[14.398s] -- Installing: /workspace/foxy_ws/install/include/action_msgs/msg/detail/goal_status_array__type_support.cpp
[14.398s] -- Installing: /workspace/foxy_ws/install/include/action_msgs/msg/detail/goal_info__rosidl_typesupport_introspection_cpp.hpp
[14.398s] -- Installing: /workspace/foxy_ws/install/include/action_msgs/msg/detail/goal_info__type_support.cpp
[14.398s] -- Up-to-date: /workspace/foxy_ws/install/include/action_msgs/srv
[14.398s] -- Up-to-date: /workspace/foxy_ws/install/include/action_msgs/srv/detail
[14.398s] -- Installing: /workspace/foxy_ws/install/include/action_msgs/srv/detail/cancel_goal__type_support.cpp
[14.398s] -- Installing: /workspace/foxy_ws/install/include/action_msgs/srv/detail/cancel_goal__rosidl_typesupport_introspection_cpp.hpp
[14.398s] -- Installing: /workspace/foxy_ws/install/lib/libaction_msgs__rosidl_typesupport_introspection_cpp.so
[14.398s] -- Set runtime path of "/workspace/foxy_ws/install/lib/libaction_msgs__rosidl_typesupport_introspection_cpp.so" to ""
[14.398s] -- Installing: /workspace/foxy_ws/install/lib/libaction_msgs__rosidl_typesupport_cpp.so
[14.400s] -- Set runtime path of "/workspace/foxy_ws/install/lib/libaction_msgs__rosidl_typesupport_cpp.so" to ""
[14.400s] -- Installing: /workspace/foxy_ws/install/share/action_msgs/environment/pythonpath.sh
[14.400s] -- Installing: /workspace/foxy_ws/install/share/action_msgs/environment/pythonpath.dsv
[14.400s] -- Installing: /workspace/foxy_ws/install/lib/python3.10/site-packages/action_msgs/__init__.py
[14.434s] Compiling '/workspace/foxy_ws/install/lib/python3.10/site-packages/action_msgs/__init__.py'...
[14.440s] -- Installing: /workspace/foxy_ws/install/lib/python3.10/site-packages/action_msgs/msg
[14.440s] -- Installing: /workspace/foxy_ws/install/lib/python3.10/site-packages/action_msgs/msg/_goal_info.py
[14.440s] -- Installing: /workspace/foxy_ws/install/lib/python3.10/site-packages/action_msgs/msg/_goal_status_array.py
[14.440s] -- Installing: /workspace/foxy_ws/install/lib/python3.10/site-packages/action_msgs/msg/_goal_status.py
[14.440s] -- Installing: /workspace/foxy_ws/install/lib/python3.10/site-packages/action_msgs/msg/_goal_status_array_s.c
[14.440s] -- Installing: /workspace/foxy_ws/install/lib/python3.10/site-packages/action_msgs/msg/__init__.py
[14.440s] -- Installing: /workspace/foxy_ws/install/lib/python3.10/site-packages/action_msgs/msg/_goal_info_s.c
[14.441s] -- Installing: /workspace/foxy_ws/install/lib/python3.10/site-packages/action_msgs/msg/_goal_status_s.c
[14.441s] -- Installing: /workspace/foxy_ws/install/lib/python3.10/site-packages/action_msgs/srv
[14.441s] -- Installing: /workspace/foxy_ws/install/lib/python3.10/site-packages/action_msgs/srv/_cancel_goal_s.c
[14.441s] -- Installing: /workspace/foxy_ws/install/lib/python3.10/site-packages/action_msgs/srv/_cancel_goal.py
[14.441s] -- Installing: /workspace/foxy_ws/install/lib/python3.10/site-packages/action_msgs/srv/__init__.py
[14.441s] -- Installing: /workspace/foxy_ws/install/lib/python3.10/site-packages/action_msgs/action_msgs_s__rosidl_typesupport_fastrtps_c.cpython-310-x86_64-linux-gnu.so
[14.442s] -- Set runtime path of "/workspace/foxy_ws/install/lib/python3.10/site-packages/action_msgs/action_msgs_s__rosidl_typesupport_fastrtps_c.cpython-310-x86_64-linux-gnu.so" to ""
[14.442s] -- Installing: /workspace/foxy_ws/install/lib/python3.10/site-packages/action_msgs/action_msgs_s__rosidl_typesupport_introspection_c.cpython-310-x86_64-linux-gnu.so
[14.443s] -- Set runtime path of "/workspace/foxy_ws/install/lib/python3.10/site-packages/action_msgs/action_msgs_s__rosidl_typesupport_introspection_c.cpython-310-x86_64-linux-gnu.so" to ""
[14.443s] -- Installing: /workspace/foxy_ws/install/lib/python3.10/site-packages/action_msgs/action_msgs_s__rosidl_typesupport_c.cpython-310-x86_64-linux-gnu.so
[14.444s] -- Set runtime path of "/workspace/foxy_ws/install/lib/python3.10/site-packages/action_msgs/action_msgs_s__rosidl_typesupport_c.cpython-310-x86_64-linux-gnu.so" to ""
[14.444s] -- Installing: /workspace/foxy_ws/install/lib/libaction_msgs__python.so
[14.444s] -- Set runtime path of "/workspace/foxy_ws/install/lib/libaction_msgs__python.so" to ""
[14.445s] -- Installing: /workspace/foxy_ws/install/share/action_msgs/msg/GoalInfo.idl
[14.445s] -- Installing: /workspace/foxy_ws/install/share/action_msgs/msg/GoalStatus.idl
[14.445s] -- Installing: /workspace/foxy_ws/install/share/action_msgs/msg/GoalStatusArray.idl
[14.445s] -- Installing: /workspace/foxy_ws/install/share/action_msgs/srv/CancelGoal.idl
[14.446s] -- Installing: /workspace/foxy_ws/install/share/action_msgs/msg/GoalInfo.msg
[14.446s] -- Installing: /workspace/foxy_ws/install/share/action_msgs/msg/GoalStatus.msg
[14.446s] -- Installing: /workspace/foxy_ws/install/share/action_msgs/msg/GoalStatusArray.msg
[14.446s] -- Installing: /workspace/foxy_ws/install/share/action_msgs/srv/CancelGoal.srv
[14.446s] -- Installing: /workspace/foxy_ws/install/share/action_msgs/srv/CancelGoal_Request.msg
[14.447s] -- Installing: /workspace/foxy_ws/install/share/action_msgs/srv/CancelGoal_Response.msg
[14.447s] -- Installing: /workspace/foxy_ws/install/share/ament_index/resource_index/package_run_dependencies/action_msgs
[14.447s] -- Installing: /workspace/foxy_ws/install/share/ament_index/resource_index/parent_prefix_path/action_msgs
[14.447s] -- Installing: /workspace/foxy_ws/install/share/action_msgs/environment/ament_prefix_path.sh
[14.448s] -- Installing: /workspace/foxy_ws/install/share/action_msgs/environment/ament_prefix_path.dsv
[14.448s] -- Installing: /workspace/foxy_ws/install/share/action_msgs/environment/path.sh
[14.448s] -- Installing: /workspace/foxy_ws/install/share/action_msgs/environment/path.dsv
[14.448s] -- Installing: /workspace/foxy_ws/install/share/action_msgs/local_setup.bash
[14.448s] -- Installing: /workspace/foxy_ws/install/share/action_msgs/local_setup.sh
[14.449s] -- Installing: /workspace/foxy_ws/install/share/action_msgs/local_setup.zsh
[14.449s] -- Installing: /workspace/foxy_ws/install/share/action_msgs/local_setup.dsv
[14.449s] -- Installing: /workspace/foxy_ws/install/share/action_msgs/package.dsv
[14.449s] -- Installing: /workspace/foxy_ws/install/share/ament_index/resource_index/packages/action_msgs
[14.450s] -- Installing: /workspace/foxy_ws/install/share/action_msgs/cmake/action_msgs__rosidl_generator_cExport.cmake
[14.450s] -- Installing: /workspace/foxy_ws/install/share/action_msgs/cmake/action_msgs__rosidl_generator_cExport-noconfig.cmake
[14.450s] -- Installing: /workspace/foxy_ws/install/share/action_msgs/cmake/action_msgs__rosidl_typesupport_introspection_cExport.cmake
[14.450s] -- Installing: /workspace/foxy_ws/install/share/action_msgs/cmake/action_msgs__rosidl_typesupport_introspection_cExport-noconfig.cmake
[14.451s] -- Installing: /workspace/foxy_ws/install/share/action_msgs/cmake/action_msgs__rosidl_typesupport_cExport.cmake
[14.451s] -- Installing: /workspace/foxy_ws/install/share/action_msgs/cmake/action_msgs__rosidl_typesupport_cExport-noconfig.cmake
[14.451s] -- Installing: /workspace/foxy_ws/install/share/action_msgs/cmake/action_msgs__rosidl_generator_cppExport.cmake
[14.451s] -- Installing: /workspace/foxy_ws/install/share/action_msgs/cmake/action_msgs__rosidl_typesupport_introspection_cppExport.cmake
[14.452s] -- Installing: /workspace/foxy_ws/install/share/action_msgs/cmake/action_msgs__rosidl_typesupport_introspection_cppExport-noconfig.cmake
[14.452s] -- Installing: /workspace/foxy_ws/install/share/action_msgs/cmake/action_msgs__rosidl_typesupport_cppExport.cmake
[14.452s] -- Installing: /workspace/foxy_ws/install/share/action_msgs/cmake/action_msgs__rosidl_typesupport_cppExport-noconfig.cmake
[14.452s] -- Installing: /workspace/foxy_ws/install/share/action_msgs/cmake/rosidl_cmake-extras.cmake
[14.453s] -- Installing: /workspace/foxy_ws/install/share/action_msgs/cmake/ament_cmake_export_dependencies-extras.cmake
[14.453s] -- Installing: /workspace/foxy_ws/install/share/action_msgs/cmake/ament_cmake_export_libraries-extras.cmake
[14.453s] -- Installing: /workspace/foxy_ws/install/share/action_msgs/cmake/ament_cmake_export_targets-extras.cmake
[14.453s] -- Installing: /workspace/foxy_ws/install/share/action_msgs/cmake/ament_cmake_export_include_directories-extras.cmake
[14.453s] -- Installing: /workspace/foxy_ws/install/share/action_msgs/cmake/rosidl_cmake_export_typesupport_libraries-extras.cmake
[14.454s] -- Installing: /workspace/foxy_ws/install/share/action_msgs/cmake/rosidl_cmake_export_typesupport_targets-extras.cmake
[14.454s] -- Installing: /workspace/foxy_ws/install/share/action_msgs/cmake/action_msgsConfig.cmake
[14.454s] -- Installing: /workspace/foxy_ws/install/share/action_msgs/cmake/action_msgsConfig-version.cmake
[14.454s] -- Installing: /workspace/foxy_ws/install/share/action_msgs/package.xml
[14.457s] Invoked command in '/workspace/foxy_ws/build/action_msgs' returned '0': AMENT_PREFIX_PATH=/workspace/foxy_ws/install CMAKE_PREFIX_PATH=/workspace/foxy_ws/install LD_LIBRARY_PATH=/workspace/foxy_ws/install/lib PATH=/workspace/foxy_ws/install/bin:${PATH} PKG_CONFIG_PATH=/workspace/foxy_ws/install/lib/x86_64-linux-gnu/pkgconfig:/workspace/foxy_ws/install/lib/pkgconfig PYTHONPATH=/workspace/foxy_ws/install/lib/python3.10/site-packages /usr/bin/cmake --install /workspace/foxy_ws/build/action_msgs
