-- The C compiler identification is GNU 9.4.0
-- The CXX compiler identification is GNU 9.4.0
-- Check for working C compiler: /usr/bin/cc
-- Check for working C compiler: /usr/bin/cc -- works
-- Detecting C compiler ABI info
-- Detecting C compiler ABI info - done
-- Detecting C compile features
-- Detecting C compile features - done
-- Check for working CXX compiler: /usr/bin/c++
-- Check for working CXX compiler: /usr/bin/c++ -- works
-- Detecting CXX compiler ABI info
-- Detecting CXX compiler ABI info - done
-- Detecting CXX compile features
-- Detecting CXX compile features - done
-- Found ament_cmake_ros: 0.9.2 (/workspace/foxy_ws/install/share/ament_cmake_ros/cmake)
-- Found PythonInterp: /usr/bin/python3 (found suitable version "3.10.14", minimum required is "3") 
-- Using PYTHON_EXECUTABLE: /usr/bin/python3
-- Found connext_cmake_module: 1.0.3 (/workspace/foxy_ws/install/share/connext_cmake_module/cmake)
CMake Warning at CMakeLists.txt:22 (message):
  Could not find RTI Connext - skipping 'rmw_connext_shared_cpp'


-- Configuring done
-- Generating done
-- Build files have been written to: /workspace/foxy_ws/build/rmw_connext_shared_cpp
-- Install configuration: ""
-- Installing: /workspace/foxy_ws/install/share/ament_index/resource_index/package_run_dependencies/rmw_connext_shared_cpp
-- Installing: /workspace/foxy_ws/install/share/ament_index/resource_index/parent_prefix_path/rmw_connext_shared_cpp
-- Installing: /workspace/foxy_ws/install/share/rmw_connext_shared_cpp/environment/ament_prefix_path.sh
-- Installing: /workspace/foxy_ws/install/share/rmw_connext_shared_cpp/environment/ament_prefix_path.dsv
-- Installing: /workspace/foxy_ws/install/share/rmw_connext_shared_cpp/environment/path.sh
-- Installing: /workspace/foxy_ws/install/share/rmw_connext_shared_cpp/environment/path.dsv
-- Installing: /workspace/foxy_ws/install/share/rmw_connext_shared_cpp/local_setup.bash
-- Installing: /workspace/foxy_ws/install/share/rmw_connext_shared_cpp/local_setup.sh
-- Installing: /workspace/foxy_ws/install/share/rmw_connext_shared_cpp/local_setup.zsh
-- Installing: /workspace/foxy_ws/install/share/rmw_connext_shared_cpp/local_setup.dsv
-- Installing: /workspace/foxy_ws/install/share/rmw_connext_shared_cpp/package.dsv
-- Installing: /workspace/foxy_ws/install/share/ament_index/resource_index/packages/rmw_connext_shared_cpp
-- Installing: /workspace/foxy_ws/install/share/rmw_connext_shared_cpp/cmake/rmw_connext_shared_cppConfig.cmake
-- Installing: /workspace/foxy_ws/install/share/rmw_connext_shared_cpp/cmake/rmw_connext_shared_cppConfig-version.cmake
-- Installing: /workspace/foxy_ws/install/share/rmw_connext_shared_cpp/package.xml
