[0.085s] Invoking command in '/workspace/foxy_ws/build/rmw_connext_shared_cpp': AMENT_PREFIX_PATH=/workspace/foxy_ws/install CMAKE_PREFIX_PATH=/workspace/foxy_ws/install LD_LIBRARY_PATH=/workspace/foxy_ws/install/lib PATH=/workspace/foxy_ws/install/bin:${PATH} PKG_CONFIG_PATH=/workspace/foxy_ws/install/lib/x86_64-linux-gnu/pkgconfig:/workspace/foxy_ws/install/lib/pkgconfig PYTHONPATH=/workspace/foxy_ws/install/lib/python3.10/site-packages /usr/bin/cmake /workspace/foxy_ws/src/rmw_connext/rmw_connext_shared_cpp -DCMAKE_INSTALL_PREFIX=/workspace/foxy_ws/install
[0.169s] -- The C compiler identification is GNU 9.4.0
[0.202s] -- The CXX compiler identification is GNU 9.4.0
[0.207s] -- Check for working C compiler: /usr/bin/cc
[0.270s] -- Check for working C compiler: /usr/bin/cc -- works
[0.271s] -- Detecting C compiler ABI info
[0.338s] -- Detecting C compiler ABI info - done
[0.352s] -- Detecting C compile features
[0.352s] -- Detecting C compile features - done
[0.355s] -- Check for working CXX compiler: /usr/bin/c++
[0.419s] -- Check for working CXX compiler: /usr/bin/c++ -- works
[0.420s] -- Detecting CXX compiler ABI info
[0.487s] -- Detecting CXX compiler ABI info - done
[0.500s] -- Detecting CXX compile features
[0.501s] -- Detecting CXX compile features - done
[0.502s] -- Found ament_cmake_ros: 0.9.2 (/workspace/foxy_ws/install/share/ament_cmake_ros/cmake)
[0.524s] -- Found PythonInterp: /usr/bin/python3 (found suitable version "3.10.14", minimum required is "3") 
[0.524s] -- Using PYTHON_EXECUTABLE: /usr/bin/python3
[0.703s] -- Found connext_cmake_module: 1.0.3 (/workspace/foxy_ws/install/share/connext_cmake_module/cmake)
[0.779s] CMake Warning at CMakeLists.txt:22 (message):
[0.779s]   Could not find RTI Connext - skipping 'rmw_connext_shared_cpp'
[0.779s] 
[0.779s] 
[0.779s] -- Configuring done
[0.781s] -- Generating done
[0.782s] -- Build files have been written to: /workspace/foxy_ws/build/rmw_connext_shared_cpp
[0.786s] Invoked command in '/workspace/foxy_ws/build/rmw_connext_shared_cpp' returned '0': AMENT_PREFIX_PATH=/workspace/foxy_ws/install CMAKE_PREFIX_PATH=/workspace/foxy_ws/install LD_LIBRARY_PATH=/workspace/foxy_ws/install/lib PATH=/workspace/foxy_ws/install/bin:${PATH} PKG_CONFIG_PATH=/workspace/foxy_ws/install/lib/x86_64-linux-gnu/pkgconfig:/workspace/foxy_ws/install/lib/pkgconfig PYTHONPATH=/workspace/foxy_ws/install/lib/python3.10/site-packages /usr/bin/cmake /workspace/foxy_ws/src/rmw_connext/rmw_connext_shared_cpp -DCMAKE_INSTALL_PREFIX=/workspace/foxy_ws/install
[0.788s] Invoking command in '/workspace/foxy_ws/build/rmw_connext_shared_cpp': AMENT_PREFIX_PATH=/workspace/foxy_ws/install CMAKE_PREFIX_PATH=/workspace/foxy_ws/install LD_LIBRARY_PATH=/workspace/foxy_ws/install/lib PATH=/workspace/foxy_ws/install/bin:${PATH} PKG_CONFIG_PATH=/workspace/foxy_ws/install/lib/x86_64-linux-gnu/pkgconfig:/workspace/foxy_ws/install/lib/pkgconfig PYTHONPATH=/workspace/foxy_ws/install/lib/python3.10/site-packages /usr/bin/cmake --build /workspace/foxy_ws/build/rmw_connext_shared_cpp -- -j12 -l12
[0.819s] Invoked command in '/workspace/foxy_ws/build/rmw_connext_shared_cpp' returned '0': AMENT_PREFIX_PATH=/workspace/foxy_ws/install CMAKE_PREFIX_PATH=/workspace/foxy_ws/install LD_LIBRARY_PATH=/workspace/foxy_ws/install/lib PATH=/workspace/foxy_ws/install/bin:${PATH} PKG_CONFIG_PATH=/workspace/foxy_ws/install/lib/x86_64-linux-gnu/pkgconfig:/workspace/foxy_ws/install/lib/pkgconfig PYTHONPATH=/workspace/foxy_ws/install/lib/python3.10/site-packages /usr/bin/cmake --build /workspace/foxy_ws/build/rmw_connext_shared_cpp -- -j12 -l12
[0.832s] Invoking command in '/workspace/foxy_ws/build/rmw_connext_shared_cpp': AMENT_PREFIX_PATH=/workspace/foxy_ws/install CMAKE_PREFIX_PATH=/workspace/foxy_ws/install LD_LIBRARY_PATH=/workspace/foxy_ws/install/lib PATH=/workspace/foxy_ws/install/bin:${PATH} PKG_CONFIG_PATH=/workspace/foxy_ws/install/lib/x86_64-linux-gnu/pkgconfig:/workspace/foxy_ws/install/lib/pkgconfig PYTHONPATH=/workspace/foxy_ws/install/lib/python3.10/site-packages /usr/bin/cmake --install /workspace/foxy_ws/build/rmw_connext_shared_cpp
[0.840s] -- Install configuration: ""
[0.841s] -- Installing: /workspace/foxy_ws/install/share/ament_index/resource_index/package_run_dependencies/rmw_connext_shared_cpp
[0.841s] -- Installing: /workspace/foxy_ws/install/share/ament_index/resource_index/parent_prefix_path/rmw_connext_shared_cpp
[0.841s] -- Installing: /workspace/foxy_ws/install/share/rmw_connext_shared_cpp/environment/ament_prefix_path.sh
[0.841s] -- Installing: /workspace/foxy_ws/install/share/rmw_connext_shared_cpp/environment/ament_prefix_path.dsv
[0.841s] -- Installing: /workspace/foxy_ws/install/share/rmw_connext_shared_cpp/environment/path.sh
[0.842s] -- Installing: /workspace/foxy_ws/install/share/rmw_connext_shared_cpp/environment/path.dsv
[0.842s] -- Installing: /workspace/foxy_ws/install/share/rmw_connext_shared_cpp/local_setup.bash
[0.842s] -- Installing: /workspace/foxy_ws/install/share/rmw_connext_shared_cpp/local_setup.sh
[0.842s] -- Installing: /workspace/foxy_ws/install/share/rmw_connext_shared_cpp/local_setup.zsh
[0.842s] -- Installing: /workspace/foxy_ws/install/share/rmw_connext_shared_cpp/local_setup.dsv
[0.843s] -- Installing: /workspace/foxy_ws/install/share/rmw_connext_shared_cpp/package.dsv
[0.843s] -- Installing: /workspace/foxy_ws/install/share/ament_index/resource_index/packages/rmw_connext_shared_cpp
[0.843s] -- Installing: /workspace/foxy_ws/install/share/rmw_connext_shared_cpp/cmake/rmw_connext_shared_cppConfig.cmake
[0.843s] -- Installing: /workspace/foxy_ws/install/share/rmw_connext_shared_cpp/cmake/rmw_connext_shared_cppConfig-version.cmake
[0.844s] -- Installing: /workspace/foxy_ws/install/share/rmw_connext_shared_cpp/package.xml
[0.846s] Invoked command in '/workspace/foxy_ws/build/rmw_connext_shared_cpp' returned '0': AMENT_PREFIX_PATH=/workspace/foxy_ws/install CMAKE_PREFIX_PATH=/workspace/foxy_ws/install LD_LIBRARY_PATH=/workspace/foxy_ws/install/lib PATH=/workspace/foxy_ws/install/bin:${PATH} PKG_CONFIG_PATH=/workspace/foxy_ws/install/lib/x86_64-linux-gnu/pkgconfig:/workspace/foxy_ws/install/lib/pkgconfig PYTHONPATH=/workspace/foxy_ws/install/lib/python3.10/site-packages /usr/bin/cmake --install /workspace/foxy_ws/build/rmw_connext_shared_cpp
