[0.085s] Invoking command in '/workspace/foxy_ws/build/rosidl_typesupport_connext_cpp': AMENT_PREFIX_PATH=/workspace/foxy_ws/install CMAKE_PREFIX_PATH=/workspace/foxy_ws/install LD_LIBRARY_PATH=/workspace/foxy_ws/install/lib PATH=/workspace/foxy_ws/install/bin:${PATH} PYTHONPATH=/workspace/foxy_ws/install/lib/python3.10/site-packages /usr/bin/cmake /workspace/foxy_ws/src/rosidl_typesupport_connext/rosidl_typesupport_connext_cpp -DCMAKE_INSTALL_PREFIX=/workspace/foxy_ws/install
[0.157s] -- The C compiler identification is GNU 9.4.0
[0.216s] -- The CXX compiler identification is GNU 9.4.0
[0.221s] -- Check for working C compiler: /usr/bin/cc
[0.289s] -- Check for working C compiler: /usr/bin/cc -- works
[0.290s] -- Detecting C compiler ABI info
[0.358s] -- Detecting C compiler ABI info - done
[0.372s] -- Detecting C compile features
[0.373s] -- Detecting C compile features - done
[0.375s] -- Check for working CXX compiler: /usr/bin/c++
[0.461s] -- Check for working CXX compiler: /usr/bin/c++ -- works
[0.462s] -- Detecting CXX compiler ABI info
[0.533s] -- Detecting CXX compiler ABI info - done
[0.547s] -- Detecting CXX compile features
[0.548s] -- Detecting CXX compile features - done
[0.550s] -- Found ament_cmake: 0.9.12 (/workspace/foxy_ws/install/share/ament_cmake/cmake)
[0.568s] -- Found PythonInterp: /usr/bin/python3 (found suitable version "3.10.14", minimum required is "3") 
[0.568s] -- Using PYTHON_EXECUTABLE: /usr/bin/python3
[0.746s] -- Found connext_cmake_module: 1.0.3 (/workspace/foxy_ws/install/share/connext_cmake_module/cmake)
[0.815s] CMake Warning at CMakeLists.txt:32 (message):
[0.815s]   Could not find RTI Connext - skipping 'rosidl_typesupport_connext_cpp'
[0.815s] 
[0.815s] 
[0.815s] -- Configuring done
[0.817s] -- Generating done
[0.818s] -- Build files have been written to: /workspace/foxy_ws/build/rosidl_typesupport_connext_cpp
[0.821s] Invoked command in '/workspace/foxy_ws/build/rosidl_typesupport_connext_cpp' returned '0': AMENT_PREFIX_PATH=/workspace/foxy_ws/install CMAKE_PREFIX_PATH=/workspace/foxy_ws/install LD_LIBRARY_PATH=/workspace/foxy_ws/install/lib PATH=/workspace/foxy_ws/install/bin:${PATH} PYTHONPATH=/workspace/foxy_ws/install/lib/python3.10/site-packages /usr/bin/cmake /workspace/foxy_ws/src/rosidl_typesupport_connext/rosidl_typesupport_connext_cpp -DCMAKE_INSTALL_PREFIX=/workspace/foxy_ws/install
[0.822s] Invoking command in '/workspace/foxy_ws/build/rosidl_typesupport_connext_cpp': AMENT_PREFIX_PATH=/workspace/foxy_ws/install CMAKE_PREFIX_PATH=/workspace/foxy_ws/install LD_LIBRARY_PATH=/workspace/foxy_ws/install/lib PATH=/workspace/foxy_ws/install/bin:${PATH} PYTHONPATH=/workspace/foxy_ws/install/lib/python3.10/site-packages /usr/bin/cmake --build /workspace/foxy_ws/build/rosidl_typesupport_connext_cpp -- -j12 -l12
[0.862s] Invoked command in '/workspace/foxy_ws/build/rosidl_typesupport_connext_cpp' returned '0': AMENT_PREFIX_PATH=/workspace/foxy_ws/install CMAKE_PREFIX_PATH=/workspace/foxy_ws/install LD_LIBRARY_PATH=/workspace/foxy_ws/install/lib PATH=/workspace/foxy_ws/install/bin:${PATH} PYTHONPATH=/workspace/foxy_ws/install/lib/python3.10/site-packages /usr/bin/cmake --build /workspace/foxy_ws/build/rosidl_typesupport_connext_cpp -- -j12 -l12
[0.889s] Invoking command in '/workspace/foxy_ws/build/rosidl_typesupport_connext_cpp': AMENT_PREFIX_PATH=/workspace/foxy_ws/install CMAKE_PREFIX_PATH=/workspace/foxy_ws/install LD_LIBRARY_PATH=/workspace/foxy_ws/install/lib PATH=/workspace/foxy_ws/install/bin:${PATH} PYTHONPATH=/workspace/foxy_ws/install/lib/python3.10/site-packages /usr/bin/cmake --install /workspace/foxy_ws/build/rosidl_typesupport_connext_cpp
[0.895s] -- Install configuration: ""
[0.895s] -- Installing: /workspace/foxy_ws/install/share/ament_index/resource_index/package_run_dependencies/rosidl_typesupport_connext_cpp
[0.895s] -- Installing: /workspace/foxy_ws/install/share/ament_index/resource_index/parent_prefix_path/rosidl_typesupport_connext_cpp
[0.895s] -- Installing: /workspace/foxy_ws/install/share/rosidl_typesupport_connext_cpp/environment/ament_prefix_path.sh
[0.895s] -- Installing: /workspace/foxy_ws/install/share/rosidl_typesupport_connext_cpp/environment/ament_prefix_path.dsv
[0.896s] -- Installing: /workspace/foxy_ws/install/share/rosidl_typesupport_connext_cpp/environment/path.sh
[0.896s] -- Installing: /workspace/foxy_ws/install/share/rosidl_typesupport_connext_cpp/environment/path.dsv
[0.896s] -- Installing: /workspace/foxy_ws/install/share/rosidl_typesupport_connext_cpp/local_setup.bash
[0.896s] -- Installing: /workspace/foxy_ws/install/share/rosidl_typesupport_connext_cpp/local_setup.sh
[0.896s] -- Installing: /workspace/foxy_ws/install/share/rosidl_typesupport_connext_cpp/local_setup.zsh
[0.896s] -- Installing: /workspace/foxy_ws/install/share/rosidl_typesupport_connext_cpp/local_setup.dsv
[0.896s] -- Installing: /workspace/foxy_ws/install/share/rosidl_typesupport_connext_cpp/package.dsv
[0.897s] -- Installing: /workspace/foxy_ws/install/share/ament_index/resource_index/packages/rosidl_typesupport_connext_cpp
[0.897s] -- Installing: /workspace/foxy_ws/install/share/rosidl_typesupport_connext_cpp/cmake/rosidl_typesupport_connext_cppConfig.cmake
[0.897s] -- Installing: /workspace/foxy_ws/install/share/rosidl_typesupport_connext_cpp/cmake/rosidl_typesupport_connext_cppConfig-version.cmake
[0.897s] -- Installing: /workspace/foxy_ws/install/share/rosidl_typesupport_connext_cpp/package.xml
[0.898s] Invoked command in '/workspace/foxy_ws/build/rosidl_typesupport_connext_cpp' returned '0': AMENT_PREFIX_PATH=/workspace/foxy_ws/install CMAKE_PREFIX_PATH=/workspace/foxy_ws/install LD_LIBRARY_PATH=/workspace/foxy_ws/install/lib PATH=/workspace/foxy_ws/install/bin:${PATH} PYTHONPATH=/workspace/foxy_ws/install/lib/python3.10/site-packages /usr/bin/cmake --install /workspace/foxy_ws/build/rosidl_typesupport_connext_cpp
