[0.274s] Invoking command in '/workspace/foxy_ws/build/ament_cmake_export_include_directories': AMENT_PREFIX_PATH=/workspace/foxy_ws/install CMAKE_PREFIX_PATH=/workspace/foxy_ws/install PATH=/workspace/foxy_ws/install/bin:${PATH} PYTHONPATH=/workspace/foxy_ws/install/lib/python3.10/site-packages /usr/bin/cmake /workspace/foxy_ws/src/ament_cmake/ament_cmake_export_include_directories -DCMAKE_INSTALL_PREFIX=/workspace/foxy_ws/install
[0.392s] -- Found ament_cmake_core: 0.9.12 (/workspace/foxy_ws/install/share/ament_cmake_core/cmake)
[0.466s] -- Found PythonInterp: /usr/bin/python3 (found suitable version "3.10.14", minimum required is "3") 
[0.466s] -- Using PYTHON_EXECUTABLE: /usr/bin/python3
[1.188s] -- Configuring done
[1.188s] -- Generating done
[1.188s] -- Build files have been written to: /workspace/foxy_ws/build/ament_cmake_export_include_directories
[1.189s] Invoked command in '/workspace/foxy_ws/build/ament_cmake_export_include_directories' returned '0': AMENT_PREFIX_PATH=/workspace/foxy_ws/install CMAKE_PREFIX_PATH=/workspace/foxy_ws/install PATH=/workspace/foxy_ws/install/bin:${PATH} PYTHONPATH=/workspace/foxy_ws/install/lib/python3.10/site-packages /usr/bin/cmake /workspace/foxy_ws/src/ament_cmake/ament_cmake_export_include_directories -DCMAKE_INSTALL_PREFIX=/workspace/foxy_ws/install
[1.189s] Invoking command in '/workspace/foxy_ws/build/ament_cmake_export_include_directories': AMENT_PREFIX_PATH=/workspace/foxy_ws/install CMAKE_PREFIX_PATH=/workspace/foxy_ws/install PATH=/workspace/foxy_ws/install/bin:${PATH} PYTHONPATH=/workspace/foxy_ws/install/lib/python3.10/site-packages /usr/bin/cmake --build /workspace/foxy_ws/build/ament_cmake_export_include_directories -- -j12 -l12
[1.416s] Invoked command in '/workspace/foxy_ws/build/ament_cmake_export_include_directories' returned '0': AMENT_PREFIX_PATH=/workspace/foxy_ws/install CMAKE_PREFIX_PATH=/workspace/foxy_ws/install PATH=/workspace/foxy_ws/install/bin:${PATH} PYTHONPATH=/workspace/foxy_ws/install/lib/python3.10/site-packages /usr/bin/cmake --build /workspace/foxy_ws/build/ament_cmake_export_include_directories -- -j12 -l12
[1.930s] Invoking command in '/workspace/foxy_ws/build/ament_cmake_export_include_directories': AMENT_PREFIX_PATH=/workspace/foxy_ws/install CMAKE_PREFIX_PATH=/workspace/foxy_ws/install PATH=/workspace/foxy_ws/install/bin:${PATH} PYTHONPATH=/workspace/foxy_ws/install/lib/python3.10/site-packages /usr/bin/cmake --install /workspace/foxy_ws/build/ament_cmake_export_include_directories
[2.018s] -- Install configuration: ""
[2.018s] -- Installing: /workspace/foxy_ws/install/share/ament_index/resource_index/package_run_dependencies/ament_cmake_export_include_directories
[2.018s] -- Installing: /workspace/foxy_ws/install/share/ament_index/resource_index/parent_prefix_path/ament_cmake_export_include_directories
[2.018s] -- Installing: /workspace/foxy_ws/install/share/ament_cmake_export_include_directories/environment/ament_prefix_path.sh
[2.018s] -- Installing: /workspace/foxy_ws/install/share/ament_cmake_export_include_directories/environment/ament_prefix_path.dsv
[2.018s] -- Installing: /workspace/foxy_ws/install/share/ament_cmake_export_include_directories/environment/path.sh
[2.018s] -- Installing: /workspace/foxy_ws/install/share/ament_cmake_export_include_directories/environment/path.dsv
[2.018s] -- Installing: /workspace/foxy_ws/install/share/ament_cmake_export_include_directories/local_setup.bash
[2.018s] -- Installing: /workspace/foxy_ws/install/share/ament_cmake_export_include_directories/local_setup.sh
[2.018s] -- Installing: /workspace/foxy_ws/install/share/ament_cmake_export_include_directories/local_setup.zsh
[2.019s] -- Installing: /workspace/foxy_ws/install/share/ament_cmake_export_include_directories/local_setup.dsv
[2.019s] -- Installing: /workspace/foxy_ws/install/share/ament_cmake_export_include_directories/package.dsv
[2.019s] -- Installing: /workspace/foxy_ws/install/share/ament_index/resource_index/packages/ament_cmake_export_include_directories
[2.019s] -- Installing: /workspace/foxy_ws/install/share/ament_cmake_export_include_directories/cmake/ament_cmake_export_include_directories-extras.cmake
[2.019s] -- Installing: /workspace/foxy_ws/install/share/ament_cmake_export_include_directories/cmake/ament_cmake_export_include_directoriesConfig.cmake
[2.019s] -- Installing: /workspace/foxy_ws/install/share/ament_cmake_export_include_directories/cmake/ament_cmake_export_include_directoriesConfig-version.cmake
[2.019s] -- Installing: /workspace/foxy_ws/install/share/ament_cmake_export_include_directories/package.xml
[2.019s] -- Up-to-date: /workspace/foxy_ws/install/share/ament_cmake_export_include_directories/cmake
[2.019s] -- Installing: /workspace/foxy_ws/install/share/ament_cmake_export_include_directories/cmake/ament_cmake_export_include_directories-extras.cmake.in
[2.019s] -- Installing: /workspace/foxy_ws/install/share/ament_cmake_export_include_directories/cmake/ament_cmake_export_include_directories_package_hook.cmake
[2.019s] -- Installing: /workspace/foxy_ws/install/share/ament_cmake_export_include_directories/cmake/ament_export_include_directories.cmake
[2.037s] Invoked command in '/workspace/foxy_ws/build/ament_cmake_export_include_directories' returned '0': AMENT_PREFIX_PATH=/workspace/foxy_ws/install CMAKE_PREFIX_PATH=/workspace/foxy_ws/install PATH=/workspace/foxy_ws/install/bin:${PATH} PYTHONPATH=/workspace/foxy_ws/install/lib/python3.10/site-packages /usr/bin/cmake --install /workspace/foxy_ws/build/ament_cmake_export_include_directories
