/workspace/foxy_ws/install/lib/python3.10/site-packages/launch_ros/parameters_type.py
/workspace/foxy_ws/install/lib/python3.10/site-packages/launch_ros/remap_rule_type.py
/workspace/foxy_ws/install/lib/python3.10/site-packages/launch_ros/ros_adapters.py
/workspace/foxy_ws/install/lib/python3.10/site-packages/launch_ros/__init__.py
/workspace/foxy_ws/install/lib/python3.10/site-packages/launch_ros/parameter_descriptions.py
/workspace/foxy_ws/install/lib/python3.10/site-packages/launch_ros/utilities/normalize_remap_rule.py
/workspace/foxy_ws/install/lib/python3.10/site-packages/launch_ros/utilities/normalize_parameters.py
/workspace/foxy_ws/install/lib/python3.10/site-packages/launch_ros/utilities/to_parameters_list.py
/workspace/foxy_ws/install/lib/python3.10/site-packages/launch_ros/utilities/namespace_utils.py
/workspace/foxy_ws/install/lib/python3.10/site-packages/launch_ros/utilities/__init__.py
/workspace/foxy_ws/install/lib/python3.10/site-packages/launch_ros/utilities/track_node_names.py
/workspace/foxy_ws/install/lib/python3.10/site-packages/launch_ros/utilities/evaluate_parameters.py
/workspace/foxy_ws/install/lib/python3.10/site-packages/launch_ros/event_handlers/on_state_transition.py
/workspace/foxy_ws/install/lib/python3.10/site-packages/launch_ros/event_handlers/__init__.py
/workspace/foxy_ws/install/lib/python3.10/site-packages/launch_ros/actions/lifecycle_node.py
/workspace/foxy_ws/install/lib/python3.10/site-packages/launch_ros/actions/push_ros_namespace.py
/workspace/foxy_ws/install/lib/python3.10/site-packages/launch_ros/actions/composable_node_container.py
/workspace/foxy_ws/install/lib/python3.10/site-packages/launch_ros/actions/set_parameter.py
/workspace/foxy_ws/install/lib/python3.10/site-packages/launch_ros/actions/__init__.py
/workspace/foxy_ws/install/lib/python3.10/site-packages/launch_ros/actions/set_remap.py
/workspace/foxy_ws/install/lib/python3.10/site-packages/launch_ros/actions/node.py
/workspace/foxy_ws/install/lib/python3.10/site-packages/launch_ros/actions/load_composable_nodes.py
/workspace/foxy_ws/install/lib/python3.10/site-packages/launch_ros/descriptions/composable_node.py
/workspace/foxy_ws/install/lib/python3.10/site-packages/launch_ros/descriptions/__init__.py
/workspace/foxy_ws/install/lib/python3.10/site-packages/launch_ros/events/__init__.py
/workspace/foxy_ws/install/lib/python3.10/site-packages/launch_ros/substitutions/__init__.py
/workspace/foxy_ws/install/lib/python3.10/site-packages/launch_ros/substitutions/executable_in_package.py
/workspace/foxy_ws/install/lib/python3.10/site-packages/launch_ros/substitutions/find_package.py
/workspace/foxy_ws/install/lib/python3.10/site-packages/launch_ros/events/lifecycle/state_transition.py
/workspace/foxy_ws/install/lib/python3.10/site-packages/launch_ros/events/lifecycle/change_state.py
/workspace/foxy_ws/install/lib/python3.10/site-packages/launch_ros/events/lifecycle/__init__.py
/workspace/foxy_ws/install/lib/python3.10/site-packages/launch_ros/events/lifecycle/lifecycle_node_matchers.py
/workspace/foxy_ws/install/lib/python3.10/site-packages/launch_ros/__pycache__/parameters_type.cpython-310.pyc
/workspace/foxy_ws/install/lib/python3.10/site-packages/launch_ros/__pycache__/remap_rule_type.cpython-310.pyc
/workspace/foxy_ws/install/lib/python3.10/site-packages/launch_ros/__pycache__/ros_adapters.cpython-310.pyc
/workspace/foxy_ws/install/lib/python3.10/site-packages/launch_ros/__pycache__/__init__.cpython-310.pyc
/workspace/foxy_ws/install/lib/python3.10/site-packages/launch_ros/__pycache__/parameter_descriptions.cpython-310.pyc
/workspace/foxy_ws/install/lib/python3.10/site-packages/launch_ros/utilities/__pycache__/normalize_remap_rule.cpython-310.pyc
/workspace/foxy_ws/install/lib/python3.10/site-packages/launch_ros/utilities/__pycache__/normalize_parameters.cpython-310.pyc
/workspace/foxy_ws/install/lib/python3.10/site-packages/launch_ros/utilities/__pycache__/to_parameters_list.cpython-310.pyc
/workspace/foxy_ws/install/lib/python3.10/site-packages/launch_ros/utilities/__pycache__/namespace_utils.cpython-310.pyc
/workspace/foxy_ws/install/lib/python3.10/site-packages/launch_ros/utilities/__pycache__/__init__.cpython-310.pyc
/workspace/foxy_ws/install/lib/python3.10/site-packages/launch_ros/utilities/__pycache__/track_node_names.cpython-310.pyc
/workspace/foxy_ws/install/lib/python3.10/site-packages/launch_ros/utilities/__pycache__/evaluate_parameters.cpython-310.pyc
/workspace/foxy_ws/install/lib/python3.10/site-packages/launch_ros/event_handlers/__pycache__/on_state_transition.cpython-310.pyc
/workspace/foxy_ws/install/lib/python3.10/site-packages/launch_ros/event_handlers/__pycache__/__init__.cpython-310.pyc
/workspace/foxy_ws/install/lib/python3.10/site-packages/launch_ros/actions/__pycache__/lifecycle_node.cpython-310.pyc
/workspace/foxy_ws/install/lib/python3.10/site-packages/launch_ros/actions/__pycache__/push_ros_namespace.cpython-310.pyc
/workspace/foxy_ws/install/lib/python3.10/site-packages/launch_ros/actions/__pycache__/composable_node_container.cpython-310.pyc
/workspace/foxy_ws/install/lib/python3.10/site-packages/launch_ros/actions/__pycache__/set_parameter.cpython-310.pyc
/workspace/foxy_ws/install/lib/python3.10/site-packages/launch_ros/actions/__pycache__/__init__.cpython-310.pyc
/workspace/foxy_ws/install/lib/python3.10/site-packages/launch_ros/actions/__pycache__/set_remap.cpython-310.pyc
/workspace/foxy_ws/install/lib/python3.10/site-packages/launch_ros/actions/__pycache__/node.cpython-310.pyc
/workspace/foxy_ws/install/lib/python3.10/site-packages/launch_ros/actions/__pycache__/load_composable_nodes.cpython-310.pyc
/workspace/foxy_ws/install/lib/python3.10/site-packages/launch_ros/descriptions/__pycache__/composable_node.cpython-310.pyc
/workspace/foxy_ws/install/lib/python3.10/site-packages/launch_ros/descriptions/__pycache__/__init__.cpython-310.pyc
/workspace/foxy_ws/install/lib/python3.10/site-packages/launch_ros/events/__pycache__/__init__.cpython-310.pyc
/workspace/foxy_ws/install/lib/python3.10/site-packages/launch_ros/substitutions/__pycache__/__init__.cpython-310.pyc
/workspace/foxy_ws/install/lib/python3.10/site-packages/launch_ros/substitutions/__pycache__/executable_in_package.cpython-310.pyc
/workspace/foxy_ws/install/lib/python3.10/site-packages/launch_ros/substitutions/__pycache__/find_package.cpython-310.pyc
/workspace/foxy_ws/install/lib/python3.10/site-packages/launch_ros/events/lifecycle/__pycache__/state_transition.cpython-310.pyc
/workspace/foxy_ws/install/lib/python3.10/site-packages/launch_ros/events/lifecycle/__pycache__/change_state.cpython-310.pyc
/workspace/foxy_ws/install/lib/python3.10/site-packages/launch_ros/events/lifecycle/__pycache__/__init__.cpython-310.pyc
/workspace/foxy_ws/install/lib/python3.10/site-packages/launch_ros/events/lifecycle/__pycache__/lifecycle_node_matchers.cpython-310.pyc
/workspace/foxy_ws/install/share/launch_ros/package.xml
/workspace/foxy_ws/install/share/ament_index/resource_index/packages/launch_ros
/workspace/foxy_ws/install/lib/python3.10/site-packages/launch_ros-0.11.7-py3.10.egg-info/entry_points.txt
/workspace/foxy_ws/install/lib/python3.10/site-packages/launch_ros-0.11.7-py3.10.egg-info/dependency_links.txt
/workspace/foxy_ws/install/lib/python3.10/site-packages/launch_ros-0.11.7-py3.10.egg-info/zip-safe
/workspace/foxy_ws/install/lib/python3.10/site-packages/launch_ros-0.11.7-py3.10.egg-info/top_level.txt
/workspace/foxy_ws/install/lib/python3.10/site-packages/launch_ros-0.11.7-py3.10.egg-info/requires.txt
/workspace/foxy_ws/install/lib/python3.10/site-packages/launch_ros-0.11.7-py3.10.egg-info/SOURCES.txt
/workspace/foxy_ws/install/lib/python3.10/site-packages/launch_ros-0.11.7-py3.10.egg-info/PKG-INFO
