-- The C compiler identification is GNU 9.4.0
-- The CXX compiler identification is GNU 9.4.0
-- Check for working C compiler: /usr/bin/cc
-- Check for working C compiler: /usr/bin/cc -- works
-- Detecting C compiler ABI info
-- Detecting C compiler ABI info - done
-- Detecting C compile features
-- Detecting C compile features - done
-- Check for working CXX compiler: /usr/bin/c++
-- Check for working CXX compiler: /usr/bin/c++ -- works
-- Detecting CXX compiler ABI info
-- Detecting CXX compiler ABI info - done
-- Detecting CXX compile features
-- Detecting CXX compile features - done
-- Found ament_cmake_python: 0.9.12 (/workspace/foxy_ws/install/share/ament_cmake_python/cmake)
-- Found ament_cmake_ros: 0.9.2 (/workspace/foxy_ws/install/share/ament_cmake_ros/cmake)
-- Found PythonInterp: /usr/bin/python3 (found suitable version "3.10.14", minimum required is "3") 
-- Using PYTHON_EXECUTABLE: /usr/bin/python3
-- Performing Test USES_GLIBC
-- Performing Test USES_GLIBC - Success
-- Found ament_lint_auto: 0.9.8 (/workspace/foxy_ws/install/share/ament_lint_auto/cmake)
-- Found python_cmake_module: 0.8.1 (/workspace/foxy_ws/install/share/python_cmake_module/cmake)
-- Found PythonInterp: /usr/bin/python3 (found suitable version "3.10.14", minimum required is "3.5") 
-- Found PythonLibs: /usr/lib/x86_64-linux-gnu/libpython3.10.so (found suitable version "3.10.14", minimum required is "3.5") 
-- Using PYTHON_EXECUTABLE: /usr/bin/python3
-- Using PYTHON_INCLUDE_DIRS: /usr/include/python3.10
-- Using PYTHON_LIBRARIES: /usr/lib/x86_64-linux-gnu/libpython3.10.so
-- Found PythonExtra: .so  
-- Looking for __atomic_load_8 in atomic
-- Looking for __atomic_load_8 in atomic - found
-- Found gtest sources under '/workspace/foxy_ws/install/src/gtest_vendor': C++ tests using 'Google Test' will be built
-- Looking for pthread.h
-- Looking for pthread.h - found
-- Performing Test CMAKE_HAVE_LIBC_PTHREAD
-- Performing Test CMAKE_HAVE_LIBC_PTHREAD - Failed
-- Check if compiler accepts -pthread
-- Check if compiler accepts -pthread - yes
-- Found Threads: TRUE  
-- Found gmock sources under '/workspace/foxy_ws/install/src/gmock_vendor': C++ tests using 'Google Mock' will be built
-- Added test 'copyright' to check source files copyright and LICENSE
-- Added test 'cppcheck' to perform static code analysis on C / C++ code
-- Configured cppcheck include dirs: $<BUILD_INTERFACE:/workspace/foxy_ws/src/rcutils/include>;/workspace/foxy_ws/src/rcutils/include
-- Configured cppcheck exclude dirs and/or files: 
-- Added test 'cpplint' to check C / C++ code against the Google style
-- Configured cpplint exclude dirs and/or files: 
-- Added test 'flake8' to check Python code syntax and style conventions
-- Added test 'lint_cmake' to check CMake code style
-- Added test 'pep257' to check Python code against some of the style conventions in PEP 257
-- Added test 'uncrustify' to check C / C++ code style
-- Configured uncrustify additional arguments: 
-- Added test 'xmllint' to check XML markup files
-- Configuring done
-- Generating done
-- Build files have been written to: /workspace/foxy_ws/build/rcutils
[  1%] Expanding logging_macros.h.em
Scanning dependencies of target gtest
Scanning dependencies of target gtest_main
Scanning dependencies of target dummy_shared_library
[  2%] Building CXX object gtest/CMakeFiles/gtest.dir/src/gtest-all.cc.o
Scanning dependencies of target gmock
[  3%] Building CXX object gtest/CMakeFiles/gtest_main.dir/src/gtest_main.cc.o
Scanning dependencies of target gmock_main
[  4%] Building CXX object gmock/CMakeFiles/gmock.dir/workspace/foxy_ws/install/src/gtest_vendor/src/gtest-all.cc.o
[  5%] Building CXX object gmock/CMakeFiles/gmock_main.dir/src/gmock_main.cc.o
[  5%] Building C object CMakeFiles/dummy_shared_library.dir/test/dummy_shared_library/dummy_shared_library.c.o
[  6%] Building CXX object gmock/CMakeFiles/gmock.dir/src/gmock-all.cc.o
[  7%] Linking C shared library libdummy_shared_library.so
Scanning dependencies of target rcutils
[  8%] Building C object CMakeFiles/rcutils.dir/src/allocator.c.o
[  9%] Building C object CMakeFiles/rcutils.dir/src/cmdline_parser.c.o
[ 10%] Building C object CMakeFiles/rcutils.dir/src/char_array.c.o
[ 11%] Building C object CMakeFiles/rcutils.dir/src/array_list.c.o
[ 11%] Built target dummy_shared_library
[ 12%] Building C object CMakeFiles/rcutils.dir/src/env.c.o
[ 12%] Building C object CMakeFiles/rcutils.dir/src/error_handling.c.o
[ 13%] Building C object CMakeFiles/rcutils.dir/src/find.c.o
[ 14%] Building C object CMakeFiles/rcutils.dir/src/filesystem.c.o
[ 15%] Building C object CMakeFiles/rcutils.dir/src/format_string.c.o
[ 16%] Building C object CMakeFiles/rcutils.dir/src/get_env.c.o
[ 18%] Building C object CMakeFiles/rcutils.dir/src/logging.c.o
[ 18%] Building C object CMakeFiles/rcutils.dir/src/hash_map.c.o
[ 19%] Building C object CMakeFiles/rcutils.dir/src/qsort.c.o
[ 20%] Building C object CMakeFiles/rcutils.dir/src/process.c.o
[ 20%] Building C object CMakeFiles/rcutils.dir/src/repl_str.c.o
[ 21%] Building C object CMakeFiles/rcutils.dir/src/shared_library.c.o
[ 22%] Building C object CMakeFiles/rcutils.dir/src/snprintf.c.o
[ 23%] Building C object CMakeFiles/rcutils.dir/src/split.c.o
[ 24%] Building C object CMakeFiles/rcutils.dir/src/strdup.c.o
[ 25%] Building C object CMakeFiles/rcutils.dir/src/strerror.c.o
[ 26%] Building C object CMakeFiles/rcutils.dir/src/string_array.c.o
[ 27%] Building C object CMakeFiles/rcutils.dir/src/string_map.c.o
[ 27%] Building C object CMakeFiles/rcutils.dir/src/testing/fault_injection.c.o
[ 28%] Building C object CMakeFiles/rcutils.dir/src/time.c.o
[ 29%] Building C object CMakeFiles/rcutils.dir/src/time_unix.c.o
[ 30%] Building C object CMakeFiles/rcutils.dir/src/uint8_array.c.o
[ 31%] Linking C shared library librcutils.so
[ 31%] Built target rcutils
Scanning dependencies of target test_logging_macros_c
[ 32%] Building C object CMakeFiles/test_logging_macros_c.dir/test/test_logging_macros.c.o
Scanning dependencies of target test_atomics_executable
Scanning dependencies of target test_logging_long_messages
[ 32%] Building C object CMakeFiles/test_atomics_executable.dir/test/test_atomics.c.o
[ 33%] Building CXX object CMakeFiles/test_logging_long_messages.dir/test/test_logging_long_messages.cpp.o
[ 34%] Linking C executable test_logging_macros_c
[ 35%] Linking C executable test_atomics_executable
[ 35%] Built target test_logging_macros_c
[ 35%] Built target test_atomics_executable
[ 36%] Linking CXX static library libgtest_main.a
[ 36%] Built target gtest_main
[ 37%] Linking CXX executable test_logging_long_messages
[ 37%] Built target test_logging_long_messages
[ 38%] Linking CXX static library libgmock_main.a
[ 38%] Built target gmock_main
[ 39%] Linking CXX static library libgmock.a
[ 39%] Built target gmock
Scanning dependencies of target test_error_handling
Scanning dependencies of target test_logging_macros
Scanning dependencies of target test_error_handling_helpers
[ 40%] Building CXX object CMakeFiles/test_error_handling.dir/test/test_error_handling.cpp.o
[ 41%] Building CXX object CMakeFiles/test_error_handling_helpers.dir/test/test_error_handling_helpers.cpp.o
[ 42%] Building CXX object CMakeFiles/test_logging_macros.dir/test/test_logging_macros.cpp.o
[ 42%] Linking CXX static library libgtest.a
[ 42%] Built target gtest
Scanning dependencies of target test_logging_console_output_handler
Scanning dependencies of target test_macros
Scanning dependencies of target test_logging_bad_env3
Scanning dependencies of target test_logging_enable_for
Scanning dependencies of target test_logging_bad_env
Scanning dependencies of target test_cmdline_parser
Scanning dependencies of target test_hash_map
[ 43%] Building CXX object CMakeFiles/test_macros.dir/test/test_macros.cpp.o
[ 44%] Building CXX object CMakeFiles/test_logging_enable_for.dir/test/test_logging_enable_for.cpp.o
[ 45%] Building CXX object CMakeFiles/test_logging_console_output_handler.dir/test/test_logging_console_output_handler.cpp.o
Scanning dependencies of target test_logging_custom_env
[ 45%] Building CXX object CMakeFiles/test_logging_bad_env.dir/test/test_logging_bad_env.cpp.o
[ 46%] Building CXX object CMakeFiles/test_logging_bad_env3.dir/test/test_logging_bad_env.cpp.o
Scanning dependencies of target test_process
[ 47%] Building CXX object CMakeFiles/test_cmdline_parser.dir/test/test_cmdline_parser.cpp.o
[ 48%] Building CXX object CMakeFiles/test_hash_map.dir/test/test_hash_map.cpp.o
[ 49%] Building CXX object CMakeFiles/test_logging_custom_env.dir/test/test_logging_custom_env.cpp.o
[ 50%] Building CXX object CMakeFiles/test_process.dir/test/test_process.cpp.o
[ 51%] Linking CXX executable test_logging_bad_env3
[ 51%] Built target test_logging_bad_env3
[ 51%] Linking CXX executable test_logging_macros
Scanning dependencies of target test_array_list
[ 52%] Building CXX object CMakeFiles/test_array_list.dir/test/test_array_list.cpp.o
[ 52%] Linking CXX executable test_logging_custom_env
[ 53%] Linking CXX executable test_logging_console_output_handler
[ 54%] Linking CXX executable test_error_handling_helpers
[ 55%] Linking CXX executable test_logging_bad_env
[ 55%] Built target test_logging_console_output_handler
[ 55%] Built target test_logging_custom_env
Scanning dependencies of target test_char_array
[ 56%] Building CXX object CMakeFiles/test_char_array.dir/test/test_char_array.cpp.o
[ 57%] Linking CXX executable test_cmdline_parser
[ 57%] Built target test_logging_macros
Scanning dependencies of target test_allocator
Scanning dependencies of target test_split
[ 58%] Building CXX object CMakeFiles/test_allocator.dir/test/test_allocator.cpp.o
[ 59%] Building CXX object CMakeFiles/test_split.dir/test/test_split.cpp.o
[ 60%] Linking CXX executable test_macros
[ 61%] Linking CXX executable test_hash_map
[ 61%] Built target test_error_handling_helpers
[ 61%] Built target test_logging_bad_env
Scanning dependencies of target test_strdup
[ 61%] Linking CXX executable test_error_handling
[ 62%] Building CXX object CMakeFiles/test_strdup.dir/test/test_strdup.cpp.o
Scanning dependencies of target test_format_string
[ 62%] Built target test_cmdline_parser
[ 62%] Built target test_hash_map
Scanning dependencies of target test_logging_custom_env2
[ 63%] Building CXX object CMakeFiles/test_format_string.dir/test/test_format_string.cpp.o
Scanning dependencies of target test_time
[ 64%] Building CXX object CMakeFiles/test_logging_custom_env2.dir/test/test_logging_custom_env.cpp.o
[ 66%] Linking CXX executable test_process
[ 66%] Building CXX object CMakeFiles/test_time.dir/test/test_time.cpp.o
[ 67%] Linking CXX executable test_logging_enable_for
[ 67%] Built target test_macros
Scanning dependencies of target test_strerror
[ 68%] Building CXX object CMakeFiles/test_strerror.dir/test/test_strerror.cpp.o
[ 68%] Built target test_error_handling
Scanning dependencies of target test_logging
[ 69%] Building CXX object CMakeFiles/test_logging.dir/test/test_logging.cpp.o
[ 69%] Built target test_logging_enable_for
[ 69%] Built target test_process
Scanning dependencies of target test_repl_str
Scanning dependencies of target test_string_array
[ 70%] Building CXX object CMakeFiles/test_repl_str.dir/test/test_repl_str.cpp.o
[ 71%] Building CXX object CMakeFiles/test_string_array.dir/test/test_string_array.cpp.o
[ 71%] Linking CXX executable test_strerror
[ 71%] Linking CXX executable test_format_string
[ 72%] Linking CXX executable test_array_list
[ 72%] Built target test_strerror
Scanning dependencies of target test_isalnum_no_locale
[ 73%] Linking CXX executable test_char_array
[ 74%] Linking CXX executable test_repl_str
[ 75%] Building CXX object CMakeFiles/test_isalnum_no_locale.dir/test/test_isalnum_no_locale.cpp.o
[ 75%] Built target test_array_list
[ 75%] Built target test_format_string
Scanning dependencies of target test_get_env
Scanning dependencies of target test_env
[ 76%] Building CXX object CMakeFiles/test_get_env.dir/test/test_get_env.cpp.o
[ 77%] Building CXX object CMakeFiles/test_env.dir/test/test_env.cpp.o
[ 78%] Linking CXX executable test_logging_custom_env2
[ 79%] Linking CXX executable test_string_array
[ 80%] Linking CXX executable test_split
[ 80%] Built target test_repl_str
[ 81%] Linking CXX executable test_strdup
[ 81%] Built target test_logging_custom_env2
Scanning dependencies of target test_filesystem
[ 81%] Built target test_char_array
Scanning dependencies of target test_string_map
[ 82%] Building CXX object CMakeFiles/test_filesystem.dir/test/test_filesystem.cpp.o
[ 83%] Building CXX object CMakeFiles/test_string_map.dir/test/test_string_map.cpp.o
Scanning dependencies of target test_shared_library
[ 83%] Building CXX object CMakeFiles/test_shared_library.dir/test/test_shared_library.cpp.o
[ 83%] Built target test_strdup
[ 83%] Built target test_split
[ 83%] Built target test_string_array
[ 84%] Linking CXX executable test_allocator
[ 85%] Linking CXX executable test_logging
[ 85%] Built target test_allocator
[ 85%] Built target test_logging
[ 86%] Linking CXX executable test_isalnum_no_locale
[ 87%] Linking CXX executable test_time
[ 88%] Built target test_isalnum_no_locale
[ 88%] Linking CXX executable test_get_env
[ 88%] Built target test_time
[ 89%] Linking CXX executable test_env
[ 89%] Built target test_get_env
[ 90%] Linking CXX executable test_shared_library
[ 90%] Built target test_env
[ 90%] Built target test_shared_library
[ 91%] Linking CXX executable test_string_map
[ 91%] Built target test_string_map
[ 92%] Linking CXX executable test_filesystem
[ 92%] Built target test_filesystem
Scanning dependencies of target test_uint8_array
[ 93%] Building CXX object CMakeFiles/test_uint8_array.dir/test/test_uint8_array.cpp.o
[ 94%] Linking CXX executable test_uint8_array
[ 94%] Built target test_uint8_array
Scanning dependencies of target test_snprintf
[ 95%] Building CXX object CMakeFiles/test_snprintf.dir/test/test_snprintf.cpp.o
[ 96%] Linking CXX executable test_snprintf
[ 96%] Built target test_snprintf
Scanning dependencies of target test_logging_bad_env2
[ 97%] Building CXX object CMakeFiles/test_logging_bad_env2.dir/test/test_logging_bad_env.cpp.o
[ 98%] Linking CXX executable test_logging_bad_env2
[ 98%] Built target test_logging_bad_env2
Scanning dependencies of target test_find
[ 99%] Building CXX object CMakeFiles/test_find.dir/test/test_find.cpp.o
[100%] Linking CXX executable test_find
[100%] Built target test_find
-- Install configuration: ""
-- Installing: /workspace/foxy_ws/install/share/rcutils/environment/pythonpath.sh
-- Installing: /workspace/foxy_ws/install/share/rcutils/environment/pythonpath.dsv
-- Installing: /workspace/foxy_ws/install/lib/python3.10/site-packages/rcutils
-- Installing: /workspace/foxy_ws/install/lib/python3.10/site-packages/rcutils/logging.py
-- Installing: /workspace/foxy_ws/install/lib/python3.10/site-packages/rcutils/__init__.py
Listing '/workspace/foxy_ws/install/lib/python3.10/site-packages/rcutils'...
Compiling '/workspace/foxy_ws/install/lib/python3.10/site-packages/rcutils/__init__.py'...
Compiling '/workspace/foxy_ws/install/lib/python3.10/site-packages/rcutils/logging.py'...
-- Installing: /workspace/foxy_ws/install/lib/librcutils.so
-- Installing: /workspace/foxy_ws/install/share/rcutils/environment/library_path.sh
-- Installing: /workspace/foxy_ws/install/share/rcutils/environment/library_path.dsv
-- Installing: /workspace/foxy_ws/install/share/ament_index/resource_index/package_run_dependencies/rcutils
-- Installing: /workspace/foxy_ws/install/share/ament_index/resource_index/parent_prefix_path/rcutils
-- Installing: /workspace/foxy_ws/install/share/rcutils/environment/ament_prefix_path.sh
-- Installing: /workspace/foxy_ws/install/share/rcutils/environment/ament_prefix_path.dsv
-- Installing: /workspace/foxy_ws/install/share/rcutils/environment/path.sh
-- Installing: /workspace/foxy_ws/install/share/rcutils/environment/path.dsv
-- Installing: /workspace/foxy_ws/install/share/rcutils/local_setup.bash
-- Installing: /workspace/foxy_ws/install/share/rcutils/local_setup.sh
-- Installing: /workspace/foxy_ws/install/share/rcutils/local_setup.zsh
-- Installing: /workspace/foxy_ws/install/share/rcutils/local_setup.dsv
-- Installing: /workspace/foxy_ws/install/share/rcutils/package.dsv
-- Installing: /workspace/foxy_ws/install/share/ament_index/resource_index/packages/rcutils
-- Installing: /workspace/foxy_ws/install/share/rcutils/cmake/rcutilsExport.cmake
-- Installing: /workspace/foxy_ws/install/share/rcutils/cmake/rcutilsExport-noconfig.cmake
-- Installing: /workspace/foxy_ws/install/share/rcutils/cmake/ament_cmake_export_link_flags-extras.cmake
-- Installing: /workspace/foxy_ws/install/share/rcutils/cmake/ament_cmake_export_dependencies-extras.cmake
-- Installing: /workspace/foxy_ws/install/share/rcutils/cmake/ament_cmake_export_include_directories-extras.cmake
-- Installing: /workspace/foxy_ws/install/share/rcutils/cmake/ament_cmake_export_libraries-extras.cmake
-- Installing: /workspace/foxy_ws/install/share/rcutils/cmake/ament_cmake_export_targets-extras.cmake
-- Installing: /workspace/foxy_ws/install/share/rcutils/cmake/rcutilsConfig.cmake
-- Installing: /workspace/foxy_ws/install/share/rcutils/cmake/rcutilsConfig-version.cmake
-- Installing: /workspace/foxy_ws/install/share/rcutils/package.xml
-- Up-to-date: /workspace/foxy_ws/install/include
-- Installing: /workspace/foxy_ws/install/include/rcutils
-- Installing: /workspace/foxy_ws/install/include/rcutils/split.h
-- Installing: /workspace/foxy_ws/install/include/rcutils/env.h
-- Installing: /workspace/foxy_ws/install/include/rcutils/logging.h
-- Installing: /workspace/foxy_ws/install/include/rcutils/error_handling.h
-- Installing: /workspace/foxy_ws/install/include/rcutils/stdatomic_helper
-- Installing: /workspace/foxy_ws/install/include/rcutils/stdatomic_helper/win32
-- Installing: /workspace/foxy_ws/install/include/rcutils/stdatomic_helper/win32/stdatomic.h
-- Installing: /workspace/foxy_ws/install/include/rcutils/stdatomic_helper/gcc
-- Installing: /workspace/foxy_ws/install/include/rcutils/stdatomic_helper/gcc/stdatomic.h
-- Installing: /workspace/foxy_ws/install/include/rcutils/stdatomic_helper.h
-- Installing: /workspace/foxy_ws/install/include/rcutils/types
-- Installing: /workspace/foxy_ws/install/include/rcutils/types/char_array.h
-- Installing: /workspace/foxy_ws/install/include/rcutils/types/array_list.h
-- Installing: /workspace/foxy_ws/install/include/rcutils/types/string_array.h
-- Installing: /workspace/foxy_ws/install/include/rcutils/types/rcutils_ret.h
-- Installing: /workspace/foxy_ws/install/include/rcutils/types/string_map.h
-- Installing: /workspace/foxy_ws/install/include/rcutils/types/hash_map.h
-- Installing: /workspace/foxy_ws/install/include/rcutils/types/uint8_array.h
-- Installing: /workspace/foxy_ws/install/include/rcutils/cmdline_parser.h
-- Installing: /workspace/foxy_ws/install/include/rcutils/filesystem.h
-- Installing: /workspace/foxy_ws/install/include/rcutils/format_string.h
-- Installing: /workspace/foxy_ws/install/include/rcutils/visibility_control_macros.h
-- Installing: /workspace/foxy_ws/install/include/rcutils/snprintf.h
-- Installing: /workspace/foxy_ws/install/include/rcutils/qsort.h
-- Installing: /workspace/foxy_ws/install/include/rcutils/get_env.h
-- Installing: /workspace/foxy_ws/install/include/rcutils/testing
-- Installing: /workspace/foxy_ws/install/include/rcutils/testing/fault_injection.h
-- Installing: /workspace/foxy_ws/install/include/rcutils/allocator.h
-- Installing: /workspace/foxy_ws/install/include/rcutils/find.h
-- Installing: /workspace/foxy_ws/install/include/rcutils/strdup.h
-- Installing: /workspace/foxy_ws/install/include/rcutils/visibility_control.h
-- Installing: /workspace/foxy_ws/install/include/rcutils/repl_str.h
-- Installing: /workspace/foxy_ws/install/include/rcutils/shared_library.h
-- Installing: /workspace/foxy_ws/install/include/rcutils/strerror.h
-- Installing: /workspace/foxy_ws/install/include/rcutils/isalnum_no_locale.h
-- Installing: /workspace/foxy_ws/install/include/rcutils/types.h
-- Installing: /workspace/foxy_ws/install/include/rcutils/macros.h
-- Installing: /workspace/foxy_ws/install/include/rcutils/process.h
-- Installing: /workspace/foxy_ws/install/include/rcutils/time.h
-- Up-to-date: /workspace/foxy_ws/install/include
-- Up-to-date: /workspace/foxy_ws/install/include/rcutils
-- Installing: /workspace/foxy_ws/install/include/rcutils/logging_macros.h
