[0.013s] Invoking command in '/workspace/foxy_ws/build/ament_cmake_copyright': AMENT_PREFIX_PATH=/workspace/foxy_ws/install CMAKE_PREFIX_PATH=/workspace/foxy_ws/install LD_LIBRARY_PATH=/workspace/foxy_ws/install/lib PATH=/workspace/foxy_ws/install/bin:${PATH} PYTHONPATH=/workspace/foxy_ws/install/lib/python3.10/site-packages /usr/bin/cmake /workspace/foxy_ws/src/ament_lint/ament_cmake_copyright -DCMAKE_INSTALL_PREFIX=/workspace/foxy_ws/install
[0.023s] -- Found ament_cmake_core: 0.9.12 (/workspace/foxy_ws/install/share/ament_cmake_core/cmake)
[0.035s] -- Found PythonInterp: /usr/bin/python3 (found suitable version "3.10.14", minimum required is "3") 
[0.035s] -- Using PYTHON_EXECUTABLE: /usr/bin/python3
[0.220s] -- Found ament_cmake_test: 0.9.12 (/workspace/foxy_ws/install/share/ament_cmake_test/cmake)
[0.358s] -- Found ament_cmake_lint_cmake: 0.9.8 (/workspace/foxy_ws/install/share/ament_cmake_lint_cmake/cmake)
[0.359s] -- Configuring done
[0.359s] -- Generating done
[0.359s] -- Build files have been written to: /workspace/foxy_ws/build/ament_cmake_copyright
[0.359s] Invoked command in '/workspace/foxy_ws/build/ament_cmake_copyright' returned '0': AMENT_PREFIX_PATH=/workspace/foxy_ws/install CMAKE_PREFIX_PATH=/workspace/foxy_ws/install LD_LIBRARY_PATH=/workspace/foxy_ws/install/lib PATH=/workspace/foxy_ws/install/bin:${PATH} PYTHONPATH=/workspace/foxy_ws/install/lib/python3.10/site-packages /usr/bin/cmake /workspace/foxy_ws/src/ament_lint/ament_cmake_copyright -DCMAKE_INSTALL_PREFIX=/workspace/foxy_ws/install
[0.360s] Invoking command in '/workspace/foxy_ws/build/ament_cmake_copyright': AMENT_PREFIX_PATH=/workspace/foxy_ws/install CMAKE_PREFIX_PATH=/workspace/foxy_ws/install LD_LIBRARY_PATH=/workspace/foxy_ws/install/lib PATH=/workspace/foxy_ws/install/bin:${PATH} PYTHONPATH=/workspace/foxy_ws/install/lib/python3.10/site-packages /usr/bin/cmake --build /workspace/foxy_ws/build/ament_cmake_copyright -- -j12 -l12
[0.481s] Invoked command in '/workspace/foxy_ws/build/ament_cmake_copyright' returned '0': AMENT_PREFIX_PATH=/workspace/foxy_ws/install CMAKE_PREFIX_PATH=/workspace/foxy_ws/install LD_LIBRARY_PATH=/workspace/foxy_ws/install/lib PATH=/workspace/foxy_ws/install/bin:${PATH} PYTHONPATH=/workspace/foxy_ws/install/lib/python3.10/site-packages /usr/bin/cmake --build /workspace/foxy_ws/build/ament_cmake_copyright -- -j12 -l12
[0.675s] Invoking command in '/workspace/foxy_ws/build/ament_cmake_copyright': AMENT_PREFIX_PATH=/workspace/foxy_ws/install CMAKE_PREFIX_PATH=/workspace/foxy_ws/install LD_LIBRARY_PATH=/workspace/foxy_ws/install/lib PATH=/workspace/foxy_ws/install/bin:${PATH} PYTHONPATH=/workspace/foxy_ws/install/lib/python3.10/site-packages /usr/bin/cmake --install /workspace/foxy_ws/build/ament_cmake_copyright
[0.704s] -- Install configuration: ""
[0.704s] -- Installing: /workspace/foxy_ws/install/share/ament_index/resource_index/package_run_dependencies/ament_cmake_copyright
[0.704s] -- Installing: /workspace/foxy_ws/install/share/ament_index/resource_index/parent_prefix_path/ament_cmake_copyright
[0.704s] -- Installing: /workspace/foxy_ws/install/share/ament_cmake_copyright/environment/ament_prefix_path.sh
[0.705s] -- Installing: /workspace/foxy_ws/install/share/ament_cmake_copyright/environment/ament_prefix_path.dsv
[0.705s] -- Installing: /workspace/foxy_ws/install/share/ament_cmake_copyright/environment/path.sh
[0.705s] -- Installing: /workspace/foxy_ws/install/share/ament_cmake_copyright/environment/path.dsv
[0.705s] -- Installing: /workspace/foxy_ws/install/share/ament_cmake_copyright/local_setup.bash
[0.705s] -- Installing: /workspace/foxy_ws/install/share/ament_cmake_copyright/local_setup.sh
[0.705s] -- Installing: /workspace/foxy_ws/install/share/ament_cmake_copyright/local_setup.zsh
[0.706s] -- Installing: /workspace/foxy_ws/install/share/ament_cmake_copyright/local_setup.dsv
[0.706s] -- Installing: /workspace/foxy_ws/install/share/ament_cmake_copyright/package.dsv
[0.706s] -- Installing: /workspace/foxy_ws/install/share/ament_index/resource_index/packages/ament_cmake_copyright
[0.707s] -- Installing: /workspace/foxy_ws/install/share/ament_cmake_copyright/cmake/ament_cmake_copyright-extras.cmake
[0.707s] -- Installing: /workspace/foxy_ws/install/share/ament_cmake_copyright/cmake/ament_cmake_copyrightConfig.cmake
[0.707s] -- Installing: /workspace/foxy_ws/install/share/ament_cmake_copyright/cmake/ament_cmake_copyrightConfig-version.cmake
[0.707s] -- Installing: /workspace/foxy_ws/install/share/ament_cmake_copyright/package.xml
[0.707s] -- Up-to-date: /workspace/foxy_ws/install/share/ament_cmake_copyright/cmake
[0.708s] -- Installing: /workspace/foxy_ws/install/share/ament_cmake_copyright/cmake/ament_cmake_copyright_lint_hook.cmake
[0.711s] -- Installing: /workspace/foxy_ws/install/share/ament_cmake_copyright/cmake/ament_copyright.cmake
[0.724s] Invoked command in '/workspace/foxy_ws/build/ament_cmake_copyright' returned '0': AMENT_PREFIX_PATH=/workspace/foxy_ws/install CMAKE_PREFIX_PATH=/workspace/foxy_ws/install LD_LIBRARY_PATH=/workspace/foxy_ws/install/lib PATH=/workspace/foxy_ws/install/bin:${PATH} PYTHONPATH=/workspace/foxy_ws/install/lib/python3.10/site-packages /usr/bin/cmake --install /workspace/foxy_ws/build/ament_cmake_copyright
