-- The C compiler identification is GNU 9.4.0
-- The CXX compiler identification is GNU 9.4.0
-- Check for working C compiler: /usr/bin/cc
-- Check for working C compiler: /usr/bin/cc -- works
-- Detecting C compiler ABI info
-- Detecting C compiler ABI info - done
-- Detecting C compile features
-- Detecting C compile features - done
-- Check for working CXX compiler: /usr/bin/c++
-- Check for working CXX compiler: /usr/bin/c++ -- works
-- Detecting CXX compiler ABI info
-- Detecting CXX compiler ABI info - done
-- Detecting CXX compile features
-- Detecting CXX compile features - done
-- Found ament_cmake_python: 0.9.12 (/workspace/foxy_ws/install/share/ament_cmake_python/cmake)
-- Found ament_cmake_ros: 0.9.2 (/workspace/foxy_ws/install/share/ament_cmake_ros/cmake)
-- Found PythonInterp: /usr/bin/python3 (found suitable version "3.10.14", minimum required is "3") 
-- Using PYTHON_EXECUTABLE: /usr/bin/python3
<string>:1: DeprecationWarning: The distutils package is deprecated and slated for removal in Python 3.12. Use setuptools or check PEP 632 for potential alternatives
<string>:1: DeprecationWarning: The distutils.sysconfig module is deprecated, use sysconfig instead
-- Found ament_lint_auto: 0.9.8 (/workspace/foxy_ws/install/share/ament_lint_auto/cmake)
-- Added test 'copyright' to check source files copyright and LICENSE
-- Added test 'cppcheck' to perform static code analysis on C / C++ code
-- Configured cppcheck include dirs: $<BUILD_INTERFACE:/workspace/foxy_ws/src/rosidl/rosidl_typesupport_introspection_c/include>
-- Configured cppcheck exclude dirs and/or files: 
-- Added test 'cpplint' to check C / C++ code against the Google style
-- Configured cpplint exclude dirs and/or files: 
-- Added test 'flake8' to check Python code syntax and style conventions
-- Added test 'lint_cmake' to check CMake code style
-- Added test 'pep257' to check Python code against some of the style conventions in PEP 257
-- Added test 'uncrustify' to check C / C++ code style
-- Configured uncrustify additional arguments: 
-- Added test 'xmllint' to check XML markup files
-- Configuring done
-- Generating done
-- Build files have been written to: /workspace/foxy_ws/build/rosidl_typesupport_introspection_c
Scanning dependencies of target rosidl_typesupport_introspection_c
[ 50%] Building C object CMakeFiles/rosidl_typesupport_introspection_c.dir/src/identifier.c.o
[100%] Linking C shared library librosidl_typesupport_introspection_c.so
[100%] Built target rosidl_typesupport_introspection_c
-- Install configuration: ""
-- Installing: /workspace/foxy_ws/install/share/rosidl_typesupport_introspection_c/environment/pythonpath.sh
-- Installing: /workspace/foxy_ws/install/share/rosidl_typesupport_introspection_c/environment/pythonpath.dsv
-- Installing: /workspace/foxy_ws/install/lib/python3.10/site-packages/rosidl_typesupport_introspection_c
-- Installing: /workspace/foxy_ws/install/lib/python3.10/site-packages/rosidl_typesupport_introspection_c/__init__.py
Listing '/workspace/foxy_ws/install/lib/python3.10/site-packages/rosidl_typesupport_introspection_c'...
Compiling '/workspace/foxy_ws/install/lib/python3.10/site-packages/rosidl_typesupport_introspection_c/__init__.py'...
-- Installing: /workspace/foxy_ws/install/share/rosidl_typesupport_introspection_c/environment/library_path.sh
-- Installing: /workspace/foxy_ws/install/share/rosidl_typesupport_introspection_c/environment/library_path.dsv
-- Installing: /workspace/foxy_ws/install/share/ament_index/resource_index/rosidl_typesupport_c/rosidl_typesupport_introspection_c
-- Installing: /workspace/foxy_ws/install/share/ament_index/resource_index/rosidl_runtime_packages/rosidl_typesupport_introspection_c
-- Installing: /workspace/foxy_ws/install/share/ament_index/resource_index/package_run_dependencies/rosidl_typesupport_introspection_c
-- Installing: /workspace/foxy_ws/install/share/ament_index/resource_index/parent_prefix_path/rosidl_typesupport_introspection_c
-- Installing: /workspace/foxy_ws/install/share/rosidl_typesupport_introspection_c/environment/ament_prefix_path.sh
-- Installing: /workspace/foxy_ws/install/share/rosidl_typesupport_introspection_c/environment/ament_prefix_path.dsv
-- Installing: /workspace/foxy_ws/install/share/rosidl_typesupport_introspection_c/environment/path.sh
-- Installing: /workspace/foxy_ws/install/share/rosidl_typesupport_introspection_c/environment/path.dsv
-- Installing: /workspace/foxy_ws/install/share/rosidl_typesupport_introspection_c/local_setup.bash
-- Installing: /workspace/foxy_ws/install/share/rosidl_typesupport_introspection_c/local_setup.sh
-- Installing: /workspace/foxy_ws/install/share/rosidl_typesupport_introspection_c/local_setup.zsh
-- Installing: /workspace/foxy_ws/install/share/rosidl_typesupport_introspection_c/local_setup.dsv
-- Installing: /workspace/foxy_ws/install/share/rosidl_typesupport_introspection_c/package.dsv
-- Installing: /workspace/foxy_ws/install/share/ament_index/resource_index/packages/rosidl_typesupport_introspection_c
-- Installing: /workspace/foxy_ws/install/share/rosidl_typesupport_introspection_c/cmake/rosidl_typesupport_introspection_cExport.cmake
-- Installing: /workspace/foxy_ws/install/share/rosidl_typesupport_introspection_c/cmake/rosidl_typesupport_introspection_cExport-noconfig.cmake
-- Installing: /workspace/foxy_ws/install/share/rosidl_typesupport_introspection_c/cmake/rosidl_typesupport_introspection_c-extras.cmake
-- Installing: /workspace/foxy_ws/install/share/rosidl_typesupport_introspection_c/cmake/ament_cmake_export_dependencies-extras.cmake
-- Installing: /workspace/foxy_ws/install/share/rosidl_typesupport_introspection_c/cmake/ament_cmake_export_include_directories-extras.cmake
-- Installing: /workspace/foxy_ws/install/share/rosidl_typesupport_introspection_c/cmake/ament_cmake_export_libraries-extras.cmake
-- Installing: /workspace/foxy_ws/install/share/rosidl_typesupport_introspection_c/cmake/ament_cmake_export_targets-extras.cmake
-- Installing: /workspace/foxy_ws/install/share/rosidl_typesupport_introspection_c/cmake/rosidl_typesupport_introspection_cConfig.cmake
-- Installing: /workspace/foxy_ws/install/share/rosidl_typesupport_introspection_c/cmake/rosidl_typesupport_introspection_cConfig-version.cmake
-- Installing: /workspace/foxy_ws/install/share/rosidl_typesupport_introspection_c/package.xml
-- Installing: /workspace/foxy_ws/install/lib/rosidl_typesupport_introspection_c/rosidl_typesupport_introspection_c
-- Up-to-date: /workspace/foxy_ws/install/share/rosidl_typesupport_introspection_c/cmake
-- Installing: /workspace/foxy_ws/install/share/rosidl_typesupport_introspection_c/cmake/rosidl_typesupport_introspection_c_generate_interfaces.cmake
-- Installing: /workspace/foxy_ws/install/share/rosidl_typesupport_introspection_c/resource
-- Installing: /workspace/foxy_ws/install/share/rosidl_typesupport_introspection_c/resource/rosidl_typesupport_introspection_c__visibility_control.h.in
-- Installing: /workspace/foxy_ws/install/share/rosidl_typesupport_introspection_c/resource/idl__rosidl_typesupport_introspection_c.h.em
-- Installing: /workspace/foxy_ws/install/share/rosidl_typesupport_introspection_c/resource/srv__rosidl_typesupport_introspection_c.h.em
-- Installing: /workspace/foxy_ws/install/share/rosidl_typesupport_introspection_c/resource/idl__type_support.c.em
-- Installing: /workspace/foxy_ws/install/share/rosidl_typesupport_introspection_c/resource/msg__type_support.c.em
-- Installing: /workspace/foxy_ws/install/share/rosidl_typesupport_introspection_c/resource/srv__type_support.c.em
-- Installing: /workspace/foxy_ws/install/share/rosidl_typesupport_introspection_c/resource/msg__rosidl_typesupport_introspection_c.h.em
-- Up-to-date: /workspace/foxy_ws/install/include
-- Installing: /workspace/foxy_ws/install/include/rosidl_typesupport_introspection_c
-- Installing: /workspace/foxy_ws/install/include/rosidl_typesupport_introspection_c/identifier.h
-- Installing: /workspace/foxy_ws/install/include/rosidl_typesupport_introspection_c/service_introspection.h
-- Installing: /workspace/foxy_ws/install/include/rosidl_typesupport_introspection_c/message_introspection.h
-- Installing: /workspace/foxy_ws/install/include/rosidl_typesupport_introspection_c/field_types.h
-- Installing: /workspace/foxy_ws/install/include/rosidl_typesupport_introspection_c/visibility_control.h
-- Installing: /workspace/foxy_ws/install/lib/librosidl_typesupport_introspection_c.so
