[0.166s] Invoking command in '/workspace/foxy_ws/build/rosidl_typesupport_introspection_c': AMENT_PREFIX_PATH=/workspace/foxy_ws/install CMAKE_PREFIX_PATH=/workspace/foxy_ws/install LD_LIBRARY_PATH=/workspace/foxy_ws/install/lib PATH=/workspace/foxy_ws/install/bin:${PATH} PKG_CONFIG_PATH=/workspace/foxy_ws/install/lib/x86_64-linux-gnu/pkgconfig:/workspace/foxy_ws/install/lib/pkgconfig PYTHONPATH=/workspace/foxy_ws/install/lib/python3.10/site-packages /usr/bin/cmake /workspace/foxy_ws/src/rosidl/rosidl_typesupport_introspection_c -DCMAKE_INSTALL_PREFIX=/workspace/foxy_ws/install
[0.218s] -- The C compiler identification is GNU 9.4.0
[0.264s] -- The CXX compiler identification is GNU 9.4.0
[0.268s] -- Check for working C compiler: /usr/bin/cc
[0.332s] -- Check for working C compiler: /usr/bin/cc -- works
[0.333s] -- Detecting C compiler ABI info
[0.406s] -- Detecting C compiler ABI info - done
[0.414s] -- Detecting C compile features
[0.414s] -- Detecting C compile features - done
[0.417s] -- Check for working CXX compiler: /usr/bin/c++
[0.498s] -- Check for working CXX compiler: /usr/bin/c++ -- works
[0.498s] -- Detecting CXX compiler ABI info
[0.586s] -- Detecting CXX compiler ABI info - done
[0.600s] -- Detecting CXX compile features
[0.601s] -- Detecting CXX compile features - done
[0.612s] -- Found ament_cmake_python: 0.9.12 (/workspace/foxy_ws/install/share/ament_cmake_python/cmake)
[0.613s] -- Found ament_cmake_ros: 0.9.2 (/workspace/foxy_ws/install/share/ament_cmake_ros/cmake)
[0.636s] -- Found PythonInterp: /usr/bin/python3 (found suitable version "3.10.14", minimum required is "3") 
[0.636s] -- Using PYTHON_EXECUTABLE: /usr/bin/python3
[0.838s] <string>:1: DeprecationWarning: The distutils package is deprecated and slated for removal in Python 3.12. Use setuptools or check PEP 632 for potential alternatives
[0.840s] <string>:1: DeprecationWarning: The distutils.sysconfig module is deprecated, use sysconfig instead
[0.852s] -- Found ament_lint_auto: 0.9.8 (/workspace/foxy_ws/install/share/ament_lint_auto/cmake)
[0.940s] -- Added test 'copyright' to check source files copyright and LICENSE
[0.947s] -- Added test 'cppcheck' to perform static code analysis on C / C++ code
[0.947s] -- Configured cppcheck include dirs: $<BUILD_INTERFACE:/workspace/foxy_ws/src/rosidl/rosidl_typesupport_introspection_c/include>
[0.947s] -- Configured cppcheck exclude dirs and/or files: 
[0.953s] -- Added test 'cpplint' to check C / C++ code against the Google style
[0.953s] -- Configured cpplint exclude dirs and/or files: 
[0.953s] -- Added test 'flake8' to check Python code syntax and style conventions
[0.955s] -- Added test 'lint_cmake' to check CMake code style
[0.956s] -- Added test 'pep257' to check Python code against some of the style conventions in PEP 257
[0.962s] -- Added test 'uncrustify' to check C / C++ code style
[0.962s] -- Configured uncrustify additional arguments: 
[0.966s] -- Added test 'xmllint' to check XML markup files
[0.971s] -- Configuring done
[0.976s] -- Generating done
[0.977s] -- Build files have been written to: /workspace/foxy_ws/build/rosidl_typesupport_introspection_c
[0.983s] Invoked command in '/workspace/foxy_ws/build/rosidl_typesupport_introspection_c' returned '0': AMENT_PREFIX_PATH=/workspace/foxy_ws/install CMAKE_PREFIX_PATH=/workspace/foxy_ws/install LD_LIBRARY_PATH=/workspace/foxy_ws/install/lib PATH=/workspace/foxy_ws/install/bin:${PATH} PKG_CONFIG_PATH=/workspace/foxy_ws/install/lib/x86_64-linux-gnu/pkgconfig:/workspace/foxy_ws/install/lib/pkgconfig PYTHONPATH=/workspace/foxy_ws/install/lib/python3.10/site-packages /usr/bin/cmake /workspace/foxy_ws/src/rosidl/rosidl_typesupport_introspection_c -DCMAKE_INSTALL_PREFIX=/workspace/foxy_ws/install
[0.984s] Invoking command in '/workspace/foxy_ws/build/rosidl_typesupport_introspection_c': AMENT_PREFIX_PATH=/workspace/foxy_ws/install CMAKE_PREFIX_PATH=/workspace/foxy_ws/install LD_LIBRARY_PATH=/workspace/foxy_ws/install/lib PATH=/workspace/foxy_ws/install/bin:${PATH} PKG_CONFIG_PATH=/workspace/foxy_ws/install/lib/x86_64-linux-gnu/pkgconfig:/workspace/foxy_ws/install/lib/pkgconfig PYTHONPATH=/workspace/foxy_ws/install/lib/python3.10/site-packages /usr/bin/cmake --build /workspace/foxy_ws/build/rosidl_typesupport_introspection_c -- -j12 -l12
[1.033s] Scanning dependencies of target rosidl_typesupport_introspection_c
[1.047s] [ 50%] Building C object CMakeFiles/rosidl_typesupport_introspection_c.dir/src/identifier.c.o
[1.067s] [100%] Linking C shared library librosidl_typesupport_introspection_c.so
[1.093s] [100%] Built target rosidl_typesupport_introspection_c
[1.104s] Invoked command in '/workspace/foxy_ws/build/rosidl_typesupport_introspection_c' returned '0': AMENT_PREFIX_PATH=/workspace/foxy_ws/install CMAKE_PREFIX_PATH=/workspace/foxy_ws/install LD_LIBRARY_PATH=/workspace/foxy_ws/install/lib PATH=/workspace/foxy_ws/install/bin:${PATH} PKG_CONFIG_PATH=/workspace/foxy_ws/install/lib/x86_64-linux-gnu/pkgconfig:/workspace/foxy_ws/install/lib/pkgconfig PYTHONPATH=/workspace/foxy_ws/install/lib/python3.10/site-packages /usr/bin/cmake --build /workspace/foxy_ws/build/rosidl_typesupport_introspection_c -- -j12 -l12
[1.120s] Invoking command in '/workspace/foxy_ws/build/rosidl_typesupport_introspection_c': AMENT_PREFIX_PATH=/workspace/foxy_ws/install CMAKE_PREFIX_PATH=/workspace/foxy_ws/install LD_LIBRARY_PATH=/workspace/foxy_ws/install/lib PATH=/workspace/foxy_ws/install/bin:${PATH} PKG_CONFIG_PATH=/workspace/foxy_ws/install/lib/x86_64-linux-gnu/pkgconfig:/workspace/foxy_ws/install/lib/pkgconfig PYTHONPATH=/workspace/foxy_ws/install/lib/python3.10/site-packages /usr/bin/cmake --install /workspace/foxy_ws/build/rosidl_typesupport_introspection_c
[1.130s] -- Install configuration: ""
[1.131s] -- Installing: /workspace/foxy_ws/install/share/rosidl_typesupport_introspection_c/environment/pythonpath.sh
[1.131s] -- Installing: /workspace/foxy_ws/install/share/rosidl_typesupport_introspection_c/environment/pythonpath.dsv
[1.131s] -- Installing: /workspace/foxy_ws/install/lib/python3.10/site-packages/rosidl_typesupport_introspection_c
[1.131s] -- Installing: /workspace/foxy_ws/install/lib/python3.10/site-packages/rosidl_typesupport_introspection_c/__init__.py
[1.168s] Listing '/workspace/foxy_ws/install/lib/python3.10/site-packages/rosidl_typesupport_introspection_c'...
[1.168s] Compiling '/workspace/foxy_ws/install/lib/python3.10/site-packages/rosidl_typesupport_introspection_c/__init__.py'...
[1.172s] -- Installing: /workspace/foxy_ws/install/share/rosidl_typesupport_introspection_c/environment/library_path.sh
[1.173s] -- Installing: /workspace/foxy_ws/install/share/rosidl_typesupport_introspection_c/environment/library_path.dsv
[1.173s] -- Installing: /workspace/foxy_ws/install/share/ament_index/resource_index/rosidl_typesupport_c/rosidl_typesupport_introspection_c
[1.173s] -- Installing: /workspace/foxy_ws/install/share/ament_index/resource_index/rosidl_runtime_packages/rosidl_typesupport_introspection_c
[1.173s] -- Installing: /workspace/foxy_ws/install/share/ament_index/resource_index/package_run_dependencies/rosidl_typesupport_introspection_c
[1.173s] -- Installing: /workspace/foxy_ws/install/share/ament_index/resource_index/parent_prefix_path/rosidl_typesupport_introspection_c
[1.173s] -- Installing: /workspace/foxy_ws/install/share/rosidl_typesupport_introspection_c/environment/ament_prefix_path.sh
[1.174s] -- Installing: /workspace/foxy_ws/install/share/rosidl_typesupport_introspection_c/environment/ament_prefix_path.dsv
[1.174s] -- Installing: /workspace/foxy_ws/install/share/rosidl_typesupport_introspection_c/environment/path.sh
[1.174s] -- Installing: /workspace/foxy_ws/install/share/rosidl_typesupport_introspection_c/environment/path.dsv
[1.174s] -- Installing: /workspace/foxy_ws/install/share/rosidl_typesupport_introspection_c/local_setup.bash
[1.174s] -- Installing: /workspace/foxy_ws/install/share/rosidl_typesupport_introspection_c/local_setup.sh
[1.174s] -- Installing: /workspace/foxy_ws/install/share/rosidl_typesupport_introspection_c/local_setup.zsh
[1.175s] -- Installing: /workspace/foxy_ws/install/share/rosidl_typesupport_introspection_c/local_setup.dsv
[1.175s] -- Installing: /workspace/foxy_ws/install/share/rosidl_typesupport_introspection_c/package.dsv
[1.175s] -- Installing: /workspace/foxy_ws/install/share/ament_index/resource_index/packages/rosidl_typesupport_introspection_c
[1.175s] -- Installing: /workspace/foxy_ws/install/share/rosidl_typesupport_introspection_c/cmake/rosidl_typesupport_introspection_cExport.cmake
[1.175s] -- Installing: /workspace/foxy_ws/install/share/rosidl_typesupport_introspection_c/cmake/rosidl_typesupport_introspection_cExport-noconfig.cmake
[1.176s] -- Installing: /workspace/foxy_ws/install/share/rosidl_typesupport_introspection_c/cmake/rosidl_typesupport_introspection_c-extras.cmake
[1.176s] -- Installing: /workspace/foxy_ws/install/share/rosidl_typesupport_introspection_c/cmake/ament_cmake_export_dependencies-extras.cmake
[1.176s] -- Installing: /workspace/foxy_ws/install/share/rosidl_typesupport_introspection_c/cmake/ament_cmake_export_include_directories-extras.cmake
[1.176s] -- Installing: /workspace/foxy_ws/install/share/rosidl_typesupport_introspection_c/cmake/ament_cmake_export_libraries-extras.cmake
[1.176s] -- Installing: /workspace/foxy_ws/install/share/rosidl_typesupport_introspection_c/cmake/ament_cmake_export_targets-extras.cmake
[1.177s] -- Installing: /workspace/foxy_ws/install/share/rosidl_typesupport_introspection_c/cmake/rosidl_typesupport_introspection_cConfig.cmake
[1.177s] -- Installing: /workspace/foxy_ws/install/share/rosidl_typesupport_introspection_c/cmake/rosidl_typesupport_introspection_cConfig-version.cmake
[1.177s] -- Installing: /workspace/foxy_ws/install/share/rosidl_typesupport_introspection_c/package.xml
[1.177s] -- Installing: /workspace/foxy_ws/install/lib/rosidl_typesupport_introspection_c/rosidl_typesupport_introspection_c
[1.177s] -- Up-to-date: /workspace/foxy_ws/install/share/rosidl_typesupport_introspection_c/cmake
[1.178s] -- Installing: /workspace/foxy_ws/install/share/rosidl_typesupport_introspection_c/cmake/rosidl_typesupport_introspection_c_generate_interfaces.cmake
[1.178s] -- Installing: /workspace/foxy_ws/install/share/rosidl_typesupport_introspection_c/resource
[1.178s] -- Installing: /workspace/foxy_ws/install/share/rosidl_typesupport_introspection_c/resource/rosidl_typesupport_introspection_c__visibility_control.h.in
[1.178s] -- Installing: /workspace/foxy_ws/install/share/rosidl_typesupport_introspection_c/resource/idl__rosidl_typesupport_introspection_c.h.em
[1.178s] -- Installing: /workspace/foxy_ws/install/share/rosidl_typesupport_introspection_c/resource/srv__rosidl_typesupport_introspection_c.h.em
[1.178s] -- Installing: /workspace/foxy_ws/install/share/rosidl_typesupport_introspection_c/resource/idl__type_support.c.em
[1.179s] -- Installing: /workspace/foxy_ws/install/share/rosidl_typesupport_introspection_c/resource/msg__type_support.c.em
[1.179s] -- Installing: /workspace/foxy_ws/install/share/rosidl_typesupport_introspection_c/resource/srv__type_support.c.em
[1.179s] -- Installing: /workspace/foxy_ws/install/share/rosidl_typesupport_introspection_c/resource/msg__rosidl_typesupport_introspection_c.h.em
[1.179s] -- Up-to-date: /workspace/foxy_ws/install/include
[1.180s] -- Installing: /workspace/foxy_ws/install/include/rosidl_typesupport_introspection_c
[1.180s] -- Installing: /workspace/foxy_ws/install/include/rosidl_typesupport_introspection_c/identifier.h
[1.180s] -- Installing: /workspace/foxy_ws/install/include/rosidl_typesupport_introspection_c/service_introspection.h
[1.180s] -- Installing: /workspace/foxy_ws/install/include/rosidl_typesupport_introspection_c/message_introspection.h
[1.180s] -- Installing: /workspace/foxy_ws/install/include/rosidl_typesupport_introspection_c/field_types.h
[1.180s] -- Installing: /workspace/foxy_ws/install/include/rosidl_typesupport_introspection_c/visibility_control.h
[1.181s] -- Installing: /workspace/foxy_ws/install/lib/librosidl_typesupport_introspection_c.so
[1.183s] Invoked command in '/workspace/foxy_ws/build/rosidl_typesupport_introspection_c' returned '0': AMENT_PREFIX_PATH=/workspace/foxy_ws/install CMAKE_PREFIX_PATH=/workspace/foxy_ws/install LD_LIBRARY_PATH=/workspace/foxy_ws/install/lib PATH=/workspace/foxy_ws/install/bin:${PATH} PKG_CONFIG_PATH=/workspace/foxy_ws/install/lib/x86_64-linux-gnu/pkgconfig:/workspace/foxy_ws/install/lib/pkgconfig PYTHONPATH=/workspace/foxy_ws/install/lib/python3.10/site-packages /usr/bin/cmake --install /workspace/foxy_ws/build/rosidl_typesupport_introspection_c
