-- Setting build type to 'Release' as none was specified.
-- The C compiler identification is GNU 9.4.0
-- The CXX compiler identification is GNU 9.4.0
-- Check for working C compiler: /usr/bin/cc
-- Check for working C compiler: /usr/bin/cc -- works
-- Detecting C compiler ABI info
-- Detecting C compiler ABI info - done
-- Detecting C compile features
-- Detecting C compile features - done
-- Check for working CXX compiler: /usr/bin/c++
-- Check for working CXX compiler: /usr/bin/c++ -- works
-- Detecting CXX compiler ABI info
-- Detecting CXX compiler ABI info - done
-- Detecting CXX compile features
-- Detecting CXX compile features - done
-- Configuring Fast RTPS
-- Version: 2.1.4
-- To change the version modify the file configure.ac
-- Performing Test SUPPORTS_CXX14
-- Performing Test SUPPORTS_CXX14 - Success
-- Performing Test SUPPORTS_CXX1Y
-- Performing Test SUPPORTS_CXX1Y - Success
-- Performing Test SUPPORTS_CXX11
-- Performing Test SUPPORTS_CXX11 - Success
-- Check if the system is big endian
-- Searching 16 bit integer
-- Looking for sys/types.h
-- Looking for sys/types.h - found
-- Looking for stdint.h
-- Looking for stdint.h - found
-- Looking for stddef.h
-- Looking for stddef.h - found
-- Check size of unsigned short
-- Check size of unsigned short - done
-- Using unsigned short
-- Check if the system is big endian - little endian
-- Found fastcdr
-- Found Asio
-- Found TinyXML2
-- Found foonathan_memory: /workspace/foxy_ws/install/lib/foonathan_memory/cmake
-- Looking for pthread.h
-- Looking for pthread.h - found
-- Looking for pthread_kill
-- Looking for pthread_kill - not found
-- Looking for pthread_create in pthreads
-- Looking for pthread_create in pthreads - not found
-- Looking for pthread_create in pthread
-- Looking for pthread_create in pthread - found
-- Found Threads: TRUE  
-- Thirdparty/boost compiled OK
-- Found OpenSSL: /usr/lib/x86_64-linux-gnu/libcrypto.so (found version "1.1.1f")  
-- OpenSSL library 1.1.1f found...
-- Performing Test ATOMIC_WITHOUT_LIB
-- Performing Test ATOMIC_WITHOUT_LIB - Success
-- Looking for __atomic_load_8 in atomic
-- Looking for __atomic_load_8 in atomic - found
-- Performing Test ATOMIC_WITH_LIB
-- Performing Test ATOMIC_WITH_LIB - Success
-- Configuring done
-- Generating done
-- Build files have been written to: /workspace/foxy_ws/build/fastrtps
Scanning dependencies of target fastrtps
[  0%] Building CXX object src/cpp/CMakeFiles/fastrtps.dir/fastdds/log/Log.cpp.o
[  1%] Building CXX object src/cpp/CMakeFiles/fastrtps.dir/fastdds/log/StdoutConsumer.cpp.o
[  2%] Building CXX object src/cpp/CMakeFiles/fastrtps.dir/fastdds/log/OStreamConsumer.cpp.o
[  2%] Building CXX object src/cpp/CMakeFiles/fastrtps.dir/fastdds/log/FileConsumer.cpp.o
[  2%] Building CXX object src/cpp/CMakeFiles/fastrtps.dir/fastdds/log/StdoutErrConsumer.cpp.o
[  3%] Building CXX object src/cpp/CMakeFiles/fastrtps.dir/rtps/common/Time_t.cpp.o
[  3%] Building CXX object src/cpp/CMakeFiles/fastrtps.dir/rtps/resources/ResourceEvent.cpp.o
[  3%] Building CXX object src/cpp/CMakeFiles/fastrtps.dir/rtps/resources/TimedEventImpl.cpp.o
[  4%] Building CXX object src/cpp/CMakeFiles/fastrtps.dir/rtps/resources/TimedEvent.cpp.o
[  5%] Building CXX object src/cpp/CMakeFiles/fastrtps.dir/rtps/resources/AsyncWriterThread.cpp.o
[  5%] Building CXX object src/cpp/CMakeFiles/fastrtps.dir/rtps/resources/AsyncInterestTree.cpp.o
[  6%] Building CXX object src/cpp/CMakeFiles/fastrtps.dir/rtps/writer/LivelinessManager.cpp.o
[  6%] Building CXX object src/cpp/CMakeFiles/fastrtps.dir/rtps/writer/RTPSWriter.cpp.o
[  7%] Building CXX object src/cpp/CMakeFiles/fastrtps.dir/rtps/writer/StatefulWriter.cpp.o
[  7%] Building CXX object src/cpp/CMakeFiles/fastrtps.dir/rtps/writer/ReaderProxy.cpp.o
[  8%] Building CXX object src/cpp/CMakeFiles/fastrtps.dir/rtps/writer/StatelessWriter.cpp.o
[  8%] Building CXX object src/cpp/CMakeFiles/fastrtps.dir/rtps/writer/ReaderLocator.cpp.o
[  9%] Building CXX object src/cpp/CMakeFiles/fastrtps.dir/rtps/history/CacheChangePool.cpp.o
[  9%] Building CXX object src/cpp/CMakeFiles/fastrtps.dir/rtps/history/History.cpp.o
[ 10%] Building CXX object src/cpp/CMakeFiles/fastrtps.dir/rtps/history/WriterHistory.cpp.o
[ 10%] Building CXX object src/cpp/CMakeFiles/fastrtps.dir/rtps/history/ReaderHistory.cpp.o
[ 11%] Building CXX object src/cpp/CMakeFiles/fastrtps.dir/rtps/history/TopicPayloadPool.cpp.o
[ 12%] Building CXX object src/cpp/CMakeFiles/fastrtps.dir/rtps/history/TopicPayloadPoolRegistry.cpp.o
[ 12%] Building CXX object src/cpp/CMakeFiles/fastrtps.dir/rtps/reader/WriterProxy.cpp.o
[ 13%] Building CXX object src/cpp/CMakeFiles/fastrtps.dir/rtps/reader/StatefulReader.cpp.o
[ 13%] Building CXX object src/cpp/CMakeFiles/fastrtps.dir/rtps/reader/StatelessReader.cpp.o
[ 14%] Building CXX object src/cpp/CMakeFiles/fastrtps.dir/rtps/reader/RTPSReader.cpp.o
[ 14%] Building CXX object src/cpp/CMakeFiles/fastrtps.dir/rtps/messages/RTPSMessageCreator.cpp.o
[ 15%] Building CXX object src/cpp/CMakeFiles/fastrtps.dir/rtps/messages/RTPSMessageGroup.cpp.o
[ 15%] Building CXX object src/cpp/CMakeFiles/fastrtps.dir/rtps/messages/RTPSGapBuilder.cpp.o
[ 16%] Building CXX object src/cpp/CMakeFiles/fastrtps.dir/rtps/messages/SendBuffersManager.cpp.o
[ 16%] Building CXX object src/cpp/CMakeFiles/fastrtps.dir/rtps/messages/MessageReceiver.cpp.o
[ 17%] Building CXX object src/cpp/CMakeFiles/fastrtps.dir/rtps/network/NetworkFactory.cpp.o
[ 17%] Building CXX object src/cpp/CMakeFiles/fastrtps.dir/rtps/network/ReceiverResource.cpp.o
[ 18%] Building CXX object src/cpp/CMakeFiles/fastrtps.dir/rtps/participant/RTPSParticipant.cpp.o
[ 18%] Building CXX object src/cpp/CMakeFiles/fastrtps.dir/rtps/participant/RTPSParticipantImpl.cpp.o
[ 19%] Building CXX object src/cpp/CMakeFiles/fastrtps.dir/rtps/RTPSDomain.cpp.o
[ 19%] Building CXX object src/cpp/CMakeFiles/fastrtps.dir/fastrtps_deprecated/Domain.cpp.o
[ 20%] Building CXX object src/cpp/CMakeFiles/fastrtps.dir/fastrtps_deprecated/participant/Participant.cpp.o
[ 20%] Building CXX object src/cpp/CMakeFiles/fastrtps.dir/fastrtps_deprecated/participant/ParticipantImpl.cpp.o
[ 21%] Building CXX object src/cpp/CMakeFiles/fastrtps.dir/fastrtps_deprecated/publisher/Publisher.cpp.o
[ 21%] Building CXX object src/cpp/CMakeFiles/fastrtps.dir/fastrtps_deprecated/publisher/PublisherImpl.cpp.o
[ 22%] Building CXX object src/cpp/CMakeFiles/fastrtps.dir/fastrtps_deprecated/publisher/PublisherHistory.cpp.o
[ 22%] Building CXX object src/cpp/CMakeFiles/fastrtps.dir/fastrtps_deprecated/subscriber/Subscriber.cpp.o
[ 23%] Building CXX object src/cpp/CMakeFiles/fastrtps.dir/fastrtps_deprecated/subscriber/SubscriberImpl.cpp.o
[ 24%] Building CXX object src/cpp/CMakeFiles/fastrtps.dir/fastrtps_deprecated/subscriber/SubscriberHistory.cpp.o
[ 24%] Building CXX object src/cpp/CMakeFiles/fastrtps.dir/fastdds/subscriber/DataReader.cpp.o
[ 25%] Building CXX object src/cpp/CMakeFiles/fastrtps.dir/fastdds/publisher/DataWriter.cpp.o
[ 25%] Building CXX object src/cpp/CMakeFiles/fastrtps.dir/fastdds/subscriber/DataReaderImpl.cpp.o
[ 26%] Building CXX object src/cpp/CMakeFiles/fastrtps.dir/fastdds/publisher/DataWriterImpl.cpp.o
[ 26%] Building CXX object src/cpp/CMakeFiles/fastrtps.dir/fastdds/topic/Topic.cpp.o
[ 27%] Building CXX object src/cpp/CMakeFiles/fastrtps.dir/fastdds/topic/TopicImpl.cpp.o
[ 27%] Building CXX object src/cpp/CMakeFiles/fastrtps.dir/fastdds/topic/TypeSupport.cpp.o
[ 28%] Building CXX object src/cpp/CMakeFiles/fastrtps.dir/fastdds/topic/qos/TopicQos.cpp.o
[ 28%] Building CXX object src/cpp/CMakeFiles/fastrtps.dir/fastdds/publisher/qos/DataWriterQos.cpp.o
[ 29%] Building CXX object src/cpp/CMakeFiles/fastrtps.dir/fastdds/subscriber/qos/DataReaderQos.cpp.o
[ 29%] Building CXX object src/cpp/CMakeFiles/fastrtps.dir/fastdds/publisher/PublisherImpl.cpp.o
[ 30%] Building CXX object src/cpp/CMakeFiles/fastrtps.dir/fastdds/publisher/qos/PublisherQos.cpp.o
[ 30%] Building CXX object src/cpp/CMakeFiles/fastrtps.dir/fastdds/builtin/common/RPCHeadersImpl.cpp.o
[ 31%] Building CXX object src/cpp/CMakeFiles/fastrtps.dir/fastdds/builtin/typelookup/TypeLookupManager.cpp.o
[ 33%] Building CXX object src/cpp/CMakeFiles/fastrtps.dir/fastdds/builtin/typelookup/TypeLookupRequestListener.cpp.o
[ 33%] Building CXX object src/cpp/CMakeFiles/fastrtps.dir/fastdds/builtin/typelookup/common/TypeLookupTypes.cpp.o
[ 33%] Building CXX object src/cpp/CMakeFiles/fastrtps.dir/fastdds/domain/qos/DomainParticipantFactoryQos.cpp.o
[ 33%] Building CXX object src/cpp/CMakeFiles/fastrtps.dir/fastdds/builtin/typelookup/TypeLookupReplyListener.cpp.o
[ 34%] Building CXX object src/cpp/CMakeFiles/fastrtps.dir/fastdds/domain/qos/DomainParticipantQos.cpp.o
[ 34%] Building CXX object src/cpp/CMakeFiles/fastrtps.dir/fastdds/domain/DomainParticipant.cpp.o
[ 35%] Building CXX object src/cpp/CMakeFiles/fastrtps.dir/rtps/transport/ChannelResource.cpp.o
[ 35%] Building CXX object src/cpp/CMakeFiles/fastrtps.dir/rtps/transport/UDPChannelResource.cpp.o
[ 36%] Building CXX object src/cpp/CMakeFiles/fastrtps.dir/rtps/transport/TCPChannelResource.cpp.o
[ 37%] Building CXX object src/cpp/CMakeFiles/fastrtps.dir/fastdds/domain/DomainParticipantImpl.cpp.o
[ 37%] Building CXX object src/cpp/CMakeFiles/fastrtps.dir/rtps/transport/TCPChannelResourceBasic.cpp.o
[ 37%] Building CXX object src/cpp/CMakeFiles/fastrtps.dir/fastdds/domain/DomainParticipantFactory.cpp.o
[ 38%] Building CXX object src/cpp/CMakeFiles/fastrtps.dir/rtps/transport/TCPAcceptor.cpp.o
[ 38%] Building CXX object src/cpp/CMakeFiles/fastrtps.dir/rtps/transport/TCPAcceptorBasic.cpp.o
[ 39%] Building CXX object src/cpp/CMakeFiles/fastrtps.dir/rtps/transport/UDPv4Transport.cpp.o
[ 39%] Building CXX object src/cpp/CMakeFiles/fastrtps.dir/rtps/transport/TCPTransportInterface.cpp.o
[ 40%] Building CXX object src/cpp/CMakeFiles/fastrtps.dir/fastdds/subscriber/Subscriber.cpp.o
[ 40%] Building CXX object src/cpp/CMakeFiles/fastrtps.dir/fastdds/subscriber/qos/SubscriberQos.cpp.o
[ 41%] Building CXX object src/cpp/CMakeFiles/fastrtps.dir/fastdds/subscriber/SubscriberImpl.cpp.o
[ 41%] Building CXX object src/cpp/CMakeFiles/fastrtps.dir/fastdds/publisher/Publisher.cpp.o
[ 42%] Building CXX object src/cpp/CMakeFiles/fastrtps.dir/rtps/transport/UDPTransportInterface.cpp.o
[ 42%] Building CXX object src/cpp/CMakeFiles/fastrtps.dir/rtps/transport/shared_mem/SharedMemTransportDescriptor.cpp.o
[ 43%] Building CXX object src/cpp/CMakeFiles/fastrtps.dir/dynamic-types/DynamicType.cpp.o
[ 44%] Building CXX object src/cpp/CMakeFiles/fastrtps.dir/dynamic-types/DynamicPubSubType.cpp.o
[ 44%] Building CXX object src/cpp/CMakeFiles/fastrtps.dir/dynamic-types/DynamicTypePtr.cpp.o
[ 45%] Building CXX object src/cpp/CMakeFiles/fastrtps.dir/dynamic-types/DynamicDataPtr.cpp.o
[ 45%] Building CXX object src/cpp/CMakeFiles/fastrtps.dir/dynamic-types/DynamicTypeBuilder.cpp.o
[ 46%] Building CXX object src/cpp/CMakeFiles/fastrtps.dir/dynamic-types/DynamicTypeBuilderPtr.cpp.o
[ 46%] Building CXX object src/cpp/CMakeFiles/fastrtps.dir/dynamic-types/DynamicTypeBuilderFactory.cpp.o
[ 47%] Building CXX object src/cpp/CMakeFiles/fastrtps.dir/dynamic-types/DynamicTypeMember.cpp.o
[ 47%] Building CXX object src/cpp/CMakeFiles/fastrtps.dir/dynamic-types/DynamicDataFactory.cpp.o
[ 48%] Building CXX object src/cpp/CMakeFiles/fastrtps.dir/dynamic-types/TypeDescriptor.cpp.o
[ 48%] Building CXX object src/cpp/CMakeFiles/fastrtps.dir/dynamic-types/TypeIdentifier.cpp.o
[ 48%] Building CXX object src/cpp/CMakeFiles/fastrtps.dir/dynamic-types/MemberDescriptor.cpp.o
[ 49%] Building CXX object src/cpp/CMakeFiles/fastrtps.dir/dynamic-types/DynamicData.cpp.o
[ 49%] Building CXX object src/cpp/CMakeFiles/fastrtps.dir/dynamic-types/AnnotationParameterValue.cpp.o
[ 50%] Building CXX object src/cpp/CMakeFiles/fastrtps.dir/dynamic-types/TypeIdentifierTypes.cpp.o
[ 51%] Building CXX object src/cpp/CMakeFiles/fastrtps.dir/dynamic-types/AnnotationDescriptor.cpp.o
[ 51%] Building CXX object src/cpp/CMakeFiles/fastrtps.dir/dynamic-types/TypeObject.cpp.o
[ 52%] Building CXX object src/cpp/CMakeFiles/fastrtps.dir/dynamic-types/TypeObjectHashId.cpp.o
[ 52%] Building CXX object src/cpp/CMakeFiles/fastrtps.dir/rtps/transport/tcp/RTCPMessageManager.cpp.o
[ 53%] Building CXX object src/cpp/CMakeFiles/fastrtps.dir/rtps/transport/tcp/TCPControlMessage.cpp.o
[ 53%] Building CXX object src/cpp/CMakeFiles/fastrtps.dir/rtps/transport/test_UDPv4Transport.cpp.o
[ 53%] Building CXX object src/cpp/CMakeFiles/fastrtps.dir/dynamic-types/TypeObjectFactory.cpp.o
[ 53%] Building CXX object src/cpp/CMakeFiles/fastrtps.dir/fastdds/subscriber/qos/ReaderQos.cpp.o
[ 54%] Building CXX object src/cpp/CMakeFiles/fastrtps.dir/rtps/builtin/BuiltinProtocols.cpp.o
[ 54%] Building CXX object src/cpp/CMakeFiles/fastrtps.dir/rtps/builtin/discovery/participant/DirectMessageSender.cpp.o
[ 55%] Building CXX object src/cpp/CMakeFiles/fastrtps.dir/rtps/builtin/discovery/participant/PDP.cpp.o
[ 57%] Building CXX object src/cpp/CMakeFiles/fastrtps.dir/fastdds/publisher/qos/WriterQos.cpp.o
[ 57%] Building CXX object src/cpp/CMakeFiles/fastrtps.dir/fastdds/core/policy/ParameterList.cpp.o
[ 57%] Building CXX object src/cpp/CMakeFiles/fastrtps.dir/rtps/builtin/discovery/participant/PDPSimple.cpp.o
[ 59%] Building CXX object src/cpp/CMakeFiles/fastrtps.dir/dynamic-types/DynamicDataHelper.cpp.o
[ 59%] Building CXX object src/cpp/CMakeFiles/fastrtps.dir/dynamic-types/BuiltinAnnotationsTypeObject.cpp.o
[ 59%] Building CXX object src/cpp/CMakeFiles/fastrtps.dir/fastrtps_deprecated/attributes/TopicAttributes.cpp.o
[ 59%] Building CXX object src/cpp/CMakeFiles/fastrtps.dir/dynamic-types/TypesBase.cpp.o
[ 61%] Building CXX object src/cpp/CMakeFiles/fastrtps.dir/rtps/builtin/discovery/participant/PDPListener.cpp.o
[ 61%] Building CXX object src/cpp/CMakeFiles/fastrtps.dir/rtps/transport/TCPv6Transport.cpp.o
[ 61%] Building CXX object src/cpp/CMakeFiles/fastrtps.dir/dynamic-types/TypeNamesGenerator.cpp.o
[ 62%] Building CXX object src/cpp/CMakeFiles/fastrtps.dir/rtps/builtin/discovery/endpoint/EDP.cpp.o
[ 62%] Building CXX object src/cpp/CMakeFiles/fastrtps.dir/rtps/builtin/discovery/endpoint/EDPSimple.cpp.o
[ 63%] Building CXX object src/cpp/CMakeFiles/fastrtps.dir/rtps/builtin/discovery/endpoint/EDPSimpleListeners.cpp.o
[ 63%] Building CXX object src/cpp/CMakeFiles/fastrtps.dir/rtps/builtin/discovery/endpoint/EDPStatic.cpp.o
[ 65%] Building CXX object src/cpp/CMakeFiles/fastrtps.dir/rtps/builtin/liveliness/WLP.cpp.o
[ 65%] Building CXX object src/cpp/CMakeFiles/fastrtps.dir/rtps/transport/TCPv4Transport.cpp.o
[ 65%] Building CXX object src/cpp/CMakeFiles/fastrtps.dir/rtps/transport/UDPv6Transport.cpp.o
[ 65%] Building CXX object src/cpp/CMakeFiles/fastrtps.dir/rtps/builtin/liveliness/WLPListener.cpp.o
[ 66%] Building CXX object src/cpp/CMakeFiles/fastrtps.dir/rtps/builtin/data/ParticipantProxyData.cpp.o
[ 66%] Building CXX object src/cpp/CMakeFiles/fastrtps.dir/rtps/builtin/data/WriterProxyData.cpp.o
[ 67%] Building CXX object src/cpp/CMakeFiles/fastrtps.dir/rtps/builtin/data/ReaderProxyData.cpp.o
[ 67%] Building CXX object src/cpp/CMakeFiles/fastrtps.dir/rtps/flowcontrol/ThroughputController.cpp.o
[ 68%] Building CXX object src/cpp/CMakeFiles/fastrtps.dir/rtps/flowcontrol/ThroughputControllerDescriptor.cpp.o
[ 68%] Building CXX object src/cpp/CMakeFiles/fastrtps.dir/rtps/flowcontrol/FlowController.cpp.o
[ 69%] Building CXX object src/cpp/CMakeFiles/fastrtps.dir/rtps/exceptions/Exception.cpp.o
[ 69%] Building CXX object src/cpp/CMakeFiles/fastrtps.dir/rtps/attributes/PropertyPolicy.cpp.o
[ 70%] Building CXX object src/cpp/CMakeFiles/fastrtps.dir/rtps/common/Token.cpp.o
[ 70%] Building CXX object src/cpp/CMakeFiles/fastrtps.dir/rtps/xmlparser/XMLParserCommon.cpp.o
[ 71%] Building CXX object src/cpp/CMakeFiles/fastrtps.dir/rtps/xmlparser/XMLElementParser.cpp.o
[ 71%] Building CXX object src/cpp/CMakeFiles/fastrtps.dir/rtps/xmlparser/XMLEndpointParser.cpp.o
[ 72%] Building CXX object src/cpp/CMakeFiles/fastrtps.dir/rtps/xmlparser/XMLParser.cpp.o
[ 72%] Building CXX object src/cpp/CMakeFiles/fastrtps.dir/rtps/xmlparser/XMLProfileManager.cpp.o
[ 73%] Building CXX object src/cpp/CMakeFiles/fastrtps.dir/rtps/writer/PersistentWriter.cpp.o
[ 74%] Building CXX object src/cpp/CMakeFiles/fastrtps.dir/rtps/writer/StatelessPersistentWriter.cpp.o
[ 74%] Building CXX object src/cpp/CMakeFiles/fastrtps.dir/rtps/writer/StatefulPersistentWriter.cpp.o
[ 75%] Building CXX object src/cpp/CMakeFiles/fastrtps.dir/rtps/reader/StatelessPersistentReader.cpp.o
[ 75%] Building CXX object src/cpp/CMakeFiles/fastrtps.dir/rtps/reader/StatefulPersistentReader.cpp.o
[ 76%] Building CXX object src/cpp/CMakeFiles/fastrtps.dir/rtps/builtin/discovery/database/DiscoveryParticipantsAckStatus.cpp.o
[ 76%] Building CXX object src/cpp/CMakeFiles/fastrtps.dir/rtps/builtin/discovery/database/DiscoveryDataBase.cpp.o
[ 76%] Building CXX object src/cpp/CMakeFiles/fastrtps.dir/rtps/builtin/discovery/database/DiscoveryParticipantInfo.cpp.o
[ 77%] Building CXX object src/cpp/CMakeFiles/fastrtps.dir/rtps/builtin/discovery/endpoint/EDPServerListeners.cpp.o
[ 78%] Building CXX object src/cpp/CMakeFiles/fastrtps.dir/rtps/builtin/discovery/database/DiscoverySharedInfo.cpp.o
[ 78%] Building CXX object src/cpp/CMakeFiles/fastrtps.dir/rtps/builtin/discovery/endpoint/EDPServer.cpp.o
[ 79%] Building CXX object src/cpp/CMakeFiles/fastrtps.dir/rtps/builtin/discovery/endpoint/EDPClient.cpp.o
[ 79%] Building CXX object src/cpp/CMakeFiles/fastrtps.dir/rtps/builtin/discovery/database/backup/SharedBackupFunctions.cpp.o
[ 80%] Building CXX object src/cpp/CMakeFiles/fastrtps.dir/rtps/builtin/discovery/participant/DSClientEvent2.cpp.o
[ 80%] Building CXX object src/cpp/CMakeFiles/fastrtps.dir/rtps/builtin/discovery/participant/PDPServerListener.cpp.o
[ 81%] Building CXX object src/cpp/CMakeFiles/fastrtps.dir/rtps/builtin/discovery/participant/PDPClient.cpp.o
[ 81%] Building CXX object src/cpp/CMakeFiles/fastrtps.dir/rtps/builtin/discovery/participant/PDPServer.cpp.o
[ 81%] Building CXX object src/cpp/CMakeFiles/fastrtps.dir/rtps/builtin/discovery/participant/DServerEvent2.cpp.o
[ 83%] Building CXX object src/cpp/CMakeFiles/fastrtps.dir/rtps/builtin/discovery/participant/PDPClient2.cpp.o
[ 83%] Building CXX object src/cpp/CMakeFiles/fastrtps.dir/rtps/builtin/discovery/participant/timedevent/DServerEvent.cpp.o
[ 83%] Building CXX object src/cpp/CMakeFiles/fastrtps.dir/rtps/builtin/discovery/participant/PDPServer2.cpp.o
[ 84%] Building CXX object src/cpp/CMakeFiles/fastrtps.dir/rtps/builtin/discovery/participant/PDPServerListener2.cpp.o
[ 84%] Building CXX object src/cpp/CMakeFiles/fastrtps.dir/rtps/builtin/discovery/endpoint/EDPClient2.cpp.o
[ 85%] Building CXX object src/cpp/CMakeFiles/fastrtps.dir/rtps/builtin/discovery/participant/timedevent/DSClientEvent.cpp.o
[ 85%] Building CXX object src/cpp/CMakeFiles/fastrtps.dir/rtps/builtin/discovery/endpoint/EDPServer2.cpp.o
[ 87%] Building CXX object src/cpp/CMakeFiles/fastrtps.dir/rtps/persistence/PersistenceFactory.cpp.o
[ 87%] Building CXX object src/cpp/CMakeFiles/fastrtps.dir/rtps/builtin/discovery/endpoint/EDPServerListeners2.cpp.o
[ 87%] Building CXX object src/cpp/CMakeFiles/fastrtps.dir/utils/IPFinder.cpp.o
[ 88%] Building CXX object src/cpp/CMakeFiles/fastrtps.dir/utils/md5.cpp.o
[ 88%] Building CXX object src/cpp/CMakeFiles/fastrtps.dir/utils/StringMatching.cpp.o
[ 89%] Building CXX object src/cpp/CMakeFiles/fastrtps.dir/utils/IPLocator.cpp.o
[ 89%] Building CXX object src/cpp/CMakeFiles/fastrtps.dir/utils/System.cpp.o
[ 90%] Building CXX object src/cpp/CMakeFiles/fastrtps.dir/utils/TimedConditionVariable.cpp.o
[ 90%] Building CXX object src/cpp/CMakeFiles/fastrtps.dir/utils/string_convert.cpp.o
[ 91%] Building CXX object src/cpp/CMakeFiles/fastrtps.dir/dds/core/types.cpp.o
[ 92%] Building CXX object src/cpp/CMakeFiles/fastrtps.dir/dds/domain/DomainParticipant.cpp.o
[ 92%] Building CXX object src/cpp/CMakeFiles/fastrtps.dir/dds/core/Exception.cpp.o
[ 92%] Building CXX object src/cpp/CMakeFiles/fastrtps.dir/dds/pub/Publisher.cpp.o
[ 93%] Building CXX object src/cpp/CMakeFiles/fastrtps.dir/dds/pub/AnyDataWriter.cpp.o
[ 93%] Building CXX object src/cpp/CMakeFiles/fastrtps.dir/dds/pub/DataWriter.cpp.o
[ 94%] Building CXX object src/cpp/CMakeFiles/fastrtps.dir/dds/sub/Subscriber.cpp.o
[ 94%] Building CXX object src/cpp/CMakeFiles/fastrtps.dir/dds/sub/DataReader.cpp.o
[ 95%] Building CXX object src/cpp/CMakeFiles/fastrtps.dir/dds/topic/Topic.cpp.o
[ 95%] Building CXX object src/cpp/CMakeFiles/fastrtps.dir/rtps/transport/shared_mem/test_SharedMemTransport.cpp.o
[ 97%] Building C object src/cpp/CMakeFiles/fastrtps.dir/rtps/persistence/sqlite3.c.o
[ 97%] Building CXX object src/cpp/CMakeFiles/fastrtps.dir/rtps/transport/TCPAcceptorSecure.cpp.o
[ 97%] Building CXX object src/cpp/CMakeFiles/fastrtps.dir/rtps/persistence/SQLite3PersistenceService.cpp.o
[ 97%] Building CXX object src/cpp/CMakeFiles/fastrtps.dir/rtps/transport/TCPChannelResourceSecure.cpp.o
[ 98%] Building CXX object src/cpp/CMakeFiles/fastrtps.dir/rtps/transport/shared_mem/SharedMemTransport.cpp.o
[ 99%] Linking CXX shared library libfastrtps.so
[ 99%] Built target fastrtps
Scanning dependencies of target fast-discovery-server
[ 99%] Building CXX object tools/fds/CMakeFiles/fast-discovery-server.dir/server.cpp.o
[100%] Linking CXX executable fast-discovery-server-1.0.0
[100%] Built target fast-discovery-server
-- Install configuration: "Release"
-- Installing: /workspace/foxy_ws/install/share/fastrtps/LICENSE
-- Installing: /workspace/foxy_ws/install/include/fastrtps
-- Installing: /workspace/foxy_ws/install/include/fastrtps/log
-- Installing: /workspace/foxy_ws/install/include/fastrtps/log/StdoutConsumer.h
-- Installing: /workspace/foxy_ws/install/include/fastrtps/log/FileConsumer.h
-- Installing: /workspace/foxy_ws/install/include/fastrtps/log/Colors.h
-- Installing: /workspace/foxy_ws/install/include/fastrtps/log/Log.h
-- Installing: /workspace/foxy_ws/install/include/fastrtps/Domain.h
-- Installing: /workspace/foxy_ws/install/include/fastrtps/subscriber
-- Installing: /workspace/foxy_ws/install/include/fastrtps/subscriber/SubscriberListener.h
-- Installing: /workspace/foxy_ws/install/include/fastrtps/subscriber/SampleInfo.h
-- Installing: /workspace/foxy_ws/install/include/fastrtps/subscriber/Subscriber.h
-- Installing: /workspace/foxy_ws/install/include/fastrtps/subscriber/SubscriberHistory.h
-- Installing: /workspace/foxy_ws/install/include/fastrtps/types
-- Installing: /workspace/foxy_ws/install/include/fastrtps/types/DynamicDataFactory.h
-- Installing: /workspace/foxy_ws/install/include/fastrtps/types/TypeDescriptor.h
-- Installing: /workspace/foxy_ws/install/include/fastrtps/types/BuiltinAnnotationsTypeObject.h
-- Installing: /workspace/foxy_ws/install/include/fastrtps/types/TypeIdentifier.h
-- Installing: /workspace/foxy_ws/install/include/fastrtps/types/TypesBase.h
-- Installing: /workspace/foxy_ws/install/include/fastrtps/types/DynamicData.h
-- Installing: /workspace/foxy_ws/install/include/fastrtps/types/DynamicTypeBuilderFactory.h
-- Installing: /workspace/foxy_ws/install/include/fastrtps/types/DynamicDataPtr.h
-- Installing: /workspace/foxy_ws/install/include/fastrtps/types/DynamicTypeBuilder.h
-- Installing: /workspace/foxy_ws/install/include/fastrtps/types/DynamicTypePtr.h
-- Installing: /workspace/foxy_ws/install/include/fastrtps/types/TypeIdentifierTypes.h
-- Installing: /workspace/foxy_ws/install/include/fastrtps/types/AnnotationDescriptor.h
-- Installing: /workspace/foxy_ws/install/include/fastrtps/types/DynamicType.h
-- Installing: /workspace/foxy_ws/install/include/fastrtps/types/DynamicTypeBuilderPtr.h
-- Installing: /workspace/foxy_ws/install/include/fastrtps/types/AnnotationParameterValue.h
-- Installing: /workspace/foxy_ws/install/include/fastrtps/types/DynamicPubSubType.h
-- Installing: /workspace/foxy_ws/install/include/fastrtps/types/MemberDescriptor.h
-- Installing: /workspace/foxy_ws/install/include/fastrtps/types/TypeObjectHashId.h
-- Installing: /workspace/foxy_ws/install/include/fastrtps/types/DynamicTypeMember.h
-- Installing: /workspace/foxy_ws/install/include/fastrtps/types/DynamicDataHelper.hpp
-- Installing: /workspace/foxy_ws/install/include/fastrtps/types/TypeObject.h
-- Installing: /workspace/foxy_ws/install/include/fastrtps/types/TypeNamesGenerator.h
-- Installing: /workspace/foxy_ws/install/include/fastrtps/types/TypeObjectFactory.h
-- Installing: /workspace/foxy_ws/install/include/fastrtps/utils
-- Installing: /workspace/foxy_ws/install/include/fastrtps/utils/fixed_size_string.hpp
-- Installing: /workspace/foxy_ws/install/include/fastrtps/utils/IPLocator.h
-- Installing: /workspace/foxy_ws/install/include/fastrtps/utils/fixed_size_bitmap.hpp
-- Installing: /workspace/foxy_ws/install/include/fastrtps/utils/IPFinder.h
-- Installing: /workspace/foxy_ws/install/include/fastrtps/utils/collections
-- Installing: /workspace/foxy_ws/install/include/fastrtps/utils/collections/ResourceLimitedContainerConfig.hpp
-- Installing: /workspace/foxy_ws/install/include/fastrtps/utils/collections/ResourceLimitedVector.hpp
-- Installing: /workspace/foxy_ws/install/include/fastrtps/utils/collections/foonathan_memory_helpers.hpp
-- Installing: /workspace/foxy_ws/install/include/fastrtps/utils/TimedConditionVariable.hpp
-- Installing: /workspace/foxy_ws/install/include/fastrtps/utils/TimeConversion.h
-- Installing: /workspace/foxy_ws/install/include/fastrtps/utils/Semaphore.h
-- Installing: /workspace/foxy_ws/install/include/fastrtps/utils/DBQueue.h
-- Installing: /workspace/foxy_ws/install/include/fastrtps/utils/string_convert.hpp
-- Installing: /workspace/foxy_ws/install/include/fastrtps/utils/TimedMutex.hpp
-- Installing: /workspace/foxy_ws/install/include/fastrtps/utils/md5.h
-- Installing: /workspace/foxy_ws/install/include/fastrtps/utils/StringMatching.h
-- Installing: /workspace/foxy_ws/install/include/fastrtps/utils/System.h
-- Installing: /workspace/foxy_ws/install/include/fastrtps/transport
-- Installing: /workspace/foxy_ws/install/include/fastrtps/transport/TCPChannelResourceBasic.h
-- Installing: /workspace/foxy_ws/install/include/fastrtps/transport/TCPAcceptorSecure.h
-- Installing: /workspace/foxy_ws/install/include/fastrtps/transport/UDPTransportDescriptor.h
-- Installing: /workspace/foxy_ws/install/include/fastrtps/transport/TCPv4TransportDescriptor.h
-- Installing: /workspace/foxy_ws/install/include/fastrtps/transport/UDPv4TransportDescriptor.h
-- Installing: /workspace/foxy_ws/install/include/fastrtps/transport/SocketTransportDescriptor.h
-- Installing: /workspace/foxy_ws/install/include/fastrtps/transport/UDPTransportInterface.h
-- Installing: /workspace/foxy_ws/install/include/fastrtps/transport/TransportReceiverInterface.h
-- Installing: /workspace/foxy_ws/install/include/fastrtps/transport/TCPv4Transport.h
-- Installing: /workspace/foxy_ws/install/include/fastrtps/transport/TCPv6Transport.h
-- Installing: /workspace/foxy_ws/install/include/fastrtps/transport/test_UDPv4Transport.h
-- Installing: /workspace/foxy_ws/install/include/fastrtps/transport/TCPTransportDescriptor.h
-- Installing: /workspace/foxy_ws/install/include/fastrtps/transport/UDPv4Transport.h
-- Installing: /workspace/foxy_ws/install/include/fastrtps/transport/test_UDPv4TransportDescriptor.h
-- Installing: /workspace/foxy_ws/install/include/fastrtps/transport/TCPTransportInterface.h
-- Installing: /workspace/foxy_ws/install/include/fastrtps/transport/UDPv6TransportDescriptor.h
-- Installing: /workspace/foxy_ws/install/include/fastrtps/transport/TCPAcceptorBasic.h
-- Installing: /workspace/foxy_ws/install/include/fastrtps/transport/TCPChannelResource.h
-- Installing: /workspace/foxy_ws/install/include/fastrtps/transport/TCPv6TransportDescriptor.h
-- Installing: /workspace/foxy_ws/install/include/fastrtps/transport/TransportInterface.h
-- Installing: /workspace/foxy_ws/install/include/fastrtps/transport/TransportDescriptorInterface.h
-- Installing: /workspace/foxy_ws/install/include/fastrtps/transport/TCPChannelResourceSecure.h
-- Installing: /workspace/foxy_ws/install/include/fastrtps/transport/ChannelResource.h
-- Installing: /workspace/foxy_ws/install/include/fastrtps/transport/UDPv6Transport.h
-- Installing: /workspace/foxy_ws/install/include/fastrtps/transport/TCPAcceptor.h
-- Installing: /workspace/foxy_ws/install/include/fastrtps/transport/UDPChannelResource.h
-- Installing: /workspace/foxy_ws/install/include/fastrtps/publisher
-- Installing: /workspace/foxy_ws/install/include/fastrtps/publisher/PublisherHistory.h
-- Installing: /workspace/foxy_ws/install/include/fastrtps/publisher/PublisherListener.h
-- Installing: /workspace/foxy_ws/install/include/fastrtps/publisher/Publisher.h
-- Installing: /workspace/foxy_ws/install/include/fastrtps/eProsima_auto_link.h
-- Installing: /workspace/foxy_ws/install/include/fastrtps/participant
-- Installing: /workspace/foxy_ws/install/include/fastrtps/participant/ParticipantListener.h
-- Installing: /workspace/foxy_ws/install/include/fastrtps/participant/Participant.h
-- Installing: /workspace/foxy_ws/install/include/fastrtps/fastrtps_all.h
-- Installing: /workspace/foxy_ws/install/include/fastrtps/fastrtps_fwd.h
-- Installing: /workspace/foxy_ws/install/include/fastrtps/xmlparser
-- Installing: /workspace/foxy_ws/install/include/fastrtps/xmlparser/XMLTree.h
-- Installing: /workspace/foxy_ws/install/include/fastrtps/xmlparser/XMLParser.h
-- Installing: /workspace/foxy_ws/install/include/fastrtps/xmlparser/XMLEndpointParser.h
-- Installing: /workspace/foxy_ws/install/include/fastrtps/xmlparser/XMLProfileManager.h
-- Installing: /workspace/foxy_ws/install/include/fastrtps/xmlparser/XMLParserCommon.h
-- Installing: /workspace/foxy_ws/install/include/fastrtps/config
-- Installing: /workspace/foxy_ws/install/include/fastrtps/config/doxygen_modules.h
-- Installing: /workspace/foxy_ws/install/include/fastrtps/attributes
-- Installing: /workspace/foxy_ws/install/include/fastrtps/attributes/RequesterAttributes.hpp
-- Installing: /workspace/foxy_ws/install/include/fastrtps/attributes/SubscriberAttributes.h
-- Installing: /workspace/foxy_ws/install/include/fastrtps/attributes/ReplierAttributes.hpp
-- Installing: /workspace/foxy_ws/install/include/fastrtps/attributes/all_attributes.h
-- Installing: /workspace/foxy_ws/install/include/fastrtps/attributes/LibrarySettingsAttributes.h
-- Installing: /workspace/foxy_ws/install/include/fastrtps/attributes/PublisherAttributes.h
-- Installing: /workspace/foxy_ws/install/include/fastrtps/attributes/TopicAttributes.h
-- Installing: /workspace/foxy_ws/install/include/fastrtps/attributes/ParticipantAttributes.h
-- Installing: /workspace/foxy_ws/install/include/fastrtps/fastrtps_dll.h
-- Installing: /workspace/foxy_ws/install/include/fastrtps/qos
-- Installing: /workspace/foxy_ws/install/include/fastrtps/qos/QosPolicies.h
-- Installing: /workspace/foxy_ws/install/include/fastrtps/qos/ReaderQos.h
-- Installing: /workspace/foxy_ws/install/include/fastrtps/qos/LivelinessLostStatus.h
-- Installing: /workspace/foxy_ws/install/include/fastrtps/qos/LivelinessChangedStatus.h
-- Installing: /workspace/foxy_ws/install/include/fastrtps/qos/SampleRejectedStatus.hpp
-- Installing: /workspace/foxy_ws/install/include/fastrtps/qos/WriterQos.h
-- Installing: /workspace/foxy_ws/install/include/fastrtps/qos/IncompatibleQosStatus.hpp
-- Installing: /workspace/foxy_ws/install/include/fastrtps/qos/DeadlineMissedStatus.h
-- Installing: /workspace/foxy_ws/install/include/fastrtps/qos/ParameterTypes.h
-- Installing: /workspace/foxy_ws/install/include/fastrtps/rtps
-- Installing: /workspace/foxy_ws/install/include/fastrtps/rtps/rtps_fwd.h
-- Installing: /workspace/foxy_ws/install/include/fastrtps/rtps/Endpoint.h
-- Installing: /workspace/foxy_ws/install/include/fastrtps/rtps/RTPSDomain.h
-- Installing: /workspace/foxy_ws/install/include/fastrtps/rtps/resources
-- Installing: /workspace/foxy_ws/install/include/fastrtps/rtps/resources/AsyncInterestTree.h
-- Installing: /workspace/foxy_ws/install/include/fastrtps/rtps/resources/TimedEvent.h
-- Installing: /workspace/foxy_ws/install/include/fastrtps/rtps/resources/ResourceEvent.h
-- Installing: /workspace/foxy_ws/install/include/fastrtps/rtps/resources/ResourceManagement.h
-- Installing: /workspace/foxy_ws/install/include/fastrtps/rtps/resources/AsyncWriterThread.h
-- Installing: /workspace/foxy_ws/install/include/fastrtps/rtps/history
-- Installing: /workspace/foxy_ws/install/include/fastrtps/rtps/history/WriterHistory.h
-- Installing: /workspace/foxy_ws/install/include/fastrtps/rtps/history/ReaderHistory.h
-- Installing: /workspace/foxy_ws/install/include/fastrtps/rtps/history/History.h
-- Installing: /workspace/foxy_ws/install/include/fastrtps/rtps/builtin
-- Installing: /workspace/foxy_ws/install/include/fastrtps/rtps/builtin/liveliness
-- Installing: /workspace/foxy_ws/install/include/fastrtps/rtps/builtin/liveliness/WLP.h
-- Installing: /workspace/foxy_ws/install/include/fastrtps/rtps/builtin/liveliness/WLPListener.h
-- Installing: /workspace/foxy_ws/install/include/fastrtps/rtps/builtin/discovery
-- Installing: /workspace/foxy_ws/install/include/fastrtps/rtps/builtin/discovery/participant
-- Installing: /workspace/foxy_ws/install/include/fastrtps/rtps/builtin/discovery/participant/PDPClient.h
-- Installing: /workspace/foxy_ws/install/include/fastrtps/rtps/builtin/discovery/participant/PDPServerListener.h
-- Installing: /workspace/foxy_ws/install/include/fastrtps/rtps/builtin/discovery/participant/timedevent
-- Installing: /workspace/foxy_ws/install/include/fastrtps/rtps/builtin/discovery/participant/timedevent/DServerEvent.h
-- Installing: /workspace/foxy_ws/install/include/fastrtps/rtps/builtin/discovery/participant/timedevent/DSClientEvent.h
-- Installing: /workspace/foxy_ws/install/include/fastrtps/rtps/builtin/discovery/participant/PDPServer.h
-- Installing: /workspace/foxy_ws/install/include/fastrtps/rtps/builtin/discovery/participant/PDP.h
-- Installing: /workspace/foxy_ws/install/include/fastrtps/rtps/builtin/discovery/participant/PDPSimple.h
-- Installing: /workspace/foxy_ws/install/include/fastrtps/rtps/builtin/discovery/participant/PDPListener.h
-- Installing: /workspace/foxy_ws/install/include/fastrtps/rtps/builtin/discovery/endpoint
-- Installing: /workspace/foxy_ws/install/include/fastrtps/rtps/builtin/discovery/endpoint/EDP.h
-- Installing: /workspace/foxy_ws/install/include/fastrtps/rtps/builtin/discovery/endpoint/EDPClient.h
-- Installing: /workspace/foxy_ws/install/include/fastrtps/rtps/builtin/discovery/endpoint/EDPStatic.h
-- Installing: /workspace/foxy_ws/install/include/fastrtps/rtps/builtin/discovery/endpoint/EDPSimple.h
-- Installing: /workspace/foxy_ws/install/include/fastrtps/rtps/builtin/discovery/endpoint/EDPServer.h
-- Installing: /workspace/foxy_ws/install/include/fastrtps/rtps/builtin/BuiltinProtocols.h
-- Installing: /workspace/foxy_ws/install/include/fastrtps/rtps/builtin/data
-- Installing: /workspace/foxy_ws/install/include/fastrtps/rtps/builtin/data/WriterProxyData.h
-- Installing: /workspace/foxy_ws/install/include/fastrtps/rtps/builtin/data/ReaderProxyData.h
-- Installing: /workspace/foxy_ws/install/include/fastrtps/rtps/builtin/data/ParticipantProxyData.h
-- Installing: /workspace/foxy_ws/install/include/fastrtps/rtps/exceptions
-- Installing: /workspace/foxy_ws/install/include/fastrtps/rtps/exceptions/Exception.h
-- Installing: /workspace/foxy_ws/install/include/fastrtps/rtps/participant
-- Installing: /workspace/foxy_ws/install/include/fastrtps/rtps/participant/RTPSParticipantListener.h
-- Installing: /workspace/foxy_ws/install/include/fastrtps/rtps/participant/RTPSParticipant.h
-- Installing: /workspace/foxy_ws/install/include/fastrtps/rtps/participant/ParticipantDiscoveryInfo.h
-- Installing: /workspace/foxy_ws/install/include/fastrtps/rtps/network
-- Installing: /workspace/foxy_ws/install/include/fastrtps/rtps/network/NetworkFactory.h
-- Installing: /workspace/foxy_ws/install/include/fastrtps/rtps/network/SenderResource.h
-- Installing: /workspace/foxy_ws/install/include/fastrtps/rtps/network/ReceiverResource.h
-- Installing: /workspace/foxy_ws/install/include/fastrtps/rtps/messages
-- Installing: /workspace/foxy_ws/install/include/fastrtps/rtps/messages/RTPSMessageCreator.h
-- Installing: /workspace/foxy_ws/install/include/fastrtps/rtps/messages/RTPS_messages.h
-- Installing: /workspace/foxy_ws/install/include/fastrtps/rtps/messages/RTPSMessageSenderInterface.hpp
-- Installing: /workspace/foxy_ws/install/include/fastrtps/rtps/messages/RTPSMessageGroup.h
-- Installing: /workspace/foxy_ws/install/include/fastrtps/rtps/messages/MessageReceiver.h
-- Installing: /workspace/foxy_ws/install/include/fastrtps/rtps/messages/CDRMessage.h
-- Installing: /workspace/foxy_ws/install/include/fastrtps/rtps/writer
-- Installing: /workspace/foxy_ws/install/include/fastrtps/rtps/writer/LivelinessData.h
-- Installing: /workspace/foxy_ws/install/include/fastrtps/rtps/writer/ReaderProxy.h
-- Installing: /workspace/foxy_ws/install/include/fastrtps/rtps/writer/ReaderLocator.h
-- Installing: /workspace/foxy_ws/install/include/fastrtps/rtps/writer/StatelessWriter.h
-- Installing: /workspace/foxy_ws/install/include/fastrtps/rtps/writer/WriterDiscoveryInfo.h
-- Installing: /workspace/foxy_ws/install/include/fastrtps/rtps/writer/LivelinessManager.h
-- Installing: /workspace/foxy_ws/install/include/fastrtps/rtps/writer/RTPSWriter.h
-- Installing: /workspace/foxy_ws/install/include/fastrtps/rtps/writer/StatelessPersistentWriter.h
-- Installing: /workspace/foxy_ws/install/include/fastrtps/rtps/writer/StatefulPersistentWriter.h
-- Installing: /workspace/foxy_ws/install/include/fastrtps/rtps/writer/PersistentWriter.h
-- Installing: /workspace/foxy_ws/install/include/fastrtps/rtps/writer/WriterListener.h
-- Installing: /workspace/foxy_ws/install/include/fastrtps/rtps/writer/StatefulWriter.h
-- Installing: /workspace/foxy_ws/install/include/fastrtps/rtps/rtps_all.h
-- Installing: /workspace/foxy_ws/install/include/fastrtps/rtps/reader
-- Installing: /workspace/foxy_ws/install/include/fastrtps/rtps/reader/RTPSReader.h
-- Installing: /workspace/foxy_ws/install/include/fastrtps/rtps/reader/ReaderListener.h
-- Installing: /workspace/foxy_ws/install/include/fastrtps/rtps/reader/StatelessReader.h
-- Installing: /workspace/foxy_ws/install/include/fastrtps/rtps/reader/StatelessPersistentReader.h
-- Installing: /workspace/foxy_ws/install/include/fastrtps/rtps/reader/ReaderDiscoveryInfo.h
-- Installing: /workspace/foxy_ws/install/include/fastrtps/rtps/reader/StatefulPersistentReader.h
-- Installing: /workspace/foxy_ws/install/include/fastrtps/rtps/reader/StatefulReader.h
-- Installing: /workspace/foxy_ws/install/include/fastrtps/rtps/attributes
-- Installing: /workspace/foxy_ws/install/include/fastrtps/rtps/attributes/RTPSParticipantAttributes.h
-- Installing: /workspace/foxy_ws/install/include/fastrtps/rtps/attributes/HistoryAttributes.h
-- Installing: /workspace/foxy_ws/install/include/fastrtps/rtps/attributes/WriterAttributes.h
-- Installing: /workspace/foxy_ws/install/include/fastrtps/rtps/attributes/PropertyPolicy.h
-- Installing: /workspace/foxy_ws/install/include/fastrtps/rtps/attributes/EndpointAttributes.h
-- Installing: /workspace/foxy_ws/install/include/fastrtps/rtps/attributes/ServerAttributes.h
-- Installing: /workspace/foxy_ws/install/include/fastrtps/rtps/attributes/ReaderAttributes.h
-- Installing: /workspace/foxy_ws/install/include/fastrtps/rtps/attributes/RTPSParticipantAllocationAttributes.hpp
-- Installing: /workspace/foxy_ws/install/include/fastrtps/rtps/flowcontrol
-- Installing: /workspace/foxy_ws/install/include/fastrtps/rtps/flowcontrol/ThroughputControllerDescriptor.h
-- Installing: /workspace/foxy_ws/install/include/fastrtps/rtps/security
-- Installing: /workspace/foxy_ws/install/include/fastrtps/rtps/security/authentication
-- Installing: /workspace/foxy_ws/install/include/fastrtps/rtps/security/authentication/Authentication.h
-- Installing: /workspace/foxy_ws/install/include/fastrtps/rtps/security/authentication/Handshake.h
-- Installing: /workspace/foxy_ws/install/include/fastrtps/rtps/security/exceptions
-- Installing: /workspace/foxy_ws/install/include/fastrtps/rtps/security/exceptions/SecurityException.h
-- Installing: /workspace/foxy_ws/install/include/fastrtps/rtps/security/accesscontrol
-- Installing: /workspace/foxy_ws/install/include/fastrtps/rtps/security/accesscontrol/EndpointSecurityAttributes.h
-- Installing: /workspace/foxy_ws/install/include/fastrtps/rtps/security/accesscontrol/SecurityMaskUtilities.h
-- Installing: /workspace/foxy_ws/install/include/fastrtps/rtps/security/accesscontrol/AccessControl.h
-- Installing: /workspace/foxy_ws/install/include/fastrtps/rtps/security/accesscontrol/ParticipantSecurityAttributes.h
-- Installing: /workspace/foxy_ws/install/include/fastrtps/rtps/security/cryptography
-- Installing: /workspace/foxy_ws/install/include/fastrtps/rtps/security/cryptography/CryptoKeyFactory.h
-- Installing: /workspace/foxy_ws/install/include/fastrtps/rtps/security/cryptography/CryptoTransform.h
-- Installing: /workspace/foxy_ws/install/include/fastrtps/rtps/security/cryptography/CryptoTypes.h
-- Installing: /workspace/foxy_ws/install/include/fastrtps/rtps/security/cryptography/CryptoKeyExchange.h
-- Installing: /workspace/foxy_ws/install/include/fastrtps/rtps/security/cryptography/Cryptography.h
-- Installing: /workspace/foxy_ws/install/include/fastrtps/rtps/security/common
-- Installing: /workspace/foxy_ws/install/include/fastrtps/rtps/security/common/SharedSecretHandle.h
-- Installing: /workspace/foxy_ws/install/include/fastrtps/rtps/security/common/Handle.h
-- Installing: /workspace/foxy_ws/install/include/fastrtps/rtps/security/common/ParticipantGenericMessage.h
-- Installing: /workspace/foxy_ws/install/include/fastrtps/rtps/common
-- Installing: /workspace/foxy_ws/install/include/fastrtps/rtps/common/CDRMessage_t.h
-- Installing: /workspace/foxy_ws/install/include/fastrtps/rtps/common/SequenceNumber.h
-- Installing: /workspace/foxy_ws/install/include/fastrtps/rtps/common/Types.h
-- Installing: /workspace/foxy_ws/install/include/fastrtps/rtps/common/CacheChange.h
-- Installing: /workspace/foxy_ws/install/include/fastrtps/rtps/common/Property.h
-- Installing: /workspace/foxy_ws/install/include/fastrtps/rtps/common/Guid.h
-- Installing: /workspace/foxy_ws/install/include/fastrtps/rtps/common/LocatorSelectorEntry.hpp
-- Installing: /workspace/foxy_ws/install/include/fastrtps/rtps/common/Token.h
-- Installing: /workspace/foxy_ws/install/include/fastrtps/rtps/common/PortParameters.h
-- Installing: /workspace/foxy_ws/install/include/fastrtps/rtps/common/BinaryProperty.h
-- Installing: /workspace/foxy_ws/install/include/fastrtps/rtps/common/WriteParams.h
-- Installing: /workspace/foxy_ws/install/include/fastrtps/rtps/common/MatchingInfo.h
-- Installing: /workspace/foxy_ws/install/include/fastrtps/rtps/common/SerializedPayload.h
-- Installing: /workspace/foxy_ws/install/include/fastrtps/rtps/common/LocatorListComparisons.hpp
-- Installing: /workspace/foxy_ws/install/include/fastrtps/rtps/common/FragmentNumber.h
-- Installing: /workspace/foxy_ws/install/include/fastrtps/rtps/common/Locator.h
-- Installing: /workspace/foxy_ws/install/include/fastrtps/rtps/common/SampleIdentity.h
-- Installing: /workspace/foxy_ws/install/include/fastrtps/rtps/common/InstanceHandle.h
-- Installing: /workspace/foxy_ws/install/include/fastrtps/rtps/common/all_common.h
-- Installing: /workspace/foxy_ws/install/include/fastrtps/rtps/common/Time_t.h
-- Installing: /workspace/foxy_ws/install/include/fastrtps/rtps/common/RemoteLocators.hpp
-- Installing: /workspace/foxy_ws/install/include/fastrtps/rtps/common/LocatorSelector.hpp
-- Installing: /workspace/foxy_ws/install/include/fastrtps/TopicDataType.h
-- Installing: /workspace/foxy_ws/install/include/fastrtps/common
-- Installing: /workspace/foxy_ws/install/include/fastrtps/common/KeyedChanges.h
-- Installing: /workspace/foxy_ws/install/include/fastdds
-- Installing: /workspace/foxy_ws/install/include/fastdds/dds
-- Installing: /workspace/foxy_ws/install/include/fastdds/dds/log
-- Installing: /workspace/foxy_ws/install/include/fastdds/dds/log/StdoutConsumer.hpp
-- Installing: /workspace/foxy_ws/install/include/fastdds/dds/log/OStreamConsumer.hpp
-- Installing: /workspace/foxy_ws/install/include/fastdds/dds/log/StdoutErrConsumer.hpp
-- Installing: /workspace/foxy_ws/install/include/fastdds/dds/log/Log.hpp
-- Installing: /workspace/foxy_ws/install/include/fastdds/dds/log/FileConsumer.hpp
-- Installing: /workspace/foxy_ws/install/include/fastdds/dds/log/Colors.hpp
-- Installing: /workspace/foxy_ws/install/include/fastdds/dds/subscriber
-- Installing: /workspace/foxy_ws/install/include/fastdds/dds/subscriber/Subscriber.hpp
-- Installing: /workspace/foxy_ws/install/include/fastdds/dds/subscriber/DataReader.hpp
-- Installing: /workspace/foxy_ws/install/include/fastdds/dds/subscriber/DataReaderListener.hpp
-- Installing: /workspace/foxy_ws/install/include/fastdds/dds/subscriber/SampleInfo.hpp
-- Installing: /workspace/foxy_ws/install/include/fastdds/dds/subscriber/qos
-- Installing: /workspace/foxy_ws/install/include/fastdds/dds/subscriber/qos/SubscriberQos.hpp
-- Installing: /workspace/foxy_ws/install/include/fastdds/dds/subscriber/qos/ReaderQos.hpp
-- Installing: /workspace/foxy_ws/install/include/fastdds/dds/subscriber/qos/DataReaderQos.hpp
-- Installing: /workspace/foxy_ws/install/include/fastdds/dds/subscriber/SubscriberListener.hpp
-- Installing: /workspace/foxy_ws/install/include/fastdds/dds/publisher
-- Installing: /workspace/foxy_ws/install/include/fastdds/dds/publisher/PublisherListener.hpp
-- Installing: /workspace/foxy_ws/install/include/fastdds/dds/publisher/Publisher.hpp
-- Installing: /workspace/foxy_ws/install/include/fastdds/dds/publisher/DataWriter.hpp
-- Installing: /workspace/foxy_ws/install/include/fastdds/dds/publisher/DataWriterListener.hpp
-- Installing: /workspace/foxy_ws/install/include/fastdds/dds/publisher/qos
-- Installing: /workspace/foxy_ws/install/include/fastdds/dds/publisher/qos/WriterQos.hpp
-- Installing: /workspace/foxy_ws/install/include/fastdds/dds/publisher/qos/DataWriterQos.hpp
-- Installing: /workspace/foxy_ws/install/include/fastdds/dds/publisher/qos/PublisherQos.hpp
-- Installing: /workspace/foxy_ws/install/include/fastdds/dds/builtin
-- Installing: /workspace/foxy_ws/install/include/fastdds/dds/builtin/typelookup
-- Installing: /workspace/foxy_ws/install/include/fastdds/dds/builtin/typelookup/TypeLookupRequestListener.hpp
-- Installing: /workspace/foxy_ws/install/include/fastdds/dds/builtin/typelookup/TypeLookupManager.hpp
-- Installing: /workspace/foxy_ws/install/include/fastdds/dds/builtin/typelookup/TypeLookupReplyListener.hpp
-- Installing: /workspace/foxy_ws/install/include/fastdds/dds/builtin/typelookup/common
-- Installing: /workspace/foxy_ws/install/include/fastdds/dds/builtin/typelookup/common/TypeLookupTypes.hpp
-- Installing: /workspace/foxy_ws/install/include/fastdds/dds/builtin/common
-- Installing: /workspace/foxy_ws/install/include/fastdds/dds/builtin/common/RequestHeader.hpp
-- Installing: /workspace/foxy_ws/install/include/fastdds/dds/builtin/common/Types.hpp
-- Installing: /workspace/foxy_ws/install/include/fastdds/dds/builtin/common/ReplyHeader.hpp
-- Installing: /workspace/foxy_ws/install/include/fastdds/dds/domain
-- Installing: /workspace/foxy_ws/install/include/fastdds/dds/domain/DomainParticipant.hpp
-- Installing: /workspace/foxy_ws/install/include/fastdds/dds/domain/DomainParticipantFactory.hpp
-- Installing: /workspace/foxy_ws/install/include/fastdds/dds/domain/qos
-- Installing: /workspace/foxy_ws/install/include/fastdds/dds/domain/qos/DomainParticipantQos.hpp
-- Installing: /workspace/foxy_ws/install/include/fastdds/dds/domain/qos/DomainParticipantFactoryQos.hpp
-- Installing: /workspace/foxy_ws/install/include/fastdds/dds/domain/DomainParticipantListener.hpp
-- Installing: /workspace/foxy_ws/install/include/fastdds/dds/topic
-- Installing: /workspace/foxy_ws/install/include/fastdds/dds/topic/TopicListener.hpp
-- Installing: /workspace/foxy_ws/install/include/fastdds/dds/topic/Topic.hpp
-- Installing: /workspace/foxy_ws/install/include/fastdds/dds/topic/TopicDescription.hpp
-- Installing: /workspace/foxy_ws/install/include/fastdds/dds/topic/qos
-- Installing: /workspace/foxy_ws/install/include/fastdds/dds/topic/qos/TopicQos.hpp
-- Installing: /workspace/foxy_ws/install/include/fastdds/dds/topic/TopicDataType.hpp
-- Installing: /workspace/foxy_ws/install/include/fastdds/dds/topic/TypeSupport.hpp
-- Installing: /workspace/foxy_ws/install/include/fastdds/dds/core
-- Installing: /workspace/foxy_ws/install/include/fastdds/dds/core/Entity.hpp
-- Installing: /workspace/foxy_ws/install/include/fastdds/dds/core/policy
-- Installing: /workspace/foxy_ws/install/include/fastdds/dds/core/policy/ReaderDataLifecycleQosPolicy.hpp
-- Installing: /workspace/foxy_ws/install/include/fastdds/dds/core/policy/ParameterTypes.hpp
-- Installing: /workspace/foxy_ws/install/include/fastdds/dds/core/policy/WriterDataLifecycleQosPolicy.hpp
-- Installing: /workspace/foxy_ws/install/include/fastdds/dds/core/policy/QosPolicies.hpp
-- Installing: /workspace/foxy_ws/install/include/fastdds/dds/core/status
-- Installing: /workspace/foxy_ws/install/include/fastdds/dds/core/status/DeadlineMissedStatus.hpp
-- Installing: /workspace/foxy_ws/install/include/fastdds/dds/core/status/SubscriptionMatchedStatus.hpp
-- Installing: /workspace/foxy_ws/install/include/fastdds/dds/core/status/StatusMask.hpp
-- Installing: /workspace/foxy_ws/install/include/fastdds/dds/core/status/SampleRejectedStatus.hpp
-- Installing: /workspace/foxy_ws/install/include/fastdds/dds/core/status/LivelinessChangedStatus.hpp
-- Installing: /workspace/foxy_ws/install/include/fastdds/dds/core/status/BaseStatus.hpp
-- Installing: /workspace/foxy_ws/install/include/fastdds/dds/core/status/PublicationMatchedStatus.hpp
-- Installing: /workspace/foxy_ws/install/include/fastdds/dds/core/status/MatchedStatus.hpp
-- Installing: /workspace/foxy_ws/install/include/fastdds/dds/core/status/IncompatibleQosStatus.hpp
-- Installing: /workspace/foxy_ws/install/include/fastdds/rtps
-- Installing: /workspace/foxy_ws/install/include/fastdds/rtps/rtps_fwd.h
-- Installing: /workspace/foxy_ws/install/include/fastdds/rtps/Endpoint.h
-- Installing: /workspace/foxy_ws/install/include/fastdds/rtps/RTPSDomain.h
-- Installing: /workspace/foxy_ws/install/include/fastdds/rtps/resources
-- Installing: /workspace/foxy_ws/install/include/fastdds/rtps/resources/AsyncInterestTree.h
-- Installing: /workspace/foxy_ws/install/include/fastdds/rtps/resources/TimedEvent.h
-- Installing: /workspace/foxy_ws/install/include/fastdds/rtps/resources/ResourceEvent.h
-- Installing: /workspace/foxy_ws/install/include/fastdds/rtps/resources/ResourceManagement.h
-- Installing: /workspace/foxy_ws/install/include/fastdds/rtps/resources/AsyncWriterThread.h
-- Installing: /workspace/foxy_ws/install/include/fastdds/rtps/history
-- Installing: /workspace/foxy_ws/install/include/fastdds/rtps/history/IPayloadPool.h
-- Installing: /workspace/foxy_ws/install/include/fastdds/rtps/history/IChangePool.h
-- Installing: /workspace/foxy_ws/install/include/fastdds/rtps/history/WriterHistory.h
-- Installing: /workspace/foxy_ws/install/include/fastdds/rtps/history/ReaderHistory.h
-- Installing: /workspace/foxy_ws/install/include/fastdds/rtps/history/History.h
-- Installing: /workspace/foxy_ws/install/include/fastdds/rtps/transport
-- Installing: /workspace/foxy_ws/install/include/fastdds/rtps/transport/TCPChannelResourceBasic.h
-- Installing: /workspace/foxy_ws/install/include/fastdds/rtps/transport/shared_mem
-- Installing: /workspace/foxy_ws/install/include/fastdds/rtps/transport/shared_mem/SharedMemTransportDescriptor.h
-- Installing: /workspace/foxy_ws/install/include/fastdds/rtps/transport/TCPAcceptorSecure.h
-- Installing: /workspace/foxy_ws/install/include/fastdds/rtps/transport/UDPTransportDescriptor.h
-- Installing: /workspace/foxy_ws/install/include/fastdds/rtps/transport/TCPv4TransportDescriptor.h
-- Installing: /workspace/foxy_ws/install/include/fastdds/rtps/transport/UDPv4TransportDescriptor.h
-- Installing: /workspace/foxy_ws/install/include/fastdds/rtps/transport/SocketTransportDescriptor.h
-- Installing: /workspace/foxy_ws/install/include/fastdds/rtps/transport/UDPTransportInterface.h
-- Installing: /workspace/foxy_ws/install/include/fastdds/rtps/transport/TransportReceiverInterface.h
-- Installing: /workspace/foxy_ws/install/include/fastdds/rtps/transport/TCPv4Transport.h
-- Installing: /workspace/foxy_ws/install/include/fastdds/rtps/transport/TCPv6Transport.h
-- Installing: /workspace/foxy_ws/install/include/fastdds/rtps/transport/test_UDPv4Transport.h
-- Installing: /workspace/foxy_ws/install/include/fastdds/rtps/transport/TCPTransportDescriptor.h
-- Installing: /workspace/foxy_ws/install/include/fastdds/rtps/transport/UDPv4Transport.h
-- Installing: /workspace/foxy_ws/install/include/fastdds/rtps/transport/test_UDPv4TransportDescriptor.h
-- Installing: /workspace/foxy_ws/install/include/fastdds/rtps/transport/TCPTransportInterface.h
-- Installing: /workspace/foxy_ws/install/include/fastdds/rtps/transport/UDPv6TransportDescriptor.h
-- Installing: /workspace/foxy_ws/install/include/fastdds/rtps/transport/TCPAcceptorBasic.h
-- Installing: /workspace/foxy_ws/install/include/fastdds/rtps/transport/TCPChannelResource.h
-- Installing: /workspace/foxy_ws/install/include/fastdds/rtps/transport/TCPv6TransportDescriptor.h
-- Installing: /workspace/foxy_ws/install/include/fastdds/rtps/transport/TransportInterface.h
-- Installing: /workspace/foxy_ws/install/include/fastdds/rtps/transport/TransportDescriptorInterface.h
-- Installing: /workspace/foxy_ws/install/include/fastdds/rtps/transport/TCPChannelResourceSecure.h
-- Installing: /workspace/foxy_ws/install/include/fastdds/rtps/transport/ChannelResource.h
-- Installing: /workspace/foxy_ws/install/include/fastdds/rtps/transport/UDPv6Transport.h
-- Installing: /workspace/foxy_ws/install/include/fastdds/rtps/transport/TCPAcceptor.h
-- Installing: /workspace/foxy_ws/install/include/fastdds/rtps/transport/tcp
-- Installing: /workspace/foxy_ws/install/include/fastdds/rtps/transport/tcp/TCPControlMessage.h
-- Installing: /workspace/foxy_ws/install/include/fastdds/rtps/transport/tcp/RTCPMessageManager.h
-- Installing: /workspace/foxy_ws/install/include/fastdds/rtps/transport/tcp/RTCPHeader.h
-- Installing: /workspace/foxy_ws/install/include/fastdds/rtps/transport/UDPChannelResource.h
-- Installing: /workspace/foxy_ws/install/include/fastdds/rtps/builtin
-- Installing: /workspace/foxy_ws/install/include/fastdds/rtps/builtin/liveliness
-- Installing: /workspace/foxy_ws/install/include/fastdds/rtps/builtin/liveliness/WLP.h
-- Installing: /workspace/foxy_ws/install/include/fastdds/rtps/builtin/liveliness/WLPListener.h
-- Installing: /workspace/foxy_ws/install/include/fastdds/rtps/builtin/discovery
-- Installing: /workspace/foxy_ws/install/include/fastdds/rtps/builtin/discovery/participant
-- Installing: /workspace/foxy_ws/install/include/fastdds/rtps/builtin/discovery/participant/PDPClient.h
-- Installing: /workspace/foxy_ws/install/include/fastdds/rtps/builtin/discovery/participant/PDPServerListener.h
-- Installing: /workspace/foxy_ws/install/include/fastdds/rtps/builtin/discovery/participant/timedevent
-- Installing: /workspace/foxy_ws/install/include/fastdds/rtps/builtin/discovery/participant/timedevent/DServerEvent.h
-- Installing: /workspace/foxy_ws/install/include/fastdds/rtps/builtin/discovery/participant/timedevent/DSClientEvent.h
-- Installing: /workspace/foxy_ws/install/include/fastdds/rtps/builtin/discovery/participant/PDPServer.h
-- Installing: /workspace/foxy_ws/install/include/fastdds/rtps/builtin/discovery/participant/PDP.h
-- Installing: /workspace/foxy_ws/install/include/fastdds/rtps/builtin/discovery/participant/PDPSimple.h
-- Installing: /workspace/foxy_ws/install/include/fastdds/rtps/builtin/discovery/participant/PDPListener.h
-- Installing: /workspace/foxy_ws/install/include/fastdds/rtps/builtin/discovery/endpoint
-- Installing: /workspace/foxy_ws/install/include/fastdds/rtps/builtin/discovery/endpoint/EDP.h
-- Installing: /workspace/foxy_ws/install/include/fastdds/rtps/builtin/discovery/endpoint/EDPClient.h
-- Installing: /workspace/foxy_ws/install/include/fastdds/rtps/builtin/discovery/endpoint/EDPStatic.h
-- Installing: /workspace/foxy_ws/install/include/fastdds/rtps/builtin/discovery/endpoint/EDPSimple.h
-- Installing: /workspace/foxy_ws/install/include/fastdds/rtps/builtin/discovery/endpoint/EDPServer.h
-- Installing: /workspace/foxy_ws/install/include/fastdds/rtps/builtin/BuiltinProtocols.h
-- Installing: /workspace/foxy_ws/install/include/fastdds/rtps/builtin/data
-- Installing: /workspace/foxy_ws/install/include/fastdds/rtps/builtin/data/WriterProxyData.h
-- Installing: /workspace/foxy_ws/install/include/fastdds/rtps/builtin/data/ReaderProxyData.h
-- Installing: /workspace/foxy_ws/install/include/fastdds/rtps/builtin/data/ParticipantProxyData.h
-- Installing: /workspace/foxy_ws/install/include/fastdds/rtps/exceptions
-- Installing: /workspace/foxy_ws/install/include/fastdds/rtps/exceptions/Exception.h
-- Installing: /workspace/foxy_ws/install/include/fastdds/rtps/participant
-- Installing: /workspace/foxy_ws/install/include/fastdds/rtps/participant/RTPSParticipantListener.h
-- Installing: /workspace/foxy_ws/install/include/fastdds/rtps/participant/RTPSParticipant.h
-- Installing: /workspace/foxy_ws/install/include/fastdds/rtps/participant/ParticipantDiscoveryInfo.h
-- Installing: /workspace/foxy_ws/install/include/fastdds/rtps/network
-- Installing: /workspace/foxy_ws/install/include/fastdds/rtps/network/NetworkFactory.h
-- Installing: /workspace/foxy_ws/install/include/fastdds/rtps/network/SenderResource.h
-- Installing: /workspace/foxy_ws/install/include/fastdds/rtps/network/ReceiverResource.h
-- Installing: /workspace/foxy_ws/install/include/fastdds/rtps/messages
-- Installing: /workspace/foxy_ws/install/include/fastdds/rtps/messages/RTPSMessageCreator.h
-- Installing: /workspace/foxy_ws/install/include/fastdds/rtps/messages/RTPS_messages.h
-- Installing: /workspace/foxy_ws/install/include/fastdds/rtps/messages/CDRMessage.hpp
-- Installing: /workspace/foxy_ws/install/include/fastdds/rtps/messages/RTPSMessageSenderInterface.hpp
-- Installing: /workspace/foxy_ws/install/include/fastdds/rtps/messages/RTPSMessageGroup.h
-- Installing: /workspace/foxy_ws/install/include/fastdds/rtps/messages/MessageReceiver.h
-- Installing: /workspace/foxy_ws/install/include/fastdds/rtps/messages/CDRMessage.h
-- Installing: /workspace/foxy_ws/install/include/fastdds/rtps/writer
-- Installing: /workspace/foxy_ws/install/include/fastdds/rtps/writer/LivelinessData.h
-- Installing: /workspace/foxy_ws/install/include/fastdds/rtps/writer/ReaderProxy.h
-- Installing: /workspace/foxy_ws/install/include/fastdds/rtps/writer/ReaderLocator.h
-- Installing: /workspace/foxy_ws/install/include/fastdds/rtps/writer/StatelessWriter.h
-- Installing: /workspace/foxy_ws/install/include/fastdds/rtps/writer/WriterDiscoveryInfo.h
-- Installing: /workspace/foxy_ws/install/include/fastdds/rtps/writer/LivelinessManager.h
-- Installing: /workspace/foxy_ws/install/include/fastdds/rtps/writer/RTPSWriter.h
-- Installing: /workspace/foxy_ws/install/include/fastdds/rtps/writer/StatelessPersistentWriter.h
-- Installing: /workspace/foxy_ws/install/include/fastdds/rtps/writer/IReaderDataFilter.hpp
-- Installing: /workspace/foxy_ws/install/include/fastdds/rtps/writer/StatefulPersistentWriter.h
-- Installing: /workspace/foxy_ws/install/include/fastdds/rtps/writer/PersistentWriter.h
-- Installing: /workspace/foxy_ws/install/include/fastdds/rtps/writer/ChangeForReader.h
-- Installing: /workspace/foxy_ws/install/include/fastdds/rtps/writer/WriterListener.h
-- Installing: /workspace/foxy_ws/install/include/fastdds/rtps/writer/StatefulWriter.h
-- Installing: /workspace/foxy_ws/install/include/fastdds/rtps/rtps_all.h
-- Installing: /workspace/foxy_ws/install/include/fastdds/rtps/reader
-- Installing: /workspace/foxy_ws/install/include/fastdds/rtps/reader/RTPSReader.h
-- Installing: /workspace/foxy_ws/install/include/fastdds/rtps/reader/ReaderListener.h
-- Installing: /workspace/foxy_ws/install/include/fastdds/rtps/reader/StatelessReader.h
-- Installing: /workspace/foxy_ws/install/include/fastdds/rtps/reader/StatelessPersistentReader.h
-- Installing: /workspace/foxy_ws/install/include/fastdds/rtps/reader/ReaderDiscoveryInfo.h
-- Installing: /workspace/foxy_ws/install/include/fastdds/rtps/reader/StatefulPersistentReader.h
-- Installing: /workspace/foxy_ws/install/include/fastdds/rtps/reader/StatefulReader.h
-- Installing: /workspace/foxy_ws/install/include/fastdds/rtps/attributes
-- Installing: /workspace/foxy_ws/install/include/fastdds/rtps/attributes/RTPSParticipantAttributes.h
-- Installing: /workspace/foxy_ws/install/include/fastdds/rtps/attributes/HistoryAttributes.h
-- Installing: /workspace/foxy_ws/install/include/fastdds/rtps/attributes/WriterAttributes.h
-- Installing: /workspace/foxy_ws/install/include/fastdds/rtps/attributes/PropertyPolicy.h
-- Installing: /workspace/foxy_ws/install/include/fastdds/rtps/attributes/EndpointAttributes.h
-- Installing: /workspace/foxy_ws/install/include/fastdds/rtps/attributes/ServerAttributes.h
-- Installing: /workspace/foxy_ws/install/include/fastdds/rtps/attributes/ReaderAttributes.h
-- Installing: /workspace/foxy_ws/install/include/fastdds/rtps/attributes/RTPSParticipantAllocationAttributes.hpp
-- Installing: /workspace/foxy_ws/install/include/fastdds/rtps/flowcontrol
-- Installing: /workspace/foxy_ws/install/include/fastdds/rtps/flowcontrol/ThroughputControllerDescriptor.h
-- Installing: /workspace/foxy_ws/install/include/fastdds/rtps/security
-- Installing: /workspace/foxy_ws/install/include/fastdds/rtps/security/logging
-- Installing: /workspace/foxy_ws/install/include/fastdds/rtps/security/logging/Logging.h
-- Installing: /workspace/foxy_ws/install/include/fastdds/rtps/security/logging/BuiltinLoggingType.h
-- Installing: /workspace/foxy_ws/install/include/fastdds/rtps/security/logging/LoggingLevel.h
-- Installing: /workspace/foxy_ws/install/include/fastdds/rtps/security/logging/LogOptions.h
-- Installing: /workspace/foxy_ws/install/include/fastdds/rtps/security/logging/NameValuePair.h
-- Installing: /workspace/foxy_ws/install/include/fastdds/rtps/security/authentication
-- Installing: /workspace/foxy_ws/install/include/fastdds/rtps/security/authentication/Authentication.h
-- Installing: /workspace/foxy_ws/install/include/fastdds/rtps/security/authentication/Handshake.h
-- Installing: /workspace/foxy_ws/install/include/fastdds/rtps/security/exceptions
-- Installing: /workspace/foxy_ws/install/include/fastdds/rtps/security/exceptions/SecurityException.h
-- Installing: /workspace/foxy_ws/install/include/fastdds/rtps/security/accesscontrol
-- Installing: /workspace/foxy_ws/install/include/fastdds/rtps/security/accesscontrol/EndpointSecurityAttributes.h
-- Installing: /workspace/foxy_ws/install/include/fastdds/rtps/security/accesscontrol/SecurityMaskUtilities.h
-- Installing: /workspace/foxy_ws/install/include/fastdds/rtps/security/accesscontrol/AccessControl.h
-- Installing: /workspace/foxy_ws/install/include/fastdds/rtps/security/accesscontrol/ParticipantSecurityAttributes.h
-- Installing: /workspace/foxy_ws/install/include/fastdds/rtps/security/cryptography
-- Installing: /workspace/foxy_ws/install/include/fastdds/rtps/security/cryptography/CryptoKeyFactory.h
-- Installing: /workspace/foxy_ws/install/include/fastdds/rtps/security/cryptography/CryptoTransform.h
-- Installing: /workspace/foxy_ws/install/include/fastdds/rtps/security/cryptography/CryptoTypes.h
-- Installing: /workspace/foxy_ws/install/include/fastdds/rtps/security/cryptography/CryptoKeyExchange.h
-- Installing: /workspace/foxy_ws/install/include/fastdds/rtps/security/cryptography/Cryptography.h
-- Installing: /workspace/foxy_ws/install/include/fastdds/rtps/security/common
-- Installing: /workspace/foxy_ws/install/include/fastdds/rtps/security/common/SharedSecretHandle.h
-- Installing: /workspace/foxy_ws/install/include/fastdds/rtps/security/common/Handle.h
-- Installing: /workspace/foxy_ws/install/include/fastdds/rtps/security/common/ParticipantGenericMessage.h
-- Installing: /workspace/foxy_ws/install/include/fastdds/rtps/common
-- Installing: /workspace/foxy_ws/install/include/fastdds/rtps/common/ChangeKind_t.hpp
-- Installing: /workspace/foxy_ws/install/include/fastdds/rtps/common/CDRMessage_t.h
-- Installing: /workspace/foxy_ws/install/include/fastdds/rtps/common/SequenceNumber.h
-- Installing: /workspace/foxy_ws/install/include/fastdds/rtps/common/Types.h
-- Installing: /workspace/foxy_ws/install/include/fastdds/rtps/common/GuidPrefix_t.hpp
-- Installing: /workspace/foxy_ws/install/include/fastdds/rtps/common/CacheChange.h
-- Installing: /workspace/foxy_ws/install/include/fastdds/rtps/common/Property.h
-- Installing: /workspace/foxy_ws/install/include/fastdds/rtps/common/Guid.h
-- Installing: /workspace/foxy_ws/install/include/fastdds/rtps/common/LocatorSelectorEntry.hpp
-- Installing: /workspace/foxy_ws/install/include/fastdds/rtps/common/Token.h
-- Installing: /workspace/foxy_ws/install/include/fastdds/rtps/common/PortParameters.h
-- Installing: /workspace/foxy_ws/install/include/fastdds/rtps/common/BinaryProperty.h
-- Installing: /workspace/foxy_ws/install/include/fastdds/rtps/common/VendorId_t.hpp
-- Installing: /workspace/foxy_ws/install/include/fastdds/rtps/common/WriteParams.h
-- Installing: /workspace/foxy_ws/install/include/fastdds/rtps/common/MatchingInfo.h
-- Installing: /workspace/foxy_ws/install/include/fastdds/rtps/common/SerializedPayload.h
-- Installing: /workspace/foxy_ws/install/include/fastdds/rtps/common/LocatorListComparisons.hpp
-- Installing: /workspace/foxy_ws/install/include/fastdds/rtps/common/FragmentNumber.h
-- Installing: /workspace/foxy_ws/install/include/fastdds/rtps/common/Locator.h
-- Installing: /workspace/foxy_ws/install/include/fastdds/rtps/common/SampleIdentity.h
-- Installing: /workspace/foxy_ws/install/include/fastdds/rtps/common/InstanceHandle.h
-- Installing: /workspace/foxy_ws/install/include/fastdds/rtps/common/all_common.h
-- Installing: /workspace/foxy_ws/install/include/fastdds/rtps/common/Time_t.h
-- Installing: /workspace/foxy_ws/install/include/fastdds/rtps/common/RemoteLocators.hpp
-- Installing: /workspace/foxy_ws/install/include/fastdds/rtps/common/EntityId_t.hpp
-- Installing: /workspace/foxy_ws/install/include/fastdds/rtps/common/LocatorSelector.hpp
-- Installing: /workspace/foxy_ws/install/include/fastrtps/config.h
-- Installing: /workspace/foxy_ws/install/lib/libfastrtps.so.2.1.4
-- Installing: /workspace/foxy_ws/install/lib/libfastrtps.so.2
-- Set runtime path of "/workspace/foxy_ws/install/lib/libfastrtps.so.2.1.4" to ""
-- Installing: /workspace/foxy_ws/install/lib/libfastrtps.so
-- Installing: /workspace/foxy_ws/install/share/fastrtps/cmake/fastrtps-targets.cmake
-- Installing: /workspace/foxy_ws/install/share/fastrtps/cmake/fastrtps-targets-release.cmake
-- Installing: /workspace/foxy_ws/install/share/fastrtps/cmake/fastrtps-config.cmake
-- Installing: /workspace/foxy_ws/install/share/fastrtps/cmake/fastrtps-config-version.cmake
-- Installing: /workspace/foxy_ws/install/bin/fast-discovery-server-1.0.0
-- Set runtime path of "/workspace/foxy_ws/install/bin/fast-discovery-server-1.0.0" to ""
-- Installing: /workspace/foxy_ws/install/share/fastrtps/cmake/fast-discovery-server-targets.cmake
-- Installing: /workspace/foxy_ws/install/share/fastrtps/cmake/fast-discovery-server-targets-release.cmake
-- Installing: /workspace/foxy_ws/install/tools/fastdds
-- Installing: /workspace/foxy_ws/install/tools/fastdds/discovery
-- Installing: /workspace/foxy_ws/install/tools/fastdds/discovery/parser.py
-- Installing: /workspace/foxy_ws/install/tools/fastdds/shm
-- Installing: /workspace/foxy_ws/install/tools/fastdds/shm/clean.py
-- Installing: /workspace/foxy_ws/install/tools/fastdds/shm/parser.py
-- Installing: /workspace/foxy_ws/install/tools/fastdds/fastdds.py
-- Up-to-date: /workspace/foxy_ws/install/bin
-- Installing: /workspace/foxy_ws/install/bin/fastdds
-- Installing: /workspace/foxy_ws/install/bin/ros-discovery
