[0.023s] Invoking command in '/workspace/foxy_ws/build/fastrtps': CMAKE_PREFIX_PATH=/workspace/foxy_ws/install LD_LIBRARY_PATH=/workspace/foxy_ws/install/lib PATH=/workspace/foxy_ws/install/bin:${PATH} PKG_CONFIG_PATH=/workspace/foxy_ws/install/lib/x86_64-linux-gnu/pkgconfig:/workspace/foxy_ws/install/lib/pkgconfig PYTHONPATH=/workspace/foxy_ws/install/lib/python3.10/site-packages /usr/bin/cmake /workspace/foxy_ws/src/fastrtps -DCMAKE_INSTALL_PREFIX=/workspace/foxy_ws/install
[0.034s] -- Setting build type to 'Release' as none was specified.
[0.107s] -- The C compiler identification is GNU 9.4.0
[0.145s] -- The CXX compiler identification is GNU 9.4.0
[0.146s] -- Check for working C compiler: /usr/bin/cc
[0.214s] -- Check for working C compiler: /usr/bin/cc -- works
[0.215s] -- Detecting C compiler ABI info
[0.280s] -- Detecting C compiler ABI info - done
[0.292s] -- Detecting C compile features
[0.292s] -- Detecting C compile features - done
[0.295s] -- Check for working CXX compiler: /usr/bin/c++
[0.364s] -- Check for working CXX compiler: /usr/bin/c++ -- works
[0.365s] -- Detecting CXX compiler ABI info
[0.427s] -- Detecting CXX compiler ABI info - done
[0.435s] -- Detecting CXX compile features
[0.435s] -- Detecting CXX compile features - done
[0.436s] -- Configuring Fast RTPS
[0.436s] -- Version: 2.1.4
[0.436s] -- To change the version modify the file configure.ac
[0.436s] -- Performing Test SUPPORTS_CXX14
[0.497s] -- Performing Test SUPPORTS_CXX14 - Success
[0.497s] -- Performing Test SUPPORTS_CXX1Y
[0.573s] -- Performing Test SUPPORTS_CXX1Y - Success
[0.574s] -- Performing Test SUPPORTS_CXX11
[0.644s] -- Performing Test SUPPORTS_CXX11 - Success
[0.644s] -- Check if the system is big endian
[0.644s] -- Searching 16 bit integer
[0.644s] -- Looking for sys/types.h
[0.708s] -- Looking for sys/types.h - found
[0.709s] -- Looking for stdint.h
[0.766s] -- Looking for stdint.h - found
[0.766s] -- Looking for stddef.h
[0.832s] -- Looking for stddef.h - found
[0.832s] -- Check size of unsigned short
[0.909s] -- Check size of unsigned short - done
[0.909s] -- Using unsigned short
[0.958s] -- Check if the system is big endian - little endian
[0.960s] -- Found fastcdr
[0.965s] -- Found Asio
[0.973s] -- Found TinyXML2
[0.975s] -- Found foonathan_memory: /workspace/foxy_ws/install/lib/foonathan_memory/cmake
[0.976s] -- Looking for pthread.h
[1.050s] -- Looking for pthread.h - found
[1.050s] -- Looking for pthread_kill
[1.075s] -- Looking for pthread_kill - not found
[1.075s] -- Looking for pthread_create in pthreads
[1.125s] -- Looking for pthread_create in pthreads - not found
[1.125s] -- Looking for pthread_create in pthread
[1.179s] -- Looking for pthread_create in pthread - found
[1.180s] -- Found Threads: TRUE  
[2.508s] -- Thirdparty/boost compiled OK
[2.510s] -- Found OpenSSL: /usr/lib/x86_64-linux-gnu/libcrypto.so (found version "1.1.1f")  
[2.510s] -- OpenSSL library 1.1.1f found...
[2.512s] -- Performing Test ATOMIC_WITHOUT_LIB
[2.721s] -- Performing Test ATOMIC_WITHOUT_LIB - Success
[2.721s] -- Looking for __atomic_load_8 in atomic
[2.947s] -- Looking for __atomic_load_8 in atomic - found
[2.947s] -- Performing Test ATOMIC_WITH_LIB
[3.160s] -- Performing Test ATOMIC_WITH_LIB - Success
[3.196s] -- Configuring done
[3.264s] -- Generating done
[3.269s] -- Build files have been written to: /workspace/foxy_ws/build/fastrtps
[3.281s] Invoked command in '/workspace/foxy_ws/build/fastrtps' returned '0': CMAKE_PREFIX_PATH=/workspace/foxy_ws/install LD_LIBRARY_PATH=/workspace/foxy_ws/install/lib PATH=/workspace/foxy_ws/install/bin:${PATH} PKG_CONFIG_PATH=/workspace/foxy_ws/install/lib/x86_64-linux-gnu/pkgconfig:/workspace/foxy_ws/install/lib/pkgconfig PYTHONPATH=/workspace/foxy_ws/install/lib/python3.10/site-packages /usr/bin/cmake /workspace/foxy_ws/src/fastrtps -DCMAKE_INSTALL_PREFIX=/workspace/foxy_ws/install
[3.282s] Invoking command in '/workspace/foxy_ws/build/fastrtps': CMAKE_PREFIX_PATH=/workspace/foxy_ws/install LD_LIBRARY_PATH=/workspace/foxy_ws/install/lib PATH=/workspace/foxy_ws/install/bin:${PATH} PKG_CONFIG_PATH=/workspace/foxy_ws/install/lib/x86_64-linux-gnu/pkgconfig:/workspace/foxy_ws/install/lib/pkgconfig PYTHONPATH=/workspace/foxy_ws/install/lib/python3.10/site-packages /usr/bin/cmake --build /workspace/foxy_ws/build/fastrtps -- -j12 -l12
[4.076s] Scanning dependencies of target fastrtps
[4.187s] [  0%] Building CXX object src/cpp/CMakeFiles/fastrtps.dir/fastdds/log/Log.cpp.o
[4.192s] [  1%] Building CXX object src/cpp/CMakeFiles/fastrtps.dir/fastdds/log/StdoutConsumer.cpp.o
[4.197s] [  2%] Building CXX object src/cpp/CMakeFiles/fastrtps.dir/fastdds/log/OStreamConsumer.cpp.o
[4.207s] [  2%] Building CXX object src/cpp/CMakeFiles/fastrtps.dir/fastdds/log/FileConsumer.cpp.o
[4.207s] [  2%] Building CXX object src/cpp/CMakeFiles/fastrtps.dir/fastdds/log/StdoutErrConsumer.cpp.o
[4.222s] [  3%] Building CXX object src/cpp/CMakeFiles/fastrtps.dir/rtps/common/Time_t.cpp.o
[4.288s] [  3%] Building CXX object src/cpp/CMakeFiles/fastrtps.dir/rtps/resources/ResourceEvent.cpp.o
[4.315s] [  3%] Building CXX object src/cpp/CMakeFiles/fastrtps.dir/rtps/resources/TimedEventImpl.cpp.o
[4.317s] [  4%] Building CXX object src/cpp/CMakeFiles/fastrtps.dir/rtps/resources/TimedEvent.cpp.o
[4.360s] [  5%] Building CXX object src/cpp/CMakeFiles/fastrtps.dir/rtps/resources/AsyncWriterThread.cpp.o
[4.371s] [  5%] Building CXX object src/cpp/CMakeFiles/fastrtps.dir/rtps/resources/AsyncInterestTree.cpp.o
[4.395s] [  6%] Building CXX object src/cpp/CMakeFiles/fastrtps.dir/rtps/writer/LivelinessManager.cpp.o
[4.897s] [  6%] Building CXX object src/cpp/CMakeFiles/fastrtps.dir/rtps/writer/RTPSWriter.cpp.o
[5.485s] [  7%] Building CXX object src/cpp/CMakeFiles/fastrtps.dir/rtps/writer/StatefulWriter.cpp.o
[5.596s] [  7%] Building CXX object src/cpp/CMakeFiles/fastrtps.dir/rtps/writer/ReaderProxy.cpp.o
[5.622s] [  8%] Building CXX object src/cpp/CMakeFiles/fastrtps.dir/rtps/writer/StatelessWriter.cpp.o
[5.693s] [  8%] Building CXX object src/cpp/CMakeFiles/fastrtps.dir/rtps/writer/ReaderLocator.cpp.o
[5.750s] [  9%] Building CXX object src/cpp/CMakeFiles/fastrtps.dir/rtps/history/CacheChangePool.cpp.o
[6.023s] [  9%] Building CXX object src/cpp/CMakeFiles/fastrtps.dir/rtps/history/History.cpp.o
[6.443s] [ 10%] Building CXX object src/cpp/CMakeFiles/fastrtps.dir/rtps/history/WriterHistory.cpp.o
[7.806s] [ 10%] Building CXX object src/cpp/CMakeFiles/fastrtps.dir/rtps/history/ReaderHistory.cpp.o
[7.958s] [ 11%] Building CXX object src/cpp/CMakeFiles/fastrtps.dir/rtps/history/TopicPayloadPool.cpp.o
[8.259s] [ 12%] Building CXX object src/cpp/CMakeFiles/fastrtps.dir/rtps/history/TopicPayloadPoolRegistry.cpp.o
[8.386s] [ 12%] Building CXX object src/cpp/CMakeFiles/fastrtps.dir/rtps/reader/WriterProxy.cpp.o
[8.706s] [ 13%] Building CXX object src/cpp/CMakeFiles/fastrtps.dir/rtps/reader/StatefulReader.cpp.o
[8.880s] [ 13%] Building CXX object src/cpp/CMakeFiles/fastrtps.dir/rtps/reader/StatelessReader.cpp.o
[9.723s] [ 14%] Building CXX object src/cpp/CMakeFiles/fastrtps.dir/rtps/reader/RTPSReader.cpp.o
[10.270s] [ 14%] Building CXX object src/cpp/CMakeFiles/fastrtps.dir/rtps/messages/RTPSMessageCreator.cpp.o
[10.279s] [ 15%] Building CXX object src/cpp/CMakeFiles/fastrtps.dir/rtps/messages/RTPSMessageGroup.cpp.o
[10.322s] [ 15%] Building CXX object src/cpp/CMakeFiles/fastrtps.dir/rtps/messages/RTPSGapBuilder.cpp.o
[10.825s] [ 16%] Building CXX object src/cpp/CMakeFiles/fastrtps.dir/rtps/messages/SendBuffersManager.cpp.o
[10.988s] [ 16%] Building CXX object src/cpp/CMakeFiles/fastrtps.dir/rtps/messages/MessageReceiver.cpp.o
[11.590s] [ 17%] Building CXX object src/cpp/CMakeFiles/fastrtps.dir/rtps/network/NetworkFactory.cpp.o
[12.184s] [ 17%] Building CXX object src/cpp/CMakeFiles/fastrtps.dir/rtps/network/ReceiverResource.cpp.o
[12.314s] [ 18%] Building CXX object src/cpp/CMakeFiles/fastrtps.dir/rtps/participant/RTPSParticipant.cpp.o
[12.731s] [ 18%] Building CXX object src/cpp/CMakeFiles/fastrtps.dir/rtps/participant/RTPSParticipantImpl.cpp.o
[13.922s] [ 19%] Building CXX object src/cpp/CMakeFiles/fastrtps.dir/rtps/RTPSDomain.cpp.o
[13.999s] [ 19%] Building CXX object src/cpp/CMakeFiles/fastrtps.dir/fastrtps_deprecated/Domain.cpp.o
[14.620s] [ 20%] Building CXX object src/cpp/CMakeFiles/fastrtps.dir/fastrtps_deprecated/participant/Participant.cpp.o
[14.693s] [ 20%] Building CXX object src/cpp/CMakeFiles/fastrtps.dir/fastrtps_deprecated/participant/ParticipantImpl.cpp.o
[15.700s] [ 21%] Building CXX object src/cpp/CMakeFiles/fastrtps.dir/fastrtps_deprecated/publisher/Publisher.cpp.o
[16.496s] [ 21%] Building CXX object src/cpp/CMakeFiles/fastrtps.dir/fastrtps_deprecated/publisher/PublisherImpl.cpp.o
[17.059s] [ 22%] Building CXX object src/cpp/CMakeFiles/fastrtps.dir/fastrtps_deprecated/publisher/PublisherHistory.cpp.o
[17.114s] [ 22%] Building CXX object src/cpp/CMakeFiles/fastrtps.dir/fastrtps_deprecated/subscriber/Subscriber.cpp.o
[17.820s] [ 23%] Building CXX object src/cpp/CMakeFiles/fastrtps.dir/fastrtps_deprecated/subscriber/SubscriberImpl.cpp.o
[18.106s] [ 24%] Building CXX object src/cpp/CMakeFiles/fastrtps.dir/fastrtps_deprecated/subscriber/SubscriberHistory.cpp.o
[18.525s] [ 24%] Building CXX object src/cpp/CMakeFiles/fastrtps.dir/fastdds/subscriber/DataReader.cpp.o
[18.834s] [ 25%] Building CXX object src/cpp/CMakeFiles/fastrtps.dir/fastdds/publisher/DataWriter.cpp.o
[20.054s] [ 25%] Building CXX object src/cpp/CMakeFiles/fastrtps.dir/fastdds/subscriber/DataReaderImpl.cpp.o
[20.591s] [ 26%] Building CXX object src/cpp/CMakeFiles/fastrtps.dir/fastdds/publisher/DataWriterImpl.cpp.o
[21.207s] [ 26%] Building CXX object src/cpp/CMakeFiles/fastrtps.dir/fastdds/topic/Topic.cpp.o
[23.392s] [ 27%] Building CXX object src/cpp/CMakeFiles/fastrtps.dir/fastdds/topic/TopicImpl.cpp.o
[23.887s] [ 27%] Building CXX object src/cpp/CMakeFiles/fastrtps.dir/fastdds/topic/TypeSupport.cpp.o
[23.983s] [ 28%] Building CXX object src/cpp/CMakeFiles/fastrtps.dir/fastdds/topic/qos/TopicQos.cpp.o
[25.169s] [ 28%] Building CXX object src/cpp/CMakeFiles/fastrtps.dir/fastdds/publisher/qos/DataWriterQos.cpp.o
[25.234s] [ 29%] Building CXX object src/cpp/CMakeFiles/fastrtps.dir/fastdds/subscriber/qos/DataReaderQos.cpp.o
[25.300s] [ 29%] Building CXX object src/cpp/CMakeFiles/fastrtps.dir/fastdds/publisher/PublisherImpl.cpp.o
[26.409s] [ 30%] Building CXX object src/cpp/CMakeFiles/fastrtps.dir/fastdds/publisher/qos/PublisherQos.cpp.o
[30.844s] [ 30%] Building CXX object src/cpp/CMakeFiles/fastrtps.dir/fastdds/builtin/common/RPCHeadersImpl.cpp.o
[31.280s] [ 31%] Building CXX object src/cpp/CMakeFiles/fastrtps.dir/fastdds/builtin/typelookup/TypeLookupManager.cpp.o
[32.290s] [ 33%] Building CXX object src/cpp/CMakeFiles/fastrtps.dir/fastdds/builtin/typelookup/TypeLookupRequestListener.cpp.o
[32.290s] [ 33%] Building CXX object src/cpp/CMakeFiles/fastrtps.dir/fastdds/builtin/typelookup/common/TypeLookupTypes.cpp.o
[33.053s] [ 33%] Building CXX object src/cpp/CMakeFiles/fastrtps.dir/fastdds/domain/qos/DomainParticipantFactoryQos.cpp.o
[33.768s] [ 33%] Building CXX object src/cpp/CMakeFiles/fastrtps.dir/fastdds/builtin/typelookup/TypeLookupReplyListener.cpp.o
[33.768s] [ 34%] Building CXX object src/cpp/CMakeFiles/fastrtps.dir/fastdds/domain/qos/DomainParticipantQos.cpp.o
[34.187s] [ 34%] Building CXX object src/cpp/CMakeFiles/fastrtps.dir/fastdds/domain/DomainParticipant.cpp.o
[34.188s] [ 35%] Building CXX object src/cpp/CMakeFiles/fastrtps.dir/rtps/transport/ChannelResource.cpp.o
[34.217s] [ 35%] Building CXX object src/cpp/CMakeFiles/fastrtps.dir/rtps/transport/UDPChannelResource.cpp.o
[35.246s] [ 36%] Building CXX object src/cpp/CMakeFiles/fastrtps.dir/rtps/transport/TCPChannelResource.cpp.o
[35.953s] [ 37%] Building CXX object src/cpp/CMakeFiles/fastrtps.dir/fastdds/domain/DomainParticipantImpl.cpp.o
[36.099s] [ 37%] Building CXX object src/cpp/CMakeFiles/fastrtps.dir/rtps/transport/TCPChannelResourceBasic.cpp.o
[36.123s] [ 37%] Building CXX object src/cpp/CMakeFiles/fastrtps.dir/fastdds/domain/DomainParticipantFactory.cpp.o
[36.124s] [ 38%] Building CXX object src/cpp/CMakeFiles/fastrtps.dir/rtps/transport/TCPAcceptor.cpp.o
[36.563s] [ 38%] Building CXX object src/cpp/CMakeFiles/fastrtps.dir/rtps/transport/TCPAcceptorBasic.cpp.o
[36.690s] [ 39%] Building CXX object src/cpp/CMakeFiles/fastrtps.dir/rtps/transport/UDPv4Transport.cpp.o
[37.705s] [ 39%] Building CXX object src/cpp/CMakeFiles/fastrtps.dir/rtps/transport/TCPTransportInterface.cpp.o
[38.755s] [ 40%] Building CXX object src/cpp/CMakeFiles/fastrtps.dir/fastdds/subscriber/Subscriber.cpp.o
[38.764s] [ 40%] Building CXX object src/cpp/CMakeFiles/fastrtps.dir/fastdds/subscriber/qos/SubscriberQos.cpp.o
[39.575s] [ 41%] Building CXX object src/cpp/CMakeFiles/fastrtps.dir/fastdds/subscriber/SubscriberImpl.cpp.o
[39.589s] [ 41%] Building CXX object src/cpp/CMakeFiles/fastrtps.dir/fastdds/publisher/Publisher.cpp.o
[40.641s] [ 42%] Building CXX object src/cpp/CMakeFiles/fastrtps.dir/rtps/transport/UDPTransportInterface.cpp.o
[41.417s] [ 42%] Building CXX object src/cpp/CMakeFiles/fastrtps.dir/rtps/transport/shared_mem/SharedMemTransportDescriptor.cpp.o
[46.838s] [ 43%] Building CXX object src/cpp/CMakeFiles/fastrtps.dir/dynamic-types/DynamicType.cpp.o
[48.175s] [ 44%] Building CXX object src/cpp/CMakeFiles/fastrtps.dir/dynamic-types/DynamicPubSubType.cpp.o
[49.592s] [ 44%] Building CXX object src/cpp/CMakeFiles/fastrtps.dir/dynamic-types/DynamicTypePtr.cpp.o
[50.048s] [ 45%] Building CXX object src/cpp/CMakeFiles/fastrtps.dir/dynamic-types/DynamicDataPtr.cpp.o
[50.463s] [ 45%] Building CXX object src/cpp/CMakeFiles/fastrtps.dir/dynamic-types/DynamicTypeBuilder.cpp.o
[51.569s] [ 46%] Building CXX object src/cpp/CMakeFiles/fastrtps.dir/dynamic-types/DynamicTypeBuilderPtr.cpp.o
[51.989s] [ 46%] Building CXX object src/cpp/CMakeFiles/fastrtps.dir/dynamic-types/DynamicTypeBuilderFactory.cpp.o
[54.001s] [ 47%] Building CXX object src/cpp/CMakeFiles/fastrtps.dir/dynamic-types/DynamicTypeMember.cpp.o
[54.929s] [ 47%] Building CXX object src/cpp/CMakeFiles/fastrtps.dir/dynamic-types/DynamicDataFactory.cpp.o
[56.163s] [ 48%] Building CXX object src/cpp/CMakeFiles/fastrtps.dir/dynamic-types/TypeDescriptor.cpp.o
[57.174s] [ 48%] Building CXX object src/cpp/CMakeFiles/fastrtps.dir/dynamic-types/TypeIdentifier.cpp.o
[57.181s] [ 48%] Building CXX object src/cpp/CMakeFiles/fastrtps.dir/dynamic-types/MemberDescriptor.cpp.o
[57.256s] [ 49%] Building CXX object src/cpp/CMakeFiles/fastrtps.dir/dynamic-types/DynamicData.cpp.o
[58.275s] [ 49%] Building CXX object src/cpp/CMakeFiles/fastrtps.dir/dynamic-types/AnnotationParameterValue.cpp.o
[58.290s] [ 50%] Building CXX object src/cpp/CMakeFiles/fastrtps.dir/dynamic-types/TypeIdentifierTypes.cpp.o
[59.031s] [ 51%] Building CXX object src/cpp/CMakeFiles/fastrtps.dir/dynamic-types/AnnotationDescriptor.cpp.o
[59.126s] [ 51%] Building CXX object src/cpp/CMakeFiles/fastrtps.dir/dynamic-types/TypeObject.cpp.o
[59.186s] [ 52%] Building CXX object src/cpp/CMakeFiles/fastrtps.dir/dynamic-types/TypeObjectHashId.cpp.o
[59.226s] [ 52%] Building CXX object src/cpp/CMakeFiles/fastrtps.dir/rtps/transport/tcp/RTCPMessageManager.cpp.o
[60.227s] [ 53%] Building CXX object src/cpp/CMakeFiles/fastrtps.dir/rtps/transport/tcp/TCPControlMessage.cpp.o
[60.276s] [ 53%] Building CXX object src/cpp/CMakeFiles/fastrtps.dir/rtps/transport/test_UDPv4Transport.cpp.o
[61.003s] [ 53%] Building CXX object src/cpp/CMakeFiles/fastrtps.dir/dynamic-types/TypeObjectFactory.cpp.o
[66.967s] [ 53%] Building CXX object src/cpp/CMakeFiles/fastrtps.dir/fastdds/subscriber/qos/ReaderQos.cpp.o
[68.414s] [ 54%] Building CXX object src/cpp/CMakeFiles/fastrtps.dir/rtps/builtin/BuiltinProtocols.cpp.o
[70.621s] [ 54%] Building CXX object src/cpp/CMakeFiles/fastrtps.dir/rtps/builtin/discovery/participant/DirectMessageSender.cpp.o
[71.870s] [ 55%] Building CXX object src/cpp/CMakeFiles/fastrtps.dir/rtps/builtin/discovery/participant/PDP.cpp.o
[72.879s] [ 57%] Building CXX object src/cpp/CMakeFiles/fastrtps.dir/fastdds/publisher/qos/WriterQos.cpp.o
[72.879s] [ 57%] Building CXX object src/cpp/CMakeFiles/fastrtps.dir/fastdds/core/policy/ParameterList.cpp.o
[72.880s] [ 57%] Building CXX object src/cpp/CMakeFiles/fastrtps.dir/rtps/builtin/discovery/participant/PDPSimple.cpp.o
[73.890s] [ 59%] Building CXX object src/cpp/CMakeFiles/fastrtps.dir/dynamic-types/DynamicDataHelper.cpp.o
[73.890s] [ 59%] Building CXX object src/cpp/CMakeFiles/fastrtps.dir/dynamic-types/BuiltinAnnotationsTypeObject.cpp.o
[73.890s] [ 59%] Building CXX object src/cpp/CMakeFiles/fastrtps.dir/fastrtps_deprecated/attributes/TopicAttributes.cpp.o
[74.087s] [ 59%] Building CXX object src/cpp/CMakeFiles/fastrtps.dir/dynamic-types/TypesBase.cpp.o
[74.567s] [ 61%] Building CXX object src/cpp/CMakeFiles/fastrtps.dir/rtps/builtin/discovery/participant/PDPListener.cpp.o
[74.567s] [ 61%] Building CXX object src/cpp/CMakeFiles/fastrtps.dir/rtps/transport/TCPv6Transport.cpp.o
[74.568s] [ 61%] Building CXX object src/cpp/CMakeFiles/fastrtps.dir/dynamic-types/TypeNamesGenerator.cpp.o
[74.583s] [ 62%] Building CXX object src/cpp/CMakeFiles/fastrtps.dir/rtps/builtin/discovery/endpoint/EDP.cpp.o
[74.806s] [ 62%] Building CXX object src/cpp/CMakeFiles/fastrtps.dir/rtps/builtin/discovery/endpoint/EDPSimple.cpp.o
[74.917s] [ 63%] Building CXX object src/cpp/CMakeFiles/fastrtps.dir/rtps/builtin/discovery/endpoint/EDPSimpleListeners.cpp.o
[74.958s] [ 63%] Building CXX object src/cpp/CMakeFiles/fastrtps.dir/rtps/builtin/discovery/endpoint/EDPStatic.cpp.o
[75.470s] [ 65%] Building CXX object src/cpp/CMakeFiles/fastrtps.dir/rtps/builtin/liveliness/WLP.cpp.o
[75.471s] [ 65%] Building CXX object src/cpp/CMakeFiles/fastrtps.dir/rtps/transport/TCPv4Transport.cpp.o
[75.481s] [ 65%] Building CXX object src/cpp/CMakeFiles/fastrtps.dir/rtps/transport/UDPv6Transport.cpp.o
[75.617s] [ 65%] Building CXX object src/cpp/CMakeFiles/fastrtps.dir/rtps/builtin/liveliness/WLPListener.cpp.o
[76.659s] [ 66%] Building CXX object src/cpp/CMakeFiles/fastrtps.dir/rtps/builtin/data/ParticipantProxyData.cpp.o
[76.946s] [ 66%] Building CXX object src/cpp/CMakeFiles/fastrtps.dir/rtps/builtin/data/WriterProxyData.cpp.o
[78.032s] [ 67%] Building CXX object src/cpp/CMakeFiles/fastrtps.dir/rtps/builtin/data/ReaderProxyData.cpp.o
[78.058s] [ 67%] Building CXX object src/cpp/CMakeFiles/fastrtps.dir/rtps/flowcontrol/ThroughputController.cpp.o
[78.120s] [ 68%] Building CXX object src/cpp/CMakeFiles/fastrtps.dir/rtps/flowcontrol/ThroughputControllerDescriptor.cpp.o
[78.262s] [ 68%] Building CXX object src/cpp/CMakeFiles/fastrtps.dir/rtps/flowcontrol/FlowController.cpp.o
[78.467s] [ 69%] Building CXX object src/cpp/CMakeFiles/fastrtps.dir/rtps/exceptions/Exception.cpp.o
[78.601s] [ 69%] Building CXX object src/cpp/CMakeFiles/fastrtps.dir/rtps/attributes/PropertyPolicy.cpp.o
[78.919s] [ 70%] Building CXX object src/cpp/CMakeFiles/fastrtps.dir/rtps/common/Token.cpp.o
[79.060s] [ 70%] Building CXX object src/cpp/CMakeFiles/fastrtps.dir/rtps/xmlparser/XMLParserCommon.cpp.o
[79.211s] [ 71%] Building CXX object src/cpp/CMakeFiles/fastrtps.dir/rtps/xmlparser/XMLElementParser.cpp.o
[79.534s] [ 71%] Building CXX object src/cpp/CMakeFiles/fastrtps.dir/rtps/xmlparser/XMLEndpointParser.cpp.o
[79.626s] [ 72%] Building CXX object src/cpp/CMakeFiles/fastrtps.dir/rtps/xmlparser/XMLParser.cpp.o
[79.863s] [ 72%] Building CXX object src/cpp/CMakeFiles/fastrtps.dir/rtps/xmlparser/XMLProfileManager.cpp.o
[79.994s] [ 73%] Building CXX object src/cpp/CMakeFiles/fastrtps.dir/rtps/writer/PersistentWriter.cpp.o
[80.008s] [ 74%] Building CXX object src/cpp/CMakeFiles/fastrtps.dir/rtps/writer/StatelessPersistentWriter.cpp.o
[80.732s] [ 74%] Building CXX object src/cpp/CMakeFiles/fastrtps.dir/rtps/writer/StatefulPersistentWriter.cpp.o
[80.782s] [ 75%] Building CXX object src/cpp/CMakeFiles/fastrtps.dir/rtps/reader/StatelessPersistentReader.cpp.o
[81.273s] [ 75%] Building CXX object src/cpp/CMakeFiles/fastrtps.dir/rtps/reader/StatefulPersistentReader.cpp.o
[86.229s] [ 76%] Building CXX object src/cpp/CMakeFiles/fastrtps.dir/rtps/builtin/discovery/database/DiscoveryParticipantsAckStatus.cpp.o
[87.238s] [ 76%] Building CXX object src/cpp/CMakeFiles/fastrtps.dir/rtps/builtin/discovery/database/DiscoveryDataBase.cpp.o
[87.238s] [ 76%] Building CXX object src/cpp/CMakeFiles/fastrtps.dir/rtps/builtin/discovery/database/DiscoveryParticipantInfo.cpp.o
[87.468s] [ 77%] Building CXX object src/cpp/CMakeFiles/fastrtps.dir/rtps/builtin/discovery/endpoint/EDPServerListeners.cpp.o
[88.477s] [ 78%] Building CXX object src/cpp/CMakeFiles/fastrtps.dir/rtps/builtin/discovery/database/DiscoverySharedInfo.cpp.o
[88.478s] [ 78%] Building CXX object src/cpp/CMakeFiles/fastrtps.dir/rtps/builtin/discovery/endpoint/EDPServer.cpp.o
[88.921s] [ 79%] Building CXX object src/cpp/CMakeFiles/fastrtps.dir/rtps/builtin/discovery/endpoint/EDPClient.cpp.o
[88.958s] [ 79%] Building CXX object src/cpp/CMakeFiles/fastrtps.dir/rtps/builtin/discovery/database/backup/SharedBackupFunctions.cpp.o
[89.970s] [ 80%] Building CXX object src/cpp/CMakeFiles/fastrtps.dir/rtps/builtin/discovery/participant/DSClientEvent2.cpp.o
[89.972s] [ 80%] Building CXX object src/cpp/CMakeFiles/fastrtps.dir/rtps/builtin/discovery/participant/PDPServerListener.cpp.o
[90.221s] [ 81%] Building CXX object src/cpp/CMakeFiles/fastrtps.dir/rtps/builtin/discovery/participant/PDPClient.cpp.o
[90.221s] [ 81%] Building CXX object src/cpp/CMakeFiles/fastrtps.dir/rtps/builtin/discovery/participant/PDPServer.cpp.o
[90.676s] [ 81%] Building CXX object src/cpp/CMakeFiles/fastrtps.dir/rtps/builtin/discovery/participant/DServerEvent2.cpp.o
[91.590s] [ 83%] Building CXX object src/cpp/CMakeFiles/fastrtps.dir/rtps/builtin/discovery/participant/PDPClient2.cpp.o
[91.590s] [ 83%] Building CXX object src/cpp/CMakeFiles/fastrtps.dir/rtps/builtin/discovery/participant/timedevent/DServerEvent.cpp.o
[91.779s] [ 83%] Building CXX object src/cpp/CMakeFiles/fastrtps.dir/rtps/builtin/discovery/participant/PDPServer2.cpp.o
[91.864s] [ 84%] Building CXX object src/cpp/CMakeFiles/fastrtps.dir/rtps/builtin/discovery/participant/PDPServerListener2.cpp.o
[92.082s] [ 84%] Building CXX object src/cpp/CMakeFiles/fastrtps.dir/rtps/builtin/discovery/endpoint/EDPClient2.cpp.o
[93.081s] [ 85%] Building CXX object src/cpp/CMakeFiles/fastrtps.dir/rtps/builtin/discovery/participant/timedevent/DSClientEvent.cpp.o
[93.082s] [ 85%] Building CXX object src/cpp/CMakeFiles/fastrtps.dir/rtps/builtin/discovery/endpoint/EDPServer2.cpp.o
[93.691s] [ 87%] Building CXX object src/cpp/CMakeFiles/fastrtps.dir/rtps/persistence/PersistenceFactory.cpp.o
[93.691s] [ 87%] Building CXX object src/cpp/CMakeFiles/fastrtps.dir/rtps/builtin/discovery/endpoint/EDPServerListeners2.cpp.o
[93.909s] [ 87%] Building CXX object src/cpp/CMakeFiles/fastrtps.dir/utils/IPFinder.cpp.o
[93.996s] [ 88%] Building CXX object src/cpp/CMakeFiles/fastrtps.dir/utils/md5.cpp.o
[94.210s] [ 88%] Building CXX object src/cpp/CMakeFiles/fastrtps.dir/utils/StringMatching.cpp.o
[94.222s] [ 89%] Building CXX object src/cpp/CMakeFiles/fastrtps.dir/utils/IPLocator.cpp.o
[94.323s] [ 89%] Building CXX object src/cpp/CMakeFiles/fastrtps.dir/utils/System.cpp.o
[94.609s] [ 90%] Building CXX object src/cpp/CMakeFiles/fastrtps.dir/utils/TimedConditionVariable.cpp.o
[94.786s] [ 90%] Building CXX object src/cpp/CMakeFiles/fastrtps.dir/utils/string_convert.cpp.o
[94.982s] [ 91%] Building CXX object src/cpp/CMakeFiles/fastrtps.dir/dds/core/types.cpp.o
[95.017s] [ 92%] Building CXX object src/cpp/CMakeFiles/fastrtps.dir/dds/domain/DomainParticipant.cpp.o
[95.028s] [ 92%] Building CXX object src/cpp/CMakeFiles/fastrtps.dir/dds/core/Exception.cpp.o
[95.113s] [ 92%] Building CXX object src/cpp/CMakeFiles/fastrtps.dir/dds/pub/Publisher.cpp.o
[95.393s] [ 93%] Building CXX object src/cpp/CMakeFiles/fastrtps.dir/dds/pub/AnyDataWriter.cpp.o
[95.412s] [ 93%] Building CXX object src/cpp/CMakeFiles/fastrtps.dir/dds/pub/DataWriter.cpp.o
[95.584s] [ 94%] Building CXX object src/cpp/CMakeFiles/fastrtps.dir/dds/sub/Subscriber.cpp.o
[95.699s] [ 94%] Building CXX object src/cpp/CMakeFiles/fastrtps.dir/dds/sub/DataReader.cpp.o
[95.764s] [ 95%] Building CXX object src/cpp/CMakeFiles/fastrtps.dir/dds/topic/Topic.cpp.o
[96.242s] [ 95%] Building CXX object src/cpp/CMakeFiles/fastrtps.dir/rtps/transport/shared_mem/test_SharedMemTransport.cpp.o
[102.381s] [ 97%] Building C object src/cpp/CMakeFiles/fastrtps.dir/rtps/persistence/sqlite3.c.o
[102.381s] [ 97%] Building CXX object src/cpp/CMakeFiles/fastrtps.dir/rtps/transport/TCPAcceptorSecure.cpp.o
[102.381s] [ 97%] Building CXX object src/cpp/CMakeFiles/fastrtps.dir/rtps/persistence/SQLite3PersistenceService.cpp.o
[102.381s] [ 97%] Building CXX object src/cpp/CMakeFiles/fastrtps.dir/rtps/transport/TCPChannelResourceSecure.cpp.o
[103.515s] [ 98%] Building CXX object src/cpp/CMakeFiles/fastrtps.dir/rtps/transport/shared_mem/SharedMemTransport.cpp.o
[122.923s] [ 99%] Linking CXX shared library libfastrtps.so
[123.319s] [ 99%] Built target fastrtps
[123.333s] Scanning dependencies of target fast-discovery-server
[123.341s] [ 99%] Building CXX object tools/fds/CMakeFiles/fast-discovery-server.dir/server.cpp.o
[127.461s] [100%] Linking CXX executable fast-discovery-server-1.0.0
[127.585s] [100%] Built target fast-discovery-server
[127.595s] Invoked command in '/workspace/foxy_ws/build/fastrtps' returned '0': CMAKE_PREFIX_PATH=/workspace/foxy_ws/install LD_LIBRARY_PATH=/workspace/foxy_ws/install/lib PATH=/workspace/foxy_ws/install/bin:${PATH} PKG_CONFIG_PATH=/workspace/foxy_ws/install/lib/x86_64-linux-gnu/pkgconfig:/workspace/foxy_ws/install/lib/pkgconfig PYTHONPATH=/workspace/foxy_ws/install/lib/python3.10/site-packages /usr/bin/cmake --build /workspace/foxy_ws/build/fastrtps -- -j12 -l12
[127.620s] Invoking command in '/workspace/foxy_ws/build/fastrtps': CMAKE_PREFIX_PATH=/workspace/foxy_ws/install LD_LIBRARY_PATH=/workspace/foxy_ws/install/lib PATH=/workspace/foxy_ws/install/bin:${PATH} PKG_CONFIG_PATH=/workspace/foxy_ws/install/lib/x86_64-linux-gnu/pkgconfig:/workspace/foxy_ws/install/lib/pkgconfig PYTHONPATH=/workspace/foxy_ws/install/lib/python3.10/site-packages /usr/bin/cmake --install /workspace/foxy_ws/build/fastrtps
[127.628s] -- Install configuration: "Release"
[127.629s] -- Installing: /workspace/foxy_ws/install/share/fastrtps/LICENSE
[127.629s] -- Installing: /workspace/foxy_ws/install/include/fastrtps
[127.630s] -- Installing: /workspace/foxy_ws/install/include/fastrtps/log
[127.630s] -- Installing: /workspace/foxy_ws/install/include/fastrtps/log/StdoutConsumer.h
[127.630s] -- Installing: /workspace/foxy_ws/install/include/fastrtps/log/FileConsumer.h
[127.630s] -- Installing: /workspace/foxy_ws/install/include/fastrtps/log/Colors.h
[127.631s] -- Installing: /workspace/foxy_ws/install/include/fastrtps/log/Log.h
[127.631s] -- Installing: /workspace/foxy_ws/install/include/fastrtps/Domain.h
[127.631s] -- Installing: /workspace/foxy_ws/install/include/fastrtps/subscriber
[127.631s] -- Installing: /workspace/foxy_ws/install/include/fastrtps/subscriber/SubscriberListener.h
[127.631s] -- Installing: /workspace/foxy_ws/install/include/fastrtps/subscriber/SampleInfo.h
[127.631s] -- Installing: /workspace/foxy_ws/install/include/fastrtps/subscriber/Subscriber.h
[127.632s] -- Installing: /workspace/foxy_ws/install/include/fastrtps/subscriber/SubscriberHistory.h
[127.632s] -- Installing: /workspace/foxy_ws/install/include/fastrtps/types
[127.632s] -- Installing: /workspace/foxy_ws/install/include/fastrtps/types/DynamicDataFactory.h
[127.632s] -- Installing: /workspace/foxy_ws/install/include/fastrtps/types/TypeDescriptor.h
[127.632s] -- Installing: /workspace/foxy_ws/install/include/fastrtps/types/BuiltinAnnotationsTypeObject.h
[127.633s] -- Installing: /workspace/foxy_ws/install/include/fastrtps/types/TypeIdentifier.h
[127.633s] -- Installing: /workspace/foxy_ws/install/include/fastrtps/types/TypesBase.h
[127.633s] -- Installing: /workspace/foxy_ws/install/include/fastrtps/types/DynamicData.h
[127.633s] -- Installing: /workspace/foxy_ws/install/include/fastrtps/types/DynamicTypeBuilderFactory.h
[127.633s] -- Installing: /workspace/foxy_ws/install/include/fastrtps/types/DynamicDataPtr.h
[127.634s] -- Installing: /workspace/foxy_ws/install/include/fastrtps/types/DynamicTypeBuilder.h
[127.634s] -- Installing: /workspace/foxy_ws/install/include/fastrtps/types/DynamicTypePtr.h
[127.634s] -- Installing: /workspace/foxy_ws/install/include/fastrtps/types/TypeIdentifierTypes.h
[127.634s] -- Installing: /workspace/foxy_ws/install/include/fastrtps/types/AnnotationDescriptor.h
[127.634s] -- Installing: /workspace/foxy_ws/install/include/fastrtps/types/DynamicType.h
[127.635s] -- Installing: /workspace/foxy_ws/install/include/fastrtps/types/DynamicTypeBuilderPtr.h
[127.635s] -- Installing: /workspace/foxy_ws/install/include/fastrtps/types/AnnotationParameterValue.h
[127.635s] -- Installing: /workspace/foxy_ws/install/include/fastrtps/types/DynamicPubSubType.h
[127.635s] -- Installing: /workspace/foxy_ws/install/include/fastrtps/types/MemberDescriptor.h
[127.635s] -- Installing: /workspace/foxy_ws/install/include/fastrtps/types/TypeObjectHashId.h
[127.635s] -- Installing: /workspace/foxy_ws/install/include/fastrtps/types/DynamicTypeMember.h
[127.636s] -- Installing: /workspace/foxy_ws/install/include/fastrtps/types/DynamicDataHelper.hpp
[127.636s] -- Installing: /workspace/foxy_ws/install/include/fastrtps/types/TypeObject.h
[127.636s] -- Installing: /workspace/foxy_ws/install/include/fastrtps/types/TypeNamesGenerator.h
[127.636s] -- Installing: /workspace/foxy_ws/install/include/fastrtps/types/TypeObjectFactory.h
[127.636s] -- Installing: /workspace/foxy_ws/install/include/fastrtps/utils
[127.637s] -- Installing: /workspace/foxy_ws/install/include/fastrtps/utils/fixed_size_string.hpp
[127.637s] -- Installing: /workspace/foxy_ws/install/include/fastrtps/utils/IPLocator.h
[127.637s] -- Installing: /workspace/foxy_ws/install/include/fastrtps/utils/fixed_size_bitmap.hpp
[127.637s] -- Installing: /workspace/foxy_ws/install/include/fastrtps/utils/IPFinder.h
[127.637s] -- Installing: /workspace/foxy_ws/install/include/fastrtps/utils/collections
[127.637s] -- Installing: /workspace/foxy_ws/install/include/fastrtps/utils/collections/ResourceLimitedContainerConfig.hpp
[127.637s] -- Installing: /workspace/foxy_ws/install/include/fastrtps/utils/collections/ResourceLimitedVector.hpp
[127.638s] -- Installing: /workspace/foxy_ws/install/include/fastrtps/utils/collections/foonathan_memory_helpers.hpp
[127.642s] -- Installing: /workspace/foxy_ws/install/include/fastrtps/utils/TimedConditionVariable.hpp
[127.643s] -- Installing: /workspace/foxy_ws/install/include/fastrtps/utils/TimeConversion.h
[127.643s] -- Installing: /workspace/foxy_ws/install/include/fastrtps/utils/Semaphore.h
[127.643s] -- Installing: /workspace/foxy_ws/install/include/fastrtps/utils/DBQueue.h
[127.643s] -- Installing: /workspace/foxy_ws/install/include/fastrtps/utils/string_convert.hpp
[127.643s] -- Installing: /workspace/foxy_ws/install/include/fastrtps/utils/TimedMutex.hpp
[127.643s] -- Installing: /workspace/foxy_ws/install/include/fastrtps/utils/md5.h
[127.644s] -- Installing: /workspace/foxy_ws/install/include/fastrtps/utils/StringMatching.h
[127.644s] -- Installing: /workspace/foxy_ws/install/include/fastrtps/utils/System.h
[127.644s] -- Installing: /workspace/foxy_ws/install/include/fastrtps/transport
[127.644s] -- Installing: /workspace/foxy_ws/install/include/fastrtps/transport/TCPChannelResourceBasic.h
[127.644s] -- Installing: /workspace/foxy_ws/install/include/fastrtps/transport/TCPAcceptorSecure.h
[127.645s] -- Installing: /workspace/foxy_ws/install/include/fastrtps/transport/UDPTransportDescriptor.h
[127.645s] -- Installing: /workspace/foxy_ws/install/include/fastrtps/transport/TCPv4TransportDescriptor.h
[127.645s] -- Installing: /workspace/foxy_ws/install/include/fastrtps/transport/UDPv4TransportDescriptor.h
[127.645s] -- Installing: /workspace/foxy_ws/install/include/fastrtps/transport/SocketTransportDescriptor.h
[127.645s] -- Installing: /workspace/foxy_ws/install/include/fastrtps/transport/UDPTransportInterface.h
[127.645s] -- Installing: /workspace/foxy_ws/install/include/fastrtps/transport/TransportReceiverInterface.h
[127.646s] -- Installing: /workspace/foxy_ws/install/include/fastrtps/transport/TCPv4Transport.h
[127.646s] -- Installing: /workspace/foxy_ws/install/include/fastrtps/transport/TCPv6Transport.h
[127.646s] -- Installing: /workspace/foxy_ws/install/include/fastrtps/transport/test_UDPv4Transport.h
[127.647s] -- Installing: /workspace/foxy_ws/install/include/fastrtps/transport/TCPTransportDescriptor.h
[127.647s] -- Installing: /workspace/foxy_ws/install/include/fastrtps/transport/UDPv4Transport.h
[127.647s] -- Installing: /workspace/foxy_ws/install/include/fastrtps/transport/test_UDPv4TransportDescriptor.h
[127.647s] -- Installing: /workspace/foxy_ws/install/include/fastrtps/transport/TCPTransportInterface.h
[127.648s] -- Installing: /workspace/foxy_ws/install/include/fastrtps/transport/UDPv6TransportDescriptor.h
[127.648s] -- Installing: /workspace/foxy_ws/install/include/fastrtps/transport/TCPAcceptorBasic.h
[127.648s] -- Installing: /workspace/foxy_ws/install/include/fastrtps/transport/TCPChannelResource.h
[127.648s] -- Installing: /workspace/foxy_ws/install/include/fastrtps/transport/TCPv6TransportDescriptor.h
[127.648s] -- Installing: /workspace/foxy_ws/install/include/fastrtps/transport/TransportInterface.h
[127.649s] -- Installing: /workspace/foxy_ws/install/include/fastrtps/transport/TransportDescriptorInterface.h
[127.649s] -- Installing: /workspace/foxy_ws/install/include/fastrtps/transport/TCPChannelResourceSecure.h
[127.649s] -- Installing: /workspace/foxy_ws/install/include/fastrtps/transport/ChannelResource.h
[127.649s] -- Installing: /workspace/foxy_ws/install/include/fastrtps/transport/UDPv6Transport.h
[127.649s] -- Installing: /workspace/foxy_ws/install/include/fastrtps/transport/TCPAcceptor.h
[127.650s] -- Installing: /workspace/foxy_ws/install/include/fastrtps/transport/UDPChannelResource.h
[127.650s] -- Installing: /workspace/foxy_ws/install/include/fastrtps/publisher
[127.650s] -- Installing: /workspace/foxy_ws/install/include/fastrtps/publisher/PublisherHistory.h
[127.650s] -- Installing: /workspace/foxy_ws/install/include/fastrtps/publisher/PublisherListener.h
[127.650s] -- Installing: /workspace/foxy_ws/install/include/fastrtps/publisher/Publisher.h
[127.651s] -- Installing: /workspace/foxy_ws/install/include/fastrtps/eProsima_auto_link.h
[127.651s] -- Installing: /workspace/foxy_ws/install/include/fastrtps/participant
[127.651s] -- Installing: /workspace/foxy_ws/install/include/fastrtps/participant/ParticipantListener.h
[127.651s] -- Installing: /workspace/foxy_ws/install/include/fastrtps/participant/Participant.h
[127.651s] -- Installing: /workspace/foxy_ws/install/include/fastrtps/fastrtps_all.h
[127.651s] -- Installing: /workspace/foxy_ws/install/include/fastrtps/fastrtps_fwd.h
[127.652s] -- Installing: /workspace/foxy_ws/install/include/fastrtps/xmlparser
[127.652s] -- Installing: /workspace/foxy_ws/install/include/fastrtps/xmlparser/XMLTree.h
[127.652s] -- Installing: /workspace/foxy_ws/install/include/fastrtps/xmlparser/XMLParser.h
[127.652s] -- Installing: /workspace/foxy_ws/install/include/fastrtps/xmlparser/XMLEndpointParser.h
[127.652s] -- Installing: /workspace/foxy_ws/install/include/fastrtps/xmlparser/XMLProfileManager.h
[127.652s] -- Installing: /workspace/foxy_ws/install/include/fastrtps/xmlparser/XMLParserCommon.h
[127.653s] -- Installing: /workspace/foxy_ws/install/include/fastrtps/config
[127.653s] -- Installing: /workspace/foxy_ws/install/include/fastrtps/config/doxygen_modules.h
[127.653s] -- Installing: /workspace/foxy_ws/install/include/fastrtps/attributes
[127.653s] -- Installing: /workspace/foxy_ws/install/include/fastrtps/attributes/RequesterAttributes.hpp
[127.653s] -- Installing: /workspace/foxy_ws/install/include/fastrtps/attributes/SubscriberAttributes.h
[127.653s] -- Installing: /workspace/foxy_ws/install/include/fastrtps/attributes/ReplierAttributes.hpp
[127.654s] -- Installing: /workspace/foxy_ws/install/include/fastrtps/attributes/all_attributes.h
[127.654s] -- Installing: /workspace/foxy_ws/install/include/fastrtps/attributes/LibrarySettingsAttributes.h
[127.654s] -- Installing: /workspace/foxy_ws/install/include/fastrtps/attributes/PublisherAttributes.h
[127.654s] -- Installing: /workspace/foxy_ws/install/include/fastrtps/attributes/TopicAttributes.h
[127.654s] -- Installing: /workspace/foxy_ws/install/include/fastrtps/attributes/ParticipantAttributes.h
[127.654s] -- Installing: /workspace/foxy_ws/install/include/fastrtps/fastrtps_dll.h
[127.655s] -- Installing: /workspace/foxy_ws/install/include/fastrtps/qos
[127.655s] -- Installing: /workspace/foxy_ws/install/include/fastrtps/qos/QosPolicies.h
[127.655s] -- Installing: /workspace/foxy_ws/install/include/fastrtps/qos/ReaderQos.h
[127.656s] -- Installing: /workspace/foxy_ws/install/include/fastrtps/qos/LivelinessLostStatus.h
[127.656s] -- Installing: /workspace/foxy_ws/install/include/fastrtps/qos/LivelinessChangedStatus.h
[127.656s] -- Installing: /workspace/foxy_ws/install/include/fastrtps/qos/SampleRejectedStatus.hpp
[127.656s] -- Installing: /workspace/foxy_ws/install/include/fastrtps/qos/WriterQos.h
[127.656s] -- Installing: /workspace/foxy_ws/install/include/fastrtps/qos/IncompatibleQosStatus.hpp
[127.657s] -- Installing: /workspace/foxy_ws/install/include/fastrtps/qos/DeadlineMissedStatus.h
[127.657s] -- Installing: /workspace/foxy_ws/install/include/fastrtps/qos/ParameterTypes.h
[127.657s] -- Installing: /workspace/foxy_ws/install/include/fastrtps/rtps
[127.657s] -- Installing: /workspace/foxy_ws/install/include/fastrtps/rtps/rtps_fwd.h
[127.657s] -- Installing: /workspace/foxy_ws/install/include/fastrtps/rtps/Endpoint.h
[127.657s] -- Installing: /workspace/foxy_ws/install/include/fastrtps/rtps/RTPSDomain.h
[127.657s] -- Installing: /workspace/foxy_ws/install/include/fastrtps/rtps/resources
[127.657s] -- Installing: /workspace/foxy_ws/install/include/fastrtps/rtps/resources/AsyncInterestTree.h
[127.657s] -- Installing: /workspace/foxy_ws/install/include/fastrtps/rtps/resources/TimedEvent.h
[127.657s] -- Installing: /workspace/foxy_ws/install/include/fastrtps/rtps/resources/ResourceEvent.h
[127.658s] -- Installing: /workspace/foxy_ws/install/include/fastrtps/rtps/resources/ResourceManagement.h
[127.658s] -- Installing: /workspace/foxy_ws/install/include/fastrtps/rtps/resources/AsyncWriterThread.h
[127.658s] -- Installing: /workspace/foxy_ws/install/include/fastrtps/rtps/history
[127.658s] -- Installing: /workspace/foxy_ws/install/include/fastrtps/rtps/history/WriterHistory.h
[127.658s] -- Installing: /workspace/foxy_ws/install/include/fastrtps/rtps/history/ReaderHistory.h
[127.658s] -- Installing: /workspace/foxy_ws/install/include/fastrtps/rtps/history/History.h
[127.659s] -- Installing: /workspace/foxy_ws/install/include/fastrtps/rtps/builtin
[127.659s] -- Installing: /workspace/foxy_ws/install/include/fastrtps/rtps/builtin/liveliness
[127.659s] -- Installing: /workspace/foxy_ws/install/include/fastrtps/rtps/builtin/liveliness/WLP.h
[127.659s] -- Installing: /workspace/foxy_ws/install/include/fastrtps/rtps/builtin/liveliness/WLPListener.h
[127.659s] -- Installing: /workspace/foxy_ws/install/include/fastrtps/rtps/builtin/discovery
[127.660s] -- Installing: /workspace/foxy_ws/install/include/fastrtps/rtps/builtin/discovery/participant
[127.660s] -- Installing: /workspace/foxy_ws/install/include/fastrtps/rtps/builtin/discovery/participant/PDPClient.h
[127.660s] -- Installing: /workspace/foxy_ws/install/include/fastrtps/rtps/builtin/discovery/participant/PDPServerListener.h
[127.660s] -- Installing: /workspace/foxy_ws/install/include/fastrtps/rtps/builtin/discovery/participant/timedevent
[127.660s] -- Installing: /workspace/foxy_ws/install/include/fastrtps/rtps/builtin/discovery/participant/timedevent/DServerEvent.h
[127.660s] -- Installing: /workspace/foxy_ws/install/include/fastrtps/rtps/builtin/discovery/participant/timedevent/DSClientEvent.h
[127.661s] -- Installing: /workspace/foxy_ws/install/include/fastrtps/rtps/builtin/discovery/participant/PDPServer.h
[127.661s] -- Installing: /workspace/foxy_ws/install/include/fastrtps/rtps/builtin/discovery/participant/PDP.h
[127.663s] -- Installing: /workspace/foxy_ws/install/include/fastrtps/rtps/builtin/discovery/participant/PDPSimple.h
[127.663s] -- Installing: /workspace/foxy_ws/install/include/fastrtps/rtps/builtin/discovery/participant/PDPListener.h
[127.663s] -- Installing: /workspace/foxy_ws/install/include/fastrtps/rtps/builtin/discovery/endpoint
[127.663s] -- Installing: /workspace/foxy_ws/install/include/fastrtps/rtps/builtin/discovery/endpoint/EDP.h
[127.663s] -- Installing: /workspace/foxy_ws/install/include/fastrtps/rtps/builtin/discovery/endpoint/EDPClient.h
[127.663s] -- Installing: /workspace/foxy_ws/install/include/fastrtps/rtps/builtin/discovery/endpoint/EDPStatic.h
[127.664s] -- Installing: /workspace/foxy_ws/install/include/fastrtps/rtps/builtin/discovery/endpoint/EDPSimple.h
[127.664s] -- Installing: /workspace/foxy_ws/install/include/fastrtps/rtps/builtin/discovery/endpoint/EDPServer.h
[127.664s] -- Installing: /workspace/foxy_ws/install/include/fastrtps/rtps/builtin/BuiltinProtocols.h
[127.664s] -- Installing: /workspace/foxy_ws/install/include/fastrtps/rtps/builtin/data
[127.664s] -- Installing: /workspace/foxy_ws/install/include/fastrtps/rtps/builtin/data/WriterProxyData.h
[127.664s] -- Installing: /workspace/foxy_ws/install/include/fastrtps/rtps/builtin/data/ReaderProxyData.h
[127.664s] -- Installing: /workspace/foxy_ws/install/include/fastrtps/rtps/builtin/data/ParticipantProxyData.h
[127.664s] -- Installing: /workspace/foxy_ws/install/include/fastrtps/rtps/exceptions
[127.664s] -- Installing: /workspace/foxy_ws/install/include/fastrtps/rtps/exceptions/Exception.h
[127.665s] -- Installing: /workspace/foxy_ws/install/include/fastrtps/rtps/participant
[127.665s] -- Installing: /workspace/foxy_ws/install/include/fastrtps/rtps/participant/RTPSParticipantListener.h
[127.665s] -- Installing: /workspace/foxy_ws/install/include/fastrtps/rtps/participant/RTPSParticipant.h
[127.665s] -- Installing: /workspace/foxy_ws/install/include/fastrtps/rtps/participant/ParticipantDiscoveryInfo.h
[127.665s] -- Installing: /workspace/foxy_ws/install/include/fastrtps/rtps/network
[127.665s] -- Installing: /workspace/foxy_ws/install/include/fastrtps/rtps/network/NetworkFactory.h
[127.665s] -- Installing: /workspace/foxy_ws/install/include/fastrtps/rtps/network/SenderResource.h
[127.665s] -- Installing: /workspace/foxy_ws/install/include/fastrtps/rtps/network/ReceiverResource.h
[127.665s] -- Installing: /workspace/foxy_ws/install/include/fastrtps/rtps/messages
[127.666s] -- Installing: /workspace/foxy_ws/install/include/fastrtps/rtps/messages/RTPSMessageCreator.h
[127.666s] -- Installing: /workspace/foxy_ws/install/include/fastrtps/rtps/messages/RTPS_messages.h
[127.666s] -- Installing: /workspace/foxy_ws/install/include/fastrtps/rtps/messages/RTPSMessageSenderInterface.hpp
[127.666s] -- Installing: /workspace/foxy_ws/install/include/fastrtps/rtps/messages/RTPSMessageGroup.h
[127.666s] -- Installing: /workspace/foxy_ws/install/include/fastrtps/rtps/messages/MessageReceiver.h
[127.666s] -- Installing: /workspace/foxy_ws/install/include/fastrtps/rtps/messages/CDRMessage.h
[127.667s] -- Installing: /workspace/foxy_ws/install/include/fastrtps/rtps/writer
[127.667s] -- Installing: /workspace/foxy_ws/install/include/fastrtps/rtps/writer/LivelinessData.h
[127.667s] -- Installing: /workspace/foxy_ws/install/include/fastrtps/rtps/writer/ReaderProxy.h
[127.667s] -- Installing: /workspace/foxy_ws/install/include/fastrtps/rtps/writer/ReaderLocator.h
[127.667s] -- Installing: /workspace/foxy_ws/install/include/fastrtps/rtps/writer/StatelessWriter.h
[127.667s] -- Installing: /workspace/foxy_ws/install/include/fastrtps/rtps/writer/WriterDiscoveryInfo.h
[127.667s] -- Installing: /workspace/foxy_ws/install/include/fastrtps/rtps/writer/LivelinessManager.h
[127.668s] -- Installing: /workspace/foxy_ws/install/include/fastrtps/rtps/writer/RTPSWriter.h
[127.668s] -- Installing: /workspace/foxy_ws/install/include/fastrtps/rtps/writer/StatelessPersistentWriter.h
[127.668s] -- Installing: /workspace/foxy_ws/install/include/fastrtps/rtps/writer/StatefulPersistentWriter.h
[127.668s] -- Installing: /workspace/foxy_ws/install/include/fastrtps/rtps/writer/PersistentWriter.h
[127.668s] -- Installing: /workspace/foxy_ws/install/include/fastrtps/rtps/writer/WriterListener.h
[127.668s] -- Installing: /workspace/foxy_ws/install/include/fastrtps/rtps/writer/StatefulWriter.h
[127.669s] -- Installing: /workspace/foxy_ws/install/include/fastrtps/rtps/rtps_all.h
[127.669s] -- Installing: /workspace/foxy_ws/install/include/fastrtps/rtps/reader
[127.669s] -- Installing: /workspace/foxy_ws/install/include/fastrtps/rtps/reader/RTPSReader.h
[127.669s] -- Installing: /workspace/foxy_ws/install/include/fastrtps/rtps/reader/ReaderListener.h
[127.669s] -- Installing: /workspace/foxy_ws/install/include/fastrtps/rtps/reader/StatelessReader.h
[127.669s] -- Installing: /workspace/foxy_ws/install/include/fastrtps/rtps/reader/StatelessPersistentReader.h
[127.670s] -- Installing: /workspace/foxy_ws/install/include/fastrtps/rtps/reader/ReaderDiscoveryInfo.h
[127.670s] -- Installing: /workspace/foxy_ws/install/include/fastrtps/rtps/reader/StatefulPersistentReader.h
[127.670s] -- Installing: /workspace/foxy_ws/install/include/fastrtps/rtps/reader/StatefulReader.h
[127.670s] -- Installing: /workspace/foxy_ws/install/include/fastrtps/rtps/attributes
[127.670s] -- Installing: /workspace/foxy_ws/install/include/fastrtps/rtps/attributes/RTPSParticipantAttributes.h
[127.670s] -- Installing: /workspace/foxy_ws/install/include/fastrtps/rtps/attributes/HistoryAttributes.h
[127.671s] -- Installing: /workspace/foxy_ws/install/include/fastrtps/rtps/attributes/WriterAttributes.h
[127.671s] -- Installing: /workspace/foxy_ws/install/include/fastrtps/rtps/attributes/PropertyPolicy.h
[127.671s] -- Installing: /workspace/foxy_ws/install/include/fastrtps/rtps/attributes/EndpointAttributes.h
[127.671s] -- Installing: /workspace/foxy_ws/install/include/fastrtps/rtps/attributes/ServerAttributes.h
[127.671s] -- Installing: /workspace/foxy_ws/install/include/fastrtps/rtps/attributes/ReaderAttributes.h
[127.671s] -- Installing: /workspace/foxy_ws/install/include/fastrtps/rtps/attributes/RTPSParticipantAllocationAttributes.hpp
[127.672s] -- Installing: /workspace/foxy_ws/install/include/fastrtps/rtps/flowcontrol
[127.672s] -- Installing: /workspace/foxy_ws/install/include/fastrtps/rtps/flowcontrol/ThroughputControllerDescriptor.h
[127.672s] -- Installing: /workspace/foxy_ws/install/include/fastrtps/rtps/security
[127.672s] -- Installing: /workspace/foxy_ws/install/include/fastrtps/rtps/security/authentication
[127.672s] -- Installing: /workspace/foxy_ws/install/include/fastrtps/rtps/security/authentication/Authentication.h
[127.672s] -- Installing: /workspace/foxy_ws/install/include/fastrtps/rtps/security/authentication/Handshake.h
[127.673s] -- Installing: /workspace/foxy_ws/install/include/fastrtps/rtps/security/exceptions
[127.673s] -- Installing: /workspace/foxy_ws/install/include/fastrtps/rtps/security/exceptions/SecurityException.h
[127.673s] -- Installing: /workspace/foxy_ws/install/include/fastrtps/rtps/security/accesscontrol
[127.673s] -- Installing: /workspace/foxy_ws/install/include/fastrtps/rtps/security/accesscontrol/EndpointSecurityAttributes.h
[127.673s] -- Installing: /workspace/foxy_ws/install/include/fastrtps/rtps/security/accesscontrol/SecurityMaskUtilities.h
[127.673s] -- Installing: /workspace/foxy_ws/install/include/fastrtps/rtps/security/accesscontrol/AccessControl.h
[127.673s] -- Installing: /workspace/foxy_ws/install/include/fastrtps/rtps/security/accesscontrol/ParticipantSecurityAttributes.h
[127.674s] -- Installing: /workspace/foxy_ws/install/include/fastrtps/rtps/security/cryptography
[127.674s] -- Installing: /workspace/foxy_ws/install/include/fastrtps/rtps/security/cryptography/CryptoKeyFactory.h
[127.674s] -- Installing: /workspace/foxy_ws/install/include/fastrtps/rtps/security/cryptography/CryptoTransform.h
[127.674s] -- Installing: /workspace/foxy_ws/install/include/fastrtps/rtps/security/cryptography/CryptoTypes.h
[127.674s] -- Installing: /workspace/foxy_ws/install/include/fastrtps/rtps/security/cryptography/CryptoKeyExchange.h
[127.674s] -- Installing: /workspace/foxy_ws/install/include/fastrtps/rtps/security/cryptography/Cryptography.h
[127.675s] -- Installing: /workspace/foxy_ws/install/include/fastrtps/rtps/security/common
[127.675s] -- Installing: /workspace/foxy_ws/install/include/fastrtps/rtps/security/common/SharedSecretHandle.h
[127.675s] -- Installing: /workspace/foxy_ws/install/include/fastrtps/rtps/security/common/Handle.h
[127.675s] -- Installing: /workspace/foxy_ws/install/include/fastrtps/rtps/security/common/ParticipantGenericMessage.h
[127.675s] -- Installing: /workspace/foxy_ws/install/include/fastrtps/rtps/common
[127.676s] -- Installing: /workspace/foxy_ws/install/include/fastrtps/rtps/common/CDRMessage_t.h
[127.676s] -- Installing: /workspace/foxy_ws/install/include/fastrtps/rtps/common/SequenceNumber.h
[127.676s] -- Installing: /workspace/foxy_ws/install/include/fastrtps/rtps/common/Types.h
[127.676s] -- Installing: /workspace/foxy_ws/install/include/fastrtps/rtps/common/CacheChange.h
[127.676s] -- Installing: /workspace/foxy_ws/install/include/fastrtps/rtps/common/Property.h
[127.677s] -- Installing: /workspace/foxy_ws/install/include/fastrtps/rtps/common/Guid.h
[127.677s] -- Installing: /workspace/foxy_ws/install/include/fastrtps/rtps/common/LocatorSelectorEntry.hpp
[127.677s] -- Installing: /workspace/foxy_ws/install/include/fastrtps/rtps/common/Token.h
[127.677s] -- Installing: /workspace/foxy_ws/install/include/fastrtps/rtps/common/PortParameters.h
[127.678s] -- Installing: /workspace/foxy_ws/install/include/fastrtps/rtps/common/BinaryProperty.h
[127.678s] -- Installing: /workspace/foxy_ws/install/include/fastrtps/rtps/common/WriteParams.h
[127.678s] -- Installing: /workspace/foxy_ws/install/include/fastrtps/rtps/common/MatchingInfo.h
[127.678s] -- Installing: /workspace/foxy_ws/install/include/fastrtps/rtps/common/SerializedPayload.h
[127.678s] -- Installing: /workspace/foxy_ws/install/include/fastrtps/rtps/common/LocatorListComparisons.hpp
[127.679s] -- Installing: /workspace/foxy_ws/install/include/fastrtps/rtps/common/FragmentNumber.h
[127.679s] -- Installing: /workspace/foxy_ws/install/include/fastrtps/rtps/common/Locator.h
[127.679s] -- Installing: /workspace/foxy_ws/install/include/fastrtps/rtps/common/SampleIdentity.h
[127.679s] -- Installing: /workspace/foxy_ws/install/include/fastrtps/rtps/common/InstanceHandle.h
[127.679s] -- Installing: /workspace/foxy_ws/install/include/fastrtps/rtps/common/all_common.h
[127.679s] -- Installing: /workspace/foxy_ws/install/include/fastrtps/rtps/common/Time_t.h
[127.680s] -- Installing: /workspace/foxy_ws/install/include/fastrtps/rtps/common/RemoteLocators.hpp
[127.680s] -- Installing: /workspace/foxy_ws/install/include/fastrtps/rtps/common/LocatorSelector.hpp
[127.680s] -- Installing: /workspace/foxy_ws/install/include/fastrtps/TopicDataType.h
[127.680s] -- Installing: /workspace/foxy_ws/install/include/fastrtps/common
[127.681s] -- Installing: /workspace/foxy_ws/install/include/fastrtps/common/KeyedChanges.h
[127.681s] -- Installing: /workspace/foxy_ws/install/include/fastdds
[127.681s] -- Installing: /workspace/foxy_ws/install/include/fastdds/dds
[127.681s] -- Installing: /workspace/foxy_ws/install/include/fastdds/dds/log
[127.681s] -- Installing: /workspace/foxy_ws/install/include/fastdds/dds/log/StdoutConsumer.hpp
[127.682s] -- Installing: /workspace/foxy_ws/install/include/fastdds/dds/log/OStreamConsumer.hpp
[127.682s] -- Installing: /workspace/foxy_ws/install/include/fastdds/dds/log/StdoutErrConsumer.hpp
[127.682s] -- Installing: /workspace/foxy_ws/install/include/fastdds/dds/log/Log.hpp
[127.682s] -- Installing: /workspace/foxy_ws/install/include/fastdds/dds/log/FileConsumer.hpp
[127.682s] -- Installing: /workspace/foxy_ws/install/include/fastdds/dds/log/Colors.hpp
[127.682s] -- Installing: /workspace/foxy_ws/install/include/fastdds/dds/subscriber
[127.683s] -- Installing: /workspace/foxy_ws/install/include/fastdds/dds/subscriber/Subscriber.hpp
[127.683s] -- Installing: /workspace/foxy_ws/install/include/fastdds/dds/subscriber/DataReader.hpp
[127.683s] -- Installing: /workspace/foxy_ws/install/include/fastdds/dds/subscriber/DataReaderListener.hpp
[127.683s] -- Installing: /workspace/foxy_ws/install/include/fastdds/dds/subscriber/SampleInfo.hpp
[127.683s] -- Installing: /workspace/foxy_ws/install/include/fastdds/dds/subscriber/qos
[127.683s] -- Installing: /workspace/foxy_ws/install/include/fastdds/dds/subscriber/qos/SubscriberQos.hpp
[127.683s] -- Installing: /workspace/foxy_ws/install/include/fastdds/dds/subscriber/qos/ReaderQos.hpp
[127.683s] -- Installing: /workspace/foxy_ws/install/include/fastdds/dds/subscriber/qos/DataReaderQos.hpp
[127.684s] -- Installing: /workspace/foxy_ws/install/include/fastdds/dds/subscriber/SubscriberListener.hpp
[127.684s] -- Installing: /workspace/foxy_ws/install/include/fastdds/dds/publisher
[127.684s] -- Installing: /workspace/foxy_ws/install/include/fastdds/dds/publisher/PublisherListener.hpp
[127.684s] -- Installing: /workspace/foxy_ws/install/include/fastdds/dds/publisher/Publisher.hpp
[127.684s] -- Installing: /workspace/foxy_ws/install/include/fastdds/dds/publisher/DataWriter.hpp
[127.684s] -- Installing: /workspace/foxy_ws/install/include/fastdds/dds/publisher/DataWriterListener.hpp
[127.685s] -- Installing: /workspace/foxy_ws/install/include/fastdds/dds/publisher/qos
[127.685s] -- Installing: /workspace/foxy_ws/install/include/fastdds/dds/publisher/qos/WriterQos.hpp
[127.685s] -- Installing: /workspace/foxy_ws/install/include/fastdds/dds/publisher/qos/DataWriterQos.hpp
[127.685s] -- Installing: /workspace/foxy_ws/install/include/fastdds/dds/publisher/qos/PublisherQos.hpp
[127.685s] -- Installing: /workspace/foxy_ws/install/include/fastdds/dds/builtin
[127.685s] -- Installing: /workspace/foxy_ws/install/include/fastdds/dds/builtin/typelookup
[127.686s] -- Installing: /workspace/foxy_ws/install/include/fastdds/dds/builtin/typelookup/TypeLookupRequestListener.hpp
[127.686s] -- Installing: /workspace/foxy_ws/install/include/fastdds/dds/builtin/typelookup/TypeLookupManager.hpp
[127.686s] -- Installing: /workspace/foxy_ws/install/include/fastdds/dds/builtin/typelookup/TypeLookupReplyListener.hpp
[127.686s] -- Installing: /workspace/foxy_ws/install/include/fastdds/dds/builtin/typelookup/common
[127.686s] -- Installing: /workspace/foxy_ws/install/include/fastdds/dds/builtin/typelookup/common/TypeLookupTypes.hpp
[127.687s] -- Installing: /workspace/foxy_ws/install/include/fastdds/dds/builtin/common
[127.687s] -- Installing: /workspace/foxy_ws/install/include/fastdds/dds/builtin/common/RequestHeader.hpp
[127.687s] -- Installing: /workspace/foxy_ws/install/include/fastdds/dds/builtin/common/Types.hpp
[127.687s] -- Installing: /workspace/foxy_ws/install/include/fastdds/dds/builtin/common/ReplyHeader.hpp
[127.687s] -- Installing: /workspace/foxy_ws/install/include/fastdds/dds/domain
[127.687s] -- Installing: /workspace/foxy_ws/install/include/fastdds/dds/domain/DomainParticipant.hpp
[127.688s] -- Installing: /workspace/foxy_ws/install/include/fastdds/dds/domain/DomainParticipantFactory.hpp
[127.688s] -- Installing: /workspace/foxy_ws/install/include/fastdds/dds/domain/qos
[127.688s] -- Installing: /workspace/foxy_ws/install/include/fastdds/dds/domain/qos/DomainParticipantQos.hpp
[127.688s] -- Installing: /workspace/foxy_ws/install/include/fastdds/dds/domain/qos/DomainParticipantFactoryQos.hpp
[127.688s] -- Installing: /workspace/foxy_ws/install/include/fastdds/dds/domain/DomainParticipantListener.hpp
[127.689s] -- Installing: /workspace/foxy_ws/install/include/fastdds/dds/topic
[127.689s] -- Installing: /workspace/foxy_ws/install/include/fastdds/dds/topic/TopicListener.hpp
[127.689s] -- Installing: /workspace/foxy_ws/install/include/fastdds/dds/topic/Topic.hpp
[127.689s] -- Installing: /workspace/foxy_ws/install/include/fastdds/dds/topic/TopicDescription.hpp
[127.689s] -- Installing: /workspace/foxy_ws/install/include/fastdds/dds/topic/qos
[127.689s] -- Installing: /workspace/foxy_ws/install/include/fastdds/dds/topic/qos/TopicQos.hpp
[127.689s] -- Installing: /workspace/foxy_ws/install/include/fastdds/dds/topic/TopicDataType.hpp
[127.690s] -- Installing: /workspace/foxy_ws/install/include/fastdds/dds/topic/TypeSupport.hpp
[127.690s] -- Installing: /workspace/foxy_ws/install/include/fastdds/dds/core
[127.690s] -- Installing: /workspace/foxy_ws/install/include/fastdds/dds/core/Entity.hpp
[127.690s] -- Installing: /workspace/foxy_ws/install/include/fastdds/dds/core/policy
[127.690s] -- Installing: /workspace/foxy_ws/install/include/fastdds/dds/core/policy/ReaderDataLifecycleQosPolicy.hpp
[127.690s] -- Installing: /workspace/foxy_ws/install/include/fastdds/dds/core/policy/ParameterTypes.hpp
[127.691s] -- Installing: /workspace/foxy_ws/install/include/fastdds/dds/core/policy/WriterDataLifecycleQosPolicy.hpp
[127.691s] -- Installing: /workspace/foxy_ws/install/include/fastdds/dds/core/policy/QosPolicies.hpp
[127.691s] -- Installing: /workspace/foxy_ws/install/include/fastdds/dds/core/status
[127.691s] -- Installing: /workspace/foxy_ws/install/include/fastdds/dds/core/status/DeadlineMissedStatus.hpp
[127.691s] -- Installing: /workspace/foxy_ws/install/include/fastdds/dds/core/status/SubscriptionMatchedStatus.hpp
[127.691s] -- Installing: /workspace/foxy_ws/install/include/fastdds/dds/core/status/StatusMask.hpp
[127.692s] -- Installing: /workspace/foxy_ws/install/include/fastdds/dds/core/status/SampleRejectedStatus.hpp
[127.692s] -- Installing: /workspace/foxy_ws/install/include/fastdds/dds/core/status/LivelinessChangedStatus.hpp
[127.692s] -- Installing: /workspace/foxy_ws/install/include/fastdds/dds/core/status/BaseStatus.hpp
[127.692s] -- Installing: /workspace/foxy_ws/install/include/fastdds/dds/core/status/PublicationMatchedStatus.hpp
[127.692s] -- Installing: /workspace/foxy_ws/install/include/fastdds/dds/core/status/MatchedStatus.hpp
[127.692s] -- Installing: /workspace/foxy_ws/install/include/fastdds/dds/core/status/IncompatibleQosStatus.hpp
[127.693s] -- Installing: /workspace/foxy_ws/install/include/fastdds/rtps
[127.693s] -- Installing: /workspace/foxy_ws/install/include/fastdds/rtps/rtps_fwd.h
[127.693s] -- Installing: /workspace/foxy_ws/install/include/fastdds/rtps/Endpoint.h
[127.693s] -- Installing: /workspace/foxy_ws/install/include/fastdds/rtps/RTPSDomain.h
[127.693s] -- Installing: /workspace/foxy_ws/install/include/fastdds/rtps/resources
[127.693s] -- Installing: /workspace/foxy_ws/install/include/fastdds/rtps/resources/AsyncInterestTree.h
[127.693s] -- Installing: /workspace/foxy_ws/install/include/fastdds/rtps/resources/TimedEvent.h
[127.694s] -- Installing: /workspace/foxy_ws/install/include/fastdds/rtps/resources/ResourceEvent.h
[127.694s] -- Installing: /workspace/foxy_ws/install/include/fastdds/rtps/resources/ResourceManagement.h
[127.694s] -- Installing: /workspace/foxy_ws/install/include/fastdds/rtps/resources/AsyncWriterThread.h
[127.694s] -- Installing: /workspace/foxy_ws/install/include/fastdds/rtps/history
[127.695s] -- Installing: /workspace/foxy_ws/install/include/fastdds/rtps/history/IPayloadPool.h
[127.695s] -- Installing: /workspace/foxy_ws/install/include/fastdds/rtps/history/IChangePool.h
[127.695s] -- Installing: /workspace/foxy_ws/install/include/fastdds/rtps/history/WriterHistory.h
[127.695s] -- Installing: /workspace/foxy_ws/install/include/fastdds/rtps/history/ReaderHistory.h
[127.695s] -- Installing: /workspace/foxy_ws/install/include/fastdds/rtps/history/History.h
[127.695s] -- Installing: /workspace/foxy_ws/install/include/fastdds/rtps/transport
[127.695s] -- Installing: /workspace/foxy_ws/install/include/fastdds/rtps/transport/TCPChannelResourceBasic.h
[127.695s] -- Installing: /workspace/foxy_ws/install/include/fastdds/rtps/transport/shared_mem
[127.696s] -- Installing: /workspace/foxy_ws/install/include/fastdds/rtps/transport/shared_mem/SharedMemTransportDescriptor.h
[127.696s] -- Installing: /workspace/foxy_ws/install/include/fastdds/rtps/transport/TCPAcceptorSecure.h
[127.696s] -- Installing: /workspace/foxy_ws/install/include/fastdds/rtps/transport/UDPTransportDescriptor.h
[127.696s] -- Installing: /workspace/foxy_ws/install/include/fastdds/rtps/transport/TCPv4TransportDescriptor.h
[127.696s] -- Installing: /workspace/foxy_ws/install/include/fastdds/rtps/transport/UDPv4TransportDescriptor.h
[127.696s] -- Installing: /workspace/foxy_ws/install/include/fastdds/rtps/transport/SocketTransportDescriptor.h
[127.696s] -- Installing: /workspace/foxy_ws/install/include/fastdds/rtps/transport/UDPTransportInterface.h
[127.696s] -- Installing: /workspace/foxy_ws/install/include/fastdds/rtps/transport/TransportReceiverInterface.h
[127.696s] -- Installing: /workspace/foxy_ws/install/include/fastdds/rtps/transport/TCPv4Transport.h
[127.696s] -- Installing: /workspace/foxy_ws/install/include/fastdds/rtps/transport/TCPv6Transport.h
[127.696s] -- Installing: /workspace/foxy_ws/install/include/fastdds/rtps/transport/test_UDPv4Transport.h
[127.696s] -- Installing: /workspace/foxy_ws/install/include/fastdds/rtps/transport/TCPTransportDescriptor.h
[127.696s] -- Installing: /workspace/foxy_ws/install/include/fastdds/rtps/transport/UDPv4Transport.h
[127.697s] -- Installing: /workspace/foxy_ws/install/include/fastdds/rtps/transport/test_UDPv4TransportDescriptor.h
[127.697s] -- Installing: /workspace/foxy_ws/install/include/fastdds/rtps/transport/TCPTransportInterface.h
[127.697s] -- Installing: /workspace/foxy_ws/install/include/fastdds/rtps/transport/UDPv6TransportDescriptor.h
[127.698s] -- Installing: /workspace/foxy_ws/install/include/fastdds/rtps/transport/TCPAcceptorBasic.h
[127.698s] -- Installing: /workspace/foxy_ws/install/include/fastdds/rtps/transport/TCPChannelResource.h
[127.698s] -- Installing: /workspace/foxy_ws/install/include/fastdds/rtps/transport/TCPv6TransportDescriptor.h
[127.698s] -- Installing: /workspace/foxy_ws/install/include/fastdds/rtps/transport/TransportInterface.h
[127.698s] -- Installing: /workspace/foxy_ws/install/include/fastdds/rtps/transport/TransportDescriptorInterface.h
[127.698s] -- Installing: /workspace/foxy_ws/install/include/fastdds/rtps/transport/TCPChannelResourceSecure.h
[127.698s] -- Installing: /workspace/foxy_ws/install/include/fastdds/rtps/transport/ChannelResource.h
[127.698s] -- Installing: /workspace/foxy_ws/install/include/fastdds/rtps/transport/UDPv6Transport.h
[127.698s] -- Installing: /workspace/foxy_ws/install/include/fastdds/rtps/transport/TCPAcceptor.h
[127.699s] -- Installing: /workspace/foxy_ws/install/include/fastdds/rtps/transport/tcp
[127.699s] -- Installing: /workspace/foxy_ws/install/include/fastdds/rtps/transport/tcp/TCPControlMessage.h
[127.699s] -- Installing: /workspace/foxy_ws/install/include/fastdds/rtps/transport/tcp/RTCPMessageManager.h
[127.699s] -- Installing: /workspace/foxy_ws/install/include/fastdds/rtps/transport/tcp/RTCPHeader.h
[127.699s] -- Installing: /workspace/foxy_ws/install/include/fastdds/rtps/transport/UDPChannelResource.h
[127.699s] -- Installing: /workspace/foxy_ws/install/include/fastdds/rtps/builtin
[127.699s] -- Installing: /workspace/foxy_ws/install/include/fastdds/rtps/builtin/liveliness
[127.700s] -- Installing: /workspace/foxy_ws/install/include/fastdds/rtps/builtin/liveliness/WLP.h
[127.700s] -- Installing: /workspace/foxy_ws/install/include/fastdds/rtps/builtin/liveliness/WLPListener.h
[127.700s] -- Installing: /workspace/foxy_ws/install/include/fastdds/rtps/builtin/discovery
[127.700s] -- Installing: /workspace/foxy_ws/install/include/fastdds/rtps/builtin/discovery/participant
[127.700s] -- Installing: /workspace/foxy_ws/install/include/fastdds/rtps/builtin/discovery/participant/PDPClient.h
[127.700s] -- Installing: /workspace/foxy_ws/install/include/fastdds/rtps/builtin/discovery/participant/PDPServerListener.h
[127.700s] -- Installing: /workspace/foxy_ws/install/include/fastdds/rtps/builtin/discovery/participant/timedevent
[127.700s] -- Installing: /workspace/foxy_ws/install/include/fastdds/rtps/builtin/discovery/participant/timedevent/DServerEvent.h
[127.701s] -- Installing: /workspace/foxy_ws/install/include/fastdds/rtps/builtin/discovery/participant/timedevent/DSClientEvent.h
[127.701s] -- Installing: /workspace/foxy_ws/install/include/fastdds/rtps/builtin/discovery/participant/PDPServer.h
[127.701s] -- Installing: /workspace/foxy_ws/install/include/fastdds/rtps/builtin/discovery/participant/PDP.h
[127.701s] -- Installing: /workspace/foxy_ws/install/include/fastdds/rtps/builtin/discovery/participant/PDPSimple.h
[127.701s] -- Installing: /workspace/foxy_ws/install/include/fastdds/rtps/builtin/discovery/participant/PDPListener.h
[127.701s] -- Installing: /workspace/foxy_ws/install/include/fastdds/rtps/builtin/discovery/endpoint
[127.701s] -- Installing: /workspace/foxy_ws/install/include/fastdds/rtps/builtin/discovery/endpoint/EDP.h
[127.701s] -- Installing: /workspace/foxy_ws/install/include/fastdds/rtps/builtin/discovery/endpoint/EDPClient.h
[127.701s] -- Installing: /workspace/foxy_ws/install/include/fastdds/rtps/builtin/discovery/endpoint/EDPStatic.h
[127.701s] -- Installing: /workspace/foxy_ws/install/include/fastdds/rtps/builtin/discovery/endpoint/EDPSimple.h
[127.701s] -- Installing: /workspace/foxy_ws/install/include/fastdds/rtps/builtin/discovery/endpoint/EDPServer.h
[127.702s] -- Installing: /workspace/foxy_ws/install/include/fastdds/rtps/builtin/BuiltinProtocols.h
[127.702s] -- Installing: /workspace/foxy_ws/install/include/fastdds/rtps/builtin/data
[127.702s] -- Installing: /workspace/foxy_ws/install/include/fastdds/rtps/builtin/data/WriterProxyData.h
[127.702s] -- Installing: /workspace/foxy_ws/install/include/fastdds/rtps/builtin/data/ReaderProxyData.h
[127.702s] -- Installing: /workspace/foxy_ws/install/include/fastdds/rtps/builtin/data/ParticipantProxyData.h
[127.702s] -- Installing: /workspace/foxy_ws/install/include/fastdds/rtps/exceptions
[127.702s] -- Installing: /workspace/foxy_ws/install/include/fastdds/rtps/exceptions/Exception.h
[127.702s] -- Installing: /workspace/foxy_ws/install/include/fastdds/rtps/participant
[127.702s] -- Installing: /workspace/foxy_ws/install/include/fastdds/rtps/participant/RTPSParticipantListener.h
[127.702s] -- Installing: /workspace/foxy_ws/install/include/fastdds/rtps/participant/RTPSParticipant.h
[127.702s] -- Installing: /workspace/foxy_ws/install/include/fastdds/rtps/participant/ParticipantDiscoveryInfo.h
[127.703s] -- Installing: /workspace/foxy_ws/install/include/fastdds/rtps/network
[127.703s] -- Installing: /workspace/foxy_ws/install/include/fastdds/rtps/network/NetworkFactory.h
[127.703s] -- Installing: /workspace/foxy_ws/install/include/fastdds/rtps/network/SenderResource.h
[127.703s] -- Installing: /workspace/foxy_ws/install/include/fastdds/rtps/network/ReceiverResource.h
[127.703s] -- Installing: /workspace/foxy_ws/install/include/fastdds/rtps/messages
[127.703s] -- Installing: /workspace/foxy_ws/install/include/fastdds/rtps/messages/RTPSMessageCreator.h
[127.703s] -- Installing: /workspace/foxy_ws/install/include/fastdds/rtps/messages/RTPS_messages.h
[127.703s] -- Installing: /workspace/foxy_ws/install/include/fastdds/rtps/messages/CDRMessage.hpp
[127.703s] -- Installing: /workspace/foxy_ws/install/include/fastdds/rtps/messages/RTPSMessageSenderInterface.hpp
[127.703s] -- Installing: /workspace/foxy_ws/install/include/fastdds/rtps/messages/RTPSMessageGroup.h
[127.703s] -- Installing: /workspace/foxy_ws/install/include/fastdds/rtps/messages/MessageReceiver.h
[127.703s] -- Installing: /workspace/foxy_ws/install/include/fastdds/rtps/messages/CDRMessage.h
[127.703s] -- Installing: /workspace/foxy_ws/install/include/fastdds/rtps/writer
[127.704s] -- Installing: /workspace/foxy_ws/install/include/fastdds/rtps/writer/LivelinessData.h
[127.704s] -- Installing: /workspace/foxy_ws/install/include/fastdds/rtps/writer/ReaderProxy.h
[127.704s] -- Installing: /workspace/foxy_ws/install/include/fastdds/rtps/writer/ReaderLocator.h
[127.704s] -- Installing: /workspace/foxy_ws/install/include/fastdds/rtps/writer/StatelessWriter.h
[127.704s] -- Installing: /workspace/foxy_ws/install/include/fastdds/rtps/writer/WriterDiscoveryInfo.h
[127.704s] -- Installing: /workspace/foxy_ws/install/include/fastdds/rtps/writer/LivelinessManager.h
[127.705s] -- Installing: /workspace/foxy_ws/install/include/fastdds/rtps/writer/RTPSWriter.h
[127.705s] -- Installing: /workspace/foxy_ws/install/include/fastdds/rtps/writer/StatelessPersistentWriter.h
[127.705s] -- Installing: /workspace/foxy_ws/install/include/fastdds/rtps/writer/IReaderDataFilter.hpp
[127.705s] -- Installing: /workspace/foxy_ws/install/include/fastdds/rtps/writer/StatefulPersistentWriter.h
[127.705s] -- Installing: /workspace/foxy_ws/install/include/fastdds/rtps/writer/PersistentWriter.h
[127.705s] -- Installing: /workspace/foxy_ws/install/include/fastdds/rtps/writer/ChangeForReader.h
[127.705s] -- Installing: /workspace/foxy_ws/install/include/fastdds/rtps/writer/WriterListener.h
[127.705s] -- Installing: /workspace/foxy_ws/install/include/fastdds/rtps/writer/StatefulWriter.h
[127.706s] -- Installing: /workspace/foxy_ws/install/include/fastdds/rtps/rtps_all.h
[127.706s] -- Installing: /workspace/foxy_ws/install/include/fastdds/rtps/reader
[127.706s] -- Installing: /workspace/foxy_ws/install/include/fastdds/rtps/reader/RTPSReader.h
[127.706s] -- Installing: /workspace/foxy_ws/install/include/fastdds/rtps/reader/ReaderListener.h
[127.706s] -- Installing: /workspace/foxy_ws/install/include/fastdds/rtps/reader/StatelessReader.h
[127.706s] -- Installing: /workspace/foxy_ws/install/include/fastdds/rtps/reader/StatelessPersistentReader.h
[127.707s] -- Installing: /workspace/foxy_ws/install/include/fastdds/rtps/reader/ReaderDiscoveryInfo.h
[127.707s] -- Installing: /workspace/foxy_ws/install/include/fastdds/rtps/reader/StatefulPersistentReader.h
[127.707s] -- Installing: /workspace/foxy_ws/install/include/fastdds/rtps/reader/StatefulReader.h
[127.707s] -- Installing: /workspace/foxy_ws/install/include/fastdds/rtps/attributes
[127.707s] -- Installing: /workspace/foxy_ws/install/include/fastdds/rtps/attributes/RTPSParticipantAttributes.h
[127.707s] -- Installing: /workspace/foxy_ws/install/include/fastdds/rtps/attributes/HistoryAttributes.h
[127.708s] -- Installing: /workspace/foxy_ws/install/include/fastdds/rtps/attributes/WriterAttributes.h
[127.708s] -- Installing: /workspace/foxy_ws/install/include/fastdds/rtps/attributes/PropertyPolicy.h
[127.708s] -- Installing: /workspace/foxy_ws/install/include/fastdds/rtps/attributes/EndpointAttributes.h
[127.708s] -- Installing: /workspace/foxy_ws/install/include/fastdds/rtps/attributes/ServerAttributes.h
[127.708s] -- Installing: /workspace/foxy_ws/install/include/fastdds/rtps/attributes/ReaderAttributes.h
[127.708s] -- Installing: /workspace/foxy_ws/install/include/fastdds/rtps/attributes/RTPSParticipantAllocationAttributes.hpp
[127.708s] -- Installing: /workspace/foxy_ws/install/include/fastdds/rtps/flowcontrol
[127.709s] -- Installing: /workspace/foxy_ws/install/include/fastdds/rtps/flowcontrol/ThroughputControllerDescriptor.h
[127.709s] -- Installing: /workspace/foxy_ws/install/include/fastdds/rtps/security
[127.709s] -- Installing: /workspace/foxy_ws/install/include/fastdds/rtps/security/logging
[127.709s] -- Installing: /workspace/foxy_ws/install/include/fastdds/rtps/security/logging/Logging.h
[127.709s] -- Installing: /workspace/foxy_ws/install/include/fastdds/rtps/security/logging/BuiltinLoggingType.h
[127.709s] -- Installing: /workspace/foxy_ws/install/include/fastdds/rtps/security/logging/LoggingLevel.h
[127.710s] -- Installing: /workspace/foxy_ws/install/include/fastdds/rtps/security/logging/LogOptions.h
[127.710s] -- Installing: /workspace/foxy_ws/install/include/fastdds/rtps/security/logging/NameValuePair.h
[127.710s] -- Installing: /workspace/foxy_ws/install/include/fastdds/rtps/security/authentication
[127.710s] -- Installing: /workspace/foxy_ws/install/include/fastdds/rtps/security/authentication/Authentication.h
[127.710s] -- Installing: /workspace/foxy_ws/install/include/fastdds/rtps/security/authentication/Handshake.h
[127.711s] -- Installing: /workspace/foxy_ws/install/include/fastdds/rtps/security/exceptions
[127.711s] -- Installing: /workspace/foxy_ws/install/include/fastdds/rtps/security/exceptions/SecurityException.h
[127.711s] -- Installing: /workspace/foxy_ws/install/include/fastdds/rtps/security/accesscontrol
[127.711s] -- Installing: /workspace/foxy_ws/install/include/fastdds/rtps/security/accesscontrol/EndpointSecurityAttributes.h
[127.711s] -- Installing: /workspace/foxy_ws/install/include/fastdds/rtps/security/accesscontrol/SecurityMaskUtilities.h
[127.712s] -- Installing: /workspace/foxy_ws/install/include/fastdds/rtps/security/accesscontrol/AccessControl.h
[127.712s] -- Installing: /workspace/foxy_ws/install/include/fastdds/rtps/security/accesscontrol/ParticipantSecurityAttributes.h
[127.712s] -- Installing: /workspace/foxy_ws/install/include/fastdds/rtps/security/cryptography
[127.712s] -- Installing: /workspace/foxy_ws/install/include/fastdds/rtps/security/cryptography/CryptoKeyFactory.h
[127.715s] -- Installing: /workspace/foxy_ws/install/include/fastdds/rtps/security/cryptography/CryptoTransform.h
[127.715s] -- Installing: /workspace/foxy_ws/install/include/fastdds/rtps/security/cryptography/CryptoTypes.h
[127.715s] -- Installing: /workspace/foxy_ws/install/include/fastdds/rtps/security/cryptography/CryptoKeyExchange.h
[127.715s] -- Installing: /workspace/foxy_ws/install/include/fastdds/rtps/security/cryptography/Cryptography.h
[127.715s] -- Installing: /workspace/foxy_ws/install/include/fastdds/rtps/security/common
[127.715s] -- Installing: /workspace/foxy_ws/install/include/fastdds/rtps/security/common/SharedSecretHandle.h
[127.715s] -- Installing: /workspace/foxy_ws/install/include/fastdds/rtps/security/common/Handle.h
[127.715s] -- Installing: /workspace/foxy_ws/install/include/fastdds/rtps/security/common/ParticipantGenericMessage.h
[127.716s] -- Installing: /workspace/foxy_ws/install/include/fastdds/rtps/common
[127.716s] -- Installing: /workspace/foxy_ws/install/include/fastdds/rtps/common/ChangeKind_t.hpp
[127.716s] -- Installing: /workspace/foxy_ws/install/include/fastdds/rtps/common/CDRMessage_t.h
[127.716s] -- Installing: /workspace/foxy_ws/install/include/fastdds/rtps/common/SequenceNumber.h
[127.716s] -- Installing: /workspace/foxy_ws/install/include/fastdds/rtps/common/Types.h
[127.716s] -- Installing: /workspace/foxy_ws/install/include/fastdds/rtps/common/GuidPrefix_t.hpp
[127.716s] -- Installing: /workspace/foxy_ws/install/include/fastdds/rtps/common/CacheChange.h
[127.716s] -- Installing: /workspace/foxy_ws/install/include/fastdds/rtps/common/Property.h
[127.716s] -- Installing: /workspace/foxy_ws/install/include/fastdds/rtps/common/Guid.h
[127.717s] -- Installing: /workspace/foxy_ws/install/include/fastdds/rtps/common/LocatorSelectorEntry.hpp
[127.717s] -- Installing: /workspace/foxy_ws/install/include/fastdds/rtps/common/Token.h
[127.717s] -- Installing: /workspace/foxy_ws/install/include/fastdds/rtps/common/PortParameters.h
[127.717s] -- Installing: /workspace/foxy_ws/install/include/fastdds/rtps/common/BinaryProperty.h
[127.717s] -- Installing: /workspace/foxy_ws/install/include/fastdds/rtps/common/VendorId_t.hpp
[127.717s] -- Installing: /workspace/foxy_ws/install/include/fastdds/rtps/common/WriteParams.h
[127.717s] -- Installing: /workspace/foxy_ws/install/include/fastdds/rtps/common/MatchingInfo.h
[127.717s] -- Installing: /workspace/foxy_ws/install/include/fastdds/rtps/common/SerializedPayload.h
[127.717s] -- Installing: /workspace/foxy_ws/install/include/fastdds/rtps/common/LocatorListComparisons.hpp
[127.717s] -- Installing: /workspace/foxy_ws/install/include/fastdds/rtps/common/FragmentNumber.h
[127.717s] -- Installing: /workspace/foxy_ws/install/include/fastdds/rtps/common/Locator.h
[127.717s] -- Installing: /workspace/foxy_ws/install/include/fastdds/rtps/common/SampleIdentity.h
[127.717s] -- Installing: /workspace/foxy_ws/install/include/fastdds/rtps/common/InstanceHandle.h
[127.718s] -- Installing: /workspace/foxy_ws/install/include/fastdds/rtps/common/all_common.h
[127.718s] -- Installing: /workspace/foxy_ws/install/include/fastdds/rtps/common/Time_t.h
[127.718s] -- Installing: /workspace/foxy_ws/install/include/fastdds/rtps/common/RemoteLocators.hpp
[127.718s] -- Installing: /workspace/foxy_ws/install/include/fastdds/rtps/common/EntityId_t.hpp
[127.718s] -- Installing: /workspace/foxy_ws/install/include/fastdds/rtps/common/LocatorSelector.hpp
[127.718s] -- Installing: /workspace/foxy_ws/install/include/fastrtps/config.h
[127.718s] -- Installing: /workspace/foxy_ws/install/lib/libfastrtps.so.2.1.4
[127.732s] -- Installing: /workspace/foxy_ws/install/lib/libfastrtps.so.2
[127.732s] -- Set runtime path of "/workspace/foxy_ws/install/lib/libfastrtps.so.2.1.4" to ""
[127.732s] -- Installing: /workspace/foxy_ws/install/lib/libfastrtps.so
[127.733s] -- Installing: /workspace/foxy_ws/install/share/fastrtps/cmake/fastrtps-targets.cmake
[127.733s] -- Installing: /workspace/foxy_ws/install/share/fastrtps/cmake/fastrtps-targets-release.cmake
[127.733s] -- Installing: /workspace/foxy_ws/install/share/fastrtps/cmake/fastrtps-config.cmake
[127.733s] -- Installing: /workspace/foxy_ws/install/share/fastrtps/cmake/fastrtps-config-version.cmake
[127.734s] -- Installing: /workspace/foxy_ws/install/bin/fast-discovery-server-1.0.0
[127.735s] -- Set runtime path of "/workspace/foxy_ws/install/bin/fast-discovery-server-1.0.0" to ""
[127.735s] -- Installing: /workspace/foxy_ws/install/share/fastrtps/cmake/fast-discovery-server-targets.cmake
[127.735s] -- Installing: /workspace/foxy_ws/install/share/fastrtps/cmake/fast-discovery-server-targets-release.cmake
[127.739s] -- Installing: /workspace/foxy_ws/install/tools/fastdds
[127.739s] -- Installing: /workspace/foxy_ws/install/tools/fastdds/discovery
[127.739s] -- Installing: /workspace/foxy_ws/install/tools/fastdds/discovery/parser.py
[127.740s] -- Installing: /workspace/foxy_ws/install/tools/fastdds/shm
[127.740s] -- Installing: /workspace/foxy_ws/install/tools/fastdds/shm/clean.py
[127.740s] -- Installing: /workspace/foxy_ws/install/tools/fastdds/shm/parser.py
[127.740s] -- Installing: /workspace/foxy_ws/install/tools/fastdds/fastdds.py
[127.741s] -- Up-to-date: /workspace/foxy_ws/install/bin
[127.741s] -- Installing: /workspace/foxy_ws/install/bin/fastdds
[127.741s] -- Installing: /workspace/foxy_ws/install/bin/ros-discovery
[127.744s] Invoked command in '/workspace/foxy_ws/build/fastrtps' returned '0': CMAKE_PREFIX_PATH=/workspace/foxy_ws/install LD_LIBRARY_PATH=/workspace/foxy_ws/install/lib PATH=/workspace/foxy_ws/install/bin:${PATH} PKG_CONFIG_PATH=/workspace/foxy_ws/install/lib/x86_64-linux-gnu/pkgconfig:/workspace/foxy_ws/install/lib/pkgconfig PYTHONPATH=/workspace/foxy_ws/install/lib/python3.10/site-packages /usr/bin/cmake --install /workspace/foxy_ws/build/fastrtps
