[0.291s] Invoking command in '/workspace/foxy_ws/build/ament_cmake_version': AMENT_PREFIX_PATH=/workspace/foxy_ws/install CMAKE_PREFIX_PATH=/workspace/foxy_ws/install PATH=/workspace/foxy_ws/install/bin:${PATH} PYTHONPATH=/workspace/foxy_ws/install/lib/python3.10/site-packages /usr/bin/cmake /workspace/foxy_ws/src/ament_cmake/ament_cmake_version -DCMAKE_INSTALL_PREFIX=/workspace/foxy_ws/install
[0.516s] -- Found ament_cmake_core: 0.9.12 (/workspace/foxy_ws/install/share/ament_cmake_core/cmake)
[0.592s] -- Found PythonInterp: /usr/bin/python3 (found suitable version "3.10.14", minimum required is "3") 
[0.592s] -- Using PYTHON_EXECUTABLE: /usr/bin/python3
[1.359s] -- Configuring done
[1.360s] -- Generating done
[1.360s] -- Build files have been written to: /workspace/foxy_ws/build/ament_cmake_version
[1.360s] Invoked command in '/workspace/foxy_ws/build/ament_cmake_version' returned '0': AMENT_PREFIX_PATH=/workspace/foxy_ws/install CMAKE_PREFIX_PATH=/workspace/foxy_ws/install PATH=/workspace/foxy_ws/install/bin:${PATH} PYTHONPATH=/workspace/foxy_ws/install/lib/python3.10/site-packages /usr/bin/cmake /workspace/foxy_ws/src/ament_cmake/ament_cmake_version -DCMAKE_INSTALL_PREFIX=/workspace/foxy_ws/install
[1.360s] Invoking command in '/workspace/foxy_ws/build/ament_cmake_version': AMENT_PREFIX_PATH=/workspace/foxy_ws/install CMAKE_PREFIX_PATH=/workspace/foxy_ws/install PATH=/workspace/foxy_ws/install/bin:${PATH} PYTHONPATH=/workspace/foxy_ws/install/lib/python3.10/site-packages /usr/bin/cmake --build /workspace/foxy_ws/build/ament_cmake_version -- -j12 -l12
[1.504s] Invoked command in '/workspace/foxy_ws/build/ament_cmake_version' returned '0': AMENT_PREFIX_PATH=/workspace/foxy_ws/install CMAKE_PREFIX_PATH=/workspace/foxy_ws/install PATH=/workspace/foxy_ws/install/bin:${PATH} PYTHONPATH=/workspace/foxy_ws/install/lib/python3.10/site-packages /usr/bin/cmake --build /workspace/foxy_ws/build/ament_cmake_version -- -j12 -l12
[1.905s] Invoking command in '/workspace/foxy_ws/build/ament_cmake_version': AMENT_PREFIX_PATH=/workspace/foxy_ws/install CMAKE_PREFIX_PATH=/workspace/foxy_ws/install PATH=/workspace/foxy_ws/install/bin:${PATH} PYTHONPATH=/workspace/foxy_ws/install/lib/python3.10/site-packages /usr/bin/cmake --install /workspace/foxy_ws/build/ament_cmake_version
[2.422s] -- Install configuration: ""
[2.422s] -- Installing: /workspace/foxy_ws/install/share/ament_index/resource_index/package_run_dependencies/ament_cmake_version
[2.422s] -- Installing: /workspace/foxy_ws/install/share/ament_index/resource_index/parent_prefix_path/ament_cmake_version
[2.422s] -- Installing: /workspace/foxy_ws/install/share/ament_cmake_version/environment/ament_prefix_path.sh
[2.422s] -- Installing: /workspace/foxy_ws/install/share/ament_cmake_version/environment/ament_prefix_path.dsv
[2.422s] -- Installing: /workspace/foxy_ws/install/share/ament_cmake_version/environment/path.sh
[2.422s] -- Installing: /workspace/foxy_ws/install/share/ament_cmake_version/environment/path.dsv
[2.422s] -- Installing: /workspace/foxy_ws/install/share/ament_cmake_version/local_setup.bash
[2.423s] -- Installing: /workspace/foxy_ws/install/share/ament_cmake_version/local_setup.sh
[2.423s] -- Installing: /workspace/foxy_ws/install/share/ament_cmake_version/local_setup.zsh
[2.423s] -- Installing: /workspace/foxy_ws/install/share/ament_cmake_version/local_setup.dsv
[2.423s] -- Installing: /workspace/foxy_ws/install/share/ament_cmake_version/package.dsv
[2.423s] -- Installing: /workspace/foxy_ws/install/share/ament_index/resource_index/packages/ament_cmake_version
[2.423s] -- Installing: /workspace/foxy_ws/install/share/ament_cmake_version/cmake/ament_cmake_version-extras.cmake
[2.423s] -- Installing: /workspace/foxy_ws/install/share/ament_cmake_version/cmake/ament_cmake_versionConfig.cmake
[2.423s] -- Installing: /workspace/foxy_ws/install/share/ament_cmake_version/cmake/ament_cmake_versionConfig-version.cmake
[2.423s] -- Installing: /workspace/foxy_ws/install/share/ament_cmake_version/package.xml
[2.423s] -- Up-to-date: /workspace/foxy_ws/install/share/ament_cmake_version/cmake
[2.423s] -- Installing: /workspace/foxy_ws/install/share/ament_cmake_version/cmake/ament_export_development_version_if_higher_than_manifest.cmake
[2.444s] Invoked command in '/workspace/foxy_ws/build/ament_cmake_version' returned '0': AMENT_PREFIX_PATH=/workspace/foxy_ws/install CMAKE_PREFIX_PATH=/workspace/foxy_ws/install PATH=/workspace/foxy_ws/install/bin:${PATH} PYTHONPATH=/workspace/foxy_ws/install/lib/python3.10/site-packages /usr/bin/cmake --install /workspace/foxy_ws/build/ament_cmake_version
