-- The C compiler identification is GNU 9.4.0
-- The CXX compiler identification is GNU 9.4.0
-- Check for working C compiler: /usr/bin/cc
-- Check for working C compiler: /usr/bin/cc -- works
-- Detecting C compiler ABI info
-- Detecting C compiler ABI info - done
-- Detecting C compile features
-- Detecting C compile features - done
-- Check for working CXX compiler: /usr/bin/c++
-- Check for working CXX compiler: /usr/bin/c++ -- works
-- Detecting CXX compiler ABI info
-- Detecting CXX compiler ABI info - done
-- Detecting CXX compile features
-- Detecting CXX compile features - done
-- Found ament_cmake: 0.9.12 (/workspace/foxy_ws/install/share/ament_cmake/cmake)
-- Found PythonInterp: /usr/bin/python3 (found suitable version "3.10.14", minimum required is "3") 
-- Using PYTHON_EXECUTABLE: /usr/bin/python3
-- Found std_msgs: 2.0.5 (/workspace/foxy_ws/install/share/std_msgs/cmake)
-- Using all available rosidl_typesupport_c: rosidl_typesupport_fastrtps_c;rosidl_typesupport_introspection_c
-- Found rosidl_adapter: 1.3.1 (/workspace/foxy_ws/install/share/rosidl_adapter/cmake)
-- Found OpenSSL: /usr/lib/x86_64-linux-gnu/libcrypto.so (found version "1.1.1f")  
-- Found FastRTPS: /workspace/foxy_ws/install/include  
-- Using all available rosidl_typesupport_cpp: rosidl_typesupport_fastrtps_cpp;rosidl_typesupport_introspection_cpp
-- Found geometry_msgs: 2.0.5 (/workspace/foxy_ws/install/share/geometry_msgs/cmake)
-- Found sensor_msgs: 2.0.5 (/workspace/foxy_ws/install/share/sensor_msgs/cmake)
-- Found rosidl_default_generators: 1.0.1 (/workspace/foxy_ws/install/share/rosidl_default_generators/cmake)
-- Found PythonInterp: /usr/bin/python3 (found version "3.10.14") 
-- Found ament_cmake_cppcheck: 0.9.8 (/workspace/foxy_ws/install/share/ament_cmake_cppcheck/cmake)
-- Found ament_cmake_cpplint: 0.9.8 (/workspace/foxy_ws/install/share/ament_cmake_cpplint/cmake)
-- Found ament_cmake_uncrustify: 0.9.8 (/workspace/foxy_ws/install/share/ament_cmake_uncrustify/cmake)
-- Found ament_cmake_ros: 0.9.2 (/workspace/foxy_ws/install/share/ament_cmake_ros/cmake)
-- Using all available rosidl_typesupport_c: rosidl_typesupport_fastrtps_c;rosidl_typesupport_introspection_c
-- Using all available rosidl_typesupport_cpp: rosidl_typesupport_fastrtps_cpp;rosidl_typesupport_introspection_cpp
-- Found PythonInterp: /usr/bin/python3 (found suitable version "3.10.14", minimum required is "3.5") 
-- Found python_cmake_module: 0.8.1 (/workspace/foxy_ws/install/share/python_cmake_module/cmake)
-- Found PythonLibs: /usr/lib/x86_64-linux-gnu/libpython3.10.so (found suitable version "3.10.14", minimum required is "3.5") 
-- Using PYTHON_EXECUTABLE: /usr/bin/python3
-- Using PYTHON_INCLUDE_DIRS: /usr/include/python3.10
-- Using PYTHON_LIBRARIES: /usr/lib/x86_64-linux-gnu/libpython3.10.so
-- Found PythonExtra: .so  
-- Using numpy include directory: /usr/local/lib/python3.10/dist-packages/numpy/core/include
-- Found ament_cmake_flake8: 0.9.8 (/workspace/foxy_ws/install/share/ament_cmake_flake8/cmake)
-- Found ament_cmake_pep257: 0.9.8 (/workspace/foxy_ws/install/share/ament_cmake_pep257/cmake)
-- Found ament_lint_auto: 0.9.8 (/workspace/foxy_ws/install/share/ament_lint_auto/cmake)
-- Found gtest sources under '/workspace/foxy_ws/install/src/gtest_vendor': C++ tests using 'Google Test' will be built
-- Looking for pthread.h
-- Looking for pthread.h - found
-- Performing Test CMAKE_HAVE_LIBC_PTHREAD
-- Performing Test CMAKE_HAVE_LIBC_PTHREAD - Failed
-- Check if compiler accepts -pthread
-- Check if compiler accepts -pthread - yes
-- Found Threads: TRUE  
-- Added test 'cppcheck' to perform static code analysis on C / C++ code
-- Configured cppcheck include dirs: /workspace/foxy_ws/src/vision_msgs/include
-- Configured cppcheck exclude dirs and/or files: 
-- Added test 'cpplint' to check C / C++ code against the Google style
-- Configured cpplint exclude dirs and/or files: 
-- Added test 'uncrustify' to check C / C++ code style
-- Configured uncrustify additional arguments: 
-- Added test 'copyright' to check source files copyright and LICENSE
-- Added test 'lint_cmake' to check CMake code style
-- Added test 'xmllint' to check XML markup files
-- Configuring done
-- Generating done
-- Build files have been written to: /workspace/foxy_ws/build/vision_msgs
Scanning dependencies of target vision_msgs__cpp
[  1%] Generating C code for ROS interfaces
Scanning dependencies of target gtest_main
Scanning dependencies of target gtest
[  2%] Generating C++ code for ROS interfaces
[  3%] Building CXX object gtest/CMakeFiles/gtest_main.dir/src/gtest_main.cc.o
[  3%] Building CXX object gtest/CMakeFiles/gtest.dir/src/gtest-all.cc.o
[  4%] Linking CXX static library libgtest_main.a
[  4%] Built target gtest_main
[  4%] Built target vision_msgs__cpp
[  5%] Generating C++ introspection for ROS interfaces
[  6%] Generating C++ type support for eProsima Fast-RTPS
[  7%] Generating C++ type support dispatch for ROS interfaces
Scanning dependencies of target vision_msgs__rosidl_generator_c
[  8%] Building C object CMakeFiles/vision_msgs__rosidl_generator_c.dir/rosidl_generator_c/vision_msgs/msg/detail/bounding_box2_d__functions.c.o
[  8%] Building C object CMakeFiles/vision_msgs__rosidl_generator_c.dir/rosidl_generator_c/vision_msgs/msg/detail/bounding_box3_d__functions.c.o
[  9%] Building C object CMakeFiles/vision_msgs__rosidl_generator_c.dir/rosidl_generator_c/vision_msgs/msg/detail/classification2_d__functions.c.o
[ 10%] Building C object CMakeFiles/vision_msgs__rosidl_generator_c.dir/rosidl_generator_c/vision_msgs/msg/detail/classification3_d__functions.c.o
[ 12%] Building C object CMakeFiles/vision_msgs__rosidl_generator_c.dir/rosidl_generator_c/vision_msgs/msg/detail/detection3_d_array__functions.c.o
[ 13%] Building C object CMakeFiles/vision_msgs__rosidl_generator_c.dir/rosidl_generator_c/vision_msgs/msg/detail/detection2_d_array__functions.c.o
[ 13%] Building C object CMakeFiles/vision_msgs__rosidl_generator_c.dir/rosidl_generator_c/vision_msgs/msg/detail/detection2_d__functions.c.o
[ 13%] Building C object CMakeFiles/vision_msgs__rosidl_generator_c.dir/rosidl_generator_c/vision_msgs/msg/detail/object_hypothesis__functions.c.o
[ 14%] Building C object CMakeFiles/vision_msgs__rosidl_generator_c.dir/rosidl_generator_c/vision_msgs/msg/detail/detection3_d__functions.c.o
[ 15%] Building C object CMakeFiles/vision_msgs__rosidl_generator_c.dir/rosidl_generator_c/vision_msgs/msg/detail/object_hypothesis_with_pose__functions.c.o
[ 16%] Building C object CMakeFiles/vision_msgs__rosidl_generator_c.dir/rosidl_generator_c/vision_msgs/msg/detail/vision_info__functions.c.o
[ 17%] Linking C shared library libvision_msgs__rosidl_generator_c.so
[ 17%] Built target vision_msgs__rosidl_generator_c
[ 18%] Generating C type support dispatch for ROS interfaces
[ 19%] Generating C introspection for ROS interfaces
[ 20%] Linking CXX static library libgtest.a
[ 20%] Built target gtest
Scanning dependencies of target vision_msgs__rosidl_typesupport_cpp
[ 21%] Building CXX object CMakeFiles/vision_msgs__rosidl_typesupport_cpp.dir/rosidl_typesupport_cpp/vision_msgs/msg/bounding_box2_d__type_support.cpp.o
[ 21%] Building CXX object CMakeFiles/vision_msgs__rosidl_typesupport_cpp.dir/rosidl_typesupport_cpp/vision_msgs/msg/bounding_box3_d__type_support.cpp.o
[ 22%] Building CXX object CMakeFiles/vision_msgs__rosidl_typesupport_cpp.dir/rosidl_typesupport_cpp/vision_msgs/msg/classification2_d__type_support.cpp.o
[ 23%] Building CXX object CMakeFiles/vision_msgs__rosidl_typesupport_cpp.dir/rosidl_typesupport_cpp/vision_msgs/msg/detection2_d__type_support.cpp.o
[ 24%] Building CXX object CMakeFiles/vision_msgs__rosidl_typesupport_cpp.dir/rosidl_typesupport_cpp/vision_msgs/msg/classification3_d__type_support.cpp.o
[ 25%] Building CXX object CMakeFiles/vision_msgs__rosidl_typesupport_cpp.dir/rosidl_typesupport_cpp/vision_msgs/msg/detection2_d_array__type_support.cpp.o
[ 26%] Building CXX object CMakeFiles/vision_msgs__rosidl_typesupport_cpp.dir/rosidl_typesupport_cpp/vision_msgs/msg/detection3_d_array__type_support.cpp.o
Scanning dependencies of target vision_msgs__rosidl_typesupport_introspection_cpp
[ 26%] Building CXX object CMakeFiles/vision_msgs__rosidl_typesupport_introspection_cpp.dir/rosidl_typesupport_introspection_cpp/vision_msgs/msg/detail/bounding_box2_d__type_support.cpp.o
[ 27%] Building CXX object CMakeFiles/vision_msgs__rosidl_typesupport_introspection_cpp.dir/rosidl_typesupport_introspection_cpp/vision_msgs/msg/detail/bounding_box3_d__type_support.cpp.o
[ 28%] Building CXX object CMakeFiles/vision_msgs__rosidl_typesupport_cpp.dir/rosidl_typesupport_cpp/vision_msgs/msg/detection3_d__type_support.cpp.o
Scanning dependencies of target vision_msgs__rosidl_typesupport_fastrtps_cpp
[ 28%] Building CXX object CMakeFiles/vision_msgs__rosidl_typesupport_fastrtps_cpp.dir/rosidl_typesupport_fastrtps_cpp/vision_msgs/msg/detail/dds_fastrtps/bounding_box2_d__type_support.cpp.o
[ 28%] Building CXX object CMakeFiles/vision_msgs__rosidl_typesupport_cpp.dir/rosidl_typesupport_cpp/vision_msgs/msg/object_hypothesis__type_support.cpp.o
[ 29%] Building CXX object CMakeFiles/vision_msgs__rosidl_typesupport_cpp.dir/rosidl_typesupport_cpp/vision_msgs/msg/object_hypothesis_with_pose__type_support.cpp.o
[ 30%] Building CXX object CMakeFiles/vision_msgs__rosidl_typesupport_cpp.dir/rosidl_typesupport_cpp/vision_msgs/msg/vision_info__type_support.cpp.o
[ 31%] Building CXX object CMakeFiles/vision_msgs__rosidl_typesupport_introspection_cpp.dir/rosidl_typesupport_introspection_cpp/vision_msgs/msg/detail/classification2_d__type_support.cpp.o
[ 32%] Building CXX object CMakeFiles/vision_msgs__rosidl_typesupport_fastrtps_cpp.dir/rosidl_typesupport_fastrtps_cpp/vision_msgs/msg/detail/dds_fastrtps/bounding_box3_d__type_support.cpp.o
[ 33%] Building CXX object CMakeFiles/vision_msgs__rosidl_typesupport_fastrtps_cpp.dir/rosidl_typesupport_fastrtps_cpp/vision_msgs/msg/detail/dds_fastrtps/classification2_d__type_support.cpp.o
[ 34%] Building CXX object CMakeFiles/vision_msgs__rosidl_typesupport_introspection_cpp.dir/rosidl_typesupport_introspection_cpp/vision_msgs/msg/detail/classification3_d__type_support.cpp.o
[ 35%] Building CXX object CMakeFiles/vision_msgs__rosidl_typesupport_introspection_cpp.dir/rosidl_typesupport_introspection_cpp/vision_msgs/msg/detail/detection2_d_array__type_support.cpp.o
[ 36%] Building CXX object CMakeFiles/vision_msgs__rosidl_typesupport_introspection_cpp.dir/rosidl_typesupport_introspection_cpp/vision_msgs/msg/detail/detection2_d__type_support.cpp.o
[ 37%] Building CXX object CMakeFiles/vision_msgs__rosidl_typesupport_introspection_cpp.dir/rosidl_typesupport_introspection_cpp/vision_msgs/msg/detail/detection3_d_array__type_support.cpp.o
[ 37%] Building CXX object CMakeFiles/vision_msgs__rosidl_typesupport_introspection_cpp.dir/rosidl_typesupport_introspection_cpp/vision_msgs/msg/detail/detection3_d__type_support.cpp.o
[ 38%] Linking CXX shared library libvision_msgs__rosidl_typesupport_cpp.so
Scanning dependencies of target vision_msgs__rosidl_typesupport_c
[ 39%] Building CXX object CMakeFiles/vision_msgs__rosidl_typesupport_fastrtps_cpp.dir/rosidl_typesupport_fastrtps_cpp/vision_msgs/msg/detail/dds_fastrtps/classification3_d__type_support.cpp.o
[ 40%] Building CXX object CMakeFiles/vision_msgs__rosidl_typesupport_c.dir/rosidl_typesupport_c/vision_msgs/msg/bounding_box2_d__type_support.cpp.o
[ 40%] Built target vision_msgs__rosidl_typesupport_cpp
[ 41%] Building CXX object CMakeFiles/vision_msgs__rosidl_typesupport_c.dir/rosidl_typesupport_c/vision_msgs/msg/bounding_box3_d__type_support.cpp.o
[ 42%] Building CXX object CMakeFiles/vision_msgs__rosidl_typesupport_introspection_cpp.dir/rosidl_typesupport_introspection_cpp/vision_msgs/msg/detail/object_hypothesis__type_support.cpp.o
[ 42%] Building CXX object CMakeFiles/vision_msgs__rosidl_typesupport_c.dir/rosidl_typesupport_c/vision_msgs/msg/classification2_d__type_support.cpp.o
[ 43%] Building CXX object CMakeFiles/vision_msgs__rosidl_typesupport_fastrtps_cpp.dir/rosidl_typesupport_fastrtps_cpp/vision_msgs/msg/detail/dds_fastrtps/detection2_d_array__type_support.cpp.o
[ 44%] Building CXX object CMakeFiles/vision_msgs__rosidl_typesupport_c.dir/rosidl_typesupport_c/vision_msgs/msg/classification3_d__type_support.cpp.o
[ 45%] Building CXX object CMakeFiles/vision_msgs__rosidl_typesupport_c.dir/rosidl_typesupport_c/vision_msgs/msg/detection2_d_array__type_support.cpp.o
[ 46%] Building CXX object CMakeFiles/vision_msgs__rosidl_typesupport_introspection_cpp.dir/rosidl_typesupport_introspection_cpp/vision_msgs/msg/detail/object_hypothesis_with_pose__type_support.cpp.o
[ 47%] Building CXX object CMakeFiles/vision_msgs__rosidl_typesupport_c.dir/rosidl_typesupport_c/vision_msgs/msg/detection2_d__type_support.cpp.o
[ 48%] Building CXX object CMakeFiles/vision_msgs__rosidl_typesupport_introspection_cpp.dir/rosidl_typesupport_introspection_cpp/vision_msgs/msg/detail/vision_info__type_support.cpp.o
[ 49%] Building CXX object CMakeFiles/vision_msgs__rosidl_typesupport_c.dir/rosidl_typesupport_c/vision_msgs/msg/detection3_d_array__type_support.cpp.o
Scanning dependencies of target vision_msgs__rosidl_typesupport_introspection_c
[ 50%] Building CXX object CMakeFiles/vision_msgs__rosidl_typesupport_c.dir/rosidl_typesupport_c/vision_msgs/msg/detection3_d__type_support.cpp.o
[ 51%] Building CXX object CMakeFiles/vision_msgs__rosidl_typesupport_c.dir/rosidl_typesupport_c/vision_msgs/msg/object_hypothesis__type_support.cpp.o
[ 51%] Building CXX object CMakeFiles/vision_msgs__rosidl_typesupport_c.dir/rosidl_typesupport_c/vision_msgs/msg/object_hypothesis_with_pose__type_support.cpp.o
[ 52%] Building CXX object CMakeFiles/vision_msgs__rosidl_typesupport_fastrtps_cpp.dir/rosidl_typesupport_fastrtps_cpp/vision_msgs/msg/detail/dds_fastrtps/detection2_d__type_support.cpp.o
[ 53%] Building C object CMakeFiles/vision_msgs__rosidl_typesupport_introspection_c.dir/rosidl_typesupport_introspection_c/vision_msgs/msg/detail/bounding_box2_d__type_support.c.o
[ 54%] Building CXX object CMakeFiles/vision_msgs__rosidl_typesupport_c.dir/rosidl_typesupport_c/vision_msgs/msg/vision_info__type_support.cpp.o
[ 55%] Building C object CMakeFiles/vision_msgs__rosidl_typesupport_introspection_c.dir/rosidl_typesupport_introspection_c/vision_msgs/msg/detail/classification2_d__type_support.c.o
[ 56%] Building CXX object CMakeFiles/vision_msgs__rosidl_typesupport_fastrtps_cpp.dir/rosidl_typesupport_fastrtps_cpp/vision_msgs/msg/detail/dds_fastrtps/detection3_d_array__type_support.cpp.o
[ 56%] Building C object CMakeFiles/vision_msgs__rosidl_typesupport_introspection_c.dir/rosidl_typesupport_introspection_c/vision_msgs/msg/detail/bounding_box3_d__type_support.c.o
[ 57%] Linking CXX shared library libvision_msgs__rosidl_typesupport_c.so
[ 58%] Building C object CMakeFiles/vision_msgs__rosidl_typesupport_introspection_c.dir/rosidl_typesupport_introspection_c/vision_msgs/msg/detail/classification3_d__type_support.c.o
[ 60%] Building C object CMakeFiles/vision_msgs__rosidl_typesupport_introspection_c.dir/rosidl_typesupport_introspection_c/vision_msgs/msg/detail/detection2_d_array__type_support.c.o
[ 60%] Building C object CMakeFiles/vision_msgs__rosidl_typesupport_introspection_c.dir/rosidl_typesupport_introspection_c/vision_msgs/msg/detail/detection2_d__type_support.c.o
[ 61%] Building C object CMakeFiles/vision_msgs__rosidl_typesupport_introspection_c.dir/rosidl_typesupport_introspection_c/vision_msgs/msg/detail/detection3_d_array__type_support.c.o
[ 61%] Building CXX object CMakeFiles/vision_msgs__rosidl_typesupport_fastrtps_cpp.dir/rosidl_typesupport_fastrtps_cpp/vision_msgs/msg/detail/dds_fastrtps/detection3_d__type_support.cpp.o
[ 62%] Building CXX object CMakeFiles/vision_msgs__rosidl_typesupport_fastrtps_cpp.dir/rosidl_typesupport_fastrtps_cpp/vision_msgs/msg/detail/dds_fastrtps/object_hypothesis__type_support.cpp.o
[ 63%] Building C object CMakeFiles/vision_msgs__rosidl_typesupport_introspection_c.dir/rosidl_typesupport_introspection_c/vision_msgs/msg/detail/detection3_d__type_support.c.o
[ 63%] Building C object CMakeFiles/vision_msgs__rosidl_typesupport_introspection_c.dir/rosidl_typesupport_introspection_c/vision_msgs/msg/detail/object_hypothesis__type_support.c.o
[ 63%] Built target vision_msgs__rosidl_typesupport_c
[ 64%] Building CXX object CMakeFiles/vision_msgs__rosidl_typesupport_fastrtps_cpp.dir/rosidl_typesupport_fastrtps_cpp/vision_msgs/msg/detail/dds_fastrtps/object_hypothesis_with_pose__type_support.cpp.o
[ 65%] Building C object CMakeFiles/vision_msgs__rosidl_typesupport_introspection_c.dir/rosidl_typesupport_introspection_c/vision_msgs/msg/detail/object_hypothesis_with_pose__type_support.c.o
[ 66%] Building C object CMakeFiles/vision_msgs__rosidl_typesupport_introspection_c.dir/rosidl_typesupport_introspection_c/vision_msgs/msg/detail/vision_info__type_support.c.o
[ 67%] Building CXX object CMakeFiles/vision_msgs__rosidl_typesupport_fastrtps_cpp.dir/rosidl_typesupport_fastrtps_cpp/vision_msgs/msg/detail/dds_fastrtps/vision_info__type_support.cpp.o
[ 68%] Linking C shared library libvision_msgs__rosidl_typesupport_introspection_c.so
[ 69%] Linking CXX shared library libvision_msgs__rosidl_typesupport_introspection_cpp.so
[ 69%] Built target vision_msgs__rosidl_typesupport_introspection_c
[ 69%] Built target vision_msgs__rosidl_typesupport_introspection_cpp
[ 70%] Linking CXX shared library libvision_msgs__rosidl_typesupport_fastrtps_cpp.so
[ 70%] Built target vision_msgs__rosidl_typesupport_fastrtps_cpp
[ 71%] Generating C type support for eProsima Fast-RTPS
Scanning dependencies of target vision_msgs__rosidl_typesupport_fastrtps_c
[ 72%] Building CXX object CMakeFiles/vision_msgs__rosidl_typesupport_fastrtps_c.dir/rosidl_typesupport_fastrtps_c/vision_msgs/msg/detail/classification2_d__type_support_c.cpp.o
[ 73%] Building CXX object CMakeFiles/vision_msgs__rosidl_typesupport_fastrtps_c.dir/rosidl_typesupport_fastrtps_c/vision_msgs/msg/detail/detection2_d__type_support_c.cpp.o
[ 73%] Building CXX object CMakeFiles/vision_msgs__rosidl_typesupport_fastrtps_c.dir/rosidl_typesupport_fastrtps_c/vision_msgs/msg/detail/bounding_box3_d__type_support_c.cpp.o
[ 74%] Building CXX object CMakeFiles/vision_msgs__rosidl_typesupport_fastrtps_c.dir/rosidl_typesupport_fastrtps_c/vision_msgs/msg/detail/bounding_box2_d__type_support_c.cpp.o
[ 75%] Building CXX object CMakeFiles/vision_msgs__rosidl_typesupport_fastrtps_c.dir/rosidl_typesupport_fastrtps_c/vision_msgs/msg/detail/detection2_d_array__type_support_c.cpp.o
[ 76%] Building CXX object CMakeFiles/vision_msgs__rosidl_typesupport_fastrtps_c.dir/rosidl_typesupport_fastrtps_c/vision_msgs/msg/detail/detection3_d_array__type_support_c.cpp.o
[ 77%] Building CXX object CMakeFiles/vision_msgs__rosidl_typesupport_fastrtps_c.dir/rosidl_typesupport_fastrtps_c/vision_msgs/msg/detail/classification3_d__type_support_c.cpp.o
[ 78%] Building CXX object CMakeFiles/vision_msgs__rosidl_typesupport_fastrtps_c.dir/rosidl_typesupport_fastrtps_c/vision_msgs/msg/detail/detection3_d__type_support_c.cpp.o
[ 79%] Building CXX object CMakeFiles/vision_msgs__rosidl_typesupport_fastrtps_c.dir/rosidl_typesupport_fastrtps_c/vision_msgs/msg/detail/vision_info__type_support_c.cpp.o
[ 80%] Building CXX object CMakeFiles/vision_msgs__rosidl_typesupport_fastrtps_c.dir/rosidl_typesupport_fastrtps_c/vision_msgs/msg/detail/object_hypothesis_with_pose__type_support_c.cpp.o
[ 80%] Building CXX object CMakeFiles/vision_msgs__rosidl_typesupport_fastrtps_c.dir/rosidl_typesupport_fastrtps_c/vision_msgs/msg/detail/object_hypothesis__type_support_c.cpp.o
[ 81%] Linking CXX shared library libvision_msgs__rosidl_typesupport_fastrtps_c.so
[ 81%] Built target vision_msgs__rosidl_typesupport_fastrtps_c
Scanning dependencies of target vision_msgs
[ 81%] Built target vision_msgs
Scanning dependencies of target vision_msgs__py
Scanning dependencies of target vision_msgs_test
[ 82%] Generating Python code for ROS interfaces
[ 83%] Building CXX object CMakeFiles/vision_msgs_test.dir/test/main.cpp.o
[ 84%] Linking CXX executable vision_msgs_test
[ 84%] Built target vision_msgs_test
[ 84%] Built target vision_msgs__py
Scanning dependencies of target vision_msgs__python
[ 84%] Building C object CMakeFiles/vision_msgs__python.dir/rosidl_generator_py/vision_msgs/msg/_bounding_box2_d_s.c.o
[ 84%] Building C object CMakeFiles/vision_msgs__python.dir/rosidl_generator_py/vision_msgs/msg/_detection3_d_s.c.o
[ 85%] Building C object CMakeFiles/vision_msgs__python.dir/rosidl_generator_py/vision_msgs/msg/_bounding_box3_d_s.c.o
[ 86%] Building C object CMakeFiles/vision_msgs__python.dir/rosidl_generator_py/vision_msgs/msg/_classification2_d_s.c.o
[ 88%] Building C object CMakeFiles/vision_msgs__python.dir/rosidl_generator_py/vision_msgs/msg/_detection2_d_s.c.o
[ 88%] Building C object CMakeFiles/vision_msgs__python.dir/rosidl_generator_py/vision_msgs/msg/_classification3_d_s.c.o
[ 89%] Building C object CMakeFiles/vision_msgs__python.dir/rosidl_generator_py/vision_msgs/msg/_detection2_d_array_s.c.o
[ 90%] Building C object CMakeFiles/vision_msgs__python.dir/rosidl_generator_py/vision_msgs/msg/_detection3_d_array_s.c.o
[ 91%] Building C object CMakeFiles/vision_msgs__python.dir/rosidl_generator_py/vision_msgs/msg/_vision_info_s.c.o
[ 92%] Building C object CMakeFiles/vision_msgs__python.dir/rosidl_generator_py/vision_msgs/msg/_object_hypothesis_with_pose_s.c.o
[ 93%] Building C object CMakeFiles/vision_msgs__python.dir/rosidl_generator_py/vision_msgs/msg/_object_hypothesis_s.c.o
[ 94%] Linking C shared library rosidl_generator_py/vision_msgs/libvision_msgs__python.so
[ 94%] Built target vision_msgs__python
Scanning dependencies of target vision_msgs__rosidl_typesupport_introspection_c__pyext
Scanning dependencies of target vision_msgs__rosidl_typesupport_c__pyext
Scanning dependencies of target vision_msgs__rosidl_typesupport_fastrtps_c__pyext
[ 95%] Building C object CMakeFiles/vision_msgs__rosidl_typesupport_introspection_c__pyext.dir/rosidl_generator_py/vision_msgs/_vision_msgs_s.ep.rosidl_typesupport_introspection_c.c.o
[ 96%] Building C object CMakeFiles/vision_msgs__rosidl_typesupport_fastrtps_c__pyext.dir/rosidl_generator_py/vision_msgs/_vision_msgs_s.ep.rosidl_typesupport_fastrtps_c.c.o
[ 97%] Building C object CMakeFiles/vision_msgs__rosidl_typesupport_c__pyext.dir/rosidl_generator_py/vision_msgs/_vision_msgs_s.ep.rosidl_typesupport_c.c.o
[100%] Linking CXX shared library rosidl_generator_py/vision_msgs/vision_msgs_s__rosidl_typesupport_fastrtps_c.cpython-310-x86_64-linux-gnu.so
[100%] Linking C shared library rosidl_generator_py/vision_msgs/vision_msgs_s__rosidl_typesupport_introspection_c.cpython-310-x86_64-linux-gnu.so
[100%] Linking C shared library rosidl_generator_py/vision_msgs/vision_msgs_s__rosidl_typesupport_c.cpython-310-x86_64-linux-gnu.so
[100%] Built target vision_msgs__rosidl_typesupport_introspection_c__pyext
[100%] Built target vision_msgs__rosidl_typesupport_c__pyext
[100%] Built target vision_msgs__rosidl_typesupport_fastrtps_c__pyext
-- Install configuration: ""
-- Installing: /workspace/foxy_ws/install/share/ament_index/resource_index/rosidl_interfaces/vision_msgs
-- Installing: /workspace/foxy_ws/install/include/vision_msgs
-- Installing: /workspace/foxy_ws/install/include/vision_msgs/msg
-- Installing: /workspace/foxy_ws/install/include/vision_msgs/msg/bounding_box2_d.h
-- Installing: /workspace/foxy_ws/install/include/vision_msgs/msg/detection3_d.h
-- Installing: /workspace/foxy_ws/install/include/vision_msgs/msg/classification2_d.h
-- Installing: /workspace/foxy_ws/install/include/vision_msgs/msg/bounding_box3_d.h
-- Installing: /workspace/foxy_ws/install/include/vision_msgs/msg/detection2_d.h
-- Installing: /workspace/foxy_ws/install/include/vision_msgs/msg/object_hypothesis_with_pose.h
-- Installing: /workspace/foxy_ws/install/include/vision_msgs/msg/object_hypothesis.h
-- Installing: /workspace/foxy_ws/install/include/vision_msgs/msg/vision_info.h
-- Installing: /workspace/foxy_ws/install/include/vision_msgs/msg/rosidl_generator_c__visibility_control.h
-- Installing: /workspace/foxy_ws/install/include/vision_msgs/msg/detection3_d_array.h
-- Installing: /workspace/foxy_ws/install/include/vision_msgs/msg/detection2_d_array.h
-- Installing: /workspace/foxy_ws/install/include/vision_msgs/msg/detail
-- Installing: /workspace/foxy_ws/install/include/vision_msgs/msg/detail/classification2_d__struct.h
-- Installing: /workspace/foxy_ws/install/include/vision_msgs/msg/detail/bounding_box3_d__functions.c
-- Installing: /workspace/foxy_ws/install/include/vision_msgs/msg/detail/object_hypothesis__struct.h
-- Installing: /workspace/foxy_ws/install/include/vision_msgs/msg/detail/detection3_d_array__type_support.h
-- Installing: /workspace/foxy_ws/install/include/vision_msgs/msg/detail/detection2_d__functions.h
-- Installing: /workspace/foxy_ws/install/include/vision_msgs/msg/detail/object_hypothesis__type_support.h
-- Installing: /workspace/foxy_ws/install/include/vision_msgs/msg/detail/detection2_d__functions.c
-- Installing: /workspace/foxy_ws/install/include/vision_msgs/msg/detail/detection3_d_array__functions.c
-- Installing: /workspace/foxy_ws/install/include/vision_msgs/msg/detail/bounding_box3_d__struct.h
-- Installing: /workspace/foxy_ws/install/include/vision_msgs/msg/detail/vision_info__struct.h
-- Installing: /workspace/foxy_ws/install/include/vision_msgs/msg/detail/classification2_d__functions.h
-- Installing: /workspace/foxy_ws/install/include/vision_msgs/msg/detail/detection2_d_array__struct.h
-- Installing: /workspace/foxy_ws/install/include/vision_msgs/msg/detail/object_hypothesis_with_pose__struct.h
-- Installing: /workspace/foxy_ws/install/include/vision_msgs/msg/detail/detection2_d__type_support.h
-- Installing: /workspace/foxy_ws/install/include/vision_msgs/msg/detail/vision_info__type_support.h
-- Installing: /workspace/foxy_ws/install/include/vision_msgs/msg/detail/object_hypothesis_with_pose__functions.c
-- Installing: /workspace/foxy_ws/install/include/vision_msgs/msg/detail/detection3_d_array__struct.h
-- Installing: /workspace/foxy_ws/install/include/vision_msgs/msg/detail/vision_info__functions.h
-- Installing: /workspace/foxy_ws/install/include/vision_msgs/msg/detail/detection2_d_array__type_support.h
-- Installing: /workspace/foxy_ws/install/include/vision_msgs/msg/detail/detection2_d__struct.h
-- Installing: /workspace/foxy_ws/install/include/vision_msgs/msg/detail/object_hypothesis__functions.h
-- Installing: /workspace/foxy_ws/install/include/vision_msgs/msg/detail/detection2_d_array__functions.c
-- Installing: /workspace/foxy_ws/install/include/vision_msgs/msg/detail/classification3_d__functions.c
-- Installing: /workspace/foxy_ws/install/include/vision_msgs/msg/detail/detection3_d__struct.h
-- Installing: /workspace/foxy_ws/install/include/vision_msgs/msg/detail/detection2_d_array__functions.h
-- Installing: /workspace/foxy_ws/install/include/vision_msgs/msg/detail/detection3_d_array__functions.h
-- Installing: /workspace/foxy_ws/install/include/vision_msgs/msg/detail/classification2_d__functions.c
-- Installing: /workspace/foxy_ws/install/include/vision_msgs/msg/detail/object_hypothesis__functions.c
-- Installing: /workspace/foxy_ws/install/include/vision_msgs/msg/detail/bounding_box3_d__type_support.h
-- Installing: /workspace/foxy_ws/install/include/vision_msgs/msg/detail/vision_info__functions.c
-- Installing: /workspace/foxy_ws/install/include/vision_msgs/msg/detail/bounding_box2_d__functions.h
-- Installing: /workspace/foxy_ws/install/include/vision_msgs/msg/detail/detection3_d__type_support.h
-- Installing: /workspace/foxy_ws/install/include/vision_msgs/msg/detail/detection3_d__functions.h
-- Installing: /workspace/foxy_ws/install/include/vision_msgs/msg/detail/object_hypothesis_with_pose__type_support.h
-- Installing: /workspace/foxy_ws/install/include/vision_msgs/msg/detail/classification3_d__type_support.h
-- Installing: /workspace/foxy_ws/install/include/vision_msgs/msg/detail/classification3_d__functions.h
-- Installing: /workspace/foxy_ws/install/include/vision_msgs/msg/detail/detection3_d__functions.c
-- Installing: /workspace/foxy_ws/install/include/vision_msgs/msg/detail/classification3_d__struct.h
-- Installing: /workspace/foxy_ws/install/include/vision_msgs/msg/detail/classification2_d__type_support.h
-- Installing: /workspace/foxy_ws/install/include/vision_msgs/msg/detail/bounding_box2_d__struct.h
-- Installing: /workspace/foxy_ws/install/include/vision_msgs/msg/detail/bounding_box2_d__functions.c
-- Installing: /workspace/foxy_ws/install/include/vision_msgs/msg/detail/object_hypothesis_with_pose__functions.h
-- Installing: /workspace/foxy_ws/install/include/vision_msgs/msg/detail/bounding_box3_d__functions.h
-- Installing: /workspace/foxy_ws/install/include/vision_msgs/msg/detail/bounding_box2_d__type_support.h
-- Installing: /workspace/foxy_ws/install/include/vision_msgs/msg/classification3_d.h
-- Installing: /workspace/foxy_ws/install/share/vision_msgs/environment/library_path.sh
-- Installing: /workspace/foxy_ws/install/share/vision_msgs/environment/library_path.dsv
-- Installing: /workspace/foxy_ws/install/lib/libvision_msgs__rosidl_generator_c.so
-- Set runtime path of "/workspace/foxy_ws/install/lib/libvision_msgs__rosidl_generator_c.so" to ""
-- Up-to-date: /workspace/foxy_ws/install/include/vision_msgs
-- Up-to-date: /workspace/foxy_ws/install/include/vision_msgs/msg
-- Installing: /workspace/foxy_ws/install/include/vision_msgs/msg/rosidl_typesupport_fastrtps_c__visibility_control.h
-- Up-to-date: /workspace/foxy_ws/install/include/vision_msgs/msg/detail
-- Installing: /workspace/foxy_ws/install/include/vision_msgs/msg/detail/detection3_d__rosidl_typesupport_fastrtps_c.h
-- Installing: /workspace/foxy_ws/install/include/vision_msgs/msg/detail/vision_info__rosidl_typesupport_fastrtps_c.h
-- Installing: /workspace/foxy_ws/install/include/vision_msgs/msg/detail/classification2_d__rosidl_typesupport_fastrtps_c.h
-- Installing: /workspace/foxy_ws/install/include/vision_msgs/msg/detail/detection2_d__rosidl_typesupport_fastrtps_c.h
-- Installing: /workspace/foxy_ws/install/include/vision_msgs/msg/detail/detection2_d_array__rosidl_typesupport_fastrtps_c.h
-- Installing: /workspace/foxy_ws/install/include/vision_msgs/msg/detail/bounding_box3_d__rosidl_typesupport_fastrtps_c.h
-- Installing: /workspace/foxy_ws/install/include/vision_msgs/msg/detail/bounding_box2_d__rosidl_typesupport_fastrtps_c.h
-- Installing: /workspace/foxy_ws/install/include/vision_msgs/msg/detail/classification3_d__rosidl_typesupport_fastrtps_c.h
-- Installing: /workspace/foxy_ws/install/include/vision_msgs/msg/detail/detection3_d_array__rosidl_typesupport_fastrtps_c.h
-- Installing: /workspace/foxy_ws/install/include/vision_msgs/msg/detail/object_hypothesis_with_pose__rosidl_typesupport_fastrtps_c.h
-- Installing: /workspace/foxy_ws/install/include/vision_msgs/msg/detail/object_hypothesis__rosidl_typesupport_fastrtps_c.h
-- Installing: /workspace/foxy_ws/install/lib/libvision_msgs__rosidl_typesupport_fastrtps_c.so
-- Set runtime path of "/workspace/foxy_ws/install/lib/libvision_msgs__rosidl_typesupport_fastrtps_c.so" to ""
-- Up-to-date: /workspace/foxy_ws/install/include/vision_msgs
-- Up-to-date: /workspace/foxy_ws/install/include/vision_msgs/msg
-- Installing: /workspace/foxy_ws/install/include/vision_msgs/msg/rosidl_typesupport_fastrtps_cpp__visibility_control.h
-- Up-to-date: /workspace/foxy_ws/install/include/vision_msgs/msg/detail
-- Installing: /workspace/foxy_ws/install/include/vision_msgs/msg/detail/detection2_d_array__rosidl_typesupport_fastrtps_cpp.hpp
-- Installing: /workspace/foxy_ws/install/include/vision_msgs/msg/detail/detection2_d__rosidl_typesupport_fastrtps_cpp.hpp
-- Installing: /workspace/foxy_ws/install/include/vision_msgs/msg/detail/bounding_box3_d__rosidl_typesupport_fastrtps_cpp.hpp
-- Installing: /workspace/foxy_ws/install/include/vision_msgs/msg/detail/detection3_d__rosidl_typesupport_fastrtps_cpp.hpp
-- Installing: /workspace/foxy_ws/install/include/vision_msgs/msg/detail/bounding_box2_d__rosidl_typesupport_fastrtps_cpp.hpp
-- Installing: /workspace/foxy_ws/install/include/vision_msgs/msg/detail/object_hypothesis_with_pose__rosidl_typesupport_fastrtps_cpp.hpp
-- Installing: /workspace/foxy_ws/install/include/vision_msgs/msg/detail/classification2_d__rosidl_typesupport_fastrtps_cpp.hpp
-- Installing: /workspace/foxy_ws/install/include/vision_msgs/msg/detail/dds_fastrtps
-- Installing: /workspace/foxy_ws/install/include/vision_msgs/msg/detail/vision_info__rosidl_typesupport_fastrtps_cpp.hpp
-- Installing: /workspace/foxy_ws/install/include/vision_msgs/msg/detail/classification3_d__rosidl_typesupport_fastrtps_cpp.hpp
-- Installing: /workspace/foxy_ws/install/include/vision_msgs/msg/detail/object_hypothesis__rosidl_typesupport_fastrtps_cpp.hpp
-- Installing: /workspace/foxy_ws/install/include/vision_msgs/msg/detail/detection3_d_array__rosidl_typesupport_fastrtps_cpp.hpp
-- Installing: /workspace/foxy_ws/install/lib/libvision_msgs__rosidl_typesupport_fastrtps_cpp.so
-- Set runtime path of "/workspace/foxy_ws/install/lib/libvision_msgs__rosidl_typesupport_fastrtps_cpp.so" to ""
-- Up-to-date: /workspace/foxy_ws/install/include/vision_msgs
-- Up-to-date: /workspace/foxy_ws/install/include/vision_msgs/msg
-- Installing: /workspace/foxy_ws/install/include/vision_msgs/msg/rosidl_typesupport_introspection_c__visibility_control.h
-- Up-to-date: /workspace/foxy_ws/install/include/vision_msgs/msg/detail
-- Installing: /workspace/foxy_ws/install/include/vision_msgs/msg/detail/detection3_d__type_support.c
-- Installing: /workspace/foxy_ws/install/include/vision_msgs/msg/detail/detection2_d__type_support.c
-- Installing: /workspace/foxy_ws/install/include/vision_msgs/msg/detail/object_hypothesis__rosidl_typesupport_introspection_c.h
-- Installing: /workspace/foxy_ws/install/include/vision_msgs/msg/detail/bounding_box3_d__rosidl_typesupport_introspection_c.h
-- Installing: /workspace/foxy_ws/install/include/vision_msgs/msg/detail/classification3_d__type_support.c
-- Installing: /workspace/foxy_ws/install/include/vision_msgs/msg/detail/detection2_d__rosidl_typesupport_introspection_c.h
-- Installing: /workspace/foxy_ws/install/include/vision_msgs/msg/detail/detection2_d_array__type_support.c
-- Installing: /workspace/foxy_ws/install/include/vision_msgs/msg/detail/bounding_box3_d__type_support.c
-- Installing: /workspace/foxy_ws/install/include/vision_msgs/msg/detail/bounding_box2_d__type_support.c
-- Installing: /workspace/foxy_ws/install/include/vision_msgs/msg/detail/vision_info__rosidl_typesupport_introspection_c.h
-- Installing: /workspace/foxy_ws/install/include/vision_msgs/msg/detail/vision_info__type_support.c
-- Installing: /workspace/foxy_ws/install/include/vision_msgs/msg/detail/classification3_d__rosidl_typesupport_introspection_c.h
-- Installing: /workspace/foxy_ws/install/include/vision_msgs/msg/detail/object_hypothesis__type_support.c
-- Installing: /workspace/foxy_ws/install/include/vision_msgs/msg/detail/detection3_d__rosidl_typesupport_introspection_c.h
-- Installing: /workspace/foxy_ws/install/include/vision_msgs/msg/detail/detection3_d_array__rosidl_typesupport_introspection_c.h
-- Installing: /workspace/foxy_ws/install/include/vision_msgs/msg/detail/object_hypothesis_with_pose__rosidl_typesupport_introspection_c.h
-- Installing: /workspace/foxy_ws/install/include/vision_msgs/msg/detail/detection3_d_array__type_support.c
-- Installing: /workspace/foxy_ws/install/include/vision_msgs/msg/detail/object_hypothesis_with_pose__type_support.c
-- Installing: /workspace/foxy_ws/install/include/vision_msgs/msg/detail/detection2_d_array__rosidl_typesupport_introspection_c.h
-- Installing: /workspace/foxy_ws/install/include/vision_msgs/msg/detail/bounding_box2_d__rosidl_typesupport_introspection_c.h
-- Installing: /workspace/foxy_ws/install/include/vision_msgs/msg/detail/classification2_d__rosidl_typesupport_introspection_c.h
-- Installing: /workspace/foxy_ws/install/include/vision_msgs/msg/detail/classification2_d__type_support.c
-- Installing: /workspace/foxy_ws/install/lib/libvision_msgs__rosidl_typesupport_introspection_c.so
-- Set runtime path of "/workspace/foxy_ws/install/lib/libvision_msgs__rosidl_typesupport_introspection_c.so" to ""
-- Installing: /workspace/foxy_ws/install/lib/libvision_msgs__rosidl_typesupport_c.so
-- Set runtime path of "/workspace/foxy_ws/install/lib/libvision_msgs__rosidl_typesupport_c.so" to ""
-- Up-to-date: /workspace/foxy_ws/install/include/vision_msgs
-- Up-to-date: /workspace/foxy_ws/install/include/vision_msgs/msg
-- Installing: /workspace/foxy_ws/install/include/vision_msgs/msg/object_hypothesis.hpp
-- Installing: /workspace/foxy_ws/install/include/vision_msgs/msg/vision_info.hpp
-- Installing: /workspace/foxy_ws/install/include/vision_msgs/msg/bounding_box3_d.hpp
-- Installing: /workspace/foxy_ws/install/include/vision_msgs/msg/detection3_d_array.hpp
-- Installing: /workspace/foxy_ws/install/include/vision_msgs/msg/rosidl_generator_cpp__visibility_control.hpp
-- Installing: /workspace/foxy_ws/install/include/vision_msgs/msg/detection2_d.hpp
-- Installing: /workspace/foxy_ws/install/include/vision_msgs/msg/bounding_box2_d.hpp
-- Installing: /workspace/foxy_ws/install/include/vision_msgs/msg/classification2_d.hpp
-- Installing: /workspace/foxy_ws/install/include/vision_msgs/msg/object_hypothesis_with_pose.hpp
-- Up-to-date: /workspace/foxy_ws/install/include/vision_msgs/msg/detail
-- Installing: /workspace/foxy_ws/install/include/vision_msgs/msg/detail/object_hypothesis__struct.hpp
-- Installing: /workspace/foxy_ws/install/include/vision_msgs/msg/detail/bounding_box3_d__traits.hpp
-- Installing: /workspace/foxy_ws/install/include/vision_msgs/msg/detail/detection3_d__type_support.hpp
-- Installing: /workspace/foxy_ws/install/include/vision_msgs/msg/detail/classification2_d__struct.hpp
-- Installing: /workspace/foxy_ws/install/include/vision_msgs/msg/detail/detection3_d_array__traits.hpp
-- Installing: /workspace/foxy_ws/install/include/vision_msgs/msg/detail/bounding_box2_d__struct.hpp
-- Installing: /workspace/foxy_ws/install/include/vision_msgs/msg/detail/object_hypothesis_with_pose__builder.hpp
-- Installing: /workspace/foxy_ws/install/include/vision_msgs/msg/detail/bounding_box3_d__struct.hpp
-- Installing: /workspace/foxy_ws/install/include/vision_msgs/msg/detail/detection2_d__builder.hpp
-- Installing: /workspace/foxy_ws/install/include/vision_msgs/msg/detail/detection2_d_array__builder.hpp
-- Installing: /workspace/foxy_ws/install/include/vision_msgs/msg/detail/detection3_d_array__struct.hpp
-- Installing: /workspace/foxy_ws/install/include/vision_msgs/msg/detail/classification2_d__traits.hpp
-- Installing: /workspace/foxy_ws/install/include/vision_msgs/msg/detail/bounding_box2_d__traits.hpp
-- Installing: /workspace/foxy_ws/install/include/vision_msgs/msg/detail/object_hypothesis_with_pose__type_support.hpp
-- Installing: /workspace/foxy_ws/install/include/vision_msgs/msg/detail/object_hypothesis__type_support.hpp
-- Installing: /workspace/foxy_ws/install/include/vision_msgs/msg/detail/object_hypothesis_with_pose__traits.hpp
-- Installing: /workspace/foxy_ws/install/include/vision_msgs/msg/detail/detection3_d__struct.hpp
-- Installing: /workspace/foxy_ws/install/include/vision_msgs/msg/detail/detection2_d_array__struct.hpp
-- Installing: /workspace/foxy_ws/install/include/vision_msgs/msg/detail/classification2_d__type_support.hpp
-- Installing: /workspace/foxy_ws/install/include/vision_msgs/msg/detail/vision_info__traits.hpp
-- Installing: /workspace/foxy_ws/install/include/vision_msgs/msg/detail/classification3_d__builder.hpp
-- Installing: /workspace/foxy_ws/install/include/vision_msgs/msg/detail/bounding_box3_d__type_support.hpp
-- Installing: /workspace/foxy_ws/install/include/vision_msgs/msg/detail/detection2_d_array__traits.hpp
-- Installing: /workspace/foxy_ws/install/include/vision_msgs/msg/detail/classification3_d__struct.hpp
-- Installing: /workspace/foxy_ws/install/include/vision_msgs/msg/detail/vision_info__struct.hpp
-- Installing: /workspace/foxy_ws/install/include/vision_msgs/msg/detail/object_hypothesis_with_pose__struct.hpp
-- Installing: /workspace/foxy_ws/install/include/vision_msgs/msg/detail/vision_info__type_support.hpp
-- Installing: /workspace/foxy_ws/install/include/vision_msgs/msg/detail/bounding_box3_d__builder.hpp
-- Installing: /workspace/foxy_ws/install/include/vision_msgs/msg/detail/detection3_d_array__type_support.hpp
-- Installing: /workspace/foxy_ws/install/include/vision_msgs/msg/detail/detection2_d_array__type_support.hpp
-- Installing: /workspace/foxy_ws/install/include/vision_msgs/msg/detail/detection2_d__struct.hpp
-- Installing: /workspace/foxy_ws/install/include/vision_msgs/msg/detail/classification2_d__builder.hpp
-- Installing: /workspace/foxy_ws/install/include/vision_msgs/msg/detail/classification3_d__traits.hpp
-- Installing: /workspace/foxy_ws/install/include/vision_msgs/msg/detail/vision_info__builder.hpp
-- Installing: /workspace/foxy_ws/install/include/vision_msgs/msg/detail/object_hypothesis__builder.hpp
-- Installing: /workspace/foxy_ws/install/include/vision_msgs/msg/detail/detection2_d__type_support.hpp
-- Installing: /workspace/foxy_ws/install/include/vision_msgs/msg/detail/detection2_d__traits.hpp
-- Installing: /workspace/foxy_ws/install/include/vision_msgs/msg/detail/detection3_d__traits.hpp
-- Installing: /workspace/foxy_ws/install/include/vision_msgs/msg/detail/bounding_box2_d__builder.hpp
-- Installing: /workspace/foxy_ws/install/include/vision_msgs/msg/detail/bounding_box2_d__type_support.hpp
-- Installing: /workspace/foxy_ws/install/include/vision_msgs/msg/detail/detection3_d__builder.hpp
-- Installing: /workspace/foxy_ws/install/include/vision_msgs/msg/detail/detection3_d_array__builder.hpp
-- Installing: /workspace/foxy_ws/install/include/vision_msgs/msg/detail/object_hypothesis__traits.hpp
-- Installing: /workspace/foxy_ws/install/include/vision_msgs/msg/detail/classification3_d__type_support.hpp
-- Installing: /workspace/foxy_ws/install/include/vision_msgs/msg/detection2_d_array.hpp
-- Installing: /workspace/foxy_ws/install/include/vision_msgs/msg/detection3_d.hpp
-- Installing: /workspace/foxy_ws/install/include/vision_msgs/msg/classification3_d.hpp
-- Up-to-date: /workspace/foxy_ws/install/include/vision_msgs
-- Up-to-date: /workspace/foxy_ws/install/include/vision_msgs/msg
-- Up-to-date: /workspace/foxy_ws/install/include/vision_msgs/msg/detail
-- Installing: /workspace/foxy_ws/install/include/vision_msgs/msg/detail/detection2_d__rosidl_typesupport_introspection_cpp.hpp
-- Installing: /workspace/foxy_ws/install/include/vision_msgs/msg/detail/bounding_box2_d__type_support.cpp
-- Installing: /workspace/foxy_ws/install/include/vision_msgs/msg/detail/vision_info__rosidl_typesupport_introspection_cpp.hpp
-- Installing: /workspace/foxy_ws/install/include/vision_msgs/msg/detail/bounding_box2_d__rosidl_typesupport_introspection_cpp.hpp
-- Installing: /workspace/foxy_ws/install/include/vision_msgs/msg/detail/vision_info__type_support.cpp
-- Installing: /workspace/foxy_ws/install/include/vision_msgs/msg/detail/classification3_d__rosidl_typesupport_introspection_cpp.hpp
-- Installing: /workspace/foxy_ws/install/include/vision_msgs/msg/detail/classification2_d__rosidl_typesupport_introspection_cpp.hpp
-- Installing: /workspace/foxy_ws/install/include/vision_msgs/msg/detail/object_hypothesis__rosidl_typesupport_introspection_cpp.hpp
-- Installing: /workspace/foxy_ws/install/include/vision_msgs/msg/detail/detection3_d__type_support.cpp
-- Installing: /workspace/foxy_ws/install/include/vision_msgs/msg/detail/detection3_d_array__rosidl_typesupport_introspection_cpp.hpp
-- Installing: /workspace/foxy_ws/install/include/vision_msgs/msg/detail/object_hypothesis__type_support.cpp
-- Installing: /workspace/foxy_ws/install/include/vision_msgs/msg/detail/bounding_box3_d__rosidl_typesupport_introspection_cpp.hpp
-- Installing: /workspace/foxy_ws/install/include/vision_msgs/msg/detail/detection3_d__rosidl_typesupport_introspection_cpp.hpp
-- Installing: /workspace/foxy_ws/install/include/vision_msgs/msg/detail/classification2_d__type_support.cpp
-- Installing: /workspace/foxy_ws/install/include/vision_msgs/msg/detail/detection2_d_array__rosidl_typesupport_introspection_cpp.hpp
-- Installing: /workspace/foxy_ws/install/include/vision_msgs/msg/detail/bounding_box3_d__type_support.cpp
-- Installing: /workspace/foxy_ws/install/include/vision_msgs/msg/detail/object_hypothesis_with_pose__rosidl_typesupport_introspection_cpp.hpp
-- Installing: /workspace/foxy_ws/install/include/vision_msgs/msg/detail/object_hypothesis_with_pose__type_support.cpp
-- Installing: /workspace/foxy_ws/install/include/vision_msgs/msg/detail/detection2_d_array__type_support.cpp
-- Installing: /workspace/foxy_ws/install/include/vision_msgs/msg/detail/detection2_d__type_support.cpp
-- Installing: /workspace/foxy_ws/install/include/vision_msgs/msg/detail/classification3_d__type_support.cpp
-- Installing: /workspace/foxy_ws/install/include/vision_msgs/msg/detail/detection3_d_array__type_support.cpp
-- Installing: /workspace/foxy_ws/install/lib/libvision_msgs__rosidl_typesupport_introspection_cpp.so
-- Set runtime path of "/workspace/foxy_ws/install/lib/libvision_msgs__rosidl_typesupport_introspection_cpp.so" to ""
-- Installing: /workspace/foxy_ws/install/lib/libvision_msgs__rosidl_typesupport_cpp.so
-- Set runtime path of "/workspace/foxy_ws/install/lib/libvision_msgs__rosidl_typesupport_cpp.so" to ""
-- Installing: /workspace/foxy_ws/install/share/vision_msgs/environment/pythonpath.sh
-- Installing: /workspace/foxy_ws/install/share/vision_msgs/environment/pythonpath.dsv
-- Installing: /workspace/foxy_ws/install/lib/python3.10/site-packages/vision_msgs/__init__.py
Compiling '/workspace/foxy_ws/install/lib/python3.10/site-packages/vision_msgs/__init__.py'...
-- Installing: /workspace/foxy_ws/install/lib/python3.10/site-packages/vision_msgs/msg
-- Installing: /workspace/foxy_ws/install/lib/python3.10/site-packages/vision_msgs/msg/_detection3_d_array_s.c
-- Installing: /workspace/foxy_ws/install/lib/python3.10/site-packages/vision_msgs/msg/_object_hypothesis_s.c
-- Installing: /workspace/foxy_ws/install/lib/python3.10/site-packages/vision_msgs/msg/_detection3_d_s.c
-- Installing: /workspace/foxy_ws/install/lib/python3.10/site-packages/vision_msgs/msg/_bounding_box2_d.py
-- Installing: /workspace/foxy_ws/install/lib/python3.10/site-packages/vision_msgs/msg/_vision_info_s.c
-- Installing: /workspace/foxy_ws/install/lib/python3.10/site-packages/vision_msgs/msg/_detection2_d_array.py
-- Installing: /workspace/foxy_ws/install/lib/python3.10/site-packages/vision_msgs/msg/_classification3_d_s.c
-- Installing: /workspace/foxy_ws/install/lib/python3.10/site-packages/vision_msgs/msg/_classification2_d.py
-- Installing: /workspace/foxy_ws/install/lib/python3.10/site-packages/vision_msgs/msg/_object_hypothesis.py
-- Installing: /workspace/foxy_ws/install/lib/python3.10/site-packages/vision_msgs/msg/_detection3_d.py
-- Installing: /workspace/foxy_ws/install/lib/python3.10/site-packages/vision_msgs/msg/_detection2_d_array_s.c
-- Installing: /workspace/foxy_ws/install/lib/python3.10/site-packages/vision_msgs/msg/_bounding_box3_d_s.c
-- Installing: /workspace/foxy_ws/install/lib/python3.10/site-packages/vision_msgs/msg/_vision_info.py
-- Installing: /workspace/foxy_ws/install/lib/python3.10/site-packages/vision_msgs/msg/_object_hypothesis_with_pose.py
-- Installing: /workspace/foxy_ws/install/lib/python3.10/site-packages/vision_msgs/msg/_detection2_d_s.c
-- Installing: /workspace/foxy_ws/install/lib/python3.10/site-packages/vision_msgs/msg/_classification2_d_s.c
-- Installing: /workspace/foxy_ws/install/lib/python3.10/site-packages/vision_msgs/msg/_detection2_d.py
-- Installing: /workspace/foxy_ws/install/lib/python3.10/site-packages/vision_msgs/msg/_detection3_d_array.py
-- Installing: /workspace/foxy_ws/install/lib/python3.10/site-packages/vision_msgs/msg/__init__.py
-- Installing: /workspace/foxy_ws/install/lib/python3.10/site-packages/vision_msgs/msg/_object_hypothesis_with_pose_s.c
-- Installing: /workspace/foxy_ws/install/lib/python3.10/site-packages/vision_msgs/msg/_bounding_box2_d_s.c
-- Installing: /workspace/foxy_ws/install/lib/python3.10/site-packages/vision_msgs/msg/_bounding_box3_d.py
-- Installing: /workspace/foxy_ws/install/lib/python3.10/site-packages/vision_msgs/msg/_classification3_d.py
-- Installing: /workspace/foxy_ws/install/lib/python3.10/site-packages/vision_msgs/vision_msgs_s__rosidl_typesupport_fastrtps_c.cpython-310-x86_64-linux-gnu.so
-- Set runtime path of "/workspace/foxy_ws/install/lib/python3.10/site-packages/vision_msgs/vision_msgs_s__rosidl_typesupport_fastrtps_c.cpython-310-x86_64-linux-gnu.so" to ""
-- Installing: /workspace/foxy_ws/install/lib/python3.10/site-packages/vision_msgs/vision_msgs_s__rosidl_typesupport_introspection_c.cpython-310-x86_64-linux-gnu.so
-- Set runtime path of "/workspace/foxy_ws/install/lib/python3.10/site-packages/vision_msgs/vision_msgs_s__rosidl_typesupport_introspection_c.cpython-310-x86_64-linux-gnu.so" to ""
-- Installing: /workspace/foxy_ws/install/lib/python3.10/site-packages/vision_msgs/vision_msgs_s__rosidl_typesupport_c.cpython-310-x86_64-linux-gnu.so
-- Set runtime path of "/workspace/foxy_ws/install/lib/python3.10/site-packages/vision_msgs/vision_msgs_s__rosidl_typesupport_c.cpython-310-x86_64-linux-gnu.so" to ""
-- Installing: /workspace/foxy_ws/install/lib/libvision_msgs__python.so
-- Set runtime path of "/workspace/foxy_ws/install/lib/libvision_msgs__python.so" to ""
-- Installing: /workspace/foxy_ws/install/share/vision_msgs/msg/BoundingBox2D.idl
-- Installing: /workspace/foxy_ws/install/share/vision_msgs/msg/BoundingBox3D.idl
-- Installing: /workspace/foxy_ws/install/share/vision_msgs/msg/Classification2D.idl
-- Installing: /workspace/foxy_ws/install/share/vision_msgs/msg/Classification3D.idl
-- Installing: /workspace/foxy_ws/install/share/vision_msgs/msg/Detection2DArray.idl
-- Installing: /workspace/foxy_ws/install/share/vision_msgs/msg/Detection2D.idl
-- Installing: /workspace/foxy_ws/install/share/vision_msgs/msg/Detection3DArray.idl
-- Installing: /workspace/foxy_ws/install/share/vision_msgs/msg/Detection3D.idl
-- Installing: /workspace/foxy_ws/install/share/vision_msgs/msg/ObjectHypothesis.idl
-- Installing: /workspace/foxy_ws/install/share/vision_msgs/msg/ObjectHypothesisWithPose.idl
-- Installing: /workspace/foxy_ws/install/share/vision_msgs/msg/VisionInfo.idl
-- Installing: /workspace/foxy_ws/install/share/vision_msgs/msg/BoundingBox2D.msg
-- Installing: /workspace/foxy_ws/install/share/vision_msgs/msg/BoundingBox3D.msg
-- Installing: /workspace/foxy_ws/install/share/vision_msgs/msg/Classification2D.msg
-- Installing: /workspace/foxy_ws/install/share/vision_msgs/msg/Classification3D.msg
-- Installing: /workspace/foxy_ws/install/share/vision_msgs/msg/Detection2DArray.msg
-- Installing: /workspace/foxy_ws/install/share/vision_msgs/msg/Detection2D.msg
-- Installing: /workspace/foxy_ws/install/share/vision_msgs/msg/Detection3DArray.msg
-- Installing: /workspace/foxy_ws/install/share/vision_msgs/msg/Detection3D.msg
-- Installing: /workspace/foxy_ws/install/share/vision_msgs/msg/ObjectHypothesis.msg
-- Installing: /workspace/foxy_ws/install/share/vision_msgs/msg/ObjectHypothesisWithPose.msg
-- Installing: /workspace/foxy_ws/install/share/vision_msgs/msg/VisionInfo.msg
-- Up-to-date: /workspace/foxy_ws/install/include/vision_msgs
-- Installing: /workspace/foxy_ws/install/include/vision_msgs/create_aabb.hpp
-- Installing: /workspace/foxy_ws/install/share/ament_index/resource_index/package_run_dependencies/vision_msgs
-- Installing: /workspace/foxy_ws/install/share/ament_index/resource_index/parent_prefix_path/vision_msgs
-- Installing: /workspace/foxy_ws/install/share/vision_msgs/environment/ament_prefix_path.sh
-- Installing: /workspace/foxy_ws/install/share/vision_msgs/environment/ament_prefix_path.dsv
-- Installing: /workspace/foxy_ws/install/share/vision_msgs/environment/path.sh
-- Installing: /workspace/foxy_ws/install/share/vision_msgs/environment/path.dsv
-- Installing: /workspace/foxy_ws/install/share/vision_msgs/local_setup.bash
-- Installing: /workspace/foxy_ws/install/share/vision_msgs/local_setup.sh
-- Installing: /workspace/foxy_ws/install/share/vision_msgs/local_setup.zsh
-- Installing: /workspace/foxy_ws/install/share/vision_msgs/local_setup.dsv
-- Installing: /workspace/foxy_ws/install/share/vision_msgs/package.dsv
-- Installing: /workspace/foxy_ws/install/share/ament_index/resource_index/packages/vision_msgs
-- Installing: /workspace/foxy_ws/install/share/vision_msgs/cmake/vision_msgs__rosidl_generator_cExport.cmake
-- Installing: /workspace/foxy_ws/install/share/vision_msgs/cmake/vision_msgs__rosidl_generator_cExport-noconfig.cmake
-- Installing: /workspace/foxy_ws/install/share/vision_msgs/cmake/vision_msgs__rosidl_typesupport_introspection_cExport.cmake
-- Installing: /workspace/foxy_ws/install/share/vision_msgs/cmake/vision_msgs__rosidl_typesupport_introspection_cExport-noconfig.cmake
-- Installing: /workspace/foxy_ws/install/share/vision_msgs/cmake/vision_msgs__rosidl_typesupport_cExport.cmake
-- Installing: /workspace/foxy_ws/install/share/vision_msgs/cmake/vision_msgs__rosidl_typesupport_cExport-noconfig.cmake
-- Installing: /workspace/foxy_ws/install/share/vision_msgs/cmake/vision_msgs__rosidl_generator_cppExport.cmake
-- Installing: /workspace/foxy_ws/install/share/vision_msgs/cmake/vision_msgs__rosidl_typesupport_introspection_cppExport.cmake
-- Installing: /workspace/foxy_ws/install/share/vision_msgs/cmake/vision_msgs__rosidl_typesupport_introspection_cppExport-noconfig.cmake
-- Installing: /workspace/foxy_ws/install/share/vision_msgs/cmake/vision_msgs__rosidl_typesupport_cppExport.cmake
-- Installing: /workspace/foxy_ws/install/share/vision_msgs/cmake/vision_msgs__rosidl_typesupport_cppExport-noconfig.cmake
-- Installing: /workspace/foxy_ws/install/share/vision_msgs/cmake/rosidl_cmake-extras.cmake
-- Installing: /workspace/foxy_ws/install/share/vision_msgs/cmake/ament_cmake_export_dependencies-extras.cmake
-- Installing: /workspace/foxy_ws/install/share/vision_msgs/cmake/ament_cmake_export_libraries-extras.cmake
-- Installing: /workspace/foxy_ws/install/share/vision_msgs/cmake/ament_cmake_export_targets-extras.cmake
-- Installing: /workspace/foxy_ws/install/share/vision_msgs/cmake/ament_cmake_export_include_directories-extras.cmake
-- Installing: /workspace/foxy_ws/install/share/vision_msgs/cmake/rosidl_cmake_export_typesupport_libraries-extras.cmake
-- Installing: /workspace/foxy_ws/install/share/vision_msgs/cmake/rosidl_cmake_export_typesupport_targets-extras.cmake
-- Installing: /workspace/foxy_ws/install/share/vision_msgs/cmake/vision_msgsConfig.cmake
-- Installing: /workspace/foxy_ws/install/share/vision_msgs/cmake/vision_msgsConfig-version.cmake
-- Installing: /workspace/foxy_ws/install/share/vision_msgs/package.xml
