[0.089s] Invoking command in '/workspace/foxy_ws/build/vision_msgs': AMENT_PREFIX_PATH=/workspace/foxy_ws/install CMAKE_PREFIX_PATH=/workspace/foxy_ws/install LD_LIBRARY_PATH=/workspace/foxy_ws/install/lib PATH=/workspace/foxy_ws/install/bin:${PATH} PKG_CONFIG_PATH=/workspace/foxy_ws/install/lib/x86_64-linux-gnu/pkgconfig:/workspace/foxy_ws/install/lib/pkgconfig PYTHONPATH=/workspace/foxy_ws/install/lib/python3.10/site-packages /usr/bin/cmake /workspace/foxy_ws/src/vision_msgs -DCMAKE_INSTALL_PREFIX=/workspace/foxy_ws/install
[0.130s] -- The C compiler identification is GNU 9.4.0
[0.177s] -- The CXX compiler identification is GNU 9.4.0
[0.181s] -- Check for working C compiler: /usr/bin/cc
[0.232s] -- Check for working C compiler: /usr/bin/cc -- works
[0.233s] -- Detecting C compiler ABI info
[0.284s] -- Detecting C compiler ABI info - done
[0.293s] -- Detecting C compile features
[0.293s] -- Detecting C compile features - done
[0.295s] -- Check for working CXX compiler: /usr/bin/c++
[0.352s] -- Check for working CXX compiler: /usr/bin/c++ -- works
[0.353s] -- Detecting CXX compiler ABI info
[0.411s] -- Detecting CXX compiler ABI info - done
[0.419s] -- Detecting CXX compile features
[0.419s] -- Detecting CXX compile features - done
[0.421s] -- Found ament_cmake: 0.9.12 (/workspace/foxy_ws/install/share/ament_cmake/cmake)
[0.435s] -- Found PythonInterp: /usr/bin/python3 (found suitable version "3.10.14", minimum required is "3") 
[0.435s] -- Using PYTHON_EXECUTABLE: /usr/bin/python3
[0.567s] -- Found std_msgs: 2.0.5 (/workspace/foxy_ws/install/share/std_msgs/cmake)
[0.586s] -- Using all available rosidl_typesupport_c: rosidl_typesupport_fastrtps_c;rosidl_typesupport_introspection_c
[0.591s] -- Found rosidl_adapter: 1.3.1 (/workspace/foxy_ws/install/share/rosidl_adapter/cmake)
[0.610s] -- Found OpenSSL: /usr/lib/x86_64-linux-gnu/libcrypto.so (found version "1.1.1f")  
[0.626s] -- Found FastRTPS: /workspace/foxy_ws/install/include  
[0.669s] -- Using all available rosidl_typesupport_cpp: rosidl_typesupport_fastrtps_cpp;rosidl_typesupport_introspection_cpp
[0.702s] -- Found geometry_msgs: 2.0.5 (/workspace/foxy_ws/install/share/geometry_msgs/cmake)
[0.727s] -- Found sensor_msgs: 2.0.5 (/workspace/foxy_ws/install/share/sensor_msgs/cmake)
[0.783s] -- Found rosidl_default_generators: 1.0.1 (/workspace/foxy_ws/install/share/rosidl_default_generators/cmake)
[0.809s] -- Found PythonInterp: /usr/bin/python3 (found version "3.10.14") 
[1.039s] -- Found ament_cmake_cppcheck: 0.9.8 (/workspace/foxy_ws/install/share/ament_cmake_cppcheck/cmake)
[1.039s] -- Found ament_cmake_cpplint: 0.9.8 (/workspace/foxy_ws/install/share/ament_cmake_cpplint/cmake)
[1.040s] -- Found ament_cmake_uncrustify: 0.9.8 (/workspace/foxy_ws/install/share/ament_cmake_uncrustify/cmake)
[1.042s] -- Found ament_cmake_ros: 0.9.2 (/workspace/foxy_ws/install/share/ament_cmake_ros/cmake)
[1.245s] -- Using all available rosidl_typesupport_c: rosidl_typesupport_fastrtps_c;rosidl_typesupport_introspection_c
[1.376s] -- Using all available rosidl_typesupport_cpp: rosidl_typesupport_fastrtps_cpp;rosidl_typesupport_introspection_cpp
[1.394s] -- Found PythonInterp: /usr/bin/python3 (found suitable version "3.10.14", minimum required is "3.5") 
[1.394s] -- Found python_cmake_module: 0.8.1 (/workspace/foxy_ws/install/share/python_cmake_module/cmake)
[1.411s] -- Found PythonLibs: /usr/lib/x86_64-linux-gnu/libpython3.10.so (found suitable version "3.10.14", minimum required is "3.5") 
[1.411s] -- Using PYTHON_EXECUTABLE: /usr/bin/python3
[1.411s] -- Using PYTHON_INCLUDE_DIRS: /usr/include/python3.10
[1.411s] -- Using PYTHON_LIBRARIES: /usr/lib/x86_64-linux-gnu/libpython3.10.so
[1.424s] -- Found PythonExtra: .so  
[1.495s] <string>:1: DeprecationWarning: The distutils package is deprecated and slated for removal in Python 3.12. Use setuptools or check PEP 632 for potential alternatives
[1.497s] <string>:1: DeprecationWarning: The distutils.sysconfig module is deprecated, use sysconfig instead
[1.634s] -- Using numpy include directory: /usr/local/lib/python3.10/dist-packages/numpy/core/include
[1.653s] -- Found ament_cmake_flake8: 0.9.8 (/workspace/foxy_ws/install/share/ament_cmake_flake8/cmake)
[1.654s] -- Found ament_cmake_pep257: 0.9.8 (/workspace/foxy_ws/install/share/ament_cmake_pep257/cmake)
[1.656s] -- Found ament_lint_auto: 0.9.8 (/workspace/foxy_ws/install/share/ament_lint_auto/cmake)
[1.660s] -- Found gtest sources under '/workspace/foxy_ws/install/src/gtest_vendor': C++ tests using 'Google Test' will be built
[1.662s] -- Looking for pthread.h
[1.716s] -- Looking for pthread.h - found
[1.716s] -- Performing Test CMAKE_HAVE_LIBC_PTHREAD
[1.775s] -- Performing Test CMAKE_HAVE_LIBC_PTHREAD - Failed
[1.775s] -- Check if compiler accepts -pthread
[1.831s] -- Check if compiler accepts -pthread - yes
[1.831s] -- Found Threads: TRUE  
[1.842s] -- Added test 'cppcheck' to perform static code analysis on C / C++ code
[1.843s] -- Configured cppcheck include dirs: /workspace/foxy_ws/src/vision_msgs/include
[1.843s] -- Configured cppcheck exclude dirs and/or files: 
[1.845s] -- Added test 'cpplint' to check C / C++ code against the Google style
[1.846s] -- Configured cpplint exclude dirs and/or files: 
[1.848s] -- Added test 'uncrustify' to check C / C++ code style
[1.848s] -- Configured uncrustify additional arguments: 
[1.849s] -- Added test 'copyright' to check source files copyright and LICENSE
[1.850s] -- Added test 'lint_cmake' to check CMake code style
[1.851s] -- Added test 'xmllint' to check XML markup files
[1.855s] -- Configuring done
[1.928s] -- Generating done
[1.930s] -- Build files have been written to: /workspace/foxy_ws/build/vision_msgs
[1.939s] Invoked command in '/workspace/foxy_ws/build/vision_msgs' returned '0': AMENT_PREFIX_PATH=/workspace/foxy_ws/install CMAKE_PREFIX_PATH=/workspace/foxy_ws/install LD_LIBRARY_PATH=/workspace/foxy_ws/install/lib PATH=/workspace/foxy_ws/install/bin:${PATH} PKG_CONFIG_PATH=/workspace/foxy_ws/install/lib/x86_64-linux-gnu/pkgconfig:/workspace/foxy_ws/install/lib/pkgconfig PYTHONPATH=/workspace/foxy_ws/install/lib/python3.10/site-packages /usr/bin/cmake /workspace/foxy_ws/src/vision_msgs -DCMAKE_INSTALL_PREFIX=/workspace/foxy_ws/install
[1.939s] Invoking command in '/workspace/foxy_ws/build/vision_msgs': AMENT_PREFIX_PATH=/workspace/foxy_ws/install CMAKE_PREFIX_PATH=/workspace/foxy_ws/install LD_LIBRARY_PATH=/workspace/foxy_ws/install/lib PATH=/workspace/foxy_ws/install/bin:${PATH} PKG_CONFIG_PATH=/workspace/foxy_ws/install/lib/x86_64-linux-gnu/pkgconfig:/workspace/foxy_ws/install/lib/pkgconfig PYTHONPATH=/workspace/foxy_ws/install/lib/python3.10/site-packages /usr/bin/cmake --build /workspace/foxy_ws/build/vision_msgs -- -j12 -l12
[1.974s] Scanning dependencies of target vision_msgs__cpp
[1.974s] [  1%] Generating C code for ROS interfaces
[1.976s] Scanning dependencies of target gtest_main
[1.979s] Scanning dependencies of target gtest
[1.982s] [  2%] Generating C++ code for ROS interfaces
[1.982s] [  3%] Building CXX object gtest/CMakeFiles/gtest_main.dir/src/gtest_main.cc.o
[1.985s] [  3%] Building CXX object gtest/CMakeFiles/gtest.dir/src/gtest-all.cc.o
[2.488s] [  4%] Linking CXX static library libgtest_main.a
[2.513s] [  4%] Built target gtest_main
[3.902s] [  4%] Built target vision_msgs__cpp
[3.939s] [  5%] Generating C++ introspection for ROS interfaces
[3.949s] [  6%] Generating C++ type support for eProsima Fast-RTPS
[3.954s] [  7%] Generating C++ type support dispatch for ROS interfaces
[4.281s] Scanning dependencies of target vision_msgs__rosidl_generator_c
[4.341s] [  8%] Building C object CMakeFiles/vision_msgs__rosidl_generator_c.dir/rosidl_generator_c/vision_msgs/msg/detail/bounding_box2_d__functions.c.o
[4.367s] [  8%] Building C object CMakeFiles/vision_msgs__rosidl_generator_c.dir/rosidl_generator_c/vision_msgs/msg/detail/bounding_box3_d__functions.c.o
[4.367s] [  9%] Building C object CMakeFiles/vision_msgs__rosidl_generator_c.dir/rosidl_generator_c/vision_msgs/msg/detail/classification2_d__functions.c.o
[4.398s] [ 10%] Building C object CMakeFiles/vision_msgs__rosidl_generator_c.dir/rosidl_generator_c/vision_msgs/msg/detail/classification3_d__functions.c.o
[4.526s] [ 12%] Building C object CMakeFiles/vision_msgs__rosidl_generator_c.dir/rosidl_generator_c/vision_msgs/msg/detail/detection3_d_array__functions.c.o
[4.526s] [ 13%] Building C object CMakeFiles/vision_msgs__rosidl_generator_c.dir/rosidl_generator_c/vision_msgs/msg/detail/detection2_d_array__functions.c.o
[4.526s] [ 13%] Building C object CMakeFiles/vision_msgs__rosidl_generator_c.dir/rosidl_generator_c/vision_msgs/msg/detail/detection2_d__functions.c.o
[4.543s] [ 13%] Building C object CMakeFiles/vision_msgs__rosidl_generator_c.dir/rosidl_generator_c/vision_msgs/msg/detail/object_hypothesis__functions.c.o
[4.546s] [ 14%] Building C object CMakeFiles/vision_msgs__rosidl_generator_c.dir/rosidl_generator_c/vision_msgs/msg/detail/detection3_d__functions.c.o
[4.571s] [ 15%] Building C object CMakeFiles/vision_msgs__rosidl_generator_c.dir/rosidl_generator_c/vision_msgs/msg/detail/object_hypothesis_with_pose__functions.c.o
[4.647s] [ 16%] Building C object CMakeFiles/vision_msgs__rosidl_generator_c.dir/rosidl_generator_c/vision_msgs/msg/detail/vision_info__functions.c.o
[4.805s] [ 17%] Linking C shared library libvision_msgs__rosidl_generator_c.so
[4.996s] [ 17%] Built target vision_msgs__rosidl_generator_c
[5.034s] [ 18%] Generating C type support dispatch for ROS interfaces
[5.065s] [ 19%] Generating C introspection for ROS interfaces
[5.396s] [ 20%] Linking CXX static library libgtest.a
[5.489s] [ 20%] Built target gtest
[5.986s] Scanning dependencies of target vision_msgs__rosidl_typesupport_cpp
[6.002s] [ 21%] Building CXX object CMakeFiles/vision_msgs__rosidl_typesupport_cpp.dir/rosidl_typesupport_cpp/vision_msgs/msg/bounding_box2_d__type_support.cpp.o
[6.011s] [ 21%] Building CXX object CMakeFiles/vision_msgs__rosidl_typesupport_cpp.dir/rosidl_typesupport_cpp/vision_msgs/msg/bounding_box3_d__type_support.cpp.o
[6.025s] [ 22%] Building CXX object CMakeFiles/vision_msgs__rosidl_typesupport_cpp.dir/rosidl_typesupport_cpp/vision_msgs/msg/classification2_d__type_support.cpp.o
[6.031s] [ 23%] Building CXX object CMakeFiles/vision_msgs__rosidl_typesupport_cpp.dir/rosidl_typesupport_cpp/vision_msgs/msg/detection2_d__type_support.cpp.o
[6.032s] [ 24%] Building CXX object CMakeFiles/vision_msgs__rosidl_typesupport_cpp.dir/rosidl_typesupport_cpp/vision_msgs/msg/classification3_d__type_support.cpp.o
[6.036s] [ 25%] Building CXX object CMakeFiles/vision_msgs__rosidl_typesupport_cpp.dir/rosidl_typesupport_cpp/vision_msgs/msg/detection2_d_array__type_support.cpp.o
[6.041s] [ 26%] Building CXX object CMakeFiles/vision_msgs__rosidl_typesupport_cpp.dir/rosidl_typesupport_cpp/vision_msgs/msg/detection3_d_array__type_support.cpp.o
[6.152s] Scanning dependencies of target vision_msgs__rosidl_typesupport_introspection_cpp
[6.216s] [ 26%] Building CXX object CMakeFiles/vision_msgs__rosidl_typesupport_introspection_cpp.dir/rosidl_typesupport_introspection_cpp/vision_msgs/msg/detail/bounding_box2_d__type_support.cpp.o
[6.233s] [ 27%] Building CXX object CMakeFiles/vision_msgs__rosidl_typesupport_introspection_cpp.dir/rosidl_typesupport_introspection_cpp/vision_msgs/msg/detail/bounding_box3_d__type_support.cpp.o
[6.398s] [ 28%] Building CXX object CMakeFiles/vision_msgs__rosidl_typesupport_cpp.dir/rosidl_typesupport_cpp/vision_msgs/msg/detection3_d__type_support.cpp.o
[6.401s] Scanning dependencies of target vision_msgs__rosidl_typesupport_fastrtps_cpp
[6.457s] [ 28%] Building CXX object CMakeFiles/vision_msgs__rosidl_typesupport_fastrtps_cpp.dir/rosidl_typesupport_fastrtps_cpp/vision_msgs/msg/detail/dds_fastrtps/bounding_box2_d__type_support.cpp.o
[6.536s] [ 28%] Building CXX object CMakeFiles/vision_msgs__rosidl_typesupport_cpp.dir/rosidl_typesupport_cpp/vision_msgs/msg/object_hypothesis__type_support.cpp.o
[6.597s] [ 29%] Building CXX object CMakeFiles/vision_msgs__rosidl_typesupport_cpp.dir/rosidl_typesupport_cpp/vision_msgs/msg/object_hypothesis_with_pose__type_support.cpp.o
[6.605s] [ 30%] Building CXX object CMakeFiles/vision_msgs__rosidl_typesupport_cpp.dir/rosidl_typesupport_cpp/vision_msgs/msg/vision_info__type_support.cpp.o
[6.645s] [ 31%] Building CXX object CMakeFiles/vision_msgs__rosidl_typesupport_introspection_cpp.dir/rosidl_typesupport_introspection_cpp/vision_msgs/msg/detail/classification2_d__type_support.cpp.o
[6.653s] [ 32%] Building CXX object CMakeFiles/vision_msgs__rosidl_typesupport_fastrtps_cpp.dir/rosidl_typesupport_fastrtps_cpp/vision_msgs/msg/detail/dds_fastrtps/bounding_box3_d__type_support.cpp.o
[6.655s] [ 33%] Building CXX object CMakeFiles/vision_msgs__rosidl_typesupport_fastrtps_cpp.dir/rosidl_typesupport_fastrtps_cpp/vision_msgs/msg/detail/dds_fastrtps/classification2_d__type_support.cpp.o
[6.695s] [ 34%] Building CXX object CMakeFiles/vision_msgs__rosidl_typesupport_introspection_cpp.dir/rosidl_typesupport_introspection_cpp/vision_msgs/msg/detail/classification3_d__type_support.cpp.o
[6.788s] [ 35%] Building CXX object CMakeFiles/vision_msgs__rosidl_typesupport_introspection_cpp.dir/rosidl_typesupport_introspection_cpp/vision_msgs/msg/detail/detection2_d_array__type_support.cpp.o
[6.834s] [ 36%] Building CXX object CMakeFiles/vision_msgs__rosidl_typesupport_introspection_cpp.dir/rosidl_typesupport_introspection_cpp/vision_msgs/msg/detail/detection2_d__type_support.cpp.o
[7.008s] [ 37%] Building CXX object CMakeFiles/vision_msgs__rosidl_typesupport_introspection_cpp.dir/rosidl_typesupport_introspection_cpp/vision_msgs/msg/detail/detection3_d_array__type_support.cpp.o
[7.043s] [ 37%] Building CXX object CMakeFiles/vision_msgs__rosidl_typesupport_introspection_cpp.dir/rosidl_typesupport_introspection_cpp/vision_msgs/msg/detail/detection3_d__type_support.cpp.o
[7.049s] [ 38%] Linking CXX shared library libvision_msgs__rosidl_typesupport_cpp.so
[7.052s] Scanning dependencies of target vision_msgs__rosidl_typesupport_c
[7.071s] [ 39%] Building CXX object CMakeFiles/vision_msgs__rosidl_typesupport_fastrtps_cpp.dir/rosidl_typesupport_fastrtps_cpp/vision_msgs/msg/detail/dds_fastrtps/classification3_d__type_support.cpp.o
[7.105s] [ 40%] Building CXX object CMakeFiles/vision_msgs__rosidl_typesupport_c.dir/rosidl_typesupport_c/vision_msgs/msg/bounding_box2_d__type_support.cpp.o
[7.160s] [ 40%] Built target vision_msgs__rosidl_typesupport_cpp
[7.164s] [ 41%] Building CXX object CMakeFiles/vision_msgs__rosidl_typesupport_c.dir/rosidl_typesupport_c/vision_msgs/msg/bounding_box3_d__type_support.cpp.o
[7.169s] [ 42%] Building CXX object CMakeFiles/vision_msgs__rosidl_typesupport_introspection_cpp.dir/rosidl_typesupport_introspection_cpp/vision_msgs/msg/detail/object_hypothesis__type_support.cpp.o
[7.175s] [ 42%] Building CXX object CMakeFiles/vision_msgs__rosidl_typesupport_c.dir/rosidl_typesupport_c/vision_msgs/msg/classification2_d__type_support.cpp.o
[7.206s] [ 43%] Building CXX object CMakeFiles/vision_msgs__rosidl_typesupport_fastrtps_cpp.dir/rosidl_typesupport_fastrtps_cpp/vision_msgs/msg/detail/dds_fastrtps/detection2_d_array__type_support.cpp.o
[7.238s] [ 44%] Building CXX object CMakeFiles/vision_msgs__rosidl_typesupport_c.dir/rosidl_typesupport_c/vision_msgs/msg/classification3_d__type_support.cpp.o
[7.259s] [ 45%] Building CXX object CMakeFiles/vision_msgs__rosidl_typesupport_c.dir/rosidl_typesupport_c/vision_msgs/msg/detection2_d_array__type_support.cpp.o
[7.270s] [ 46%] Building CXX object CMakeFiles/vision_msgs__rosidl_typesupport_introspection_cpp.dir/rosidl_typesupport_introspection_cpp/vision_msgs/msg/detail/object_hypothesis_with_pose__type_support.cpp.o
[7.325s] [ 47%] Building CXX object CMakeFiles/vision_msgs__rosidl_typesupport_c.dir/rosidl_typesupport_c/vision_msgs/msg/detection2_d__type_support.cpp.o
[7.325s] [ 48%] Building CXX object CMakeFiles/vision_msgs__rosidl_typesupport_introspection_cpp.dir/rosidl_typesupport_introspection_cpp/vision_msgs/msg/detail/vision_info__type_support.cpp.o
[7.325s] [ 49%] Building CXX object CMakeFiles/vision_msgs__rosidl_typesupport_c.dir/rosidl_typesupport_c/vision_msgs/msg/detection3_d_array__type_support.cpp.o
[7.325s] Scanning dependencies of target vision_msgs__rosidl_typesupport_introspection_c
[7.344s] [ 50%] Building CXX object CMakeFiles/vision_msgs__rosidl_typesupport_c.dir/rosidl_typesupport_c/vision_msgs/msg/detection3_d__type_support.cpp.o
[7.357s] [ 51%] Building CXX object CMakeFiles/vision_msgs__rosidl_typesupport_c.dir/rosidl_typesupport_c/vision_msgs/msg/object_hypothesis__type_support.cpp.o
[7.363s] [ 51%] Building CXX object CMakeFiles/vision_msgs__rosidl_typesupport_c.dir/rosidl_typesupport_c/vision_msgs/msg/object_hypothesis_with_pose__type_support.cpp.o
[7.365s] [ 52%] Building CXX object CMakeFiles/vision_msgs__rosidl_typesupport_fastrtps_cpp.dir/rosidl_typesupport_fastrtps_cpp/vision_msgs/msg/detail/dds_fastrtps/detection2_d__type_support.cpp.o
[7.366s] [ 53%] Building C object CMakeFiles/vision_msgs__rosidl_typesupport_introspection_c.dir/rosidl_typesupport_introspection_c/vision_msgs/msg/detail/bounding_box2_d__type_support.c.o
[7.386s] [ 54%] Building CXX object CMakeFiles/vision_msgs__rosidl_typesupport_c.dir/rosidl_typesupport_c/vision_msgs/msg/vision_info__type_support.cpp.o
[7.416s] [ 55%] Building C object CMakeFiles/vision_msgs__rosidl_typesupport_introspection_c.dir/rosidl_typesupport_introspection_c/vision_msgs/msg/detail/classification2_d__type_support.c.o
[7.417s] [ 56%] Building CXX object CMakeFiles/vision_msgs__rosidl_typesupport_fastrtps_cpp.dir/rosidl_typesupport_fastrtps_cpp/vision_msgs/msg/detail/dds_fastrtps/detection3_d_array__type_support.cpp.o
[7.425s] [ 56%] Building C object CMakeFiles/vision_msgs__rosidl_typesupport_introspection_c.dir/rosidl_typesupport_introspection_c/vision_msgs/msg/detail/bounding_box3_d__type_support.c.o
[7.436s] [ 57%] Linking CXX shared library libvision_msgs__rosidl_typesupport_c.so
[7.461s] [ 58%] Building C object CMakeFiles/vision_msgs__rosidl_typesupport_introspection_c.dir/rosidl_typesupport_introspection_c/vision_msgs/msg/detail/classification3_d__type_support.c.o
[7.508s] [ 60%] Building C object CMakeFiles/vision_msgs__rosidl_typesupport_introspection_c.dir/rosidl_typesupport_introspection_c/vision_msgs/msg/detail/detection2_d_array__type_support.c.o
[7.508s] [ 60%] Building C object CMakeFiles/vision_msgs__rosidl_typesupport_introspection_c.dir/rosidl_typesupport_introspection_c/vision_msgs/msg/detail/detection2_d__type_support.c.o
[7.509s] [ 61%] Building C object CMakeFiles/vision_msgs__rosidl_typesupport_introspection_c.dir/rosidl_typesupport_introspection_c/vision_msgs/msg/detail/detection3_d_array__type_support.c.o
[7.517s] [ 61%] Building CXX object CMakeFiles/vision_msgs__rosidl_typesupport_fastrtps_cpp.dir/rosidl_typesupport_fastrtps_cpp/vision_msgs/msg/detail/dds_fastrtps/detection3_d__type_support.cpp.o
[7.538s] [ 62%] Building CXX object CMakeFiles/vision_msgs__rosidl_typesupport_fastrtps_cpp.dir/rosidl_typesupport_fastrtps_cpp/vision_msgs/msg/detail/dds_fastrtps/object_hypothesis__type_support.cpp.o
[7.555s] [ 63%] Building C object CMakeFiles/vision_msgs__rosidl_typesupport_introspection_c.dir/rosidl_typesupport_introspection_c/vision_msgs/msg/detail/detection3_d__type_support.c.o
[7.565s] [ 63%] Building C object CMakeFiles/vision_msgs__rosidl_typesupport_introspection_c.dir/rosidl_typesupport_introspection_c/vision_msgs/msg/detail/object_hypothesis__type_support.c.o
[7.565s] [ 63%] Built target vision_msgs__rosidl_typesupport_c
[7.576s] [ 64%] Building CXX object CMakeFiles/vision_msgs__rosidl_typesupport_fastrtps_cpp.dir/rosidl_typesupport_fastrtps_cpp/vision_msgs/msg/detail/dds_fastrtps/object_hypothesis_with_pose__type_support.cpp.o
[7.580s] [ 65%] Building C object CMakeFiles/vision_msgs__rosidl_typesupport_introspection_c.dir/rosidl_typesupport_introspection_c/vision_msgs/msg/detail/object_hypothesis_with_pose__type_support.c.o
[7.612s] [ 66%] Building C object CMakeFiles/vision_msgs__rosidl_typesupport_introspection_c.dir/rosidl_typesupport_introspection_c/vision_msgs/msg/detail/vision_info__type_support.c.o
[7.638s] [ 67%] Building CXX object CMakeFiles/vision_msgs__rosidl_typesupport_fastrtps_cpp.dir/rosidl_typesupport_fastrtps_cpp/vision_msgs/msg/detail/dds_fastrtps/vision_info__type_support.cpp.o
[7.666s] [ 68%] Linking C shared library libvision_msgs__rosidl_typesupport_introspection_c.so
[7.703s] [ 69%] Linking CXX shared library libvision_msgs__rosidl_typesupport_introspection_cpp.so
[7.721s] [ 69%] Built target vision_msgs__rosidl_typesupport_introspection_c
[7.825s] [ 69%] Built target vision_msgs__rosidl_typesupport_introspection_cpp
[8.112s] [ 70%] Linking CXX shared library libvision_msgs__rosidl_typesupport_fastrtps_cpp.so
[8.188s] [ 70%] Built target vision_msgs__rosidl_typesupport_fastrtps_cpp
[8.197s] [ 71%] Generating C type support for eProsima Fast-RTPS
[9.318s] Scanning dependencies of target vision_msgs__rosidl_typesupport_fastrtps_c
[9.329s] [ 72%] Building CXX object CMakeFiles/vision_msgs__rosidl_typesupport_fastrtps_c.dir/rosidl_typesupport_fastrtps_c/vision_msgs/msg/detail/classification2_d__type_support_c.cpp.o
[9.330s] [ 73%] Building CXX object CMakeFiles/vision_msgs__rosidl_typesupport_fastrtps_c.dir/rosidl_typesupport_fastrtps_c/vision_msgs/msg/detail/detection2_d__type_support_c.cpp.o
[9.331s] [ 73%] Building CXX object CMakeFiles/vision_msgs__rosidl_typesupport_fastrtps_c.dir/rosidl_typesupport_fastrtps_c/vision_msgs/msg/detail/bounding_box3_d__type_support_c.cpp.o
[9.331s] [ 74%] Building CXX object CMakeFiles/vision_msgs__rosidl_typesupport_fastrtps_c.dir/rosidl_typesupport_fastrtps_c/vision_msgs/msg/detail/bounding_box2_d__type_support_c.cpp.o
[9.331s] [ 75%] Building CXX object CMakeFiles/vision_msgs__rosidl_typesupport_fastrtps_c.dir/rosidl_typesupport_fastrtps_c/vision_msgs/msg/detail/detection2_d_array__type_support_c.cpp.o
[9.332s] [ 76%] Building CXX object CMakeFiles/vision_msgs__rosidl_typesupport_fastrtps_c.dir/rosidl_typesupport_fastrtps_c/vision_msgs/msg/detail/detection3_d_array__type_support_c.cpp.o
[9.332s] [ 77%] Building CXX object CMakeFiles/vision_msgs__rosidl_typesupport_fastrtps_c.dir/rosidl_typesupport_fastrtps_c/vision_msgs/msg/detail/classification3_d__type_support_c.cpp.o
[9.332s] [ 78%] Building CXX object CMakeFiles/vision_msgs__rosidl_typesupport_fastrtps_c.dir/rosidl_typesupport_fastrtps_c/vision_msgs/msg/detail/detection3_d__type_support_c.cpp.o
[9.654s] [ 79%] Building CXX object CMakeFiles/vision_msgs__rosidl_typesupport_fastrtps_c.dir/rosidl_typesupport_fastrtps_c/vision_msgs/msg/detail/vision_info__type_support_c.cpp.o
[9.708s] [ 80%] Building CXX object CMakeFiles/vision_msgs__rosidl_typesupport_fastrtps_c.dir/rosidl_typesupport_fastrtps_c/vision_msgs/msg/detail/object_hypothesis_with_pose__type_support_c.cpp.o
[9.720s] [ 80%] Building CXX object CMakeFiles/vision_msgs__rosidl_typesupport_fastrtps_c.dir/rosidl_typesupport_fastrtps_c/vision_msgs/msg/detail/object_hypothesis__type_support_c.cpp.o
[9.982s] [ 81%] Linking CXX shared library libvision_msgs__rosidl_typesupport_fastrtps_c.so
[10.048s] [ 81%] Built target vision_msgs__rosidl_typesupport_fastrtps_c
[10.056s] Scanning dependencies of target vision_msgs
[10.063s] [ 81%] Built target vision_msgs
[10.071s] Scanning dependencies of target vision_msgs__py
[10.075s] Scanning dependencies of target vision_msgs_test
[10.079s] [ 82%] Generating Python code for ROS interfaces
[10.082s] [ 83%] Building CXX object CMakeFiles/vision_msgs_test.dir/test/main.cpp.o
[10.665s] [ 84%] Linking CXX executable vision_msgs_test
[10.756s] [ 84%] Built target vision_msgs_test
[12.438s] [ 84%] Built target vision_msgs__py
[12.477s] Scanning dependencies of target vision_msgs__python
[12.489s] [ 84%] Building C object CMakeFiles/vision_msgs__python.dir/rosidl_generator_py/vision_msgs/msg/_bounding_box2_d_s.c.o
[12.490s] [ 84%] Building C object CMakeFiles/vision_msgs__python.dir/rosidl_generator_py/vision_msgs/msg/_detection3_d_s.c.o
[12.490s] [ 85%] Building C object CMakeFiles/vision_msgs__python.dir/rosidl_generator_py/vision_msgs/msg/_bounding_box3_d_s.c.o
[12.491s] [ 86%] Building C object CMakeFiles/vision_msgs__python.dir/rosidl_generator_py/vision_msgs/msg/_classification2_d_s.c.o
[12.492s] [ 88%] Building C object CMakeFiles/vision_msgs__python.dir/rosidl_generator_py/vision_msgs/msg/_detection2_d_s.c.o
[12.492s] [ 88%] Building C object CMakeFiles/vision_msgs__python.dir/rosidl_generator_py/vision_msgs/msg/_classification3_d_s.c.o
[12.492s] [ 89%] Building C object CMakeFiles/vision_msgs__python.dir/rosidl_generator_py/vision_msgs/msg/_detection2_d_array_s.c.o
[12.493s] [ 90%] Building C object CMakeFiles/vision_msgs__python.dir/rosidl_generator_py/vision_msgs/msg/_detection3_d_array_s.c.o
[12.574s] [ 91%] Building C object CMakeFiles/vision_msgs__python.dir/rosidl_generator_py/vision_msgs/msg/_vision_info_s.c.o
[12.585s] [ 92%] Building C object CMakeFiles/vision_msgs__python.dir/rosidl_generator_py/vision_msgs/msg/_object_hypothesis_with_pose_s.c.o
[12.598s] [ 93%] Building C object CMakeFiles/vision_msgs__python.dir/rosidl_generator_py/vision_msgs/msg/_object_hypothesis_s.c.o
[12.682s] [ 94%] Linking C shared library rosidl_generator_py/vision_msgs/libvision_msgs__python.so
[12.721s] [ 94%] Built target vision_msgs__python
[12.734s] Scanning dependencies of target vision_msgs__rosidl_typesupport_introspection_c__pyext
[12.736s] Scanning dependencies of target vision_msgs__rosidl_typesupport_c__pyext
[12.738s] Scanning dependencies of target vision_msgs__rosidl_typesupport_fastrtps_c__pyext
[12.743s] [ 95%] Building C object CMakeFiles/vision_msgs__rosidl_typesupport_introspection_c__pyext.dir/rosidl_generator_py/vision_msgs/_vision_msgs_s.ep.rosidl_typesupport_introspection_c.c.o
[12.745s] [ 96%] Building C object CMakeFiles/vision_msgs__rosidl_typesupport_fastrtps_c__pyext.dir/rosidl_generator_py/vision_msgs/_vision_msgs_s.ep.rosidl_typesupport_fastrtps_c.c.o
[12.747s] [ 97%] Building C object CMakeFiles/vision_msgs__rosidl_typesupport_c__pyext.dir/rosidl_generator_py/vision_msgs/_vision_msgs_s.ep.rosidl_typesupport_c.c.o
[12.832s] [100%] Linking CXX shared library rosidl_generator_py/vision_msgs/vision_msgs_s__rosidl_typesupport_fastrtps_c.cpython-310-x86_64-linux-gnu.so
[12.833s] [100%] Linking C shared library rosidl_generator_py/vision_msgs/vision_msgs_s__rosidl_typesupport_introspection_c.cpython-310-x86_64-linux-gnu.so
[12.833s] [100%] Linking C shared library rosidl_generator_py/vision_msgs/vision_msgs_s__rosidl_typesupport_c.cpython-310-x86_64-linux-gnu.so
[12.865s] [100%] Built target vision_msgs__rosidl_typesupport_introspection_c__pyext
[12.865s] [100%] Built target vision_msgs__rosidl_typesupport_c__pyext
[12.886s] [100%] Built target vision_msgs__rosidl_typesupport_fastrtps_c__pyext
[12.896s] Invoked command in '/workspace/foxy_ws/build/vision_msgs' returned '0': AMENT_PREFIX_PATH=/workspace/foxy_ws/install CMAKE_PREFIX_PATH=/workspace/foxy_ws/install LD_LIBRARY_PATH=/workspace/foxy_ws/install/lib PATH=/workspace/foxy_ws/install/bin:${PATH} PKG_CONFIG_PATH=/workspace/foxy_ws/install/lib/x86_64-linux-gnu/pkgconfig:/workspace/foxy_ws/install/lib/pkgconfig PYTHONPATH=/workspace/foxy_ws/install/lib/python3.10/site-packages /usr/bin/cmake --build /workspace/foxy_ws/build/vision_msgs -- -j12 -l12
[12.992s] Invoking command in '/workspace/foxy_ws/build/vision_msgs': AMENT_PREFIX_PATH=/workspace/foxy_ws/install CMAKE_PREFIX_PATH=/workspace/foxy_ws/install LD_LIBRARY_PATH=/workspace/foxy_ws/install/lib PATH=/workspace/foxy_ws/install/bin:${PATH} PKG_CONFIG_PATH=/workspace/foxy_ws/install/lib/x86_64-linux-gnu/pkgconfig:/workspace/foxy_ws/install/lib/pkgconfig PYTHONPATH=/workspace/foxy_ws/install/lib/python3.10/site-packages /usr/bin/cmake --install /workspace/foxy_ws/build/vision_msgs
[13.000s] -- Install configuration: ""
[13.000s] -- Installing: /workspace/foxy_ws/install/share/ament_index/resource_index/rosidl_interfaces/vision_msgs
[13.000s] -- Installing: /workspace/foxy_ws/install/include/vision_msgs
[13.000s] -- Installing: /workspace/foxy_ws/install/include/vision_msgs/msg
[13.001s] -- Installing: /workspace/foxy_ws/install/include/vision_msgs/msg/bounding_box2_d.h
[13.001s] -- Installing: /workspace/foxy_ws/install/include/vision_msgs/msg/detection3_d.h
[13.001s] -- Installing: /workspace/foxy_ws/install/include/vision_msgs/msg/classification2_d.h
[13.001s] -- Installing: /workspace/foxy_ws/install/include/vision_msgs/msg/bounding_box3_d.h
[13.001s] -- Installing: /workspace/foxy_ws/install/include/vision_msgs/msg/detection2_d.h
[13.001s] -- Installing: /workspace/foxy_ws/install/include/vision_msgs/msg/object_hypothesis_with_pose.h
[13.002s] -- Installing: /workspace/foxy_ws/install/include/vision_msgs/msg/object_hypothesis.h
[13.002s] -- Installing: /workspace/foxy_ws/install/include/vision_msgs/msg/vision_info.h
[13.002s] -- Installing: /workspace/foxy_ws/install/include/vision_msgs/msg/rosidl_generator_c__visibility_control.h
[13.002s] -- Installing: /workspace/foxy_ws/install/include/vision_msgs/msg/detection3_d_array.h
[13.002s] -- Installing: /workspace/foxy_ws/install/include/vision_msgs/msg/detection2_d_array.h
[13.002s] -- Installing: /workspace/foxy_ws/install/include/vision_msgs/msg/detail
[13.002s] -- Installing: /workspace/foxy_ws/install/include/vision_msgs/msg/detail/classification2_d__struct.h
[13.003s] -- Installing: /workspace/foxy_ws/install/include/vision_msgs/msg/detail/bounding_box3_d__functions.c
[13.003s] -- Installing: /workspace/foxy_ws/install/include/vision_msgs/msg/detail/object_hypothesis__struct.h
[13.003s] -- Installing: /workspace/foxy_ws/install/include/vision_msgs/msg/detail/detection3_d_array__type_support.h
[13.003s] -- Installing: /workspace/foxy_ws/install/include/vision_msgs/msg/detail/detection2_d__functions.h
[13.003s] -- Installing: /workspace/foxy_ws/install/include/vision_msgs/msg/detail/object_hypothesis__type_support.h
[13.003s] -- Installing: /workspace/foxy_ws/install/include/vision_msgs/msg/detail/detection2_d__functions.c
[13.003s] -- Installing: /workspace/foxy_ws/install/include/vision_msgs/msg/detail/detection3_d_array__functions.c
[13.003s] -- Installing: /workspace/foxy_ws/install/include/vision_msgs/msg/detail/bounding_box3_d__struct.h
[13.003s] -- Installing: /workspace/foxy_ws/install/include/vision_msgs/msg/detail/vision_info__struct.h
[13.004s] -- Installing: /workspace/foxy_ws/install/include/vision_msgs/msg/detail/classification2_d__functions.h
[13.004s] -- Installing: /workspace/foxy_ws/install/include/vision_msgs/msg/detail/detection2_d_array__struct.h
[13.004s] -- Installing: /workspace/foxy_ws/install/include/vision_msgs/msg/detail/object_hypothesis_with_pose__struct.h
[13.004s] -- Installing: /workspace/foxy_ws/install/include/vision_msgs/msg/detail/detection2_d__type_support.h
[13.004s] -- Installing: /workspace/foxy_ws/install/include/vision_msgs/msg/detail/vision_info__type_support.h
[13.004s] -- Installing: /workspace/foxy_ws/install/include/vision_msgs/msg/detail/object_hypothesis_with_pose__functions.c
[13.004s] -- Installing: /workspace/foxy_ws/install/include/vision_msgs/msg/detail/detection3_d_array__struct.h
[13.004s] -- Installing: /workspace/foxy_ws/install/include/vision_msgs/msg/detail/vision_info__functions.h
[13.004s] -- Installing: /workspace/foxy_ws/install/include/vision_msgs/msg/detail/detection2_d_array__type_support.h
[13.004s] -- Installing: /workspace/foxy_ws/install/include/vision_msgs/msg/detail/detection2_d__struct.h
[13.004s] -- Installing: /workspace/foxy_ws/install/include/vision_msgs/msg/detail/object_hypothesis__functions.h
[13.005s] -- Installing: /workspace/foxy_ws/install/include/vision_msgs/msg/detail/detection2_d_array__functions.c
[13.005s] -- Installing: /workspace/foxy_ws/install/include/vision_msgs/msg/detail/classification3_d__functions.c
[13.005s] -- Installing: /workspace/foxy_ws/install/include/vision_msgs/msg/detail/detection3_d__struct.h
[13.005s] -- Installing: /workspace/foxy_ws/install/include/vision_msgs/msg/detail/detection2_d_array__functions.h
[13.005s] -- Installing: /workspace/foxy_ws/install/include/vision_msgs/msg/detail/detection3_d_array__functions.h
[13.005s] -- Installing: /workspace/foxy_ws/install/include/vision_msgs/msg/detail/classification2_d__functions.c
[13.005s] -- Installing: /workspace/foxy_ws/install/include/vision_msgs/msg/detail/object_hypothesis__functions.c
[13.005s] -- Installing: /workspace/foxy_ws/install/include/vision_msgs/msg/detail/bounding_box3_d__type_support.h
[13.005s] -- Installing: /workspace/foxy_ws/install/include/vision_msgs/msg/detail/vision_info__functions.c
[13.005s] -- Installing: /workspace/foxy_ws/install/include/vision_msgs/msg/detail/bounding_box2_d__functions.h
[13.005s] -- Installing: /workspace/foxy_ws/install/include/vision_msgs/msg/detail/detection3_d__type_support.h
[13.006s] -- Installing: /workspace/foxy_ws/install/include/vision_msgs/msg/detail/detection3_d__functions.h
[13.006s] -- Installing: /workspace/foxy_ws/install/include/vision_msgs/msg/detail/object_hypothesis_with_pose__type_support.h
[13.006s] -- Installing: /workspace/foxy_ws/install/include/vision_msgs/msg/detail/classification3_d__type_support.h
[13.006s] -- Installing: /workspace/foxy_ws/install/include/vision_msgs/msg/detail/classification3_d__functions.h
[13.006s] -- Installing: /workspace/foxy_ws/install/include/vision_msgs/msg/detail/detection3_d__functions.c
[13.006s] -- Installing: /workspace/foxy_ws/install/include/vision_msgs/msg/detail/classification3_d__struct.h
[13.006s] -- Installing: /workspace/foxy_ws/install/include/vision_msgs/msg/detail/classification2_d__type_support.h
[13.006s] -- Installing: /workspace/foxy_ws/install/include/vision_msgs/msg/detail/bounding_box2_d__struct.h
[13.006s] -- Installing: /workspace/foxy_ws/install/include/vision_msgs/msg/detail/bounding_box2_d__functions.c
[13.007s] -- Installing: /workspace/foxy_ws/install/include/vision_msgs/msg/detail/object_hypothesis_with_pose__functions.h
[13.007s] -- Installing: /workspace/foxy_ws/install/include/vision_msgs/msg/detail/bounding_box3_d__functions.h
[13.007s] -- Installing: /workspace/foxy_ws/install/include/vision_msgs/msg/detail/bounding_box2_d__type_support.h
[13.007s] -- Installing: /workspace/foxy_ws/install/include/vision_msgs/msg/classification3_d.h
[13.007s] -- Installing: /workspace/foxy_ws/install/share/vision_msgs/environment/library_path.sh
[13.007s] -- Installing: /workspace/foxy_ws/install/share/vision_msgs/environment/library_path.dsv
[13.007s] -- Installing: /workspace/foxy_ws/install/lib/libvision_msgs__rosidl_generator_c.so
[13.008s] -- Set runtime path of "/workspace/foxy_ws/install/lib/libvision_msgs__rosidl_generator_c.so" to ""
[13.008s] -- Up-to-date: /workspace/foxy_ws/install/include/vision_msgs
[13.008s] -- Up-to-date: /workspace/foxy_ws/install/include/vision_msgs/msg
[13.008s] -- Installing: /workspace/foxy_ws/install/include/vision_msgs/msg/rosidl_typesupport_fastrtps_c__visibility_control.h
[13.008s] -- Up-to-date: /workspace/foxy_ws/install/include/vision_msgs/msg/detail
[13.008s] -- Installing: /workspace/foxy_ws/install/include/vision_msgs/msg/detail/detection3_d__rosidl_typesupport_fastrtps_c.h
[13.009s] -- Installing: /workspace/foxy_ws/install/include/vision_msgs/msg/detail/vision_info__rosidl_typesupport_fastrtps_c.h
[13.009s] -- Installing: /workspace/foxy_ws/install/include/vision_msgs/msg/detail/classification2_d__rosidl_typesupport_fastrtps_c.h
[13.009s] -- Installing: /workspace/foxy_ws/install/include/vision_msgs/msg/detail/detection2_d__rosidl_typesupport_fastrtps_c.h
[13.009s] -- Installing: /workspace/foxy_ws/install/include/vision_msgs/msg/detail/detection2_d_array__rosidl_typesupport_fastrtps_c.h
[13.009s] -- Installing: /workspace/foxy_ws/install/include/vision_msgs/msg/detail/bounding_box3_d__rosidl_typesupport_fastrtps_c.h
[13.009s] -- Installing: /workspace/foxy_ws/install/include/vision_msgs/msg/detail/bounding_box2_d__rosidl_typesupport_fastrtps_c.h
[13.009s] -- Installing: /workspace/foxy_ws/install/include/vision_msgs/msg/detail/classification3_d__rosidl_typesupport_fastrtps_c.h
[13.009s] -- Installing: /workspace/foxy_ws/install/include/vision_msgs/msg/detail/detection3_d_array__rosidl_typesupport_fastrtps_c.h
[13.009s] -- Installing: /workspace/foxy_ws/install/include/vision_msgs/msg/detail/object_hypothesis_with_pose__rosidl_typesupport_fastrtps_c.h
[13.009s] -- Installing: /workspace/foxy_ws/install/include/vision_msgs/msg/detail/object_hypothesis__rosidl_typesupport_fastrtps_c.h
[13.009s] -- Installing: /workspace/foxy_ws/install/lib/libvision_msgs__rosidl_typesupport_fastrtps_c.so
[13.010s] -- Set runtime path of "/workspace/foxy_ws/install/lib/libvision_msgs__rosidl_typesupport_fastrtps_c.so" to ""
[13.010s] -- Up-to-date: /workspace/foxy_ws/install/include/vision_msgs
[13.010s] -- Up-to-date: /workspace/foxy_ws/install/include/vision_msgs/msg
[13.010s] -- Installing: /workspace/foxy_ws/install/include/vision_msgs/msg/rosidl_typesupport_fastrtps_cpp__visibility_control.h
[13.010s] -- Up-to-date: /workspace/foxy_ws/install/include/vision_msgs/msg/detail
[13.010s] -- Installing: /workspace/foxy_ws/install/include/vision_msgs/msg/detail/detection2_d_array__rosidl_typesupport_fastrtps_cpp.hpp
[13.011s] -- Installing: /workspace/foxy_ws/install/include/vision_msgs/msg/detail/detection2_d__rosidl_typesupport_fastrtps_cpp.hpp
[13.011s] -- Installing: /workspace/foxy_ws/install/include/vision_msgs/msg/detail/bounding_box3_d__rosidl_typesupport_fastrtps_cpp.hpp
[13.011s] -- Installing: /workspace/foxy_ws/install/include/vision_msgs/msg/detail/detection3_d__rosidl_typesupport_fastrtps_cpp.hpp
[13.011s] -- Installing: /workspace/foxy_ws/install/include/vision_msgs/msg/detail/bounding_box2_d__rosidl_typesupport_fastrtps_cpp.hpp
[13.011s] -- Installing: /workspace/foxy_ws/install/include/vision_msgs/msg/detail/object_hypothesis_with_pose__rosidl_typesupport_fastrtps_cpp.hpp
[13.011s] -- Installing: /workspace/foxy_ws/install/include/vision_msgs/msg/detail/classification2_d__rosidl_typesupport_fastrtps_cpp.hpp
[13.011s] -- Installing: /workspace/foxy_ws/install/include/vision_msgs/msg/detail/dds_fastrtps
[13.011s] -- Installing: /workspace/foxy_ws/install/include/vision_msgs/msg/detail/vision_info__rosidl_typesupport_fastrtps_cpp.hpp
[13.011s] -- Installing: /workspace/foxy_ws/install/include/vision_msgs/msg/detail/classification3_d__rosidl_typesupport_fastrtps_cpp.hpp
[13.011s] -- Installing: /workspace/foxy_ws/install/include/vision_msgs/msg/detail/object_hypothesis__rosidl_typesupport_fastrtps_cpp.hpp
[13.011s] -- Installing: /workspace/foxy_ws/install/include/vision_msgs/msg/detail/detection3_d_array__rosidl_typesupport_fastrtps_cpp.hpp
[13.011s] -- Installing: /workspace/foxy_ws/install/lib/libvision_msgs__rosidl_typesupport_fastrtps_cpp.so
[13.011s] -- Set runtime path of "/workspace/foxy_ws/install/lib/libvision_msgs__rosidl_typesupport_fastrtps_cpp.so" to ""
[13.012s] -- Up-to-date: /workspace/foxy_ws/install/include/vision_msgs
[13.012s] -- Up-to-date: /workspace/foxy_ws/install/include/vision_msgs/msg
[13.012s] -- Installing: /workspace/foxy_ws/install/include/vision_msgs/msg/rosidl_typesupport_introspection_c__visibility_control.h
[13.012s] -- Up-to-date: /workspace/foxy_ws/install/include/vision_msgs/msg/detail
[13.012s] -- Installing: /workspace/foxy_ws/install/include/vision_msgs/msg/detail/detection3_d__type_support.c
[13.012s] -- Installing: /workspace/foxy_ws/install/include/vision_msgs/msg/detail/detection2_d__type_support.c
[13.012s] -- Installing: /workspace/foxy_ws/install/include/vision_msgs/msg/detail/object_hypothesis__rosidl_typesupport_introspection_c.h
[13.012s] -- Installing: /workspace/foxy_ws/install/include/vision_msgs/msg/detail/bounding_box3_d__rosidl_typesupport_introspection_c.h
[13.012s] -- Installing: /workspace/foxy_ws/install/include/vision_msgs/msg/detail/classification3_d__type_support.c
[13.012s] -- Installing: /workspace/foxy_ws/install/include/vision_msgs/msg/detail/detection2_d__rosidl_typesupport_introspection_c.h
[13.012s] -- Installing: /workspace/foxy_ws/install/include/vision_msgs/msg/detail/detection2_d_array__type_support.c
[13.013s] -- Installing: /workspace/foxy_ws/install/include/vision_msgs/msg/detail/bounding_box3_d__type_support.c
[13.013s] -- Installing: /workspace/foxy_ws/install/include/vision_msgs/msg/detail/bounding_box2_d__type_support.c
[13.013s] -- Installing: /workspace/foxy_ws/install/include/vision_msgs/msg/detail/vision_info__rosidl_typesupport_introspection_c.h
[13.013s] -- Installing: /workspace/foxy_ws/install/include/vision_msgs/msg/detail/vision_info__type_support.c
[13.013s] -- Installing: /workspace/foxy_ws/install/include/vision_msgs/msg/detail/classification3_d__rosidl_typesupport_introspection_c.h
[13.013s] -- Installing: /workspace/foxy_ws/install/include/vision_msgs/msg/detail/object_hypothesis__type_support.c
[13.013s] -- Installing: /workspace/foxy_ws/install/include/vision_msgs/msg/detail/detection3_d__rosidl_typesupport_introspection_c.h
[13.014s] -- Installing: /workspace/foxy_ws/install/include/vision_msgs/msg/detail/detection3_d_array__rosidl_typesupport_introspection_c.h
[13.014s] -- Installing: /workspace/foxy_ws/install/include/vision_msgs/msg/detail/object_hypothesis_with_pose__rosidl_typesupport_introspection_c.h
[13.014s] -- Installing: /workspace/foxy_ws/install/include/vision_msgs/msg/detail/detection3_d_array__type_support.c
[13.014s] -- Installing: /workspace/foxy_ws/install/include/vision_msgs/msg/detail/object_hypothesis_with_pose__type_support.c
[13.014s] -- Installing: /workspace/foxy_ws/install/include/vision_msgs/msg/detail/detection2_d_array__rosidl_typesupport_introspection_c.h
[13.014s] -- Installing: /workspace/foxy_ws/install/include/vision_msgs/msg/detail/bounding_box2_d__rosidl_typesupport_introspection_c.h
[13.014s] -- Installing: /workspace/foxy_ws/install/include/vision_msgs/msg/detail/classification2_d__rosidl_typesupport_introspection_c.h
[13.014s] -- Installing: /workspace/foxy_ws/install/include/vision_msgs/msg/detail/classification2_d__type_support.c
[13.014s] -- Installing: /workspace/foxy_ws/install/lib/libvision_msgs__rosidl_typesupport_introspection_c.so
[13.014s] -- Set runtime path of "/workspace/foxy_ws/install/lib/libvision_msgs__rosidl_typesupport_introspection_c.so" to ""
[13.014s] -- Installing: /workspace/foxy_ws/install/lib/libvision_msgs__rosidl_typesupport_c.so
[13.015s] -- Set runtime path of "/workspace/foxy_ws/install/lib/libvision_msgs__rosidl_typesupport_c.so" to ""
[13.015s] -- Up-to-date: /workspace/foxy_ws/install/include/vision_msgs
[13.015s] -- Up-to-date: /workspace/foxy_ws/install/include/vision_msgs/msg
[13.015s] -- Installing: /workspace/foxy_ws/install/include/vision_msgs/msg/object_hypothesis.hpp
[13.015s] -- Installing: /workspace/foxy_ws/install/include/vision_msgs/msg/vision_info.hpp
[13.015s] -- Installing: /workspace/foxy_ws/install/include/vision_msgs/msg/bounding_box3_d.hpp
[13.015s] -- Installing: /workspace/foxy_ws/install/include/vision_msgs/msg/detection3_d_array.hpp
[13.015s] -- Installing: /workspace/foxy_ws/install/include/vision_msgs/msg/rosidl_generator_cpp__visibility_control.hpp
[13.016s] -- Installing: /workspace/foxy_ws/install/include/vision_msgs/msg/detection2_d.hpp
[13.016s] -- Installing: /workspace/foxy_ws/install/include/vision_msgs/msg/bounding_box2_d.hpp
[13.016s] -- Installing: /workspace/foxy_ws/install/include/vision_msgs/msg/classification2_d.hpp
[13.016s] -- Installing: /workspace/foxy_ws/install/include/vision_msgs/msg/object_hypothesis_with_pose.hpp
[13.016s] -- Up-to-date: /workspace/foxy_ws/install/include/vision_msgs/msg/detail
[13.016s] -- Installing: /workspace/foxy_ws/install/include/vision_msgs/msg/detail/object_hypothesis__struct.hpp
[13.016s] -- Installing: /workspace/foxy_ws/install/include/vision_msgs/msg/detail/bounding_box3_d__traits.hpp
[13.016s] -- Installing: /workspace/foxy_ws/install/include/vision_msgs/msg/detail/detection3_d__type_support.hpp
[13.016s] -- Installing: /workspace/foxy_ws/install/include/vision_msgs/msg/detail/classification2_d__struct.hpp
[13.016s] -- Installing: /workspace/foxy_ws/install/include/vision_msgs/msg/detail/detection3_d_array__traits.hpp
[13.017s] -- Installing: /workspace/foxy_ws/install/include/vision_msgs/msg/detail/bounding_box2_d__struct.hpp
[13.017s] -- Installing: /workspace/foxy_ws/install/include/vision_msgs/msg/detail/object_hypothesis_with_pose__builder.hpp
[13.017s] -- Installing: /workspace/foxy_ws/install/include/vision_msgs/msg/detail/bounding_box3_d__struct.hpp
[13.017s] -- Installing: /workspace/foxy_ws/install/include/vision_msgs/msg/detail/detection2_d__builder.hpp
[13.017s] -- Installing: /workspace/foxy_ws/install/include/vision_msgs/msg/detail/detection2_d_array__builder.hpp
[13.017s] -- Installing: /workspace/foxy_ws/install/include/vision_msgs/msg/detail/detection3_d_array__struct.hpp
[13.017s] -- Installing: /workspace/foxy_ws/install/include/vision_msgs/msg/detail/classification2_d__traits.hpp
[13.017s] -- Installing: /workspace/foxy_ws/install/include/vision_msgs/msg/detail/bounding_box2_d__traits.hpp
[13.017s] -- Installing: /workspace/foxy_ws/install/include/vision_msgs/msg/detail/object_hypothesis_with_pose__type_support.hpp
[13.017s] -- Installing: /workspace/foxy_ws/install/include/vision_msgs/msg/detail/object_hypothesis__type_support.hpp
[13.017s] -- Installing: /workspace/foxy_ws/install/include/vision_msgs/msg/detail/object_hypothesis_with_pose__traits.hpp
[13.018s] -- Installing: /workspace/foxy_ws/install/include/vision_msgs/msg/detail/detection3_d__struct.hpp
[13.018s] -- Installing: /workspace/foxy_ws/install/include/vision_msgs/msg/detail/detection2_d_array__struct.hpp
[13.018s] -- Installing: /workspace/foxy_ws/install/include/vision_msgs/msg/detail/classification2_d__type_support.hpp
[13.018s] -- Installing: /workspace/foxy_ws/install/include/vision_msgs/msg/detail/vision_info__traits.hpp
[13.018s] -- Installing: /workspace/foxy_ws/install/include/vision_msgs/msg/detail/classification3_d__builder.hpp
[13.018s] -- Installing: /workspace/foxy_ws/install/include/vision_msgs/msg/detail/bounding_box3_d__type_support.hpp
[13.018s] -- Installing: /workspace/foxy_ws/install/include/vision_msgs/msg/detail/detection2_d_array__traits.hpp
[13.018s] -- Installing: /workspace/foxy_ws/install/include/vision_msgs/msg/detail/classification3_d__struct.hpp
[13.018s] -- Installing: /workspace/foxy_ws/install/include/vision_msgs/msg/detail/vision_info__struct.hpp
[13.018s] -- Installing: /workspace/foxy_ws/install/include/vision_msgs/msg/detail/object_hypothesis_with_pose__struct.hpp
[13.018s] -- Installing: /workspace/foxy_ws/install/include/vision_msgs/msg/detail/vision_info__type_support.hpp
[13.019s] -- Installing: /workspace/foxy_ws/install/include/vision_msgs/msg/detail/bounding_box3_d__builder.hpp
[13.019s] -- Installing: /workspace/foxy_ws/install/include/vision_msgs/msg/detail/detection3_d_array__type_support.hpp
[13.019s] -- Installing: /workspace/foxy_ws/install/include/vision_msgs/msg/detail/detection2_d_array__type_support.hpp
[13.019s] -- Installing: /workspace/foxy_ws/install/include/vision_msgs/msg/detail/detection2_d__struct.hpp
[13.019s] -- Installing: /workspace/foxy_ws/install/include/vision_msgs/msg/detail/classification2_d__builder.hpp
[13.019s] -- Installing: /workspace/foxy_ws/install/include/vision_msgs/msg/detail/classification3_d__traits.hpp
[13.019s] -- Installing: /workspace/foxy_ws/install/include/vision_msgs/msg/detail/vision_info__builder.hpp
[13.019s] -- Installing: /workspace/foxy_ws/install/include/vision_msgs/msg/detail/object_hypothesis__builder.hpp
[13.019s] -- Installing: /workspace/foxy_ws/install/include/vision_msgs/msg/detail/detection2_d__type_support.hpp
[13.019s] -- Installing: /workspace/foxy_ws/install/include/vision_msgs/msg/detail/detection2_d__traits.hpp
[13.020s] -- Installing: /workspace/foxy_ws/install/include/vision_msgs/msg/detail/detection3_d__traits.hpp
[13.020s] -- Installing: /workspace/foxy_ws/install/include/vision_msgs/msg/detail/bounding_box2_d__builder.hpp
[13.020s] -- Installing: /workspace/foxy_ws/install/include/vision_msgs/msg/detail/bounding_box2_d__type_support.hpp
[13.020s] -- Installing: /workspace/foxy_ws/install/include/vision_msgs/msg/detail/detection3_d__builder.hpp
[13.020s] -- Installing: /workspace/foxy_ws/install/include/vision_msgs/msg/detail/detection3_d_array__builder.hpp
[13.020s] -- Installing: /workspace/foxy_ws/install/include/vision_msgs/msg/detail/object_hypothesis__traits.hpp
[13.020s] -- Installing: /workspace/foxy_ws/install/include/vision_msgs/msg/detail/classification3_d__type_support.hpp
[13.020s] -- Installing: /workspace/foxy_ws/install/include/vision_msgs/msg/detection2_d_array.hpp
[13.020s] -- Installing: /workspace/foxy_ws/install/include/vision_msgs/msg/detection3_d.hpp
[13.020s] -- Installing: /workspace/foxy_ws/install/include/vision_msgs/msg/classification3_d.hpp
[13.020s] -- Up-to-date: /workspace/foxy_ws/install/include/vision_msgs
[13.021s] -- Up-to-date: /workspace/foxy_ws/install/include/vision_msgs/msg
[13.021s] -- Up-to-date: /workspace/foxy_ws/install/include/vision_msgs/msg/detail
[13.021s] -- Installing: /workspace/foxy_ws/install/include/vision_msgs/msg/detail/detection2_d__rosidl_typesupport_introspection_cpp.hpp
[13.021s] -- Installing: /workspace/foxy_ws/install/include/vision_msgs/msg/detail/bounding_box2_d__type_support.cpp
[13.021s] -- Installing: /workspace/foxy_ws/install/include/vision_msgs/msg/detail/vision_info__rosidl_typesupport_introspection_cpp.hpp
[13.021s] -- Installing: /workspace/foxy_ws/install/include/vision_msgs/msg/detail/bounding_box2_d__rosidl_typesupport_introspection_cpp.hpp
[13.021s] -- Installing: /workspace/foxy_ws/install/include/vision_msgs/msg/detail/vision_info__type_support.cpp
[13.021s] -- Installing: /workspace/foxy_ws/install/include/vision_msgs/msg/detail/classification3_d__rosidl_typesupport_introspection_cpp.hpp
[13.021s] -- Installing: /workspace/foxy_ws/install/include/vision_msgs/msg/detail/classification2_d__rosidl_typesupport_introspection_cpp.hpp
[13.021s] -- Installing: /workspace/foxy_ws/install/include/vision_msgs/msg/detail/object_hypothesis__rosidl_typesupport_introspection_cpp.hpp
[13.021s] -- Installing: /workspace/foxy_ws/install/include/vision_msgs/msg/detail/detection3_d__type_support.cpp
[13.022s] -- Installing: /workspace/foxy_ws/install/include/vision_msgs/msg/detail/detection3_d_array__rosidl_typesupport_introspection_cpp.hpp
[13.022s] -- Installing: /workspace/foxy_ws/install/include/vision_msgs/msg/detail/object_hypothesis__type_support.cpp
[13.022s] -- Installing: /workspace/foxy_ws/install/include/vision_msgs/msg/detail/bounding_box3_d__rosidl_typesupport_introspection_cpp.hpp
[13.022s] -- Installing: /workspace/foxy_ws/install/include/vision_msgs/msg/detail/detection3_d__rosidl_typesupport_introspection_cpp.hpp
[13.022s] -- Installing: /workspace/foxy_ws/install/include/vision_msgs/msg/detail/classification2_d__type_support.cpp
[13.022s] -- Installing: /workspace/foxy_ws/install/include/vision_msgs/msg/detail/detection2_d_array__rosidl_typesupport_introspection_cpp.hpp
[13.022s] -- Installing: /workspace/foxy_ws/install/include/vision_msgs/msg/detail/bounding_box3_d__type_support.cpp
[13.022s] -- Installing: /workspace/foxy_ws/install/include/vision_msgs/msg/detail/object_hypothesis_with_pose__rosidl_typesupport_introspection_cpp.hpp
[13.022s] -- Installing: /workspace/foxy_ws/install/include/vision_msgs/msg/detail/object_hypothesis_with_pose__type_support.cpp
[13.022s] -- Installing: /workspace/foxy_ws/install/include/vision_msgs/msg/detail/detection2_d_array__type_support.cpp
[13.022s] -- Installing: /workspace/foxy_ws/install/include/vision_msgs/msg/detail/detection2_d__type_support.cpp
[13.023s] -- Installing: /workspace/foxy_ws/install/include/vision_msgs/msg/detail/classification3_d__type_support.cpp
[13.023s] -- Installing: /workspace/foxy_ws/install/include/vision_msgs/msg/detail/detection3_d_array__type_support.cpp
[13.023s] -- Installing: /workspace/foxy_ws/install/lib/libvision_msgs__rosidl_typesupport_introspection_cpp.so
[13.023s] -- Set runtime path of "/workspace/foxy_ws/install/lib/libvision_msgs__rosidl_typesupport_introspection_cpp.so" to ""
[13.023s] -- Installing: /workspace/foxy_ws/install/lib/libvision_msgs__rosidl_typesupport_cpp.so
[13.024s] -- Set runtime path of "/workspace/foxy_ws/install/lib/libvision_msgs__rosidl_typesupport_cpp.so" to ""
[13.024s] -- Installing: /workspace/foxy_ws/install/share/vision_msgs/environment/pythonpath.sh
[13.024s] -- Installing: /workspace/foxy_ws/install/share/vision_msgs/environment/pythonpath.dsv
[13.024s] -- Installing: /workspace/foxy_ws/install/lib/python3.10/site-packages/vision_msgs/__init__.py
[13.049s] Compiling '/workspace/foxy_ws/install/lib/python3.10/site-packages/vision_msgs/__init__.py'...
[13.053s] -- Installing: /workspace/foxy_ws/install/lib/python3.10/site-packages/vision_msgs/msg
[13.053s] -- Installing: /workspace/foxy_ws/install/lib/python3.10/site-packages/vision_msgs/msg/_detection3_d_array_s.c
[13.053s] -- Installing: /workspace/foxy_ws/install/lib/python3.10/site-packages/vision_msgs/msg/_object_hypothesis_s.c
[13.053s] -- Installing: /workspace/foxy_ws/install/lib/python3.10/site-packages/vision_msgs/msg/_detection3_d_s.c
[13.053s] -- Installing: /workspace/foxy_ws/install/lib/python3.10/site-packages/vision_msgs/msg/_bounding_box2_d.py
[13.053s] -- Installing: /workspace/foxy_ws/install/lib/python3.10/site-packages/vision_msgs/msg/_vision_info_s.c
[13.053s] -- Installing: /workspace/foxy_ws/install/lib/python3.10/site-packages/vision_msgs/msg/_detection2_d_array.py
[13.054s] -- Installing: /workspace/foxy_ws/install/lib/python3.10/site-packages/vision_msgs/msg/_classification3_d_s.c
[13.054s] -- Installing: /workspace/foxy_ws/install/lib/python3.10/site-packages/vision_msgs/msg/_classification2_d.py
[13.054s] -- Installing: /workspace/foxy_ws/install/lib/python3.10/site-packages/vision_msgs/msg/_object_hypothesis.py
[13.054s] -- Installing: /workspace/foxy_ws/install/lib/python3.10/site-packages/vision_msgs/msg/_detection3_d.py
[13.054s] -- Installing: /workspace/foxy_ws/install/lib/python3.10/site-packages/vision_msgs/msg/_detection2_d_array_s.c
[13.054s] -- Installing: /workspace/foxy_ws/install/lib/python3.10/site-packages/vision_msgs/msg/_bounding_box3_d_s.c
[13.054s] -- Installing: /workspace/foxy_ws/install/lib/python3.10/site-packages/vision_msgs/msg/_vision_info.py
[13.054s] -- Installing: /workspace/foxy_ws/install/lib/python3.10/site-packages/vision_msgs/msg/_object_hypothesis_with_pose.py
[13.054s] -- Installing: /workspace/foxy_ws/install/lib/python3.10/site-packages/vision_msgs/msg/_detection2_d_s.c
[13.055s] -- Installing: /workspace/foxy_ws/install/lib/python3.10/site-packages/vision_msgs/msg/_classification2_d_s.c
[13.055s] -- Installing: /workspace/foxy_ws/install/lib/python3.10/site-packages/vision_msgs/msg/_detection2_d.py
[13.055s] -- Installing: /workspace/foxy_ws/install/lib/python3.10/site-packages/vision_msgs/msg/_detection3_d_array.py
[13.055s] -- Installing: /workspace/foxy_ws/install/lib/python3.10/site-packages/vision_msgs/msg/__init__.py
[13.055s] -- Installing: /workspace/foxy_ws/install/lib/python3.10/site-packages/vision_msgs/msg/_object_hypothesis_with_pose_s.c
[13.055s] -- Installing: /workspace/foxy_ws/install/lib/python3.10/site-packages/vision_msgs/msg/_bounding_box2_d_s.c
[13.055s] -- Installing: /workspace/foxy_ws/install/lib/python3.10/site-packages/vision_msgs/msg/_bounding_box3_d.py
[13.055s] -- Installing: /workspace/foxy_ws/install/lib/python3.10/site-packages/vision_msgs/msg/_classification3_d.py
[13.056s] -- Installing: /workspace/foxy_ws/install/lib/python3.10/site-packages/vision_msgs/vision_msgs_s__rosidl_typesupport_fastrtps_c.cpython-310-x86_64-linux-gnu.so
[13.056s] -- Set runtime path of "/workspace/foxy_ws/install/lib/python3.10/site-packages/vision_msgs/vision_msgs_s__rosidl_typesupport_fastrtps_c.cpython-310-x86_64-linux-gnu.so" to ""
[13.056s] -- Installing: /workspace/foxy_ws/install/lib/python3.10/site-packages/vision_msgs/vision_msgs_s__rosidl_typesupport_introspection_c.cpython-310-x86_64-linux-gnu.so
[13.057s] -- Set runtime path of "/workspace/foxy_ws/install/lib/python3.10/site-packages/vision_msgs/vision_msgs_s__rosidl_typesupport_introspection_c.cpython-310-x86_64-linux-gnu.so" to ""
[13.057s] -- Installing: /workspace/foxy_ws/install/lib/python3.10/site-packages/vision_msgs/vision_msgs_s__rosidl_typesupport_c.cpython-310-x86_64-linux-gnu.so
[13.058s] -- Set runtime path of "/workspace/foxy_ws/install/lib/python3.10/site-packages/vision_msgs/vision_msgs_s__rosidl_typesupport_c.cpython-310-x86_64-linux-gnu.so" to ""
[13.058s] -- Installing: /workspace/foxy_ws/install/lib/libvision_msgs__python.so
[13.058s] -- Set runtime path of "/workspace/foxy_ws/install/lib/libvision_msgs__python.so" to ""
[13.058s] -- Installing: /workspace/foxy_ws/install/share/vision_msgs/msg/BoundingBox2D.idl
[13.058s] -- Installing: /workspace/foxy_ws/install/share/vision_msgs/msg/BoundingBox3D.idl
[13.058s] -- Installing: /workspace/foxy_ws/install/share/vision_msgs/msg/Classification2D.idl
[13.059s] -- Installing: /workspace/foxy_ws/install/share/vision_msgs/msg/Classification3D.idl
[13.059s] -- Installing: /workspace/foxy_ws/install/share/vision_msgs/msg/Detection2DArray.idl
[13.059s] -- Installing: /workspace/foxy_ws/install/share/vision_msgs/msg/Detection2D.idl
[13.059s] -- Installing: /workspace/foxy_ws/install/share/vision_msgs/msg/Detection3DArray.idl
[13.059s] -- Installing: /workspace/foxy_ws/install/share/vision_msgs/msg/Detection3D.idl
[13.059s] -- Installing: /workspace/foxy_ws/install/share/vision_msgs/msg/ObjectHypothesis.idl
[13.060s] -- Installing: /workspace/foxy_ws/install/share/vision_msgs/msg/ObjectHypothesisWithPose.idl
[13.060s] -- Installing: /workspace/foxy_ws/install/share/vision_msgs/msg/VisionInfo.idl
[13.060s] -- Installing: /workspace/foxy_ws/install/share/vision_msgs/msg/BoundingBox2D.msg
[13.060s] -- Installing: /workspace/foxy_ws/install/share/vision_msgs/msg/BoundingBox3D.msg
[13.060s] -- Installing: /workspace/foxy_ws/install/share/vision_msgs/msg/Classification2D.msg
[13.060s] -- Installing: /workspace/foxy_ws/install/share/vision_msgs/msg/Classification3D.msg
[13.060s] -- Installing: /workspace/foxy_ws/install/share/vision_msgs/msg/Detection2DArray.msg
[13.061s] -- Installing: /workspace/foxy_ws/install/share/vision_msgs/msg/Detection2D.msg
[13.061s] -- Installing: /workspace/foxy_ws/install/share/vision_msgs/msg/Detection3DArray.msg
[13.061s] -- Installing: /workspace/foxy_ws/install/share/vision_msgs/msg/Detection3D.msg
[13.061s] -- Installing: /workspace/foxy_ws/install/share/vision_msgs/msg/ObjectHypothesis.msg
[13.061s] -- Installing: /workspace/foxy_ws/install/share/vision_msgs/msg/ObjectHypothesisWithPose.msg
[13.061s] -- Installing: /workspace/foxy_ws/install/share/vision_msgs/msg/VisionInfo.msg
[13.062s] -- Up-to-date: /workspace/foxy_ws/install/include/vision_msgs
[13.062s] -- Installing: /workspace/foxy_ws/install/include/vision_msgs/create_aabb.hpp
[13.062s] -- Installing: /workspace/foxy_ws/install/share/ament_index/resource_index/package_run_dependencies/vision_msgs
[13.062s] -- Installing: /workspace/foxy_ws/install/share/ament_index/resource_index/parent_prefix_path/vision_msgs
[13.062s] -- Installing: /workspace/foxy_ws/install/share/vision_msgs/environment/ament_prefix_path.sh
[13.062s] -- Installing: /workspace/foxy_ws/install/share/vision_msgs/environment/ament_prefix_path.dsv
[13.062s] -- Installing: /workspace/foxy_ws/install/share/vision_msgs/environment/path.sh
[13.063s] -- Installing: /workspace/foxy_ws/install/share/vision_msgs/environment/path.dsv
[13.063s] -- Installing: /workspace/foxy_ws/install/share/vision_msgs/local_setup.bash
[13.063s] -- Installing: /workspace/foxy_ws/install/share/vision_msgs/local_setup.sh
[13.063s] -- Installing: /workspace/foxy_ws/install/share/vision_msgs/local_setup.zsh
[13.063s] -- Installing: /workspace/foxy_ws/install/share/vision_msgs/local_setup.dsv
[13.063s] -- Installing: /workspace/foxy_ws/install/share/vision_msgs/package.dsv
[13.063s] -- Installing: /workspace/foxy_ws/install/share/ament_index/resource_index/packages/vision_msgs
[13.063s] -- Installing: /workspace/foxy_ws/install/share/vision_msgs/cmake/vision_msgs__rosidl_generator_cExport.cmake
[13.064s] -- Installing: /workspace/foxy_ws/install/share/vision_msgs/cmake/vision_msgs__rosidl_generator_cExport-noconfig.cmake
[13.064s] -- Installing: /workspace/foxy_ws/install/share/vision_msgs/cmake/vision_msgs__rosidl_typesupport_introspection_cExport.cmake
[13.064s] -- Installing: /workspace/foxy_ws/install/share/vision_msgs/cmake/vision_msgs__rosidl_typesupport_introspection_cExport-noconfig.cmake
[13.064s] -- Installing: /workspace/foxy_ws/install/share/vision_msgs/cmake/vision_msgs__rosidl_typesupport_cExport.cmake
[13.064s] -- Installing: /workspace/foxy_ws/install/share/vision_msgs/cmake/vision_msgs__rosidl_typesupport_cExport-noconfig.cmake
[13.064s] -- Installing: /workspace/foxy_ws/install/share/vision_msgs/cmake/vision_msgs__rosidl_generator_cppExport.cmake
[13.065s] -- Installing: /workspace/foxy_ws/install/share/vision_msgs/cmake/vision_msgs__rosidl_typesupport_introspection_cppExport.cmake
[13.065s] -- Installing: /workspace/foxy_ws/install/share/vision_msgs/cmake/vision_msgs__rosidl_typesupport_introspection_cppExport-noconfig.cmake
[13.065s] -- Installing: /workspace/foxy_ws/install/share/vision_msgs/cmake/vision_msgs__rosidl_typesupport_cppExport.cmake
[13.065s] -- Installing: /workspace/foxy_ws/install/share/vision_msgs/cmake/vision_msgs__rosidl_typesupport_cppExport-noconfig.cmake
[13.065s] -- Installing: /workspace/foxy_ws/install/share/vision_msgs/cmake/rosidl_cmake-extras.cmake
[13.065s] -- Installing: /workspace/foxy_ws/install/share/vision_msgs/cmake/ament_cmake_export_dependencies-extras.cmake
[13.065s] -- Installing: /workspace/foxy_ws/install/share/vision_msgs/cmake/ament_cmake_export_libraries-extras.cmake
[13.066s] -- Installing: /workspace/foxy_ws/install/share/vision_msgs/cmake/ament_cmake_export_targets-extras.cmake
[13.066s] -- Installing: /workspace/foxy_ws/install/share/vision_msgs/cmake/ament_cmake_export_include_directories-extras.cmake
[13.066s] -- Installing: /workspace/foxy_ws/install/share/vision_msgs/cmake/rosidl_cmake_export_typesupport_libraries-extras.cmake
[13.066s] -- Installing: /workspace/foxy_ws/install/share/vision_msgs/cmake/rosidl_cmake_export_typesupport_targets-extras.cmake
[13.066s] -- Installing: /workspace/foxy_ws/install/share/vision_msgs/cmake/vision_msgsConfig.cmake
[13.066s] -- Installing: /workspace/foxy_ws/install/share/vision_msgs/cmake/vision_msgsConfig-version.cmake
[13.066s] -- Installing: /workspace/foxy_ws/install/share/vision_msgs/package.xml
[13.068s] Invoked command in '/workspace/foxy_ws/build/vision_msgs' returned '0': AMENT_PREFIX_PATH=/workspace/foxy_ws/install CMAKE_PREFIX_PATH=/workspace/foxy_ws/install LD_LIBRARY_PATH=/workspace/foxy_ws/install/lib PATH=/workspace/foxy_ws/install/bin:${PATH} PKG_CONFIG_PATH=/workspace/foxy_ws/install/lib/x86_64-linux-gnu/pkgconfig:/workspace/foxy_ws/install/lib/pkgconfig PYTHONPATH=/workspace/foxy_ws/install/lib/python3.10/site-packages /usr/bin/cmake --install /workspace/foxy_ws/build/vision_msgs
