running egg_info
creating ../../../build/ament_uncrustify/ament_uncrustify.egg-info
writing ../../../build/ament_uncrustify/ament_uncrustify.egg-info/PKG-INFO
writing dependency_links to ../../../build/ament_uncrustify/ament_uncrustify.egg-info/dependency_links.txt
writing entry points to ../../../build/ament_uncrustify/ament_uncrustify.egg-info/entry_points.txt
writing requirements to ../../../build/ament_uncrustify/ament_uncrustify.egg-info/requires.txt
writing top-level names to ../../../build/ament_uncrustify/ament_uncrustify.egg-info/top_level.txt
writing manifest file '../../../build/ament_uncrustify/ament_uncrustify.egg-info/SOURCES.txt'
reading manifest file '../../../build/ament_uncrustify/ament_uncrustify.egg-info/SOURCES.txt'
writing manifest file '../../../build/ament_uncrustify/ament_uncrustify.egg-info/SOURCES.txt'
running build
running build_py
creating /workspace/foxy_ws/build/ament_uncrustify/build
creating /workspace/foxy_ws/build/ament_uncrustify/build/lib
creating /workspace/foxy_ws/build/ament_uncrustify/build/lib/ament_uncrustify
copying ament_uncrustify/main.py -> /workspace/foxy_ws/build/ament_uncrustify/build/lib/ament_uncrustify
copying ament_uncrustify/__init__.py -> /workspace/foxy_ws/build/ament_uncrustify/build/lib/ament_uncrustify
creating /workspace/foxy_ws/build/ament_uncrustify/build/lib/ament_uncrustify/configuration
copying ament_uncrustify/configuration/ament_code_style.cfg -> /workspace/foxy_ws/build/ament_uncrustify/build/lib/ament_uncrustify/configuration
running install
running install_lib
creating /workspace/foxy_ws/install/lib/python3.10/site-packages/ament_uncrustify
copying /workspace/foxy_ws/build/ament_uncrustify/build/lib/ament_uncrustify/main.py -> /workspace/foxy_ws/install/lib/python3.10/site-packages/ament_uncrustify
copying /workspace/foxy_ws/build/ament_uncrustify/build/lib/ament_uncrustify/__init__.py -> /workspace/foxy_ws/install/lib/python3.10/site-packages/ament_uncrustify
creating /workspace/foxy_ws/install/lib/python3.10/site-packages/ament_uncrustify/configuration
copying /workspace/foxy_ws/build/ament_uncrustify/build/lib/ament_uncrustify/configuration/ament_code_style.cfg -> /workspace/foxy_ws/install/lib/python3.10/site-packages/ament_uncrustify/configuration
byte-compiling /workspace/foxy_ws/install/lib/python3.10/site-packages/ament_uncrustify/main.py to main.cpython-310.pyc
byte-compiling /workspace/foxy_ws/install/lib/python3.10/site-packages/ament_uncrustify/__init__.py to __init__.cpython-310.pyc
running install_data
copying package.xml -> /workspace/foxy_ws/install/share/ament_uncrustify
copying resource/ament_uncrustify -> /workspace/foxy_ws/install/share/ament_index/resource_index/packages
running install_egg_info
Copying ../../../build/ament_uncrustify/ament_uncrustify.egg-info to /workspace/foxy_ws/install/lib/python3.10/site-packages/ament_uncrustify-0.9.8-py3.10.egg-info
running install_scripts
Installing ament_uncrustify script to /workspace/foxy_ws/install/bin
writing list of installed files to '/workspace/foxy_ws/build/ament_uncrustify/install.log'
