[0.421s] Invoking command in '/workspace/foxy_ws/src/ament_lint/ament_uncrustify': AMENT_PREFIX_PATH=/workspace/foxy_ws/install CMAKE_PREFIX_PATH=/workspace/foxy_ws/install LD_LIBRARY_PATH=/workspace/foxy_ws/install/lib PATH=/workspace/foxy_ws/install/bin:${PATH} PYTHONPATH=/workspace/foxy_ws/build/ament_uncrustify/prefix_override:/workspace/foxy_ws/install/lib/python3.10/site-packages:/workspace/foxy_ws/install/lib/python3.10/site-packages /usr/bin/python3 -W ignore:setup.py install is deprecated setup.py egg_info --egg-base ../../../build/ament_uncrustify build --build-base /workspace/foxy_ws/build/ament_uncrustify/build install --record /workspace/foxy_ws/build/ament_uncrustify/install.log --single-version-externally-managed install_data
[0.577s] running egg_info
[0.577s] creating ../../../build/ament_uncrustify/ament_uncrustify.egg-info
[0.577s] writing ../../../build/ament_uncrustify/ament_uncrustify.egg-info/PKG-INFO
[0.577s] writing dependency_links to ../../../build/ament_uncrustify/ament_uncrustify.egg-info/dependency_links.txt
[0.577s] writing entry points to ../../../build/ament_uncrustify/ament_uncrustify.egg-info/entry_points.txt
[0.578s] writing requirements to ../../../build/ament_uncrustify/ament_uncrustify.egg-info/requires.txt
[0.578s] writing top-level names to ../../../build/ament_uncrustify/ament_uncrustify.egg-info/top_level.txt
[0.578s] writing manifest file '../../../build/ament_uncrustify/ament_uncrustify.egg-info/SOURCES.txt'
[0.579s] reading manifest file '../../../build/ament_uncrustify/ament_uncrustify.egg-info/SOURCES.txt'
[0.579s] writing manifest file '../../../build/ament_uncrustify/ament_uncrustify.egg-info/SOURCES.txt'
[0.579s] running build
[0.580s] running build_py
[0.580s] creating /workspace/foxy_ws/build/ament_uncrustify/build
[0.580s] creating /workspace/foxy_ws/build/ament_uncrustify/build/lib
[0.580s] creating /workspace/foxy_ws/build/ament_uncrustify/build/lib/ament_uncrustify
[0.580s] copying ament_uncrustify/main.py -> /workspace/foxy_ws/build/ament_uncrustify/build/lib/ament_uncrustify
[0.580s] copying ament_uncrustify/__init__.py -> /workspace/foxy_ws/build/ament_uncrustify/build/lib/ament_uncrustify
[0.580s] creating /workspace/foxy_ws/build/ament_uncrustify/build/lib/ament_uncrustify/configuration
[0.580s] copying ament_uncrustify/configuration/ament_code_style.cfg -> /workspace/foxy_ws/build/ament_uncrustify/build/lib/ament_uncrustify/configuration
[0.580s] running install
[0.580s] running install_lib
[0.581s] creating /workspace/foxy_ws/install/lib/python3.10/site-packages/ament_uncrustify
[0.581s] copying /workspace/foxy_ws/build/ament_uncrustify/build/lib/ament_uncrustify/main.py -> /workspace/foxy_ws/install/lib/python3.10/site-packages/ament_uncrustify
[0.581s] copying /workspace/foxy_ws/build/ament_uncrustify/build/lib/ament_uncrustify/__init__.py -> /workspace/foxy_ws/install/lib/python3.10/site-packages/ament_uncrustify
[0.581s] creating /workspace/foxy_ws/install/lib/python3.10/site-packages/ament_uncrustify/configuration
[0.581s] copying /workspace/foxy_ws/build/ament_uncrustify/build/lib/ament_uncrustify/configuration/ament_code_style.cfg -> /workspace/foxy_ws/install/lib/python3.10/site-packages/ament_uncrustify/configuration
[0.582s] byte-compiling /workspace/foxy_ws/install/lib/python3.10/site-packages/ament_uncrustify/main.py to main.cpython-310.pyc
[0.584s] byte-compiling /workspace/foxy_ws/install/lib/python3.10/site-packages/ament_uncrustify/__init__.py to __init__.cpython-310.pyc
[0.584s] running install_data
[0.584s] copying package.xml -> /workspace/foxy_ws/install/share/ament_uncrustify
[0.585s] copying resource/ament_uncrustify -> /workspace/foxy_ws/install/share/ament_index/resource_index/packages
[0.585s] running install_egg_info
[0.586s] Copying ../../../build/ament_uncrustify/ament_uncrustify.egg-info to /workspace/foxy_ws/install/lib/python3.10/site-packages/ament_uncrustify-0.9.8-py3.10.egg-info
[0.587s] running install_scripts
[0.601s] Installing ament_uncrustify script to /workspace/foxy_ws/install/bin
[0.601s] writing list of installed files to '/workspace/foxy_ws/build/ament_uncrustify/install.log'
[0.619s] Invoked command in '/workspace/foxy_ws/src/ament_lint/ament_uncrustify' returned '0': AMENT_PREFIX_PATH=/workspace/foxy_ws/install CMAKE_PREFIX_PATH=/workspace/foxy_ws/install LD_LIBRARY_PATH=/workspace/foxy_ws/install/lib PATH=/workspace/foxy_ws/install/bin:${PATH} PYTHONPATH=/workspace/foxy_ws/build/ament_uncrustify/prefix_override:/workspace/foxy_ws/install/lib/python3.10/site-packages:/workspace/foxy_ws/install/lib/python3.10/site-packages /usr/bin/python3 -W ignore:setup.py install is deprecated setup.py egg_info --egg-base ../../../build/ament_uncrustify build --build-base /workspace/foxy_ws/build/ament_uncrustify/build install --record /workspace/foxy_ws/build/ament_uncrustify/install.log --single-version-externally-managed install_data
