-- The C compiler identification is GNU 9.4.0
-- The CXX compiler identification is GNU 9.4.0
-- Check for working C compiler: /usr/bin/cc
-- Check for working C compiler: /usr/bin/cc -- works
-- Detecting C compiler ABI info
-- Detecting C compiler ABI info - done
-- Detecting C compile features
-- Detecting C compile features - done
-- Check for working CXX compiler: /usr/bin/c++
-- Check for working CXX compiler: /usr/bin/c++ -- works
-- Detecting CXX compiler ABI info
-- Detecting CXX compiler ABI info - done
-- Detecting CXX compile features
-- Detecting CXX compile features - done
-- Found ament_cmake: 0.9.12 (/workspace/foxy_ws/install/share/ament_cmake/cmake)
-- Found PythonInterp: /usr/bin/python3 (found suitable version "3.10.14", minimum required is "3") 
-- Using PYTHON_EXECUTABLE: /usr/bin/python3
-- Found builtin_interfaces: 1.0.0 (/workspace/foxy_ws/install/share/builtin_interfaces/cmake)
-- Using all available rosidl_typesupport_c: rosidl_typesupport_fastrtps_c;rosidl_typesupport_introspection_c
-- Found rosidl_adapter: 1.3.1 (/workspace/foxy_ws/install/share/rosidl_adapter/cmake)
-- Found OpenSSL: /usr/lib/x86_64-linux-gnu/libcrypto.so (found version "1.1.1f")  
-- Found FastRTPS: /workspace/foxy_ws/install/include  
-- Using all available rosidl_typesupport_cpp: rosidl_typesupport_fastrtps_cpp;rosidl_typesupport_introspection_cpp
-- Found geometry_msgs: 2.0.5 (/workspace/foxy_ws/install/share/geometry_msgs/cmake)
-- Found rosidl_default_generators: 1.0.1 (/workspace/foxy_ws/install/share/rosidl_default_generators/cmake)
-- Found PythonInterp: /usr/bin/python3 (found version "3.10.14") 
-- Found ament_cmake_cppcheck: 0.9.8 (/workspace/foxy_ws/install/share/ament_cmake_cppcheck/cmake)
-- Found ament_cmake_cpplint: 0.9.8 (/workspace/foxy_ws/install/share/ament_cmake_cpplint/cmake)
-- Found ament_cmake_uncrustify: 0.9.8 (/workspace/foxy_ws/install/share/ament_cmake_uncrustify/cmake)
-- Found ament_cmake_ros: 0.9.2 (/workspace/foxy_ws/install/share/ament_cmake_ros/cmake)
-- Using all available rosidl_typesupport_c: rosidl_typesupport_fastrtps_c;rosidl_typesupport_introspection_c
-- Using all available rosidl_typesupport_cpp: rosidl_typesupport_fastrtps_cpp;rosidl_typesupport_introspection_cpp
-- Found PythonInterp: /usr/bin/python3 (found suitable version "3.10.14", minimum required is "3.5") 
-- Found python_cmake_module: 0.8.1 (/workspace/foxy_ws/install/share/python_cmake_module/cmake)
-- Found PythonLibs: /usr/lib/x86_64-linux-gnu/libpython3.10.so (found suitable version "3.10.14", minimum required is "3.5") 
-- Using PYTHON_EXECUTABLE: /usr/bin/python3
-- Using PYTHON_INCLUDE_DIRS: /usr/include/python3.10
-- Using PYTHON_LIBRARIES: /usr/lib/x86_64-linux-gnu/libpython3.10.so
-- Found PythonExtra: .so  
<string>:1: DeprecationWarning: The distutils package is deprecated and slated for removal in Python 3.12. Use setuptools or check PEP 632 for potential alternatives
<string>:1: DeprecationWarning: The distutils.sysconfig module is deprecated, use sysconfig instead
-- Using numpy include directory: /usr/local/lib/python3.10/dist-packages/numpy/core/include
-- Found ament_cmake_flake8: 0.9.8 (/workspace/foxy_ws/install/share/ament_cmake_flake8/cmake)
-- Found ament_cmake_pep257: 0.9.8 (/workspace/foxy_ws/install/share/ament_cmake_pep257/cmake)
-- Configuring done
-- Generating done
-- Build files have been written to: /workspace/foxy_ws/build/nav_msgs
Scanning dependencies of target nav_msgs__cpp
[  1%] Generating C code for ROS interfaces
[  2%] Generating C++ code for ROS interfaces
[  2%] Built target nav_msgs__cpp
[  3%] Generating C++ type support dispatch for ROS interfaces
[  4%] Generating C++ type support for eProsima Fast-RTPS
[  5%] Generating C++ introspection for ROS interfaces
Scanning dependencies of target nav_msgs__rosidl_generator_c
[  6%] Building C object CMakeFiles/nav_msgs__rosidl_generator_c.dir/rosidl_generator_c/nav_msgs/msg/detail/grid_cells__functions.c.o
[  8%] Building C object CMakeFiles/nav_msgs__rosidl_generator_c.dir/rosidl_generator_c/nav_msgs/msg/detail/map_meta_data__functions.c.o
[  9%] Building C object CMakeFiles/nav_msgs__rosidl_generator_c.dir/rosidl_generator_c/nav_msgs/msg/detail/occupancy_grid__functions.c.o
[ 10%] Building C object CMakeFiles/nav_msgs__rosidl_generator_c.dir/rosidl_generator_c/nav_msgs/msg/detail/odometry__functions.c.o
[ 11%] Building C object CMakeFiles/nav_msgs__rosidl_generator_c.dir/rosidl_generator_c/nav_msgs/srv/detail/get_map__functions.c.o
[ 12%] Building C object CMakeFiles/nav_msgs__rosidl_generator_c.dir/rosidl_generator_c/nav_msgs/msg/detail/path__functions.c.o
[ 13%] Building C object CMakeFiles/nav_msgs__rosidl_generator_c.dir/rosidl_generator_c/nav_msgs/srv/detail/get_plan__functions.c.o
[ 14%] Building C object CMakeFiles/nav_msgs__rosidl_generator_c.dir/rosidl_generator_c/nav_msgs/srv/detail/set_map__functions.c.o
[ 16%] Linking C shared library libnav_msgs__rosidl_generator_c.so
[ 16%] Built target nav_msgs__rosidl_generator_c
[ 17%] Generating C introspection for ROS interfaces
[ 18%] Generating C type support dispatch for ROS interfaces
Scanning dependencies of target nav_msgs__rosidl_typesupport_cpp
[ 19%] Building CXX object CMakeFiles/nav_msgs__rosidl_typesupport_cpp.dir/rosidl_typesupport_cpp/nav_msgs/msg/grid_cells__type_support.cpp.o
[ 20%] Building CXX object CMakeFiles/nav_msgs__rosidl_typesupport_cpp.dir/rosidl_typesupport_cpp/nav_msgs/msg/map_meta_data__type_support.cpp.o
[ 21%] Building CXX object CMakeFiles/nav_msgs__rosidl_typesupport_cpp.dir/rosidl_typesupport_cpp/nav_msgs/msg/odometry__type_support.cpp.o
[ 22%] Building CXX object CMakeFiles/nav_msgs__rosidl_typesupport_cpp.dir/rosidl_typesupport_cpp/nav_msgs/msg/path__type_support.cpp.o
[ 24%] Building CXX object CMakeFiles/nav_msgs__rosidl_typesupport_cpp.dir/rosidl_typesupport_cpp/nav_msgs/msg/occupancy_grid__type_support.cpp.o
[ 25%] Building CXX object CMakeFiles/nav_msgs__rosidl_typesupport_cpp.dir/rosidl_typesupport_cpp/nav_msgs/srv/get_map__type_support.cpp.o
[ 26%] Building CXX object CMakeFiles/nav_msgs__rosidl_typesupport_cpp.dir/rosidl_typesupport_cpp/nav_msgs/srv/get_plan__type_support.cpp.o
Scanning dependencies of target nav_msgs__rosidl_typesupport_introspection_cpp
[ 27%] Building CXX object CMakeFiles/nav_msgs__rosidl_typesupport_introspection_cpp.dir/rosidl_typesupport_introspection_cpp/nav_msgs/msg/detail/grid_cells__type_support.cpp.o
[ 28%] Building CXX object CMakeFiles/nav_msgs__rosidl_typesupport_cpp.dir/rosidl_typesupport_cpp/nav_msgs/srv/set_map__type_support.cpp.o
[ 29%] Building CXX object CMakeFiles/nav_msgs__rosidl_typesupport_introspection_cpp.dir/rosidl_typesupport_introspection_cpp/nav_msgs/msg/detail/map_meta_data__type_support.cpp.o
[ 31%] Building CXX object CMakeFiles/nav_msgs__rosidl_typesupport_introspection_cpp.dir/rosidl_typesupport_introspection_cpp/nav_msgs/msg/detail/occupancy_grid__type_support.cpp.o
[ 32%] Building CXX object CMakeFiles/nav_msgs__rosidl_typesupport_introspection_cpp.dir/rosidl_typesupport_introspection_cpp/nav_msgs/msg/detail/odometry__type_support.cpp.o
Scanning dependencies of target nav_msgs__rosidl_typesupport_fastrtps_cpp
[ 33%] Building CXX object CMakeFiles/nav_msgs__rosidl_typesupport_fastrtps_cpp.dir/rosidl_typesupport_fastrtps_cpp/nav_msgs/msg/detail/dds_fastrtps/grid_cells__type_support.cpp.o
[ 34%] Linking CXX shared library libnav_msgs__rosidl_typesupport_cpp.so
[ 35%] Building CXX object CMakeFiles/nav_msgs__rosidl_typesupport_introspection_cpp.dir/rosidl_typesupport_introspection_cpp/nav_msgs/srv/detail/set_map__type_support.cpp.o
[ 36%] Building CXX object CMakeFiles/nav_msgs__rosidl_typesupport_fastrtps_cpp.dir/rosidl_typesupport_fastrtps_cpp/nav_msgs/msg/detail/dds_fastrtps/map_meta_data__type_support.cpp.o
[ 37%] Building CXX object CMakeFiles/nav_msgs__rosidl_typesupport_introspection_cpp.dir/rosidl_typesupport_introspection_cpp/nav_msgs/srv/detail/get_plan__type_support.cpp.o
[ 37%] Built target nav_msgs__rosidl_typesupport_cpp
[ 39%] Building CXX object CMakeFiles/nav_msgs__rosidl_typesupport_fastrtps_cpp.dir/rosidl_typesupport_fastrtps_cpp/nav_msgs/msg/detail/dds_fastrtps/occupancy_grid__type_support.cpp.o
[ 40%] Building CXX object CMakeFiles/nav_msgs__rosidl_typesupport_fastrtps_cpp.dir/rosidl_typesupport_fastrtps_cpp/nav_msgs/msg/detail/dds_fastrtps/odometry__type_support.cpp.o
Scanning dependencies of target nav_msgs__rosidl_typesupport_c
[ 41%] Building CXX object CMakeFiles/nav_msgs__rosidl_typesupport_introspection_cpp.dir/rosidl_typesupport_introspection_cpp/nav_msgs/msg/detail/path__type_support.cpp.o
[ 42%] Building CXX object CMakeFiles/nav_msgs__rosidl_typesupport_introspection_cpp.dir/rosidl_typesupport_introspection_cpp/nav_msgs/srv/detail/get_map__type_support.cpp.o
[ 43%] Building CXX object CMakeFiles/nav_msgs__rosidl_typesupport_c.dir/rosidl_typesupport_c/nav_msgs/msg/grid_cells__type_support.cpp.o
[ 44%] Building CXX object CMakeFiles/nav_msgs__rosidl_typesupport_c.dir/rosidl_typesupport_c/nav_msgs/msg/map_meta_data__type_support.cpp.o
[ 45%] Building CXX object CMakeFiles/nav_msgs__rosidl_typesupport_c.dir/rosidl_typesupport_c/nav_msgs/msg/occupancy_grid__type_support.cpp.o
[ 47%] Building CXX object CMakeFiles/nav_msgs__rosidl_typesupport_c.dir/rosidl_typesupport_c/nav_msgs/msg/odometry__type_support.cpp.o
[ 48%] Building CXX object CMakeFiles/nav_msgs__rosidl_typesupport_fastrtps_cpp.dir/rosidl_typesupport_fastrtps_cpp/nav_msgs/srv/detail/dds_fastrtps/get_map__type_support.cpp.o
[ 49%] Building CXX object CMakeFiles/nav_msgs__rosidl_typesupport_fastrtps_cpp.dir/rosidl_typesupport_fastrtps_cpp/nav_msgs/msg/detail/dds_fastrtps/path__type_support.cpp.o
[ 50%] Building CXX object CMakeFiles/nav_msgs__rosidl_typesupport_c.dir/rosidl_typesupport_c/nav_msgs/msg/path__type_support.cpp.o
[ 51%] Building CXX object CMakeFiles/nav_msgs__rosidl_typesupport_c.dir/rosidl_typesupport_c/nav_msgs/srv/get_map__type_support.cpp.o
Scanning dependencies of target nav_msgs__rosidl_typesupport_introspection_c
[ 52%] Building CXX object CMakeFiles/nav_msgs__rosidl_typesupport_c.dir/rosidl_typesupport_c/nav_msgs/srv/get_plan__type_support.cpp.o
[ 54%] Building CXX object CMakeFiles/nav_msgs__rosidl_typesupport_c.dir/rosidl_typesupport_c/nav_msgs/srv/set_map__type_support.cpp.o
[ 55%] Building C object CMakeFiles/nav_msgs__rosidl_typesupport_introspection_c.dir/rosidl_typesupport_introspection_c/nav_msgs/msg/detail/grid_cells__type_support.c.o
[ 56%] Building C object CMakeFiles/nav_msgs__rosidl_typesupport_introspection_c.dir/rosidl_typesupport_introspection_c/nav_msgs/msg/detail/map_meta_data__type_support.c.o
[ 57%] Building C object CMakeFiles/nav_msgs__rosidl_typesupport_introspection_c.dir/rosidl_typesupport_introspection_c/nav_msgs/msg/detail/occupancy_grid__type_support.c.o
[ 58%] Linking CXX shared library libnav_msgs__rosidl_typesupport_c.so
[ 59%] Linking CXX shared library libnav_msgs__rosidl_typesupport_introspection_cpp.so
[ 60%] Building CXX object CMakeFiles/nav_msgs__rosidl_typesupport_fastrtps_cpp.dir/rosidl_typesupport_fastrtps_cpp/nav_msgs/srv/detail/dds_fastrtps/set_map__type_support.cpp.o
[ 62%] Building C object CMakeFiles/nav_msgs__rosidl_typesupport_introspection_c.dir/rosidl_typesupport_introspection_c/nav_msgs/msg/detail/odometry__type_support.c.o
[ 63%] Building C object CMakeFiles/nav_msgs__rosidl_typesupport_introspection_c.dir/rosidl_typesupport_introspection_c/nav_msgs/msg/detail/path__type_support.c.o
[ 64%] Building C object CMakeFiles/nav_msgs__rosidl_typesupport_introspection_c.dir/rosidl_typesupport_introspection_c/nav_msgs/srv/detail/get_map__type_support.c.o
[ 65%] Building CXX object CMakeFiles/nav_msgs__rosidl_typesupport_fastrtps_cpp.dir/rosidl_typesupport_fastrtps_cpp/nav_msgs/srv/detail/dds_fastrtps/get_plan__type_support.cpp.o
[ 66%] Building C object CMakeFiles/nav_msgs__rosidl_typesupport_introspection_c.dir/rosidl_typesupport_introspection_c/nav_msgs/srv/detail/get_plan__type_support.c.o
[ 66%] Built target nav_msgs__rosidl_typesupport_c
[ 67%] Building C object CMakeFiles/nav_msgs__rosidl_typesupport_introspection_c.dir/rosidl_typesupport_introspection_c/nav_msgs/srv/detail/set_map__type_support.c.o
[ 67%] Built target nav_msgs__rosidl_typesupport_introspection_cpp
[ 68%] Linking C shared library libnav_msgs__rosidl_typesupport_introspection_c.so
[ 68%] Built target nav_msgs__rosidl_typesupport_introspection_c
[ 70%] Linking CXX shared library libnav_msgs__rosidl_typesupport_fastrtps_cpp.so
[ 70%] Built target nav_msgs__rosidl_typesupport_fastrtps_cpp
[ 71%] Generating C type support for eProsima Fast-RTPS
Scanning dependencies of target nav_msgs__rosidl_typesupport_fastrtps_c
[ 72%] Building CXX object CMakeFiles/nav_msgs__rosidl_typesupport_fastrtps_c.dir/rosidl_typesupport_fastrtps_c/nav_msgs/msg/detail/map_meta_data__type_support_c.cpp.o
[ 73%] Building CXX object CMakeFiles/nav_msgs__rosidl_typesupport_fastrtps_c.dir/rosidl_typesupport_fastrtps_c/nav_msgs/msg/detail/grid_cells__type_support_c.cpp.o
[ 74%] Building CXX object CMakeFiles/nav_msgs__rosidl_typesupport_fastrtps_c.dir/rosidl_typesupport_fastrtps_c/nav_msgs/msg/detail/occupancy_grid__type_support_c.cpp.o
[ 75%] Building CXX object CMakeFiles/nav_msgs__rosidl_typesupport_fastrtps_c.dir/rosidl_typesupport_fastrtps_c/nav_msgs/msg/detail/path__type_support_c.cpp.o
[ 77%] Building CXX object CMakeFiles/nav_msgs__rosidl_typesupport_fastrtps_c.dir/rosidl_typesupport_fastrtps_c/nav_msgs/msg/detail/odometry__type_support_c.cpp.o
[ 78%] Building CXX object CMakeFiles/nav_msgs__rosidl_typesupport_fastrtps_c.dir/rosidl_typesupport_fastrtps_c/nav_msgs/srv/detail/set_map__type_support_c.cpp.o
[ 79%] Building CXX object CMakeFiles/nav_msgs__rosidl_typesupport_fastrtps_c.dir/rosidl_typesupport_fastrtps_c/nav_msgs/srv/detail/get_plan__type_support_c.cpp.o
[ 80%] Building CXX object CMakeFiles/nav_msgs__rosidl_typesupport_fastrtps_c.dir/rosidl_typesupport_fastrtps_c/nav_msgs/srv/detail/get_map__type_support_c.cpp.o
[ 81%] Linking CXX shared library libnav_msgs__rosidl_typesupport_fastrtps_c.so
[ 81%] Built target nav_msgs__rosidl_typesupport_fastrtps_c
Scanning dependencies of target nav_msgs
[ 81%] Built target nav_msgs
Scanning dependencies of target nav_msgs__py
[ 82%] Generating Python code for ROS interfaces
[ 82%] Built target nav_msgs__py
Scanning dependencies of target nav_msgs__python
[ 83%] Building C object CMakeFiles/nav_msgs__python.dir/rosidl_generator_py/nav_msgs/msg/_grid_cells_s.c.o
[ 85%] Building C object CMakeFiles/nav_msgs__python.dir/rosidl_generator_py/nav_msgs/srv/_set_map_s.c.o
[ 86%] Building C object CMakeFiles/nav_msgs__python.dir/rosidl_generator_py/nav_msgs/srv/_get_plan_s.c.o
[ 87%] Building C object CMakeFiles/nav_msgs__python.dir/rosidl_generator_py/nav_msgs/srv/_get_map_s.c.o
[ 88%] Building C object CMakeFiles/nav_msgs__python.dir/rosidl_generator_py/nav_msgs/msg/_path_s.c.o
[ 89%] Building C object CMakeFiles/nav_msgs__python.dir/rosidl_generator_py/nav_msgs/msg/_odometry_s.c.o
[ 90%] Building C object CMakeFiles/nav_msgs__python.dir/rosidl_generator_py/nav_msgs/msg/_occupancy_grid_s.c.o
[ 91%] Building C object CMakeFiles/nav_msgs__python.dir/rosidl_generator_py/nav_msgs/msg/_map_meta_data_s.c.o
[ 93%] Linking C shared library rosidl_generator_py/nav_msgs/libnav_msgs__python.so
[ 93%] Built target nav_msgs__python
Scanning dependencies of target nav_msgs__rosidl_typesupport_c__pyext
[ 94%] Building C object CMakeFiles/nav_msgs__rosidl_typesupport_c__pyext.dir/rosidl_generator_py/nav_msgs/_nav_msgs_s.ep.rosidl_typesupport_c.c.o
[ 95%] Linking C shared library rosidl_generator_py/nav_msgs/nav_msgs_s__rosidl_typesupport_c.cpython-310-x86_64-linux-gnu.so
[ 95%] Built target nav_msgs__rosidl_typesupport_c__pyext
Scanning dependencies of target nav_msgs__rosidl_typesupport_introspection_c__pyext
[ 96%] Building C object CMakeFiles/nav_msgs__rosidl_typesupport_introspection_c__pyext.dir/rosidl_generator_py/nav_msgs/_nav_msgs_s.ep.rosidl_typesupport_introspection_c.c.o
[ 97%] Linking C shared library rosidl_generator_py/nav_msgs/nav_msgs_s__rosidl_typesupport_introspection_c.cpython-310-x86_64-linux-gnu.so
[ 97%] Built target nav_msgs__rosidl_typesupport_introspection_c__pyext
Scanning dependencies of target nav_msgs__rosidl_typesupport_fastrtps_c__pyext
[ 98%] Building C object CMakeFiles/nav_msgs__rosidl_typesupport_fastrtps_c__pyext.dir/rosidl_generator_py/nav_msgs/_nav_msgs_s.ep.rosidl_typesupport_fastrtps_c.c.o
[100%] Linking CXX shared library rosidl_generator_py/nav_msgs/nav_msgs_s__rosidl_typesupport_fastrtps_c.cpython-310-x86_64-linux-gnu.so
[100%] Built target nav_msgs__rosidl_typesupport_fastrtps_c__pyext
-- Install configuration: ""
-- Installing: /workspace/foxy_ws/install/share/ament_index/resource_index/rosidl_interfaces/nav_msgs
-- Installing: /workspace/foxy_ws/install/include/nav_msgs
-- Installing: /workspace/foxy_ws/install/include/nav_msgs/msg
-- Installing: /workspace/foxy_ws/install/include/nav_msgs/msg/occupancy_grid.h
-- Installing: /workspace/foxy_ws/install/include/nav_msgs/msg/grid_cells.h
-- Installing: /workspace/foxy_ws/install/include/nav_msgs/msg/rosidl_generator_c__visibility_control.h
-- Installing: /workspace/foxy_ws/install/include/nav_msgs/msg/odometry.h
-- Installing: /workspace/foxy_ws/install/include/nav_msgs/msg/map_meta_data.h
-- Installing: /workspace/foxy_ws/install/include/nav_msgs/msg/detail
-- Installing: /workspace/foxy_ws/install/include/nav_msgs/msg/detail/map_meta_data__functions.h
-- Installing: /workspace/foxy_ws/install/include/nav_msgs/msg/detail/path__type_support.h
-- Installing: /workspace/foxy_ws/install/include/nav_msgs/msg/detail/grid_cells__functions.c
-- Installing: /workspace/foxy_ws/install/include/nav_msgs/msg/detail/path__functions.h
-- Installing: /workspace/foxy_ws/install/include/nav_msgs/msg/detail/grid_cells__functions.h
-- Installing: /workspace/foxy_ws/install/include/nav_msgs/msg/detail/occupancy_grid__struct.h
-- Installing: /workspace/foxy_ws/install/include/nav_msgs/msg/detail/grid_cells__type_support.h
-- Installing: /workspace/foxy_ws/install/include/nav_msgs/msg/detail/occupancy_grid__functions.h
-- Installing: /workspace/foxy_ws/install/include/nav_msgs/msg/detail/map_meta_data__functions.c
-- Installing: /workspace/foxy_ws/install/include/nav_msgs/msg/detail/map_meta_data__type_support.h
-- Installing: /workspace/foxy_ws/install/include/nav_msgs/msg/detail/occupancy_grid__type_support.h
-- Installing: /workspace/foxy_ws/install/include/nav_msgs/msg/detail/map_meta_data__struct.h
-- Installing: /workspace/foxy_ws/install/include/nav_msgs/msg/detail/odometry__functions.c
-- Installing: /workspace/foxy_ws/install/include/nav_msgs/msg/detail/grid_cells__struct.h
-- Installing: /workspace/foxy_ws/install/include/nav_msgs/msg/detail/occupancy_grid__functions.c
-- Installing: /workspace/foxy_ws/install/include/nav_msgs/msg/detail/path__functions.c
-- Installing: /workspace/foxy_ws/install/include/nav_msgs/msg/detail/odometry__type_support.h
-- Installing: /workspace/foxy_ws/install/include/nav_msgs/msg/detail/odometry__functions.h
-- Installing: /workspace/foxy_ws/install/include/nav_msgs/msg/detail/odometry__struct.h
-- Installing: /workspace/foxy_ws/install/include/nav_msgs/msg/detail/path__struct.h
-- Installing: /workspace/foxy_ws/install/include/nav_msgs/msg/path.h
-- Installing: /workspace/foxy_ws/install/include/nav_msgs/srv
-- Installing: /workspace/foxy_ws/install/include/nav_msgs/srv/set_map.h
-- Installing: /workspace/foxy_ws/install/include/nav_msgs/srv/get_plan.h
-- Installing: /workspace/foxy_ws/install/include/nav_msgs/srv/detail
-- Installing: /workspace/foxy_ws/install/include/nav_msgs/srv/detail/set_map__type_support.h
-- Installing: /workspace/foxy_ws/install/include/nav_msgs/srv/detail/get_plan__functions.c
-- Installing: /workspace/foxy_ws/install/include/nav_msgs/srv/detail/get_map__functions.c
-- Installing: /workspace/foxy_ws/install/include/nav_msgs/srv/detail/get_map__struct.h
-- Installing: /workspace/foxy_ws/install/include/nav_msgs/srv/detail/get_plan__type_support.h
-- Installing: /workspace/foxy_ws/install/include/nav_msgs/srv/detail/set_map__struct.h
-- Installing: /workspace/foxy_ws/install/include/nav_msgs/srv/detail/get_plan__functions.h
-- Installing: /workspace/foxy_ws/install/include/nav_msgs/srv/detail/get_map__functions.h
-- Installing: /workspace/foxy_ws/install/include/nav_msgs/srv/detail/get_map__type_support.h
-- Installing: /workspace/foxy_ws/install/include/nav_msgs/srv/detail/set_map__functions.h
-- Installing: /workspace/foxy_ws/install/include/nav_msgs/srv/detail/set_map__functions.c
-- Installing: /workspace/foxy_ws/install/include/nav_msgs/srv/detail/get_plan__struct.h
-- Installing: /workspace/foxy_ws/install/include/nav_msgs/srv/get_map.h
-- Installing: /workspace/foxy_ws/install/share/nav_msgs/environment/library_path.sh
-- Installing: /workspace/foxy_ws/install/share/nav_msgs/environment/library_path.dsv
-- Installing: /workspace/foxy_ws/install/lib/libnav_msgs__rosidl_generator_c.so
-- Set runtime path of "/workspace/foxy_ws/install/lib/libnav_msgs__rosidl_generator_c.so" to ""
-- Up-to-date: /workspace/foxy_ws/install/include/nav_msgs
-- Up-to-date: /workspace/foxy_ws/install/include/nav_msgs/msg
-- Installing: /workspace/foxy_ws/install/include/nav_msgs/msg/rosidl_typesupport_fastrtps_c__visibility_control.h
-- Up-to-date: /workspace/foxy_ws/install/include/nav_msgs/msg/detail
-- Installing: /workspace/foxy_ws/install/include/nav_msgs/msg/detail/path__rosidl_typesupport_fastrtps_c.h
-- Installing: /workspace/foxy_ws/install/include/nav_msgs/msg/detail/grid_cells__rosidl_typesupport_fastrtps_c.h
-- Installing: /workspace/foxy_ws/install/include/nav_msgs/msg/detail/odometry__rosidl_typesupport_fastrtps_c.h
-- Installing: /workspace/foxy_ws/install/include/nav_msgs/msg/detail/occupancy_grid__rosidl_typesupport_fastrtps_c.h
-- Installing: /workspace/foxy_ws/install/include/nav_msgs/msg/detail/map_meta_data__rosidl_typesupport_fastrtps_c.h
-- Up-to-date: /workspace/foxy_ws/install/include/nav_msgs/srv
-- Up-to-date: /workspace/foxy_ws/install/include/nav_msgs/srv/detail
-- Installing: /workspace/foxy_ws/install/include/nav_msgs/srv/detail/get_map__rosidl_typesupport_fastrtps_c.h
-- Installing: /workspace/foxy_ws/install/include/nav_msgs/srv/detail/get_plan__rosidl_typesupport_fastrtps_c.h
-- Installing: /workspace/foxy_ws/install/include/nav_msgs/srv/detail/set_map__rosidl_typesupport_fastrtps_c.h
-- Installing: /workspace/foxy_ws/install/lib/libnav_msgs__rosidl_typesupport_fastrtps_c.so
-- Set runtime path of "/workspace/foxy_ws/install/lib/libnav_msgs__rosidl_typesupport_fastrtps_c.so" to ""
-- Up-to-date: /workspace/foxy_ws/install/include/nav_msgs
-- Up-to-date: /workspace/foxy_ws/install/include/nav_msgs/msg
-- Installing: /workspace/foxy_ws/install/include/nav_msgs/msg/rosidl_typesupport_fastrtps_cpp__visibility_control.h
-- Up-to-date: /workspace/foxy_ws/install/include/nav_msgs/msg/detail
-- Installing: /workspace/foxy_ws/install/include/nav_msgs/msg/detail/path__rosidl_typesupport_fastrtps_cpp.hpp
-- Installing: /workspace/foxy_ws/install/include/nav_msgs/msg/detail/map_meta_data__rosidl_typesupport_fastrtps_cpp.hpp
-- Installing: /workspace/foxy_ws/install/include/nav_msgs/msg/detail/odometry__rosidl_typesupport_fastrtps_cpp.hpp
-- Installing: /workspace/foxy_ws/install/include/nav_msgs/msg/detail/dds_fastrtps
-- Installing: /workspace/foxy_ws/install/include/nav_msgs/msg/detail/occupancy_grid__rosidl_typesupport_fastrtps_cpp.hpp
-- Installing: /workspace/foxy_ws/install/include/nav_msgs/msg/detail/grid_cells__rosidl_typesupport_fastrtps_cpp.hpp
-- Up-to-date: /workspace/foxy_ws/install/include/nav_msgs/srv
-- Up-to-date: /workspace/foxy_ws/install/include/nav_msgs/srv/detail
-- Installing: /workspace/foxy_ws/install/include/nav_msgs/srv/detail/get_map__rosidl_typesupport_fastrtps_cpp.hpp
-- Installing: /workspace/foxy_ws/install/include/nav_msgs/srv/detail/dds_fastrtps
-- Installing: /workspace/foxy_ws/install/include/nav_msgs/srv/detail/get_plan__rosidl_typesupport_fastrtps_cpp.hpp
-- Installing: /workspace/foxy_ws/install/include/nav_msgs/srv/detail/set_map__rosidl_typesupport_fastrtps_cpp.hpp
-- Installing: /workspace/foxy_ws/install/lib/libnav_msgs__rosidl_typesupport_fastrtps_cpp.so
-- Set runtime path of "/workspace/foxy_ws/install/lib/libnav_msgs__rosidl_typesupport_fastrtps_cpp.so" to ""
-- Up-to-date: /workspace/foxy_ws/install/include/nav_msgs
-- Up-to-date: /workspace/foxy_ws/install/include/nav_msgs/msg
-- Installing: /workspace/foxy_ws/install/include/nav_msgs/msg/rosidl_typesupport_introspection_c__visibility_control.h
-- Up-to-date: /workspace/foxy_ws/install/include/nav_msgs/msg/detail
-- Installing: /workspace/foxy_ws/install/include/nav_msgs/msg/detail/odometry__rosidl_typesupport_introspection_c.h
-- Installing: /workspace/foxy_ws/install/include/nav_msgs/msg/detail/grid_cells__type_support.c
-- Installing: /workspace/foxy_ws/install/include/nav_msgs/msg/detail/map_meta_data__type_support.c
-- Installing: /workspace/foxy_ws/install/include/nav_msgs/msg/detail/path__type_support.c
-- Installing: /workspace/foxy_ws/install/include/nav_msgs/msg/detail/map_meta_data__rosidl_typesupport_introspection_c.h
-- Installing: /workspace/foxy_ws/install/include/nav_msgs/msg/detail/odometry__type_support.c
-- Installing: /workspace/foxy_ws/install/include/nav_msgs/msg/detail/grid_cells__rosidl_typesupport_introspection_c.h
-- Installing: /workspace/foxy_ws/install/include/nav_msgs/msg/detail/path__rosidl_typesupport_introspection_c.h
-- Installing: /workspace/foxy_ws/install/include/nav_msgs/msg/detail/occupancy_grid__type_support.c
-- Installing: /workspace/foxy_ws/install/include/nav_msgs/msg/detail/occupancy_grid__rosidl_typesupport_introspection_c.h
-- Up-to-date: /workspace/foxy_ws/install/include/nav_msgs/srv
-- Up-to-date: /workspace/foxy_ws/install/include/nav_msgs/srv/detail
-- Installing: /workspace/foxy_ws/install/include/nav_msgs/srv/detail/set_map__rosidl_typesupport_introspection_c.h
-- Installing: /workspace/foxy_ws/install/include/nav_msgs/srv/detail/get_map__type_support.c
-- Installing: /workspace/foxy_ws/install/include/nav_msgs/srv/detail/set_map__type_support.c
-- Installing: /workspace/foxy_ws/install/include/nav_msgs/srv/detail/get_plan__rosidl_typesupport_introspection_c.h
-- Installing: /workspace/foxy_ws/install/include/nav_msgs/srv/detail/get_plan__type_support.c
-- Installing: /workspace/foxy_ws/install/include/nav_msgs/srv/detail/get_map__rosidl_typesupport_introspection_c.h
-- Installing: /workspace/foxy_ws/install/lib/libnav_msgs__rosidl_typesupport_introspection_c.so
-- Set runtime path of "/workspace/foxy_ws/install/lib/libnav_msgs__rosidl_typesupport_introspection_c.so" to ""
-- Installing: /workspace/foxy_ws/install/lib/libnav_msgs__rosidl_typesupport_c.so
-- Set runtime path of "/workspace/foxy_ws/install/lib/libnav_msgs__rosidl_typesupport_c.so" to ""
-- Up-to-date: /workspace/foxy_ws/install/include/nav_msgs
-- Up-to-date: /workspace/foxy_ws/install/include/nav_msgs/msg
-- Installing: /workspace/foxy_ws/install/include/nav_msgs/msg/occupancy_grid.hpp
-- Installing: /workspace/foxy_ws/install/include/nav_msgs/msg/map_meta_data.hpp
-- Installing: /workspace/foxy_ws/install/include/nav_msgs/msg/rosidl_generator_cpp__visibility_control.hpp
-- Installing: /workspace/foxy_ws/install/include/nav_msgs/msg/grid_cells.hpp
-- Installing: /workspace/foxy_ws/install/include/nav_msgs/msg/path.hpp
-- Installing: /workspace/foxy_ws/install/include/nav_msgs/msg/odometry.hpp
-- Up-to-date: /workspace/foxy_ws/install/include/nav_msgs/msg/detail
-- Installing: /workspace/foxy_ws/install/include/nav_msgs/msg/detail/occupancy_grid__traits.hpp
-- Installing: /workspace/foxy_ws/install/include/nav_msgs/msg/detail/path__type_support.hpp
-- Installing: /workspace/foxy_ws/install/include/nav_msgs/msg/detail/grid_cells__builder.hpp
-- Installing: /workspace/foxy_ws/install/include/nav_msgs/msg/detail/occupancy_grid__struct.hpp
-- Installing: /workspace/foxy_ws/install/include/nav_msgs/msg/detail/occupancy_grid__builder.hpp
-- Installing: /workspace/foxy_ws/install/include/nav_msgs/msg/detail/grid_cells__struct.hpp
-- Installing: /workspace/foxy_ws/install/include/nav_msgs/msg/detail/odometry__type_support.hpp
-- Installing: /workspace/foxy_ws/install/include/nav_msgs/msg/detail/map_meta_data__traits.hpp
-- Installing: /workspace/foxy_ws/install/include/nav_msgs/msg/detail/grid_cells__traits.hpp
-- Installing: /workspace/foxy_ws/install/include/nav_msgs/msg/detail/path__struct.hpp
-- Installing: /workspace/foxy_ws/install/include/nav_msgs/msg/detail/odometry__struct.hpp
-- Installing: /workspace/foxy_ws/install/include/nav_msgs/msg/detail/path__traits.hpp
-- Installing: /workspace/foxy_ws/install/include/nav_msgs/msg/detail/path__builder.hpp
-- Installing: /workspace/foxy_ws/install/include/nav_msgs/msg/detail/map_meta_data__type_support.hpp
-- Installing: /workspace/foxy_ws/install/include/nav_msgs/msg/detail/grid_cells__type_support.hpp
-- Installing: /workspace/foxy_ws/install/include/nav_msgs/msg/detail/map_meta_data__struct.hpp
-- Installing: /workspace/foxy_ws/install/include/nav_msgs/msg/detail/map_meta_data__builder.hpp
-- Installing: /workspace/foxy_ws/install/include/nav_msgs/msg/detail/occupancy_grid__type_support.hpp
-- Installing: /workspace/foxy_ws/install/include/nav_msgs/msg/detail/odometry__builder.hpp
-- Installing: /workspace/foxy_ws/install/include/nav_msgs/msg/detail/odometry__traits.hpp
-- Up-to-date: /workspace/foxy_ws/install/include/nav_msgs/srv
-- Installing: /workspace/foxy_ws/install/include/nav_msgs/srv/get_plan.hpp
-- Installing: /workspace/foxy_ws/install/include/nav_msgs/srv/get_map.hpp
-- Installing: /workspace/foxy_ws/install/include/nav_msgs/srv/set_map.hpp
-- Up-to-date: /workspace/foxy_ws/install/include/nav_msgs/srv/detail
-- Installing: /workspace/foxy_ws/install/include/nav_msgs/srv/detail/get_plan__type_support.hpp
-- Installing: /workspace/foxy_ws/install/include/nav_msgs/srv/detail/set_map__traits.hpp
-- Installing: /workspace/foxy_ws/install/include/nav_msgs/srv/detail/get_map__struct.hpp
-- Installing: /workspace/foxy_ws/install/include/nav_msgs/srv/detail/get_plan__struct.hpp
-- Installing: /workspace/foxy_ws/install/include/nav_msgs/srv/detail/get_plan__builder.hpp
-- Installing: /workspace/foxy_ws/install/include/nav_msgs/srv/detail/get_map__builder.hpp
-- Installing: /workspace/foxy_ws/install/include/nav_msgs/srv/detail/set_map__type_support.hpp
-- Installing: /workspace/foxy_ws/install/include/nav_msgs/srv/detail/get_map__traits.hpp
-- Installing: /workspace/foxy_ws/install/include/nav_msgs/srv/detail/set_map__struct.hpp
-- Installing: /workspace/foxy_ws/install/include/nav_msgs/srv/detail/set_map__builder.hpp
-- Installing: /workspace/foxy_ws/install/include/nav_msgs/srv/detail/get_plan__traits.hpp
-- Installing: /workspace/foxy_ws/install/include/nav_msgs/srv/detail/get_map__type_support.hpp
-- Up-to-date: /workspace/foxy_ws/install/include/nav_msgs
-- Up-to-date: /workspace/foxy_ws/install/include/nav_msgs/msg
-- Up-to-date: /workspace/foxy_ws/install/include/nav_msgs/msg/detail
-- Installing: /workspace/foxy_ws/install/include/nav_msgs/msg/detail/odometry__type_support.cpp
-- Installing: /workspace/foxy_ws/install/include/nav_msgs/msg/detail/map_meta_data__type_support.cpp
-- Installing: /workspace/foxy_ws/install/include/nav_msgs/msg/detail/path__rosidl_typesupport_introspection_cpp.hpp
-- Installing: /workspace/foxy_ws/install/include/nav_msgs/msg/detail/odometry__rosidl_typesupport_introspection_cpp.hpp
-- Installing: /workspace/foxy_ws/install/include/nav_msgs/msg/detail/map_meta_data__rosidl_typesupport_introspection_cpp.hpp
-- Installing: /workspace/foxy_ws/install/include/nav_msgs/msg/detail/occupancy_grid__rosidl_typesupport_introspection_cpp.hpp
-- Installing: /workspace/foxy_ws/install/include/nav_msgs/msg/detail/grid_cells__type_support.cpp
-- Installing: /workspace/foxy_ws/install/include/nav_msgs/msg/detail/occupancy_grid__type_support.cpp
-- Installing: /workspace/foxy_ws/install/include/nav_msgs/msg/detail/path__type_support.cpp
-- Installing: /workspace/foxy_ws/install/include/nav_msgs/msg/detail/grid_cells__rosidl_typesupport_introspection_cpp.hpp
-- Up-to-date: /workspace/foxy_ws/install/include/nav_msgs/srv
-- Up-to-date: /workspace/foxy_ws/install/include/nav_msgs/srv/detail
-- Installing: /workspace/foxy_ws/install/include/nav_msgs/srv/detail/get_map__type_support.cpp
-- Installing: /workspace/foxy_ws/install/include/nav_msgs/srv/detail/get_plan__type_support.cpp
-- Installing: /workspace/foxy_ws/install/include/nav_msgs/srv/detail/set_map__rosidl_typesupport_introspection_cpp.hpp
-- Installing: /workspace/foxy_ws/install/include/nav_msgs/srv/detail/get_map__rosidl_typesupport_introspection_cpp.hpp
-- Installing: /workspace/foxy_ws/install/include/nav_msgs/srv/detail/get_plan__rosidl_typesupport_introspection_cpp.hpp
-- Installing: /workspace/foxy_ws/install/include/nav_msgs/srv/detail/set_map__type_support.cpp
-- Installing: /workspace/foxy_ws/install/lib/libnav_msgs__rosidl_typesupport_introspection_cpp.so
-- Set runtime path of "/workspace/foxy_ws/install/lib/libnav_msgs__rosidl_typesupport_introspection_cpp.so" to ""
-- Installing: /workspace/foxy_ws/install/lib/libnav_msgs__rosidl_typesupport_cpp.so
-- Set runtime path of "/workspace/foxy_ws/install/lib/libnav_msgs__rosidl_typesupport_cpp.so" to ""
-- Installing: /workspace/foxy_ws/install/share/nav_msgs/environment/pythonpath.sh
-- Installing: /workspace/foxy_ws/install/share/nav_msgs/environment/pythonpath.dsv
-- Installing: /workspace/foxy_ws/install/lib/python3.10/site-packages/nav_msgs/__init__.py
Compiling '/workspace/foxy_ws/install/lib/python3.10/site-packages/nav_msgs/__init__.py'...
-- Installing: /workspace/foxy_ws/install/lib/python3.10/site-packages/nav_msgs/msg
-- Installing: /workspace/foxy_ws/install/lib/python3.10/site-packages/nav_msgs/msg/_grid_cells.py
-- Installing: /workspace/foxy_ws/install/lib/python3.10/site-packages/nav_msgs/msg/_occupancy_grid.py
-- Installing: /workspace/foxy_ws/install/lib/python3.10/site-packages/nav_msgs/msg/_path_s.c
-- Installing: /workspace/foxy_ws/install/lib/python3.10/site-packages/nav_msgs/msg/_occupancy_grid_s.c
-- Installing: /workspace/foxy_ws/install/lib/python3.10/site-packages/nav_msgs/msg/_grid_cells_s.c
-- Installing: /workspace/foxy_ws/install/lib/python3.10/site-packages/nav_msgs/msg/_map_meta_data_s.c
-- Installing: /workspace/foxy_ws/install/lib/python3.10/site-packages/nav_msgs/msg/_odometry_s.c
-- Installing: /workspace/foxy_ws/install/lib/python3.10/site-packages/nav_msgs/msg/_map_meta_data.py
-- Installing: /workspace/foxy_ws/install/lib/python3.10/site-packages/nav_msgs/msg/_path.py
-- Installing: /workspace/foxy_ws/install/lib/python3.10/site-packages/nav_msgs/msg/__init__.py
-- Installing: /workspace/foxy_ws/install/lib/python3.10/site-packages/nav_msgs/msg/_odometry.py
-- Installing: /workspace/foxy_ws/install/lib/python3.10/site-packages/nav_msgs/srv
-- Installing: /workspace/foxy_ws/install/lib/python3.10/site-packages/nav_msgs/srv/_get_plan_s.c
-- Installing: /workspace/foxy_ws/install/lib/python3.10/site-packages/nav_msgs/srv/_get_plan.py
-- Installing: /workspace/foxy_ws/install/lib/python3.10/site-packages/nav_msgs/srv/_set_map_s.c
-- Installing: /workspace/foxy_ws/install/lib/python3.10/site-packages/nav_msgs/srv/__init__.py
-- Installing: /workspace/foxy_ws/install/lib/python3.10/site-packages/nav_msgs/srv/_set_map.py
-- Installing: /workspace/foxy_ws/install/lib/python3.10/site-packages/nav_msgs/srv/_get_map.py
-- Installing: /workspace/foxy_ws/install/lib/python3.10/site-packages/nav_msgs/srv/_get_map_s.c
-- Installing: /workspace/foxy_ws/install/lib/python3.10/site-packages/nav_msgs/nav_msgs_s__rosidl_typesupport_fastrtps_c.cpython-310-x86_64-linux-gnu.so
-- Set runtime path of "/workspace/foxy_ws/install/lib/python3.10/site-packages/nav_msgs/nav_msgs_s__rosidl_typesupport_fastrtps_c.cpython-310-x86_64-linux-gnu.so" to ""
-- Installing: /workspace/foxy_ws/install/lib/python3.10/site-packages/nav_msgs/nav_msgs_s__rosidl_typesupport_introspection_c.cpython-310-x86_64-linux-gnu.so
-- Set runtime path of "/workspace/foxy_ws/install/lib/python3.10/site-packages/nav_msgs/nav_msgs_s__rosidl_typesupport_introspection_c.cpython-310-x86_64-linux-gnu.so" to ""
-- Installing: /workspace/foxy_ws/install/lib/python3.10/site-packages/nav_msgs/nav_msgs_s__rosidl_typesupport_c.cpython-310-x86_64-linux-gnu.so
-- Set runtime path of "/workspace/foxy_ws/install/lib/python3.10/site-packages/nav_msgs/nav_msgs_s__rosidl_typesupport_c.cpython-310-x86_64-linux-gnu.so" to ""
-- Installing: /workspace/foxy_ws/install/lib/libnav_msgs__python.so
-- Set runtime path of "/workspace/foxy_ws/install/lib/libnav_msgs__python.so" to ""
-- Installing: /workspace/foxy_ws/install/share/nav_msgs/msg/GridCells.idl
-- Installing: /workspace/foxy_ws/install/share/nav_msgs/msg/MapMetaData.idl
-- Installing: /workspace/foxy_ws/install/share/nav_msgs/msg/OccupancyGrid.idl
-- Installing: /workspace/foxy_ws/install/share/nav_msgs/msg/Odometry.idl
-- Installing: /workspace/foxy_ws/install/share/nav_msgs/msg/Path.idl
-- Installing: /workspace/foxy_ws/install/share/nav_msgs/srv/GetMap.idl
-- Installing: /workspace/foxy_ws/install/share/nav_msgs/srv/GetPlan.idl
-- Installing: /workspace/foxy_ws/install/share/nav_msgs/srv/SetMap.idl
-- Installing: /workspace/foxy_ws/install/share/nav_msgs/msg/GridCells.msg
-- Installing: /workspace/foxy_ws/install/share/nav_msgs/msg/MapMetaData.msg
-- Installing: /workspace/foxy_ws/install/share/nav_msgs/msg/OccupancyGrid.msg
-- Installing: /workspace/foxy_ws/install/share/nav_msgs/msg/Odometry.msg
-- Installing: /workspace/foxy_ws/install/share/nav_msgs/msg/Path.msg
-- Installing: /workspace/foxy_ws/install/share/nav_msgs/srv/GetMap.srv
-- Installing: /workspace/foxy_ws/install/share/nav_msgs/srv/GetMap_Request.msg
-- Installing: /workspace/foxy_ws/install/share/nav_msgs/srv/GetMap_Response.msg
-- Installing: /workspace/foxy_ws/install/share/nav_msgs/srv/GetPlan.srv
-- Installing: /workspace/foxy_ws/install/share/nav_msgs/srv/GetPlan_Request.msg
-- Installing: /workspace/foxy_ws/install/share/nav_msgs/srv/GetPlan_Response.msg
-- Installing: /workspace/foxy_ws/install/share/nav_msgs/srv/SetMap.srv
-- Installing: /workspace/foxy_ws/install/share/nav_msgs/srv/SetMap_Request.msg
-- Installing: /workspace/foxy_ws/install/share/nav_msgs/srv/SetMap_Response.msg
-- Installing: /workspace/foxy_ws/install/share/ament_index/resource_index/package_run_dependencies/nav_msgs
-- Installing: /workspace/foxy_ws/install/share/ament_index/resource_index/parent_prefix_path/nav_msgs
-- Installing: /workspace/foxy_ws/install/share/nav_msgs/environment/ament_prefix_path.sh
-- Installing: /workspace/foxy_ws/install/share/nav_msgs/environment/ament_prefix_path.dsv
-- Installing: /workspace/foxy_ws/install/share/nav_msgs/environment/path.sh
-- Installing: /workspace/foxy_ws/install/share/nav_msgs/environment/path.dsv
-- Installing: /workspace/foxy_ws/install/share/nav_msgs/local_setup.bash
-- Installing: /workspace/foxy_ws/install/share/nav_msgs/local_setup.sh
-- Installing: /workspace/foxy_ws/install/share/nav_msgs/local_setup.zsh
-- Installing: /workspace/foxy_ws/install/share/nav_msgs/local_setup.dsv
-- Installing: /workspace/foxy_ws/install/share/nav_msgs/package.dsv
-- Installing: /workspace/foxy_ws/install/share/ament_index/resource_index/packages/nav_msgs
-- Installing: /workspace/foxy_ws/install/share/nav_msgs/cmake/nav_msgs__rosidl_generator_cExport.cmake
-- Installing: /workspace/foxy_ws/install/share/nav_msgs/cmake/nav_msgs__rosidl_generator_cExport-noconfig.cmake
-- Installing: /workspace/foxy_ws/install/share/nav_msgs/cmake/nav_msgs__rosidl_typesupport_introspection_cExport.cmake
-- Installing: /workspace/foxy_ws/install/share/nav_msgs/cmake/nav_msgs__rosidl_typesupport_introspection_cExport-noconfig.cmake
-- Installing: /workspace/foxy_ws/install/share/nav_msgs/cmake/nav_msgs__rosidl_typesupport_cExport.cmake
-- Installing: /workspace/foxy_ws/install/share/nav_msgs/cmake/nav_msgs__rosidl_typesupport_cExport-noconfig.cmake
-- Installing: /workspace/foxy_ws/install/share/nav_msgs/cmake/nav_msgs__rosidl_generator_cppExport.cmake
-- Installing: /workspace/foxy_ws/install/share/nav_msgs/cmake/nav_msgs__rosidl_typesupport_introspection_cppExport.cmake
-- Installing: /workspace/foxy_ws/install/share/nav_msgs/cmake/nav_msgs__rosidl_typesupport_introspection_cppExport-noconfig.cmake
-- Installing: /workspace/foxy_ws/install/share/nav_msgs/cmake/nav_msgs__rosidl_typesupport_cppExport.cmake
-- Installing: /workspace/foxy_ws/install/share/nav_msgs/cmake/nav_msgs__rosidl_typesupport_cppExport-noconfig.cmake
-- Installing: /workspace/foxy_ws/install/share/nav_msgs/cmake/rosidl_cmake-extras.cmake
-- Installing: /workspace/foxy_ws/install/share/nav_msgs/cmake/ament_cmake_export_dependencies-extras.cmake
-- Installing: /workspace/foxy_ws/install/share/nav_msgs/cmake/ament_cmake_export_libraries-extras.cmake
-- Installing: /workspace/foxy_ws/install/share/nav_msgs/cmake/ament_cmake_export_targets-extras.cmake
-- Installing: /workspace/foxy_ws/install/share/nav_msgs/cmake/ament_cmake_export_include_directories-extras.cmake
-- Installing: /workspace/foxy_ws/install/share/nav_msgs/cmake/rosidl_cmake_export_typesupport_libraries-extras.cmake
-- Installing: /workspace/foxy_ws/install/share/nav_msgs/cmake/rosidl_cmake_export_typesupport_targets-extras.cmake
-- Installing: /workspace/foxy_ws/install/share/nav_msgs/cmake/nav_msgsConfig.cmake
-- Installing: /workspace/foxy_ws/install/share/nav_msgs/cmake/nav_msgsConfig-version.cmake
-- Installing: /workspace/foxy_ws/install/share/nav_msgs/package.xml
