[0.104s] Invoking command in '/workspace/foxy_ws/build/nav_msgs': AMENT_PREFIX_PATH=/workspace/foxy_ws/install CMAKE_PREFIX_PATH=/workspace/foxy_ws/install LD_LIBRARY_PATH=/workspace/foxy_ws/install/lib PATH=/workspace/foxy_ws/install/bin:${PATH} PKG_CONFIG_PATH=/workspace/foxy_ws/install/lib/x86_64-linux-gnu/pkgconfig:/workspace/foxy_ws/install/lib/pkgconfig PYTHONPATH=/workspace/foxy_ws/install/lib/python3.10/site-packages /usr/bin/cmake /workspace/foxy_ws/src/common_interfaces/nav_msgs -DCMAKE_INSTALL_PREFIX=/workspace/foxy_ws/install
[0.144s] -- The C compiler identification is GNU 9.4.0
[0.185s] -- The CXX compiler identification is GNU 9.4.0
[0.189s] -- Check for working C compiler: /usr/bin/cc
[0.241s] -- Check for working C compiler: /usr/bin/cc -- works
[0.241s] -- Detecting C compiler ABI info
[0.298s] -- Detecting C compiler ABI info - done
[0.308s] -- Detecting C compile features
[0.308s] -- Detecting C compile features - done
[0.310s] -- Check for working CXX compiler: /usr/bin/c++
[0.378s] -- Check for working CXX compiler: /usr/bin/c++ -- works
[0.378s] -- Detecting CXX compiler ABI info
[0.441s] -- Detecting CXX compiler ABI info - done
[0.455s] -- Detecting CXX compile features
[0.456s] -- Detecting CXX compile features - done
[0.458s] -- Found ament_cmake: 0.9.12 (/workspace/foxy_ws/install/share/ament_cmake/cmake)
[0.472s] -- Found PythonInterp: /usr/bin/python3 (found suitable version "3.10.14", minimum required is "3") 
[0.472s] -- Using PYTHON_EXECUTABLE: /usr/bin/python3
[0.616s] -- Found builtin_interfaces: 1.0.0 (/workspace/foxy_ws/install/share/builtin_interfaces/cmake)
[0.628s] -- Using all available rosidl_typesupport_c: rosidl_typesupport_fastrtps_c;rosidl_typesupport_introspection_c
[0.632s] -- Found rosidl_adapter: 1.3.1 (/workspace/foxy_ws/install/share/rosidl_adapter/cmake)
[0.643s] -- Found OpenSSL: /usr/lib/x86_64-linux-gnu/libcrypto.so (found version "1.1.1f")  
[0.653s] -- Found FastRTPS: /workspace/foxy_ws/install/include  
[0.694s] -- Using all available rosidl_typesupport_cpp: rosidl_typesupport_fastrtps_cpp;rosidl_typesupport_introspection_cpp
[0.714s] -- Found geometry_msgs: 2.0.5 (/workspace/foxy_ws/install/share/geometry_msgs/cmake)
[0.760s] -- Found rosidl_default_generators: 1.0.1 (/workspace/foxy_ws/install/share/rosidl_default_generators/cmake)
[0.782s] -- Found PythonInterp: /usr/bin/python3 (found version "3.10.14") 
[0.986s] -- Found ament_cmake_cppcheck: 0.9.8 (/workspace/foxy_ws/install/share/ament_cmake_cppcheck/cmake)
[0.988s] -- Found ament_cmake_cpplint: 0.9.8 (/workspace/foxy_ws/install/share/ament_cmake_cpplint/cmake)
[0.989s] -- Found ament_cmake_uncrustify: 0.9.8 (/workspace/foxy_ws/install/share/ament_cmake_uncrustify/cmake)
[0.991s] -- Found ament_cmake_ros: 0.9.2 (/workspace/foxy_ws/install/share/ament_cmake_ros/cmake)
[1.322s] -- Using all available rosidl_typesupport_c: rosidl_typesupport_fastrtps_c;rosidl_typesupport_introspection_c
[1.500s] -- Using all available rosidl_typesupport_cpp: rosidl_typesupport_fastrtps_cpp;rosidl_typesupport_introspection_cpp
[1.522s] -- Found PythonInterp: /usr/bin/python3 (found suitable version "3.10.14", minimum required is "3.5") 
[1.523s] -- Found python_cmake_module: 0.8.1 (/workspace/foxy_ws/install/share/python_cmake_module/cmake)
[1.541s] -- Found PythonLibs: /usr/lib/x86_64-linux-gnu/libpython3.10.so (found suitable version "3.10.14", minimum required is "3.5") 
[1.541s] -- Using PYTHON_EXECUTABLE: /usr/bin/python3
[1.541s] -- Using PYTHON_INCLUDE_DIRS: /usr/include/python3.10
[1.541s] -- Using PYTHON_LIBRARIES: /usr/lib/x86_64-linux-gnu/libpython3.10.so
[1.554s] -- Found PythonExtra: .so  
[1.623s] <string>:1: DeprecationWarning: The distutils package is deprecated and slated for removal in Python 3.12. Use setuptools or check PEP 632 for potential alternatives
[1.625s] <string>:1: DeprecationWarning: The distutils.sysconfig module is deprecated, use sysconfig instead
[1.781s] -- Using numpy include directory: /usr/local/lib/python3.10/dist-packages/numpy/core/include
[1.794s] -- Found ament_cmake_flake8: 0.9.8 (/workspace/foxy_ws/install/share/ament_cmake_flake8/cmake)
[1.795s] -- Found ament_cmake_pep257: 0.9.8 (/workspace/foxy_ws/install/share/ament_cmake_pep257/cmake)
[1.807s] -- Configuring done
[1.921s] -- Generating done
[1.924s] -- Build files have been written to: /workspace/foxy_ws/build/nav_msgs
[1.936s] Invoked command in '/workspace/foxy_ws/build/nav_msgs' returned '0': AMENT_PREFIX_PATH=/workspace/foxy_ws/install CMAKE_PREFIX_PATH=/workspace/foxy_ws/install LD_LIBRARY_PATH=/workspace/foxy_ws/install/lib PATH=/workspace/foxy_ws/install/bin:${PATH} PKG_CONFIG_PATH=/workspace/foxy_ws/install/lib/x86_64-linux-gnu/pkgconfig:/workspace/foxy_ws/install/lib/pkgconfig PYTHONPATH=/workspace/foxy_ws/install/lib/python3.10/site-packages /usr/bin/cmake /workspace/foxy_ws/src/common_interfaces/nav_msgs -DCMAKE_INSTALL_PREFIX=/workspace/foxy_ws/install
[1.937s] Invoking command in '/workspace/foxy_ws/build/nav_msgs': AMENT_PREFIX_PATH=/workspace/foxy_ws/install CMAKE_PREFIX_PATH=/workspace/foxy_ws/install LD_LIBRARY_PATH=/workspace/foxy_ws/install/lib PATH=/workspace/foxy_ws/install/bin:${PATH} PKG_CONFIG_PATH=/workspace/foxy_ws/install/lib/x86_64-linux-gnu/pkgconfig:/workspace/foxy_ws/install/lib/pkgconfig PYTHONPATH=/workspace/foxy_ws/install/lib/python3.10/site-packages /usr/bin/cmake --build /workspace/foxy_ws/build/nav_msgs -- -j12 -l12
[1.972s] Scanning dependencies of target nav_msgs__cpp
[1.972s] [  1%] Generating C code for ROS interfaces
[1.984s] [  2%] Generating C++ code for ROS interfaces
[3.437s] [  2%] Built target nav_msgs__cpp
[3.455s] [  3%] Generating C++ type support dispatch for ROS interfaces
[3.466s] [  4%] Generating C++ type support for eProsima Fast-RTPS
[3.492s] [  5%] Generating C++ introspection for ROS interfaces
[4.236s] Scanning dependencies of target nav_msgs__rosidl_generator_c
[4.291s] [  6%] Building C object CMakeFiles/nav_msgs__rosidl_generator_c.dir/rosidl_generator_c/nav_msgs/msg/detail/grid_cells__functions.c.o
[4.308s] [  8%] Building C object CMakeFiles/nav_msgs__rosidl_generator_c.dir/rosidl_generator_c/nav_msgs/msg/detail/map_meta_data__functions.c.o
[4.323s] [  9%] Building C object CMakeFiles/nav_msgs__rosidl_generator_c.dir/rosidl_generator_c/nav_msgs/msg/detail/occupancy_grid__functions.c.o
[4.337s] [ 10%] Building C object CMakeFiles/nav_msgs__rosidl_generator_c.dir/rosidl_generator_c/nav_msgs/msg/detail/odometry__functions.c.o
[4.337s] [ 11%] Building C object CMakeFiles/nav_msgs__rosidl_generator_c.dir/rosidl_generator_c/nav_msgs/srv/detail/get_map__functions.c.o
[4.345s] [ 12%] Building C object CMakeFiles/nav_msgs__rosidl_generator_c.dir/rosidl_generator_c/nav_msgs/msg/detail/path__functions.c.o
[4.405s] [ 13%] Building C object CMakeFiles/nav_msgs__rosidl_generator_c.dir/rosidl_generator_c/nav_msgs/srv/detail/get_plan__functions.c.o
[4.439s] [ 14%] Building C object CMakeFiles/nav_msgs__rosidl_generator_c.dir/rosidl_generator_c/nav_msgs/srv/detail/set_map__functions.c.o
[4.613s] [ 16%] Linking C shared library libnav_msgs__rosidl_generator_c.so
[5.117s] [ 16%] Built target nav_msgs__rosidl_generator_c
[5.117s] [ 17%] Generating C introspection for ROS interfaces
[5.117s] [ 18%] Generating C type support dispatch for ROS interfaces
[5.217s] Scanning dependencies of target nav_msgs__rosidl_typesupport_cpp
[5.243s] [ 19%] Building CXX object CMakeFiles/nav_msgs__rosidl_typesupport_cpp.dir/rosidl_typesupport_cpp/nav_msgs/msg/grid_cells__type_support.cpp.o
[5.274s] [ 20%] Building CXX object CMakeFiles/nav_msgs__rosidl_typesupport_cpp.dir/rosidl_typesupport_cpp/nav_msgs/msg/map_meta_data__type_support.cpp.o
[5.282s] [ 21%] Building CXX object CMakeFiles/nav_msgs__rosidl_typesupport_cpp.dir/rosidl_typesupport_cpp/nav_msgs/msg/odometry__type_support.cpp.o
[5.283s] [ 22%] Building CXX object CMakeFiles/nav_msgs__rosidl_typesupport_cpp.dir/rosidl_typesupport_cpp/nav_msgs/msg/path__type_support.cpp.o
[5.288s] [ 24%] Building CXX object CMakeFiles/nav_msgs__rosidl_typesupport_cpp.dir/rosidl_typesupport_cpp/nav_msgs/msg/occupancy_grid__type_support.cpp.o
[5.340s] [ 25%] Building CXX object CMakeFiles/nav_msgs__rosidl_typesupport_cpp.dir/rosidl_typesupport_cpp/nav_msgs/srv/get_map__type_support.cpp.o
[5.383s] [ 26%] Building CXX object CMakeFiles/nav_msgs__rosidl_typesupport_cpp.dir/rosidl_typesupport_cpp/nav_msgs/srv/get_plan__type_support.cpp.o
[5.671s] Scanning dependencies of target nav_msgs__rosidl_typesupport_introspection_cpp
[5.731s] [ 27%] Building CXX object CMakeFiles/nav_msgs__rosidl_typesupport_introspection_cpp.dir/rosidl_typesupport_introspection_cpp/nav_msgs/msg/detail/grid_cells__type_support.cpp.o
[5.776s] [ 28%] Building CXX object CMakeFiles/nav_msgs__rosidl_typesupport_cpp.dir/rosidl_typesupport_cpp/nav_msgs/srv/set_map__type_support.cpp.o
[5.799s] [ 29%] Building CXX object CMakeFiles/nav_msgs__rosidl_typesupport_introspection_cpp.dir/rosidl_typesupport_introspection_cpp/nav_msgs/msg/detail/map_meta_data__type_support.cpp.o
[5.833s] [ 31%] Building CXX object CMakeFiles/nav_msgs__rosidl_typesupport_introspection_cpp.dir/rosidl_typesupport_introspection_cpp/nav_msgs/msg/detail/occupancy_grid__type_support.cpp.o
[5.852s] [ 32%] Building CXX object CMakeFiles/nav_msgs__rosidl_typesupport_introspection_cpp.dir/rosidl_typesupport_introspection_cpp/nav_msgs/msg/detail/odometry__type_support.cpp.o
[6.027s] Scanning dependencies of target nav_msgs__rosidl_typesupport_fastrtps_cpp
[6.093s] [ 33%] Building CXX object CMakeFiles/nav_msgs__rosidl_typesupport_fastrtps_cpp.dir/rosidl_typesupport_fastrtps_cpp/nav_msgs/msg/detail/dds_fastrtps/grid_cells__type_support.cpp.o
[6.189s] [ 34%] Linking CXX shared library libnav_msgs__rosidl_typesupport_cpp.so
[6.210s] [ 35%] Building CXX object CMakeFiles/nav_msgs__rosidl_typesupport_introspection_cpp.dir/rosidl_typesupport_introspection_cpp/nav_msgs/srv/detail/set_map__type_support.cpp.o
[6.225s] [ 36%] Building CXX object CMakeFiles/nav_msgs__rosidl_typesupport_fastrtps_cpp.dir/rosidl_typesupport_fastrtps_cpp/nav_msgs/msg/detail/dds_fastrtps/map_meta_data__type_support.cpp.o
[6.238s] [ 37%] Building CXX object CMakeFiles/nav_msgs__rosidl_typesupport_introspection_cpp.dir/rosidl_typesupport_introspection_cpp/nav_msgs/srv/detail/get_plan__type_support.cpp.o
[6.300s] [ 37%] Built target nav_msgs__rosidl_typesupport_cpp
[6.391s] [ 39%] Building CXX object CMakeFiles/nav_msgs__rosidl_typesupport_fastrtps_cpp.dir/rosidl_typesupport_fastrtps_cpp/nav_msgs/msg/detail/dds_fastrtps/occupancy_grid__type_support.cpp.o
[6.391s] [ 40%] Building CXX object CMakeFiles/nav_msgs__rosidl_typesupport_fastrtps_cpp.dir/rosidl_typesupport_fastrtps_cpp/nav_msgs/msg/detail/dds_fastrtps/odometry__type_support.cpp.o
[6.391s] Scanning dependencies of target nav_msgs__rosidl_typesupport_c
[6.391s] [ 41%] Building CXX object CMakeFiles/nav_msgs__rosidl_typesupport_introspection_cpp.dir/rosidl_typesupport_introspection_cpp/nav_msgs/msg/detail/path__type_support.cpp.o
[6.391s] [ 42%] Building CXX object CMakeFiles/nav_msgs__rosidl_typesupport_introspection_cpp.dir/rosidl_typesupport_introspection_cpp/nav_msgs/srv/detail/get_map__type_support.cpp.o
[6.391s] [ 43%] Building CXX object CMakeFiles/nav_msgs__rosidl_typesupport_c.dir/rosidl_typesupport_c/nav_msgs/msg/grid_cells__type_support.cpp.o
[6.467s] [ 44%] Building CXX object CMakeFiles/nav_msgs__rosidl_typesupport_c.dir/rosidl_typesupport_c/nav_msgs/msg/map_meta_data__type_support.cpp.o
[6.582s] [ 45%] Building CXX object CMakeFiles/nav_msgs__rosidl_typesupport_c.dir/rosidl_typesupport_c/nav_msgs/msg/occupancy_grid__type_support.cpp.o
[6.696s] [ 47%] Building CXX object CMakeFiles/nav_msgs__rosidl_typesupport_c.dir/rosidl_typesupport_c/nav_msgs/msg/odometry__type_support.cpp.o
[6.745s] [ 48%] Building CXX object CMakeFiles/nav_msgs__rosidl_typesupport_fastrtps_cpp.dir/rosidl_typesupport_fastrtps_cpp/nav_msgs/srv/detail/dds_fastrtps/get_map__type_support.cpp.o
[6.756s] [ 49%] Building CXX object CMakeFiles/nav_msgs__rosidl_typesupport_fastrtps_cpp.dir/rosidl_typesupport_fastrtps_cpp/nav_msgs/msg/detail/dds_fastrtps/path__type_support.cpp.o
[6.777s] [ 50%] Building CXX object CMakeFiles/nav_msgs__rosidl_typesupport_c.dir/rosidl_typesupport_c/nav_msgs/msg/path__type_support.cpp.o
[6.809s] [ 51%] Building CXX object CMakeFiles/nav_msgs__rosidl_typesupport_c.dir/rosidl_typesupport_c/nav_msgs/srv/get_map__type_support.cpp.o
[6.863s] Scanning dependencies of target nav_msgs__rosidl_typesupport_introspection_c
[6.864s] [ 52%] Building CXX object CMakeFiles/nav_msgs__rosidl_typesupport_c.dir/rosidl_typesupport_c/nav_msgs/srv/get_plan__type_support.cpp.o
[6.873s] [ 54%] Building CXX object CMakeFiles/nav_msgs__rosidl_typesupport_c.dir/rosidl_typesupport_c/nav_msgs/srv/set_map__type_support.cpp.o
[6.890s] [ 55%] Building C object CMakeFiles/nav_msgs__rosidl_typesupport_introspection_c.dir/rosidl_typesupport_introspection_c/nav_msgs/msg/detail/grid_cells__type_support.c.o
[6.978s] [ 56%] Building C object CMakeFiles/nav_msgs__rosidl_typesupport_introspection_c.dir/rosidl_typesupport_introspection_c/nav_msgs/msg/detail/map_meta_data__type_support.c.o
[7.000s] [ 57%] Building C object CMakeFiles/nav_msgs__rosidl_typesupport_introspection_c.dir/rosidl_typesupport_introspection_c/nav_msgs/msg/detail/occupancy_grid__type_support.c.o
[7.048s] [ 58%] Linking CXX shared library libnav_msgs__rosidl_typesupport_c.so
[7.088s] [ 59%] Linking CXX shared library libnav_msgs__rosidl_typesupport_introspection_cpp.so
[7.110s] [ 60%] Building CXX object CMakeFiles/nav_msgs__rosidl_typesupport_fastrtps_cpp.dir/rosidl_typesupport_fastrtps_cpp/nav_msgs/srv/detail/dds_fastrtps/set_map__type_support.cpp.o
[7.110s] [ 62%] Building C object CMakeFiles/nav_msgs__rosidl_typesupport_introspection_c.dir/rosidl_typesupport_introspection_c/nav_msgs/msg/detail/odometry__type_support.c.o
[7.131s] [ 63%] Building C object CMakeFiles/nav_msgs__rosidl_typesupport_introspection_c.dir/rosidl_typesupport_introspection_c/nav_msgs/msg/detail/path__type_support.c.o
[7.136s] [ 64%] Building C object CMakeFiles/nav_msgs__rosidl_typesupport_introspection_c.dir/rosidl_typesupport_introspection_c/nav_msgs/srv/detail/get_map__type_support.c.o
[7.146s] [ 65%] Building CXX object CMakeFiles/nav_msgs__rosidl_typesupport_fastrtps_cpp.dir/rosidl_typesupport_fastrtps_cpp/nav_msgs/srv/detail/dds_fastrtps/get_plan__type_support.cpp.o
[7.147s] [ 66%] Building C object CMakeFiles/nav_msgs__rosidl_typesupport_introspection_c.dir/rosidl_typesupport_introspection_c/nav_msgs/srv/detail/get_plan__type_support.c.o
[7.158s] [ 66%] Built target nav_msgs__rosidl_typesupport_c
[7.250s] [ 67%] Building C object CMakeFiles/nav_msgs__rosidl_typesupport_introspection_c.dir/rosidl_typesupport_introspection_c/nav_msgs/srv/detail/set_map__type_support.c.o
[7.319s] [ 67%] Built target nav_msgs__rosidl_typesupport_introspection_cpp
[7.389s] [ 68%] Linking C shared library libnav_msgs__rosidl_typesupport_introspection_c.so
[7.494s] [ 68%] Built target nav_msgs__rosidl_typesupport_introspection_c
[7.789s] [ 70%] Linking CXX shared library libnav_msgs__rosidl_typesupport_fastrtps_cpp.so
[7.875s] [ 70%] Built target nav_msgs__rosidl_typesupport_fastrtps_cpp
[7.886s] [ 71%] Generating C type support for eProsima Fast-RTPS
[9.402s] Scanning dependencies of target nav_msgs__rosidl_typesupport_fastrtps_c
[9.422s] [ 72%] Building CXX object CMakeFiles/nav_msgs__rosidl_typesupport_fastrtps_c.dir/rosidl_typesupport_fastrtps_c/nav_msgs/msg/detail/map_meta_data__type_support_c.cpp.o
[9.432s] [ 73%] Building CXX object CMakeFiles/nav_msgs__rosidl_typesupport_fastrtps_c.dir/rosidl_typesupport_fastrtps_c/nav_msgs/msg/detail/grid_cells__type_support_c.cpp.o
[9.443s] [ 74%] Building CXX object CMakeFiles/nav_msgs__rosidl_typesupport_fastrtps_c.dir/rosidl_typesupport_fastrtps_c/nav_msgs/msg/detail/occupancy_grid__type_support_c.cpp.o
[9.498s] [ 75%] Building CXX object CMakeFiles/nav_msgs__rosidl_typesupport_fastrtps_c.dir/rosidl_typesupport_fastrtps_c/nav_msgs/msg/detail/path__type_support_c.cpp.o
[9.502s] [ 77%] Building CXX object CMakeFiles/nav_msgs__rosidl_typesupport_fastrtps_c.dir/rosidl_typesupport_fastrtps_c/nav_msgs/msg/detail/odometry__type_support_c.cpp.o
[9.998s] [ 78%] Building CXX object CMakeFiles/nav_msgs__rosidl_typesupport_fastrtps_c.dir/rosidl_typesupport_fastrtps_c/nav_msgs/srv/detail/set_map__type_support_c.cpp.o
[10.061s] [ 79%] Building CXX object CMakeFiles/nav_msgs__rosidl_typesupport_fastrtps_c.dir/rosidl_typesupport_fastrtps_c/nav_msgs/srv/detail/get_plan__type_support_c.cpp.o
[10.210s] [ 80%] Building CXX object CMakeFiles/nav_msgs__rosidl_typesupport_fastrtps_c.dir/rosidl_typesupport_fastrtps_c/nav_msgs/srv/detail/get_map__type_support_c.cpp.o
[10.754s] [ 81%] Linking CXX shared library libnav_msgs__rosidl_typesupport_fastrtps_c.so
[10.868s] [ 81%] Built target nav_msgs__rosidl_typesupport_fastrtps_c
[10.880s] Scanning dependencies of target nav_msgs
[10.893s] [ 81%] Built target nav_msgs
[10.903s] Scanning dependencies of target nav_msgs__py
[10.915s] [ 82%] Generating Python code for ROS interfaces
[13.228s] [ 82%] Built target nav_msgs__py
[13.253s] Scanning dependencies of target nav_msgs__python
[13.264s] [ 83%] Building C object CMakeFiles/nav_msgs__python.dir/rosidl_generator_py/nav_msgs/msg/_grid_cells_s.c.o
[13.339s] [ 85%] Building C object CMakeFiles/nav_msgs__python.dir/rosidl_generator_py/nav_msgs/srv/_set_map_s.c.o
[13.413s] [ 86%] Building C object CMakeFiles/nav_msgs__python.dir/rosidl_generator_py/nav_msgs/srv/_get_plan_s.c.o
[13.488s] [ 87%] Building C object CMakeFiles/nav_msgs__python.dir/rosidl_generator_py/nav_msgs/srv/_get_map_s.c.o
[13.590s] [ 88%] Building C object CMakeFiles/nav_msgs__python.dir/rosidl_generator_py/nav_msgs/msg/_path_s.c.o
[13.659s] [ 89%] Building C object CMakeFiles/nav_msgs__python.dir/rosidl_generator_py/nav_msgs/msg/_odometry_s.c.o
[13.728s] [ 90%] Building C object CMakeFiles/nav_msgs__python.dir/rosidl_generator_py/nav_msgs/msg/_occupancy_grid_s.c.o
[13.803s] [ 91%] Building C object CMakeFiles/nav_msgs__python.dir/rosidl_generator_py/nav_msgs/msg/_map_meta_data_s.c.o
[13.873s] [ 93%] Linking C shared library rosidl_generator_py/nav_msgs/libnav_msgs__python.so
[13.908s] [ 93%] Built target nav_msgs__python
[13.922s] Scanning dependencies of target nav_msgs__rosidl_typesupport_c__pyext
[13.931s] [ 94%] Building C object CMakeFiles/nav_msgs__rosidl_typesupport_c__pyext.dir/rosidl_generator_py/nav_msgs/_nav_msgs_s.ep.rosidl_typesupport_c.c.o
[14.021s] [ 95%] Linking C shared library rosidl_generator_py/nav_msgs/nav_msgs_s__rosidl_typesupport_c.cpython-310-x86_64-linux-gnu.so
[14.050s] [ 95%] Built target nav_msgs__rosidl_typesupport_c__pyext
[14.065s] Scanning dependencies of target nav_msgs__rosidl_typesupport_introspection_c__pyext
[14.074s] [ 96%] Building C object CMakeFiles/nav_msgs__rosidl_typesupport_introspection_c__pyext.dir/rosidl_generator_py/nav_msgs/_nav_msgs_s.ep.rosidl_typesupport_introspection_c.c.o
[14.163s] [ 97%] Linking C shared library rosidl_generator_py/nav_msgs/nav_msgs_s__rosidl_typesupport_introspection_c.cpython-310-x86_64-linux-gnu.so
[14.192s] [ 97%] Built target nav_msgs__rosidl_typesupport_introspection_c__pyext
[14.207s] Scanning dependencies of target nav_msgs__rosidl_typesupport_fastrtps_c__pyext
[14.216s] [ 98%] Building C object CMakeFiles/nav_msgs__rosidl_typesupport_fastrtps_c__pyext.dir/rosidl_generator_py/nav_msgs/_nav_msgs_s.ep.rosidl_typesupport_fastrtps_c.c.o
[14.304s] [100%] Linking CXX shared library rosidl_generator_py/nav_msgs/nav_msgs_s__rosidl_typesupport_fastrtps_c.cpython-310-x86_64-linux-gnu.so
[14.356s] [100%] Built target nav_msgs__rosidl_typesupport_fastrtps_c__pyext
[14.364s] Invoked command in '/workspace/foxy_ws/build/nav_msgs' returned '0': AMENT_PREFIX_PATH=/workspace/foxy_ws/install CMAKE_PREFIX_PATH=/workspace/foxy_ws/install LD_LIBRARY_PATH=/workspace/foxy_ws/install/lib PATH=/workspace/foxy_ws/install/bin:${PATH} PKG_CONFIG_PATH=/workspace/foxy_ws/install/lib/x86_64-linux-gnu/pkgconfig:/workspace/foxy_ws/install/lib/pkgconfig PYTHONPATH=/workspace/foxy_ws/install/lib/python3.10/site-packages /usr/bin/cmake --build /workspace/foxy_ws/build/nav_msgs -- -j12 -l12
[14.434s] Invoking command in '/workspace/foxy_ws/build/nav_msgs': AMENT_PREFIX_PATH=/workspace/foxy_ws/install CMAKE_PREFIX_PATH=/workspace/foxy_ws/install LD_LIBRARY_PATH=/workspace/foxy_ws/install/lib PATH=/workspace/foxy_ws/install/bin:${PATH} PKG_CONFIG_PATH=/workspace/foxy_ws/install/lib/x86_64-linux-gnu/pkgconfig:/workspace/foxy_ws/install/lib/pkgconfig PYTHONPATH=/workspace/foxy_ws/install/lib/python3.10/site-packages /usr/bin/cmake --install /workspace/foxy_ws/build/nav_msgs
[14.442s] -- Install configuration: ""
[14.442s] -- Installing: /workspace/foxy_ws/install/share/ament_index/resource_index/rosidl_interfaces/nav_msgs
[14.443s] -- Installing: /workspace/foxy_ws/install/include/nav_msgs
[14.443s] -- Installing: /workspace/foxy_ws/install/include/nav_msgs/msg
[14.443s] -- Installing: /workspace/foxy_ws/install/include/nav_msgs/msg/occupancy_grid.h
[14.443s] -- Installing: /workspace/foxy_ws/install/include/nav_msgs/msg/grid_cells.h
[14.443s] -- Installing: /workspace/foxy_ws/install/include/nav_msgs/msg/rosidl_generator_c__visibility_control.h
[14.443s] -- Installing: /workspace/foxy_ws/install/include/nav_msgs/msg/odometry.h
[14.444s] -- Installing: /workspace/foxy_ws/install/include/nav_msgs/msg/map_meta_data.h
[14.444s] -- Installing: /workspace/foxy_ws/install/include/nav_msgs/msg/detail
[14.444s] -- Installing: /workspace/foxy_ws/install/include/nav_msgs/msg/detail/map_meta_data__functions.h
[14.444s] -- Installing: /workspace/foxy_ws/install/include/nav_msgs/msg/detail/path__type_support.h
[14.444s] -- Installing: /workspace/foxy_ws/install/include/nav_msgs/msg/detail/grid_cells__functions.c
[14.444s] -- Installing: /workspace/foxy_ws/install/include/nav_msgs/msg/detail/path__functions.h
[14.445s] -- Installing: /workspace/foxy_ws/install/include/nav_msgs/msg/detail/grid_cells__functions.h
[14.445s] -- Installing: /workspace/foxy_ws/install/include/nav_msgs/msg/detail/occupancy_grid__struct.h
[14.445s] -- Installing: /workspace/foxy_ws/install/include/nav_msgs/msg/detail/grid_cells__type_support.h
[14.445s] -- Installing: /workspace/foxy_ws/install/include/nav_msgs/msg/detail/occupancy_grid__functions.h
[14.445s] -- Installing: /workspace/foxy_ws/install/include/nav_msgs/msg/detail/map_meta_data__functions.c
[14.445s] -- Installing: /workspace/foxy_ws/install/include/nav_msgs/msg/detail/map_meta_data__type_support.h
[14.446s] -- Installing: /workspace/foxy_ws/install/include/nav_msgs/msg/detail/occupancy_grid__type_support.h
[14.446s] -- Installing: /workspace/foxy_ws/install/include/nav_msgs/msg/detail/map_meta_data__struct.h
[14.446s] -- Installing: /workspace/foxy_ws/install/include/nav_msgs/msg/detail/odometry__functions.c
[14.446s] -- Installing: /workspace/foxy_ws/install/include/nav_msgs/msg/detail/grid_cells__struct.h
[14.446s] -- Installing: /workspace/foxy_ws/install/include/nav_msgs/msg/detail/occupancy_grid__functions.c
[14.446s] -- Installing: /workspace/foxy_ws/install/include/nav_msgs/msg/detail/path__functions.c
[14.447s] -- Installing: /workspace/foxy_ws/install/include/nav_msgs/msg/detail/odometry__type_support.h
[14.447s] -- Installing: /workspace/foxy_ws/install/include/nav_msgs/msg/detail/odometry__functions.h
[14.447s] -- Installing: /workspace/foxy_ws/install/include/nav_msgs/msg/detail/odometry__struct.h
[14.447s] -- Installing: /workspace/foxy_ws/install/include/nav_msgs/msg/detail/path__struct.h
[14.447s] -- Installing: /workspace/foxy_ws/install/include/nav_msgs/msg/path.h
[14.447s] -- Installing: /workspace/foxy_ws/install/include/nav_msgs/srv
[14.447s] -- Installing: /workspace/foxy_ws/install/include/nav_msgs/srv/set_map.h
[14.448s] -- Installing: /workspace/foxy_ws/install/include/nav_msgs/srv/get_plan.h
[14.448s] -- Installing: /workspace/foxy_ws/install/include/nav_msgs/srv/detail
[14.448s] -- Installing: /workspace/foxy_ws/install/include/nav_msgs/srv/detail/set_map__type_support.h
[14.448s] -- Installing: /workspace/foxy_ws/install/include/nav_msgs/srv/detail/get_plan__functions.c
[14.448s] -- Installing: /workspace/foxy_ws/install/include/nav_msgs/srv/detail/get_map__functions.c
[14.448s] -- Installing: /workspace/foxy_ws/install/include/nav_msgs/srv/detail/get_map__struct.h
[14.448s] -- Installing: /workspace/foxy_ws/install/include/nav_msgs/srv/detail/get_plan__type_support.h
[14.449s] -- Installing: /workspace/foxy_ws/install/include/nav_msgs/srv/detail/set_map__struct.h
[14.449s] -- Installing: /workspace/foxy_ws/install/include/nav_msgs/srv/detail/get_plan__functions.h
[14.449s] -- Installing: /workspace/foxy_ws/install/include/nav_msgs/srv/detail/get_map__functions.h
[14.449s] -- Installing: /workspace/foxy_ws/install/include/nav_msgs/srv/detail/get_map__type_support.h
[14.449s] -- Installing: /workspace/foxy_ws/install/include/nav_msgs/srv/detail/set_map__functions.h
[14.449s] -- Installing: /workspace/foxy_ws/install/include/nav_msgs/srv/detail/set_map__functions.c
[14.449s] -- Installing: /workspace/foxy_ws/install/include/nav_msgs/srv/detail/get_plan__struct.h
[14.450s] -- Installing: /workspace/foxy_ws/install/include/nav_msgs/srv/get_map.h
[14.450s] -- Installing: /workspace/foxy_ws/install/share/nav_msgs/environment/library_path.sh
[14.450s] -- Installing: /workspace/foxy_ws/install/share/nav_msgs/environment/library_path.dsv
[14.450s] -- Installing: /workspace/foxy_ws/install/lib/libnav_msgs__rosidl_generator_c.so
[14.451s] -- Set runtime path of "/workspace/foxy_ws/install/lib/libnav_msgs__rosidl_generator_c.so" to ""
[14.451s] -- Up-to-date: /workspace/foxy_ws/install/include/nav_msgs
[14.451s] -- Up-to-date: /workspace/foxy_ws/install/include/nav_msgs/msg
[14.451s] -- Installing: /workspace/foxy_ws/install/include/nav_msgs/msg/rosidl_typesupport_fastrtps_c__visibility_control.h
[14.451s] -- Up-to-date: /workspace/foxy_ws/install/include/nav_msgs/msg/detail
[14.451s] -- Installing: /workspace/foxy_ws/install/include/nav_msgs/msg/detail/path__rosidl_typesupport_fastrtps_c.h
[14.452s] -- Installing: /workspace/foxy_ws/install/include/nav_msgs/msg/detail/grid_cells__rosidl_typesupport_fastrtps_c.h
[14.452s] -- Installing: /workspace/foxy_ws/install/include/nav_msgs/msg/detail/odometry__rosidl_typesupport_fastrtps_c.h
[14.452s] -- Installing: /workspace/foxy_ws/install/include/nav_msgs/msg/detail/occupancy_grid__rosidl_typesupport_fastrtps_c.h
[14.452s] -- Installing: /workspace/foxy_ws/install/include/nav_msgs/msg/detail/map_meta_data__rosidl_typesupport_fastrtps_c.h
[14.452s] -- Up-to-date: /workspace/foxy_ws/install/include/nav_msgs/srv
[14.452s] -- Up-to-date: /workspace/foxy_ws/install/include/nav_msgs/srv/detail
[14.452s] -- Installing: /workspace/foxy_ws/install/include/nav_msgs/srv/detail/get_map__rosidl_typesupport_fastrtps_c.h
[14.452s] -- Installing: /workspace/foxy_ws/install/include/nav_msgs/srv/detail/get_plan__rosidl_typesupport_fastrtps_c.h
[14.452s] -- Installing: /workspace/foxy_ws/install/include/nav_msgs/srv/detail/set_map__rosidl_typesupport_fastrtps_c.h
[14.452s] -- Installing: /workspace/foxy_ws/install/lib/libnav_msgs__rosidl_typesupport_fastrtps_c.so
[14.453s] -- Set runtime path of "/workspace/foxy_ws/install/lib/libnav_msgs__rosidl_typesupport_fastrtps_c.so" to ""
[14.453s] -- Up-to-date: /workspace/foxy_ws/install/include/nav_msgs
[14.453s] -- Up-to-date: /workspace/foxy_ws/install/include/nav_msgs/msg
[14.453s] -- Installing: /workspace/foxy_ws/install/include/nav_msgs/msg/rosidl_typesupport_fastrtps_cpp__visibility_control.h
[14.453s] -- Up-to-date: /workspace/foxy_ws/install/include/nav_msgs/msg/detail
[14.454s] -- Installing: /workspace/foxy_ws/install/include/nav_msgs/msg/detail/path__rosidl_typesupport_fastrtps_cpp.hpp
[14.454s] -- Installing: /workspace/foxy_ws/install/include/nav_msgs/msg/detail/map_meta_data__rosidl_typesupport_fastrtps_cpp.hpp
[14.454s] -- Installing: /workspace/foxy_ws/install/include/nav_msgs/msg/detail/odometry__rosidl_typesupport_fastrtps_cpp.hpp
[14.454s] -- Installing: /workspace/foxy_ws/install/include/nav_msgs/msg/detail/dds_fastrtps
[14.454s] -- Installing: /workspace/foxy_ws/install/include/nav_msgs/msg/detail/occupancy_grid__rosidl_typesupport_fastrtps_cpp.hpp
[14.454s] -- Installing: /workspace/foxy_ws/install/include/nav_msgs/msg/detail/grid_cells__rosidl_typesupport_fastrtps_cpp.hpp
[14.454s] -- Up-to-date: /workspace/foxy_ws/install/include/nav_msgs/srv
[14.455s] -- Up-to-date: /workspace/foxy_ws/install/include/nav_msgs/srv/detail
[14.455s] -- Installing: /workspace/foxy_ws/install/include/nav_msgs/srv/detail/get_map__rosidl_typesupport_fastrtps_cpp.hpp
[14.455s] -- Installing: /workspace/foxy_ws/install/include/nav_msgs/srv/detail/dds_fastrtps
[14.455s] -- Installing: /workspace/foxy_ws/install/include/nav_msgs/srv/detail/get_plan__rosidl_typesupport_fastrtps_cpp.hpp
[14.455s] -- Installing: /workspace/foxy_ws/install/include/nav_msgs/srv/detail/set_map__rosidl_typesupport_fastrtps_cpp.hpp
[14.455s] -- Installing: /workspace/foxy_ws/install/lib/libnav_msgs__rosidl_typesupport_fastrtps_cpp.so
[14.455s] -- Set runtime path of "/workspace/foxy_ws/install/lib/libnav_msgs__rosidl_typesupport_fastrtps_cpp.so" to ""
[14.456s] -- Up-to-date: /workspace/foxy_ws/install/include/nav_msgs
[14.456s] -- Up-to-date: /workspace/foxy_ws/install/include/nav_msgs/msg
[14.456s] -- Installing: /workspace/foxy_ws/install/include/nav_msgs/msg/rosidl_typesupport_introspection_c__visibility_control.h
[14.456s] -- Up-to-date: /workspace/foxy_ws/install/include/nav_msgs/msg/detail
[14.456s] -- Installing: /workspace/foxy_ws/install/include/nav_msgs/msg/detail/odometry__rosidl_typesupport_introspection_c.h
[14.456s] -- Installing: /workspace/foxy_ws/install/include/nav_msgs/msg/detail/grid_cells__type_support.c
[14.456s] -- Installing: /workspace/foxy_ws/install/include/nav_msgs/msg/detail/map_meta_data__type_support.c
[14.456s] -- Installing: /workspace/foxy_ws/install/include/nav_msgs/msg/detail/path__type_support.c
[14.457s] -- Installing: /workspace/foxy_ws/install/include/nav_msgs/msg/detail/map_meta_data__rosidl_typesupport_introspection_c.h
[14.457s] -- Installing: /workspace/foxy_ws/install/include/nav_msgs/msg/detail/odometry__type_support.c
[14.457s] -- Installing: /workspace/foxy_ws/install/include/nav_msgs/msg/detail/grid_cells__rosidl_typesupport_introspection_c.h
[14.457s] -- Installing: /workspace/foxy_ws/install/include/nav_msgs/msg/detail/path__rosidl_typesupport_introspection_c.h
[14.457s] -- Installing: /workspace/foxy_ws/install/include/nav_msgs/msg/detail/occupancy_grid__type_support.c
[14.457s] -- Installing: /workspace/foxy_ws/install/include/nav_msgs/msg/detail/occupancy_grid__rosidl_typesupport_introspection_c.h
[14.457s] -- Up-to-date: /workspace/foxy_ws/install/include/nav_msgs/srv
[14.457s] -- Up-to-date: /workspace/foxy_ws/install/include/nav_msgs/srv/detail
[14.458s] -- Installing: /workspace/foxy_ws/install/include/nav_msgs/srv/detail/set_map__rosidl_typesupport_introspection_c.h
[14.458s] -- Installing: /workspace/foxy_ws/install/include/nav_msgs/srv/detail/get_map__type_support.c
[14.458s] -- Installing: /workspace/foxy_ws/install/include/nav_msgs/srv/detail/set_map__type_support.c
[14.458s] -- Installing: /workspace/foxy_ws/install/include/nav_msgs/srv/detail/get_plan__rosidl_typesupport_introspection_c.h
[14.458s] -- Installing: /workspace/foxy_ws/install/include/nav_msgs/srv/detail/get_plan__type_support.c
[14.458s] -- Installing: /workspace/foxy_ws/install/include/nav_msgs/srv/detail/get_map__rosidl_typesupport_introspection_c.h
[14.458s] -- Installing: /workspace/foxy_ws/install/lib/libnav_msgs__rosidl_typesupport_introspection_c.so
[14.459s] -- Set runtime path of "/workspace/foxy_ws/install/lib/libnav_msgs__rosidl_typesupport_introspection_c.so" to ""
[14.459s] -- Installing: /workspace/foxy_ws/install/lib/libnav_msgs__rosidl_typesupport_c.so
[14.459s] -- Set runtime path of "/workspace/foxy_ws/install/lib/libnav_msgs__rosidl_typesupport_c.so" to ""
[14.459s] -- Up-to-date: /workspace/foxy_ws/install/include/nav_msgs
[14.460s] -- Up-to-date: /workspace/foxy_ws/install/include/nav_msgs/msg
[14.460s] -- Installing: /workspace/foxy_ws/install/include/nav_msgs/msg/occupancy_grid.hpp
[14.460s] -- Installing: /workspace/foxy_ws/install/include/nav_msgs/msg/map_meta_data.hpp
[14.460s] -- Installing: /workspace/foxy_ws/install/include/nav_msgs/msg/rosidl_generator_cpp__visibility_control.hpp
[14.460s] -- Installing: /workspace/foxy_ws/install/include/nav_msgs/msg/grid_cells.hpp
[14.460s] -- Installing: /workspace/foxy_ws/install/include/nav_msgs/msg/path.hpp
[14.460s] -- Installing: /workspace/foxy_ws/install/include/nav_msgs/msg/odometry.hpp
[14.460s] -- Up-to-date: /workspace/foxy_ws/install/include/nav_msgs/msg/detail
[14.460s] -- Installing: /workspace/foxy_ws/install/include/nav_msgs/msg/detail/occupancy_grid__traits.hpp
[14.461s] -- Installing: /workspace/foxy_ws/install/include/nav_msgs/msg/detail/path__type_support.hpp
[14.461s] -- Installing: /workspace/foxy_ws/install/include/nav_msgs/msg/detail/grid_cells__builder.hpp
[14.461s] -- Installing: /workspace/foxy_ws/install/include/nav_msgs/msg/detail/occupancy_grid__struct.hpp
[14.461s] -- Installing: /workspace/foxy_ws/install/include/nav_msgs/msg/detail/occupancy_grid__builder.hpp
[14.461s] -- Installing: /workspace/foxy_ws/install/include/nav_msgs/msg/detail/grid_cells__struct.hpp
[14.461s] -- Installing: /workspace/foxy_ws/install/include/nav_msgs/msg/detail/odometry__type_support.hpp
[14.461s] -- Installing: /workspace/foxy_ws/install/include/nav_msgs/msg/detail/map_meta_data__traits.hpp
[14.461s] -- Installing: /workspace/foxy_ws/install/include/nav_msgs/msg/detail/grid_cells__traits.hpp
[14.462s] -- Installing: /workspace/foxy_ws/install/include/nav_msgs/msg/detail/path__struct.hpp
[14.462s] -- Installing: /workspace/foxy_ws/install/include/nav_msgs/msg/detail/odometry__struct.hpp
[14.462s] -- Installing: /workspace/foxy_ws/install/include/nav_msgs/msg/detail/path__traits.hpp
[14.462s] -- Installing: /workspace/foxy_ws/install/include/nav_msgs/msg/detail/path__builder.hpp
[14.462s] -- Installing: /workspace/foxy_ws/install/include/nav_msgs/msg/detail/map_meta_data__type_support.hpp
[14.462s] -- Installing: /workspace/foxy_ws/install/include/nav_msgs/msg/detail/grid_cells__type_support.hpp
[14.462s] -- Installing: /workspace/foxy_ws/install/include/nav_msgs/msg/detail/map_meta_data__struct.hpp
[14.462s] -- Installing: /workspace/foxy_ws/install/include/nav_msgs/msg/detail/map_meta_data__builder.hpp
[14.463s] -- Installing: /workspace/foxy_ws/install/include/nav_msgs/msg/detail/occupancy_grid__type_support.hpp
[14.463s] -- Installing: /workspace/foxy_ws/install/include/nav_msgs/msg/detail/odometry__builder.hpp
[14.463s] -- Installing: /workspace/foxy_ws/install/include/nav_msgs/msg/detail/odometry__traits.hpp
[14.463s] -- Up-to-date: /workspace/foxy_ws/install/include/nav_msgs/srv
[14.463s] -- Installing: /workspace/foxy_ws/install/include/nav_msgs/srv/get_plan.hpp
[14.463s] -- Installing: /workspace/foxy_ws/install/include/nav_msgs/srv/get_map.hpp
[14.463s] -- Installing: /workspace/foxy_ws/install/include/nav_msgs/srv/set_map.hpp
[14.463s] -- Up-to-date: /workspace/foxy_ws/install/include/nav_msgs/srv/detail
[14.463s] -- Installing: /workspace/foxy_ws/install/include/nav_msgs/srv/detail/get_plan__type_support.hpp
[14.464s] -- Installing: /workspace/foxy_ws/install/include/nav_msgs/srv/detail/set_map__traits.hpp
[14.464s] -- Installing: /workspace/foxy_ws/install/include/nav_msgs/srv/detail/get_map__struct.hpp
[14.464s] -- Installing: /workspace/foxy_ws/install/include/nav_msgs/srv/detail/get_plan__struct.hpp
[14.464s] -- Installing: /workspace/foxy_ws/install/include/nav_msgs/srv/detail/get_plan__builder.hpp
[14.464s] -- Installing: /workspace/foxy_ws/install/include/nav_msgs/srv/detail/get_map__builder.hpp
[14.464s] -- Installing: /workspace/foxy_ws/install/include/nav_msgs/srv/detail/set_map__type_support.hpp
[14.464s] -- Installing: /workspace/foxy_ws/install/include/nav_msgs/srv/detail/get_map__traits.hpp
[14.464s] -- Installing: /workspace/foxy_ws/install/include/nav_msgs/srv/detail/set_map__struct.hpp
[14.465s] -- Installing: /workspace/foxy_ws/install/include/nav_msgs/srv/detail/set_map__builder.hpp
[14.465s] -- Installing: /workspace/foxy_ws/install/include/nav_msgs/srv/detail/get_plan__traits.hpp
[14.465s] -- Installing: /workspace/foxy_ws/install/include/nav_msgs/srv/detail/get_map__type_support.hpp
[14.465s] -- Up-to-date: /workspace/foxy_ws/install/include/nav_msgs
[14.465s] -- Up-to-date: /workspace/foxy_ws/install/include/nav_msgs/msg
[14.465s] -- Up-to-date: /workspace/foxy_ws/install/include/nav_msgs/msg/detail
[14.465s] -- Installing: /workspace/foxy_ws/install/include/nav_msgs/msg/detail/odometry__type_support.cpp
[14.465s] -- Installing: /workspace/foxy_ws/install/include/nav_msgs/msg/detail/map_meta_data__type_support.cpp
[14.465s] -- Installing: /workspace/foxy_ws/install/include/nav_msgs/msg/detail/path__rosidl_typesupport_introspection_cpp.hpp
[14.465s] -- Installing: /workspace/foxy_ws/install/include/nav_msgs/msg/detail/odometry__rosidl_typesupport_introspection_cpp.hpp
[14.466s] -- Installing: /workspace/foxy_ws/install/include/nav_msgs/msg/detail/map_meta_data__rosidl_typesupport_introspection_cpp.hpp
[14.466s] -- Installing: /workspace/foxy_ws/install/include/nav_msgs/msg/detail/occupancy_grid__rosidl_typesupport_introspection_cpp.hpp
[14.466s] -- Installing: /workspace/foxy_ws/install/include/nav_msgs/msg/detail/grid_cells__type_support.cpp
[14.466s] -- Installing: /workspace/foxy_ws/install/include/nav_msgs/msg/detail/occupancy_grid__type_support.cpp
[14.466s] -- Installing: /workspace/foxy_ws/install/include/nav_msgs/msg/detail/path__type_support.cpp
[14.466s] -- Installing: /workspace/foxy_ws/install/include/nav_msgs/msg/detail/grid_cells__rosidl_typesupport_introspection_cpp.hpp
[14.466s] -- Up-to-date: /workspace/foxy_ws/install/include/nav_msgs/srv
[14.466s] -- Up-to-date: /workspace/foxy_ws/install/include/nav_msgs/srv/detail
[14.466s] -- Installing: /workspace/foxy_ws/install/include/nav_msgs/srv/detail/get_map__type_support.cpp
[14.466s] -- Installing: /workspace/foxy_ws/install/include/nav_msgs/srv/detail/get_plan__type_support.cpp
[14.466s] -- Installing: /workspace/foxy_ws/install/include/nav_msgs/srv/detail/set_map__rosidl_typesupport_introspection_cpp.hpp
[14.467s] -- Installing: /workspace/foxy_ws/install/include/nav_msgs/srv/detail/get_map__rosidl_typesupport_introspection_cpp.hpp
[14.467s] -- Installing: /workspace/foxy_ws/install/include/nav_msgs/srv/detail/get_plan__rosidl_typesupport_introspection_cpp.hpp
[14.467s] -- Installing: /workspace/foxy_ws/install/include/nav_msgs/srv/detail/set_map__type_support.cpp
[14.467s] -- Installing: /workspace/foxy_ws/install/lib/libnav_msgs__rosidl_typesupport_introspection_cpp.so
[14.467s] -- Set runtime path of "/workspace/foxy_ws/install/lib/libnav_msgs__rosidl_typesupport_introspection_cpp.so" to ""
[14.467s] -- Installing: /workspace/foxy_ws/install/lib/libnav_msgs__rosidl_typesupport_cpp.so
[14.467s] -- Set runtime path of "/workspace/foxy_ws/install/lib/libnav_msgs__rosidl_typesupport_cpp.so" to ""
[14.467s] -- Installing: /workspace/foxy_ws/install/share/nav_msgs/environment/pythonpath.sh
[14.467s] -- Installing: /workspace/foxy_ws/install/share/nav_msgs/environment/pythonpath.dsv
[14.467s] -- Installing: /workspace/foxy_ws/install/lib/python3.10/site-packages/nav_msgs/__init__.py
[14.493s] Compiling '/workspace/foxy_ws/install/lib/python3.10/site-packages/nav_msgs/__init__.py'...
[14.496s] -- Installing: /workspace/foxy_ws/install/lib/python3.10/site-packages/nav_msgs/msg
[14.496s] -- Installing: /workspace/foxy_ws/install/lib/python3.10/site-packages/nav_msgs/msg/_grid_cells.py
[14.496s] -- Installing: /workspace/foxy_ws/install/lib/python3.10/site-packages/nav_msgs/msg/_occupancy_grid.py
[14.496s] -- Installing: /workspace/foxy_ws/install/lib/python3.10/site-packages/nav_msgs/msg/_path_s.c
[14.496s] -- Installing: /workspace/foxy_ws/install/lib/python3.10/site-packages/nav_msgs/msg/_occupancy_grid_s.c
[14.497s] -- Installing: /workspace/foxy_ws/install/lib/python3.10/site-packages/nav_msgs/msg/_grid_cells_s.c
[14.497s] -- Installing: /workspace/foxy_ws/install/lib/python3.10/site-packages/nav_msgs/msg/_map_meta_data_s.c
[14.497s] -- Installing: /workspace/foxy_ws/install/lib/python3.10/site-packages/nav_msgs/msg/_odometry_s.c
[14.497s] -- Installing: /workspace/foxy_ws/install/lib/python3.10/site-packages/nav_msgs/msg/_map_meta_data.py
[14.497s] -- Installing: /workspace/foxy_ws/install/lib/python3.10/site-packages/nav_msgs/msg/_path.py
[14.497s] -- Installing: /workspace/foxy_ws/install/lib/python3.10/site-packages/nav_msgs/msg/__init__.py
[14.497s] -- Installing: /workspace/foxy_ws/install/lib/python3.10/site-packages/nav_msgs/msg/_odometry.py
[14.497s] -- Installing: /workspace/foxy_ws/install/lib/python3.10/site-packages/nav_msgs/srv
[14.497s] -- Installing: /workspace/foxy_ws/install/lib/python3.10/site-packages/nav_msgs/srv/_get_plan_s.c
[14.498s] -- Installing: /workspace/foxy_ws/install/lib/python3.10/site-packages/nav_msgs/srv/_get_plan.py
[14.498s] -- Installing: /workspace/foxy_ws/install/lib/python3.10/site-packages/nav_msgs/srv/_set_map_s.c
[14.498s] -- Installing: /workspace/foxy_ws/install/lib/python3.10/site-packages/nav_msgs/srv/__init__.py
[14.498s] -- Installing: /workspace/foxy_ws/install/lib/python3.10/site-packages/nav_msgs/srv/_set_map.py
[14.498s] -- Installing: /workspace/foxy_ws/install/lib/python3.10/site-packages/nav_msgs/srv/_get_map.py
[14.498s] -- Installing: /workspace/foxy_ws/install/lib/python3.10/site-packages/nav_msgs/srv/_get_map_s.c
[14.499s] -- Installing: /workspace/foxy_ws/install/lib/python3.10/site-packages/nav_msgs/nav_msgs_s__rosidl_typesupport_fastrtps_c.cpython-310-x86_64-linux-gnu.so
[14.499s] -- Set runtime path of "/workspace/foxy_ws/install/lib/python3.10/site-packages/nav_msgs/nav_msgs_s__rosidl_typesupport_fastrtps_c.cpython-310-x86_64-linux-gnu.so" to ""
[14.499s] -- Installing: /workspace/foxy_ws/install/lib/python3.10/site-packages/nav_msgs/nav_msgs_s__rosidl_typesupport_introspection_c.cpython-310-x86_64-linux-gnu.so
[14.500s] -- Set runtime path of "/workspace/foxy_ws/install/lib/python3.10/site-packages/nav_msgs/nav_msgs_s__rosidl_typesupport_introspection_c.cpython-310-x86_64-linux-gnu.so" to ""
[14.500s] -- Installing: /workspace/foxy_ws/install/lib/python3.10/site-packages/nav_msgs/nav_msgs_s__rosidl_typesupport_c.cpython-310-x86_64-linux-gnu.so
[14.500s] -- Set runtime path of "/workspace/foxy_ws/install/lib/python3.10/site-packages/nav_msgs/nav_msgs_s__rosidl_typesupport_c.cpython-310-x86_64-linux-gnu.so" to ""
[14.501s] -- Installing: /workspace/foxy_ws/install/lib/libnav_msgs__python.so
[14.501s] -- Set runtime path of "/workspace/foxy_ws/install/lib/libnav_msgs__python.so" to ""
[14.501s] -- Installing: /workspace/foxy_ws/install/share/nav_msgs/msg/GridCells.idl
[14.501s] -- Installing: /workspace/foxy_ws/install/share/nav_msgs/msg/MapMetaData.idl
[14.501s] -- Installing: /workspace/foxy_ws/install/share/nav_msgs/msg/OccupancyGrid.idl
[14.501s] -- Installing: /workspace/foxy_ws/install/share/nav_msgs/msg/Odometry.idl
[14.502s] -- Installing: /workspace/foxy_ws/install/share/nav_msgs/msg/Path.idl
[14.502s] -- Installing: /workspace/foxy_ws/install/share/nav_msgs/srv/GetMap.idl
[14.502s] -- Installing: /workspace/foxy_ws/install/share/nav_msgs/srv/GetPlan.idl
[14.502s] -- Installing: /workspace/foxy_ws/install/share/nav_msgs/srv/SetMap.idl
[14.502s] -- Installing: /workspace/foxy_ws/install/share/nav_msgs/msg/GridCells.msg
[14.502s] -- Installing: /workspace/foxy_ws/install/share/nav_msgs/msg/MapMetaData.msg
[14.502s] -- Installing: /workspace/foxy_ws/install/share/nav_msgs/msg/OccupancyGrid.msg
[14.503s] -- Installing: /workspace/foxy_ws/install/share/nav_msgs/msg/Odometry.msg
[14.503s] -- Installing: /workspace/foxy_ws/install/share/nav_msgs/msg/Path.msg
[14.503s] -- Installing: /workspace/foxy_ws/install/share/nav_msgs/srv/GetMap.srv
[14.503s] -- Installing: /workspace/foxy_ws/install/share/nav_msgs/srv/GetMap_Request.msg
[14.503s] -- Installing: /workspace/foxy_ws/install/share/nav_msgs/srv/GetMap_Response.msg
[14.503s] -- Installing: /workspace/foxy_ws/install/share/nav_msgs/srv/GetPlan.srv
[14.503s] -- Installing: /workspace/foxy_ws/install/share/nav_msgs/srv/GetPlan_Request.msg
[14.504s] -- Installing: /workspace/foxy_ws/install/share/nav_msgs/srv/GetPlan_Response.msg
[14.504s] -- Installing: /workspace/foxy_ws/install/share/nav_msgs/srv/SetMap.srv
[14.504s] -- Installing: /workspace/foxy_ws/install/share/nav_msgs/srv/SetMap_Request.msg
[14.504s] -- Installing: /workspace/foxy_ws/install/share/nav_msgs/srv/SetMap_Response.msg
[14.504s] -- Installing: /workspace/foxy_ws/install/share/ament_index/resource_index/package_run_dependencies/nav_msgs
[14.504s] -- Installing: /workspace/foxy_ws/install/share/ament_index/resource_index/parent_prefix_path/nav_msgs
[14.505s] -- Installing: /workspace/foxy_ws/install/share/nav_msgs/environment/ament_prefix_path.sh
[14.505s] -- Installing: /workspace/foxy_ws/install/share/nav_msgs/environment/ament_prefix_path.dsv
[14.505s] -- Installing: /workspace/foxy_ws/install/share/nav_msgs/environment/path.sh
[14.505s] -- Installing: /workspace/foxy_ws/install/share/nav_msgs/environment/path.dsv
[14.505s] -- Installing: /workspace/foxy_ws/install/share/nav_msgs/local_setup.bash
[14.505s] -- Installing: /workspace/foxy_ws/install/share/nav_msgs/local_setup.sh
[14.505s] -- Installing: /workspace/foxy_ws/install/share/nav_msgs/local_setup.zsh
[14.506s] -- Installing: /workspace/foxy_ws/install/share/nav_msgs/local_setup.dsv
[14.506s] -- Installing: /workspace/foxy_ws/install/share/nav_msgs/package.dsv
[14.506s] -- Installing: /workspace/foxy_ws/install/share/ament_index/resource_index/packages/nav_msgs
[14.506s] -- Installing: /workspace/foxy_ws/install/share/nav_msgs/cmake/nav_msgs__rosidl_generator_cExport.cmake
[14.506s] -- Installing: /workspace/foxy_ws/install/share/nav_msgs/cmake/nav_msgs__rosidl_generator_cExport-noconfig.cmake
[14.506s] -- Installing: /workspace/foxy_ws/install/share/nav_msgs/cmake/nav_msgs__rosidl_typesupport_introspection_cExport.cmake
[14.507s] -- Installing: /workspace/foxy_ws/install/share/nav_msgs/cmake/nav_msgs__rosidl_typesupport_introspection_cExport-noconfig.cmake
[14.507s] -- Installing: /workspace/foxy_ws/install/share/nav_msgs/cmake/nav_msgs__rosidl_typesupport_cExport.cmake
[14.507s] -- Installing: /workspace/foxy_ws/install/share/nav_msgs/cmake/nav_msgs__rosidl_typesupport_cExport-noconfig.cmake
[14.507s] -- Installing: /workspace/foxy_ws/install/share/nav_msgs/cmake/nav_msgs__rosidl_generator_cppExport.cmake
[14.507s] -- Installing: /workspace/foxy_ws/install/share/nav_msgs/cmake/nav_msgs__rosidl_typesupport_introspection_cppExport.cmake
[14.508s] -- Installing: /workspace/foxy_ws/install/share/nav_msgs/cmake/nav_msgs__rosidl_typesupport_introspection_cppExport-noconfig.cmake
[14.508s] -- Installing: /workspace/foxy_ws/install/share/nav_msgs/cmake/nav_msgs__rosidl_typesupport_cppExport.cmake
[14.508s] -- Installing: /workspace/foxy_ws/install/share/nav_msgs/cmake/nav_msgs__rosidl_typesupport_cppExport-noconfig.cmake
[14.508s] -- Installing: /workspace/foxy_ws/install/share/nav_msgs/cmake/rosidl_cmake-extras.cmake
[14.508s] -- Installing: /workspace/foxy_ws/install/share/nav_msgs/cmake/ament_cmake_export_dependencies-extras.cmake
[14.508s] -- Installing: /workspace/foxy_ws/install/share/nav_msgs/cmake/ament_cmake_export_libraries-extras.cmake
[14.509s] -- Installing: /workspace/foxy_ws/install/share/nav_msgs/cmake/ament_cmake_export_targets-extras.cmake
[14.509s] -- Installing: /workspace/foxy_ws/install/share/nav_msgs/cmake/ament_cmake_export_include_directories-extras.cmake
[14.509s] -- Installing: /workspace/foxy_ws/install/share/nav_msgs/cmake/rosidl_cmake_export_typesupport_libraries-extras.cmake
[14.509s] -- Installing: /workspace/foxy_ws/install/share/nav_msgs/cmake/rosidl_cmake_export_typesupport_targets-extras.cmake
[14.509s] -- Installing: /workspace/foxy_ws/install/share/nav_msgs/cmake/nav_msgsConfig.cmake
[14.509s] -- Installing: /workspace/foxy_ws/install/share/nav_msgs/cmake/nav_msgsConfig-version.cmake
[14.509s] -- Installing: /workspace/foxy_ws/install/share/nav_msgs/package.xml
[14.512s] Invoked command in '/workspace/foxy_ws/build/nav_msgs' returned '0': AMENT_PREFIX_PATH=/workspace/foxy_ws/install CMAKE_PREFIX_PATH=/workspace/foxy_ws/install LD_LIBRARY_PATH=/workspace/foxy_ws/install/lib PATH=/workspace/foxy_ws/install/bin:${PATH} PKG_CONFIG_PATH=/workspace/foxy_ws/install/lib/x86_64-linux-gnu/pkgconfig:/workspace/foxy_ws/install/lib/pkgconfig PYTHONPATH=/workspace/foxy_ws/install/lib/python3.10/site-packages /usr/bin/cmake --install /workspace/foxy_ws/build/nav_msgs
