running egg_info
creating ../../build/rpyutils/rpyutils.egg-info
writing ../../build/rpyutils/rpyutils.egg-info/PKG-INFO
writing dependency_links to ../../build/rpyutils/rpyutils.egg-info/dependency_links.txt
writing top-level names to ../../build/rpyutils/rpyutils.egg-info/top_level.txt
writing manifest file '../../build/rpyutils/rpyutils.egg-info/SOURCES.txt'
reading manifest file '../../build/rpyutils/rpyutils.egg-info/SOURCES.txt'
adding license file 'LICENSE'
writing manifest file '../../build/rpyutils/rpyutils.egg-info/SOURCES.txt'
running build
running build_py
creating /workspace/foxy_ws/build/rpyutils/build
creating /workspace/foxy_ws/build/rpyutils/build/lib
creating /workspace/foxy_ws/build/rpyutils/build/lib/rpyutils
copying rpyutils/add_dll_directories.py -> /workspace/foxy_ws/build/rpyutils/build/lib/rpyutils
copying rpyutils/__init__.py -> /workspace/foxy_ws/build/rpyutils/build/lib/rpyutils
copying rpyutils/import_c_library.py -> /workspace/foxy_ws/build/rpyutils/build/lib/rpyutils
running install
running install_lib
creating /workspace/foxy_ws/install/lib/python3.10/site-packages/rpyutils
copying /workspace/foxy_ws/build/rpyutils/build/lib/rpyutils/add_dll_directories.py -> /workspace/foxy_ws/install/lib/python3.10/site-packages/rpyutils
copying /workspace/foxy_ws/build/rpyutils/build/lib/rpyutils/__init__.py -> /workspace/foxy_ws/install/lib/python3.10/site-packages/rpyutils
copying /workspace/foxy_ws/build/rpyutils/build/lib/rpyutils/import_c_library.py -> /workspace/foxy_ws/install/lib/python3.10/site-packages/rpyutils
byte-compiling /workspace/foxy_ws/install/lib/python3.10/site-packages/rpyutils/add_dll_directories.py to add_dll_directories.cpython-310.pyc
byte-compiling /workspace/foxy_ws/install/lib/python3.10/site-packages/rpyutils/__init__.py to __init__.cpython-310.pyc
byte-compiling /workspace/foxy_ws/install/lib/python3.10/site-packages/rpyutils/import_c_library.py to import_c_library.cpython-310.pyc
running install_data
copying package.xml -> /workspace/foxy_ws/install/share/rpyutils
copying resource/rpyutils -> /workspace/foxy_ws/install/share/ament_index/resource_index/packages
running install_egg_info
Copying ../../build/rpyutils/rpyutils.egg-info to /workspace/foxy_ws/install/lib/python3.10/site-packages/rpyutils-0.2.0-py3.10.egg-info
running install_scripts
writing list of installed files to '/workspace/foxy_ws/build/rpyutils/install.log'
