[0.619s] Invoking command in '/workspace/foxy_ws/src/rpyutils': AMENT_PREFIX_PATH=/workspace/foxy_ws/install CMAKE_PREFIX_PATH=/workspace/foxy_ws/install LD_LIBRARY_PATH=/workspace/foxy_ws/install/lib PATH=/workspace/foxy_ws/install/bin:${PATH} PYTHONPATH=/workspace/foxy_ws/build/rpyutils/prefix_override:/workspace/foxy_ws/install/lib/python3.10/site-packages:/workspace/foxy_ws/install/lib/python3.10/site-packages /usr/bin/python3 -W ignore:setup.py install is deprecated setup.py egg_info --egg-base ../../build/rpyutils build --build-base /workspace/foxy_ws/build/rpyutils/build install --record /workspace/foxy_ws/build/rpyutils/install.log --single-version-externally-managed install_data
[0.876s] running egg_info
[0.877s] creating ../../build/rpyutils/rpyutils.egg-info
[0.880s] writing ../../build/rpyutils/rpyutils.egg-info/PKG-INFO
[0.884s] writing dependency_links to ../../build/rpyutils/rpyutils.egg-info/dependency_links.txt
[0.884s] writing top-level names to ../../build/rpyutils/rpyutils.egg-info/top_level.txt
[0.884s] writing manifest file '../../build/rpyutils/rpyutils.egg-info/SOURCES.txt'
[0.884s] reading manifest file '../../build/rpyutils/rpyutils.egg-info/SOURCES.txt'
[0.884s] adding license file 'LICENSE'
[0.884s] writing manifest file '../../build/rpyutils/rpyutils.egg-info/SOURCES.txt'
[0.884s] running build
[0.884s] running build_py
[0.885s] creating /workspace/foxy_ws/build/rpyutils/build
[0.885s] creating /workspace/foxy_ws/build/rpyutils/build/lib
[0.885s] creating /workspace/foxy_ws/build/rpyutils/build/lib/rpyutils
[0.885s] copying rpyutils/add_dll_directories.py -> /workspace/foxy_ws/build/rpyutils/build/lib/rpyutils
[0.893s] copying rpyutils/__init__.py -> /workspace/foxy_ws/build/rpyutils/build/lib/rpyutils
[0.893s] copying rpyutils/import_c_library.py -> /workspace/foxy_ws/build/rpyutils/build/lib/rpyutils
[0.894s] running install
[0.894s] running install_lib
[0.895s] creating /workspace/foxy_ws/install/lib/python3.10/site-packages/rpyutils
[0.895s] copying /workspace/foxy_ws/build/rpyutils/build/lib/rpyutils/add_dll_directories.py -> /workspace/foxy_ws/install/lib/python3.10/site-packages/rpyutils
[0.896s] copying /workspace/foxy_ws/build/rpyutils/build/lib/rpyutils/__init__.py -> /workspace/foxy_ws/install/lib/python3.10/site-packages/rpyutils
[0.896s] copying /workspace/foxy_ws/build/rpyutils/build/lib/rpyutils/import_c_library.py -> /workspace/foxy_ws/install/lib/python3.10/site-packages/rpyutils
[0.896s] byte-compiling /workspace/foxy_ws/install/lib/python3.10/site-packages/rpyutils/add_dll_directories.py to add_dll_directories.cpython-310.pyc
[0.897s] byte-compiling /workspace/foxy_ws/install/lib/python3.10/site-packages/rpyutils/__init__.py to __init__.cpython-310.pyc
[0.897s] byte-compiling /workspace/foxy_ws/install/lib/python3.10/site-packages/rpyutils/import_c_library.py to import_c_library.cpython-310.pyc
[0.897s] running install_data
[0.897s] copying package.xml -> /workspace/foxy_ws/install/share/rpyutils
[0.898s] copying resource/rpyutils -> /workspace/foxy_ws/install/share/ament_index/resource_index/packages
[0.898s] running install_egg_info
[0.928s] Copying ../../build/rpyutils/rpyutils.egg-info to /workspace/foxy_ws/install/lib/python3.10/site-packages/rpyutils-0.2.0-py3.10.egg-info
[0.928s] running install_scripts
[0.935s] writing list of installed files to '/workspace/foxy_ws/build/rpyutils/install.log'
[0.981s] Invoked command in '/workspace/foxy_ws/src/rpyutils' returned '0': AMENT_PREFIX_PATH=/workspace/foxy_ws/install CMAKE_PREFIX_PATH=/workspace/foxy_ws/install LD_LIBRARY_PATH=/workspace/foxy_ws/install/lib PATH=/workspace/foxy_ws/install/bin:${PATH} PYTHONPATH=/workspace/foxy_ws/build/rpyutils/prefix_override:/workspace/foxy_ws/install/lib/python3.10/site-packages:/workspace/foxy_ws/install/lib/python3.10/site-packages /usr/bin/python3 -W ignore:setup.py install is deprecated setup.py egg_info --egg-base ../../build/rpyutils build --build-base /workspace/foxy_ws/build/rpyutils/build install --record /workspace/foxy_ws/build/rpyutils/install.log --single-version-externally-managed install_data
