[0.311s] Invoking command in '/workspace/foxy_ws/build/ament_cmake': AMENT_PREFIX_PATH=/workspace/foxy_ws/install CMAKE_PREFIX_PATH=/workspace/foxy_ws/install LD_LIBRARY_PATH=/workspace/foxy_ws/install/lib PATH=/workspace/foxy_ws/install/bin:${PATH} PYTHONPATH=/workspace/foxy_ws/install/lib/python3.10/site-packages /usr/bin/cmake /workspace/foxy_ws/src/ament_cmake/ament_cmake -DCMAKE_INSTALL_PREFIX=/workspace/foxy_ws/install
[0.370s] -- Found ament_cmake_core: 0.9.12 (/workspace/foxy_ws/install/share/ament_cmake_core/cmake)
[0.399s] -- Found PythonInterp: /usr/bin/python3 (found suitable version "3.10.14", minimum required is "3") 
[0.399s] -- Using PYTHON_EXECUTABLE: /usr/bin/python3
[0.592s] -- Found ament_cmake_export_dependencies: 0.9.12 (/workspace/foxy_ws/install/share/ament_cmake_export_dependencies/cmake)
[0.672s] -- Configuring done
[0.673s] -- Generating done
[0.673s] -- Build files have been written to: /workspace/foxy_ws/build/ament_cmake
[0.674s] Invoked command in '/workspace/foxy_ws/build/ament_cmake' returned '0': AMENT_PREFIX_PATH=/workspace/foxy_ws/install CMAKE_PREFIX_PATH=/workspace/foxy_ws/install LD_LIBRARY_PATH=/workspace/foxy_ws/install/lib PATH=/workspace/foxy_ws/install/bin:${PATH} PYTHONPATH=/workspace/foxy_ws/install/lib/python3.10/site-packages /usr/bin/cmake /workspace/foxy_ws/src/ament_cmake/ament_cmake -DCMAKE_INSTALL_PREFIX=/workspace/foxy_ws/install
[0.675s] Invoking command in '/workspace/foxy_ws/build/ament_cmake': AMENT_PREFIX_PATH=/workspace/foxy_ws/install CMAKE_PREFIX_PATH=/workspace/foxy_ws/install LD_LIBRARY_PATH=/workspace/foxy_ws/install/lib PATH=/workspace/foxy_ws/install/bin:${PATH} PYTHONPATH=/workspace/foxy_ws/install/lib/python3.10/site-packages /usr/bin/cmake --build /workspace/foxy_ws/build/ament_cmake -- -j12 -l12
[0.722s] Invoked command in '/workspace/foxy_ws/build/ament_cmake' returned '0': AMENT_PREFIX_PATH=/workspace/foxy_ws/install CMAKE_PREFIX_PATH=/workspace/foxy_ws/install LD_LIBRARY_PATH=/workspace/foxy_ws/install/lib PATH=/workspace/foxy_ws/install/bin:${PATH} PYTHONPATH=/workspace/foxy_ws/install/lib/python3.10/site-packages /usr/bin/cmake --build /workspace/foxy_ws/build/ament_cmake -- -j12 -l12
[2.279s] Invoking command in '/workspace/foxy_ws/build/ament_cmake': AMENT_PREFIX_PATH=/workspace/foxy_ws/install CMAKE_PREFIX_PATH=/workspace/foxy_ws/install LD_LIBRARY_PATH=/workspace/foxy_ws/install/lib PATH=/workspace/foxy_ws/install/bin:${PATH} PYTHONPATH=/workspace/foxy_ws/install/lib/python3.10/site-packages /usr/bin/cmake --install /workspace/foxy_ws/build/ament_cmake
[2.303s] -- Install configuration: ""
[2.303s] -- Installing: /workspace/foxy_ws/install/share/ament_index/resource_index/package_run_dependencies/ament_cmake
[2.305s] -- Installing: /workspace/foxy_ws/install/share/ament_index/resource_index/parent_prefix_path/ament_cmake
[2.306s] -- Installing: /workspace/foxy_ws/install/share/ament_cmake/environment/ament_prefix_path.sh
[2.306s] -- Installing: /workspace/foxy_ws/install/share/ament_cmake/environment/ament_prefix_path.dsv
[2.306s] -- Installing: /workspace/foxy_ws/install/share/ament_cmake/environment/path.sh
[2.306s] -- Installing: /workspace/foxy_ws/install/share/ament_cmake/environment/path.dsv
[2.306s] -- Installing: /workspace/foxy_ws/install/share/ament_cmake/local_setup.bash
[2.306s] -- Installing: /workspace/foxy_ws/install/share/ament_cmake/local_setup.sh
[2.306s] -- Installing: /workspace/foxy_ws/install/share/ament_cmake/local_setup.zsh
[2.307s] -- Installing: /workspace/foxy_ws/install/share/ament_cmake/local_setup.dsv
[2.307s] -- Installing: /workspace/foxy_ws/install/share/ament_cmake/package.dsv
[2.308s] -- Installing: /workspace/foxy_ws/install/share/ament_index/resource_index/packages/ament_cmake
[2.308s] -- Installing: /workspace/foxy_ws/install/share/ament_cmake/cmake/ament_cmake_export_dependencies-extras.cmake
[2.308s] -- Installing: /workspace/foxy_ws/install/share/ament_cmake/cmake/ament_cmakeConfig.cmake
[2.310s] -- Installing: /workspace/foxy_ws/install/share/ament_cmake/cmake/ament_cmakeConfig-version.cmake
[2.310s] -- Installing: /workspace/foxy_ws/install/share/ament_cmake/package.xml
[2.312s] Invoked command in '/workspace/foxy_ws/build/ament_cmake' returned '0': AMENT_PREFIX_PATH=/workspace/foxy_ws/install CMAKE_PREFIX_PATH=/workspace/foxy_ws/install LD_LIBRARY_PATH=/workspace/foxy_ws/install/lib PATH=/workspace/foxy_ws/install/bin:${PATH} PYTHONPATH=/workspace/foxy_ws/install/lib/python3.10/site-packages /usr/bin/cmake --install /workspace/foxy_ws/build/ament_cmake
