[1.197s] Invoking command in '/workspace/foxy_ws/src/osrf_pycommon': PYTHONPATH=/workspace/foxy_ws/build/osrf_pycommon/prefix_override:/workspace/foxy_ws/install/lib/python3.10/site-packages: /usr/bin/python3 -W ignore:setup.py install is deprecated setup.py egg_info --egg-base ../../build/osrf_pycommon build --build-base /workspace/foxy_ws/build/osrf_pycommon/build install --record /workspace/foxy_ws/build/osrf_pycommon/install.log --single-version-externally-managed install_data
[1.376s] running egg_info
[1.377s] creating ../../build/osrf_pycommon/osrf_pycommon.egg-info
[1.377s] writing ../../build/osrf_pycommon/osrf_pycommon.egg-info/PKG-INFO
[1.377s] writing dependency_links to ../../build/osrf_pycommon/osrf_pycommon.egg-info/dependency_links.txt
[1.378s] writing requirements to ../../build/osrf_pycommon/osrf_pycommon.egg-info/requires.txt
[1.378s] writing top-level names to ../../build/osrf_pycommon/osrf_pycommon.egg-info/top_level.txt
[1.378s] writing manifest file '../../build/osrf_pycommon/osrf_pycommon.egg-info/SOURCES.txt'
[1.380s] reading manifest file '../../build/osrf_pycommon/osrf_pycommon.egg-info/SOURCES.txt'
[1.381s] reading manifest template 'MANIFEST.in'
[1.381s] adding license file 'LICENSE'
[1.384s] writing manifest file '../../build/osrf_pycommon/osrf_pycommon.egg-info/SOURCES.txt'
[1.384s] running build
[1.384s] running build_py
[1.385s] creating /workspace/foxy_ws/build/osrf_pycommon/build
[1.385s] creating /workspace/foxy_ws/build/osrf_pycommon/build/lib
[1.385s] creating /workspace/foxy_ws/build/osrf_pycommon/build/lib/osrf_pycommon
[1.385s] copying osrf_pycommon/__init__.py -> /workspace/foxy_ws/build/osrf_pycommon/build/lib/osrf_pycommon
[1.386s] copying osrf_pycommon/terminal_utils.py -> /workspace/foxy_ws/build/osrf_pycommon/build/lib/osrf_pycommon
[1.386s] creating /workspace/foxy_ws/build/osrf_pycommon/build/lib/osrf_pycommon/cli_utils
[1.386s] copying osrf_pycommon/cli_utils/verb_pattern.py -> /workspace/foxy_ws/build/osrf_pycommon/build/lib/osrf_pycommon/cli_utils
[1.387s] copying osrf_pycommon/cli_utils/common.py -> /workspace/foxy_ws/build/osrf_pycommon/build/lib/osrf_pycommon/cli_utils
[1.387s] copying osrf_pycommon/cli_utils/__init__.py -> /workspace/foxy_ws/build/osrf_pycommon/build/lib/osrf_pycommon/cli_utils
[1.387s] creating /workspace/foxy_ws/build/osrf_pycommon/build/lib/osrf_pycommon/terminal_color
[1.387s] copying osrf_pycommon/terminal_color/windows.py -> /workspace/foxy_ws/build/osrf_pycommon/build/lib/osrf_pycommon/terminal_color
[1.388s] copying osrf_pycommon/terminal_color/impl.py -> /workspace/foxy_ws/build/osrf_pycommon/build/lib/osrf_pycommon/terminal_color
[1.388s] copying osrf_pycommon/terminal_color/__init__.py -> /workspace/foxy_ws/build/osrf_pycommon/build/lib/osrf_pycommon/terminal_color
[1.388s] copying osrf_pycommon/terminal_color/ansi_re.py -> /workspace/foxy_ws/build/osrf_pycommon/build/lib/osrf_pycommon/terminal_color
[1.388s] creating /workspace/foxy_ws/build/osrf_pycommon/build/lib/osrf_pycommon/process_utils
[1.388s] copying osrf_pycommon/process_utils/execute_process_nopty.py -> /workspace/foxy_ws/build/osrf_pycommon/build/lib/osrf_pycommon/process_utils
[1.388s] copying osrf_pycommon/process_utils/async_execute_process_trollius.py -> /workspace/foxy_ws/build/osrf_pycommon/build/lib/osrf_pycommon/process_utils
[1.388s] copying osrf_pycommon/process_utils/async_execute_process.py -> /workspace/foxy_ws/build/osrf_pycommon/build/lib/osrf_pycommon/process_utils
[1.389s] copying osrf_pycommon/process_utils/impl.py -> /workspace/foxy_ws/build/osrf_pycommon/build/lib/osrf_pycommon/process_utils
[1.389s] copying osrf_pycommon/process_utils/__init__.py -> /workspace/foxy_ws/build/osrf_pycommon/build/lib/osrf_pycommon/process_utils
[1.389s] copying osrf_pycommon/process_utils/get_loop_impl.py -> /workspace/foxy_ws/build/osrf_pycommon/build/lib/osrf_pycommon/process_utils
[1.389s] copying osrf_pycommon/process_utils/execute_process_pty.py -> /workspace/foxy_ws/build/osrf_pycommon/build/lib/osrf_pycommon/process_utils
[1.389s] creating /workspace/foxy_ws/build/osrf_pycommon/build/lib/osrf_pycommon/process_utils/async_execute_process_asyncio
[1.389s] copying osrf_pycommon/process_utils/async_execute_process_asyncio/impl.py -> /workspace/foxy_ws/build/osrf_pycommon/build/lib/osrf_pycommon/process_utils/async_execute_process_asyncio
[1.389s] copying osrf_pycommon/process_utils/async_execute_process_asyncio/__init__.py -> /workspace/foxy_ws/build/osrf_pycommon/build/lib/osrf_pycommon/process_utils/async_execute_process_asyncio
[1.390s] running install
[1.390s] running install_lib
[1.390s] creating /workspace/foxy_ws/install/lib/python3.10/site-packages/osrf_pycommon
[1.390s] creating /workspace/foxy_ws/install/lib/python3.10/site-packages/osrf_pycommon/cli_utils
[1.391s] copying /workspace/foxy_ws/build/osrf_pycommon/build/lib/osrf_pycommon/cli_utils/verb_pattern.py -> /workspace/foxy_ws/install/lib/python3.10/site-packages/osrf_pycommon/cli_utils
[1.394s] copying /workspace/foxy_ws/build/osrf_pycommon/build/lib/osrf_pycommon/cli_utils/common.py -> /workspace/foxy_ws/install/lib/python3.10/site-packages/osrf_pycommon/cli_utils
[1.394s] copying /workspace/foxy_ws/build/osrf_pycommon/build/lib/osrf_pycommon/cli_utils/__init__.py -> /workspace/foxy_ws/install/lib/python3.10/site-packages/osrf_pycommon/cli_utils
[1.394s] copying /workspace/foxy_ws/build/osrf_pycommon/build/lib/osrf_pycommon/__init__.py -> /workspace/foxy_ws/install/lib/python3.10/site-packages/osrf_pycommon
[1.394s] creating /workspace/foxy_ws/install/lib/python3.10/site-packages/osrf_pycommon/terminal_color
[1.394s] copying /workspace/foxy_ws/build/osrf_pycommon/build/lib/osrf_pycommon/terminal_color/windows.py -> /workspace/foxy_ws/install/lib/python3.10/site-packages/osrf_pycommon/terminal_color
[1.394s] copying /workspace/foxy_ws/build/osrf_pycommon/build/lib/osrf_pycommon/terminal_color/impl.py -> /workspace/foxy_ws/install/lib/python3.10/site-packages/osrf_pycommon/terminal_color
[1.395s] copying /workspace/foxy_ws/build/osrf_pycommon/build/lib/osrf_pycommon/terminal_color/__init__.py -> /workspace/foxy_ws/install/lib/python3.10/site-packages/osrf_pycommon/terminal_color
[1.395s] copying /workspace/foxy_ws/build/osrf_pycommon/build/lib/osrf_pycommon/terminal_color/ansi_re.py -> /workspace/foxy_ws/install/lib/python3.10/site-packages/osrf_pycommon/terminal_color
[1.395s] copying /workspace/foxy_ws/build/osrf_pycommon/build/lib/osrf_pycommon/terminal_utils.py -> /workspace/foxy_ws/install/lib/python3.10/site-packages/osrf_pycommon
[1.395s] creating /workspace/foxy_ws/install/lib/python3.10/site-packages/osrf_pycommon/process_utils
[1.395s] copying /workspace/foxy_ws/build/osrf_pycommon/build/lib/osrf_pycommon/process_utils/execute_process_nopty.py -> /workspace/foxy_ws/install/lib/python3.10/site-packages/osrf_pycommon/process_utils
[1.395s] copying /workspace/foxy_ws/build/osrf_pycommon/build/lib/osrf_pycommon/process_utils/async_execute_process_trollius.py -> /workspace/foxy_ws/install/lib/python3.10/site-packages/osrf_pycommon/process_utils
[1.395s] copying /workspace/foxy_ws/build/osrf_pycommon/build/lib/osrf_pycommon/process_utils/async_execute_process.py -> /workspace/foxy_ws/install/lib/python3.10/site-packages/osrf_pycommon/process_utils
[1.395s] copying /workspace/foxy_ws/build/osrf_pycommon/build/lib/osrf_pycommon/process_utils/impl.py -> /workspace/foxy_ws/install/lib/python3.10/site-packages/osrf_pycommon/process_utils
[1.395s] copying /workspace/foxy_ws/build/osrf_pycommon/build/lib/osrf_pycommon/process_utils/__init__.py -> /workspace/foxy_ws/install/lib/python3.10/site-packages/osrf_pycommon/process_utils
[1.396s] copying /workspace/foxy_ws/build/osrf_pycommon/build/lib/osrf_pycommon/process_utils/get_loop_impl.py -> /workspace/foxy_ws/install/lib/python3.10/site-packages/osrf_pycommon/process_utils
[1.396s] copying /workspace/foxy_ws/build/osrf_pycommon/build/lib/osrf_pycommon/process_utils/execute_process_pty.py -> /workspace/foxy_ws/install/lib/python3.10/site-packages/osrf_pycommon/process_utils
[1.396s] creating /workspace/foxy_ws/install/lib/python3.10/site-packages/osrf_pycommon/process_utils/async_execute_process_asyncio
[1.396s] copying /workspace/foxy_ws/build/osrf_pycommon/build/lib/osrf_pycommon/process_utils/async_execute_process_asyncio/impl.py -> /workspace/foxy_ws/install/lib/python3.10/site-packages/osrf_pycommon/process_utils/async_execute_process_asyncio
[1.396s] copying /workspace/foxy_ws/build/osrf_pycommon/build/lib/osrf_pycommon/process_utils/async_execute_process_asyncio/__init__.py -> /workspace/foxy_ws/install/lib/python3.10/site-packages/osrf_pycommon/process_utils/async_execute_process_asyncio
[1.397s] byte-compiling /workspace/foxy_ws/install/lib/python3.10/site-packages/osrf_pycommon/cli_utils/verb_pattern.py to verb_pattern.cpython-310.pyc
[1.401s] byte-compiling /workspace/foxy_ws/install/lib/python3.10/site-packages/osrf_pycommon/cli_utils/common.py to common.cpython-310.pyc
[1.401s] byte-compiling /workspace/foxy_ws/install/lib/python3.10/site-packages/osrf_pycommon/cli_utils/__init__.py to __init__.cpython-310.pyc
[1.401s] byte-compiling /workspace/foxy_ws/install/lib/python3.10/site-packages/osrf_pycommon/__init__.py to __init__.cpython-310.pyc
[1.401s] byte-compiling /workspace/foxy_ws/install/lib/python3.10/site-packages/osrf_pycommon/terminal_color/windows.py to windows.cpython-310.pyc
[1.402s] byte-compiling /workspace/foxy_ws/install/lib/python3.10/site-packages/osrf_pycommon/terminal_color/impl.py to impl.cpython-310.pyc
[1.403s] byte-compiling /workspace/foxy_ws/install/lib/python3.10/site-packages/osrf_pycommon/terminal_color/__init__.py to __init__.cpython-310.pyc
[1.403s] byte-compiling /workspace/foxy_ws/install/lib/python3.10/site-packages/osrf_pycommon/terminal_color/ansi_re.py to ansi_re.cpython-310.pyc
[1.403s] byte-compiling /workspace/foxy_ws/install/lib/python3.10/site-packages/osrf_pycommon/terminal_utils.py to terminal_utils.cpython-310.pyc
[1.403s] byte-compiling /workspace/foxy_ws/install/lib/python3.10/site-packages/osrf_pycommon/process_utils/execute_process_nopty.py to execute_process_nopty.cpython-310.pyc
[1.403s] byte-compiling /workspace/foxy_ws/install/lib/python3.10/site-packages/osrf_pycommon/process_utils/async_execute_process_trollius.py to async_execute_process_trollius.cpython-310.pyc
[1.403s] byte-compiling /workspace/foxy_ws/install/lib/python3.10/site-packages/osrf_pycommon/process_utils/async_execute_process.py to async_execute_process.cpython-310.pyc
[1.404s] byte-compiling /workspace/foxy_ws/install/lib/python3.10/site-packages/osrf_pycommon/process_utils/impl.py to impl.cpython-310.pyc
[1.404s] byte-compiling /workspace/foxy_ws/install/lib/python3.10/site-packages/osrf_pycommon/process_utils/__init__.py to __init__.cpython-310.pyc
[1.404s] byte-compiling /workspace/foxy_ws/install/lib/python3.10/site-packages/osrf_pycommon/process_utils/get_loop_impl.py to get_loop_impl.cpython-310.pyc
[1.404s] byte-compiling /workspace/foxy_ws/install/lib/python3.10/site-packages/osrf_pycommon/process_utils/execute_process_pty.py to execute_process_pty.cpython-310.pyc
[1.405s] byte-compiling /workspace/foxy_ws/install/lib/python3.10/site-packages/osrf_pycommon/process_utils/async_execute_process_asyncio/impl.py to impl.cpython-310.pyc
[1.406s] byte-compiling /workspace/foxy_ws/install/lib/python3.10/site-packages/osrf_pycommon/process_utils/async_execute_process_asyncio/__init__.py to __init__.cpython-310.pyc
[1.406s] running install_data
[1.406s] copying package.xml -> /workspace/foxy_ws/install/share/osrf_pycommon
[1.406s] copying resource/osrf_pycommon -> /workspace/foxy_ws/install/share/ament_index/resource_index/packages
[1.406s] running install_egg_info
[1.408s] Copying ../../build/osrf_pycommon/osrf_pycommon.egg-info to /workspace/foxy_ws/install/lib/python3.10/site-packages/osrf_pycommon-0.1.11-py3.10.egg-info
[1.409s] running install_scripts
[1.433s] writing list of installed files to '/workspace/foxy_ws/build/osrf_pycommon/install.log'
[1.495s] Invoked command in '/workspace/foxy_ws/src/osrf_pycommon' returned '0': PYTHONPATH=/workspace/foxy_ws/build/osrf_pycommon/prefix_override:/workspace/foxy_ws/install/lib/python3.10/site-packages: /usr/bin/python3 -W ignore:setup.py install is deprecated setup.py egg_info --egg-base ../../build/osrf_pycommon build --build-base /workspace/foxy_ws/build/osrf_pycommon/build install --record /workspace/foxy_ws/build/osrf_pycommon/install.log --single-version-externally-managed install_data
