[0.061s] Invoking command in '/workspace/foxy_ws/build/python_cmake_module': AMENT_PREFIX_PATH=/workspace/foxy_ws/install CMAKE_PREFIX_PATH=/workspace/foxy_ws/install LD_LIBRARY_PATH=/workspace/foxy_ws/install/lib PATH=/workspace/foxy_ws/install/bin:${PATH} PYTHONPATH=/workspace/foxy_ws/install/lib/python3.10/site-packages /usr/bin/cmake /workspace/foxy_ws/src/python_cmake_module -DCMAKE_INSTALL_PREFIX=/workspace/foxy_ws/install
[0.073s] -- Found ament_cmake: 0.9.12 (/workspace/foxy_ws/install/share/ament_cmake/cmake)
[0.106s] -- Found PythonInterp: /usr/bin/python3 (found suitable version "3.10.14", minimum required is "3") 
[0.106s] -- Using PYTHON_EXECUTABLE: /usr/bin/python3
[0.330s] -- Found ament_lint_auto: 0.9.8 (/workspace/foxy_ws/install/share/ament_lint_auto/cmake)
[0.488s] -- Added test 'copyright' to check source files copyright and LICENSE
[0.488s] -- Added test 'lint_cmake' to check CMake code style
[0.495s] -- Added test 'xmllint' to check XML markup files
[0.497s] -- Configuring done
[0.500s] -- Generating done
[0.501s] -- Build files have been written to: /workspace/foxy_ws/build/python_cmake_module
[0.511s] Invoked command in '/workspace/foxy_ws/build/python_cmake_module' returned '0': AMENT_PREFIX_PATH=/workspace/foxy_ws/install CMAKE_PREFIX_PATH=/workspace/foxy_ws/install LD_LIBRARY_PATH=/workspace/foxy_ws/install/lib PATH=/workspace/foxy_ws/install/bin:${PATH} PYTHONPATH=/workspace/foxy_ws/install/lib/python3.10/site-packages /usr/bin/cmake /workspace/foxy_ws/src/python_cmake_module -DCMAKE_INSTALL_PREFIX=/workspace/foxy_ws/install
[0.511s] Invoking command in '/workspace/foxy_ws/build/python_cmake_module': AMENT_PREFIX_PATH=/workspace/foxy_ws/install CMAKE_PREFIX_PATH=/workspace/foxy_ws/install LD_LIBRARY_PATH=/workspace/foxy_ws/install/lib PATH=/workspace/foxy_ws/install/bin:${PATH} PYTHONPATH=/workspace/foxy_ws/install/lib/python3.10/site-packages /usr/bin/cmake --build /workspace/foxy_ws/build/python_cmake_module -- -j12 -l12
[0.655s] Invoked command in '/workspace/foxy_ws/build/python_cmake_module' returned '0': AMENT_PREFIX_PATH=/workspace/foxy_ws/install CMAKE_PREFIX_PATH=/workspace/foxy_ws/install LD_LIBRARY_PATH=/workspace/foxy_ws/install/lib PATH=/workspace/foxy_ws/install/bin:${PATH} PYTHONPATH=/workspace/foxy_ws/install/lib/python3.10/site-packages /usr/bin/cmake --build /workspace/foxy_ws/build/python_cmake_module -- -j12 -l12
[0.784s] Invoking command in '/workspace/foxy_ws/build/python_cmake_module': AMENT_PREFIX_PATH=/workspace/foxy_ws/install CMAKE_PREFIX_PATH=/workspace/foxy_ws/install LD_LIBRARY_PATH=/workspace/foxy_ws/install/lib PATH=/workspace/foxy_ws/install/bin:${PATH} PYTHONPATH=/workspace/foxy_ws/install/lib/python3.10/site-packages /usr/bin/cmake --install /workspace/foxy_ws/build/python_cmake_module
[0.799s] -- Install configuration: ""
[0.799s] -- Installing: /workspace/foxy_ws/install/share/ament_index/resource_index/package_run_dependencies/python_cmake_module
[0.799s] -- Installing: /workspace/foxy_ws/install/share/ament_index/resource_index/parent_prefix_path/python_cmake_module
[0.799s] -- Installing: /workspace/foxy_ws/install/share/python_cmake_module/environment/ament_prefix_path.sh
[0.799s] -- Installing: /workspace/foxy_ws/install/share/python_cmake_module/environment/ament_prefix_path.dsv
[0.799s] -- Installing: /workspace/foxy_ws/install/share/python_cmake_module/environment/path.sh
[0.799s] -- Installing: /workspace/foxy_ws/install/share/python_cmake_module/environment/path.dsv
[0.799s] -- Installing: /workspace/foxy_ws/install/share/python_cmake_module/local_setup.bash
[0.799s] -- Installing: /workspace/foxy_ws/install/share/python_cmake_module/local_setup.sh
[0.800s] -- Installing: /workspace/foxy_ws/install/share/python_cmake_module/local_setup.zsh
[0.800s] -- Installing: /workspace/foxy_ws/install/share/python_cmake_module/local_setup.dsv
[0.800s] -- Installing: /workspace/foxy_ws/install/share/python_cmake_module/package.dsv
[0.800s] -- Installing: /workspace/foxy_ws/install/share/ament_index/resource_index/packages/python_cmake_module
[0.800s] -- Installing: /workspace/foxy_ws/install/share/python_cmake_module/cmake/python_cmake_module-extras.cmake
[0.800s] -- Installing: /workspace/foxy_ws/install/share/python_cmake_module/cmake/python_cmake_moduleConfig.cmake
[0.800s] -- Installing: /workspace/foxy_ws/install/share/python_cmake_module/cmake/python_cmake_moduleConfig-version.cmake
[0.800s] -- Installing: /workspace/foxy_ws/install/share/python_cmake_module/package.xml
[0.800s] -- Up-to-date: /workspace/foxy_ws/install/share/python_cmake_module/cmake
[0.800s] -- Installing: /workspace/foxy_ws/install/share/python_cmake_module/cmake/Modules
[0.800s] -- Installing: /workspace/foxy_ws/install/share/python_cmake_module/cmake/Modules/FindPythonExtra.cmake
[0.806s] Invoked command in '/workspace/foxy_ws/build/python_cmake_module' returned '0': AMENT_PREFIX_PATH=/workspace/foxy_ws/install CMAKE_PREFIX_PATH=/workspace/foxy_ws/install LD_LIBRARY_PATH=/workspace/foxy_ws/install/lib PATH=/workspace/foxy_ws/install/bin:${PATH} PYTHONPATH=/workspace/foxy_ws/install/lib/python3.10/site-packages /usr/bin/cmake --install /workspace/foxy_ws/build/python_cmake_module
