running egg_info
creating ../../../build/ament_lint_cmake/ament_lint_cmake.egg-info
writing ../../../build/ament_lint_cmake/ament_lint_cmake.egg-info/PKG-INFO
writing dependency_links to ../../../build/ament_lint_cmake/ament_lint_cmake.egg-info/dependency_links.txt
writing entry points to ../../../build/ament_lint_cmake/ament_lint_cmake.egg-info/entry_points.txt
writing requirements to ../../../build/ament_lint_cmake/ament_lint_cmake.egg-info/requires.txt
writing top-level names to ../../../build/ament_lint_cmake/ament_lint_cmake.egg-info/top_level.txt
writing manifest file '../../../build/ament_lint_cmake/ament_lint_cmake.egg-info/SOURCES.txt'
reading manifest file '../../../build/ament_lint_cmake/ament_lint_cmake.egg-info/SOURCES.txt'
writing manifest file '../../../build/ament_lint_cmake/ament_lint_cmake.egg-info/SOURCES.txt'
running build
running build_py
creating /workspace/foxy_ws/build/ament_lint_cmake/build
creating /workspace/foxy_ws/build/ament_lint_cmake/build/lib
creating /workspace/foxy_ws/build/ament_lint_cmake/build/lib/ament_lint_cmake
copying ament_lint_cmake/main.py -> /workspace/foxy_ws/build/ament_lint_cmake/build/lib/ament_lint_cmake
copying ament_lint_cmake/cmakelint.py -> /workspace/foxy_ws/build/ament_lint_cmake/build/lib/ament_lint_cmake
copying ament_lint_cmake/__init__.py -> /workspace/foxy_ws/build/ament_lint_cmake/build/lib/ament_lint_cmake
running install
running install_lib
creating /workspace/foxy_ws/install/lib/python3.10/site-packages/ament_lint_cmake
copying /workspace/foxy_ws/build/ament_lint_cmake/build/lib/ament_lint_cmake/main.py -> /workspace/foxy_ws/install/lib/python3.10/site-packages/ament_lint_cmake
copying /workspace/foxy_ws/build/ament_lint_cmake/build/lib/ament_lint_cmake/cmakelint.py -> /workspace/foxy_ws/install/lib/python3.10/site-packages/ament_lint_cmake
copying /workspace/foxy_ws/build/ament_lint_cmake/build/lib/ament_lint_cmake/__init__.py -> /workspace/foxy_ws/install/lib/python3.10/site-packages/ament_lint_cmake
byte-compiling /workspace/foxy_ws/install/lib/python3.10/site-packages/ament_lint_cmake/main.py to main.cpython-310.pyc
byte-compiling /workspace/foxy_ws/install/lib/python3.10/site-packages/ament_lint_cmake/cmakelint.py to cmakelint.cpython-310.pyc
byte-compiling /workspace/foxy_ws/install/lib/python3.10/site-packages/ament_lint_cmake/__init__.py to __init__.cpython-310.pyc
running install_data
copying package.xml -> /workspace/foxy_ws/install/share/ament_lint_cmake
copying resource/ament_lint_cmake -> /workspace/foxy_ws/install/share/ament_index/resource_index/packages
running install_egg_info
Copying ../../../build/ament_lint_cmake/ament_lint_cmake.egg-info to /workspace/foxy_ws/install/lib/python3.10/site-packages/ament_lint_cmake-0.9.8-py3.10.egg-info
running install_scripts
Installing ament_lint_cmake script to /workspace/foxy_ws/install/bin
writing list of installed files to '/workspace/foxy_ws/build/ament_lint_cmake/install.log'
