[2.054s] Invoking command in '/workspace/foxy_ws/src/ament_lint/ament_lint_cmake': AMENT_PREFIX_PATH=/workspace/foxy_ws/install CMAKE_PREFIX_PATH=/workspace/foxy_ws/install LD_LIBRARY_PATH=/workspace/foxy_ws/install/lib PATH=/workspace/foxy_ws/install/bin:${PATH} PYTHONPATH=/workspace/foxy_ws/build/ament_lint_cmake/prefix_override:/workspace/foxy_ws/install/lib/python3.10/site-packages:/workspace/foxy_ws/install/lib/python3.10/site-packages /usr/bin/python3 -W ignore:setup.py install is deprecated setup.py egg_info --egg-base ../../../build/ament_lint_cmake build --build-base /workspace/foxy_ws/build/ament_lint_cmake/build install --record /workspace/foxy_ws/build/ament_lint_cmake/install.log --single-version-externally-managed install_data
[2.320s] running egg_info
[2.321s] creating ../../../build/ament_lint_cmake/ament_lint_cmake.egg-info
[2.321s] writing ../../../build/ament_lint_cmake/ament_lint_cmake.egg-info/PKG-INFO
[2.322s] writing dependency_links to ../../../build/ament_lint_cmake/ament_lint_cmake.egg-info/dependency_links.txt
[2.322s] writing entry points to ../../../build/ament_lint_cmake/ament_lint_cmake.egg-info/entry_points.txt
[2.322s] writing requirements to ../../../build/ament_lint_cmake/ament_lint_cmake.egg-info/requires.txt
[2.322s] writing top-level names to ../../../build/ament_lint_cmake/ament_lint_cmake.egg-info/top_level.txt
[2.322s] writing manifest file '../../../build/ament_lint_cmake/ament_lint_cmake.egg-info/SOURCES.txt'
[2.324s] reading manifest file '../../../build/ament_lint_cmake/ament_lint_cmake.egg-info/SOURCES.txt'
[2.325s] writing manifest file '../../../build/ament_lint_cmake/ament_lint_cmake.egg-info/SOURCES.txt'
[2.325s] running build
[2.325s] running build_py
[2.325s] creating /workspace/foxy_ws/build/ament_lint_cmake/build
[2.325s] creating /workspace/foxy_ws/build/ament_lint_cmake/build/lib
[2.326s] creating /workspace/foxy_ws/build/ament_lint_cmake/build/lib/ament_lint_cmake
[2.326s] copying ament_lint_cmake/main.py -> /workspace/foxy_ws/build/ament_lint_cmake/build/lib/ament_lint_cmake
[2.326s] copying ament_lint_cmake/cmakelint.py -> /workspace/foxy_ws/build/ament_lint_cmake/build/lib/ament_lint_cmake
[2.326s] copying ament_lint_cmake/__init__.py -> /workspace/foxy_ws/build/ament_lint_cmake/build/lib/ament_lint_cmake
[2.326s] running install
[2.326s] running install_lib
[2.327s] creating /workspace/foxy_ws/install/lib/python3.10/site-packages/ament_lint_cmake
[2.327s] copying /workspace/foxy_ws/build/ament_lint_cmake/build/lib/ament_lint_cmake/main.py -> /workspace/foxy_ws/install/lib/python3.10/site-packages/ament_lint_cmake
[2.327s] copying /workspace/foxy_ws/build/ament_lint_cmake/build/lib/ament_lint_cmake/cmakelint.py -> /workspace/foxy_ws/install/lib/python3.10/site-packages/ament_lint_cmake
[2.328s] copying /workspace/foxy_ws/build/ament_lint_cmake/build/lib/ament_lint_cmake/__init__.py -> /workspace/foxy_ws/install/lib/python3.10/site-packages/ament_lint_cmake
[2.328s] byte-compiling /workspace/foxy_ws/install/lib/python3.10/site-packages/ament_lint_cmake/main.py to main.cpython-310.pyc
[2.330s] byte-compiling /workspace/foxy_ws/install/lib/python3.10/site-packages/ament_lint_cmake/cmakelint.py to cmakelint.cpython-310.pyc
[2.333s] byte-compiling /workspace/foxy_ws/install/lib/python3.10/site-packages/ament_lint_cmake/__init__.py to __init__.cpython-310.pyc
[2.333s] running install_data
[2.334s] copying package.xml -> /workspace/foxy_ws/install/share/ament_lint_cmake
[2.334s] copying resource/ament_lint_cmake -> /workspace/foxy_ws/install/share/ament_index/resource_index/packages
[2.334s] running install_egg_info
[2.336s] Copying ../../../build/ament_lint_cmake/ament_lint_cmake.egg-info to /workspace/foxy_ws/install/lib/python3.10/site-packages/ament_lint_cmake-0.9.8-py3.10.egg-info
[2.337s] running install_scripts
[2.360s] Installing ament_lint_cmake script to /workspace/foxy_ws/install/bin
[2.360s] writing list of installed files to '/workspace/foxy_ws/build/ament_lint_cmake/install.log'
[2.650s] Invoked command in '/workspace/foxy_ws/src/ament_lint/ament_lint_cmake' returned '0': AMENT_PREFIX_PATH=/workspace/foxy_ws/install CMAKE_PREFIX_PATH=/workspace/foxy_ws/install LD_LIBRARY_PATH=/workspace/foxy_ws/install/lib PATH=/workspace/foxy_ws/install/bin:${PATH} PYTHONPATH=/workspace/foxy_ws/build/ament_lint_cmake/prefix_override:/workspace/foxy_ws/install/lib/python3.10/site-packages:/workspace/foxy_ws/install/lib/python3.10/site-packages /usr/bin/python3 -W ignore:setup.py install is deprecated setup.py egg_info --egg-base ../../../build/ament_lint_cmake build --build-base /workspace/foxy_ws/build/ament_lint_cmake/build install --record /workspace/foxy_ws/build/ament_lint_cmake/install.log --single-version-externally-managed install_data
