-- The C compiler identification is GNU 9.4.0
-- The CXX compiler identification is GNU 9.4.0
-- Check for working C compiler: /usr/bin/cc
-- Check for working C compiler: /usr/bin/cc -- works
-- Detecting C compiler ABI info
-- Detecting C compiler ABI info - done
-- Detecting C compile features
-- Detecting C compile features - done
-- Check for working CXX compiler: /usr/bin/c++
-- Check for working CXX compiler: /usr/bin/c++ -- works
-- Detecting CXX compiler ABI info
-- Detecting CXX compiler ABI info - done
-- Detecting CXX compile features
-- Detecting CXX compile features - done
-- Found ament_cmake_ros: 0.9.2 (/workspace/foxy_ws/install/share/ament_cmake_ros/cmake)
-- Found PythonInterp: /usr/bin/python3 (found suitable version "3.10.14", minimum required is "3") 
-- Using PYTHON_EXECUTABLE: /usr/bin/python3
-- Found rcl_interfaces: 1.0.0 (/workspace/foxy_ws/install/share/rcl_interfaces/cmake)
-- Using all available rosidl_typesupport_c: rosidl_typesupport_fastrtps_c;rosidl_typesupport_introspection_c
-- Found rosidl_adapter: 1.3.1 (/workspace/foxy_ws/install/share/rosidl_adapter/cmake)
-- Found OpenSSL: /usr/lib/x86_64-linux-gnu/libcrypto.so (found version "1.1.1f")  
-- Found FastRTPS: /workspace/foxy_ws/install/include  
-- Using all available rosidl_typesupport_cpp: rosidl_typesupport_fastrtps_cpp;rosidl_typesupport_introspection_cpp
-- Found rcl_yaml_param_parser: 1.1.14 (/workspace/foxy_ws/install/share/rcl_yaml_param_parser/cmake)
-- Found rmw_implementation: 1.0.3 (/workspace/foxy_ws/install/share/rmw_implementation/cmake)
-- Found rmw_implementation_cmake: 1.0.4 (/workspace/foxy_ws/install/share/rmw_implementation_cmake/cmake)
-- Using RMW implementation 'rmw_fastrtps_cpp' as default
-- Looking for pthread.h
-- Looking for pthread.h - found
-- Performing Test CMAKE_HAVE_LIBC_PTHREAD
-- Performing Test CMAKE_HAVE_LIBC_PTHREAD - Failed
-- Looking for pthread_create in pthreads
-- Looking for pthread_create in pthreads - not found
-- Looking for pthread_create in pthread
-- Looking for pthread_create in pthread - found
-- Found Threads: TRUE  
-- Found tracetools: 1.0.5 (/workspace/foxy_ws/install/share/tracetools/cmake)
-- Found rcl_logging_spdlog: 1.1.0 (/workspace/foxy_ws/install/share/rcl_logging_spdlog/cmake)
-- Found ament_lint_auto: 0.9.8 (/workspace/foxy_ws/install/share/ament_lint_auto/cmake)
-- Found python_cmake_module: 0.8.1 (/workspace/foxy_ws/install/share/python_cmake_module/cmake)
-- Found PythonInterp: /usr/bin/python3 (found suitable version "3.10.14", minimum required is "3.5") 
-- Found PythonLibs: /usr/lib/x86_64-linux-gnu/libpython3.10.so (found suitable version "3.10.14", minimum required is "3.5") 
-- Using PYTHON_EXECUTABLE: /usr/bin/python3
-- Using PYTHON_INCLUDE_DIRS: /usr/include/python3.10
-- Using PYTHON_LIBRARIES: /usr/lib/x86_64-linux-gnu/libpython3.10.so
-- Found PythonExtra: .so  
-- Found gtest sources under '/workspace/foxy_ws/install/src/gtest_vendor': C++ tests using 'Google Test' will be built
-- Creating tests for 'rmw_cyclonedds_cpp'
-- Check if compiler accepts -pthread
-- Check if compiler accepts -pthread - yes
-- Enabling only source timestamp test for rmw_cyclonedds_cpp
-- Creating tests for 'rmw_fastrtps_cpp'
-- Enabling message timestamp test for rmw_fastrtps_cpp
-- Added test 'copyright' to check source files copyright and LICENSE
-- Added test 'cppcheck' to perform static code analysis on C / C++ code
-- Configured cppcheck include dirs: $<BUILD_INTERFACE:/workspace/foxy_ws/src/rcl/rcl/include>
-- Configured cppcheck exclude dirs and/or files: 
-- Added test 'cpplint' to check C / C++ code against the Google style
-- Configured cpplint exclude dirs and/or files: 
-- Added test 'lint_cmake' to check CMake code style
-- Added test 'uncrustify' to check C / C++ code style
-- Configured uncrustify additional arguments: 
-- Added test 'xmllint' to check XML markup files
-- Configuring done
-- Generating done
-- Build files have been written to: /workspace/foxy_ws/build/rcl
Scanning dependencies of target gtest_main
Scanning dependencies of target gtest
[  1%] Building CXX object gtest/CMakeFiles/gtest_main.dir/src/gtest_main.cc.o
[  2%] Building CXX object gtest/CMakeFiles/gtest.dir/src/gtest-all.cc.o
Scanning dependencies of target rcl
[  3%] Building C object CMakeFiles/rcl.dir/src/rcl/context.c.o
[  5%] Building C object CMakeFiles/rcl.dir/src/rcl/event.c.o
[  5%] Building C object CMakeFiles/rcl.dir/src/rcl/client.c.o
[  5%] Building C object CMakeFiles/rcl.dir/src/rcl/domain_id.c.o
[  6%] Building C object CMakeFiles/rcl.dir/src/rcl/arguments.c.o
[  6%] Building C object CMakeFiles/rcl.dir/src/rcl/common.c.o
[  6%] Building C object CMakeFiles/rcl.dir/src/rcl/init.c.o
[  7%] Building C object CMakeFiles/rcl.dir/src/rcl/init_options.c.o
[  7%] Building C object CMakeFiles/rcl.dir/src/rcl/lexer.c.o
[  8%] Building C object CMakeFiles/rcl.dir/src/rcl/lexer_lookahead.c.o
[  9%] Building C object CMakeFiles/rcl.dir/src/rcl/localhost.c.o
[  9%] Building C object CMakeFiles/rcl.dir/src/rcl/logging_rosout.c.o
[ 10%] Building C object CMakeFiles/rcl.dir/src/rcl/logging.c.o
[ 10%] Building C object CMakeFiles/rcl.dir/src/rcl/node.c.o
[ 11%] Building C object CMakeFiles/rcl.dir/src/rcl/publisher.c.o
[ 11%] Building C object CMakeFiles/rcl.dir/src/rcl/node_options.c.o
[ 12%] Building C object CMakeFiles/rcl.dir/src/rcl/remap.c.o
[ 13%] Building C object CMakeFiles/rcl.dir/src/rcl/rmw_implementation_identifier_check.c.o
[ 13%] Building C object CMakeFiles/rcl.dir/src/rcl/security.c.o
[ 14%] Building C object CMakeFiles/rcl.dir/src/rcl/subscription.c.o
[ 14%] Building C object CMakeFiles/rcl.dir/src/rcl/service.c.o
[ 15%] Building C object CMakeFiles/rcl.dir/src/rcl/time.c.o
[ 16%] Building C object CMakeFiles/rcl.dir/src/rcl/timer.c.o
[ 16%] Building C object CMakeFiles/rcl.dir/src/rcl/validate_enclave_name.c.o
[ 17%] Building C object CMakeFiles/rcl.dir/src/rcl/validate_topic_name.c.o
[ 18%] Building C object CMakeFiles/rcl.dir/src/rcl/graph.c.o
[ 19%] Building C object CMakeFiles/rcl.dir/src/rcl/guard_condition.c.o
[ 19%] Building C object CMakeFiles/rcl.dir/src/rcl/wait.c.o
[ 19%] Building C object CMakeFiles/rcl.dir/src/rcl/expand_topic_name.c.o
[ 20%] Linking C shared library librcl.so
[ 20%] Built target rcl
Scanning dependencies of target test_rmw_impl_id_check_exe
Scanning dependencies of target client_fixture__rmw_cyclonedds_cpp
Scanning dependencies of target service_fixture__rmw_cyclonedds_cpp
Scanning dependencies of target service_fixture__rmw_fastrtps_cpp
[ 21%] Building CXX object test/CMakeFiles/test_rmw_impl_id_check_exe.dir/rcl/test_rmw_impl_id_check_exe.cpp.o
[ 22%] Building CXX object test/CMakeFiles/service_fixture__rmw_cyclonedds_cpp.dir/rcl/service_fixture.cpp.o
[ 22%] Building CXX object test/CMakeFiles/client_fixture__rmw_cyclonedds_cpp.dir/rcl/wait_for_entity_helpers.cpp.o
[ 23%] Building CXX object test/CMakeFiles/client_fixture__rmw_cyclonedds_cpp.dir/rcl/client_fixture.cpp.o
[ 23%] Building CXX object test/CMakeFiles/service_fixture__rmw_cyclonedds_cpp.dir/rcl/wait_for_entity_helpers.cpp.o
[ 24%] Building CXX object test/CMakeFiles/service_fixture__rmw_fastrtps_cpp.dir/rcl/wait_for_entity_helpers.cpp.o
[ 24%] Building CXX object test/CMakeFiles/service_fixture__rmw_fastrtps_cpp.dir/rcl/service_fixture.cpp.o
[ 25%] Linking CXX executable test_rmw_impl_id_check_exe
[ 25%] Built target test_rmw_impl_id_check_exe
Scanning dependencies of target client_fixture__rmw_fastrtps_cpp
[ 25%] Building CXX object test/CMakeFiles/client_fixture__rmw_fastrtps_cpp.dir/rcl/wait_for_entity_helpers.cpp.o
[ 26%] Building CXX object test/CMakeFiles/client_fixture__rmw_fastrtps_cpp.dir/rcl/client_fixture.cpp.o
[ 26%] Linking CXX static library libgtest_main.a
[ 26%] Built target gtest_main
[ 26%] Linking CXX executable client_fixture__rmw_cyclonedds_cpp
[ 27%] Linking CXX executable service_fixture__rmw_cyclonedds_cpp
[ 27%] Linking CXX executable service_fixture__rmw_fastrtps_cpp
[ 27%] Built target service_fixture__rmw_cyclonedds_cpp
[ 27%] Built target client_fixture__rmw_cyclonedds_cpp
[ 28%] Linking CXX executable client_fixture__rmw_fastrtps_cpp
[ 28%] Built target service_fixture__rmw_fastrtps_cpp
[ 28%] Built target client_fixture__rmw_fastrtps_cpp
[ 28%] Linking CXX static library libgtest.a
[ 28%] Built target gtest
Scanning dependencies of target test_security
Scanning dependencies of target test_client__rmw_fastrtps_cpp
Scanning dependencies of target test_validate_topic_name
Scanning dependencies of target test_expand_topic_name
Scanning dependencies of target test_namespace__rmw_cyclonedds_cpp
[ 29%] Building CXX object test/CMakeFiles/test_expand_topic_name.dir/rcl/test_expand_topic_name.cpp.o
Scanning dependencies of target test_time__rmw_fastrtps_cpp
[ 30%] Building CXX object test/CMakeFiles/test_security.dir/rcl/test_security.cpp.o
[ 31%] Building CXX object test/CMakeFiles/test_validate_topic_name.dir/rcl/test_validate_topic_name.cpp.o
[ 31%] Building CXX object test/CMakeFiles/test_client__rmw_fastrtps_cpp.dir/rcl/test_client.cpp.o
[ 31%] Building CXX object test/CMakeFiles/test_namespace__rmw_cyclonedds_cpp.dir/test_namespace.cpp.o
[ 32%] Building CXX object test/CMakeFiles/test_time__rmw_fastrtps_cpp.dir/rcl/test_time.cpp.o
Scanning dependencies of target test_remap__rmw_cyclonedds_cpp
Scanning dependencies of target test_guard_condition__rmw_cyclonedds_cpp
Scanning dependencies of target test_subscription__rmw_fastrtps_cpp
Scanning dependencies of target test_logging
[ 32%] Building CXX object test/CMakeFiles/test_remap__rmw_cyclonedds_cpp.dir/rcl/test_remap.cpp.o
[ 33%] Building CXX object test/CMakeFiles/test_guard_condition__rmw_cyclonedds_cpp.dir/rcl/test_guard_condition.cpp.o
[ 34%] Building CXX object test/CMakeFiles/test_subscription__rmw_fastrtps_cpp.dir/rcl/test_subscription.cpp.o
[ 35%] Building CXX object test/CMakeFiles/test_logging.dir/rcl/test_logging.cpp.o
[ 35%] Linking CXX executable test_validate_topic_name
[ 36%] Linking CXX executable test_namespace__rmw_cyclonedds_cpp
[ 37%] Linking CXX executable test_client__rmw_fastrtps_cpp
[ 37%] Built target test_validate_topic_name
Scanning dependencies of target test_count_matched__rmw_fastrtps_cpp
[ 38%] Building CXX object test/CMakeFiles/test_subscription__rmw_fastrtps_cpp.dir/rcl/wait_for_entity_helpers.cpp.o
Scanning dependencies of target test_events__rmw_cyclonedds_cpp
[ 39%] Building CXX object test/CMakeFiles/test_count_matched__rmw_fastrtps_cpp.dir/rcl/test_count_matched.cpp.o
[ 39%] Linking CXX executable test_expand_topic_name
[ 39%] Building CXX object test/CMakeFiles/test_events__rmw_cyclonedds_cpp.dir/rcl/test_events.cpp.o
[ 39%] Built target test_namespace__rmw_cyclonedds_cpp
Scanning dependencies of target test_graph__rmw_fastrtps_cpp
[ 40%] Building CXX object test/CMakeFiles/test_graph__rmw_fastrtps_cpp.dir/rcl/test_graph.cpp.o
[ 40%] Linking CXX executable test_security
[ 40%] Built target test_client__rmw_fastrtps_cpp
[ 40%] Built target test_expand_topic_name
Scanning dependencies of target test_node__rmw_cyclonedds_cpp
Scanning dependencies of target test_service__rmw_cyclonedds_cpp
[ 41%] Building CXX object test/CMakeFiles/test_node__rmw_cyclonedds_cpp.dir/rcl/test_node.cpp.o
[ 41%] Built target test_security
[ 42%] Building CXX object test/CMakeFiles/test_service__rmw_cyclonedds_cpp.dir/rcl/test_service.cpp.o
Scanning dependencies of target test_common
[ 43%] Building CXX object test/CMakeFiles/test_common.dir/rcl/test_common.cpp.o
[ 43%] Building C object test/CMakeFiles/test_common.dir/__/src/rcl/common.c.o
Scanning dependencies of target test_client__rmw_cyclonedds_cpp
[ 43%] Building CXX object test/CMakeFiles/test_client__rmw_cyclonedds_cpp.dir/rcl/test_client.cpp.o
[ 44%] Linking CXX executable test_remap__rmw_cyclonedds_cpp
[ 44%] Linking CXX executable test_time__rmw_fastrtps_cpp
[ 44%] Linking CXX executable test_guard_condition__rmw_cyclonedds_cpp
[ 44%] Built target test_remap__rmw_cyclonedds_cpp
[ 45%] Linking CXX executable test_count_matched__rmw_fastrtps_cpp
Scanning dependencies of target test_time__rmw_cyclonedds_cpp
[ 46%] Building CXX object test/CMakeFiles/test_time__rmw_cyclonedds_cpp.dir/rcl/test_time.cpp.o
[ 47%] Linking CXX executable test_common
[ 47%] Linking CXX executable test_logging
[ 47%] Built target test_time__rmw_fastrtps_cpp
Scanning dependencies of target test_rmw_impl_id_check_func__rmw_cyclonedds_cpp
[ 47%] Building CXX object test/CMakeFiles/test_rmw_impl_id_check_func__rmw_cyclonedds_cpp.dir/rcl/test_rmw_impl_id_check_func.cpp.o
[ 47%] Built target test_guard_condition__rmw_cyclonedds_cpp
[ 47%] Built target test_count_matched__rmw_fastrtps_cpp
[ 48%] Linking CXX executable test_events__rmw_cyclonedds_cpp
Scanning dependencies of target test_publisher__rmw_cyclonedds_cpp
[ 48%] Built target test_common
Scanning dependencies of target test_rmw_impl_id_check_func__rmw_fastrtps_cpp
[ 49%] Building CXX object test/CMakeFiles/test_publisher__rmw_cyclonedds_cpp.dir/rcl/test_publisher.cpp.o
[ 49%] Building CXX object test/CMakeFiles/test_rmw_impl_id_check_func__rmw_fastrtps_cpp.dir/rcl/test_rmw_impl_id_check_func.cpp.o
Scanning dependencies of target test_publisher__rmw_fastrtps_cpp
[ 49%] Building CXX object test/CMakeFiles/test_publisher__rmw_fastrtps_cpp.dir/rcl/test_publisher.cpp.o
[ 49%] Built target test_logging
Scanning dependencies of target test_init__rmw_cyclonedds_cpp
[ 50%] Building CXX object test/CMakeFiles/test_init__rmw_cyclonedds_cpp.dir/rcl/test_init.cpp.o
[ 51%] Linking CXX executable test_client__rmw_cyclonedds_cpp
[ 51%] Built target test_events__rmw_cyclonedds_cpp
[ 51%] Linking CXX executable test_subscription__rmw_fastrtps_cpp
Scanning dependencies of target test_get_node_names__rmw_fastrtps_cpp
[ 51%] Building CXX object test/CMakeFiles/test_get_node_names__rmw_fastrtps_cpp.dir/rcl/test_get_node_names.cpp.o
[ 51%] Linking CXX executable test_graph__rmw_fastrtps_cpp
[ 51%] Built target test_client__rmw_cyclonedds_cpp
Scanning dependencies of target test_timer__rmw_cyclonedds_cpp
[ 52%] Building CXX object test/CMakeFiles/test_timer__rmw_cyclonedds_cpp.dir/rcl/test_timer.cpp.o
[ 53%] Linking CXX executable test_rmw_impl_id_check_func__rmw_fastrtps_cpp
[ 53%] Built target test_graph__rmw_fastrtps_cpp
[ 54%] Linking CXX executable test_rmw_impl_id_check_func__rmw_cyclonedds_cpp
Scanning dependencies of target test_lexer_lookahead__rmw_cyclonedds_cpp
[ 54%] Building CXX object test/CMakeFiles/test_lexer_lookahead__rmw_cyclonedds_cpp.dir/rcl/test_lexer_lookahead.cpp.o
[ 54%] Building CXX object test/CMakeFiles/test_service__rmw_cyclonedds_cpp.dir/rcl/wait_for_entity_helpers.cpp.o
[ 54%] Built target test_subscription__rmw_fastrtps_cpp
Scanning dependencies of target test_subscription__rmw_cyclonedds_cpp
[ 54%] Building CXX object test/CMakeFiles/test_subscription__rmw_cyclonedds_cpp.dir/rcl/test_subscription.cpp.o
[ 54%] Built target test_rmw_impl_id_check_func__rmw_cyclonedds_cpp
[ 54%] Built target test_rmw_impl_id_check_func__rmw_fastrtps_cpp
Scanning dependencies of target test_remap_integration__rmw_cyclonedds_cpp
Scanning dependencies of target test_get_node_names__rmw_cyclonedds_cpp
[ 54%] Building CXX object test/CMakeFiles/test_get_node_names__rmw_cyclonedds_cpp.dir/rcl/test_get_node_names.cpp.o
[ 55%] Building CXX object test/CMakeFiles/test_remap_integration__rmw_cyclonedds_cpp.dir/rcl/test_remap_integration.cpp.o
[ 56%] Linking CXX executable test_service__rmw_cyclonedds_cpp
[ 57%] Linking CXX executable test_get_node_names__rmw_fastrtps_cpp
[ 57%] Linking CXX executable test_time__rmw_cyclonedds_cpp
[ 57%] Built target test_service__rmw_cyclonedds_cpp
Scanning dependencies of target test_context__rmw_cyclonedds_cpp
[ 57%] Building CXX object test/CMakeFiles/test_context__rmw_cyclonedds_cpp.dir/rcl/test_context.cpp.o
[ 57%] Built target test_time__rmw_cyclonedds_cpp
[ 57%] Built target test_get_node_names__rmw_fastrtps_cpp
Scanning dependencies of target test_lexer__rmw_cyclonedds_cpp
Scanning dependencies of target test_info_by_topic__rmw_cyclonedds_cpp
[ 58%] Building CXX object test/CMakeFiles/test_lexer__rmw_cyclonedds_cpp.dir/rcl/test_lexer.cpp.o
[ 58%] Building CXX object test/CMakeFiles/test_info_by_topic__rmw_cyclonedds_cpp.dir/rcl/test_info_by_topic.cpp.o
[ 59%] Linking CXX executable test_publisher__rmw_cyclonedds_cpp
[ 59%] Linking CXX executable test_init__rmw_cyclonedds_cpp
[ 60%] Linking CXX executable test_publisher__rmw_fastrtps_cpp
[ 61%] Linking CXX executable test_timer__rmw_cyclonedds_cpp
[ 61%] Linking CXX executable test_node__rmw_cyclonedds_cpp
[ 62%] Linking CXX executable test_get_node_names__rmw_cyclonedds_cpp
[ 62%] Built target test_init__rmw_cyclonedds_cpp
[ 62%] Built target test_publisher__rmw_cyclonedds_cpp
[ 63%] Building CXX object test/CMakeFiles/test_info_by_topic__rmw_cyclonedds_cpp.dir/rcl/wait_for_entity_helpers.cpp.o
[ 63%] Linking CXX executable test_remap_integration__rmw_cyclonedds_cpp
[ 64%] Building CXX object test/CMakeFiles/test_subscription__rmw_cyclonedds_cpp.dir/rcl/wait_for_entity_helpers.cpp.o
[ 64%] Built target test_publisher__rmw_fastrtps_cpp
Scanning dependencies of target test_logging_rosout__rmw_cyclonedds_cpp
[ 65%] Building CXX object test/CMakeFiles/test_logging_rosout__rmw_cyclonedds_cpp.dir/rcl/test_logging_rosout.cpp.o
[ 65%] Built target test_timer__rmw_cyclonedds_cpp
[ 65%] Built target test_remap_integration__rmw_cyclonedds_cpp
[ 65%] Built target test_get_node_names__rmw_cyclonedds_cpp
Scanning dependencies of target test_get_actual_qos__rmw_cyclonedds_cpp
Scanning dependencies of target test_localhost
[ 65%] Built target test_node__rmw_cyclonedds_cpp
Scanning dependencies of target test_timer__rmw_fastrtps_cpp
[ 66%] Building CXX object test/CMakeFiles/test_get_actual_qos__rmw_cyclonedds_cpp.dir/rcl/test_get_actual_qos.cpp.o
[ 66%] Building CXX object test/CMakeFiles/test_timer__rmw_fastrtps_cpp.dir/rcl/test_timer.cpp.o
[ 67%] Building CXX object test/CMakeFiles/test_localhost.dir/rcl/test_localhost.cpp.o
Scanning dependencies of target test_graph__rmw_cyclonedds_cpp
[ 67%] Building CXX object test/CMakeFiles/test_graph__rmw_cyclonedds_cpp.dir/rcl/test_graph.cpp.o
Scanning dependencies of target test_context__rmw_fastrtps_cpp
[ 68%] Building CXX object test/CMakeFiles/test_context__rmw_fastrtps_cpp.dir/rcl/test_context.cpp.o
Scanning dependencies of target test_lexer__rmw_fastrtps_cpp
[ 68%] Building CXX object test/CMakeFiles/test_lexer__rmw_fastrtps_cpp.dir/rcl/test_lexer.cpp.o
[ 69%] Linking CXX executable test_lexer_lookahead__rmw_cyclonedds_cpp
[ 69%] Linking CXX executable test_info_by_topic__rmw_cyclonedds_cpp
[ 70%] Linking CXX executable test_context__rmw_cyclonedds_cpp
[ 70%] Built target test_info_by_topic__rmw_cyclonedds_cpp
Scanning dependencies of target test_node__rmw_fastrtps_cpp
[ 70%] Built target test_lexer_lookahead__rmw_cyclonedds_cpp
[ 71%] Building CXX object test/CMakeFiles/test_node__rmw_fastrtps_cpp.dir/rcl/test_node.cpp.o
Scanning dependencies of target test_info_by_topic__rmw_fastrtps_cpp
[ 72%] Building CXX object test/CMakeFiles/test_info_by_topic__rmw_fastrtps_cpp.dir/rcl/test_info_by_topic.cpp.o
[ 72%] Linking CXX executable test_subscription__rmw_cyclonedds_cpp
[ 72%] Linking CXX executable test_localhost
[ 72%] Built target test_context__rmw_cyclonedds_cpp
[ 73%] Linking CXX executable test_logging_rosout__rmw_cyclonedds_cpp
Scanning dependencies of target test_get_actual_qos__rmw_fastrtps_cpp
[ 73%] Built target test_localhost
[ 74%] Building CXX object test/CMakeFiles/test_get_actual_qos__rmw_fastrtps_cpp.dir/rcl/test_get_actual_qos.cpp.o
[ 74%] Built target test_subscription__rmw_cyclonedds_cpp
Scanning dependencies of target test_logging_rosout__rmw_fastrtps_cpp
Scanning dependencies of target test_namespace__rmw_fastrtps_cpp
[ 74%] Building CXX object test/CMakeFiles/test_logging_rosout__rmw_fastrtps_cpp.dir/rcl/test_logging_rosout.cpp.o
[ 75%] Building CXX object test/CMakeFiles/test_namespace__rmw_fastrtps_cpp.dir/test_namespace.cpp.o
[ 75%] Built target test_logging_rosout__rmw_cyclonedds_cpp
Scanning dependencies of target test_init__rmw_fastrtps_cpp
[ 76%] Building CXX object test/CMakeFiles/test_init__rmw_fastrtps_cpp.dir/rcl/test_init.cpp.o
[ 76%] Linking CXX executable test_get_actual_qos__rmw_cyclonedds_cpp
[ 77%] Linking CXX executable test_timer__rmw_fastrtps_cpp
[ 78%] Linking CXX executable test_lexer__rmw_cyclonedds_cpp
[ 78%] Linking CXX executable test_context__rmw_fastrtps_cpp
[ 78%] Built target test_get_actual_qos__rmw_cyclonedds_cpp
[ 78%] Building CXX object test/CMakeFiles/test_info_by_topic__rmw_fastrtps_cpp.dir/rcl/wait_for_entity_helpers.cpp.o
Scanning dependencies of target test_lexer_lookahead__rmw_fastrtps_cpp
[ 78%] Building CXX object test/CMakeFiles/test_lexer_lookahead__rmw_fastrtps_cpp.dir/rcl/test_lexer_lookahead.cpp.o
[ 78%] Built target test_timer__rmw_fastrtps_cpp
Scanning dependencies of target test_validate_enclave_name
[ 79%] Linking CXX executable test_graph__rmw_cyclonedds_cpp
[ 79%] Built target test_lexer__rmw_cyclonedds_cpp
[ 79%] Built target test_context__rmw_fastrtps_cpp
Scanning dependencies of target test_arguments__rmw_fastrtps_cpp
Scanning dependencies of target test_arguments__rmw_cyclonedds_cpp
[ 79%] Building CXX object test/CMakeFiles/test_validate_enclave_name.dir/rcl/test_validate_enclave_name.cpp.o
[ 79%] Building CXX object test/CMakeFiles/test_arguments__rmw_fastrtps_cpp.dir/rcl/test_arguments.cpp.o
[ 80%] Building CXX object test/CMakeFiles/test_arguments__rmw_cyclonedds_cpp.dir/rcl/test_arguments.cpp.o
[ 81%] Linking CXX executable test_info_by_topic__rmw_fastrtps_cpp
[ 81%] Linking CXX executable test_namespace__rmw_fastrtps_cpp
[ 81%] Built target test_graph__rmw_cyclonedds_cpp
Scanning dependencies of target test_remap__rmw_fastrtps_cpp
[ 82%] Building CXX object test/CMakeFiles/test_remap__rmw_fastrtps_cpp.dir/rcl/test_remap.cpp.o
[ 83%] Linking CXX executable test_logging_rosout__rmw_fastrtps_cpp
[ 84%] Linking CXX executable test_lexer__rmw_fastrtps_cpp
[ 84%] Built target test_info_by_topic__rmw_fastrtps_cpp
[ 84%] Built target test_namespace__rmw_fastrtps_cpp
Scanning dependencies of target test_remap_integration__rmw_fastrtps_cpp
Scanning dependencies of target test_count_matched__rmw_cyclonedds_cpp
[ 85%] Linking CXX executable test_get_actual_qos__rmw_fastrtps_cpp
[ 86%] Building CXX object test/CMakeFiles/test_remap_integration__rmw_fastrtps_cpp.dir/rcl/test_remap_integration.cpp.o
[ 87%] Building CXX object test/CMakeFiles/test_count_matched__rmw_cyclonedds_cpp.dir/rcl/test_count_matched.cpp.o
[ 87%] Built target test_logging_rosout__rmw_fastrtps_cpp
[ 87%] Built target test_lexer__rmw_fastrtps_cpp
Scanning dependencies of target test_guard_condition__rmw_fastrtps_cpp
Scanning dependencies of target test_service__rmw_fastrtps_cpp
[ 88%] Building CXX object test/CMakeFiles/test_guard_condition__rmw_fastrtps_cpp.dir/rcl/test_guard_condition.cpp.o
[ 88%] Building CXX object test/CMakeFiles/test_service__rmw_fastrtps_cpp.dir/rcl/test_service.cpp.o
[ 88%] Built target test_get_actual_qos__rmw_fastrtps_cpp
Scanning dependencies of target test_domain_id
[ 88%] Building CXX object test/CMakeFiles/test_domain_id.dir/rcl/test_domain_id.cpp.o
[ 89%] Linking CXX executable test_validate_enclave_name
[ 89%] Linking CXX executable test_init__rmw_fastrtps_cpp
[ 89%] Built target test_validate_enclave_name
[ 89%] Linking CXX executable test_count_matched__rmw_cyclonedds_cpp
Scanning dependencies of target test_wait__rmw_cyclonedds_cpp
[ 89%] Built target test_init__rmw_fastrtps_cpp
[ 90%] Building CXX object test/CMakeFiles/test_wait__rmw_cyclonedds_cpp.dir/rcl/test_wait.cpp.o
[ 90%] Linking CXX executable test_remap_integration__rmw_fastrtps_cpp
[ 91%] Linking CXX executable test_lexer_lookahead__rmw_fastrtps_cpp
Scanning dependencies of target test_events__rmw_fastrtps_cpp
[ 91%] Building CXX object test/CMakeFiles/test_events__rmw_fastrtps_cpp.dir/rcl/test_events.cpp.o
[ 91%] Linking CXX executable test_remap__rmw_fastrtps_cpp
[ 92%] Linking CXX executable test_domain_id
[ 92%] Built target test_count_matched__rmw_cyclonedds_cpp
[ 92%] Built target test_remap_integration__rmw_fastrtps_cpp
Scanning dependencies of target test_wait__rmw_fastrtps_cpp
[ 93%] Building CXX object test/CMakeFiles/test_service__rmw_fastrtps_cpp.dir/rcl/wait_for_entity_helpers.cpp.o
[ 94%] Building CXX object test/CMakeFiles/test_wait__rmw_fastrtps_cpp.dir/rcl/test_wait.cpp.o
[ 94%] Built target test_lexer_lookahead__rmw_fastrtps_cpp
[ 95%] Linking CXX executable test_arguments__rmw_fastrtps_cpp
[ 96%] Linking CXX executable test_arguments__rmw_cyclonedds_cpp
[ 96%] Built target test_remap__rmw_fastrtps_cpp
[ 96%] Built target test_domain_id
[ 96%] Linking CXX executable test_node__rmw_fastrtps_cpp
[ 97%] Linking CXX executable test_guard_condition__rmw_fastrtps_cpp
[ 97%] Built target test_arguments__rmw_fastrtps_cpp
[ 97%] Built target test_arguments__rmw_cyclonedds_cpp
[ 97%] Built target test_node__rmw_fastrtps_cpp
[ 97%] Built target test_guard_condition__rmw_fastrtps_cpp
[ 98%] Linking CXX executable test_service__rmw_fastrtps_cpp
[ 98%] Built target test_service__rmw_fastrtps_cpp
[ 99%] Linking CXX executable test_events__rmw_fastrtps_cpp
[ 99%] Linking CXX executable test_wait__rmw_cyclonedds_cpp
[ 99%] Built target test_events__rmw_fastrtps_cpp
[ 99%] Built target test_wait__rmw_cyclonedds_cpp
[100%] Linking CXX executable test_wait__rmw_fastrtps_cpp
[100%] Built target test_wait__rmw_fastrtps_cpp
-- Install configuration: ""
-- Installing: /workspace/foxy_ws/install/lib/librcl.so
-- Set runtime path of "/workspace/foxy_ws/install/lib/librcl.so" to ""
-- Installing: /workspace/foxy_ws/install/share/rcl/environment/library_path.sh
-- Installing: /workspace/foxy_ws/install/share/rcl/environment/library_path.dsv
-- Installing: /workspace/foxy_ws/install/share/ament_index/resource_index/package_run_dependencies/rcl
-- Installing: /workspace/foxy_ws/install/share/ament_index/resource_index/parent_prefix_path/rcl
-- Installing: /workspace/foxy_ws/install/share/rcl/environment/ament_prefix_path.sh
-- Installing: /workspace/foxy_ws/install/share/rcl/environment/ament_prefix_path.dsv
-- Installing: /workspace/foxy_ws/install/share/rcl/environment/path.sh
-- Installing: /workspace/foxy_ws/install/share/rcl/environment/path.dsv
-- Installing: /workspace/foxy_ws/install/share/rcl/local_setup.bash
-- Installing: /workspace/foxy_ws/install/share/rcl/local_setup.sh
-- Installing: /workspace/foxy_ws/install/share/rcl/local_setup.zsh
-- Installing: /workspace/foxy_ws/install/share/rcl/local_setup.dsv
-- Installing: /workspace/foxy_ws/install/share/rcl/package.dsv
-- Installing: /workspace/foxy_ws/install/share/ament_index/resource_index/packages/rcl
-- Installing: /workspace/foxy_ws/install/share/rcl/cmake/rclExport.cmake
-- Installing: /workspace/foxy_ws/install/share/rcl/cmake/rclExport-noconfig.cmake
-- Installing: /workspace/foxy_ws/install/share/rcl/cmake/rcl-extras.cmake
-- Installing: /workspace/foxy_ws/install/share/rcl/cmake/ament_cmake_export_include_directories-extras.cmake
-- Installing: /workspace/foxy_ws/install/share/rcl/cmake/ament_cmake_export_libraries-extras.cmake
-- Installing: /workspace/foxy_ws/install/share/rcl/cmake/ament_cmake_export_targets-extras.cmake
-- Installing: /workspace/foxy_ws/install/share/rcl/cmake/ament_cmake_export_dependencies-extras.cmake
-- Installing: /workspace/foxy_ws/install/share/rcl/cmake/rclConfig.cmake
-- Installing: /workspace/foxy_ws/install/share/rcl/cmake/rclConfig-version.cmake
-- Installing: /workspace/foxy_ws/install/share/rcl/package.xml
-- Up-to-date: /workspace/foxy_ws/install/share/rcl/cmake
-- Installing: /workspace/foxy_ws/install/share/rcl/cmake/get_default_rcl_logging_implementation.cmake
-- Installing: /workspace/foxy_ws/install/share/rcl/cmake/rcl_set_symbol_visibility_hidden.cmake
-- Up-to-date: /workspace/foxy_ws/install/include
-- Installing: /workspace/foxy_ws/install/include/rcl
-- Installing: /workspace/foxy_ws/install/include/rcl/init.h
-- Installing: /workspace/foxy_ws/install/include/rcl/event.h
-- Installing: /workspace/foxy_ws/install/include/rcl/context.h
-- Installing: /workspace/foxy_ws/install/include/rcl/subscription.h
-- Installing: /workspace/foxy_ws/install/include/rcl/security.h
-- Installing: /workspace/foxy_ws/install/include/rcl/logging.h
-- Installing: /workspace/foxy_ws/install/include/rcl/error_handling.h
-- Installing: /workspace/foxy_ws/install/include/rcl/logging_external_interface.h
-- Installing: /workspace/foxy_ws/install/include/rcl/lexer_lookahead.h
-- Installing: /workspace/foxy_ws/install/include/rcl/lexer.h
-- Installing: /workspace/foxy_ws/install/include/rcl/graph.h
-- Installing: /workspace/foxy_ws/install/include/rcl/localhost.h
-- Installing: /workspace/foxy_ws/install/include/rcl/domain_id.h
-- Installing: /workspace/foxy_ws/install/include/rcl/service.h
-- Installing: /workspace/foxy_ws/install/include/rcl/remap.h
-- Installing: /workspace/foxy_ws/install/include/rcl/expand_topic_name.h
-- Installing: /workspace/foxy_ws/install/include/rcl/node_options.h
-- Installing: /workspace/foxy_ws/install/include/rcl/allocator.h
-- Installing: /workspace/foxy_ws/install/include/rcl/client.h
-- Installing: /workspace/foxy_ws/install/include/rcl/init_options.h
-- Installing: /workspace/foxy_ws/install/include/rcl/guard_condition.h
-- Installing: /workspace/foxy_ws/install/include/rcl/wait.h
-- Installing: /workspace/foxy_ws/install/include/rcl/visibility_control.h
-- Installing: /workspace/foxy_ws/install/include/rcl/validate_enclave_name.h
-- Installing: /workspace/foxy_ws/install/include/rcl/logging_rosout.h
-- Installing: /workspace/foxy_ws/install/include/rcl/rmw_implementation_identifier_check.h
-- Installing: /workspace/foxy_ws/install/include/rcl/rcl.h
-- Installing: /workspace/foxy_ws/install/include/rcl/publisher.h
-- Installing: /workspace/foxy_ws/install/include/rcl/validate_topic_name.h
-- Installing: /workspace/foxy_ws/install/include/rcl/timer.h
-- Installing: /workspace/foxy_ws/install/include/rcl/types.h
-- Installing: /workspace/foxy_ws/install/include/rcl/node.h
-- Installing: /workspace/foxy_ws/install/include/rcl/macros.h
-- Installing: /workspace/foxy_ws/install/include/rcl/arguments.h
-- Installing: /workspace/foxy_ws/install/include/rcl/time.h
-- Installing: /workspace/foxy_ws/build/rcl/test/resources
-- Installing: /workspace/foxy_ws/build/rcl/test/resources/test_arguments
-- Installing: /workspace/foxy_ws/build/rcl/test/resources/test_arguments/test_parameters.1.yaml
-- Installing: /workspace/foxy_ws/build/rcl/test/resources/test_arguments/test_parameters.2.yaml
-- Installing: /workspace/foxy_ws/build/rcl/test/resources/test_security_directory
-- Installing: /workspace/foxy_ws/build/rcl/test/resources/test_security_directory/enclaves
-- Installing: /workspace/foxy_ws/build/rcl/test/resources/test_security_directory/enclaves/dummy_enclave
-- Installing: /workspace/foxy_ws/build/rcl/test/resources/test_security_directory/enclaves/dummy_enclave/.gitkeep
-- Installing: /workspace/foxy_ws/build/rcl/test/resources/test_security_directory/enclaves/group1
-- Installing: /workspace/foxy_ws/build/rcl/test/resources/test_security_directory/enclaves/group1/dummy_enclave
-- Installing: /workspace/foxy_ws/build/rcl/test/resources/test_security_directory/enclaves/group1/dummy_enclave/.gitkeep
