[0.128s] Invoking command in '/workspace/foxy_ws/build/rcl': AMENT_PREFIX_PATH=/workspace/foxy_ws/install CMAKE_PREFIX_PATH=/workspace/foxy_ws/install LD_LIBRARY_PATH=/workspace/foxy_ws/install/lib PATH=/workspace/foxy_ws/install/bin:${PATH} PKG_CONFIG_PATH=/workspace/foxy_ws/install/lib/x86_64-linux-gnu/pkgconfig:/workspace/foxy_ws/install/lib/pkgconfig PYTHONPATH=/workspace/foxy_ws/install/lib/python3.10/site-packages /usr/bin/cmake /workspace/foxy_ws/src/rcl/rcl -DCMAKE_INSTALL_PREFIX=/workspace/foxy_ws/install
[0.172s] -- The C compiler identification is GNU 9.4.0
[0.212s] -- The CXX compiler identification is GNU 9.4.0
[0.215s] -- Check for working C compiler: /usr/bin/cc
[0.265s] -- Check for working C compiler: /usr/bin/cc -- works
[0.266s] -- Detecting C compiler ABI info
[0.315s] -- Detecting C compiler ABI info - done
[0.325s] -- Detecting C compile features
[0.325s] -- Detecting C compile features - done
[0.327s] -- Check for working CXX compiler: /usr/bin/c++
[0.381s] -- Check for working CXX compiler: /usr/bin/c++ -- works
[0.382s] -- Detecting CXX compiler ABI info
[0.438s] -- Detecting CXX compiler ABI info - done
[0.448s] -- Detecting CXX compile features
[0.448s] -- Detecting CXX compile features - done
[0.449s] -- Found ament_cmake_ros: 0.9.2 (/workspace/foxy_ws/install/share/ament_cmake_ros/cmake)
[0.467s] -- Found PythonInterp: /usr/bin/python3 (found suitable version "3.10.14", minimum required is "3") 
[0.467s] -- Using PYTHON_EXECUTABLE: /usr/bin/python3
[0.596s] -- Found rcl_interfaces: 1.0.0 (/workspace/foxy_ws/install/share/rcl_interfaces/cmake)
[0.609s] -- Using all available rosidl_typesupport_c: rosidl_typesupport_fastrtps_c;rosidl_typesupport_introspection_c
[0.613s] -- Found rosidl_adapter: 1.3.1 (/workspace/foxy_ws/install/share/rosidl_adapter/cmake)
[0.624s] -- Found OpenSSL: /usr/lib/x86_64-linux-gnu/libcrypto.so (found version "1.1.1f")  
[0.635s] -- Found FastRTPS: /workspace/foxy_ws/install/include  
[0.675s] -- Using all available rosidl_typesupport_cpp: rosidl_typesupport_fastrtps_cpp;rosidl_typesupport_introspection_cpp
[0.705s] -- Found rcl_yaml_param_parser: 1.1.14 (/workspace/foxy_ws/install/share/rcl_yaml_param_parser/cmake)
[0.709s] -- Found rmw_implementation: 1.0.3 (/workspace/foxy_ws/install/share/rmw_implementation/cmake)
[0.710s] -- Found rmw_implementation_cmake: 1.0.4 (/workspace/foxy_ws/install/share/rmw_implementation_cmake/cmake)
[0.711s] -- Using RMW implementation 'rmw_fastrtps_cpp' as default
[0.711s] -- Looking for pthread.h
[0.766s] -- Looking for pthread.h - found
[0.766s] -- Performing Test CMAKE_HAVE_LIBC_PTHREAD
[0.824s] -- Performing Test CMAKE_HAVE_LIBC_PTHREAD - Failed
[0.824s] -- Looking for pthread_create in pthreads
[0.867s] -- Looking for pthread_create in pthreads - not found
[0.867s] -- Looking for pthread_create in pthread
[0.918s] -- Looking for pthread_create in pthread - found
[0.919s] -- Found Threads: TRUE  
[0.921s] -- Found tracetools: 1.0.5 (/workspace/foxy_ws/install/share/tracetools/cmake)
[0.924s] -- Found rcl_logging_spdlog: 1.1.0 (/workspace/foxy_ws/install/share/rcl_logging_spdlog/cmake)
[0.932s] -- Found ament_lint_auto: 0.9.8 (/workspace/foxy_ws/install/share/ament_lint_auto/cmake)
[0.995s] -- Found python_cmake_module: 0.8.1 (/workspace/foxy_ws/install/share/python_cmake_module/cmake)
[1.007s] -- Found PythonInterp: /usr/bin/python3 (found suitable version "3.10.14", minimum required is "3.5") 
[1.010s] -- Found PythonLibs: /usr/lib/x86_64-linux-gnu/libpython3.10.so (found suitable version "3.10.14", minimum required is "3.5") 
[1.010s] -- Using PYTHON_EXECUTABLE: /usr/bin/python3
[1.010s] -- Using PYTHON_INCLUDE_DIRS: /usr/include/python3.10
[1.010s] -- Using PYTHON_LIBRARIES: /usr/lib/x86_64-linux-gnu/libpython3.10.so
[1.023s] -- Found PythonExtra: .so  
[1.118s] -- Found gtest sources under '/workspace/foxy_ws/install/src/gtest_vendor': C++ tests using 'Google Test' will be built
[1.137s] -- Creating tests for 'rmw_cyclonedds_cpp'
[1.137s] -- Check if compiler accepts -pthread
[1.192s] -- Check if compiler accepts -pthread - yes
[1.295s] -- Enabling only source timestamp test for rmw_cyclonedds_cpp
[1.378s] -- Creating tests for 'rmw_fastrtps_cpp'
[1.490s] -- Enabling message timestamp test for rmw_fastrtps_cpp
[1.547s] -- Added test 'copyright' to check source files copyright and LICENSE
[1.555s] -- Added test 'cppcheck' to perform static code analysis on C / C++ code
[1.555s] -- Configured cppcheck include dirs: $<BUILD_INTERFACE:/workspace/foxy_ws/src/rcl/rcl/include>
[1.555s] -- Configured cppcheck exclude dirs and/or files: 
[1.562s] -- Added test 'cpplint' to check C / C++ code against the Google style
[1.562s] -- Configured cpplint exclude dirs and/or files: 
[1.565s] -- Added test 'lint_cmake' to check CMake code style
[1.573s] -- Added test 'uncrustify' to check C / C++ code style
[1.573s] -- Configured uncrustify additional arguments: 
[1.574s] -- Added test 'xmllint' to check XML markup files
[1.582s] -- Configuring done
[1.836s] -- Generating done
[1.843s] -- Build files have been written to: /workspace/foxy_ws/build/rcl
[1.856s] Invoked command in '/workspace/foxy_ws/build/rcl' returned '0': AMENT_PREFIX_PATH=/workspace/foxy_ws/install CMAKE_PREFIX_PATH=/workspace/foxy_ws/install LD_LIBRARY_PATH=/workspace/foxy_ws/install/lib PATH=/workspace/foxy_ws/install/bin:${PATH} PKG_CONFIG_PATH=/workspace/foxy_ws/install/lib/x86_64-linux-gnu/pkgconfig:/workspace/foxy_ws/install/lib/pkgconfig PYTHONPATH=/workspace/foxy_ws/install/lib/python3.10/site-packages /usr/bin/cmake /workspace/foxy_ws/src/rcl/rcl -DCMAKE_INSTALL_PREFIX=/workspace/foxy_ws/install
[1.857s] Invoking command in '/workspace/foxy_ws/build/rcl': AMENT_PREFIX_PATH=/workspace/foxy_ws/install CMAKE_PREFIX_PATH=/workspace/foxy_ws/install LD_LIBRARY_PATH=/workspace/foxy_ws/install/lib PATH=/workspace/foxy_ws/install/bin:${PATH} PKG_CONFIG_PATH=/workspace/foxy_ws/install/lib/x86_64-linux-gnu/pkgconfig:/workspace/foxy_ws/install/lib/pkgconfig PYTHONPATH=/workspace/foxy_ws/install/lib/python3.10/site-packages /usr/bin/cmake --build /workspace/foxy_ws/build/rcl -- -j12 -l12
[1.890s] Scanning dependencies of target gtest_main
[1.893s] Scanning dependencies of target gtest
[1.895s] [  1%] Building CXX object gtest/CMakeFiles/gtest_main.dir/src/gtest_main.cc.o
[1.899s] [  2%] Building CXX object gtest/CMakeFiles/gtest.dir/src/gtest-all.cc.o
[1.919s] Scanning dependencies of target rcl
[1.932s] [  3%] Building C object CMakeFiles/rcl.dir/src/rcl/context.c.o
[1.932s] [  5%] Building C object CMakeFiles/rcl.dir/src/rcl/event.c.o
[1.932s] [  5%] Building C object CMakeFiles/rcl.dir/src/rcl/client.c.o
[1.933s] [  5%] Building C object CMakeFiles/rcl.dir/src/rcl/domain_id.c.o
[1.933s] [  6%] Building C object CMakeFiles/rcl.dir/src/rcl/arguments.c.o
[1.933s] [  6%] Building C object CMakeFiles/rcl.dir/src/rcl/common.c.o
[1.963s] [  6%] Building C object CMakeFiles/rcl.dir/src/rcl/init.c.o
[1.982s] [  7%] Building C object CMakeFiles/rcl.dir/src/rcl/init_options.c.o
[1.989s] [  7%] Building C object CMakeFiles/rcl.dir/src/rcl/lexer.c.o
[1.994s] [  8%] Building C object CMakeFiles/rcl.dir/src/rcl/lexer_lookahead.c.o
[2.012s] [  9%] Building C object CMakeFiles/rcl.dir/src/rcl/localhost.c.o
[2.022s] [  9%] Building C object CMakeFiles/rcl.dir/src/rcl/logging_rosout.c.o
[2.032s] [ 10%] Building C object CMakeFiles/rcl.dir/src/rcl/logging.c.o
[2.037s] [ 10%] Building C object CMakeFiles/rcl.dir/src/rcl/node.c.o
[2.049s] [ 11%] Building C object CMakeFiles/rcl.dir/src/rcl/publisher.c.o
[2.049s] [ 11%] Building C object CMakeFiles/rcl.dir/src/rcl/node_options.c.o
[2.086s] [ 12%] Building C object CMakeFiles/rcl.dir/src/rcl/remap.c.o
[2.088s] [ 13%] Building C object CMakeFiles/rcl.dir/src/rcl/rmw_implementation_identifier_check.c.o
[2.097s] [ 13%] Building C object CMakeFiles/rcl.dir/src/rcl/security.c.o
[2.113s] [ 14%] Building C object CMakeFiles/rcl.dir/src/rcl/subscription.c.o
[2.113s] [ 14%] Building C object CMakeFiles/rcl.dir/src/rcl/service.c.o
[2.118s] [ 15%] Building C object CMakeFiles/rcl.dir/src/rcl/time.c.o
[2.140s] [ 16%] Building C object CMakeFiles/rcl.dir/src/rcl/timer.c.o
[2.143s] [ 16%] Building C object CMakeFiles/rcl.dir/src/rcl/validate_enclave_name.c.o
[2.148s] [ 17%] Building C object CMakeFiles/rcl.dir/src/rcl/validate_topic_name.c.o
[2.185s] [ 18%] Building C object CMakeFiles/rcl.dir/src/rcl/graph.c.o
[2.185s] [ 19%] Building C object CMakeFiles/rcl.dir/src/rcl/guard_condition.c.o
[2.187s] [ 19%] Building C object CMakeFiles/rcl.dir/src/rcl/wait.c.o
[2.190s] [ 19%] Building C object CMakeFiles/rcl.dir/src/rcl/expand_topic_name.c.o
[2.268s] [ 20%] Linking C shared library librcl.so
[2.308s] [ 20%] Built target rcl
[2.318s] Scanning dependencies of target test_rmw_impl_id_check_exe
[2.324s] Scanning dependencies of target client_fixture__rmw_cyclonedds_cpp
[2.325s] Scanning dependencies of target service_fixture__rmw_cyclonedds_cpp
[2.326s] Scanning dependencies of target service_fixture__rmw_fastrtps_cpp
[2.328s] [ 21%] Building CXX object test/CMakeFiles/test_rmw_impl_id_check_exe.dir/rcl/test_rmw_impl_id_check_exe.cpp.o
[2.335s] [ 22%] Building CXX object test/CMakeFiles/service_fixture__rmw_cyclonedds_cpp.dir/rcl/service_fixture.cpp.o
[2.335s] [ 22%] Building CXX object test/CMakeFiles/client_fixture__rmw_cyclonedds_cpp.dir/rcl/wait_for_entity_helpers.cpp.o
[2.335s] [ 23%] Building CXX object test/CMakeFiles/client_fixture__rmw_cyclonedds_cpp.dir/rcl/client_fixture.cpp.o
[2.335s] [ 23%] Building CXX object test/CMakeFiles/service_fixture__rmw_cyclonedds_cpp.dir/rcl/wait_for_entity_helpers.cpp.o
[2.336s] [ 24%] Building CXX object test/CMakeFiles/service_fixture__rmw_fastrtps_cpp.dir/rcl/wait_for_entity_helpers.cpp.o
[2.337s] [ 24%] Building CXX object test/CMakeFiles/service_fixture__rmw_fastrtps_cpp.dir/rcl/service_fixture.cpp.o
[2.396s] [ 25%] Linking CXX executable test_rmw_impl_id_check_exe
[2.508s] [ 25%] Built target test_rmw_impl_id_check_exe
[2.531s] Scanning dependencies of target client_fixture__rmw_fastrtps_cpp
[2.548s] [ 25%] Building CXX object test/CMakeFiles/client_fixture__rmw_fastrtps_cpp.dir/rcl/wait_for_entity_helpers.cpp.o
[2.556s] [ 26%] Building CXX object test/CMakeFiles/client_fixture__rmw_fastrtps_cpp.dir/rcl/client_fixture.cpp.o
[2.655s] [ 26%] Linking CXX static library libgtest_main.a
[2.693s] [ 26%] Built target gtest_main
[2.739s] [ 26%] Linking CXX executable client_fixture__rmw_cyclonedds_cpp
[2.748s] [ 27%] Linking CXX executable service_fixture__rmw_cyclonedds_cpp
[2.763s] [ 27%] Linking CXX executable service_fixture__rmw_fastrtps_cpp
[2.885s] [ 27%] Built target service_fixture__rmw_cyclonedds_cpp
[2.901s] [ 27%] Built target client_fixture__rmw_cyclonedds_cpp
[2.927s] [ 28%] Linking CXX executable client_fixture__rmw_fastrtps_cpp
[2.963s] [ 28%] Built target service_fixture__rmw_fastrtps_cpp
[3.030s] [ 28%] Built target client_fixture__rmw_fastrtps_cpp
[4.553s] [ 28%] Linking CXX static library libgtest.a
[4.622s] [ 28%] Built target gtest
[4.643s] Scanning dependencies of target test_security
[4.644s] Scanning dependencies of target test_client__rmw_fastrtps_cpp
[4.647s] Scanning dependencies of target test_validate_topic_name
[4.674s] Scanning dependencies of target test_expand_topic_name
[4.690s] Scanning dependencies of target test_namespace__rmw_cyclonedds_cpp
[4.691s] [ 29%] Building CXX object test/CMakeFiles/test_expand_topic_name.dir/rcl/test_expand_topic_name.cpp.o
[4.699s] Scanning dependencies of target test_time__rmw_fastrtps_cpp
[4.700s] [ 30%] Building CXX object test/CMakeFiles/test_security.dir/rcl/test_security.cpp.o
[4.709s] [ 31%] Building CXX object test/CMakeFiles/test_validate_topic_name.dir/rcl/test_validate_topic_name.cpp.o
[4.716s] [ 31%] Building CXX object test/CMakeFiles/test_client__rmw_fastrtps_cpp.dir/rcl/test_client.cpp.o
[4.743s] [ 31%] Building CXX object test/CMakeFiles/test_namespace__rmw_cyclonedds_cpp.dir/test_namespace.cpp.o
[4.763s] [ 32%] Building CXX object test/CMakeFiles/test_time__rmw_fastrtps_cpp.dir/rcl/test_time.cpp.o
[5.810s] Scanning dependencies of target test_remap__rmw_cyclonedds_cpp
[5.843s] Scanning dependencies of target test_guard_condition__rmw_cyclonedds_cpp
[5.849s] Scanning dependencies of target test_subscription__rmw_fastrtps_cpp
[5.858s] Scanning dependencies of target test_logging
[5.868s] [ 32%] Building CXX object test/CMakeFiles/test_remap__rmw_cyclonedds_cpp.dir/rcl/test_remap.cpp.o
[5.899s] [ 33%] Building CXX object test/CMakeFiles/test_guard_condition__rmw_cyclonedds_cpp.dir/rcl/test_guard_condition.cpp.o
[5.921s] [ 34%] Building CXX object test/CMakeFiles/test_subscription__rmw_fastrtps_cpp.dir/rcl/test_subscription.cpp.o
[5.934s] [ 35%] Building CXX object test/CMakeFiles/test_logging.dir/rcl/test_logging.cpp.o
[6.215s] [ 35%] Linking CXX executable test_validate_topic_name
[6.318s] [ 36%] Linking CXX executable test_namespace__rmw_cyclonedds_cpp
[6.423s] [ 37%] Linking CXX executable test_client__rmw_fastrtps_cpp
[6.483s] [ 37%] Built target test_validate_topic_name
[6.514s] Scanning dependencies of target test_count_matched__rmw_fastrtps_cpp
[6.517s] [ 38%] Building CXX object test/CMakeFiles/test_subscription__rmw_fastrtps_cpp.dir/rcl/wait_for_entity_helpers.cpp.o
[6.555s] Scanning dependencies of target test_events__rmw_cyclonedds_cpp
[6.571s] [ 39%] Building CXX object test/CMakeFiles/test_count_matched__rmw_fastrtps_cpp.dir/rcl/test_count_matched.cpp.o
[6.579s] [ 39%] Linking CXX executable test_expand_topic_name
[6.621s] [ 39%] Building CXX object test/CMakeFiles/test_events__rmw_cyclonedds_cpp.dir/rcl/test_events.cpp.o
[6.717s] [ 39%] Built target test_namespace__rmw_cyclonedds_cpp
[6.825s] Scanning dependencies of target test_graph__rmw_fastrtps_cpp
[6.871s] [ 40%] Building CXX object test/CMakeFiles/test_graph__rmw_fastrtps_cpp.dir/rcl/test_graph.cpp.o
[6.881s] [ 40%] Linking CXX executable test_security
[6.934s] [ 40%] Built target test_client__rmw_fastrtps_cpp
[7.034s] [ 40%] Built target test_expand_topic_name
[7.064s] Scanning dependencies of target test_node__rmw_cyclonedds_cpp
[7.138s] Scanning dependencies of target test_service__rmw_cyclonedds_cpp
[7.173s] [ 41%] Building CXX object test/CMakeFiles/test_node__rmw_cyclonedds_cpp.dir/rcl/test_node.cpp.o
[7.184s] [ 41%] Built target test_security
[7.196s] [ 42%] Building CXX object test/CMakeFiles/test_service__rmw_cyclonedds_cpp.dir/rcl/test_service.cpp.o
[7.248s] Scanning dependencies of target test_common
[7.299s] [ 43%] Building CXX object test/CMakeFiles/test_common.dir/rcl/test_common.cpp.o
[7.387s] [ 43%] Building C object test/CMakeFiles/test_common.dir/__/src/rcl/common.c.o
[7.624s] Scanning dependencies of target test_client__rmw_cyclonedds_cpp
[7.711s] [ 43%] Building CXX object test/CMakeFiles/test_client__rmw_cyclonedds_cpp.dir/rcl/test_client.cpp.o
[7.812s] [ 44%] Linking CXX executable test_remap__rmw_cyclonedds_cpp
[8.004s] [ 44%] Linking CXX executable test_time__rmw_fastrtps_cpp
[8.311s] [ 44%] Linking CXX executable test_guard_condition__rmw_cyclonedds_cpp
[8.311s] [ 44%] Built target test_remap__rmw_cyclonedds_cpp
[8.319s] [ 45%] Linking CXX executable test_count_matched__rmw_fastrtps_cpp
[8.369s] Scanning dependencies of target test_time__rmw_cyclonedds_cpp
[8.464s] [ 46%] Building CXX object test/CMakeFiles/test_time__rmw_cyclonedds_cpp.dir/rcl/test_time.cpp.o
[8.613s] [ 47%] Linking CXX executable test_common
[8.623s] [ 47%] Linking CXX executable test_logging
[8.694s] [ 47%] Built target test_time__rmw_fastrtps_cpp
[8.787s] Scanning dependencies of target test_rmw_impl_id_check_func__rmw_cyclonedds_cpp
[8.822s] [ 47%] Building CXX object test/CMakeFiles/test_rmw_impl_id_check_func__rmw_cyclonedds_cpp.dir/rcl/test_rmw_impl_id_check_func.cpp.o
[8.822s] [ 47%] Built target test_guard_condition__rmw_cyclonedds_cpp
[8.836s] [ 47%] Built target test_count_matched__rmw_fastrtps_cpp
[8.870s] [ 48%] Linking CXX executable test_events__rmw_cyclonedds_cpp
[8.877s] Scanning dependencies of target test_publisher__rmw_cyclonedds_cpp
[8.904s] [ 48%] Built target test_common
[8.905s] Scanning dependencies of target test_rmw_impl_id_check_func__rmw_fastrtps_cpp
[8.914s] [ 49%] Building CXX object test/CMakeFiles/test_publisher__rmw_cyclonedds_cpp.dir/rcl/test_publisher.cpp.o
[8.963s] [ 49%] Building CXX object test/CMakeFiles/test_rmw_impl_id_check_func__rmw_fastrtps_cpp.dir/rcl/test_rmw_impl_id_check_func.cpp.o
[8.966s] Scanning dependencies of target test_publisher__rmw_fastrtps_cpp
[9.034s] [ 49%] Building CXX object test/CMakeFiles/test_publisher__rmw_fastrtps_cpp.dir/rcl/test_publisher.cpp.o
[9.035s] [ 49%] Built target test_logging
[9.113s] Scanning dependencies of target test_init__rmw_cyclonedds_cpp
[9.195s] [ 50%] Building CXX object test/CMakeFiles/test_init__rmw_cyclonedds_cpp.dir/rcl/test_init.cpp.o
[9.358s] [ 51%] Linking CXX executable test_client__rmw_cyclonedds_cpp
[9.405s] [ 51%] Built target test_events__rmw_cyclonedds_cpp
[9.484s] [ 51%] Linking CXX executable test_subscription__rmw_fastrtps_cpp
[9.493s] Scanning dependencies of target test_get_node_names__rmw_fastrtps_cpp
[9.543s] [ 51%] Building CXX object test/CMakeFiles/test_get_node_names__rmw_fastrtps_cpp.dir/rcl/test_get_node_names.cpp.o
[9.611s] [ 51%] Linking CXX executable test_graph__rmw_fastrtps_cpp
[9.796s] [ 51%] Built target test_client__rmw_cyclonedds_cpp
[9.862s] Scanning dependencies of target test_timer__rmw_cyclonedds_cpp
[9.926s] [ 52%] Building CXX object test/CMakeFiles/test_timer__rmw_cyclonedds_cpp.dir/rcl/test_timer.cpp.o
[10.067s] [ 53%] Linking CXX executable test_rmw_impl_id_check_func__rmw_fastrtps_cpp
[10.102s] [ 53%] Built target test_graph__rmw_fastrtps_cpp
[10.118s] [ 54%] Linking CXX executable test_rmw_impl_id_check_func__rmw_cyclonedds_cpp
[10.129s] Scanning dependencies of target test_lexer_lookahead__rmw_cyclonedds_cpp
[10.147s] [ 54%] Building CXX object test/CMakeFiles/test_lexer_lookahead__rmw_cyclonedds_cpp.dir/rcl/test_lexer_lookahead.cpp.o
[10.168s] [ 54%] Building CXX object test/CMakeFiles/test_service__rmw_cyclonedds_cpp.dir/rcl/wait_for_entity_helpers.cpp.o
[10.239s] [ 54%] Built target test_subscription__rmw_fastrtps_cpp
[10.350s] Scanning dependencies of target test_subscription__rmw_cyclonedds_cpp
[10.443s] [ 54%] Building CXX object test/CMakeFiles/test_subscription__rmw_cyclonedds_cpp.dir/rcl/test_subscription.cpp.o
[10.579s] [ 54%] Built target test_rmw_impl_id_check_func__rmw_cyclonedds_cpp
[10.589s] [ 54%] Built target test_rmw_impl_id_check_func__rmw_fastrtps_cpp
[10.660s] Scanning dependencies of target test_remap_integration__rmw_cyclonedds_cpp
[10.676s] Scanning dependencies of target test_get_node_names__rmw_cyclonedds_cpp
[10.712s] [ 54%] Building CXX object test/CMakeFiles/test_get_node_names__rmw_cyclonedds_cpp.dir/rcl/test_get_node_names.cpp.o
[10.734s] [ 55%] Building CXX object test/CMakeFiles/test_remap_integration__rmw_cyclonedds_cpp.dir/rcl/test_remap_integration.cpp.o
[10.780s] [ 56%] Linking CXX executable test_service__rmw_cyclonedds_cpp
[11.068s] [ 57%] Linking CXX executable test_get_node_names__rmw_fastrtps_cpp
[11.187s] [ 57%] Linking CXX executable test_time__rmw_cyclonedds_cpp
[11.347s] [ 57%] Built target test_service__rmw_cyclonedds_cpp
[11.441s] Scanning dependencies of target test_context__rmw_cyclonedds_cpp
[11.524s] [ 57%] Building CXX object test/CMakeFiles/test_context__rmw_cyclonedds_cpp.dir/rcl/test_context.cpp.o
[11.614s] [ 57%] Built target test_time__rmw_cyclonedds_cpp
[11.616s] [ 57%] Built target test_get_node_names__rmw_fastrtps_cpp
[11.667s] Scanning dependencies of target test_lexer__rmw_cyclonedds_cpp
[11.697s] Scanning dependencies of target test_info_by_topic__rmw_cyclonedds_cpp
[11.706s] [ 58%] Building CXX object test/CMakeFiles/test_lexer__rmw_cyclonedds_cpp.dir/rcl/test_lexer.cpp.o
[11.759s] [ 58%] Building CXX object test/CMakeFiles/test_info_by_topic__rmw_cyclonedds_cpp.dir/rcl/test_info_by_topic.cpp.o
[11.827s] [ 59%] Linking CXX executable test_publisher__rmw_cyclonedds_cpp
[11.924s] [ 59%] Linking CXX executable test_init__rmw_cyclonedds_cpp
[11.925s] [ 60%] Linking CXX executable test_publisher__rmw_fastrtps_cpp
[12.175s] [ 61%] Linking CXX executable test_timer__rmw_cyclonedds_cpp
[12.187s] [ 61%] Linking CXX executable test_node__rmw_cyclonedds_cpp
[12.225s] [ 62%] Linking CXX executable test_get_node_names__rmw_cyclonedds_cpp
[12.367s] [ 62%] Built target test_init__rmw_cyclonedds_cpp
[12.394s] [ 62%] Built target test_publisher__rmw_cyclonedds_cpp
[12.403s] [ 63%] Building CXX object test/CMakeFiles/test_info_by_topic__rmw_cyclonedds_cpp.dir/rcl/wait_for_entity_helpers.cpp.o
[12.404s] [ 63%] Linking CXX executable test_remap_integration__rmw_cyclonedds_cpp
[12.416s] [ 64%] Building CXX object test/CMakeFiles/test_subscription__rmw_cyclonedds_cpp.dir/rcl/wait_for_entity_helpers.cpp.o
[12.511s] [ 64%] Built target test_publisher__rmw_fastrtps_cpp
[12.596s] Scanning dependencies of target test_logging_rosout__rmw_cyclonedds_cpp
[12.626s] [ 65%] Building CXX object test/CMakeFiles/test_logging_rosout__rmw_cyclonedds_cpp.dir/rcl/test_logging_rosout.cpp.o
[12.637s] [ 65%] Built target test_timer__rmw_cyclonedds_cpp
[12.668s] [ 65%] Built target test_remap_integration__rmw_cyclonedds_cpp
[12.715s] [ 65%] Built target test_get_node_names__rmw_cyclonedds_cpp
[12.725s] Scanning dependencies of target test_get_actual_qos__rmw_cyclonedds_cpp
[12.732s] Scanning dependencies of target test_localhost
[12.744s] [ 65%] Built target test_node__rmw_cyclonedds_cpp
[12.764s] Scanning dependencies of target test_timer__rmw_fastrtps_cpp
[12.767s] [ 66%] Building CXX object test/CMakeFiles/test_get_actual_qos__rmw_cyclonedds_cpp.dir/rcl/test_get_actual_qos.cpp.o
[12.784s] [ 66%] Building CXX object test/CMakeFiles/test_timer__rmw_fastrtps_cpp.dir/rcl/test_timer.cpp.o
[12.793s] [ 67%] Building CXX object test/CMakeFiles/test_localhost.dir/rcl/test_localhost.cpp.o
[12.801s] Scanning dependencies of target test_graph__rmw_cyclonedds_cpp
[12.849s] [ 67%] Building CXX object test/CMakeFiles/test_graph__rmw_cyclonedds_cpp.dir/rcl/test_graph.cpp.o
[12.973s] Scanning dependencies of target test_context__rmw_fastrtps_cpp
[13.013s] [ 68%] Building CXX object test/CMakeFiles/test_context__rmw_fastrtps_cpp.dir/rcl/test_context.cpp.o
[13.032s] Scanning dependencies of target test_lexer__rmw_fastrtps_cpp
[13.092s] [ 68%] Building CXX object test/CMakeFiles/test_lexer__rmw_fastrtps_cpp.dir/rcl/test_lexer.cpp.o
[13.165s] [ 69%] Linking CXX executable test_lexer_lookahead__rmw_cyclonedds_cpp
[13.232s] [ 69%] Linking CXX executable test_info_by_topic__rmw_cyclonedds_cpp
[13.689s] [ 70%] Linking CXX executable test_context__rmw_cyclonedds_cpp
[13.729s] [ 70%] Built target test_info_by_topic__rmw_cyclonedds_cpp
[13.756s] Scanning dependencies of target test_node__rmw_fastrtps_cpp
[13.763s] [ 70%] Built target test_lexer_lookahead__rmw_cyclonedds_cpp
[13.773s] [ 71%] Building CXX object test/CMakeFiles/test_node__rmw_fastrtps_cpp.dir/rcl/test_node.cpp.o
[13.851s] Scanning dependencies of target test_info_by_topic__rmw_fastrtps_cpp
[13.905s] [ 72%] Building CXX object test/CMakeFiles/test_info_by_topic__rmw_fastrtps_cpp.dir/rcl/test_info_by_topic.cpp.o
[13.925s] [ 72%] Linking CXX executable test_subscription__rmw_cyclonedds_cpp
[14.093s] [ 72%] Linking CXX executable test_localhost
[14.264s] [ 72%] Built target test_context__rmw_cyclonedds_cpp
[14.346s] [ 73%] Linking CXX executable test_logging_rosout__rmw_cyclonedds_cpp
[14.355s] Scanning dependencies of target test_get_actual_qos__rmw_fastrtps_cpp
[14.403s] [ 73%] Built target test_localhost
[14.406s] [ 74%] Building CXX object test/CMakeFiles/test_get_actual_qos__rmw_fastrtps_cpp.dir/rcl/test_get_actual_qos.cpp.o
[14.462s] [ 74%] Built target test_subscription__rmw_cyclonedds_cpp
[14.483s] Scanning dependencies of target test_logging_rosout__rmw_fastrtps_cpp
[14.532s] Scanning dependencies of target test_namespace__rmw_fastrtps_cpp
[14.550s] [ 74%] Building CXX object test/CMakeFiles/test_logging_rosout__rmw_fastrtps_cpp.dir/rcl/test_logging_rosout.cpp.o
[14.588s] [ 75%] Building CXX object test/CMakeFiles/test_namespace__rmw_fastrtps_cpp.dir/test_namespace.cpp.o
[14.758s] [ 75%] Built target test_logging_rosout__rmw_cyclonedds_cpp
[14.865s] Scanning dependencies of target test_init__rmw_fastrtps_cpp
[14.924s] [ 76%] Building CXX object test/CMakeFiles/test_init__rmw_fastrtps_cpp.dir/rcl/test_init.cpp.o
[14.954s] [ 76%] Linking CXX executable test_get_actual_qos__rmw_cyclonedds_cpp
[14.976s] [ 77%] Linking CXX executable test_timer__rmw_fastrtps_cpp
[15.188s] [ 78%] Linking CXX executable test_lexer__rmw_cyclonedds_cpp
[15.256s] [ 78%] Linking CXX executable test_context__rmw_fastrtps_cpp
[15.347s] [ 78%] Built target test_get_actual_qos__rmw_cyclonedds_cpp
[15.362s] [ 78%] Building CXX object test/CMakeFiles/test_info_by_topic__rmw_fastrtps_cpp.dir/rcl/wait_for_entity_helpers.cpp.o
[15.367s] Scanning dependencies of target test_lexer_lookahead__rmw_fastrtps_cpp
[15.395s] [ 78%] Building CXX object test/CMakeFiles/test_lexer_lookahead__rmw_fastrtps_cpp.dir/rcl/test_lexer_lookahead.cpp.o
[15.595s] [ 78%] Built target test_timer__rmw_fastrtps_cpp
[15.677s] Scanning dependencies of target test_validate_enclave_name
[15.695s] [ 79%] Linking CXX executable test_graph__rmw_cyclonedds_cpp
[15.715s] [ 79%] Built target test_lexer__rmw_cyclonedds_cpp
[15.718s] [ 79%] Built target test_context__rmw_fastrtps_cpp
[15.743s] Scanning dependencies of target test_arguments__rmw_fastrtps_cpp
[15.748s] Scanning dependencies of target test_arguments__rmw_cyclonedds_cpp
[15.749s] [ 79%] Building CXX object test/CMakeFiles/test_validate_enclave_name.dir/rcl/test_validate_enclave_name.cpp.o
[15.775s] [ 79%] Building CXX object test/CMakeFiles/test_arguments__rmw_fastrtps_cpp.dir/rcl/test_arguments.cpp.o
[15.791s] [ 80%] Building CXX object test/CMakeFiles/test_arguments__rmw_cyclonedds_cpp.dir/rcl/test_arguments.cpp.o
[15.829s] [ 81%] Linking CXX executable test_info_by_topic__rmw_fastrtps_cpp
[15.894s] [ 81%] Linking CXX executable test_namespace__rmw_fastrtps_cpp
[16.094s] [ 81%] Built target test_graph__rmw_cyclonedds_cpp
[16.178s] Scanning dependencies of target test_remap__rmw_fastrtps_cpp
[16.247s] [ 82%] Building CXX object test/CMakeFiles/test_remap__rmw_fastrtps_cpp.dir/rcl/test_remap.cpp.o
[16.279s] [ 83%] Linking CXX executable test_logging_rosout__rmw_fastrtps_cpp
[16.378s] [ 84%] Linking CXX executable test_lexer__rmw_fastrtps_cpp
[16.435s] [ 84%] Built target test_info_by_topic__rmw_fastrtps_cpp
[16.453s] [ 84%] Built target test_namespace__rmw_fastrtps_cpp
[16.531s] Scanning dependencies of target test_remap_integration__rmw_fastrtps_cpp
[16.538s] Scanning dependencies of target test_count_matched__rmw_cyclonedds_cpp
[16.554s] [ 85%] Linking CXX executable test_get_actual_qos__rmw_fastrtps_cpp
[16.592s] [ 86%] Building CXX object test/CMakeFiles/test_remap_integration__rmw_fastrtps_cpp.dir/rcl/test_remap_integration.cpp.o
[16.599s] [ 87%] Building CXX object test/CMakeFiles/test_count_matched__rmw_cyclonedds_cpp.dir/rcl/test_count_matched.cpp.o
[16.727s] [ 87%] Built target test_logging_rosout__rmw_fastrtps_cpp
[16.802s] [ 87%] Built target test_lexer__rmw_fastrtps_cpp
[16.813s] Scanning dependencies of target test_guard_condition__rmw_fastrtps_cpp
[16.829s] Scanning dependencies of target test_service__rmw_fastrtps_cpp
[16.891s] [ 88%] Building CXX object test/CMakeFiles/test_guard_condition__rmw_fastrtps_cpp.dir/rcl/test_guard_condition.cpp.o
[16.907s] [ 88%] Building CXX object test/CMakeFiles/test_service__rmw_fastrtps_cpp.dir/rcl/test_service.cpp.o
[17.026s] [ 88%] Built target test_get_actual_qos__rmw_fastrtps_cpp
[17.111s] Scanning dependencies of target test_domain_id
[17.188s] [ 88%] Building CXX object test/CMakeFiles/test_domain_id.dir/rcl/test_domain_id.cpp.o
[17.466s] [ 89%] Linking CXX executable test_validate_enclave_name
[17.631s] [ 89%] Linking CXX executable test_init__rmw_fastrtps_cpp
[18.023s] [ 89%] Built target test_validate_enclave_name
[18.033s] [ 89%] Linking CXX executable test_count_matched__rmw_cyclonedds_cpp
[18.116s] Scanning dependencies of target test_wait__rmw_cyclonedds_cpp
[18.137s] [ 89%] Built target test_init__rmw_fastrtps_cpp
[18.167s] [ 90%] Building CXX object test/CMakeFiles/test_wait__rmw_cyclonedds_cpp.dir/rcl/test_wait.cpp.o
[18.179s] [ 90%] Linking CXX executable test_remap_integration__rmw_fastrtps_cpp
[18.191s] [ 91%] Linking CXX executable test_lexer_lookahead__rmw_fastrtps_cpp
[18.218s] Scanning dependencies of target test_events__rmw_fastrtps_cpp
[18.267s] [ 91%] Building CXX object test/CMakeFiles/test_events__rmw_fastrtps_cpp.dir/rcl/test_events.cpp.o
[18.292s] [ 91%] Linking CXX executable test_remap__rmw_fastrtps_cpp
[18.391s] [ 92%] Linking CXX executable test_domain_id
[18.491s] [ 92%] Built target test_count_matched__rmw_cyclonedds_cpp
[18.532s] [ 92%] Built target test_remap_integration__rmw_fastrtps_cpp
[18.567s] Scanning dependencies of target test_wait__rmw_fastrtps_cpp
[18.582s] [ 93%] Building CXX object test/CMakeFiles/test_service__rmw_fastrtps_cpp.dir/rcl/wait_for_entity_helpers.cpp.o
[18.628s] [ 94%] Building CXX object test/CMakeFiles/test_wait__rmw_fastrtps_cpp.dir/rcl/test_wait.cpp.o
[18.639s] [ 94%] Built target test_lexer_lookahead__rmw_fastrtps_cpp
[18.644s] [ 95%] Linking CXX executable test_arguments__rmw_fastrtps_cpp
[18.648s] [ 96%] Linking CXX executable test_arguments__rmw_cyclonedds_cpp
[18.668s] [ 96%] Built target test_remap__rmw_fastrtps_cpp
[18.753s] [ 96%] Built target test_domain_id
[18.783s] [ 96%] Linking CXX executable test_node__rmw_fastrtps_cpp
[18.834s] [ 97%] Linking CXX executable test_guard_condition__rmw_fastrtps_cpp
[18.908s] [ 97%] Built target test_arguments__rmw_fastrtps_cpp
[18.944s] [ 97%] Built target test_arguments__rmw_cyclonedds_cpp
[19.124s] [ 97%] Built target test_node__rmw_fastrtps_cpp
[19.161s] [ 97%] Built target test_guard_condition__rmw_fastrtps_cpp
[19.174s] [ 98%] Linking CXX executable test_service__rmw_fastrtps_cpp
[19.358s] [ 98%] Built target test_service__rmw_fastrtps_cpp
[19.800s] [ 99%] Linking CXX executable test_events__rmw_fastrtps_cpp
[19.961s] [ 99%] Linking CXX executable test_wait__rmw_cyclonedds_cpp
[19.976s] [ 99%] Built target test_events__rmw_fastrtps_cpp
[20.134s] [ 99%] Built target test_wait__rmw_cyclonedds_cpp
[20.274s] [100%] Linking CXX executable test_wait__rmw_fastrtps_cpp
[20.537s] [100%] Built target test_wait__rmw_fastrtps_cpp
[20.553s] Invoked command in '/workspace/foxy_ws/build/rcl' returned '0': AMENT_PREFIX_PATH=/workspace/foxy_ws/install CMAKE_PREFIX_PATH=/workspace/foxy_ws/install LD_LIBRARY_PATH=/workspace/foxy_ws/install/lib PATH=/workspace/foxy_ws/install/bin:${PATH} PKG_CONFIG_PATH=/workspace/foxy_ws/install/lib/x86_64-linux-gnu/pkgconfig:/workspace/foxy_ws/install/lib/pkgconfig PYTHONPATH=/workspace/foxy_ws/install/lib/python3.10/site-packages /usr/bin/cmake --build /workspace/foxy_ws/build/rcl -- -j12 -l12
[20.613s] Invoking command in '/workspace/foxy_ws/build/rcl': AMENT_PREFIX_PATH=/workspace/foxy_ws/install CMAKE_PREFIX_PATH=/workspace/foxy_ws/install LD_LIBRARY_PATH=/workspace/foxy_ws/install/lib PATH=/workspace/foxy_ws/install/bin:${PATH} PKG_CONFIG_PATH=/workspace/foxy_ws/install/lib/x86_64-linux-gnu/pkgconfig:/workspace/foxy_ws/install/lib/pkgconfig PYTHONPATH=/workspace/foxy_ws/install/lib/python3.10/site-packages /usr/bin/cmake --install /workspace/foxy_ws/build/rcl
[20.620s] -- Install configuration: ""
[20.620s] -- Installing: /workspace/foxy_ws/install/lib/librcl.so
[20.620s] -- Set runtime path of "/workspace/foxy_ws/install/lib/librcl.so" to ""
[20.620s] -- Installing: /workspace/foxy_ws/install/share/rcl/environment/library_path.sh
[20.620s] -- Installing: /workspace/foxy_ws/install/share/rcl/environment/library_path.dsv
[20.621s] -- Installing: /workspace/foxy_ws/install/share/ament_index/resource_index/package_run_dependencies/rcl
[20.621s] -- Installing: /workspace/foxy_ws/install/share/ament_index/resource_index/parent_prefix_path/rcl
[20.621s] -- Installing: /workspace/foxy_ws/install/share/rcl/environment/ament_prefix_path.sh
[20.621s] -- Installing: /workspace/foxy_ws/install/share/rcl/environment/ament_prefix_path.dsv
[20.621s] -- Installing: /workspace/foxy_ws/install/share/rcl/environment/path.sh
[20.621s] -- Installing: /workspace/foxy_ws/install/share/rcl/environment/path.dsv
[20.621s] -- Installing: /workspace/foxy_ws/install/share/rcl/local_setup.bash
[20.622s] -- Installing: /workspace/foxy_ws/install/share/rcl/local_setup.sh
[20.622s] -- Installing: /workspace/foxy_ws/install/share/rcl/local_setup.zsh
[20.622s] -- Installing: /workspace/foxy_ws/install/share/rcl/local_setup.dsv
[20.622s] -- Installing: /workspace/foxy_ws/install/share/rcl/package.dsv
[20.622s] -- Installing: /workspace/foxy_ws/install/share/ament_index/resource_index/packages/rcl
[20.622s] -- Installing: /workspace/foxy_ws/install/share/rcl/cmake/rclExport.cmake
[20.622s] -- Installing: /workspace/foxy_ws/install/share/rcl/cmake/rclExport-noconfig.cmake
[20.622s] -- Installing: /workspace/foxy_ws/install/share/rcl/cmake/rcl-extras.cmake
[20.623s] -- Installing: /workspace/foxy_ws/install/share/rcl/cmake/ament_cmake_export_include_directories-extras.cmake
[20.623s] -- Installing: /workspace/foxy_ws/install/share/rcl/cmake/ament_cmake_export_libraries-extras.cmake
[20.623s] -- Installing: /workspace/foxy_ws/install/share/rcl/cmake/ament_cmake_export_targets-extras.cmake
[20.623s] -- Installing: /workspace/foxy_ws/install/share/rcl/cmake/ament_cmake_export_dependencies-extras.cmake
[20.623s] -- Installing: /workspace/foxy_ws/install/share/rcl/cmake/rclConfig.cmake
[20.623s] -- Installing: /workspace/foxy_ws/install/share/rcl/cmake/rclConfig-version.cmake
[20.623s] -- Installing: /workspace/foxy_ws/install/share/rcl/package.xml
[20.623s] -- Up-to-date: /workspace/foxy_ws/install/share/rcl/cmake
[20.623s] -- Installing: /workspace/foxy_ws/install/share/rcl/cmake/get_default_rcl_logging_implementation.cmake
[20.624s] -- Installing: /workspace/foxy_ws/install/share/rcl/cmake/rcl_set_symbol_visibility_hidden.cmake
[20.624s] -- Up-to-date: /workspace/foxy_ws/install/include
[20.624s] -- Installing: /workspace/foxy_ws/install/include/rcl
[20.624s] -- Installing: /workspace/foxy_ws/install/include/rcl/init.h
[20.624s] -- Installing: /workspace/foxy_ws/install/include/rcl/event.h
[20.624s] -- Installing: /workspace/foxy_ws/install/include/rcl/context.h
[20.624s] -- Installing: /workspace/foxy_ws/install/include/rcl/subscription.h
[20.624s] -- Installing: /workspace/foxy_ws/install/include/rcl/security.h
[20.624s] -- Installing: /workspace/foxy_ws/install/include/rcl/logging.h
[20.624s] -- Installing: /workspace/foxy_ws/install/include/rcl/error_handling.h
[20.624s] -- Installing: /workspace/foxy_ws/install/include/rcl/logging_external_interface.h
[20.625s] -- Installing: /workspace/foxy_ws/install/include/rcl/lexer_lookahead.h
[20.625s] -- Installing: /workspace/foxy_ws/install/include/rcl/lexer.h
[20.625s] -- Installing: /workspace/foxy_ws/install/include/rcl/graph.h
[20.625s] -- Installing: /workspace/foxy_ws/install/include/rcl/localhost.h
[20.625s] -- Installing: /workspace/foxy_ws/install/include/rcl/domain_id.h
[20.625s] -- Installing: /workspace/foxy_ws/install/include/rcl/service.h
[20.625s] -- Installing: /workspace/foxy_ws/install/include/rcl/remap.h
[20.625s] -- Installing: /workspace/foxy_ws/install/include/rcl/expand_topic_name.h
[20.625s] -- Installing: /workspace/foxy_ws/install/include/rcl/node_options.h
[20.625s] -- Installing: /workspace/foxy_ws/install/include/rcl/allocator.h
[20.626s] -- Installing: /workspace/foxy_ws/install/include/rcl/client.h
[20.626s] -- Installing: /workspace/foxy_ws/install/include/rcl/init_options.h
[20.626s] -- Installing: /workspace/foxy_ws/install/include/rcl/guard_condition.h
[20.626s] -- Installing: /workspace/foxy_ws/install/include/rcl/wait.h
[20.626s] -- Installing: /workspace/foxy_ws/install/include/rcl/visibility_control.h
[20.626s] -- Installing: /workspace/foxy_ws/install/include/rcl/validate_enclave_name.h
[20.626s] -- Installing: /workspace/foxy_ws/install/include/rcl/logging_rosout.h
[20.626s] -- Installing: /workspace/foxy_ws/install/include/rcl/rmw_implementation_identifier_check.h
[20.626s] -- Installing: /workspace/foxy_ws/install/include/rcl/rcl.h
[20.626s] -- Installing: /workspace/foxy_ws/install/include/rcl/publisher.h
[20.626s] -- Installing: /workspace/foxy_ws/install/include/rcl/validate_topic_name.h
[20.626s] -- Installing: /workspace/foxy_ws/install/include/rcl/timer.h
[20.626s] -- Installing: /workspace/foxy_ws/install/include/rcl/types.h
[20.627s] -- Installing: /workspace/foxy_ws/install/include/rcl/node.h
[20.627s] -- Installing: /workspace/foxy_ws/install/include/rcl/macros.h
[20.627s] -- Installing: /workspace/foxy_ws/install/include/rcl/arguments.h
[20.627s] -- Installing: /workspace/foxy_ws/install/include/rcl/time.h
[20.627s] -- Installing: /workspace/foxy_ws/build/rcl/test/resources
[20.627s] -- Installing: /workspace/foxy_ws/build/rcl/test/resources/test_arguments
[20.627s] -- Installing: /workspace/foxy_ws/build/rcl/test/resources/test_arguments/test_parameters.1.yaml
[20.627s] -- Installing: /workspace/foxy_ws/build/rcl/test/resources/test_arguments/test_parameters.2.yaml
[20.628s] -- Installing: /workspace/foxy_ws/build/rcl/test/resources/test_security_directory
[20.628s] -- Installing: /workspace/foxy_ws/build/rcl/test/resources/test_security_directory/enclaves
[20.628s] -- Installing: /workspace/foxy_ws/build/rcl/test/resources/test_security_directory/enclaves/dummy_enclave
[20.628s] -- Installing: /workspace/foxy_ws/build/rcl/test/resources/test_security_directory/enclaves/dummy_enclave/.gitkeep
[20.628s] -- Installing: /workspace/foxy_ws/build/rcl/test/resources/test_security_directory/enclaves/group1
[20.628s] -- Installing: /workspace/foxy_ws/build/rcl/test/resources/test_security_directory/enclaves/group1/dummy_enclave
[20.628s] -- Installing: /workspace/foxy_ws/build/rcl/test/resources/test_security_directory/enclaves/group1/dummy_enclave/.gitkeep
[20.630s] Invoked command in '/workspace/foxy_ws/build/rcl' returned '0': AMENT_PREFIX_PATH=/workspace/foxy_ws/install CMAKE_PREFIX_PATH=/workspace/foxy_ws/install LD_LIBRARY_PATH=/workspace/foxy_ws/install/lib PATH=/workspace/foxy_ws/install/bin:${PATH} PKG_CONFIG_PATH=/workspace/foxy_ws/install/lib/x86_64-linux-gnu/pkgconfig:/workspace/foxy_ws/install/lib/pkgconfig PYTHONPATH=/workspace/foxy_ws/install/lib/python3.10/site-packages /usr/bin/cmake --install /workspace/foxy_ws/build/rcl
