[0.289s] Invoking command in '/workspace/foxy_ws/build/ament_cmake_export_link_flags': AMENT_PREFIX_PATH=/workspace/foxy_ws/install CMAKE_PREFIX_PATH=/workspace/foxy_ws/install PATH=/workspace/foxy_ws/install/bin:${PATH} PYTHONPATH=/workspace/foxy_ws/install/lib/python3.10/site-packages /usr/bin/cmake /workspace/foxy_ws/src/ament_cmake/ament_cmake_export_link_flags -DCMAKE_INSTALL_PREFIX=/workspace/foxy_ws/install
[0.419s] -- Found ament_cmake_core: 0.9.12 (/workspace/foxy_ws/install/share/ament_cmake_core/cmake)
[0.447s] -- Found PythonInterp: /usr/bin/python3 (found suitable version "3.10.14", minimum required is "3") 
[0.447s] -- Using PYTHON_EXECUTABLE: /usr/bin/python3
[1.829s] -- Configuring done
[1.829s] -- Generating done
[1.829s] -- Build files have been written to: /workspace/foxy_ws/build/ament_cmake_export_link_flags
[1.833s] Invoked command in '/workspace/foxy_ws/build/ament_cmake_export_link_flags' returned '0': AMENT_PREFIX_PATH=/workspace/foxy_ws/install CMAKE_PREFIX_PATH=/workspace/foxy_ws/install PATH=/workspace/foxy_ws/install/bin:${PATH} PYTHONPATH=/workspace/foxy_ws/install/lib/python3.10/site-packages /usr/bin/cmake /workspace/foxy_ws/src/ament_cmake/ament_cmake_export_link_flags -DCMAKE_INSTALL_PREFIX=/workspace/foxy_ws/install
[1.833s] Invoking command in '/workspace/foxy_ws/build/ament_cmake_export_link_flags': AMENT_PREFIX_PATH=/workspace/foxy_ws/install CMAKE_PREFIX_PATH=/workspace/foxy_ws/install PATH=/workspace/foxy_ws/install/bin:${PATH} PYTHONPATH=/workspace/foxy_ws/install/lib/python3.10/site-packages /usr/bin/cmake --build /workspace/foxy_ws/build/ament_cmake_export_link_flags -- -j12 -l12
[2.149s] Invoked command in '/workspace/foxy_ws/build/ament_cmake_export_link_flags' returned '0': AMENT_PREFIX_PATH=/workspace/foxy_ws/install CMAKE_PREFIX_PATH=/workspace/foxy_ws/install PATH=/workspace/foxy_ws/install/bin:${PATH} PYTHONPATH=/workspace/foxy_ws/install/lib/python3.10/site-packages /usr/bin/cmake --build /workspace/foxy_ws/build/ament_cmake_export_link_flags -- -j12 -l12
[2.533s] Invoking command in '/workspace/foxy_ws/build/ament_cmake_export_link_flags': AMENT_PREFIX_PATH=/workspace/foxy_ws/install CMAKE_PREFIX_PATH=/workspace/foxy_ws/install PATH=/workspace/foxy_ws/install/bin:${PATH} PYTHONPATH=/workspace/foxy_ws/install/lib/python3.10/site-packages /usr/bin/cmake --install /workspace/foxy_ws/build/ament_cmake_export_link_flags
[2.700s] -- Install configuration: ""
[2.700s] -- Installing: /workspace/foxy_ws/install/share/ament_index/resource_index/package_run_dependencies/ament_cmake_export_link_flags
[2.700s] -- Installing: /workspace/foxy_ws/install/share/ament_index/resource_index/parent_prefix_path/ament_cmake_export_link_flags
[2.701s] -- Installing: /workspace/foxy_ws/install/share/ament_cmake_export_link_flags/environment/ament_prefix_path.sh
[2.701s] -- Installing: /workspace/foxy_ws/install/share/ament_cmake_export_link_flags/environment/ament_prefix_path.dsv
[2.701s] -- Installing: /workspace/foxy_ws/install/share/ament_cmake_export_link_flags/environment/path.sh
[2.701s] -- Installing: /workspace/foxy_ws/install/share/ament_cmake_export_link_flags/environment/path.dsv
[2.701s] -- Installing: /workspace/foxy_ws/install/share/ament_cmake_export_link_flags/local_setup.bash
[2.701s] -- Installing: /workspace/foxy_ws/install/share/ament_cmake_export_link_flags/local_setup.sh
[2.701s] -- Installing: /workspace/foxy_ws/install/share/ament_cmake_export_link_flags/local_setup.zsh
[2.701s] -- Installing: /workspace/foxy_ws/install/share/ament_cmake_export_link_flags/local_setup.dsv
[2.701s] -- Installing: /workspace/foxy_ws/install/share/ament_cmake_export_link_flags/package.dsv
[2.701s] -- Installing: /workspace/foxy_ws/install/share/ament_index/resource_index/packages/ament_cmake_export_link_flags
[2.701s] -- Installing: /workspace/foxy_ws/install/share/ament_cmake_export_link_flags/cmake/ament_cmake_export_link_flags-extras.cmake
[2.701s] -- Installing: /workspace/foxy_ws/install/share/ament_cmake_export_link_flags/cmake/ament_cmake_export_link_flagsConfig.cmake
[2.701s] -- Installing: /workspace/foxy_ws/install/share/ament_cmake_export_link_flags/cmake/ament_cmake_export_link_flagsConfig-version.cmake
[2.702s] -- Installing: /workspace/foxy_ws/install/share/ament_cmake_export_link_flags/package.xml
[2.702s] -- Up-to-date: /workspace/foxy_ws/install/share/ament_cmake_export_link_flags/cmake
[2.702s] -- Installing: /workspace/foxy_ws/install/share/ament_cmake_export_link_flags/cmake/ament_export_link_flags.cmake
[2.702s] -- Installing: /workspace/foxy_ws/install/share/ament_cmake_export_link_flags/cmake/ament_cmake_export_link_flags-extras.cmake.in
[2.702s] -- Installing: /workspace/foxy_ws/install/share/ament_cmake_export_link_flags/cmake/ament_cmake_export_link_flags_package_hook.cmake
[2.704s] Invoked command in '/workspace/foxy_ws/build/ament_cmake_export_link_flags' returned '0': AMENT_PREFIX_PATH=/workspace/foxy_ws/install CMAKE_PREFIX_PATH=/workspace/foxy_ws/install PATH=/workspace/foxy_ws/install/bin:${PATH} PYTHONPATH=/workspace/foxy_ws/install/lib/python3.10/site-packages /usr/bin/cmake --install /workspace/foxy_ws/build/ament_cmake_export_link_flags
