[0.013s] Invoking command in '/workspace/foxy_ws/build/ament_cmake_uncrustify': AMENT_PREFIX_PATH=/workspace/foxy_ws/install CMAKE_PREFIX_PATH=/workspace/foxy_ws/install LD_LIBRARY_PATH=/workspace/foxy_ws/install/lib PATH=/workspace/foxy_ws/install/bin:${PATH} PYTHONPATH=/workspace/foxy_ws/install/lib/python3.10/site-packages /usr/bin/cmake /workspace/foxy_ws/src/ament_lint/ament_cmake_uncrustify -DCMAKE_INSTALL_PREFIX=/workspace/foxy_ws/install
[0.024s] -- Found ament_cmake_core: 0.9.12 (/workspace/foxy_ws/install/share/ament_cmake_core/cmake)
[0.038s] -- Found PythonInterp: /usr/bin/python3 (found suitable version "3.10.14", minimum required is "3") 
[0.038s] -- Using PYTHON_EXECUTABLE: /usr/bin/python3
[0.189s] -- Found ament_cmake_test: 0.9.12 (/workspace/foxy_ws/install/share/ament_cmake_test/cmake)
[0.245s] -- Found ament_cmake_copyright: 0.9.8 (/workspace/foxy_ws/install/share/ament_cmake_copyright/cmake)
[0.246s] -- Found ament_cmake_lint_cmake: 0.9.8 (/workspace/foxy_ws/install/share/ament_cmake_lint_cmake/cmake)
[0.247s] -- Configuring done
[0.249s] -- Generating done
[0.249s] -- Build files have been written to: /workspace/foxy_ws/build/ament_cmake_uncrustify
[0.251s] Invoked command in '/workspace/foxy_ws/build/ament_cmake_uncrustify' returned '0': AMENT_PREFIX_PATH=/workspace/foxy_ws/install CMAKE_PREFIX_PATH=/workspace/foxy_ws/install LD_LIBRARY_PATH=/workspace/foxy_ws/install/lib PATH=/workspace/foxy_ws/install/bin:${PATH} PYTHONPATH=/workspace/foxy_ws/install/lib/python3.10/site-packages /usr/bin/cmake /workspace/foxy_ws/src/ament_lint/ament_cmake_uncrustify -DCMAKE_INSTALL_PREFIX=/workspace/foxy_ws/install
[0.252s] Invoking command in '/workspace/foxy_ws/build/ament_cmake_uncrustify': AMENT_PREFIX_PATH=/workspace/foxy_ws/install CMAKE_PREFIX_PATH=/workspace/foxy_ws/install LD_LIBRARY_PATH=/workspace/foxy_ws/install/lib PATH=/workspace/foxy_ws/install/bin:${PATH} PYTHONPATH=/workspace/foxy_ws/install/lib/python3.10/site-packages /usr/bin/cmake --build /workspace/foxy_ws/build/ament_cmake_uncrustify -- -j12 -l12
[0.281s] Invoked command in '/workspace/foxy_ws/build/ament_cmake_uncrustify' returned '0': AMENT_PREFIX_PATH=/workspace/foxy_ws/install CMAKE_PREFIX_PATH=/workspace/foxy_ws/install LD_LIBRARY_PATH=/workspace/foxy_ws/install/lib PATH=/workspace/foxy_ws/install/bin:${PATH} PYTHONPATH=/workspace/foxy_ws/install/lib/python3.10/site-packages /usr/bin/cmake --build /workspace/foxy_ws/build/ament_cmake_uncrustify -- -j12 -l12
[0.292s] Invoking command in '/workspace/foxy_ws/build/ament_cmake_uncrustify': AMENT_PREFIX_PATH=/workspace/foxy_ws/install CMAKE_PREFIX_PATH=/workspace/foxy_ws/install LD_LIBRARY_PATH=/workspace/foxy_ws/install/lib PATH=/workspace/foxy_ws/install/bin:${PATH} PYTHONPATH=/workspace/foxy_ws/install/lib/python3.10/site-packages /usr/bin/cmake --install /workspace/foxy_ws/build/ament_cmake_uncrustify
[0.300s] -- Install configuration: ""
[0.300s] -- Installing: /workspace/foxy_ws/install/share/ament_index/resource_index/package_run_dependencies/ament_cmake_uncrustify
[0.300s] -- Installing: /workspace/foxy_ws/install/share/ament_index/resource_index/parent_prefix_path/ament_cmake_uncrustify
[0.300s] -- Installing: /workspace/foxy_ws/install/share/ament_cmake_uncrustify/environment/ament_prefix_path.sh
[0.300s] -- Installing: /workspace/foxy_ws/install/share/ament_cmake_uncrustify/environment/ament_prefix_path.dsv
[0.301s] -- Installing: /workspace/foxy_ws/install/share/ament_cmake_uncrustify/environment/path.sh
[0.301s] -- Installing: /workspace/foxy_ws/install/share/ament_cmake_uncrustify/environment/path.dsv
[0.301s] -- Installing: /workspace/foxy_ws/install/share/ament_cmake_uncrustify/local_setup.bash
[0.301s] -- Installing: /workspace/foxy_ws/install/share/ament_cmake_uncrustify/local_setup.sh
[0.301s] -- Installing: /workspace/foxy_ws/install/share/ament_cmake_uncrustify/local_setup.zsh
[0.301s] -- Installing: /workspace/foxy_ws/install/share/ament_cmake_uncrustify/local_setup.dsv
[0.302s] -- Installing: /workspace/foxy_ws/install/share/ament_cmake_uncrustify/package.dsv
[0.302s] -- Installing: /workspace/foxy_ws/install/share/ament_index/resource_index/packages/ament_cmake_uncrustify
[0.302s] -- Installing: /workspace/foxy_ws/install/share/ament_cmake_uncrustify/cmake/ament_cmake_uncrustify-extras.cmake
[0.302s] -- Installing: /workspace/foxy_ws/install/share/ament_cmake_uncrustify/cmake/ament_cmake_uncrustifyConfig.cmake
[0.302s] -- Installing: /workspace/foxy_ws/install/share/ament_cmake_uncrustify/cmake/ament_cmake_uncrustifyConfig-version.cmake
[0.302s] -- Installing: /workspace/foxy_ws/install/share/ament_cmake_uncrustify/package.xml
[0.302s] -- Up-to-date: /workspace/foxy_ws/install/share/ament_cmake_uncrustify/cmake
[0.302s] -- Installing: /workspace/foxy_ws/install/share/ament_cmake_uncrustify/cmake/ament_uncrustify.cmake
[0.303s] -- Installing: /workspace/foxy_ws/install/share/ament_cmake_uncrustify/cmake/ament_cmake_uncrustify_lint_hook.cmake
[0.304s] Invoked command in '/workspace/foxy_ws/build/ament_cmake_uncrustify' returned '0': AMENT_PREFIX_PATH=/workspace/foxy_ws/install CMAKE_PREFIX_PATH=/workspace/foxy_ws/install LD_LIBRARY_PATH=/workspace/foxy_ws/install/lib PATH=/workspace/foxy_ws/install/bin:${PATH} PYTHONPATH=/workspace/foxy_ws/install/lib/python3.10/site-packages /usr/bin/cmake --install /workspace/foxy_ws/build/ament_cmake_uncrustify
