[1.201s] Invoking command in '/workspace/foxy_ws/src/ament_lint/ament_cppcheck': PYTHONPATH=/workspace/foxy_ws/build/ament_cppcheck/prefix_override:/workspace/foxy_ws/install/lib/python3.10/site-packages: /usr/bin/python3 -W ignore:setup.py install is deprecated setup.py egg_info --egg-base ../../../build/ament_cppcheck build --build-base /workspace/foxy_ws/build/ament_cppcheck/build install --record /workspace/foxy_ws/build/ament_cppcheck/install.log --single-version-externally-managed install_data
[1.398s] running egg_info
[1.399s] creating ../../../build/ament_cppcheck/ament_cppcheck.egg-info
[1.399s] writing ../../../build/ament_cppcheck/ament_cppcheck.egg-info/PKG-INFO
[1.399s] writing dependency_links to ../../../build/ament_cppcheck/ament_cppcheck.egg-info/dependency_links.txt
[1.399s] writing entry points to ../../../build/ament_cppcheck/ament_cppcheck.egg-info/entry_points.txt
[1.399s] writing requirements to ../../../build/ament_cppcheck/ament_cppcheck.egg-info/requires.txt
[1.399s] writing top-level names to ../../../build/ament_cppcheck/ament_cppcheck.egg-info/top_level.txt
[1.400s] writing manifest file '../../../build/ament_cppcheck/ament_cppcheck.egg-info/SOURCES.txt'
[1.409s] reading manifest file '../../../build/ament_cppcheck/ament_cppcheck.egg-info/SOURCES.txt'
[1.409s] writing manifest file '../../../build/ament_cppcheck/ament_cppcheck.egg-info/SOURCES.txt'
[1.409s] running build
[1.409s] running build_py
[1.409s] creating /workspace/foxy_ws/build/ament_cppcheck/build
[1.409s] creating /workspace/foxy_ws/build/ament_cppcheck/build/lib
[1.409s] creating /workspace/foxy_ws/build/ament_cppcheck/build/lib/ament_cppcheck
[1.409s] copying ament_cppcheck/main.py -> /workspace/foxy_ws/build/ament_cppcheck/build/lib/ament_cppcheck
[1.410s] copying ament_cppcheck/__init__.py -> /workspace/foxy_ws/build/ament_cppcheck/build/lib/ament_cppcheck
[1.410s] running install
[1.410s] running install_lib
[1.410s] creating /workspace/foxy_ws/install/lib/python3.10/site-packages/ament_cppcheck
[1.410s] copying /workspace/foxy_ws/build/ament_cppcheck/build/lib/ament_cppcheck/main.py -> /workspace/foxy_ws/install/lib/python3.10/site-packages/ament_cppcheck
[1.410s] copying /workspace/foxy_ws/build/ament_cppcheck/build/lib/ament_cppcheck/__init__.py -> /workspace/foxy_ws/install/lib/python3.10/site-packages/ament_cppcheck
[1.411s] byte-compiling /workspace/foxy_ws/install/lib/python3.10/site-packages/ament_cppcheck/main.py to main.cpython-310.pyc
[1.411s] byte-compiling /workspace/foxy_ws/install/lib/python3.10/site-packages/ament_cppcheck/__init__.py to __init__.cpython-310.pyc
[1.412s] running install_data
[1.412s] copying package.xml -> /workspace/foxy_ws/install/share/ament_cppcheck
[1.412s] copying resource/ament_cppcheck -> /workspace/foxy_ws/install/share/ament_index/resource_index/packages
[1.413s] running install_egg_info
[1.413s] Copying ../../../build/ament_cppcheck/ament_cppcheck.egg-info to /workspace/foxy_ws/install/lib/python3.10/site-packages/ament_cppcheck-0.9.8-py3.10.egg-info
[1.413s] running install_scripts
[1.435s] Installing ament_cppcheck script to /workspace/foxy_ws/install/bin
[1.435s] writing list of installed files to '/workspace/foxy_ws/build/ament_cppcheck/install.log'
[1.483s] Invoked command in '/workspace/foxy_ws/src/ament_lint/ament_cppcheck' returned '0': PYTHONPATH=/workspace/foxy_ws/build/ament_cppcheck/prefix_override:/workspace/foxy_ws/install/lib/python3.10/site-packages: /usr/bin/python3 -W ignore:setup.py install is deprecated setup.py egg_info --egg-base ../../../build/ament_cppcheck build --build-base /workspace/foxy_ws/build/ament_cppcheck/build install --record /workspace/foxy_ws/build/ament_cppcheck/install.log --single-version-externally-managed install_data
