-- Found ament_cmake: 0.9.12 (/workspace/foxy_ws/install/share/ament_cmake/cmake)
-- Found PythonInterp: /usr/bin/python3 (found suitable version "3.10.14", minimum required is "3") 
-- Using PYTHON_EXECUTABLE: /usr/bin/python3
-- Found ament_lint_auto: 0.9.8 (/workspace/foxy_ws/install/share/ament_lint_auto/cmake)
-- Added test 'copyright' to check source files copyright and LICENSE
-- Added test 'flake8' to check Python code syntax and style conventions
-- Added test 'lint_cmake' to check CMake code style
-- Added test 'pep257' to check Python code against some of the style conventions in PEP 257
-- Added test 'xmllint' to check XML markup files
-- Configuring done
-- Generating done
-- Build files have been written to: /workspace/foxy_ws/build/rosidl_generator_dds_idl
-- Install configuration: ""
-- Installing: /workspace/foxy_ws/install/share/rosidl_generator_dds_idl/environment/pythonpath.sh
-- Installing: /workspace/foxy_ws/install/share/rosidl_generator_dds_idl/environment/pythonpath.dsv
-- Installing: /workspace/foxy_ws/install/lib/python3.10/site-packages/rosidl_generator_dds_idl
-- Installing: /workspace/foxy_ws/install/lib/python3.10/site-packages/rosidl_generator_dds_idl/__init__.py
Listing '/workspace/foxy_ws/install/lib/python3.10/site-packages/rosidl_generator_dds_idl'...
Compiling '/workspace/foxy_ws/install/lib/python3.10/site-packages/rosidl_generator_dds_idl/__init__.py'...
-- Installing: /workspace/foxy_ws/install/share/ament_index/resource_index/package_run_dependencies/rosidl_generator_dds_idl
-- Installing: /workspace/foxy_ws/install/share/ament_index/resource_index/parent_prefix_path/rosidl_generator_dds_idl
-- Installing: /workspace/foxy_ws/install/share/rosidl_generator_dds_idl/environment/ament_prefix_path.sh
-- Installing: /workspace/foxy_ws/install/share/rosidl_generator_dds_idl/environment/ament_prefix_path.dsv
-- Installing: /workspace/foxy_ws/install/share/rosidl_generator_dds_idl/environment/path.sh
-- Installing: /workspace/foxy_ws/install/share/rosidl_generator_dds_idl/environment/path.dsv
-- Installing: /workspace/foxy_ws/install/share/rosidl_generator_dds_idl/local_setup.bash
-- Installing: /workspace/foxy_ws/install/share/rosidl_generator_dds_idl/local_setup.sh
-- Installing: /workspace/foxy_ws/install/share/rosidl_generator_dds_idl/local_setup.zsh
-- Installing: /workspace/foxy_ws/install/share/rosidl_generator_dds_idl/local_setup.dsv
-- Installing: /workspace/foxy_ws/install/share/rosidl_generator_dds_idl/package.dsv
-- Installing: /workspace/foxy_ws/install/share/ament_index/resource_index/packages/rosidl_generator_dds_idl
-- Installing: /workspace/foxy_ws/install/share/rosidl_generator_dds_idl/cmake/rosidl_generator_dds_idl-extras.cmake
-- Installing: /workspace/foxy_ws/install/share/rosidl_generator_dds_idl/cmake/rosidl_generator_dds_idlConfig.cmake
-- Installing: /workspace/foxy_ws/install/share/rosidl_generator_dds_idl/cmake/rosidl_generator_dds_idlConfig-version.cmake
-- Installing: /workspace/foxy_ws/install/share/rosidl_generator_dds_idl/package.xml
-- Installing: /workspace/foxy_ws/install/lib/rosidl_generator_dds_idl/rosidl_generator_dds_idl
-- Up-to-date: /workspace/foxy_ws/install/share/rosidl_generator_dds_idl/cmake
-- Installing: /workspace/foxy_ws/install/share/rosidl_generator_dds_idl/cmake/rosidl_generate_dds_interfaces.cmake
-- Installing: /workspace/foxy_ws/install/share/rosidl_generator_dds_idl/resource
-- Installing: /workspace/foxy_ws/install/share/rosidl_generator_dds_idl/resource/msg.idl.em
-- Installing: /workspace/foxy_ws/install/share/rosidl_generator_dds_idl/resource/idl.idl.em
-- Installing: /workspace/foxy_ws/install/share/rosidl_generator_dds_idl/resource/srv.idl.em
-- Installing: /workspace/foxy_ws/install/share/rosidl_generator_dds_idl/resource/action.idl.em
