[0.074s] Invoking command in '/workspace/foxy_ws/build/rosidl_generator_dds_idl': AMENT_PREFIX_PATH=/workspace/foxy_ws/install CMAKE_PREFIX_PATH=/workspace/foxy_ws/install LD_LIBRARY_PATH=/workspace/foxy_ws/install/lib PATH=/workspace/foxy_ws/install/bin:${PATH} PYTHONPATH=/workspace/foxy_ws/install/lib/python3.10/site-packages /usr/bin/cmake /workspace/foxy_ws/src/rosidl_generator_dds_idl -DCMAKE_INSTALL_PREFIX=/workspace/foxy_ws/install
[0.090s] -- Found ament_cmake: 0.9.12 (/workspace/foxy_ws/install/share/ament_cmake/cmake)
[0.108s] -- Found PythonInterp: /usr/bin/python3 (found suitable version "3.10.14", minimum required is "3") 
[0.108s] -- Using PYTHON_EXECUTABLE: /usr/bin/python3
[0.287s] <string>:1: DeprecationWarning: The distutils package is deprecated and slated for removal in Python 3.12. Use setuptools or check PEP 632 for potential alternatives
[0.289s] <string>:1: DeprecationWarning: The distutils.sysconfig module is deprecated, use sysconfig instead
[0.296s] -- Found ament_lint_auto: 0.9.8 (/workspace/foxy_ws/install/share/ament_lint_auto/cmake)
[0.364s] -- Added test 'copyright' to check source files copyright and LICENSE
[0.377s] -- Added test 'flake8' to check Python code syntax and style conventions
[0.379s] -- Added test 'lint_cmake' to check CMake code style
[0.380s] -- Added test 'pep257' to check Python code against some of the style conventions in PEP 257
[0.388s] -- Added test 'xmllint' to check XML markup files
[0.392s] -- Configuring done
[0.402s] -- Generating done
[0.403s] -- Build files have been written to: /workspace/foxy_ws/build/rosidl_generator_dds_idl
[0.408s] Invoked command in '/workspace/foxy_ws/build/rosidl_generator_dds_idl' returned '0': AMENT_PREFIX_PATH=/workspace/foxy_ws/install CMAKE_PREFIX_PATH=/workspace/foxy_ws/install LD_LIBRARY_PATH=/workspace/foxy_ws/install/lib PATH=/workspace/foxy_ws/install/bin:${PATH} PYTHONPATH=/workspace/foxy_ws/install/lib/python3.10/site-packages /usr/bin/cmake /workspace/foxy_ws/src/rosidl_generator_dds_idl -DCMAKE_INSTALL_PREFIX=/workspace/foxy_ws/install
[0.408s] Invoking command in '/workspace/foxy_ws/build/rosidl_generator_dds_idl': AMENT_PREFIX_PATH=/workspace/foxy_ws/install CMAKE_PREFIX_PATH=/workspace/foxy_ws/install LD_LIBRARY_PATH=/workspace/foxy_ws/install/lib PATH=/workspace/foxy_ws/install/bin:${PATH} PYTHONPATH=/workspace/foxy_ws/install/lib/python3.10/site-packages /usr/bin/cmake --build /workspace/foxy_ws/build/rosidl_generator_dds_idl -- -j12 -l12
[0.450s] Invoked command in '/workspace/foxy_ws/build/rosidl_generator_dds_idl' returned '0': AMENT_PREFIX_PATH=/workspace/foxy_ws/install CMAKE_PREFIX_PATH=/workspace/foxy_ws/install LD_LIBRARY_PATH=/workspace/foxy_ws/install/lib PATH=/workspace/foxy_ws/install/bin:${PATH} PYTHONPATH=/workspace/foxy_ws/install/lib/python3.10/site-packages /usr/bin/cmake --build /workspace/foxy_ws/build/rosidl_generator_dds_idl -- -j12 -l12
[0.471s] Invoking command in '/workspace/foxy_ws/build/rosidl_generator_dds_idl': AMENT_PREFIX_PATH=/workspace/foxy_ws/install CMAKE_PREFIX_PATH=/workspace/foxy_ws/install LD_LIBRARY_PATH=/workspace/foxy_ws/install/lib PATH=/workspace/foxy_ws/install/bin:${PATH} PYTHONPATH=/workspace/foxy_ws/install/lib/python3.10/site-packages /usr/bin/cmake --install /workspace/foxy_ws/build/rosidl_generator_dds_idl
[0.485s] -- Install configuration: ""
[0.486s] -- Installing: /workspace/foxy_ws/install/share/rosidl_generator_dds_idl/environment/pythonpath.sh
[0.486s] -- Installing: /workspace/foxy_ws/install/share/rosidl_generator_dds_idl/environment/pythonpath.dsv
[0.486s] -- Installing: /workspace/foxy_ws/install/lib/python3.10/site-packages/rosidl_generator_dds_idl
[0.486s] -- Installing: /workspace/foxy_ws/install/lib/python3.10/site-packages/rosidl_generator_dds_idl/__init__.py
[0.521s] Listing '/workspace/foxy_ws/install/lib/python3.10/site-packages/rosidl_generator_dds_idl'...
[0.521s] Compiling '/workspace/foxy_ws/install/lib/python3.10/site-packages/rosidl_generator_dds_idl/__init__.py'...
[0.529s] -- Installing: /workspace/foxy_ws/install/share/ament_index/resource_index/package_run_dependencies/rosidl_generator_dds_idl
[0.529s] -- Installing: /workspace/foxy_ws/install/share/ament_index/resource_index/parent_prefix_path/rosidl_generator_dds_idl
[0.529s] -- Installing: /workspace/foxy_ws/install/share/rosidl_generator_dds_idl/environment/ament_prefix_path.sh
[0.532s] -- Installing: /workspace/foxy_ws/install/share/rosidl_generator_dds_idl/environment/ament_prefix_path.dsv
[0.532s] -- Installing: /workspace/foxy_ws/install/share/rosidl_generator_dds_idl/environment/path.sh
[0.532s] -- Installing: /workspace/foxy_ws/install/share/rosidl_generator_dds_idl/environment/path.dsv
[0.533s] -- Installing: /workspace/foxy_ws/install/share/rosidl_generator_dds_idl/local_setup.bash
[0.533s] -- Installing: /workspace/foxy_ws/install/share/rosidl_generator_dds_idl/local_setup.sh
[0.533s] -- Installing: /workspace/foxy_ws/install/share/rosidl_generator_dds_idl/local_setup.zsh
[0.533s] -- Installing: /workspace/foxy_ws/install/share/rosidl_generator_dds_idl/local_setup.dsv
[0.533s] -- Installing: /workspace/foxy_ws/install/share/rosidl_generator_dds_idl/package.dsv
[0.533s] -- Installing: /workspace/foxy_ws/install/share/ament_index/resource_index/packages/rosidl_generator_dds_idl
[0.533s] -- Installing: /workspace/foxy_ws/install/share/rosidl_generator_dds_idl/cmake/rosidl_generator_dds_idl-extras.cmake
[0.533s] -- Installing: /workspace/foxy_ws/install/share/rosidl_generator_dds_idl/cmake/rosidl_generator_dds_idlConfig.cmake
[0.533s] -- Installing: /workspace/foxy_ws/install/share/rosidl_generator_dds_idl/cmake/rosidl_generator_dds_idlConfig-version.cmake
[0.533s] -- Installing: /workspace/foxy_ws/install/share/rosidl_generator_dds_idl/package.xml
[0.534s] -- Installing: /workspace/foxy_ws/install/lib/rosidl_generator_dds_idl/rosidl_generator_dds_idl
[0.534s] -- Up-to-date: /workspace/foxy_ws/install/share/rosidl_generator_dds_idl/cmake
[0.534s] -- Installing: /workspace/foxy_ws/install/share/rosidl_generator_dds_idl/cmake/rosidl_generate_dds_interfaces.cmake
[0.535s] -- Installing: /workspace/foxy_ws/install/share/rosidl_generator_dds_idl/resource
[0.535s] -- Installing: /workspace/foxy_ws/install/share/rosidl_generator_dds_idl/resource/msg.idl.em
[0.536s] -- Installing: /workspace/foxy_ws/install/share/rosidl_generator_dds_idl/resource/idl.idl.em
[0.536s] -- Installing: /workspace/foxy_ws/install/share/rosidl_generator_dds_idl/resource/srv.idl.em
[0.536s] -- Installing: /workspace/foxy_ws/install/share/rosidl_generator_dds_idl/resource/action.idl.em
[0.544s] Invoked command in '/workspace/foxy_ws/build/rosidl_generator_dds_idl' returned '0': AMENT_PREFIX_PATH=/workspace/foxy_ws/install CMAKE_PREFIX_PATH=/workspace/foxy_ws/install LD_LIBRARY_PATH=/workspace/foxy_ws/install/lib PATH=/workspace/foxy_ws/install/bin:${PATH} PYTHONPATH=/workspace/foxy_ws/install/lib/python3.10/site-packages /usr/bin/cmake --install /workspace/foxy_ws/build/rosidl_generator_dds_idl
