-- The C compiler identification is GNU 9.4.0
-- The CXX compiler identification is GNU 9.4.0
-- Check for working C compiler: /usr/bin/cc
-- Check for working C compiler: /usr/bin/cc -- works
-- Detecting C compiler ABI info
-- Detecting C compiler ABI info - done
-- Detecting C compile features
-- Detecting C compile features - done
-- Check for working CXX compiler: /usr/bin/c++
-- Check for working CXX compiler: /usr/bin/c++ -- works
-- Detecting CXX compiler ABI info
-- Detecting CXX compiler ABI info - done
-- Detecting CXX compile features
-- Detecting CXX compile features - done
-- Found ament_cmake: 0.9.12 (/workspace/foxy_ws/install/share/ament_cmake/cmake)
-- Found PythonInterp: /usr/bin/python3 (found suitable version "3.10.14", minimum required is "3") 
-- Using PYTHON_EXECUTABLE: /usr/bin/python3
<string>:1: DeprecationWarning: The distutils package is deprecated and slated for removal in Python 3.12. Use setuptools or check PEP 632 for potential alternatives
<string>:1: DeprecationWarning: The distutils.sysconfig module is deprecated, use sysconfig instead
-- Found ament_lint_auto: 0.9.8 (/workspace/foxy_ws/install/share/ament_lint_auto/cmake)
-- Found rosidl_runtime_c: 1.3.1 (/workspace/foxy_ws/install/share/rosidl_runtime_c/cmake)
-- Found rosidl_runtime_cpp: 1.3.1 (/workspace/foxy_ws/install/share/rosidl_runtime_cpp/cmake)
-- Found test_interface_files: 0.8.1 (/workspace/foxy_ws/install/share/test_interface_files/cmake)
-- Found rosidl_adapter: 1.3.1 (/workspace/foxy_ws/install/share/rosidl_adapter/cmake)
-- Found PythonInterp: /usr/bin/python3 (found version "3.10.14") 
-- Found gtest sources under '/workspace/foxy_ws/install/src/gtest_vendor': C++ tests using 'Google Test' will be built
-- Looking for pthread.h
-- Looking for pthread.h - found
-- Performing Test CMAKE_HAVE_LIBC_PTHREAD
-- Performing Test CMAKE_HAVE_LIBC_PTHREAD - Failed
-- Check if compiler accepts -pthread
-- Check if compiler accepts -pthread - yes
-- Found Threads: TRUE  
-- Added test 'copyright' to check source files copyright and LICENSE
-- Added test 'cppcheck' to perform static code analysis on C / C++ code
-- Configured cppcheck include dirs: 
-- Configured cppcheck exclude dirs and/or files: 
-- Added test 'cpplint' to check C / C++ code against the Google style
-- Configured cpplint exclude dirs and/or files: 
-- Added test 'flake8' to check Python code syntax and style conventions
-- Added test 'lint_cmake' to check CMake code style
-- Added test 'pep257' to check Python code against some of the style conventions in PEP 257
-- Added test 'uncrustify' to check C / C++ code style
-- Configured uncrustify additional arguments: 
-- Added test 'xmllint' to check XML markup files
-- Configuring done
-- Generating done
-- Build files have been written to: /workspace/foxy_ws/build/rosidl_generator_cpp
Scanning dependencies of target rosidl_generator_cpp__cpp
[  5%] Generating C++ code for ROS interfaces
[  5%] Built target rosidl_generator_cpp__cpp
Scanning dependencies of target gtest_main
Scanning dependencies of target gtest
[ 10%] Building CXX object gtest/CMakeFiles/gtest_main.dir/src/gtest_main.cc.o
[ 15%] Building CXX object gtest/CMakeFiles/gtest.dir/src/gtest-all.cc.o
[ 21%] Linking CXX static library libgtest_main.a
[ 21%] Built target gtest_main
Scanning dependencies of target rosidl_generator_cpp
[ 21%] Built target rosidl_generator_cpp
[ 26%] Linking CXX static library libgtest.a
[ 26%] Built target gtest
Scanning dependencies of target test_srv_initialization
Scanning dependencies of target test_msg_builder
[ 36%] Building CXX object CMakeFiles/test_srv_initialization.dir/test/test_srv_initialization.cpp.o
[ 36%] Building CXX object CMakeFiles/test_msg_builder.dir/test/test_msg_builder.cpp.o
[ 42%] Linking CXX executable test_srv_initialization
[ 42%] Built target test_srv_initialization
Scanning dependencies of target test_traits
Scanning dependencies of target test_interfaces_cpp
[ 47%] Building CXX object CMakeFiles/test_traits.dir/test/test_traits.cpp.o
[ 52%] Building CXX object CMakeFiles/test_interfaces_cpp.dir/test/test_interfaces.cpp.o
[ 57%] Linking CXX executable test_traits
[ 57%] Built target test_traits
Scanning dependencies of target test_name
[ 63%] Building CXX object CMakeFiles/test_name.dir/test/test_name.cpp.o
Scanning dependencies of target test_msg_datatype
[ 68%] Building CXX object CMakeFiles/test_msg_datatype.dir/test/test_msg_datatype.cpp.o
[ 73%] Linking CXX executable test_msg_builder
[ 78%] Linking CXX executable test_name
[ 84%] Linking CXX executable test_msg_datatype
[ 84%] Built target test_msg_builder
[ 84%] Built target test_name
Scanning dependencies of target test_msg_initialization
[ 84%] Built target test_msg_datatype
[ 89%] Building CXX object CMakeFiles/test_msg_initialization.dir/test/test_msg_initialization.cpp.o
[ 94%] Linking CXX executable test_interfaces_cpp
[ 94%] Built target test_interfaces_cpp
[100%] Linking CXX executable test_msg_initialization
[100%] Built target test_msg_initialization
-- Install configuration: ""
-- Installing: /workspace/foxy_ws/install/share/ament_index/resource_index/rosidl_generator_packages/rosidl_generator_cpp
-- Installing: /workspace/foxy_ws/install/share/rosidl_generator_cpp/environment/pythonpath.sh
-- Installing: /workspace/foxy_ws/install/share/rosidl_generator_cpp/environment/pythonpath.dsv
-- Installing: /workspace/foxy_ws/install/lib/python3.10/site-packages/rosidl_generator_cpp
-- Installing: /workspace/foxy_ws/install/lib/python3.10/site-packages/rosidl_generator_cpp/__init__.py
Listing '/workspace/foxy_ws/install/lib/python3.10/site-packages/rosidl_generator_cpp'...
Compiling '/workspace/foxy_ws/install/lib/python3.10/site-packages/rosidl_generator_cpp/__init__.py'...
-- Installing: /workspace/foxy_ws/install/share/ament_index/resource_index/package_run_dependencies/rosidl_generator_cpp
-- Installing: /workspace/foxy_ws/install/share/ament_index/resource_index/parent_prefix_path/rosidl_generator_cpp
-- Installing: /workspace/foxy_ws/install/share/rosidl_generator_cpp/environment/ament_prefix_path.sh
-- Installing: /workspace/foxy_ws/install/share/rosidl_generator_cpp/environment/ament_prefix_path.dsv
-- Installing: /workspace/foxy_ws/install/share/rosidl_generator_cpp/environment/path.sh
-- Installing: /workspace/foxy_ws/install/share/rosidl_generator_cpp/environment/path.dsv
-- Installing: /workspace/foxy_ws/install/share/rosidl_generator_cpp/local_setup.bash
-- Installing: /workspace/foxy_ws/install/share/rosidl_generator_cpp/local_setup.sh
-- Installing: /workspace/foxy_ws/install/share/rosidl_generator_cpp/local_setup.zsh
-- Installing: /workspace/foxy_ws/install/share/rosidl_generator_cpp/local_setup.dsv
-- Installing: /workspace/foxy_ws/install/share/rosidl_generator_cpp/package.dsv
-- Installing: /workspace/foxy_ws/install/share/ament_index/resource_index/packages/rosidl_generator_cpp
-- Installing: /workspace/foxy_ws/install/share/rosidl_generator_cpp/cmake/rosidl_generator_cpp-extras.cmake
-- Installing: /workspace/foxy_ws/install/share/rosidl_generator_cpp/cmake/ament_cmake_export_dependencies-extras.cmake
-- Installing: /workspace/foxy_ws/install/share/rosidl_generator_cpp/cmake/rosidl_cmake-extras.cmake
-- Installing: /workspace/foxy_ws/install/share/rosidl_generator_cpp/cmake/rosidl_generator_cppConfig.cmake
-- Installing: /workspace/foxy_ws/install/share/rosidl_generator_cpp/cmake/rosidl_generator_cppConfig-version.cmake
-- Installing: /workspace/foxy_ws/install/share/rosidl_generator_cpp/package.xml
-- Installing: /workspace/foxy_ws/install/lib/rosidl_generator_cpp/rosidl_generator_cpp
-- Up-to-date: /workspace/foxy_ws/install/share/rosidl_generator_cpp/cmake
-- Installing: /workspace/foxy_ws/install/share/rosidl_generator_cpp/cmake/register_cpp.cmake
-- Installing: /workspace/foxy_ws/install/share/rosidl_generator_cpp/cmake/rosidl_generator_cpp_generate_interfaces.cmake
-- Installing: /workspace/foxy_ws/install/share/rosidl_generator_cpp/resource
-- Installing: /workspace/foxy_ws/install/share/rosidl_generator_cpp/resource/msg__traits.hpp.em
-- Installing: /workspace/foxy_ws/install/share/rosidl_generator_cpp/resource/idl__builder.hpp.em
-- Installing: /workspace/foxy_ws/install/share/rosidl_generator_cpp/resource/action__builder.hpp.em
-- Installing: /workspace/foxy_ws/install/share/rosidl_generator_cpp/resource/action__type_support.hpp.em
-- Installing: /workspace/foxy_ws/install/share/rosidl_generator_cpp/resource/srv__traits.hpp.em
-- Installing: /workspace/foxy_ws/install/share/rosidl_generator_cpp/resource/idl__type_support.hpp.em
-- Installing: /workspace/foxy_ws/install/share/rosidl_generator_cpp/resource/rosidl_generator_cpp__visibility_control.hpp.in
-- Installing: /workspace/foxy_ws/install/share/rosidl_generator_cpp/resource/action__traits.hpp.em
-- Installing: /workspace/foxy_ws/install/share/rosidl_generator_cpp/resource/idl__struct.hpp.em
-- Installing: /workspace/foxy_ws/install/share/rosidl_generator_cpp/resource/idl__traits.hpp.em
-- Installing: /workspace/foxy_ws/install/share/rosidl_generator_cpp/resource/msg__type_support.hpp.em
-- Installing: /workspace/foxy_ws/install/share/rosidl_generator_cpp/resource/srv__struct.hpp.em
-- Installing: /workspace/foxy_ws/install/share/rosidl_generator_cpp/resource/srv__builder.hpp.em
-- Installing: /workspace/foxy_ws/install/share/rosidl_generator_cpp/resource/msg__builder.hpp.em
-- Installing: /workspace/foxy_ws/install/share/rosidl_generator_cpp/resource/srv__type_support.hpp.em
-- Installing: /workspace/foxy_ws/install/share/rosidl_generator_cpp/resource/msg__struct.hpp.em
-- Installing: /workspace/foxy_ws/install/share/rosidl_generator_cpp/resource/idl.hpp.em
-- Installing: /workspace/foxy_ws/install/share/rosidl_generator_cpp/resource/action__struct.hpp.em
