[0.055s] Invoking command in '/workspace/foxy_ws/build/rosidl_generator_cpp': AMENT_PREFIX_PATH=/workspace/foxy_ws/install CMAKE_PREFIX_PATH=/workspace/foxy_ws/install LD_LIBRARY_PATH=/workspace/foxy_ws/install/lib PATH=/workspace/foxy_ws/install/bin:${PATH} PKG_CONFIG_PATH=/workspace/foxy_ws/install/lib/x86_64-linux-gnu/pkgconfig:/workspace/foxy_ws/install/lib/pkgconfig PYTHONPATH=/workspace/foxy_ws/install/lib/python3.10/site-packages /usr/bin/cmake /workspace/foxy_ws/src/rosidl/rosidl_generator_cpp -DCMAKE_INSTALL_PREFIX=/workspace/foxy_ws/install
[0.103s] -- The C compiler identification is GNU 9.4.0
[0.150s] -- The CXX compiler identification is GNU 9.4.0
[0.154s] -- Check for working C compiler: /usr/bin/cc
[0.212s] -- Check for working C compiler: /usr/bin/cc -- works
[0.212s] -- Detecting C compiler ABI info
[0.262s] -- Detecting C compiler ABI info - done
[0.276s] -- Detecting C compile features
[0.277s] -- Detecting C compile features - done
[0.279s] -- Check for working CXX compiler: /usr/bin/c++
[0.344s] -- Check for working CXX compiler: /usr/bin/c++ -- works
[0.345s] -- Detecting CXX compiler ABI info
[0.416s] -- Detecting CXX compiler ABI info - done
[0.426s] -- Detecting CXX compile features
[0.426s] -- Detecting CXX compile features - done
[0.428s] -- Found ament_cmake: 0.9.12 (/workspace/foxy_ws/install/share/ament_cmake/cmake)
[0.443s] -- Found PythonInterp: /usr/bin/python3 (found suitable version "3.10.14", minimum required is "3") 
[0.443s] -- Using PYTHON_EXECUTABLE: /usr/bin/python3
[0.598s] <string>:1: DeprecationWarning: The distutils package is deprecated and slated for removal in Python 3.12. Use setuptools or check PEP 632 for potential alternatives
[0.600s] <string>:1: DeprecationWarning: The distutils.sysconfig module is deprecated, use sysconfig instead
[0.604s] -- Found ament_lint_auto: 0.9.8 (/workspace/foxy_ws/install/share/ament_lint_auto/cmake)
[0.605s] -- Found rosidl_runtime_c: 1.3.1 (/workspace/foxy_ws/install/share/rosidl_runtime_c/cmake)
[0.615s] -- Found rosidl_runtime_cpp: 1.3.1 (/workspace/foxy_ws/install/share/rosidl_runtime_cpp/cmake)
[0.616s] -- Found test_interface_files: 0.8.1 (/workspace/foxy_ws/install/share/test_interface_files/cmake)
[0.677s] -- Found rosidl_adapter: 1.3.1 (/workspace/foxy_ws/install/share/rosidl_adapter/cmake)
[0.699s] -- Found PythonInterp: /usr/bin/python3 (found version "3.10.14") 
[0.851s] -- Found gtest sources under '/workspace/foxy_ws/install/src/gtest_vendor': C++ tests using 'Google Test' will be built
[0.853s] -- Looking for pthread.h
[0.917s] -- Looking for pthread.h - found
[0.917s] -- Performing Test CMAKE_HAVE_LIBC_PTHREAD
[0.973s] -- Performing Test CMAKE_HAVE_LIBC_PTHREAD - Failed
[0.973s] -- Check if compiler accepts -pthread
[1.034s] -- Check if compiler accepts -pthread - yes
[1.035s] -- Found Threads: TRUE  
[1.051s] -- Added test 'copyright' to check source files copyright and LICENSE
[1.080s] -- Added test 'cppcheck' to perform static code analysis on C / C++ code
[1.080s] -- Configured cppcheck include dirs: 
[1.080s] -- Configured cppcheck exclude dirs and/or files: 
[1.080s] -- Added test 'cpplint' to check C / C++ code against the Google style
[1.080s] -- Configured cpplint exclude dirs and/or files: 
[1.081s] -- Added test 'flake8' to check Python code syntax and style conventions
[1.081s] -- Added test 'lint_cmake' to check CMake code style
[1.081s] -- Added test 'pep257' to check Python code against some of the style conventions in PEP 257
[1.081s] -- Added test 'uncrustify' to check C / C++ code style
[1.081s] -- Configured uncrustify additional arguments: 
[1.081s] -- Added test 'xmllint' to check XML markup files
[1.081s] -- Configuring done
[1.086s] -- Generating done
[1.088s] -- Build files have been written to: /workspace/foxy_ws/build/rosidl_generator_cpp
[1.092s] Invoked command in '/workspace/foxy_ws/build/rosidl_generator_cpp' returned '0': AMENT_PREFIX_PATH=/workspace/foxy_ws/install CMAKE_PREFIX_PATH=/workspace/foxy_ws/install LD_LIBRARY_PATH=/workspace/foxy_ws/install/lib PATH=/workspace/foxy_ws/install/bin:${PATH} PKG_CONFIG_PATH=/workspace/foxy_ws/install/lib/x86_64-linux-gnu/pkgconfig:/workspace/foxy_ws/install/lib/pkgconfig PYTHONPATH=/workspace/foxy_ws/install/lib/python3.10/site-packages /usr/bin/cmake /workspace/foxy_ws/src/rosidl/rosidl_generator_cpp -DCMAKE_INSTALL_PREFIX=/workspace/foxy_ws/install
[1.093s] Invoking command in '/workspace/foxy_ws/build/rosidl_generator_cpp': AMENT_PREFIX_PATH=/workspace/foxy_ws/install CMAKE_PREFIX_PATH=/workspace/foxy_ws/install LD_LIBRARY_PATH=/workspace/foxy_ws/install/lib PATH=/workspace/foxy_ws/install/bin:${PATH} PKG_CONFIG_PATH=/workspace/foxy_ws/install/lib/x86_64-linux-gnu/pkgconfig:/workspace/foxy_ws/install/lib/pkgconfig PYTHONPATH=/workspace/foxy_ws/install/lib/python3.10/site-packages /usr/bin/cmake --build /workspace/foxy_ws/build/rosidl_generator_cpp -- -j12 -l12
[1.132s] Scanning dependencies of target rosidl_generator_cpp__cpp
[1.139s] [  5%] Generating C++ code for ROS interfaces
[4.687s] [  5%] Built target rosidl_generator_cpp__cpp
[4.702s] Scanning dependencies of target gtest_main
[4.704s] Scanning dependencies of target gtest
[4.713s] [ 10%] Building CXX object gtest/CMakeFiles/gtest_main.dir/src/gtest_main.cc.o
[4.716s] [ 15%] Building CXX object gtest/CMakeFiles/gtest.dir/src/gtest-all.cc.o
[5.565s] [ 21%] Linking CXX static library libgtest_main.a
[5.596s] [ 21%] Built target gtest_main
[5.608s] Scanning dependencies of target rosidl_generator_cpp
[5.619s] [ 21%] Built target rosidl_generator_cpp
[7.877s] [ 26%] Linking CXX static library libgtest.a
[7.927s] [ 26%] Built target gtest
[7.938s] Scanning dependencies of target test_srv_initialization
[7.939s] Scanning dependencies of target test_msg_builder
[7.945s] [ 36%] Building CXX object CMakeFiles/test_srv_initialization.dir/test/test_srv_initialization.cpp.o
[7.945s] [ 36%] Building CXX object CMakeFiles/test_msg_builder.dir/test/test_msg_builder.cpp.o
[8.709s] [ 42%] Linking CXX executable test_srv_initialization
[8.880s] [ 42%] Built target test_srv_initialization
[8.900s] Scanning dependencies of target test_traits
[8.904s] Scanning dependencies of target test_interfaces_cpp
[8.911s] [ 47%] Building CXX object CMakeFiles/test_traits.dir/test/test_traits.cpp.o
[8.915s] [ 52%] Building CXX object CMakeFiles/test_interfaces_cpp.dir/test/test_interfaces.cpp.o
[9.973s] [ 57%] Linking CXX executable test_traits
[10.322s] [ 57%] Built target test_traits
[10.357s] Scanning dependencies of target test_name
[10.372s] [ 63%] Building CXX object CMakeFiles/test_name.dir/test/test_name.cpp.o
[10.423s] Scanning dependencies of target test_msg_datatype
[10.487s] [ 68%] Building CXX object CMakeFiles/test_msg_datatype.dir/test/test_msg_datatype.cpp.o
[12.081s] [ 73%] Linking CXX executable test_msg_builder
[12.541s] [ 78%] Linking CXX executable test_name
[12.546s] [ 84%] Linking CXX executable test_msg_datatype
[12.914s] [ 84%] Built target test_msg_builder
[12.974s] [ 84%] Built target test_name
[12.997s] Scanning dependencies of target test_msg_initialization
[13.039s] [ 84%] Built target test_msg_datatype
[13.051s] [ 89%] Building CXX object CMakeFiles/test_msg_initialization.dir/test/test_msg_initialization.cpp.o
[15.544s] [ 94%] Linking CXX executable test_interfaces_cpp
[15.814s] [ 94%] Built target test_interfaces_cpp
[15.867s] [100%] Linking CXX executable test_msg_initialization
[16.063s] [100%] Built target test_msg_initialization
[16.098s] Invoked command in '/workspace/foxy_ws/build/rosidl_generator_cpp' returned '0': AMENT_PREFIX_PATH=/workspace/foxy_ws/install CMAKE_PREFIX_PATH=/workspace/foxy_ws/install LD_LIBRARY_PATH=/workspace/foxy_ws/install/lib PATH=/workspace/foxy_ws/install/bin:${PATH} PKG_CONFIG_PATH=/workspace/foxy_ws/install/lib/x86_64-linux-gnu/pkgconfig:/workspace/foxy_ws/install/lib/pkgconfig PYTHONPATH=/workspace/foxy_ws/install/lib/python3.10/site-packages /usr/bin/cmake --build /workspace/foxy_ws/build/rosidl_generator_cpp -- -j12 -l12
[16.141s] Invoking command in '/workspace/foxy_ws/build/rosidl_generator_cpp': AMENT_PREFIX_PATH=/workspace/foxy_ws/install CMAKE_PREFIX_PATH=/workspace/foxy_ws/install LD_LIBRARY_PATH=/workspace/foxy_ws/install/lib PATH=/workspace/foxy_ws/install/bin:${PATH} PKG_CONFIG_PATH=/workspace/foxy_ws/install/lib/x86_64-linux-gnu/pkgconfig:/workspace/foxy_ws/install/lib/pkgconfig PYTHONPATH=/workspace/foxy_ws/install/lib/python3.10/site-packages /usr/bin/cmake --install /workspace/foxy_ws/build/rosidl_generator_cpp
[16.149s] -- Install configuration: ""
[16.149s] -- Installing: /workspace/foxy_ws/install/share/ament_index/resource_index/rosidl_generator_packages/rosidl_generator_cpp
[16.149s] -- Installing: /workspace/foxy_ws/install/share/rosidl_generator_cpp/environment/pythonpath.sh
[16.149s] -- Installing: /workspace/foxy_ws/install/share/rosidl_generator_cpp/environment/pythonpath.dsv
[16.150s] -- Installing: /workspace/foxy_ws/install/lib/python3.10/site-packages/rosidl_generator_cpp
[16.150s] -- Installing: /workspace/foxy_ws/install/lib/python3.10/site-packages/rosidl_generator_cpp/__init__.py
[16.185s] Listing '/workspace/foxy_ws/install/lib/python3.10/site-packages/rosidl_generator_cpp'...
[16.185s] Compiling '/workspace/foxy_ws/install/lib/python3.10/site-packages/rosidl_generator_cpp/__init__.py'...
[16.193s] -- Installing: /workspace/foxy_ws/install/share/ament_index/resource_index/package_run_dependencies/rosidl_generator_cpp
[16.193s] -- Installing: /workspace/foxy_ws/install/share/ament_index/resource_index/parent_prefix_path/rosidl_generator_cpp
[16.193s] -- Installing: /workspace/foxy_ws/install/share/rosidl_generator_cpp/environment/ament_prefix_path.sh
[16.194s] -- Installing: /workspace/foxy_ws/install/share/rosidl_generator_cpp/environment/ament_prefix_path.dsv
[16.194s] -- Installing: /workspace/foxy_ws/install/share/rosidl_generator_cpp/environment/path.sh
[16.194s] -- Installing: /workspace/foxy_ws/install/share/rosidl_generator_cpp/environment/path.dsv
[16.194s] -- Installing: /workspace/foxy_ws/install/share/rosidl_generator_cpp/local_setup.bash
[16.194s] -- Installing: /workspace/foxy_ws/install/share/rosidl_generator_cpp/local_setup.sh
[16.194s] -- Installing: /workspace/foxy_ws/install/share/rosidl_generator_cpp/local_setup.zsh
[16.194s] -- Installing: /workspace/foxy_ws/install/share/rosidl_generator_cpp/local_setup.dsv
[16.194s] -- Installing: /workspace/foxy_ws/install/share/rosidl_generator_cpp/package.dsv
[16.194s] -- Installing: /workspace/foxy_ws/install/share/ament_index/resource_index/packages/rosidl_generator_cpp
[16.195s] -- Installing: /workspace/foxy_ws/install/share/rosidl_generator_cpp/cmake/rosidl_generator_cpp-extras.cmake
[16.195s] -- Installing: /workspace/foxy_ws/install/share/rosidl_generator_cpp/cmake/ament_cmake_export_dependencies-extras.cmake
[16.195s] -- Installing: /workspace/foxy_ws/install/share/rosidl_generator_cpp/cmake/rosidl_cmake-extras.cmake
[16.195s] -- Installing: /workspace/foxy_ws/install/share/rosidl_generator_cpp/cmake/rosidl_generator_cppConfig.cmake
[16.195s] -- Installing: /workspace/foxy_ws/install/share/rosidl_generator_cpp/cmake/rosidl_generator_cppConfig-version.cmake
[16.195s] -- Installing: /workspace/foxy_ws/install/share/rosidl_generator_cpp/package.xml
[16.195s] -- Installing: /workspace/foxy_ws/install/lib/rosidl_generator_cpp/rosidl_generator_cpp
[16.195s] -- Up-to-date: /workspace/foxy_ws/install/share/rosidl_generator_cpp/cmake
[16.195s] -- Installing: /workspace/foxy_ws/install/share/rosidl_generator_cpp/cmake/register_cpp.cmake
[16.195s] -- Installing: /workspace/foxy_ws/install/share/rosidl_generator_cpp/cmake/rosidl_generator_cpp_generate_interfaces.cmake
[16.196s] -- Installing: /workspace/foxy_ws/install/share/rosidl_generator_cpp/resource
[16.196s] -- Installing: /workspace/foxy_ws/install/share/rosidl_generator_cpp/resource/msg__traits.hpp.em
[16.196s] -- Installing: /workspace/foxy_ws/install/share/rosidl_generator_cpp/resource/idl__builder.hpp.em
[16.196s] -- Installing: /workspace/foxy_ws/install/share/rosidl_generator_cpp/resource/action__builder.hpp.em
[16.196s] -- Installing: /workspace/foxy_ws/install/share/rosidl_generator_cpp/resource/action__type_support.hpp.em
[16.196s] -- Installing: /workspace/foxy_ws/install/share/rosidl_generator_cpp/resource/srv__traits.hpp.em
[16.197s] -- Installing: /workspace/foxy_ws/install/share/rosidl_generator_cpp/resource/idl__type_support.hpp.em
[16.197s] -- Installing: /workspace/foxy_ws/install/share/rosidl_generator_cpp/resource/rosidl_generator_cpp__visibility_control.hpp.in
[16.197s] -- Installing: /workspace/foxy_ws/install/share/rosidl_generator_cpp/resource/action__traits.hpp.em
[16.197s] -- Installing: /workspace/foxy_ws/install/share/rosidl_generator_cpp/resource/idl__struct.hpp.em
[16.197s] -- Installing: /workspace/foxy_ws/install/share/rosidl_generator_cpp/resource/idl__traits.hpp.em
[16.197s] -- Installing: /workspace/foxy_ws/install/share/rosidl_generator_cpp/resource/msg__type_support.hpp.em
[16.197s] -- Installing: /workspace/foxy_ws/install/share/rosidl_generator_cpp/resource/srv__struct.hpp.em
[16.197s] -- Installing: /workspace/foxy_ws/install/share/rosidl_generator_cpp/resource/srv__builder.hpp.em
[16.198s] -- Installing: /workspace/foxy_ws/install/share/rosidl_generator_cpp/resource/msg__builder.hpp.em
[16.198s] -- Installing: /workspace/foxy_ws/install/share/rosidl_generator_cpp/resource/srv__type_support.hpp.em
[16.198s] -- Installing: /workspace/foxy_ws/install/share/rosidl_generator_cpp/resource/msg__struct.hpp.em
[16.198s] -- Installing: /workspace/foxy_ws/install/share/rosidl_generator_cpp/resource/idl.hpp.em
[16.198s] -- Installing: /workspace/foxy_ws/install/share/rosidl_generator_cpp/resource/action__struct.hpp.em
[16.201s] Invoked command in '/workspace/foxy_ws/build/rosidl_generator_cpp' returned '0': AMENT_PREFIX_PATH=/workspace/foxy_ws/install CMAKE_PREFIX_PATH=/workspace/foxy_ws/install LD_LIBRARY_PATH=/workspace/foxy_ws/install/lib PATH=/workspace/foxy_ws/install/bin:${PATH} PKG_CONFIG_PATH=/workspace/foxy_ws/install/lib/x86_64-linux-gnu/pkgconfig:/workspace/foxy_ws/install/lib/pkgconfig PYTHONPATH=/workspace/foxy_ws/install/lib/python3.10/site-packages /usr/bin/cmake --install /workspace/foxy_ws/build/rosidl_generator_cpp
