-- The C compiler identification is GNU 9.4.0
-- The CXX compiler identification is GNU 9.4.0
-- Check for working C compiler: /usr/bin/cc
-- Check for working C compiler: /usr/bin/cc -- works
-- Detecting C compiler ABI info
-- Detecting C compiler ABI info - done
-- Detecting C compile features
-- Detecting C compile features - done
-- Check for working CXX compiler: /usr/bin/c++
-- Check for working CXX compiler: /usr/bin/c++ -- works
-- Detecting CXX compiler ABI info
-- Detecting CXX compiler ABI info - done
-- Detecting CXX compile features
-- Detecting CXX compile features - done
-- Found ament_cmake: 0.9.12 (/workspace/foxy_ws/install/share/ament_cmake/cmake)
-- Found PythonInterp: /usr/bin/python3 (found suitable version "3.10.14", minimum required is "3") 
-- Using PYTHON_EXECUTABLE: /usr/bin/python3
-- Found rcl: 1.1.14 (/workspace/foxy_ws/install/share/rcl/cmake)
-- Using all available rosidl_typesupport_c: rosidl_typesupport_fastrtps_c;rosidl_typesupport_introspection_c
-- Found rosidl_adapter: 1.3.1 (/workspace/foxy_ws/install/share/rosidl_adapter/cmake)
-- Found OpenSSL: /usr/lib/x86_64-linux-gnu/libcrypto.so (found version "1.1.1f")  
-- Found FastRTPS: /workspace/foxy_ws/install/include  
-- Using all available rosidl_typesupport_cpp: rosidl_typesupport_fastrtps_cpp;rosidl_typesupport_introspection_cpp
-- Found rmw_implementation_cmake: 1.0.4 (/workspace/foxy_ws/install/share/rmw_implementation_cmake/cmake)
-- Using RMW implementation 'rmw_fastrtps_cpp' as default
-- Looking for pthread.h
-- Looking for pthread.h - found
-- Performing Test CMAKE_HAVE_LIBC_PTHREAD
-- Performing Test CMAKE_HAVE_LIBC_PTHREAD - Failed
-- Looking for pthread_create in pthreads
-- Looking for pthread_create in pthreads - not found
-- Looking for pthread_create in pthread
-- Looking for pthread_create in pthread - found
-- Found Threads: TRUE  
-- Found rcl_action: 1.1.14 (/workspace/foxy_ws/install/share/rcl_action/cmake)
-- Found python_cmake_module: 0.8.1 (/workspace/foxy_ws/install/share/python_cmake_module/cmake)
-- Found PythonInterp: /usr/bin/python3 (found suitable version "3.10.14", minimum required is "3.5") 
-- Found PythonLibs: /usr/lib/x86_64-linux-gnu/libpython3.10.so (found suitable version "3.10.14", minimum required is "3.5") 
-- Using PYTHON_EXECUTABLE: /usr/bin/python3
-- Using PYTHON_INCLUDE_DIRS: /usr/include/python3.10
-- Using PYTHON_LIBRARIES: /usr/lib/x86_64-linux-gnu/libpython3.10.so
-- Found PythonExtra: .so  
-- Found ament_lint_auto: 0.9.8 (/workspace/foxy_ws/install/share/ament_lint_auto/cmake)
-- Found gtest sources under '/workspace/foxy_ws/install/src/gtest_vendor': C++ tests using 'Google Test' will be built
-- Check if compiler accepts -pthread
-- Check if compiler accepts -pthread - yes
-- Added test 'copyright' to check source files copyright and LICENSE
-- Added test 'cppcheck' to perform static code analysis on C / C++ code
-- Configured cppcheck include dirs: /workspace/foxy_ws/src/rclpy/src/rclpy_common/include
-- Configured cppcheck exclude dirs and/or files: 
-- Added test 'cpplint' to check C / C++ code against the Google style
-- Configured cpplint exclude dirs and/or files: 
-- Added test 'flake8' to check Python code syntax and style conventions
-- Added test 'lint_cmake' to check CMake code style
-- Added test 'pep257' to check Python code against some of the style conventions in PEP 257
-- Added test 'uncrustify' to check C / C++ code style
-- Configured uncrustify additional arguments: 
-- Added test 'xmllint' to check XML markup files
-- Configuring done
-- Generating done
-- Build files have been written to: /workspace/foxy_ws/build/rclpy
Scanning dependencies of target gtest_main
Scanning dependencies of target rclpy_pycapsule
Scanning dependencies of target rclpy_logging
Scanning dependencies of target gtest
Scanning dependencies of target rclpy_common
[  4%] Building CXX object gtest/CMakeFiles/gtest_main.dir/src/gtest_main.cc.o
[  8%] Building C object CMakeFiles/rclpy_pycapsule.dir/src/rclpy/_rclpy_pycapsule.c.o
[ 12%] Building C object CMakeFiles/rclpy_logging.dir/src/rclpy/_rclpy_logging.c.o
[ 16%] Building CXX object gtest/CMakeFiles/gtest.dir/src/gtest-all.cc.o
[ 20%] Building C object CMakeFiles/rclpy_common.dir/src/rclpy_common/src/handle.c.o
[ 25%] Building C object CMakeFiles/rclpy_common.dir/src/rclpy_common/src/common.c.o
[ 29%] Linking C shared library test_rclpy/_rclpy_logging.cpython-310-x86_64-linux-gnu.so
[ 33%] Linking C shared library librclpy_common.so
[ 37%] Linking C shared library test_rclpy/_rclpy_pycapsule.cpython-310-x86_64-linux-gnu.so
[ 37%] Built target rclpy_logging
[ 37%] Built target rclpy_common
[ 37%] Built target rclpy_pycapsule
Scanning dependencies of target rclpy_signal_handler
Scanning dependencies of target rclpy_handle
Scanning dependencies of target rclpy_action
Scanning dependencies of target rclpy
[ 41%] Building C object CMakeFiles/rclpy_signal_handler.dir/src/rclpy/_rclpy_signal_handler.c.o
[ 50%] Building C object CMakeFiles/rclpy_handle.dir/src/rclpy/_rclpy_handle.c.o
[ 50%] Building C object CMakeFiles/rclpy_action.dir/src/rclpy/_rclpy_action.c.o
[ 54%] Building CXX object CMakeFiles/rclpy.dir/src/rclpy/detail/execute_with_logging_mutex.cpp.o
[ 58%] Building C object CMakeFiles/rclpy.dir/src/rclpy/_rclpy.c.o
[ 66%] Building CXX object CMakeFiles/rclpy.dir/src/rclpy/detail/logging_mutex.cpp.o
[ 66%] Building CXX object CMakeFiles/rclpy.dir/src/rclpy/detail/thread_safe_logging_output_handler.cpp.o
[ 70%] Linking C shared library test_rclpy/_rclpy_handle.cpython-310-x86_64-linux-gnu.so
[ 70%] Built target rclpy_handle
[ 75%] Linking C shared library test_rclpy/_rclpy_signal_handler.cpython-310-x86_64-linux-gnu.so
[ 75%] Built target rclpy_signal_handler
[ 79%] Linking C shared library test_rclpy/_rclpy_action.cpython-310-x86_64-linux-gnu.so
[ 79%] Built target rclpy_action
[ 83%] Linking CXX shared library test_rclpy/_rclpy.cpython-310-x86_64-linux-gnu.so
[ 83%] Built target rclpy
[ 87%] Linking CXX static library libgtest_main.a
[ 87%] Built target gtest_main
[ 91%] Linking CXX static library libgtest.a
[ 91%] Built target gtest
Scanning dependencies of target test_c_handle
[ 95%] Building CXX object CMakeFiles/test_c_handle.dir/src/test/rclpy_common/test_handle.cpp.o
[100%] Linking CXX executable test_c_handle
[100%] Built target test_c_handle
-- Install configuration: ""
-- Installing: /workspace/foxy_ws/install/share/rclpy/environment/pythonpath.sh
-- Installing: /workspace/foxy_ws/install/share/rclpy/environment/pythonpath.dsv
-- Installing: /workspace/foxy_ws/install/lib/python3.10/site-packages/rclpy
-- Installing: /workspace/foxy_ws/install/lib/python3.10/site-packages/rclpy/waitable.py
-- Installing: /workspace/foxy_ws/install/lib/python3.10/site-packages/rclpy/context.py
-- Installing: /workspace/foxy_ws/install/lib/python3.10/site-packages/rclpy/parameter.py
-- Installing: /workspace/foxy_ws/install/lib/python3.10/site-packages/rclpy/duration.py
-- Installing: /workspace/foxy_ws/install/lib/python3.10/site-packages/rclpy/constants.py
-- Installing: /workspace/foxy_ws/install/lib/python3.10/site-packages/rclpy/serialization.py
-- Installing: /workspace/foxy_ws/install/lib/python3.10/site-packages/rclpy/logging.py
-- Installing: /workspace/foxy_ws/install/lib/python3.10/site-packages/rclpy/validate_full_topic_name.py
-- Installing: /workspace/foxy_ws/install/lib/python3.10/site-packages/rclpy/time.py
-- Installing: /workspace/foxy_ws/install/lib/python3.10/site-packages/rclpy/clock.py
-- Installing: /workspace/foxy_ws/install/lib/python3.10/site-packages/rclpy/guard_condition.py
-- Installing: /workspace/foxy_ws/install/lib/python3.10/site-packages/rclpy/type_support.py
-- Installing: /workspace/foxy_ws/install/lib/python3.10/site-packages/rclpy/callback_groups.py
-- Installing: /workspace/foxy_ws/install/lib/python3.10/site-packages/rclpy/qos_event.py
-- Installing: /workspace/foxy_ws/install/lib/python3.10/site-packages/rclpy/service.py
-- Installing: /workspace/foxy_ws/install/lib/python3.10/site-packages/rclpy/topic_endpoint_info.py
-- Installing: /workspace/foxy_ws/install/lib/python3.10/site-packages/rclpy/handle.py
-- Installing: /workspace/foxy_ws/install/lib/python3.10/site-packages/rclpy/action
-- Installing: /workspace/foxy_ws/install/lib/python3.10/site-packages/rclpy/action/server.py
-- Installing: /workspace/foxy_ws/install/lib/python3.10/site-packages/rclpy/action/graph.py
-- Installing: /workspace/foxy_ws/install/lib/python3.10/site-packages/rclpy/action/__init__.py
-- Installing: /workspace/foxy_ws/install/lib/python3.10/site-packages/rclpy/action/client.py
-- Installing: /workspace/foxy_ws/install/lib/python3.10/site-packages/rclpy/exceptions.py
-- Installing: /workspace/foxy_ws/install/lib/python3.10/site-packages/rclpy/executors.py
-- Installing: /workspace/foxy_ws/install/lib/python3.10/site-packages/rclpy/timer.py
-- Installing: /workspace/foxy_ws/install/lib/python3.10/site-packages/rclpy/signals.py
-- Installing: /workspace/foxy_ws/install/lib/python3.10/site-packages/rclpy/time_source.py
-- Installing: /workspace/foxy_ws/install/lib/python3.10/site-packages/rclpy/expand_topic_name.py
-- Installing: /workspace/foxy_ws/install/lib/python3.10/site-packages/rclpy/qos.py
-- Installing: /workspace/foxy_ws/install/lib/python3.10/site-packages/rclpy/validate_namespace.py
-- Installing: /workspace/foxy_ws/install/lib/python3.10/site-packages/rclpy/validate_node_name.py
-- Installing: /workspace/foxy_ws/install/lib/python3.10/site-packages/rclpy/topic_or_service_is_hidden.py
-- Installing: /workspace/foxy_ws/install/lib/python3.10/site-packages/rclpy/impl
-- Installing: /workspace/foxy_ws/install/lib/python3.10/site-packages/rclpy/impl/implementation_singleton.py
-- Installing: /workspace/foxy_ws/install/lib/python3.10/site-packages/rclpy/impl/__init__.py
-- Installing: /workspace/foxy_ws/install/lib/python3.10/site-packages/rclpy/impl/rcutils_logger.py
-- Installing: /workspace/foxy_ws/install/lib/python3.10/site-packages/rclpy/subscription.py
-- Installing: /workspace/foxy_ws/install/lib/python3.10/site-packages/rclpy/__init__.py
-- Installing: /workspace/foxy_ws/install/lib/python3.10/site-packages/rclpy/validate_parameter_name.py
-- Installing: /workspace/foxy_ws/install/lib/python3.10/site-packages/rclpy/client.py
-- Installing: /workspace/foxy_ws/install/lib/python3.10/site-packages/rclpy/utilities.py
-- Installing: /workspace/foxy_ws/install/lib/python3.10/site-packages/rclpy/parameter_service.py
-- Installing: /workspace/foxy_ws/install/lib/python3.10/site-packages/rclpy/task.py
-- Installing: /workspace/foxy_ws/install/lib/python3.10/site-packages/rclpy/publisher.py
-- Installing: /workspace/foxy_ws/install/lib/python3.10/site-packages/rclpy/validate_topic_name.py
-- Installing: /workspace/foxy_ws/install/lib/python3.10/site-packages/rclpy/node.py
Listing '/workspace/foxy_ws/install/lib/python3.10/site-packages/rclpy'...
Compiling '/workspace/foxy_ws/install/lib/python3.10/site-packages/rclpy/__init__.py'...
Listing '/workspace/foxy_ws/install/lib/python3.10/site-packages/rclpy/action'...
Compiling '/workspace/foxy_ws/install/lib/python3.10/site-packages/rclpy/action/__init__.py'...
Compiling '/workspace/foxy_ws/install/lib/python3.10/site-packages/rclpy/action/client.py'...
Compiling '/workspace/foxy_ws/install/lib/python3.10/site-packages/rclpy/action/graph.py'...
Compiling '/workspace/foxy_ws/install/lib/python3.10/site-packages/rclpy/action/server.py'...
Compiling '/workspace/foxy_ws/install/lib/python3.10/site-packages/rclpy/callback_groups.py'...
Compiling '/workspace/foxy_ws/install/lib/python3.10/site-packages/rclpy/client.py'...
Compiling '/workspace/foxy_ws/install/lib/python3.10/site-packages/rclpy/clock.py'...
Compiling '/workspace/foxy_ws/install/lib/python3.10/site-packages/rclpy/constants.py'...
Compiling '/workspace/foxy_ws/install/lib/python3.10/site-packages/rclpy/context.py'...
Compiling '/workspace/foxy_ws/install/lib/python3.10/site-packages/rclpy/duration.py'...
Compiling '/workspace/foxy_ws/install/lib/python3.10/site-packages/rclpy/exceptions.py'...
Compiling '/workspace/foxy_ws/install/lib/python3.10/site-packages/rclpy/executors.py'...
Compiling '/workspace/foxy_ws/install/lib/python3.10/site-packages/rclpy/expand_topic_name.py'...
Compiling '/workspace/foxy_ws/install/lib/python3.10/site-packages/rclpy/guard_condition.py'...
Compiling '/workspace/foxy_ws/install/lib/python3.10/site-packages/rclpy/handle.py'...
Listing '/workspace/foxy_ws/install/lib/python3.10/site-packages/rclpy/impl'...
Compiling '/workspace/foxy_ws/install/lib/python3.10/site-packages/rclpy/impl/__init__.py'...
Compiling '/workspace/foxy_ws/install/lib/python3.10/site-packages/rclpy/impl/implementation_singleton.py'...
Compiling '/workspace/foxy_ws/install/lib/python3.10/site-packages/rclpy/impl/rcutils_logger.py'...
Compiling '/workspace/foxy_ws/install/lib/python3.10/site-packages/rclpy/logging.py'...
Compiling '/workspace/foxy_ws/install/lib/python3.10/site-packages/rclpy/node.py'...
Compiling '/workspace/foxy_ws/install/lib/python3.10/site-packages/rclpy/parameter.py'...
Compiling '/workspace/foxy_ws/install/lib/python3.10/site-packages/rclpy/parameter_service.py'...
Compiling '/workspace/foxy_ws/install/lib/python3.10/site-packages/rclpy/publisher.py'...
Compiling '/workspace/foxy_ws/install/lib/python3.10/site-packages/rclpy/qos.py'...
Compiling '/workspace/foxy_ws/install/lib/python3.10/site-packages/rclpy/qos_event.py'...
Compiling '/workspace/foxy_ws/install/lib/python3.10/site-packages/rclpy/serialization.py'...
Compiling '/workspace/foxy_ws/install/lib/python3.10/site-packages/rclpy/service.py'...
Compiling '/workspace/foxy_ws/install/lib/python3.10/site-packages/rclpy/signals.py'...
Compiling '/workspace/foxy_ws/install/lib/python3.10/site-packages/rclpy/subscription.py'...
Compiling '/workspace/foxy_ws/install/lib/python3.10/site-packages/rclpy/task.py'...
Compiling '/workspace/foxy_ws/install/lib/python3.10/site-packages/rclpy/time.py'...
Compiling '/workspace/foxy_ws/install/lib/python3.10/site-packages/rclpy/time_source.py'...
Compiling '/workspace/foxy_ws/install/lib/python3.10/site-packages/rclpy/timer.py'...
Compiling '/workspace/foxy_ws/install/lib/python3.10/site-packages/rclpy/topic_endpoint_info.py'...
Compiling '/workspace/foxy_ws/install/lib/python3.10/site-packages/rclpy/topic_or_service_is_hidden.py'...
Compiling '/workspace/foxy_ws/install/lib/python3.10/site-packages/rclpy/type_support.py'...
Compiling '/workspace/foxy_ws/install/lib/python3.10/site-packages/rclpy/utilities.py'...
Compiling '/workspace/foxy_ws/install/lib/python3.10/site-packages/rclpy/validate_full_topic_name.py'...
Compiling '/workspace/foxy_ws/install/lib/python3.10/site-packages/rclpy/validate_namespace.py'...
Compiling '/workspace/foxy_ws/install/lib/python3.10/site-packages/rclpy/validate_node_name.py'...
Compiling '/workspace/foxy_ws/install/lib/python3.10/site-packages/rclpy/validate_parameter_name.py'...
Compiling '/workspace/foxy_ws/install/lib/python3.10/site-packages/rclpy/validate_topic_name.py'...
Compiling '/workspace/foxy_ws/install/lib/python3.10/site-packages/rclpy/waitable.py'...
-- Installing: /workspace/foxy_ws/install/lib/librclpy_common.so
-- Set runtime path of "/workspace/foxy_ws/install/lib/librclpy_common.so" to ""
-- Installing: /workspace/foxy_ws/install/lib/python3.10/site-packages/rclpy/_rclpy.cpython-310-x86_64-linux-gnu.so
-- Set runtime path of "/workspace/foxy_ws/install/lib/python3.10/site-packages/rclpy/_rclpy.cpython-310-x86_64-linux-gnu.so" to ""
-- Installing: /workspace/foxy_ws/install/lib/python3.10/site-packages/rclpy/_rclpy_action.cpython-310-x86_64-linux-gnu.so
-- Set runtime path of "/workspace/foxy_ws/install/lib/python3.10/site-packages/rclpy/_rclpy_action.cpython-310-x86_64-linux-gnu.so" to ""
-- Installing: /workspace/foxy_ws/install/lib/python3.10/site-packages/rclpy/_rclpy_logging.cpython-310-x86_64-linux-gnu.so
-- Set runtime path of "/workspace/foxy_ws/install/lib/python3.10/site-packages/rclpy/_rclpy_logging.cpython-310-x86_64-linux-gnu.so" to ""
-- Installing: /workspace/foxy_ws/install/lib/python3.10/site-packages/rclpy/_rclpy_signal_handler.cpython-310-x86_64-linux-gnu.so
-- Set runtime path of "/workspace/foxy_ws/install/lib/python3.10/site-packages/rclpy/_rclpy_signal_handler.cpython-310-x86_64-linux-gnu.so" to ""
-- Installing: /workspace/foxy_ws/install/lib/python3.10/site-packages/rclpy/_rclpy_pycapsule.cpython-310-x86_64-linux-gnu.so
-- Installing: /workspace/foxy_ws/install/lib/python3.10/site-packages/rclpy/_rclpy_handle.cpython-310-x86_64-linux-gnu.so
-- Set runtime path of "/workspace/foxy_ws/install/lib/python3.10/site-packages/rclpy/_rclpy_handle.cpython-310-x86_64-linux-gnu.so" to ""
-- Installing: /workspace/foxy_ws/install/share/rclpy/environment/library_path.sh
-- Installing: /workspace/foxy_ws/install/share/rclpy/environment/library_path.dsv
-- Installing: /workspace/foxy_ws/install/share/ament_index/resource_index/package_run_dependencies/rclpy
-- Installing: /workspace/foxy_ws/install/share/ament_index/resource_index/parent_prefix_path/rclpy
-- Installing: /workspace/foxy_ws/install/share/rclpy/environment/ament_prefix_path.sh
-- Installing: /workspace/foxy_ws/install/share/rclpy/environment/ament_prefix_path.dsv
-- Installing: /workspace/foxy_ws/install/share/rclpy/environment/path.sh
-- Installing: /workspace/foxy_ws/install/share/rclpy/environment/path.dsv
-- Installing: /workspace/foxy_ws/install/share/rclpy/local_setup.bash
-- Installing: /workspace/foxy_ws/install/share/rclpy/local_setup.sh
-- Installing: /workspace/foxy_ws/install/share/rclpy/local_setup.zsh
-- Installing: /workspace/foxy_ws/install/share/rclpy/local_setup.dsv
-- Installing: /workspace/foxy_ws/install/share/rclpy/package.dsv
-- Installing: /workspace/foxy_ws/install/share/ament_index/resource_index/packages/rclpy
-- Installing: /workspace/foxy_ws/install/share/rclpy/cmake/rclpyConfig.cmake
-- Installing: /workspace/foxy_ws/install/share/rclpy/cmake/rclpyConfig-version.cmake
-- Installing: /workspace/foxy_ws/install/share/rclpy/package.xml
