[0.172s] Invoking command in '/workspace/foxy_ws/build/rclpy': AMENT_PREFIX_PATH=/workspace/foxy_ws/install CMAKE_PREFIX_PATH=/workspace/foxy_ws/install LD_LIBRARY_PATH=/workspace/foxy_ws/install/lib PATH=/workspace/foxy_ws/install/bin:${PATH} PKG_CONFIG_PATH=/workspace/foxy_ws/install/lib/x86_64-linux-gnu/pkgconfig:/workspace/foxy_ws/install/lib/pkgconfig PYTHONPATH=/workspace/foxy_ws/install/lib/python3.10/site-packages /usr/bin/cmake /workspace/foxy_ws/src/rclpy -DCMAKE_INSTALL_PREFIX=/workspace/foxy_ws/install
[0.217s] -- The C compiler identification is GNU 9.4.0
[0.258s] -- The CXX compiler identification is GNU 9.4.0
[0.261s] -- Check for working C compiler: /usr/bin/cc
[0.310s] -- Check for working C compiler: /usr/bin/cc -- works
[0.311s] -- Detecting C compiler ABI info
[0.361s] -- Detecting C compiler ABI info - done
[0.371s] -- Detecting C compile features
[0.371s] -- Detecting C compile features - done
[0.373s] -- Check for working CXX compiler: /usr/bin/c++
[0.428s] -- Check for working CXX compiler: /usr/bin/c++ -- works
[0.429s] -- Detecting CXX compiler ABI info
[0.489s] -- Detecting CXX compiler ABI info - done
[0.499s] -- Detecting CXX compile features
[0.499s] -- Detecting CXX compile features - done
[0.501s] -- Found ament_cmake: 0.9.12 (/workspace/foxy_ws/install/share/ament_cmake/cmake)
[0.516s] -- Found PythonInterp: /usr/bin/python3 (found suitable version "3.10.14", minimum required is "3") 
[0.516s] -- Using PYTHON_EXECUTABLE: /usr/bin/python3
[0.646s] -- Found rcl: 1.1.14 (/workspace/foxy_ws/install/share/rcl/cmake)
[0.661s] -- Using all available rosidl_typesupport_c: rosidl_typesupport_fastrtps_c;rosidl_typesupport_introspection_c
[0.665s] -- Found rosidl_adapter: 1.3.1 (/workspace/foxy_ws/install/share/rosidl_adapter/cmake)
[0.678s] -- Found OpenSSL: /usr/lib/x86_64-linux-gnu/libcrypto.so (found version "1.1.1f")  
[0.688s] -- Found FastRTPS: /workspace/foxy_ws/install/include  
[0.727s] -- Using all available rosidl_typesupport_cpp: rosidl_typesupport_fastrtps_cpp;rosidl_typesupport_introspection_cpp
[0.765s] -- Found rmw_implementation_cmake: 1.0.4 (/workspace/foxy_ws/install/share/rmw_implementation_cmake/cmake)
[0.766s] -- Using RMW implementation 'rmw_fastrtps_cpp' as default
[0.767s] -- Looking for pthread.h
[0.820s] -- Looking for pthread.h - found
[0.820s] -- Performing Test CMAKE_HAVE_LIBC_PTHREAD
[0.879s] -- Performing Test CMAKE_HAVE_LIBC_PTHREAD - Failed
[0.879s] -- Looking for pthread_create in pthreads
[0.920s] -- Looking for pthread_create in pthreads - not found
[0.920s] -- Looking for pthread_create in pthread
[0.971s] -- Looking for pthread_create in pthread - found
[0.971s] -- Found Threads: TRUE  
[0.983s] -- Found rcl_action: 1.1.14 (/workspace/foxy_ws/install/share/rcl_action/cmake)
[1.029s] -- Found python_cmake_module: 0.8.1 (/workspace/foxy_ws/install/share/python_cmake_module/cmake)
[1.042s] -- Found PythonInterp: /usr/bin/python3 (found suitable version "3.10.14", minimum required is "3.5") 
[1.045s] -- Found PythonLibs: /usr/lib/x86_64-linux-gnu/libpython3.10.so (found suitable version "3.10.14", minimum required is "3.5") 
[1.045s] -- Using PYTHON_EXECUTABLE: /usr/bin/python3
[1.045s] -- Using PYTHON_INCLUDE_DIRS: /usr/include/python3.10
[1.045s] -- Using PYTHON_LIBRARIES: /usr/lib/x86_64-linux-gnu/libpython3.10.so
[1.058s] -- Found PythonExtra: .so  
[1.072s] <string>:1: DeprecationWarning: The distutils package is deprecated and slated for removal in Python 3.12. Use setuptools or check PEP 632 for potential alternatives
[1.074s] <string>:1: DeprecationWarning: The distutils.sysconfig module is deprecated, use sysconfig instead
[1.085s] -- Found ament_lint_auto: 0.9.8 (/workspace/foxy_ws/install/share/ament_lint_auto/cmake)
[1.205s] -- Found gtest sources under '/workspace/foxy_ws/install/src/gtest_vendor': C++ tests using 'Google Test' will be built
[1.207s] -- Check if compiler accepts -pthread
[1.261s] -- Check if compiler accepts -pthread - yes
[15.230s] -- Added test 'copyright' to check source files copyright and LICENSE
[15.239s] -- Added test 'cppcheck' to perform static code analysis on C / C++ code
[15.239s] -- Configured cppcheck include dirs: /workspace/foxy_ws/src/rclpy/src/rclpy_common/include
[15.239s] -- Configured cppcheck exclude dirs and/or files: 
[15.247s] -- Added test 'cpplint' to check C / C++ code against the Google style
[15.247s] -- Configured cpplint exclude dirs and/or files: 
[15.248s] -- Added test 'flake8' to check Python code syntax and style conventions
[15.250s] -- Added test 'lint_cmake' to check CMake code style
[15.251s] -- Added test 'pep257' to check Python code against some of the style conventions in PEP 257
[15.257s] -- Added test 'uncrustify' to check C / C++ code style
[15.257s] -- Configured uncrustify additional arguments: 
[15.258s] -- Added test 'xmllint' to check XML markup files
[15.261s] -- Configuring done
[15.280s] -- Generating done
[15.282s] -- Build files have been written to: /workspace/foxy_ws/build/rclpy
[15.288s] Invoked command in '/workspace/foxy_ws/build/rclpy' returned '0': AMENT_PREFIX_PATH=/workspace/foxy_ws/install CMAKE_PREFIX_PATH=/workspace/foxy_ws/install LD_LIBRARY_PATH=/workspace/foxy_ws/install/lib PATH=/workspace/foxy_ws/install/bin:${PATH} PKG_CONFIG_PATH=/workspace/foxy_ws/install/lib/x86_64-linux-gnu/pkgconfig:/workspace/foxy_ws/install/lib/pkgconfig PYTHONPATH=/workspace/foxy_ws/install/lib/python3.10/site-packages /usr/bin/cmake /workspace/foxy_ws/src/rclpy -DCMAKE_INSTALL_PREFIX=/workspace/foxy_ws/install
[15.289s] Invoking command in '/workspace/foxy_ws/build/rclpy': AMENT_PREFIX_PATH=/workspace/foxy_ws/install CMAKE_PREFIX_PATH=/workspace/foxy_ws/install LD_LIBRARY_PATH=/workspace/foxy_ws/install/lib PATH=/workspace/foxy_ws/install/bin:${PATH} PKG_CONFIG_PATH=/workspace/foxy_ws/install/lib/x86_64-linux-gnu/pkgconfig:/workspace/foxy_ws/install/lib/pkgconfig PYTHONPATH=/workspace/foxy_ws/install/lib/python3.10/site-packages /usr/bin/cmake --build /workspace/foxy_ws/build/rclpy -- -j12 -l12
[15.323s] Scanning dependencies of target gtest_main
[15.324s] Scanning dependencies of target rclpy_pycapsule
[15.325s] Scanning dependencies of target rclpy_logging
[15.325s] Scanning dependencies of target gtest
[15.329s] Scanning dependencies of target rclpy_common
[15.330s] [  4%] Building CXX object gtest/CMakeFiles/gtest_main.dir/src/gtest_main.cc.o
[15.331s] [  8%] Building C object CMakeFiles/rclpy_pycapsule.dir/src/rclpy/_rclpy_pycapsule.c.o
[15.331s] [ 12%] Building C object CMakeFiles/rclpy_logging.dir/src/rclpy/_rclpy_logging.c.o
[15.332s] [ 16%] Building CXX object gtest/CMakeFiles/gtest.dir/src/gtest-all.cc.o
[15.337s] [ 20%] Building C object CMakeFiles/rclpy_common.dir/src/rclpy_common/src/handle.c.o
[15.337s] [ 25%] Building C object CMakeFiles/rclpy_common.dir/src/rclpy_common/src/common.c.o
[15.400s] [ 29%] Linking C shared library test_rclpy/_rclpy_logging.cpython-310-x86_64-linux-gnu.so
[15.408s] [ 33%] Linking C shared library librclpy_common.so
[15.422s] [ 37%] Linking C shared library test_rclpy/_rclpy_pycapsule.cpython-310-x86_64-linux-gnu.so
[15.427s] [ 37%] Built target rclpy_logging
[15.443s] [ 37%] Built target rclpy_common
[15.446s] [ 37%] Built target rclpy_pycapsule
[15.458s] Scanning dependencies of target rclpy_signal_handler
[15.460s] Scanning dependencies of target rclpy_handle
[15.460s] Scanning dependencies of target rclpy_action
[15.465s] Scanning dependencies of target rclpy
[15.469s] [ 41%] Building C object CMakeFiles/rclpy_signal_handler.dir/src/rclpy/_rclpy_signal_handler.c.o
[15.471s] [ 50%] Building C object CMakeFiles/rclpy_handle.dir/src/rclpy/_rclpy_handle.c.o
[15.471s] [ 50%] Building C object CMakeFiles/rclpy_action.dir/src/rclpy/_rclpy_action.c.o
[15.476s] [ 54%] Building CXX object CMakeFiles/rclpy.dir/src/rclpy/detail/execute_with_logging_mutex.cpp.o
[15.476s] [ 58%] Building C object CMakeFiles/rclpy.dir/src/rclpy/_rclpy.c.o
[15.476s] [ 66%] Building CXX object CMakeFiles/rclpy.dir/src/rclpy/detail/logging_mutex.cpp.o
[15.477s] [ 66%] Building CXX object CMakeFiles/rclpy.dir/src/rclpy/detail/thread_safe_logging_output_handler.cpp.o
[15.546s] [ 70%] Linking C shared library test_rclpy/_rclpy_handle.cpython-310-x86_64-linux-gnu.so
[15.592s] [ 70%] Built target rclpy_handle
[15.601s] [ 75%] Linking C shared library test_rclpy/_rclpy_signal_handler.cpython-310-x86_64-linux-gnu.so
[15.638s] [ 75%] Built target rclpy_signal_handler
[15.696s] [ 79%] Linking C shared library test_rclpy/_rclpy_action.cpython-310-x86_64-linux-gnu.so
[15.736s] [ 79%] Built target rclpy_action
[15.859s] [ 83%] Linking CXX shared library test_rclpy/_rclpy.cpython-310-x86_64-linux-gnu.so
[15.917s] [ 83%] Built target rclpy
[15.974s] [ 87%] Linking CXX static library libgtest_main.a
[15.995s] [ 87%] Built target gtest_main
[17.716s] [ 91%] Linking CXX static library libgtest.a
[17.761s] [ 91%] Built target gtest
[17.776s] Scanning dependencies of target test_c_handle
[17.785s] [ 95%] Building CXX object CMakeFiles/test_c_handle.dir/src/test/rclpy_common/test_handle.cpp.o
[18.417s] [100%] Linking CXX executable test_c_handle
[18.516s] [100%] Built target test_c_handle
[18.523s] Invoked command in '/workspace/foxy_ws/build/rclpy' returned '0': AMENT_PREFIX_PATH=/workspace/foxy_ws/install CMAKE_PREFIX_PATH=/workspace/foxy_ws/install LD_LIBRARY_PATH=/workspace/foxy_ws/install/lib PATH=/workspace/foxy_ws/install/bin:${PATH} PKG_CONFIG_PATH=/workspace/foxy_ws/install/lib/x86_64-linux-gnu/pkgconfig:/workspace/foxy_ws/install/lib/pkgconfig PYTHONPATH=/workspace/foxy_ws/install/lib/python3.10/site-packages /usr/bin/cmake --build /workspace/foxy_ws/build/rclpy -- -j12 -l12
[18.549s] Invoking command in '/workspace/foxy_ws/build/rclpy': AMENT_PREFIX_PATH=/workspace/foxy_ws/install CMAKE_PREFIX_PATH=/workspace/foxy_ws/install LD_LIBRARY_PATH=/workspace/foxy_ws/install/lib PATH=/workspace/foxy_ws/install/bin:${PATH} PKG_CONFIG_PATH=/workspace/foxy_ws/install/lib/x86_64-linux-gnu/pkgconfig:/workspace/foxy_ws/install/lib/pkgconfig PYTHONPATH=/workspace/foxy_ws/install/lib/python3.10/site-packages /usr/bin/cmake --install /workspace/foxy_ws/build/rclpy
[18.555s] -- Install configuration: ""
[18.555s] -- Installing: /workspace/foxy_ws/install/share/rclpy/environment/pythonpath.sh
[18.555s] -- Installing: /workspace/foxy_ws/install/share/rclpy/environment/pythonpath.dsv
[18.555s] -- Installing: /workspace/foxy_ws/install/lib/python3.10/site-packages/rclpy
[18.555s] -- Installing: /workspace/foxy_ws/install/lib/python3.10/site-packages/rclpy/waitable.py
[18.556s] -- Installing: /workspace/foxy_ws/install/lib/python3.10/site-packages/rclpy/context.py
[18.556s] -- Installing: /workspace/foxy_ws/install/lib/python3.10/site-packages/rclpy/parameter.py
[18.556s] -- Installing: /workspace/foxy_ws/install/lib/python3.10/site-packages/rclpy/duration.py
[18.556s] -- Installing: /workspace/foxy_ws/install/lib/python3.10/site-packages/rclpy/constants.py
[18.556s] -- Installing: /workspace/foxy_ws/install/lib/python3.10/site-packages/rclpy/serialization.py
[18.557s] -- Installing: /workspace/foxy_ws/install/lib/python3.10/site-packages/rclpy/logging.py
[18.557s] -- Installing: /workspace/foxy_ws/install/lib/python3.10/site-packages/rclpy/validate_full_topic_name.py
[18.557s] -- Installing: /workspace/foxy_ws/install/lib/python3.10/site-packages/rclpy/time.py
[18.557s] -- Installing: /workspace/foxy_ws/install/lib/python3.10/site-packages/rclpy/clock.py
[18.557s] -- Installing: /workspace/foxy_ws/install/lib/python3.10/site-packages/rclpy/guard_condition.py
[18.558s] -- Installing: /workspace/foxy_ws/install/lib/python3.10/site-packages/rclpy/type_support.py
[18.558s] -- Installing: /workspace/foxy_ws/install/lib/python3.10/site-packages/rclpy/callback_groups.py
[18.558s] -- Installing: /workspace/foxy_ws/install/lib/python3.10/site-packages/rclpy/qos_event.py
[18.558s] -- Installing: /workspace/foxy_ws/install/lib/python3.10/site-packages/rclpy/service.py
[18.559s] -- Installing: /workspace/foxy_ws/install/lib/python3.10/site-packages/rclpy/topic_endpoint_info.py
[18.559s] -- Installing: /workspace/foxy_ws/install/lib/python3.10/site-packages/rclpy/handle.py
[18.559s] -- Installing: /workspace/foxy_ws/install/lib/python3.10/site-packages/rclpy/action
[18.559s] -- Installing: /workspace/foxy_ws/install/lib/python3.10/site-packages/rclpy/action/server.py
[18.559s] -- Installing: /workspace/foxy_ws/install/lib/python3.10/site-packages/rclpy/action/graph.py
[18.559s] -- Installing: /workspace/foxy_ws/install/lib/python3.10/site-packages/rclpy/action/__init__.py
[18.560s] -- Installing: /workspace/foxy_ws/install/lib/python3.10/site-packages/rclpy/action/client.py
[18.560s] -- Installing: /workspace/foxy_ws/install/lib/python3.10/site-packages/rclpy/exceptions.py
[18.560s] -- Installing: /workspace/foxy_ws/install/lib/python3.10/site-packages/rclpy/executors.py
[18.561s] -- Installing: /workspace/foxy_ws/install/lib/python3.10/site-packages/rclpy/timer.py
[18.561s] -- Installing: /workspace/foxy_ws/install/lib/python3.10/site-packages/rclpy/signals.py
[18.561s] -- Installing: /workspace/foxy_ws/install/lib/python3.10/site-packages/rclpy/time_source.py
[18.561s] -- Installing: /workspace/foxy_ws/install/lib/python3.10/site-packages/rclpy/expand_topic_name.py
[18.561s] -- Installing: /workspace/foxy_ws/install/lib/python3.10/site-packages/rclpy/qos.py
[18.561s] -- Installing: /workspace/foxy_ws/install/lib/python3.10/site-packages/rclpy/validate_namespace.py
[18.561s] -- Installing: /workspace/foxy_ws/install/lib/python3.10/site-packages/rclpy/validate_node_name.py
[18.562s] -- Installing: /workspace/foxy_ws/install/lib/python3.10/site-packages/rclpy/topic_or_service_is_hidden.py
[18.562s] -- Installing: /workspace/foxy_ws/install/lib/python3.10/site-packages/rclpy/impl
[18.562s] -- Installing: /workspace/foxy_ws/install/lib/python3.10/site-packages/rclpy/impl/implementation_singleton.py
[18.562s] -- Installing: /workspace/foxy_ws/install/lib/python3.10/site-packages/rclpy/impl/__init__.py
[18.562s] -- Installing: /workspace/foxy_ws/install/lib/python3.10/site-packages/rclpy/impl/rcutils_logger.py
[18.563s] -- Installing: /workspace/foxy_ws/install/lib/python3.10/site-packages/rclpy/subscription.py
[18.563s] -- Installing: /workspace/foxy_ws/install/lib/python3.10/site-packages/rclpy/__init__.py
[18.563s] -- Installing: /workspace/foxy_ws/install/lib/python3.10/site-packages/rclpy/validate_parameter_name.py
[18.563s] -- Installing: /workspace/foxy_ws/install/lib/python3.10/site-packages/rclpy/client.py
[18.563s] -- Installing: /workspace/foxy_ws/install/lib/python3.10/site-packages/rclpy/utilities.py
[18.563s] -- Installing: /workspace/foxy_ws/install/lib/python3.10/site-packages/rclpy/parameter_service.py
[18.564s] -- Installing: /workspace/foxy_ws/install/lib/python3.10/site-packages/rclpy/task.py
[18.564s] -- Installing: /workspace/foxy_ws/install/lib/python3.10/site-packages/rclpy/publisher.py
[18.564s] -- Installing: /workspace/foxy_ws/install/lib/python3.10/site-packages/rclpy/validate_topic_name.py
[18.564s] -- Installing: /workspace/foxy_ws/install/lib/python3.10/site-packages/rclpy/node.py
[18.620s] Listing '/workspace/foxy_ws/install/lib/python3.10/site-packages/rclpy'...
[18.620s] Compiling '/workspace/foxy_ws/install/lib/python3.10/site-packages/rclpy/__init__.py'...
[18.620s] Listing '/workspace/foxy_ws/install/lib/python3.10/site-packages/rclpy/action'...
[18.620s] Compiling '/workspace/foxy_ws/install/lib/python3.10/site-packages/rclpy/action/__init__.py'...
[18.620s] Compiling '/workspace/foxy_ws/install/lib/python3.10/site-packages/rclpy/action/client.py'...
[18.620s] Compiling '/workspace/foxy_ws/install/lib/python3.10/site-packages/rclpy/action/graph.py'...
[18.620s] Compiling '/workspace/foxy_ws/install/lib/python3.10/site-packages/rclpy/action/server.py'...
[18.620s] Compiling '/workspace/foxy_ws/install/lib/python3.10/site-packages/rclpy/callback_groups.py'...
[18.620s] Compiling '/workspace/foxy_ws/install/lib/python3.10/site-packages/rclpy/client.py'...
[18.620s] Compiling '/workspace/foxy_ws/install/lib/python3.10/site-packages/rclpy/clock.py'...
[18.621s] Compiling '/workspace/foxy_ws/install/lib/python3.10/site-packages/rclpy/constants.py'...
[18.621s] Compiling '/workspace/foxy_ws/install/lib/python3.10/site-packages/rclpy/context.py'...
[18.621s] Compiling '/workspace/foxy_ws/install/lib/python3.10/site-packages/rclpy/duration.py'...
[18.621s] Compiling '/workspace/foxy_ws/install/lib/python3.10/site-packages/rclpy/exceptions.py'...
[18.621s] Compiling '/workspace/foxy_ws/install/lib/python3.10/site-packages/rclpy/executors.py'...
[18.621s] Compiling '/workspace/foxy_ws/install/lib/python3.10/site-packages/rclpy/expand_topic_name.py'...
[18.621s] Compiling '/workspace/foxy_ws/install/lib/python3.10/site-packages/rclpy/guard_condition.py'...
[18.621s] Compiling '/workspace/foxy_ws/install/lib/python3.10/site-packages/rclpy/handle.py'...
[18.621s] Listing '/workspace/foxy_ws/install/lib/python3.10/site-packages/rclpy/impl'...
[18.621s] Compiling '/workspace/foxy_ws/install/lib/python3.10/site-packages/rclpy/impl/__init__.py'...
[18.621s] Compiling '/workspace/foxy_ws/install/lib/python3.10/site-packages/rclpy/impl/implementation_singleton.py'...
[18.621s] Compiling '/workspace/foxy_ws/install/lib/python3.10/site-packages/rclpy/impl/rcutils_logger.py'...
[18.621s] Compiling '/workspace/foxy_ws/install/lib/python3.10/site-packages/rclpy/logging.py'...
[18.621s] Compiling '/workspace/foxy_ws/install/lib/python3.10/site-packages/rclpy/node.py'...
[18.621s] Compiling '/workspace/foxy_ws/install/lib/python3.10/site-packages/rclpy/parameter.py'...
[18.621s] Compiling '/workspace/foxy_ws/install/lib/python3.10/site-packages/rclpy/parameter_service.py'...
[18.621s] Compiling '/workspace/foxy_ws/install/lib/python3.10/site-packages/rclpy/publisher.py'...
[18.621s] Compiling '/workspace/foxy_ws/install/lib/python3.10/site-packages/rclpy/qos.py'...
[18.622s] Compiling '/workspace/foxy_ws/install/lib/python3.10/site-packages/rclpy/qos_event.py'...
[18.622s] Compiling '/workspace/foxy_ws/install/lib/python3.10/site-packages/rclpy/serialization.py'...
[18.622s] Compiling '/workspace/foxy_ws/install/lib/python3.10/site-packages/rclpy/service.py'...
[18.622s] Compiling '/workspace/foxy_ws/install/lib/python3.10/site-packages/rclpy/signals.py'...
[18.622s] Compiling '/workspace/foxy_ws/install/lib/python3.10/site-packages/rclpy/subscription.py'...
[18.622s] Compiling '/workspace/foxy_ws/install/lib/python3.10/site-packages/rclpy/task.py'...
[18.622s] Compiling '/workspace/foxy_ws/install/lib/python3.10/site-packages/rclpy/time.py'...
[18.622s] Compiling '/workspace/foxy_ws/install/lib/python3.10/site-packages/rclpy/time_source.py'...
[18.622s] Compiling '/workspace/foxy_ws/install/lib/python3.10/site-packages/rclpy/timer.py'...
[18.622s] Compiling '/workspace/foxy_ws/install/lib/python3.10/site-packages/rclpy/topic_endpoint_info.py'...
[18.622s] Compiling '/workspace/foxy_ws/install/lib/python3.10/site-packages/rclpy/topic_or_service_is_hidden.py'...
[18.622s] Compiling '/workspace/foxy_ws/install/lib/python3.10/site-packages/rclpy/type_support.py'...
[18.622s] Compiling '/workspace/foxy_ws/install/lib/python3.10/site-packages/rclpy/utilities.py'...
[18.622s] Compiling '/workspace/foxy_ws/install/lib/python3.10/site-packages/rclpy/validate_full_topic_name.py'...
[18.622s] Compiling '/workspace/foxy_ws/install/lib/python3.10/site-packages/rclpy/validate_namespace.py'...
[18.622s] Compiling '/workspace/foxy_ws/install/lib/python3.10/site-packages/rclpy/validate_node_name.py'...
[18.622s] Compiling '/workspace/foxy_ws/install/lib/python3.10/site-packages/rclpy/validate_parameter_name.py'...
[18.622s] Compiling '/workspace/foxy_ws/install/lib/python3.10/site-packages/rclpy/validate_topic_name.py'...
[18.623s] Compiling '/workspace/foxy_ws/install/lib/python3.10/site-packages/rclpy/waitable.py'...
[18.623s] -- Installing: /workspace/foxy_ws/install/lib/librclpy_common.so
[18.623s] -- Set runtime path of "/workspace/foxy_ws/install/lib/librclpy_common.so" to ""
[18.624s] -- Installing: /workspace/foxy_ws/install/lib/python3.10/site-packages/rclpy/_rclpy.cpython-310-x86_64-linux-gnu.so
[18.624s] -- Set runtime path of "/workspace/foxy_ws/install/lib/python3.10/site-packages/rclpy/_rclpy.cpython-310-x86_64-linux-gnu.so" to ""
[18.624s] -- Installing: /workspace/foxy_ws/install/lib/python3.10/site-packages/rclpy/_rclpy_action.cpython-310-x86_64-linux-gnu.so
[18.625s] -- Set runtime path of "/workspace/foxy_ws/install/lib/python3.10/site-packages/rclpy/_rclpy_action.cpython-310-x86_64-linux-gnu.so" to ""
[18.625s] -- Installing: /workspace/foxy_ws/install/lib/python3.10/site-packages/rclpy/_rclpy_logging.cpython-310-x86_64-linux-gnu.so
[18.625s] -- Set runtime path of "/workspace/foxy_ws/install/lib/python3.10/site-packages/rclpy/_rclpy_logging.cpython-310-x86_64-linux-gnu.so" to ""
[18.625s] -- Installing: /workspace/foxy_ws/install/lib/python3.10/site-packages/rclpy/_rclpy_signal_handler.cpython-310-x86_64-linux-gnu.so
[18.626s] -- Set runtime path of "/workspace/foxy_ws/install/lib/python3.10/site-packages/rclpy/_rclpy_signal_handler.cpython-310-x86_64-linux-gnu.so" to ""
[18.626s] -- Installing: /workspace/foxy_ws/install/lib/python3.10/site-packages/rclpy/_rclpy_pycapsule.cpython-310-x86_64-linux-gnu.so
[18.626s] -- Installing: /workspace/foxy_ws/install/lib/python3.10/site-packages/rclpy/_rclpy_handle.cpython-310-x86_64-linux-gnu.so
[18.627s] -- Set runtime path of "/workspace/foxy_ws/install/lib/python3.10/site-packages/rclpy/_rclpy_handle.cpython-310-x86_64-linux-gnu.so" to ""
[18.627s] -- Installing: /workspace/foxy_ws/install/share/rclpy/environment/library_path.sh
[18.627s] -- Installing: /workspace/foxy_ws/install/share/rclpy/environment/library_path.dsv
[18.627s] -- Installing: /workspace/foxy_ws/install/share/ament_index/resource_index/package_run_dependencies/rclpy
[18.627s] -- Installing: /workspace/foxy_ws/install/share/ament_index/resource_index/parent_prefix_path/rclpy
[18.627s] -- Installing: /workspace/foxy_ws/install/share/rclpy/environment/ament_prefix_path.sh
[18.628s] -- Installing: /workspace/foxy_ws/install/share/rclpy/environment/ament_prefix_path.dsv
[18.628s] -- Installing: /workspace/foxy_ws/install/share/rclpy/environment/path.sh
[18.628s] -- Installing: /workspace/foxy_ws/install/share/rclpy/environment/path.dsv
[18.628s] -- Installing: /workspace/foxy_ws/install/share/rclpy/local_setup.bash
[18.628s] -- Installing: /workspace/foxy_ws/install/share/rclpy/local_setup.sh
[18.628s] -- Installing: /workspace/foxy_ws/install/share/rclpy/local_setup.zsh
[18.628s] -- Installing: /workspace/foxy_ws/install/share/rclpy/local_setup.dsv
[18.629s] -- Installing: /workspace/foxy_ws/install/share/rclpy/package.dsv
[18.629s] -- Installing: /workspace/foxy_ws/install/share/ament_index/resource_index/packages/rclpy
[18.629s] -- Installing: /workspace/foxy_ws/install/share/rclpy/cmake/rclpyConfig.cmake
[18.629s] -- Installing: /workspace/foxy_ws/install/share/rclpy/cmake/rclpyConfig-version.cmake
[18.629s] -- Installing: /workspace/foxy_ws/install/share/rclpy/package.xml
[18.631s] Invoked command in '/workspace/foxy_ws/build/rclpy' returned '0': AMENT_PREFIX_PATH=/workspace/foxy_ws/install CMAKE_PREFIX_PATH=/workspace/foxy_ws/install LD_LIBRARY_PATH=/workspace/foxy_ws/install/lib PATH=/workspace/foxy_ws/install/bin:${PATH} PKG_CONFIG_PATH=/workspace/foxy_ws/install/lib/x86_64-linux-gnu/pkgconfig:/workspace/foxy_ws/install/lib/pkgconfig PYTHONPATH=/workspace/foxy_ws/install/lib/python3.10/site-packages /usr/bin/cmake --install /workspace/foxy_ws/build/rclpy
