[0.185s] Invoking command in '/workspace/foxy_ws/build/ament_cmake_export_definitions': AMENT_PREFIX_PATH=/workspace/foxy_ws/install CMAKE_PREFIX_PATH=/workspace/foxy_ws/install PATH=/workspace/foxy_ws/install/bin:${PATH} PYTHONPATH=/workspace/foxy_ws/install/lib/python3.10/site-packages /usr/bin/cmake /workspace/foxy_ws/src/ament_cmake/ament_cmake_export_definitions -DCMAKE_INSTALL_PREFIX=/workspace/foxy_ws/install
[0.316s] -- Found ament_cmake_core: 0.9.12 (/workspace/foxy_ws/install/share/ament_cmake_core/cmake)
[0.342s] -- Found PythonInterp: /usr/bin/python3 (found suitable version "3.10.14", minimum required is "3") 
[0.342s] -- Using PYTHON_EXECUTABLE: /usr/bin/python3
[1.072s] -- Configuring done
[1.075s] -- Generating done
[1.076s] -- Build files have been written to: /workspace/foxy_ws/build/ament_cmake_export_definitions
[1.092s] Invoked command in '/workspace/foxy_ws/build/ament_cmake_export_definitions' returned '0': AMENT_PREFIX_PATH=/workspace/foxy_ws/install CMAKE_PREFIX_PATH=/workspace/foxy_ws/install PATH=/workspace/foxy_ws/install/bin:${PATH} PYTHONPATH=/workspace/foxy_ws/install/lib/python3.10/site-packages /usr/bin/cmake /workspace/foxy_ws/src/ament_cmake/ament_cmake_export_definitions -DCMAKE_INSTALL_PREFIX=/workspace/foxy_ws/install
[1.092s] Invoking command in '/workspace/foxy_ws/build/ament_cmake_export_definitions': AMENT_PREFIX_PATH=/workspace/foxy_ws/install CMAKE_PREFIX_PATH=/workspace/foxy_ws/install PATH=/workspace/foxy_ws/install/bin:${PATH} PYTHONPATH=/workspace/foxy_ws/install/lib/python3.10/site-packages /usr/bin/cmake --build /workspace/foxy_ws/build/ament_cmake_export_definitions -- -j12 -l12
[1.337s] Invoked command in '/workspace/foxy_ws/build/ament_cmake_export_definitions' returned '0': AMENT_PREFIX_PATH=/workspace/foxy_ws/install CMAKE_PREFIX_PATH=/workspace/foxy_ws/install PATH=/workspace/foxy_ws/install/bin:${PATH} PYTHONPATH=/workspace/foxy_ws/install/lib/python3.10/site-packages /usr/bin/cmake --build /workspace/foxy_ws/build/ament_cmake_export_definitions -- -j12 -l12
[1.974s] Invoking command in '/workspace/foxy_ws/build/ament_cmake_export_definitions': AMENT_PREFIX_PATH=/workspace/foxy_ws/install CMAKE_PREFIX_PATH=/workspace/foxy_ws/install PATH=/workspace/foxy_ws/install/bin:${PATH} PYTHONPATH=/workspace/foxy_ws/install/lib/python3.10/site-packages /usr/bin/cmake --install /workspace/foxy_ws/build/ament_cmake_export_definitions
[2.031s] -- Install configuration: ""
[2.031s] -- Installing: /workspace/foxy_ws/install/share/ament_index/resource_index/package_run_dependencies/ament_cmake_export_definitions
[2.031s] -- Installing: /workspace/foxy_ws/install/share/ament_index/resource_index/parent_prefix_path/ament_cmake_export_definitions
[2.031s] -- Installing: /workspace/foxy_ws/install/share/ament_cmake_export_definitions/environment/ament_prefix_path.sh
[2.032s] -- Installing: /workspace/foxy_ws/install/share/ament_cmake_export_definitions/environment/ament_prefix_path.dsv
[2.032s] -- Installing: /workspace/foxy_ws/install/share/ament_cmake_export_definitions/environment/path.sh
[2.032s] -- Installing: /workspace/foxy_ws/install/share/ament_cmake_export_definitions/environment/path.dsv
[2.032s] -- Installing: /workspace/foxy_ws/install/share/ament_cmake_export_definitions/local_setup.bash
[2.032s] -- Installing: /workspace/foxy_ws/install/share/ament_cmake_export_definitions/local_setup.sh
[2.032s] -- Installing: /workspace/foxy_ws/install/share/ament_cmake_export_definitions/local_setup.zsh
[2.032s] -- Installing: /workspace/foxy_ws/install/share/ament_cmake_export_definitions/local_setup.dsv
[2.032s] -- Installing: /workspace/foxy_ws/install/share/ament_cmake_export_definitions/package.dsv
[2.032s] -- Installing: /workspace/foxy_ws/install/share/ament_index/resource_index/packages/ament_cmake_export_definitions
[2.032s] -- Installing: /workspace/foxy_ws/install/share/ament_cmake_export_definitions/cmake/ament_cmake_export_definitions-extras.cmake
[2.032s] -- Installing: /workspace/foxy_ws/install/share/ament_cmake_export_definitions/cmake/ament_cmake_export_definitionsConfig.cmake
[2.032s] -- Installing: /workspace/foxy_ws/install/share/ament_cmake_export_definitions/cmake/ament_cmake_export_definitionsConfig-version.cmake
[2.032s] -- Installing: /workspace/foxy_ws/install/share/ament_cmake_export_definitions/package.xml
[2.032s] -- Up-to-date: /workspace/foxy_ws/install/share/ament_cmake_export_definitions/cmake
[2.032s] -- Installing: /workspace/foxy_ws/install/share/ament_cmake_export_definitions/cmake/ament_export_definitions.cmake
[2.032s] -- Installing: /workspace/foxy_ws/install/share/ament_cmake_export_definitions/cmake/ament_cmake_export_definitions-extras.cmake.in
[2.032s] -- Installing: /workspace/foxy_ws/install/share/ament_cmake_export_definitions/cmake/ament_cmake_export_definitions_package_hook.cmake
[2.120s] Invoked command in '/workspace/foxy_ws/build/ament_cmake_export_definitions' returned '0': AMENT_PREFIX_PATH=/workspace/foxy_ws/install CMAKE_PREFIX_PATH=/workspace/foxy_ws/install PATH=/workspace/foxy_ws/install/bin:${PATH} PYTHONPATH=/workspace/foxy_ws/install/lib/python3.10/site-packages /usr/bin/cmake --install /workspace/foxy_ws/build/ament_cmake_export_definitions
