[0.070s] Invoking command in '/workspace/foxy_ws/build/foonathan_memory_vendor': AMENT_PREFIX_PATH=/workspace/foxy_ws/install CMAKE_PREFIX_PATH=/workspace/foxy_ws/install LD_LIBRARY_PATH=/workspace/foxy_ws/install/lib PATH=/workspace/foxy_ws/install/bin:${PATH} PYTHONPATH=/workspace/foxy_ws/install/lib/python3.10/site-packages /usr/bin/cmake /workspace/foxy_ws/src/foonathan_memory_vendor -DCMAKE_INSTALL_PREFIX=/workspace/foxy_ws/install
[0.142s] -- The C compiler identification is GNU 9.4.0
[0.195s] -- The CXX compiler identification is GNU 9.4.0
[0.200s] -- Check for working C compiler: /usr/bin/cc
[0.294s] -- Check for working C compiler: /usr/bin/cc -- works
[0.295s] -- Detecting C compiler ABI info
[0.332s] -- Detecting C compiler ABI info - done
[0.342s] -- Detecting C compile features
[0.342s] -- Detecting C compile features - done
[0.344s] -- Check for working CXX compiler: /usr/bin/c++
[0.424s] -- Check for working CXX compiler: /usr/bin/c++ -- works
[0.424s] -- Detecting CXX compiler ABI info
[0.492s] -- Detecting CXX compiler ABI info - done
[0.501s] -- Detecting CXX compile features
[0.501s] -- Detecting CXX compile features - done
[0.539s] -- Found PythonInterp: /usr/bin/python3 (found suitable version "3.10.14", minimum required is "3") 
[0.539s] -- Using PYTHON_EXECUTABLE: /usr/bin/python3
[0.667s] -- Configuring done
[0.669s] -- Generating done
[0.670s] -- Build files have been written to: /workspace/foxy_ws/build/foonathan_memory_vendor
[0.673s] Invoked command in '/workspace/foxy_ws/build/foonathan_memory_vendor' returned '0': AMENT_PREFIX_PATH=/workspace/foxy_ws/install CMAKE_PREFIX_PATH=/workspace/foxy_ws/install LD_LIBRARY_PATH=/workspace/foxy_ws/install/lib PATH=/workspace/foxy_ws/install/bin:${PATH} PYTHONPATH=/workspace/foxy_ws/install/lib/python3.10/site-packages /usr/bin/cmake /workspace/foxy_ws/src/foonathan_memory_vendor -DCMAKE_INSTALL_PREFIX=/workspace/foxy_ws/install
[0.674s] Invoking command in '/workspace/foxy_ws/build/foonathan_memory_vendor': AMENT_PREFIX_PATH=/workspace/foxy_ws/install CMAKE_PREFIX_PATH=/workspace/foxy_ws/install LD_LIBRARY_PATH=/workspace/foxy_ws/install/lib PATH=/workspace/foxy_ws/install/bin:${PATH} PYTHONPATH=/workspace/foxy_ws/install/lib/python3.10/site-packages /usr/bin/cmake --build /workspace/foxy_ws/build/foonathan_memory_vendor -- -j12 -l12
[0.704s] Scanning dependencies of target foo_mem-ext
[0.711s] [ 12%] Creating directories for 'foo_mem-ext'
[0.768s] [ 25%] Performing download step (git clone) for 'foo_mem-ext'
[0.782s] Cloning into 'foo_mem-ext'...
[2.601s] Note: switching to 'v0.7-1'.
[2.601s] 
[2.602s] You are in 'detached HEAD' state. You can look around, make experimental
[2.602s] changes and commit them, and you can discard any commits you make in this
[2.602s] state without impacting any branches by switching back to a branch.
[2.602s] 
[2.602s] If you want to create a new branch to retain commits you create, you may
[2.602s] do so (now or later) by using -c with the switch command. Example:
[2.602s] 
[2.602s]   git switch -c <new-branch-name>
[2.602s] 
[2.602s] Or undo this operation with:
[2.603s] 
[2.603s]   git switch -
[2.603s] 
[2.603s] Turn off this advice by setting config variable advice.detachedHead to false
[2.603s] 
[2.603s] HEAD is now at 19ab075 Release 0.7-1
[2.866s] [ 37%] No patch step for 'foo_mem-ext'
[2.874s] [ 50%] No update step for 'foo_mem-ext'
[2.989s] [ 62%] Performing configure step for 'foo_mem-ext'
[3.172s] -- The C compiler identification is GNU 9.4.0
[3.343s] -- The CXX compiler identification is GNU 9.4.0
[3.349s] -- Check for working C compiler: /usr/bin/cc
[3.554s] -- Check for working C compiler: /usr/bin/cc -- works
[3.557s] -- Detecting C compiler ABI info
[3.837s] -- Detecting C compiler ABI info - done
[3.843s] -- Detecting C compile features
[3.858s] -- Detecting C compile features - done
[3.862s] -- Check for working CXX compiler: /usr/bin/c++
[4.166s] -- Check for working CXX compiler: /usr/bin/c++ -- works
[4.169s] -- Detecting CXX compiler ABI info
[4.281s] -- Detecting CXX compiler ABI info - done
[4.297s] -- Detecting CXX compile features
[4.298s] -- Detecting CXX compile features - done
[4.302s] -- Performing Test HAVE_CXX_ATOMIC_NOFLAG
[4.521s] -- Performing Test HAVE_CXX_ATOMIC_NOFLAG - Success
[4.521s] -- Configuring done
[4.540s] -- Generating done
[4.543s] -- Build files have been written to: /workspace/foxy_ws/build/foonathan_memory_vendor/foo_mem-ext-prefix/src/foo_mem-ext-build
[4.598s] [ 75%] Performing build step for 'foo_mem-ext'
[4.683s] Scanning dependencies of target foonathan_memory_node_size_debugger
[4.697s] [  4%] Building CXX object tool/CMakeFiles/foonathan_memory_node_size_debugger.dir/node_size_debugger.cpp.o
[7.856s] [  8%] Linking CXX executable nodesize_dbg
[8.053s] [  8%] Built target foonathan_memory_node_size_debugger
[8.077s] [ 13%] Generating container_node_sizes_impl.hpp
[8.124s] Scanning dependencies of target foonathan_memory
[8.140s] [ 17%] Building CXX object src/CMakeFiles/foonathan_memory.dir/detail/debug_helpers.cpp.o
[8.140s] [ 21%] Building CXX object src/CMakeFiles/foonathan_memory.dir/detail/align.cpp.o
[8.149s] [ 26%] Building CXX object src/CMakeFiles/foonathan_memory.dir/detail/free_list.cpp.o
[8.149s] [ 30%] Building CXX object src/CMakeFiles/foonathan_memory.dir/detail/free_list_array.cpp.o
[8.158s] [ 34%] Building CXX object src/CMakeFiles/foonathan_memory.dir/detail/assert.cpp.o
[8.161s] [ 39%] Building CXX object src/CMakeFiles/foonathan_memory.dir/detail/small_free_list.cpp.o
[8.221s] [ 43%] Building CXX object src/CMakeFiles/foonathan_memory.dir/debugging.cpp.o
[8.223s] [ 47%] Building CXX object src/CMakeFiles/foonathan_memory.dir/error.cpp.o
[8.233s] [ 52%] Building CXX object src/CMakeFiles/foonathan_memory.dir/heap_allocator.cpp.o
[8.256s] [ 56%] Building CXX object src/CMakeFiles/foonathan_memory.dir/iteration_allocator.cpp.o
[8.283s] [ 60%] Building CXX object src/CMakeFiles/foonathan_memory.dir/memory_arena.cpp.o
[8.293s] [ 65%] Building CXX object src/CMakeFiles/foonathan_memory.dir/memory_pool.cpp.o
[8.307s] [ 69%] Building CXX object src/CMakeFiles/foonathan_memory.dir/memory_pool_collection.cpp.o
[8.318s] [ 73%] Building CXX object src/CMakeFiles/foonathan_memory.dir/malloc_allocator.cpp.o
[8.399s] [ 78%] Building CXX object src/CMakeFiles/foonathan_memory.dir/new_allocator.cpp.o
[8.399s] [ 82%] Building CXX object src/CMakeFiles/foonathan_memory.dir/memory_stack.cpp.o
[8.496s] [ 86%] Building CXX object src/CMakeFiles/foonathan_memory.dir/static_allocator.cpp.o
[8.504s] [ 91%] Building CXX object src/CMakeFiles/foonathan_memory.dir/temporary_allocator.cpp.o
[8.686s] [ 95%] Building CXX object src/CMakeFiles/foonathan_memory.dir/virtual_memory.cpp.o
[9.213s] [100%] Linking CXX static library libfoonathan_memory-0.7.1.a
[9.277s] [100%] Built target foonathan_memory
[9.311s] [ 87%] Performing install step for 'foo_mem-ext'
[9.366s] [  8%] Built target foonathan_memory_node_size_debugger
[9.400s] [100%] Built target foonathan_memory
[9.424s] Install the project...
[9.436s] -- Install configuration: ""
[9.437s] -- Installing: /workspace/foxy_ws/build/foonathan_memory_vendor/foo_mem_ext_prj_install/share/foonathan_memory/LICENSE
[9.437s] -- Installing: /workspace/foxy_ws/build/foonathan_memory_vendor/foo_mem_ext_prj_install/share/foonathan_memory/README.md
[9.437s] -- Installing: /workspace/foxy_ws/build/foonathan_memory_vendor/foo_mem_ext_prj_install/lib/foonathan_memory/cmake/foonathan_memory-config.cmake
[9.437s] -- Installing: /workspace/foxy_ws/build/foonathan_memory_vendor/foo_mem_ext_prj_install/lib/foonathan_memory/cmake/foonathan_memory-config-noconfig.cmake
[9.438s] -- Installing: /workspace/foxy_ws/build/foonathan_memory_vendor/foo_mem_ext_prj_install/lib/libfoonathan_memory-0.7.1.a
[9.440s] -- Installing: /workspace/foxy_ws/build/foonathan_memory_vendor/foo_mem_ext_prj_install/include/foonathan_memory/foonathan/memory/config_impl.hpp
[9.440s] -- Installing: /workspace/foxy_ws/build/foonathan_memory_vendor/foo_mem_ext_prj_install/include/foonathan_memory/foonathan/memory/detail/container_node_sizes_impl.hpp
[9.440s] -- Installing: /workspace/foxy_ws/build/foonathan_memory_vendor/foo_mem_ext_prj_install/include/foonathan_memory/foonathan/memory/aligned_allocator.hpp
[9.440s] -- Installing: /workspace/foxy_ws/build/foonathan_memory_vendor/foo_mem_ext_prj_install/include/foonathan_memory/foonathan/memory/allocator_storage.hpp
[9.441s] -- Installing: /workspace/foxy_ws/build/foonathan_memory_vendor/foo_mem_ext_prj_install/include/foonathan_memory/foonathan/memory/allocator_traits.hpp
[9.441s] -- Installing: /workspace/foxy_ws/build/foonathan_memory_vendor/foo_mem_ext_prj_install/include/foonathan_memory/foonathan/memory/config.hpp
[9.441s] -- Installing: /workspace/foxy_ws/build/foonathan_memory_vendor/foo_mem_ext_prj_install/include/foonathan_memory/foonathan/memory/container.hpp
[9.441s] -- Installing: /workspace/foxy_ws/build/foonathan_memory_vendor/foo_mem_ext_prj_install/include/foonathan_memory/foonathan/memory/debugging.hpp
[9.441s] -- Installing: /workspace/foxy_ws/build/foonathan_memory_vendor/foo_mem_ext_prj_install/include/foonathan_memory/foonathan/memory/default_allocator.hpp
[9.442s] -- Installing: /workspace/foxy_ws/build/foonathan_memory_vendor/foo_mem_ext_prj_install/include/foonathan_memory/foonathan/memory/deleter.hpp
[9.442s] -- Installing: /workspace/foxy_ws/build/foonathan_memory_vendor/foo_mem_ext_prj_install/include/foonathan_memory/foonathan/memory/error.hpp
[9.442s] -- Installing: /workspace/foxy_ws/build/foonathan_memory_vendor/foo_mem_ext_prj_install/include/foonathan_memory/foonathan/memory/fallback_allocator.hpp
[9.442s] -- Installing: /workspace/foxy_ws/build/foonathan_memory_vendor/foo_mem_ext_prj_install/include/foonathan_memory/foonathan/memory/malloc_allocator.hpp
[9.442s] -- Installing: /workspace/foxy_ws/build/foonathan_memory_vendor/foo_mem_ext_prj_install/include/foonathan_memory/foonathan/memory/heap_allocator.hpp
[9.443s] -- Installing: /workspace/foxy_ws/build/foonathan_memory_vendor/foo_mem_ext_prj_install/include/foonathan_memory/foonathan/memory/iteration_allocator.hpp
[9.443s] -- Installing: /workspace/foxy_ws/build/foonathan_memory_vendor/foo_mem_ext_prj_install/include/foonathan_memory/foonathan/memory/joint_allocator.hpp
[9.443s] -- Installing: /workspace/foxy_ws/build/foonathan_memory_vendor/foo_mem_ext_prj_install/include/foonathan_memory/foonathan/memory/memory_arena.hpp
[9.443s] -- Installing: /workspace/foxy_ws/build/foonathan_memory_vendor/foo_mem_ext_prj_install/include/foonathan_memory/foonathan/memory/memory_pool.hpp
[9.443s] -- Installing: /workspace/foxy_ws/build/foonathan_memory_vendor/foo_mem_ext_prj_install/include/foonathan_memory/foonathan/memory/memory_pool_collection.hpp
[9.443s] -- Installing: /workspace/foxy_ws/build/foonathan_memory_vendor/foo_mem_ext_prj_install/include/foonathan_memory/foonathan/memory/memory_pool_type.hpp
[9.444s] -- Installing: /workspace/foxy_ws/build/foonathan_memory_vendor/foo_mem_ext_prj_install/include/foonathan_memory/foonathan/memory/memory_resource_adapter.hpp
[9.444s] -- Installing: /workspace/foxy_ws/build/foonathan_memory_vendor/foo_mem_ext_prj_install/include/foonathan_memory/foonathan/memory/memory_stack.hpp
[9.444s] -- Installing: /workspace/foxy_ws/build/foonathan_memory_vendor/foo_mem_ext_prj_install/include/foonathan_memory/foonathan/memory/namespace_alias.hpp
[9.444s] -- Installing: /workspace/foxy_ws/build/foonathan_memory_vendor/foo_mem_ext_prj_install/include/foonathan_memory/foonathan/memory/new_allocator.hpp
[9.444s] -- Installing: /workspace/foxy_ws/build/foonathan_memory_vendor/foo_mem_ext_prj_install/include/foonathan_memory/foonathan/memory/segregator.hpp
[9.445s] -- Installing: /workspace/foxy_ws/build/foonathan_memory_vendor/foo_mem_ext_prj_install/include/foonathan_memory/foonathan/memory/smart_ptr.hpp
[9.446s] -- Installing: /workspace/foxy_ws/build/foonathan_memory_vendor/foo_mem_ext_prj_install/include/foonathan_memory/foonathan/memory/static_allocator.hpp
[9.446s] -- Installing: /workspace/foxy_ws/build/foonathan_memory_vendor/foo_mem_ext_prj_install/include/foonathan_memory/foonathan/memory/std_allocator.hpp
[9.446s] -- Installing: /workspace/foxy_ws/build/foonathan_memory_vendor/foo_mem_ext_prj_install/include/foonathan_memory/foonathan/memory/temporary_allocator.hpp
[9.446s] -- Installing: /workspace/foxy_ws/build/foonathan_memory_vendor/foo_mem_ext_prj_install/include/foonathan_memory/foonathan/memory/threading.hpp
[9.446s] -- Installing: /workspace/foxy_ws/build/foonathan_memory_vendor/foo_mem_ext_prj_install/include/foonathan_memory/foonathan/memory/tracking.hpp
[9.446s] -- Installing: /workspace/foxy_ws/build/foonathan_memory_vendor/foo_mem_ext_prj_install/include/foonathan_memory/foonathan/memory/virtual_memory.hpp
[9.447s] -- Installing: /workspace/foxy_ws/build/foonathan_memory_vendor/foo_mem_ext_prj_install/include/foonathan_memory/foonathan/memory/container_node_sizes_impl.hpp
[9.447s] -- Installing: /workspace/foxy_ws/build/foonathan_memory_vendor/foo_mem_ext_prj_install/include/foonathan_memory/foonathan/memory/detail/align.hpp
[9.447s] -- Installing: /workspace/foxy_ws/build/foonathan_memory_vendor/foo_mem_ext_prj_install/include/foonathan_memory/foonathan/memory/detail/assert.hpp
[9.447s] -- Installing: /workspace/foxy_ws/build/foonathan_memory_vendor/foo_mem_ext_prj_install/include/foonathan_memory/foonathan/memory/detail/container_node_sizes.hpp
[9.447s] -- Installing: /workspace/foxy_ws/build/foonathan_memory_vendor/foo_mem_ext_prj_install/include/foonathan_memory/foonathan/memory/detail/debug_helpers.hpp
[9.448s] -- Installing: /workspace/foxy_ws/build/foonathan_memory_vendor/foo_mem_ext_prj_install/include/foonathan_memory/foonathan/memory/detail/ebo_storage.hpp
[9.448s] -- Installing: /workspace/foxy_ws/build/foonathan_memory_vendor/foo_mem_ext_prj_install/include/foonathan_memory/foonathan/memory/detail/free_list.hpp
[9.448s] -- Installing: /workspace/foxy_ws/build/foonathan_memory_vendor/foo_mem_ext_prj_install/include/foonathan_memory/foonathan/memory/detail/free_list_array.hpp
[9.448s] -- Installing: /workspace/foxy_ws/build/foonathan_memory_vendor/foo_mem_ext_prj_install/include/foonathan_memory/foonathan/memory/detail/ilog2.hpp
[9.448s] -- Installing: /workspace/foxy_ws/build/foonathan_memory_vendor/foo_mem_ext_prj_install/include/foonathan_memory/foonathan/memory/detail/lowlevel_allocator.hpp
[9.449s] -- Installing: /workspace/foxy_ws/build/foonathan_memory_vendor/foo_mem_ext_prj_install/include/foonathan_memory/foonathan/memory/detail/memory_stack.hpp
[9.449s] -- Installing: /workspace/foxy_ws/build/foonathan_memory_vendor/foo_mem_ext_prj_install/include/foonathan_memory/foonathan/memory/detail/small_free_list.hpp
[9.453s] -- Installing: /workspace/foxy_ws/build/foonathan_memory_vendor/foo_mem_ext_prj_install/include/foonathan_memory/foonathan/memory/detail/utility.hpp
[9.453s] -- Installing: /workspace/foxy_ws/build/foonathan_memory_vendor/foo_mem_ext_prj_install/lib/foonathan_memory/cmake/foonathan_memory-config-version.cmake
[9.453s] -- Installing: /workspace/foxy_ws/build/foonathan_memory_vendor/foo_mem_ext_prj_install/bin/nodesize_dbg
[9.492s] [100%] Completed 'foo_mem-ext'
[9.532s] [100%] Built target foo_mem-ext
[9.547s] Invoked command in '/workspace/foxy_ws/build/foonathan_memory_vendor' returned '0': AMENT_PREFIX_PATH=/workspace/foxy_ws/install CMAKE_PREFIX_PATH=/workspace/foxy_ws/install LD_LIBRARY_PATH=/workspace/foxy_ws/install/lib PATH=/workspace/foxy_ws/install/bin:${PATH} PYTHONPATH=/workspace/foxy_ws/install/lib/python3.10/site-packages /usr/bin/cmake --build /workspace/foxy_ws/build/foonathan_memory_vendor -- -j12 -l12
[9.581s] Invoking command in '/workspace/foxy_ws/build/foonathan_memory_vendor': AMENT_PREFIX_PATH=/workspace/foxy_ws/install CMAKE_PREFIX_PATH=/workspace/foxy_ws/install LD_LIBRARY_PATH=/workspace/foxy_ws/install/lib PATH=/workspace/foxy_ws/install/bin:${PATH} PYTHONPATH=/workspace/foxy_ws/install/lib/python3.10/site-packages /usr/bin/cmake --install /workspace/foxy_ws/build/foonathan_memory_vendor
[9.589s] -- Install configuration: ""
[9.589s] -- Up-to-date: /workspace/foxy_ws/install
[9.589s] -- Up-to-date: /workspace/foxy_ws/install/share
[9.589s] -- Installing: /workspace/foxy_ws/install/share/foonathan_memory
[9.590s] -- Installing: /workspace/foxy_ws/install/share/foonathan_memory/README.md
[9.590s] -- Installing: /workspace/foxy_ws/install/share/foonathan_memory/LICENSE
[9.590s] -- Up-to-date: /workspace/foxy_ws/install/include
[9.590s] -- Installing: /workspace/foxy_ws/install/include/foonathan_memory
[9.590s] -- Installing: /workspace/foxy_ws/install/include/foonathan_memory/foonathan
[9.590s] -- Installing: /workspace/foxy_ws/install/include/foonathan_memory/foonathan/memory
[9.590s] -- Installing: /workspace/foxy_ws/install/include/foonathan_memory/foonathan/memory/container_node_sizes_impl.hpp
[9.590s] -- Installing: /workspace/foxy_ws/install/include/foonathan_memory/foonathan/memory/segregator.hpp
[9.590s] -- Installing: /workspace/foxy_ws/install/include/foonathan_memory/foonathan/memory/container.hpp
[9.590s] -- Installing: /workspace/foxy_ws/install/include/foonathan_memory/foonathan/memory/heap_allocator.hpp
[9.590s] -- Installing: /workspace/foxy_ws/install/include/foonathan_memory/foonathan/memory/memory_arena.hpp
[9.590s] -- Installing: /workspace/foxy_ws/install/include/foonathan_memory/foonathan/memory/memory_pool_collection.hpp
[9.591s] -- Installing: /workspace/foxy_ws/install/include/foonathan_memory/foonathan/memory/memory_stack.hpp
[9.591s] -- Installing: /workspace/foxy_ws/install/include/foonathan_memory/foonathan/memory/allocator_traits.hpp
[9.593s] -- Installing: /workspace/foxy_ws/install/include/foonathan_memory/foonathan/memory/temporary_allocator.hpp
[9.601s] -- Installing: /workspace/foxy_ws/install/include/foonathan_memory/foonathan/memory/memory_pool_type.hpp
[9.601s] -- Installing: /workspace/foxy_ws/install/include/foonathan_memory/foonathan/memory/config_impl.hpp
[9.601s] -- Installing: /workspace/foxy_ws/install/include/foonathan_memory/foonathan/memory/deleter.hpp
[9.601s] -- Installing: /workspace/foxy_ws/install/include/foonathan_memory/foonathan/memory/virtual_memory.hpp
[9.601s] -- Installing: /workspace/foxy_ws/install/include/foonathan_memory/foonathan/memory/error.hpp
[9.601s] -- Installing: /workspace/foxy_ws/install/include/foonathan_memory/foonathan/memory/static_allocator.hpp
[9.601s] -- Installing: /workspace/foxy_ws/install/include/foonathan_memory/foonathan/memory/malloc_allocator.hpp
[9.602s] -- Installing: /workspace/foxy_ws/install/include/foonathan_memory/foonathan/memory/std_allocator.hpp
[9.602s] -- Installing: /workspace/foxy_ws/install/include/foonathan_memory/foonathan/memory/default_allocator.hpp
[9.602s] -- Installing: /workspace/foxy_ws/install/include/foonathan_memory/foonathan/memory/threading.hpp
[9.602s] -- Installing: /workspace/foxy_ws/install/include/foonathan_memory/foonathan/memory/smart_ptr.hpp
[9.602s] -- Installing: /workspace/foxy_ws/install/include/foonathan_memory/foonathan/memory/allocator_storage.hpp
[9.602s] -- Installing: /workspace/foxy_ws/install/include/foonathan_memory/foonathan/memory/namespace_alias.hpp
[9.602s] -- Installing: /workspace/foxy_ws/install/include/foonathan_memory/foonathan/memory/iteration_allocator.hpp
[9.602s] -- Installing: /workspace/foxy_ws/install/include/foonathan_memory/foonathan/memory/debugging.hpp
[9.602s] -- Installing: /workspace/foxy_ws/install/include/foonathan_memory/foonathan/memory/config.hpp
[9.602s] -- Installing: /workspace/foxy_ws/install/include/foonathan_memory/foonathan/memory/joint_allocator.hpp
[9.602s] -- Installing: /workspace/foxy_ws/install/include/foonathan_memory/foonathan/memory/detail
[9.602s] -- Installing: /workspace/foxy_ws/install/include/foonathan_memory/foonathan/memory/detail/assert.hpp
[9.602s] -- Installing: /workspace/foxy_ws/install/include/foonathan_memory/foonathan/memory/detail/container_node_sizes_impl.hpp
[9.602s] -- Installing: /workspace/foxy_ws/install/include/foonathan_memory/foonathan/memory/detail/ebo_storage.hpp
[9.603s] -- Installing: /workspace/foxy_ws/install/include/foonathan_memory/foonathan/memory/detail/ilog2.hpp
[9.603s] -- Installing: /workspace/foxy_ws/install/include/foonathan_memory/foonathan/memory/detail/container_node_sizes.hpp
[9.603s] -- Installing: /workspace/foxy_ws/install/include/foonathan_memory/foonathan/memory/detail/small_free_list.hpp
[9.603s] -- Installing: /workspace/foxy_ws/install/include/foonathan_memory/foonathan/memory/detail/free_list.hpp
[9.603s] -- Installing: /workspace/foxy_ws/install/include/foonathan_memory/foonathan/memory/detail/memory_stack.hpp
[9.603s] -- Installing: /workspace/foxy_ws/install/include/foonathan_memory/foonathan/memory/detail/align.hpp
[9.603s] -- Installing: /workspace/foxy_ws/install/include/foonathan_memory/foonathan/memory/detail/utility.hpp
[9.603s] -- Installing: /workspace/foxy_ws/install/include/foonathan_memory/foonathan/memory/detail/lowlevel_allocator.hpp
[9.603s] -- Installing: /workspace/foxy_ws/install/include/foonathan_memory/foonathan/memory/detail/free_list_array.hpp
[9.603s] -- Installing: /workspace/foxy_ws/install/include/foonathan_memory/foonathan/memory/detail/debug_helpers.hpp
[9.603s] -- Installing: /workspace/foxy_ws/install/include/foonathan_memory/foonathan/memory/memory_pool.hpp
[9.603s] -- Installing: /workspace/foxy_ws/install/include/foonathan_memory/foonathan/memory/aligned_allocator.hpp
[9.603s] -- Installing: /workspace/foxy_ws/install/include/foonathan_memory/foonathan/memory/tracking.hpp
[9.603s] -- Installing: /workspace/foxy_ws/install/include/foonathan_memory/foonathan/memory/memory_resource_adapter.hpp
[9.603s] -- Installing: /workspace/foxy_ws/install/include/foonathan_memory/foonathan/memory/new_allocator.hpp
[9.604s] -- Installing: /workspace/foxy_ws/install/include/foonathan_memory/foonathan/memory/fallback_allocator.hpp
[9.604s] -- Up-to-date: /workspace/foxy_ws/install/lib
[9.604s] -- Installing: /workspace/foxy_ws/install/lib/libfoonathan_memory-0.7.1.a
[9.604s] -- Installing: /workspace/foxy_ws/install/lib/foonathan_memory
[9.604s] -- Installing: /workspace/foxy_ws/install/lib/foonathan_memory/cmake
[9.604s] -- Installing: /workspace/foxy_ws/install/lib/foonathan_memory/cmake/foonathan_memory-config.cmake
[9.604s] -- Installing: /workspace/foxy_ws/install/lib/foonathan_memory/cmake/foonathan_memory-config-noconfig.cmake
[9.604s] -- Installing: /workspace/foxy_ws/install/lib/foonathan_memory/cmake/foonathan_memory-config-version.cmake
[9.604s] -- Up-to-date: /workspace/foxy_ws/install/bin
[9.604s] -- Installing: /workspace/foxy_ws/install/bin/nodesize_dbg
[9.605s] -- Installing: /workspace/foxy_ws/install/share/foonathan_memory_vendor/package.xml
[9.605s] -- Installing: /workspace/foxy_ws/install/share/foonathan_memory_vendor/cmake/foonathan_memory_vendorConfig.cmake
[9.605s] -- Installing: /workspace/foxy_ws/install/share/foonathan_memory_vendor/cmake/foonathan_memory_vendorConfig-version.cmake
[9.607s] Invoked command in '/workspace/foxy_ws/build/foonathan_memory_vendor' returned '0': AMENT_PREFIX_PATH=/workspace/foxy_ws/install CMAKE_PREFIX_PATH=/workspace/foxy_ws/install LD_LIBRARY_PATH=/workspace/foxy_ws/install/lib PATH=/workspace/foxy_ws/install/bin:${PATH} PYTHONPATH=/workspace/foxy_ws/install/lib/python3.10/site-packages /usr/bin/cmake --install /workspace/foxy_ws/build/foonathan_memory_vendor
