[0.128s] Invoking command in '/workspace/foxy_ws/build/ament_lint_auto': AMENT_PREFIX_PATH=/workspace/foxy_ws/install CMAKE_PREFIX_PATH=/workspace/foxy_ws/install LD_LIBRARY_PATH=/workspace/foxy_ws/install/lib PATH=/workspace/foxy_ws/install/bin:${PATH} PYTHONPATH=/workspace/foxy_ws/install/lib/python3.10/site-packages /usr/bin/cmake /workspace/foxy_ws/src/ament_lint/ament_lint_auto -DCMAKE_INSTALL_PREFIX=/workspace/foxy_ws/install
[0.168s] -- Found ament_cmake_core: 0.9.12 (/workspace/foxy_ws/install/share/ament_cmake_core/cmake)
[0.211s] -- Found PythonInterp: /usr/bin/python3 (found suitable version "3.10.14", minimum required is "3") 
[0.211s] -- Using PYTHON_EXECUTABLE: /usr/bin/python3
[0.641s] -- Configuring done
[0.647s] -- Generating done
[0.648s] -- Build files have been written to: /workspace/foxy_ws/build/ament_lint_auto
[0.660s] Invoked command in '/workspace/foxy_ws/build/ament_lint_auto' returned '0': AMENT_PREFIX_PATH=/workspace/foxy_ws/install CMAKE_PREFIX_PATH=/workspace/foxy_ws/install LD_LIBRARY_PATH=/workspace/foxy_ws/install/lib PATH=/workspace/foxy_ws/install/bin:${PATH} PYTHONPATH=/workspace/foxy_ws/install/lib/python3.10/site-packages /usr/bin/cmake /workspace/foxy_ws/src/ament_lint/ament_lint_auto -DCMAKE_INSTALL_PREFIX=/workspace/foxy_ws/install
[0.661s] Invoking command in '/workspace/foxy_ws/build/ament_lint_auto': AMENT_PREFIX_PATH=/workspace/foxy_ws/install CMAKE_PREFIX_PATH=/workspace/foxy_ws/install LD_LIBRARY_PATH=/workspace/foxy_ws/install/lib PATH=/workspace/foxy_ws/install/bin:${PATH} PYTHONPATH=/workspace/foxy_ws/install/lib/python3.10/site-packages /usr/bin/cmake --build /workspace/foxy_ws/build/ament_lint_auto -- -j12 -l12
[0.713s] Invoked command in '/workspace/foxy_ws/build/ament_lint_auto' returned '0': AMENT_PREFIX_PATH=/workspace/foxy_ws/install CMAKE_PREFIX_PATH=/workspace/foxy_ws/install LD_LIBRARY_PATH=/workspace/foxy_ws/install/lib PATH=/workspace/foxy_ws/install/bin:${PATH} PYTHONPATH=/workspace/foxy_ws/install/lib/python3.10/site-packages /usr/bin/cmake --build /workspace/foxy_ws/build/ament_lint_auto -- -j12 -l12
[0.760s] Invoking command in '/workspace/foxy_ws/build/ament_lint_auto': AMENT_PREFIX_PATH=/workspace/foxy_ws/install CMAKE_PREFIX_PATH=/workspace/foxy_ws/install LD_LIBRARY_PATH=/workspace/foxy_ws/install/lib PATH=/workspace/foxy_ws/install/bin:${PATH} PYTHONPATH=/workspace/foxy_ws/install/lib/python3.10/site-packages /usr/bin/cmake --install /workspace/foxy_ws/build/ament_lint_auto
[2.090s] -- Install configuration: ""
[2.090s] -- Installing: /workspace/foxy_ws/install/share/ament_index/resource_index/package_run_dependencies/ament_lint_auto
[2.090s] -- Installing: /workspace/foxy_ws/install/share/ament_index/resource_index/parent_prefix_path/ament_lint_auto
[2.090s] -- Installing: /workspace/foxy_ws/install/share/ament_lint_auto/environment/ament_prefix_path.sh
[2.091s] -- Installing: /workspace/foxy_ws/install/share/ament_lint_auto/environment/ament_prefix_path.dsv
[2.092s] -- Installing: /workspace/foxy_ws/install/share/ament_lint_auto/environment/path.sh
[2.092s] -- Installing: /workspace/foxy_ws/install/share/ament_lint_auto/environment/path.dsv
[2.092s] -- Installing: /workspace/foxy_ws/install/share/ament_lint_auto/local_setup.bash
[2.093s] -- Installing: /workspace/foxy_ws/install/share/ament_lint_auto/local_setup.sh
[2.093s] -- Installing: /workspace/foxy_ws/install/share/ament_lint_auto/local_setup.zsh
[2.093s] -- Installing: /workspace/foxy_ws/install/share/ament_lint_auto/local_setup.dsv
[2.093s] -- Installing: /workspace/foxy_ws/install/share/ament_lint_auto/package.dsv
[2.093s] -- Installing: /workspace/foxy_ws/install/share/ament_index/resource_index/packages/ament_lint_auto
[2.093s] -- Installing: /workspace/foxy_ws/install/share/ament_lint_auto/cmake/ament_lint_auto-extras.cmake
[2.093s] -- Installing: /workspace/foxy_ws/install/share/ament_lint_auto/cmake/ament_lint_autoConfig.cmake
[2.093s] -- Installing: /workspace/foxy_ws/install/share/ament_lint_auto/cmake/ament_lint_autoConfig-version.cmake
[2.094s] -- Installing: /workspace/foxy_ws/install/share/ament_lint_auto/package.xml
[2.094s] -- Up-to-date: /workspace/foxy_ws/install/share/ament_lint_auto/cmake
[2.094s] -- Installing: /workspace/foxy_ws/install/share/ament_lint_auto/cmake/ament_lint_auto_package_hook.cmake
[2.094s] -- Installing: /workspace/foxy_ws/install/share/ament_lint_auto/cmake/ament_lint_auto_find_test_dependencies.cmake
[2.104s] Invoked command in '/workspace/foxy_ws/build/ament_lint_auto' returned '0': AMENT_PREFIX_PATH=/workspace/foxy_ws/install CMAKE_PREFIX_PATH=/workspace/foxy_ws/install LD_LIBRARY_PATH=/workspace/foxy_ws/install/lib PATH=/workspace/foxy_ws/install/bin:${PATH} PYTHONPATH=/workspace/foxy_ws/install/lib/python3.10/site-packages /usr/bin/cmake --install /workspace/foxy_ws/build/ament_lint_auto
