-- The C compiler identification is GNU 9.4.0
-- The CXX compiler identification is GNU 9.4.0
-- Check for working C compiler: /usr/bin/cc
-- Check for working C compiler: /usr/bin/cc -- works
-- Detecting C compiler ABI info
-- Detecting C compiler ABI info - done
-- Detecting C compile features
-- Detecting C compile features - done
-- Check for working CXX compiler: /usr/bin/c++
-- Check for working CXX compiler: /usr/bin/c++ -- works
-- Detecting CXX compiler ABI info
-- Detecting CXX compiler ABI info - done
-- Detecting CXX compile features
-- Detecting CXX compile features - done
-- Found ament_cmake_ros: 0.9.2 (/workspace/foxy_ws/install/share/ament_cmake_ros/cmake)
-- Found PythonInterp: /usr/bin/python3 (found suitable version "3.10.14", minimum required is "3") 
-- Using PYTHON_EXECUTABLE: /usr/bin/python3
-- Found rcpputils: 1.3.2 (/workspace/foxy_ws/install/share/rcpputils/cmake)
-- Found rosidl_runtime_c: 1.3.1 (/workspace/foxy_ws/install/share/rosidl_runtime_c/cmake)
-- Found ament_lint_auto: 0.9.8 (/workspace/foxy_ws/install/share/ament_lint_auto/cmake)
-- Found gtest sources under '/workspace/foxy_ws/install/src/gtest_vendor': C++ tests using 'Google Test' will be built
-- Looking for pthread.h
-- Looking for pthread.h - found
-- Performing Test CMAKE_HAVE_LIBC_PTHREAD
-- Performing Test CMAKE_HAVE_LIBC_PTHREAD - Failed
-- Check if compiler accepts -pthread
-- Check if compiler accepts -pthread - yes
-- Found Threads: TRUE  
-- Performance tests are disabled by default, so Google Benchmark tests will be skipped. To enable these tests, set the CMake variable 'AMENT_RUN_PERFORMANCE_TESTS'.
-- Added test 'copyright' to check source files copyright and LICENSE
-- Added test 'cppcheck' to perform static code analysis on C / C++ code
-- Configured cppcheck include dirs: /workspace/foxy_ws/install/include;$<BUILD_INTERFACE:/workspace/foxy_ws/src/rosidl_typesupport/rosidl_typesupport_c/include>;/workspace/foxy_ws/src/rosidl_typesupport/rosidl_typesupport_c/include
-- Configured cppcheck exclude dirs and/or files: 
-- Added test 'cpplint' to check C / C++ code against the Google style
-- Configured cpplint exclude dirs and/or files: 
-- Added test 'flake8' to check Python code syntax and style conventions
-- Added test 'lint_cmake' to check CMake code style
-- Added test 'pep257' to check Python code against some of the style conventions in PEP 257
-- Added test 'uncrustify' to check C / C++ code style
-- Configured uncrustify additional arguments: 
-- Added test 'xmllint' to check XML markup files
-- Configuring done
-- Generating done
-- Build files have been written to: /workspace/foxy_ws/build/rosidl_typesupport_c
Scanning dependencies of target rosidl_typesupport_c__test_type_support2
Scanning dependencies of target rosidl_typesupport_c__test_type_support1
Scanning dependencies of target gtest_main
Scanning dependencies of target gtest
Scanning dependencies of target rosidl_typesupport_c
[ 10%] Building C object CMakeFiles/rosidl_typesupport_c__test_type_support2.dir/test/test_type_support.c.o
[ 10%] Building C object CMakeFiles/rosidl_typesupport_c__test_type_support1.dir/test/test_type_support.c.o
[ 15%] Building CXX object gtest/CMakeFiles/gtest.dir/src/gtest-all.cc.o
[ 26%] Building C object CMakeFiles/rosidl_typesupport_c.dir/src/identifier.c.o
[ 26%] Building CXX object CMakeFiles/rosidl_typesupport_c.dir/src/service_type_support_dispatch.cpp.o
[ 31%] Building CXX object CMakeFiles/rosidl_typesupport_c.dir/src/type_support_dispatch.cpp.o
[ 36%] Building CXX object CMakeFiles/rosidl_typesupport_c.dir/src/message_type_support_dispatch.cpp.o
[ 42%] Building CXX object gtest/CMakeFiles/gtest_main.dir/src/gtest_main.cc.o
[ 52%] Linking C shared library librosidl_typesupport_c__test_type_support2.so
[ 52%] Linking C shared library librosidl_typesupport_c__test_type_support1.so
[ 52%] Built target rosidl_typesupport_c__test_type_support2
[ 52%] Built target rosidl_typesupport_c__test_type_support1
[ 57%] Linking CXX shared library librosidl_typesupport_c.so
[ 57%] Built target rosidl_typesupport_c
Scanning dependencies of target benchmark_type_support_dispatch
[ 63%] Building CXX object CMakeFiles/benchmark_type_support_dispatch.dir/test/benchmark/benchmark_type_support_dispatch.cpp.o
[ 68%] Linking CXX static library libgtest_main.a
[ 68%] Built target gtest_main
[ 73%] Linking CXX executable benchmark_type_support_dispatch
[ 73%] Built target benchmark_type_support_dispatch
[ 78%] Linking CXX static library libgtest.a
[ 78%] Built target gtest
Scanning dependencies of target test_service_type_support
Scanning dependencies of target test_message_type_support
[ 84%] Building CXX object CMakeFiles/test_service_type_support.dir/test/test_service_type_support_dispatch.cpp.o
[ 89%] Building CXX object CMakeFiles/test_message_type_support.dir/test/test_message_type_support_dispatch.cpp.o
[ 94%] Linking CXX executable test_message_type_support
[100%] Linking CXX executable test_service_type_support
[100%] Built target test_message_type_support
[100%] Built target test_service_type_support
-- Install configuration: ""
-- Installing: /workspace/foxy_ws/install/share/rosidl_typesupport_c/environment/pythonpath.sh
-- Installing: /workspace/foxy_ws/install/share/rosidl_typesupport_c/environment/pythonpath.dsv
-- Installing: /workspace/foxy_ws/install/lib/python3.10/site-packages/rosidl_typesupport_c
-- Installing: /workspace/foxy_ws/install/lib/python3.10/site-packages/rosidl_typesupport_c/__init__.py
Listing '/workspace/foxy_ws/install/lib/python3.10/site-packages/rosidl_typesupport_c'...
Compiling '/workspace/foxy_ws/install/lib/python3.10/site-packages/rosidl_typesupport_c/__init__.py'...
-- Installing: /workspace/foxy_ws/install/share/rosidl_typesupport_c/environment/library_path.sh
-- Installing: /workspace/foxy_ws/install/share/rosidl_typesupport_c/environment/library_path.dsv
-- Installing: /workspace/foxy_ws/install/share/ament_index/resource_index/rosidl_runtime_packages/rosidl_typesupport_c
-- Installing: /workspace/foxy_ws/install/share/ament_index/resource_index/package_run_dependencies/rosidl_typesupport_c
-- Installing: /workspace/foxy_ws/install/share/ament_index/resource_index/parent_prefix_path/rosidl_typesupport_c
-- Installing: /workspace/foxy_ws/install/share/rosidl_typesupport_c/environment/ament_prefix_path.sh
-- Installing: /workspace/foxy_ws/install/share/rosidl_typesupport_c/environment/ament_prefix_path.dsv
-- Installing: /workspace/foxy_ws/install/share/rosidl_typesupport_c/environment/path.sh
-- Installing: /workspace/foxy_ws/install/share/rosidl_typesupport_c/environment/path.dsv
-- Installing: /workspace/foxy_ws/install/share/rosidl_typesupport_c/local_setup.bash
-- Installing: /workspace/foxy_ws/install/share/rosidl_typesupport_c/local_setup.sh
-- Installing: /workspace/foxy_ws/install/share/rosidl_typesupport_c/local_setup.zsh
-- Installing: /workspace/foxy_ws/install/share/rosidl_typesupport_c/local_setup.dsv
-- Installing: /workspace/foxy_ws/install/share/rosidl_typesupport_c/package.dsv
-- Installing: /workspace/foxy_ws/install/share/ament_index/resource_index/packages/rosidl_typesupport_c
-- Installing: /workspace/foxy_ws/install/share/rosidl_typesupport_c/cmake/rosidl_typesupport_cExport.cmake
-- Installing: /workspace/foxy_ws/install/share/rosidl_typesupport_c/cmake/rosidl_typesupport_cExport-noconfig.cmake
-- Installing: /workspace/foxy_ws/install/share/rosidl_typesupport_c/cmake/rosidl_typesupport_c-extras.cmake
-- Installing: /workspace/foxy_ws/install/share/rosidl_typesupport_c/cmake/ament_cmake_export_dependencies-extras.cmake
-- Installing: /workspace/foxy_ws/install/share/rosidl_typesupport_c/cmake/ament_cmake_export_include_directories-extras.cmake
-- Installing: /workspace/foxy_ws/install/share/rosidl_typesupport_c/cmake/ament_cmake_export_libraries-extras.cmake
-- Installing: /workspace/foxy_ws/install/share/rosidl_typesupport_c/cmake/ament_cmake_export_targets-extras.cmake
-- Installing: /workspace/foxy_ws/install/share/rosidl_typesupport_c/cmake/rosidl_typesupport_cConfig.cmake
-- Installing: /workspace/foxy_ws/install/share/rosidl_typesupport_c/cmake/rosidl_typesupport_cConfig-version.cmake
-- Installing: /workspace/foxy_ws/install/share/rosidl_typesupport_c/package.xml
-- Installing: /workspace/foxy_ws/install/lib/rosidl_typesupport_c/rosidl_typesupport_c
-- Up-to-date: /workspace/foxy_ws/install/share/rosidl_typesupport_c/cmake
-- Installing: /workspace/foxy_ws/install/share/rosidl_typesupport_c/cmake/rosidl_typesupport_c_generate_interfaces.cmake
-- Installing: /workspace/foxy_ws/install/share/rosidl_typesupport_c/cmake/get_used_typesupports.cmake
-- Installing: /workspace/foxy_ws/install/share/rosidl_typesupport_c/resource
-- Installing: /workspace/foxy_ws/install/share/rosidl_typesupport_c/resource/action__type_support.c.em
-- Installing: /workspace/foxy_ws/install/share/rosidl_typesupport_c/resource/idl__type_support.cpp.em
-- Installing: /workspace/foxy_ws/install/share/rosidl_typesupport_c/resource/srv__type_support.cpp.em
-- Installing: /workspace/foxy_ws/install/share/rosidl_typesupport_c/resource/msg__type_support.cpp.em
-- Installing: /workspace/foxy_ws/install/share/rosidl_typesupport_c/resource/rosidl_typesupport_c__visibility_control.h.in
-- Up-to-date: /workspace/foxy_ws/install/include
-- Installing: /workspace/foxy_ws/install/include/rosidl_typesupport_c
-- Installing: /workspace/foxy_ws/install/include/rosidl_typesupport_c/identifier.h
-- Installing: /workspace/foxy_ws/install/include/rosidl_typesupport_c/service_type_support_dispatch.h
-- Installing: /workspace/foxy_ws/install/include/rosidl_typesupport_c/visibility_control.h
-- Installing: /workspace/foxy_ws/install/include/rosidl_typesupport_c/type_support_map.h
-- Installing: /workspace/foxy_ws/install/include/rosidl_typesupport_c/message_type_support_dispatch.h
-- Installing: /workspace/foxy_ws/install/lib/librosidl_typesupport_c.so
-- Set runtime path of "/workspace/foxy_ws/install/lib/librosidl_typesupport_c.so" to ""
