[0.083s] Invoking command in '/workspace/foxy_ws/build/rosidl_typesupport_c': AMENT_PREFIX_PATH=/workspace/foxy_ws/install CMAKE_PREFIX_PATH=/workspace/foxy_ws/install LD_LIBRARY_PATH=/workspace/foxy_ws/install/lib PATH=/workspace/foxy_ws/install/bin:${PATH} PKG_CONFIG_PATH=/workspace/foxy_ws/install/lib/x86_64-linux-gnu/pkgconfig:/workspace/foxy_ws/install/lib/pkgconfig PYTHONPATH=/workspace/foxy_ws/install/lib/python3.10/site-packages /usr/bin/cmake /workspace/foxy_ws/src/rosidl_typesupport/rosidl_typesupport_c -DCMAKE_INSTALL_PREFIX=/workspace/foxy_ws/install
[0.125s] -- The C compiler identification is GNU 9.4.0
[0.167s] -- The CXX compiler identification is GNU 9.4.0
[0.171s] -- Check for working C compiler: /usr/bin/cc
[0.225s] -- Check for working C compiler: /usr/bin/cc -- works
[0.225s] -- Detecting C compiler ABI info
[0.280s] -- Detecting C compiler ABI info - done
[0.290s] -- Detecting C compile features
[0.290s] -- Detecting C compile features - done
[0.292s] -- Check for working CXX compiler: /usr/bin/c++
[0.353s] -- Check for working CXX compiler: /usr/bin/c++ -- works
[0.353s] -- Detecting CXX compiler ABI info
[0.417s] -- Detecting CXX compiler ABI info - done
[0.430s] -- Detecting CXX compile features
[0.430s] -- Detecting CXX compile features - done
[0.431s] -- Found ament_cmake_ros: 0.9.2 (/workspace/foxy_ws/install/share/ament_cmake_ros/cmake)
[0.449s] -- Found PythonInterp: /usr/bin/python3 (found suitable version "3.10.14", minimum required is "3") 
[0.449s] -- Using PYTHON_EXECUTABLE: /usr/bin/python3
[0.594s] -- Found rcpputils: 1.3.2 (/workspace/foxy_ws/install/share/rcpputils/cmake)
[0.605s] -- Found rosidl_runtime_c: 1.3.1 (/workspace/foxy_ws/install/share/rosidl_runtime_c/cmake)
[0.628s] <string>:1: DeprecationWarning: The distutils package is deprecated and slated for removal in Python 3.12. Use setuptools or check PEP 632 for potential alternatives
[0.629s] <string>:1: DeprecationWarning: The distutils.sysconfig module is deprecated, use sysconfig instead
[0.636s] -- Found ament_lint_auto: 0.9.8 (/workspace/foxy_ws/install/share/ament_lint_auto/cmake)
[0.716s] -- Found gtest sources under '/workspace/foxy_ws/install/src/gtest_vendor': C++ tests using 'Google Test' will be built
[0.718s] -- Looking for pthread.h
[0.783s] -- Looking for pthread.h - found
[0.783s] -- Performing Test CMAKE_HAVE_LIBC_PTHREAD
[0.850s] -- Performing Test CMAKE_HAVE_LIBC_PTHREAD - Failed
[0.850s] -- Check if compiler accepts -pthread
[0.916s] -- Check if compiler accepts -pthread - yes
[0.917s] -- Found Threads: TRUE  
[0.920s] -- Performance tests are disabled by default, so Google Benchmark tests will be skipped. To enable these tests, set the CMake variable 'AMENT_RUN_PERFORMANCE_TESTS'.
[0.927s] -- Added test 'copyright' to check source files copyright and LICENSE
[0.933s] -- Added test 'cppcheck' to perform static code analysis on C / C++ code
[0.933s] -- Configured cppcheck include dirs: /workspace/foxy_ws/install/include;$<BUILD_INTERFACE:/workspace/foxy_ws/src/rosidl_typesupport/rosidl_typesupport_c/include>;/workspace/foxy_ws/src/rosidl_typesupport/rosidl_typesupport_c/include
[0.933s] -- Configured cppcheck exclude dirs and/or files: 
[0.937s] -- Added test 'cpplint' to check C / C++ code against the Google style
[0.938s] -- Configured cpplint exclude dirs and/or files: 
[0.938s] -- Added test 'flake8' to check Python code syntax and style conventions
[0.940s] -- Added test 'lint_cmake' to check CMake code style
[0.940s] -- Added test 'pep257' to check Python code against some of the style conventions in PEP 257
[0.945s] -- Added test 'uncrustify' to check C / C++ code style
[0.945s] -- Configured uncrustify additional arguments: 
[0.946s] -- Added test 'xmllint' to check XML markup files
[0.955s] -- Configuring done
[0.976s] -- Generating done
[0.978s] -- Build files have been written to: /workspace/foxy_ws/build/rosidl_typesupport_c
[0.983s] Invoked command in '/workspace/foxy_ws/build/rosidl_typesupport_c' returned '0': AMENT_PREFIX_PATH=/workspace/foxy_ws/install CMAKE_PREFIX_PATH=/workspace/foxy_ws/install LD_LIBRARY_PATH=/workspace/foxy_ws/install/lib PATH=/workspace/foxy_ws/install/bin:${PATH} PKG_CONFIG_PATH=/workspace/foxy_ws/install/lib/x86_64-linux-gnu/pkgconfig:/workspace/foxy_ws/install/lib/pkgconfig PYTHONPATH=/workspace/foxy_ws/install/lib/python3.10/site-packages /usr/bin/cmake /workspace/foxy_ws/src/rosidl_typesupport/rosidl_typesupport_c -DCMAKE_INSTALL_PREFIX=/workspace/foxy_ws/install
[0.984s] Invoking command in '/workspace/foxy_ws/build/rosidl_typesupport_c': AMENT_PREFIX_PATH=/workspace/foxy_ws/install CMAKE_PREFIX_PATH=/workspace/foxy_ws/install LD_LIBRARY_PATH=/workspace/foxy_ws/install/lib PATH=/workspace/foxy_ws/install/bin:${PATH} PKG_CONFIG_PATH=/workspace/foxy_ws/install/lib/x86_64-linux-gnu/pkgconfig:/workspace/foxy_ws/install/lib/pkgconfig PYTHONPATH=/workspace/foxy_ws/install/lib/python3.10/site-packages /usr/bin/cmake --build /workspace/foxy_ws/build/rosidl_typesupport_c -- -j12 -l12
[1.022s] Scanning dependencies of target rosidl_typesupport_c__test_type_support2
[1.023s] Scanning dependencies of target rosidl_typesupport_c__test_type_support1
[1.023s] Scanning dependencies of target gtest_main
[1.025s] Scanning dependencies of target gtest
[1.025s] Scanning dependencies of target rosidl_typesupport_c
[1.031s] [ 10%] Building C object CMakeFiles/rosidl_typesupport_c__test_type_support2.dir/test/test_type_support.c.o
[1.031s] [ 10%] Building C object CMakeFiles/rosidl_typesupport_c__test_type_support1.dir/test/test_type_support.c.o
[1.032s] [ 15%] Building CXX object gtest/CMakeFiles/gtest.dir/src/gtest-all.cc.o
[1.035s] [ 26%] Building C object CMakeFiles/rosidl_typesupport_c.dir/src/identifier.c.o
[1.035s] [ 26%] Building CXX object CMakeFiles/rosidl_typesupport_c.dir/src/service_type_support_dispatch.cpp.o
[1.035s] [ 31%] Building CXX object CMakeFiles/rosidl_typesupport_c.dir/src/type_support_dispatch.cpp.o
[1.038s] [ 36%] Building CXX object CMakeFiles/rosidl_typesupport_c.dir/src/message_type_support_dispatch.cpp.o
[1.038s] [ 42%] Building CXX object gtest/CMakeFiles/gtest_main.dir/src/gtest_main.cc.o
[1.062s] [ 52%] Linking C shared library librosidl_typesupport_c__test_type_support2.so
[1.062s] [ 52%] Linking C shared library librosidl_typesupport_c__test_type_support1.so
[1.109s] [ 52%] Built target rosidl_typesupport_c__test_type_support2
[1.110s] [ 52%] Built target rosidl_typesupport_c__test_type_support1
[1.339s] [ 57%] Linking CXX shared library librosidl_typesupport_c.so
[1.428s] [ 57%] Built target rosidl_typesupport_c
[1.439s] Scanning dependencies of target benchmark_type_support_dispatch
[1.450s] [ 63%] Building CXX object CMakeFiles/benchmark_type_support_dispatch.dir/test/benchmark/benchmark_type_support_dispatch.cpp.o
[1.653s] [ 68%] Linking CXX static library libgtest_main.a
[1.677s] [ 68%] Built target gtest_main
[2.071s] [ 73%] Linking CXX executable benchmark_type_support_dispatch
[2.144s] [ 73%] Built target benchmark_type_support_dispatch
[3.567s] [ 78%] Linking CXX static library libgtest.a
[3.619s] [ 78%] Built target gtest
[3.631s] Scanning dependencies of target test_service_type_support
[3.632s] Scanning dependencies of target test_message_type_support
[3.638s] [ 84%] Building CXX object CMakeFiles/test_service_type_support.dir/test/test_service_type_support_dispatch.cpp.o
[3.639s] [ 89%] Building CXX object CMakeFiles/test_message_type_support.dir/test/test_message_type_support_dispatch.cpp.o
[4.438s] [ 94%] Linking CXX executable test_message_type_support
[4.455s] [100%] Linking CXX executable test_service_type_support
[4.545s] [100%] Built target test_message_type_support
[4.554s] [100%] Built target test_service_type_support
[4.563s] Invoked command in '/workspace/foxy_ws/build/rosidl_typesupport_c' returned '0': AMENT_PREFIX_PATH=/workspace/foxy_ws/install CMAKE_PREFIX_PATH=/workspace/foxy_ws/install LD_LIBRARY_PATH=/workspace/foxy_ws/install/lib PATH=/workspace/foxy_ws/install/bin:${PATH} PKG_CONFIG_PATH=/workspace/foxy_ws/install/lib/x86_64-linux-gnu/pkgconfig:/workspace/foxy_ws/install/lib/pkgconfig PYTHONPATH=/workspace/foxy_ws/install/lib/python3.10/site-packages /usr/bin/cmake --build /workspace/foxy_ws/build/rosidl_typesupport_c -- -j12 -l12
[4.586s] Invoking command in '/workspace/foxy_ws/build/rosidl_typesupport_c': AMENT_PREFIX_PATH=/workspace/foxy_ws/install CMAKE_PREFIX_PATH=/workspace/foxy_ws/install LD_LIBRARY_PATH=/workspace/foxy_ws/install/lib PATH=/workspace/foxy_ws/install/bin:${PATH} PKG_CONFIG_PATH=/workspace/foxy_ws/install/lib/x86_64-linux-gnu/pkgconfig:/workspace/foxy_ws/install/lib/pkgconfig PYTHONPATH=/workspace/foxy_ws/install/lib/python3.10/site-packages /usr/bin/cmake --install /workspace/foxy_ws/build/rosidl_typesupport_c
[4.595s] -- Install configuration: ""
[4.595s] -- Installing: /workspace/foxy_ws/install/share/rosidl_typesupport_c/environment/pythonpath.sh
[4.595s] -- Installing: /workspace/foxy_ws/install/share/rosidl_typesupport_c/environment/pythonpath.dsv
[4.595s] -- Installing: /workspace/foxy_ws/install/lib/python3.10/site-packages/rosidl_typesupport_c
[4.595s] -- Installing: /workspace/foxy_ws/install/lib/python3.10/site-packages/rosidl_typesupport_c/__init__.py
[4.621s] Listing '/workspace/foxy_ws/install/lib/python3.10/site-packages/rosidl_typesupport_c'...
[4.621s] Compiling '/workspace/foxy_ws/install/lib/python3.10/site-packages/rosidl_typesupport_c/__init__.py'...
[4.624s] -- Installing: /workspace/foxy_ws/install/share/rosidl_typesupport_c/environment/library_path.sh
[4.624s] -- Installing: /workspace/foxy_ws/install/share/rosidl_typesupport_c/environment/library_path.dsv
[4.624s] -- Installing: /workspace/foxy_ws/install/share/ament_index/resource_index/rosidl_runtime_packages/rosidl_typesupport_c
[4.624s] -- Installing: /workspace/foxy_ws/install/share/ament_index/resource_index/package_run_dependencies/rosidl_typesupport_c
[4.625s] -- Installing: /workspace/foxy_ws/install/share/ament_index/resource_index/parent_prefix_path/rosidl_typesupport_c
[4.625s] -- Installing: /workspace/foxy_ws/install/share/rosidl_typesupport_c/environment/ament_prefix_path.sh
[4.625s] -- Installing: /workspace/foxy_ws/install/share/rosidl_typesupport_c/environment/ament_prefix_path.dsv
[4.625s] -- Installing: /workspace/foxy_ws/install/share/rosidl_typesupport_c/environment/path.sh
[4.625s] -- Installing: /workspace/foxy_ws/install/share/rosidl_typesupport_c/environment/path.dsv
[4.625s] -- Installing: /workspace/foxy_ws/install/share/rosidl_typesupport_c/local_setup.bash
[4.626s] -- Installing: /workspace/foxy_ws/install/share/rosidl_typesupport_c/local_setup.sh
[4.626s] -- Installing: /workspace/foxy_ws/install/share/rosidl_typesupport_c/local_setup.zsh
[4.626s] -- Installing: /workspace/foxy_ws/install/share/rosidl_typesupport_c/local_setup.dsv
[4.626s] -- Installing: /workspace/foxy_ws/install/share/rosidl_typesupport_c/package.dsv
[4.626s] -- Installing: /workspace/foxy_ws/install/share/ament_index/resource_index/packages/rosidl_typesupport_c
[4.626s] -- Installing: /workspace/foxy_ws/install/share/rosidl_typesupport_c/cmake/rosidl_typesupport_cExport.cmake
[4.627s] -- Installing: /workspace/foxy_ws/install/share/rosidl_typesupport_c/cmake/rosidl_typesupport_cExport-noconfig.cmake
[4.627s] -- Installing: /workspace/foxy_ws/install/share/rosidl_typesupport_c/cmake/rosidl_typesupport_c-extras.cmake
[4.627s] -- Installing: /workspace/foxy_ws/install/share/rosidl_typesupport_c/cmake/ament_cmake_export_dependencies-extras.cmake
[4.627s] -- Installing: /workspace/foxy_ws/install/share/rosidl_typesupport_c/cmake/ament_cmake_export_include_directories-extras.cmake
[4.627s] -- Installing: /workspace/foxy_ws/install/share/rosidl_typesupport_c/cmake/ament_cmake_export_libraries-extras.cmake
[4.627s] -- Installing: /workspace/foxy_ws/install/share/rosidl_typesupport_c/cmake/ament_cmake_export_targets-extras.cmake
[4.627s] -- Installing: /workspace/foxy_ws/install/share/rosidl_typesupport_c/cmake/rosidl_typesupport_cConfig.cmake
[4.628s] -- Installing: /workspace/foxy_ws/install/share/rosidl_typesupport_c/cmake/rosidl_typesupport_cConfig-version.cmake
[4.628s] -- Installing: /workspace/foxy_ws/install/share/rosidl_typesupport_c/package.xml
[4.628s] -- Installing: /workspace/foxy_ws/install/lib/rosidl_typesupport_c/rosidl_typesupport_c
[4.628s] -- Up-to-date: /workspace/foxy_ws/install/share/rosidl_typesupport_c/cmake
[4.628s] -- Installing: /workspace/foxy_ws/install/share/rosidl_typesupport_c/cmake/rosidl_typesupport_c_generate_interfaces.cmake
[4.629s] -- Installing: /workspace/foxy_ws/install/share/rosidl_typesupport_c/cmake/get_used_typesupports.cmake
[4.629s] -- Installing: /workspace/foxy_ws/install/share/rosidl_typesupport_c/resource
[4.629s] -- Installing: /workspace/foxy_ws/install/share/rosidl_typesupport_c/resource/action__type_support.c.em
[4.629s] -- Installing: /workspace/foxy_ws/install/share/rosidl_typesupport_c/resource/idl__type_support.cpp.em
[4.629s] -- Installing: /workspace/foxy_ws/install/share/rosidl_typesupport_c/resource/srv__type_support.cpp.em
[4.629s] -- Installing: /workspace/foxy_ws/install/share/rosidl_typesupport_c/resource/msg__type_support.cpp.em
[4.630s] -- Installing: /workspace/foxy_ws/install/share/rosidl_typesupport_c/resource/rosidl_typesupport_c__visibility_control.h.in
[4.630s] -- Up-to-date: /workspace/foxy_ws/install/include
[4.630s] -- Installing: /workspace/foxy_ws/install/include/rosidl_typesupport_c
[4.630s] -- Installing: /workspace/foxy_ws/install/include/rosidl_typesupport_c/identifier.h
[4.630s] -- Installing: /workspace/foxy_ws/install/include/rosidl_typesupport_c/service_type_support_dispatch.h
[4.630s] -- Installing: /workspace/foxy_ws/install/include/rosidl_typesupport_c/visibility_control.h
[4.630s] -- Installing: /workspace/foxy_ws/install/include/rosidl_typesupport_c/type_support_map.h
[4.630s] -- Installing: /workspace/foxy_ws/install/include/rosidl_typesupport_c/message_type_support_dispatch.h
[4.631s] -- Installing: /workspace/foxy_ws/install/lib/librosidl_typesupport_c.so
[4.631s] -- Set runtime path of "/workspace/foxy_ws/install/lib/librosidl_typesupport_c.so" to ""
[4.633s] Invoked command in '/workspace/foxy_ws/build/rosidl_typesupport_c' returned '0': AMENT_PREFIX_PATH=/workspace/foxy_ws/install CMAKE_PREFIX_PATH=/workspace/foxy_ws/install LD_LIBRARY_PATH=/workspace/foxy_ws/install/lib PATH=/workspace/foxy_ws/install/bin:${PATH} PKG_CONFIG_PATH=/workspace/foxy_ws/install/lib/x86_64-linux-gnu/pkgconfig:/workspace/foxy_ws/install/lib/pkgconfig PYTHONPATH=/workspace/foxy_ws/install/lib/python3.10/site-packages /usr/bin/cmake --install /workspace/foxy_ws/build/rosidl_typesupport_c
