[0.202s] Invoking command in '/workspace/foxy_ws/build/ament_cmake_pep257': AMENT_PREFIX_PATH=/workspace/foxy_ws/install CMAKE_PREFIX_PATH=/workspace/foxy_ws/install LD_LIBRARY_PATH=/workspace/foxy_ws/install/lib PATH=/workspace/foxy_ws/install/bin:${PATH} PYTHONPATH=/workspace/foxy_ws/install/lib/python3.10/site-packages /usr/bin/cmake /workspace/foxy_ws/src/ament_lint/ament_cmake_pep257 -DCMAKE_INSTALL_PREFIX=/workspace/foxy_ws/install
[0.646s] -- Found ament_cmake_core: 0.9.12 (/workspace/foxy_ws/install/share/ament_cmake_core/cmake)
[0.646s] -- Found PythonInterp: /usr/bin/python3 (found suitable version "3.10.14", minimum required is "3") 
[0.647s] -- Using PYTHON_EXECUTABLE: /usr/bin/python3
[0.647s] -- Found ament_cmake_test: 0.9.12 (/workspace/foxy_ws/install/share/ament_cmake_test/cmake)
[0.647s] -- Found ament_cmake_copyright: 0.9.8 (/workspace/foxy_ws/install/share/ament_cmake_copyright/cmake)
[0.647s] -- Found ament_cmake_lint_cmake: 0.9.8 (/workspace/foxy_ws/install/share/ament_cmake_lint_cmake/cmake)
[0.647s] -- Configuring done
[0.647s] -- Generating done
[0.647s] -- Build files have been written to: /workspace/foxy_ws/build/ament_cmake_pep257
[0.650s] Invoked command in '/workspace/foxy_ws/build/ament_cmake_pep257' returned '0': AMENT_PREFIX_PATH=/workspace/foxy_ws/install CMAKE_PREFIX_PATH=/workspace/foxy_ws/install LD_LIBRARY_PATH=/workspace/foxy_ws/install/lib PATH=/workspace/foxy_ws/install/bin:${PATH} PYTHONPATH=/workspace/foxy_ws/install/lib/python3.10/site-packages /usr/bin/cmake /workspace/foxy_ws/src/ament_lint/ament_cmake_pep257 -DCMAKE_INSTALL_PREFIX=/workspace/foxy_ws/install
[0.651s] Invoking command in '/workspace/foxy_ws/build/ament_cmake_pep257': AMENT_PREFIX_PATH=/workspace/foxy_ws/install CMAKE_PREFIX_PATH=/workspace/foxy_ws/install LD_LIBRARY_PATH=/workspace/foxy_ws/install/lib PATH=/workspace/foxy_ws/install/bin:${PATH} PYTHONPATH=/workspace/foxy_ws/install/lib/python3.10/site-packages /usr/bin/cmake --build /workspace/foxy_ws/build/ament_cmake_pep257 -- -j12 -l12
[0.747s] Invoked command in '/workspace/foxy_ws/build/ament_cmake_pep257' returned '0': AMENT_PREFIX_PATH=/workspace/foxy_ws/install CMAKE_PREFIX_PATH=/workspace/foxy_ws/install LD_LIBRARY_PATH=/workspace/foxy_ws/install/lib PATH=/workspace/foxy_ws/install/bin:${PATH} PYTHONPATH=/workspace/foxy_ws/install/lib/python3.10/site-packages /usr/bin/cmake --build /workspace/foxy_ws/build/ament_cmake_pep257 -- -j12 -l12
[0.766s] Invoking command in '/workspace/foxy_ws/build/ament_cmake_pep257': AMENT_PREFIX_PATH=/workspace/foxy_ws/install CMAKE_PREFIX_PATH=/workspace/foxy_ws/install LD_LIBRARY_PATH=/workspace/foxy_ws/install/lib PATH=/workspace/foxy_ws/install/bin:${PATH} PYTHONPATH=/workspace/foxy_ws/install/lib/python3.10/site-packages /usr/bin/cmake --install /workspace/foxy_ws/build/ament_cmake_pep257
[0.781s] -- Install configuration: ""
[0.781s] -- Installing: /workspace/foxy_ws/install/share/ament_index/resource_index/package_run_dependencies/ament_cmake_pep257
[0.781s] -- Installing: /workspace/foxy_ws/install/share/ament_index/resource_index/parent_prefix_path/ament_cmake_pep257
[0.781s] -- Installing: /workspace/foxy_ws/install/share/ament_cmake_pep257/environment/ament_prefix_path.sh
[0.781s] -- Installing: /workspace/foxy_ws/install/share/ament_cmake_pep257/environment/ament_prefix_path.dsv
[0.781s] -- Installing: /workspace/foxy_ws/install/share/ament_cmake_pep257/environment/path.sh
[0.781s] -- Installing: /workspace/foxy_ws/install/share/ament_cmake_pep257/environment/path.dsv
[0.781s] -- Installing: /workspace/foxy_ws/install/share/ament_cmake_pep257/local_setup.bash
[0.781s] -- Installing: /workspace/foxy_ws/install/share/ament_cmake_pep257/local_setup.sh
[0.781s] -- Installing: /workspace/foxy_ws/install/share/ament_cmake_pep257/local_setup.zsh
[0.781s] -- Installing: /workspace/foxy_ws/install/share/ament_cmake_pep257/local_setup.dsv
[0.782s] -- Installing: /workspace/foxy_ws/install/share/ament_cmake_pep257/package.dsv
[0.782s] -- Installing: /workspace/foxy_ws/install/share/ament_index/resource_index/packages/ament_cmake_pep257
[0.782s] -- Installing: /workspace/foxy_ws/install/share/ament_cmake_pep257/cmake/ament_cmake_pep257-extras.cmake
[0.782s] -- Installing: /workspace/foxy_ws/install/share/ament_cmake_pep257/cmake/ament_cmake_pep257Config.cmake
[0.782s] -- Installing: /workspace/foxy_ws/install/share/ament_cmake_pep257/cmake/ament_cmake_pep257Config-version.cmake
[0.782s] -- Installing: /workspace/foxy_ws/install/share/ament_cmake_pep257/package.xml
[0.782s] -- Up-to-date: /workspace/foxy_ws/install/share/ament_cmake_pep257/cmake
[0.782s] -- Installing: /workspace/foxy_ws/install/share/ament_cmake_pep257/cmake/ament_pep257.cmake
[0.785s] -- Installing: /workspace/foxy_ws/install/share/ament_cmake_pep257/cmake/ament_cmake_pep257_lint_hook.cmake
[0.794s] Invoked command in '/workspace/foxy_ws/build/ament_cmake_pep257' returned '0': AMENT_PREFIX_PATH=/workspace/foxy_ws/install CMAKE_PREFIX_PATH=/workspace/foxy_ws/install LD_LIBRARY_PATH=/workspace/foxy_ws/install/lib PATH=/workspace/foxy_ws/install/bin:${PATH} PYTHONPATH=/workspace/foxy_ws/install/lib/python3.10/site-packages /usr/bin/cmake --install /workspace/foxy_ws/build/ament_cmake_pep257
