running egg_info
creating ../../../build/ament_cpplint/ament_cpplint.egg-info
writing ../../../build/ament_cpplint/ament_cpplint.egg-info/PKG-INFO
writing dependency_links to ../../../build/ament_cpplint/ament_cpplint.egg-info/dependency_links.txt
writing entry points to ../../../build/ament_cpplint/ament_cpplint.egg-info/entry_points.txt
writing requirements to ../../../build/ament_cpplint/ament_cpplint.egg-info/requires.txt
writing top-level names to ../../../build/ament_cpplint/ament_cpplint.egg-info/top_level.txt
writing manifest file '../../../build/ament_cpplint/ament_cpplint.egg-info/SOURCES.txt'
reading manifest file '../../../build/ament_cpplint/ament_cpplint.egg-info/SOURCES.txt'
writing manifest file '../../../build/ament_cpplint/ament_cpplint.egg-info/SOURCES.txt'
running build
running build_py
creating /workspace/foxy_ws/build/ament_cpplint/build
creating /workspace/foxy_ws/build/ament_cpplint/build/lib
creating /workspace/foxy_ws/build/ament_cpplint/build/lib/ament_cpplint
copying ament_cpplint/main.py -> /workspace/foxy_ws/build/ament_cpplint/build/lib/ament_cpplint
copying ament_cpplint/__init__.py -> /workspace/foxy_ws/build/ament_cpplint/build/lib/ament_cpplint
copying ament_cpplint/cpplint.py -> /workspace/foxy_ws/build/ament_cpplint/build/lib/ament_cpplint
running install
running install_lib
creating /workspace/foxy_ws/install/lib/python3.10/site-packages/ament_cpplint
copying /workspace/foxy_ws/build/ament_cpplint/build/lib/ament_cpplint/main.py -> /workspace/foxy_ws/install/lib/python3.10/site-packages/ament_cpplint
copying /workspace/foxy_ws/build/ament_cpplint/build/lib/ament_cpplint/__init__.py -> /workspace/foxy_ws/install/lib/python3.10/site-packages/ament_cpplint
copying /workspace/foxy_ws/build/ament_cpplint/build/lib/ament_cpplint/cpplint.py -> /workspace/foxy_ws/install/lib/python3.10/site-packages/ament_cpplint
byte-compiling /workspace/foxy_ws/install/lib/python3.10/site-packages/ament_cpplint/main.py to main.cpython-310.pyc
byte-compiling /workspace/foxy_ws/install/lib/python3.10/site-packages/ament_cpplint/__init__.py to __init__.cpython-310.pyc
byte-compiling /workspace/foxy_ws/install/lib/python3.10/site-packages/ament_cpplint/cpplint.py to cpplint.cpython-310.pyc
running install_data
copying package.xml -> /workspace/foxy_ws/install/share/ament_cpplint
copying resource/ament_cpplint -> /workspace/foxy_ws/install/share/ament_index/resource_index/packages
running install_egg_info
Copying ../../../build/ament_cpplint/ament_cpplint.egg-info to /workspace/foxy_ws/install/lib/python3.10/site-packages/ament_cpplint-0.9.8-py3.10.egg-info
running install_scripts
Installing ament_cpplint script to /workspace/foxy_ws/install/bin
writing list of installed files to '/workspace/foxy_ws/build/ament_cpplint/install.log'
