[2.033s] Invoking command in '/workspace/foxy_ws/src/ament_lint/ament_cpplint': AMENT_PREFIX_PATH=/workspace/foxy_ws/install CMAKE_PREFIX_PATH=/workspace/foxy_ws/install LD_LIBRARY_PATH=/workspace/foxy_ws/install/lib PATH=/workspace/foxy_ws/install/bin:${PATH} PYTHONPATH=/workspace/foxy_ws/build/ament_cpplint/prefix_override:/workspace/foxy_ws/install/lib/python3.10/site-packages:/workspace/foxy_ws/install/lib/python3.10/site-packages /usr/bin/python3 -W ignore:setup.py install is deprecated setup.py egg_info --egg-base ../../../build/ament_cpplint build --build-base /workspace/foxy_ws/build/ament_cpplint/build install --record /workspace/foxy_ws/build/ament_cpplint/install.log --single-version-externally-managed install_data
[2.265s] running egg_info
[2.266s] creating ../../../build/ament_cpplint/ament_cpplint.egg-info
[2.266s] writing ../../../build/ament_cpplint/ament_cpplint.egg-info/PKG-INFO
[2.266s] writing dependency_links to ../../../build/ament_cpplint/ament_cpplint.egg-info/dependency_links.txt
[2.266s] writing entry points to ../../../build/ament_cpplint/ament_cpplint.egg-info/entry_points.txt
[2.266s] writing requirements to ../../../build/ament_cpplint/ament_cpplint.egg-info/requires.txt
[2.266s] writing top-level names to ../../../build/ament_cpplint/ament_cpplint.egg-info/top_level.txt
[2.267s] writing manifest file '../../../build/ament_cpplint/ament_cpplint.egg-info/SOURCES.txt'
[2.269s] reading manifest file '../../../build/ament_cpplint/ament_cpplint.egg-info/SOURCES.txt'
[2.269s] writing manifest file '../../../build/ament_cpplint/ament_cpplint.egg-info/SOURCES.txt'
[2.269s] running build
[2.270s] running build_py
[2.270s] creating /workspace/foxy_ws/build/ament_cpplint/build
[2.270s] creating /workspace/foxy_ws/build/ament_cpplint/build/lib
[2.270s] creating /workspace/foxy_ws/build/ament_cpplint/build/lib/ament_cpplint
[2.270s] copying ament_cpplint/main.py -> /workspace/foxy_ws/build/ament_cpplint/build/lib/ament_cpplint
[2.271s] copying ament_cpplint/__init__.py -> /workspace/foxy_ws/build/ament_cpplint/build/lib/ament_cpplint
[2.271s] copying ament_cpplint/cpplint.py -> /workspace/foxy_ws/build/ament_cpplint/build/lib/ament_cpplint
[2.272s] running install
[2.273s] running install_lib
[2.275s] creating /workspace/foxy_ws/install/lib/python3.10/site-packages/ament_cpplint
[2.275s] copying /workspace/foxy_ws/build/ament_cpplint/build/lib/ament_cpplint/main.py -> /workspace/foxy_ws/install/lib/python3.10/site-packages/ament_cpplint
[2.275s] copying /workspace/foxy_ws/build/ament_cpplint/build/lib/ament_cpplint/__init__.py -> /workspace/foxy_ws/install/lib/python3.10/site-packages/ament_cpplint
[2.276s] copying /workspace/foxy_ws/build/ament_cpplint/build/lib/ament_cpplint/cpplint.py -> /workspace/foxy_ws/install/lib/python3.10/site-packages/ament_cpplint
[2.277s] byte-compiling /workspace/foxy_ws/install/lib/python3.10/site-packages/ament_cpplint/main.py to main.cpython-310.pyc
[2.279s] byte-compiling /workspace/foxy_ws/install/lib/python3.10/site-packages/ament_cpplint/__init__.py to __init__.cpython-310.pyc
[2.280s] byte-compiling /workspace/foxy_ws/install/lib/python3.10/site-packages/ament_cpplint/cpplint.py to cpplint.cpython-310.pyc
[2.312s] running install_data
[2.313s] copying package.xml -> /workspace/foxy_ws/install/share/ament_cpplint
[2.313s] copying resource/ament_cpplint -> /workspace/foxy_ws/install/share/ament_index/resource_index/packages
[2.313s] running install_egg_info
[2.315s] Copying ../../../build/ament_cpplint/ament_cpplint.egg-info to /workspace/foxy_ws/install/lib/python3.10/site-packages/ament_cpplint-0.9.8-py3.10.egg-info
[2.316s] running install_scripts
[2.343s] Installing ament_cpplint script to /workspace/foxy_ws/install/bin
[2.344s] writing list of installed files to '/workspace/foxy_ws/build/ament_cpplint/install.log'
[2.413s] Invoked command in '/workspace/foxy_ws/src/ament_lint/ament_cpplint' returned '0': AMENT_PREFIX_PATH=/workspace/foxy_ws/install CMAKE_PREFIX_PATH=/workspace/foxy_ws/install LD_LIBRARY_PATH=/workspace/foxy_ws/install/lib PATH=/workspace/foxy_ws/install/bin:${PATH} PYTHONPATH=/workspace/foxy_ws/build/ament_cpplint/prefix_override:/workspace/foxy_ws/install/lib/python3.10/site-packages:/workspace/foxy_ws/install/lib/python3.10/site-packages /usr/bin/python3 -W ignore:setup.py install is deprecated setup.py egg_info --egg-base ../../../build/ament_cpplint build --build-base /workspace/foxy_ws/build/ament_cpplint/build install --record /workspace/foxy_ws/build/ament_cpplint/install.log --single-version-externally-managed install_data
