-- The C compiler identification is GNU 9.4.0
-- The CXX compiler identification is GNU 9.4.0
-- Check for working C compiler: /usr/bin/cc
-- Check for working C compiler: /usr/bin/cc -- works
-- Detecting C compiler ABI info
-- Detecting C compiler ABI info - done
-- Detecting C compile features
-- Detecting C compile features - done
-- Check for working CXX compiler: /usr/bin/c++
-- Check for working CXX compiler: /usr/bin/c++ -- works
-- Detecting CXX compiler ABI info
-- Detecting CXX compiler ABI info - done
-- Detecting CXX compile features
-- Detecting CXX compile features - done
-- Found ament_cmake_ros: 0.9.2 (/workspace/foxy_ws/install/share/ament_cmake_ros/cmake)
-- Found PythonInterp: /usr/bin/python3 (found suitable version "3.10.14", minimum required is "3") 
-- Using PYTHON_EXECUTABLE: /usr/bin/python3
-- Could NOT find PkgConfig (missing: PKG_CONFIG_EXECUTABLE) 
-- Found ament_lint_auto: 0.9.8 (/workspace/foxy_ws/install/share/ament_lint_auto/cmake)
-- Added test 'copyright' to check source files copyright and LICENSE
-- Added test 'cppcheck' to perform static code analysis on C / C++ code
-- Configured cppcheck include dirs: 
-- Configured cppcheck exclude dirs and/or files: 
-- Added test 'cpplint' to check C / C++ code against the Google style
-- Configured cpplint exclude dirs and/or files: 
-- Added test 'lint_cmake' to check CMake code style
-- Added test 'uncrustify' to check C / C++ code style
-- Configured uncrustify additional arguments: 
-- Added test 'xmllint' to check XML markup files
-- Configuring done
-- Generating done
-- Build files have been written to: /workspace/foxy_ws/build/tracetools
Scanning dependencies of target tracetools
[ 20%] Building CXX object CMakeFiles/tracetools.dir/src/utils.cpp.o
[ 40%] Building C object CMakeFiles/tracetools.dir/src/tracetools.c.o
[ 60%] Linking CXX shared library libtracetools.so
[ 60%] Built target tracetools
Scanning dependencies of target status
[ 80%] Building C object CMakeFiles/status.dir/src/status.c.o
[100%] Linking C executable status
[100%] Built target status
-- Install configuration: ""
-- Installing: /workspace/foxy_ws/install/share/tracetools/environment/library_path.sh
-- Installing: /workspace/foxy_ws/install/share/tracetools/environment/library_path.dsv
-- Installing: /workspace/foxy_ws/install/lib/tracetools/status
-- Set runtime path of "/workspace/foxy_ws/install/lib/tracetools/status" to ""
-- Up-to-date: /workspace/foxy_ws/install/include
-- Installing: /workspace/foxy_ws/install/include/tracetools
-- Installing: /workspace/foxy_ws/install/include/tracetools/tracetools.h
-- Installing: /workspace/foxy_ws/install/include/tracetools/visibility_control.hpp
-- Installing: /workspace/foxy_ws/install/include/tracetools/utils.hpp
-- Installing: /workspace/foxy_ws/install/include/tracetools/config.h
-- Installing: /workspace/foxy_ws/install/lib/libtracetools.so
-- Installing: /workspace/foxy_ws/install/share/ament_index/resource_index/package_run_dependencies/tracetools
-- Installing: /workspace/foxy_ws/install/share/ament_index/resource_index/parent_prefix_path/tracetools
-- Installing: /workspace/foxy_ws/install/share/tracetools/environment/ament_prefix_path.sh
-- Installing: /workspace/foxy_ws/install/share/tracetools/environment/ament_prefix_path.dsv
-- Installing: /workspace/foxy_ws/install/share/tracetools/environment/path.sh
-- Installing: /workspace/foxy_ws/install/share/tracetools/environment/path.dsv
-- Installing: /workspace/foxy_ws/install/share/tracetools/local_setup.bash
-- Installing: /workspace/foxy_ws/install/share/tracetools/local_setup.sh
-- Installing: /workspace/foxy_ws/install/share/tracetools/local_setup.zsh
-- Installing: /workspace/foxy_ws/install/share/tracetools/local_setup.dsv
-- Installing: /workspace/foxy_ws/install/share/tracetools/package.dsv
-- Installing: /workspace/foxy_ws/install/share/ament_index/resource_index/packages/tracetools
-- Installing: /workspace/foxy_ws/install/share/tracetools/cmake/tracetools_exportExport.cmake
-- Installing: /workspace/foxy_ws/install/share/tracetools/cmake/tracetools_exportExport-noconfig.cmake
-- Installing: /workspace/foxy_ws/install/share/tracetools/cmake/ament_cmake_export_targets-extras.cmake
-- Installing: /workspace/foxy_ws/install/share/tracetools/cmake/ament_cmake_export_include_directories-extras.cmake
-- Installing: /workspace/foxy_ws/install/share/tracetools/cmake/ament_cmake_export_libraries-extras.cmake
-- Installing: /workspace/foxy_ws/install/share/tracetools/cmake/tracetoolsConfig.cmake
-- Installing: /workspace/foxy_ws/install/share/tracetools/cmake/tracetoolsConfig-version.cmake
-- Installing: /workspace/foxy_ws/install/share/tracetools/package.xml
