[0.124s] Invoking command in '/workspace/foxy_ws/build/tracetools': AMENT_PREFIX_PATH=/workspace/foxy_ws/install CMAKE_PREFIX_PATH=/workspace/foxy_ws/install LD_LIBRARY_PATH=/workspace/foxy_ws/install/lib PATH=/workspace/foxy_ws/install/bin:${PATH} PKG_CONFIG_PATH=/workspace/foxy_ws/install/lib/x86_64-linux-gnu/pkgconfig:/workspace/foxy_ws/install/lib/pkgconfig PYTHONPATH=/workspace/foxy_ws/install/lib/python3.10/site-packages /usr/bin/cmake /workspace/foxy_ws/src/ros2_tracing/tracetools -DCMAKE_INSTALL_PREFIX=/workspace/foxy_ws/install
[0.225s] -- The C compiler identification is GNU 9.4.0
[0.320s] -- The CXX compiler identification is GNU 9.4.0
[0.325s] -- Check for working C compiler: /usr/bin/cc
[0.437s] -- Check for working C compiler: /usr/bin/cc -- works
[0.439s] -- Detecting C compiler ABI info
[0.524s] -- Detecting C compiler ABI info - done
[0.533s] -- Detecting C compile features
[0.533s] -- Detecting C compile features - done
[0.533s] -- Check for working CXX compiler: /usr/bin/c++
[0.631s] -- Check for working CXX compiler: /usr/bin/c++ -- works
[0.631s] -- Detecting CXX compiler ABI info
[0.692s] -- Detecting CXX compiler ABI info - done
[0.707s] -- Detecting CXX compile features
[0.707s] -- Detecting CXX compile features - done
[0.708s] -- Found ament_cmake_ros: 0.9.2 (/workspace/foxy_ws/install/share/ament_cmake_ros/cmake)
[0.740s] -- Found PythonInterp: /usr/bin/python3 (found suitable version "3.10.14", minimum required is "3") 
[0.740s] -- Using PYTHON_EXECUTABLE: /usr/bin/python3
[0.912s] -- Could NOT find PkgConfig (missing: PKG_CONFIG_EXECUTABLE) 
[0.919s] -- Found ament_lint_auto: 0.9.8 (/workspace/foxy_ws/install/share/ament_lint_auto/cmake)
[0.986s] -- Added test 'copyright' to check source files copyright and LICENSE
[0.988s] -- Added test 'cppcheck' to perform static code analysis on C / C++ code
[0.988s] -- Configured cppcheck include dirs: 
[0.988s] -- Configured cppcheck exclude dirs and/or files: 
[0.991s] -- Added test 'cpplint' to check C / C++ code against the Google style
[0.991s] -- Configured cpplint exclude dirs and/or files: 
[0.992s] -- Added test 'lint_cmake' to check CMake code style
[0.995s] -- Added test 'uncrustify' to check C / C++ code style
[0.995s] -- Configured uncrustify additional arguments: 
[0.996s] -- Added test 'xmllint' to check XML markup files
[0.999s] -- Configuring done
[1.002s] -- Generating done
[1.003s] -- Build files have been written to: /workspace/foxy_ws/build/tracetools
[1.007s] Invoked command in '/workspace/foxy_ws/build/tracetools' returned '0': AMENT_PREFIX_PATH=/workspace/foxy_ws/install CMAKE_PREFIX_PATH=/workspace/foxy_ws/install LD_LIBRARY_PATH=/workspace/foxy_ws/install/lib PATH=/workspace/foxy_ws/install/bin:${PATH} PKG_CONFIG_PATH=/workspace/foxy_ws/install/lib/x86_64-linux-gnu/pkgconfig:/workspace/foxy_ws/install/lib/pkgconfig PYTHONPATH=/workspace/foxy_ws/install/lib/python3.10/site-packages /usr/bin/cmake /workspace/foxy_ws/src/ros2_tracing/tracetools -DCMAKE_INSTALL_PREFIX=/workspace/foxy_ws/install
[1.008s] Invoking command in '/workspace/foxy_ws/build/tracetools': AMENT_PREFIX_PATH=/workspace/foxy_ws/install CMAKE_PREFIX_PATH=/workspace/foxy_ws/install LD_LIBRARY_PATH=/workspace/foxy_ws/install/lib PATH=/workspace/foxy_ws/install/bin:${PATH} PKG_CONFIG_PATH=/workspace/foxy_ws/install/lib/x86_64-linux-gnu/pkgconfig:/workspace/foxy_ws/install/lib/pkgconfig PYTHONPATH=/workspace/foxy_ws/install/lib/python3.10/site-packages /usr/bin/cmake --build /workspace/foxy_ws/build/tracetools -- -j12 -l12
[1.043s] Scanning dependencies of target tracetools
[1.051s] [ 20%] Building CXX object CMakeFiles/tracetools.dir/src/utils.cpp.o
[1.052s] [ 40%] Building C object CMakeFiles/tracetools.dir/src/tracetools.c.o
[1.207s] [ 60%] Linking CXX shared library libtracetools.so
[1.245s] [ 60%] Built target tracetools
[1.261s] Scanning dependencies of target status
[1.269s] [ 80%] Building C object CMakeFiles/status.dir/src/status.c.o
[1.293s] [100%] Linking C executable status
[1.324s] [100%] Built target status
[1.334s] Invoked command in '/workspace/foxy_ws/build/tracetools' returned '0': AMENT_PREFIX_PATH=/workspace/foxy_ws/install CMAKE_PREFIX_PATH=/workspace/foxy_ws/install LD_LIBRARY_PATH=/workspace/foxy_ws/install/lib PATH=/workspace/foxy_ws/install/bin:${PATH} PKG_CONFIG_PATH=/workspace/foxy_ws/install/lib/x86_64-linux-gnu/pkgconfig:/workspace/foxy_ws/install/lib/pkgconfig PYTHONPATH=/workspace/foxy_ws/install/lib/python3.10/site-packages /usr/bin/cmake --build /workspace/foxy_ws/build/tracetools -- -j12 -l12
[1.359s] Invoking command in '/workspace/foxy_ws/build/tracetools': AMENT_PREFIX_PATH=/workspace/foxy_ws/install CMAKE_PREFIX_PATH=/workspace/foxy_ws/install LD_LIBRARY_PATH=/workspace/foxy_ws/install/lib PATH=/workspace/foxy_ws/install/bin:${PATH} PKG_CONFIG_PATH=/workspace/foxy_ws/install/lib/x86_64-linux-gnu/pkgconfig:/workspace/foxy_ws/install/lib/pkgconfig PYTHONPATH=/workspace/foxy_ws/install/lib/python3.10/site-packages /usr/bin/cmake --install /workspace/foxy_ws/build/tracetools
[1.366s] -- Install configuration: ""
[1.366s] -- Installing: /workspace/foxy_ws/install/share/tracetools/environment/library_path.sh
[1.366s] -- Installing: /workspace/foxy_ws/install/share/tracetools/environment/library_path.dsv
[1.366s] -- Installing: /workspace/foxy_ws/install/lib/tracetools/status
[1.367s] -- Set runtime path of "/workspace/foxy_ws/install/lib/tracetools/status" to ""
[1.367s] -- Up-to-date: /workspace/foxy_ws/install/include
[1.367s] -- Installing: /workspace/foxy_ws/install/include/tracetools
[1.367s] -- Installing: /workspace/foxy_ws/install/include/tracetools/tracetools.h
[1.367s] -- Installing: /workspace/foxy_ws/install/include/tracetools/visibility_control.hpp
[1.367s] -- Installing: /workspace/foxy_ws/install/include/tracetools/utils.hpp
[1.367s] -- Installing: /workspace/foxy_ws/install/include/tracetools/config.h
[1.367s] -- Installing: /workspace/foxy_ws/install/lib/libtracetools.so
[1.367s] -- Installing: /workspace/foxy_ws/install/share/ament_index/resource_index/package_run_dependencies/tracetools
[1.367s] -- Installing: /workspace/foxy_ws/install/share/ament_index/resource_index/parent_prefix_path/tracetools
[1.368s] -- Installing: /workspace/foxy_ws/install/share/tracetools/environment/ament_prefix_path.sh
[1.368s] -- Installing: /workspace/foxy_ws/install/share/tracetools/environment/ament_prefix_path.dsv
[1.368s] -- Installing: /workspace/foxy_ws/install/share/tracetools/environment/path.sh
[1.368s] -- Installing: /workspace/foxy_ws/install/share/tracetools/environment/path.dsv
[1.368s] -- Installing: /workspace/foxy_ws/install/share/tracetools/local_setup.bash
[1.369s] -- Installing: /workspace/foxy_ws/install/share/tracetools/local_setup.sh
[1.369s] -- Installing: /workspace/foxy_ws/install/share/tracetools/local_setup.zsh
[1.369s] -- Installing: /workspace/foxy_ws/install/share/tracetools/local_setup.dsv
[1.369s] -- Installing: /workspace/foxy_ws/install/share/tracetools/package.dsv
[1.369s] -- Installing: /workspace/foxy_ws/install/share/ament_index/resource_index/packages/tracetools
[1.370s] -- Installing: /workspace/foxy_ws/install/share/tracetools/cmake/tracetools_exportExport.cmake
[1.370s] -- Installing: /workspace/foxy_ws/install/share/tracetools/cmake/tracetools_exportExport-noconfig.cmake
[1.370s] -- Installing: /workspace/foxy_ws/install/share/tracetools/cmake/ament_cmake_export_targets-extras.cmake
[1.370s] -- Installing: /workspace/foxy_ws/install/share/tracetools/cmake/ament_cmake_export_include_directories-extras.cmake
[1.370s] -- Installing: /workspace/foxy_ws/install/share/tracetools/cmake/ament_cmake_export_libraries-extras.cmake
[1.371s] -- Installing: /workspace/foxy_ws/install/share/tracetools/cmake/tracetoolsConfig.cmake
[1.371s] -- Installing: /workspace/foxy_ws/install/share/tracetools/cmake/tracetoolsConfig-version.cmake
[1.371s] -- Installing: /workspace/foxy_ws/install/share/tracetools/package.xml
[1.373s] Invoked command in '/workspace/foxy_ws/build/tracetools' returned '0': AMENT_PREFIX_PATH=/workspace/foxy_ws/install CMAKE_PREFIX_PATH=/workspace/foxy_ws/install LD_LIBRARY_PATH=/workspace/foxy_ws/install/lib PATH=/workspace/foxy_ws/install/bin:${PATH} PKG_CONFIG_PATH=/workspace/foxy_ws/install/lib/x86_64-linux-gnu/pkgconfig:/workspace/foxy_ws/install/lib/pkgconfig PYTHONPATH=/workspace/foxy_ws/install/lib/python3.10/site-packages /usr/bin/cmake --install /workspace/foxy_ws/build/tracetools
