[0.209s] Invoking command in '/workspace/foxy_ws/build/ament_cmake_export_interfaces': AMENT_PREFIX_PATH=/workspace/foxy_ws/install CMAKE_PREFIX_PATH=/workspace/foxy_ws/install LD_LIBRARY_PATH=/workspace/foxy_ws/install/lib PATH=/workspace/foxy_ws/install/bin:${PATH} PYTHONPATH=/workspace/foxy_ws/install/lib/python3.10/site-packages /usr/bin/cmake /workspace/foxy_ws/src/ament_cmake/ament_cmake_export_interfaces -DCMAKE_INSTALL_PREFIX=/workspace/foxy_ws/install
[0.316s] -- Found ament_cmake_core: 0.9.12 (/workspace/foxy_ws/install/share/ament_cmake_core/cmake)
[0.399s] -- Found PythonInterp: /usr/bin/python3 (found suitable version "3.10.14", minimum required is "3") 
[0.399s] -- Using PYTHON_EXECUTABLE: /usr/bin/python3
[1.175s] -- Configuring done
[1.175s] -- Generating done
[1.175s] -- Build files have been written to: /workspace/foxy_ws/build/ament_cmake_export_interfaces
[1.282s] Invoked command in '/workspace/foxy_ws/build/ament_cmake_export_interfaces' returned '0': AMENT_PREFIX_PATH=/workspace/foxy_ws/install CMAKE_PREFIX_PATH=/workspace/foxy_ws/install LD_LIBRARY_PATH=/workspace/foxy_ws/install/lib PATH=/workspace/foxy_ws/install/bin:${PATH} PYTHONPATH=/workspace/foxy_ws/install/lib/python3.10/site-packages /usr/bin/cmake /workspace/foxy_ws/src/ament_cmake/ament_cmake_export_interfaces -DCMAKE_INSTALL_PREFIX=/workspace/foxy_ws/install
[1.283s] Invoking command in '/workspace/foxy_ws/build/ament_cmake_export_interfaces': AMENT_PREFIX_PATH=/workspace/foxy_ws/install CMAKE_PREFIX_PATH=/workspace/foxy_ws/install LD_LIBRARY_PATH=/workspace/foxy_ws/install/lib PATH=/workspace/foxy_ws/install/bin:${PATH} PYTHONPATH=/workspace/foxy_ws/install/lib/python3.10/site-packages /usr/bin/cmake --build /workspace/foxy_ws/build/ament_cmake_export_interfaces -- -j12 -l12
[1.846s] Invoked command in '/workspace/foxy_ws/build/ament_cmake_export_interfaces' returned '0': AMENT_PREFIX_PATH=/workspace/foxy_ws/install CMAKE_PREFIX_PATH=/workspace/foxy_ws/install LD_LIBRARY_PATH=/workspace/foxy_ws/install/lib PATH=/workspace/foxy_ws/install/bin:${PATH} PYTHONPATH=/workspace/foxy_ws/install/lib/python3.10/site-packages /usr/bin/cmake --build /workspace/foxy_ws/build/ament_cmake_export_interfaces -- -j12 -l12
[2.035s] Invoking command in '/workspace/foxy_ws/build/ament_cmake_export_interfaces': AMENT_PREFIX_PATH=/workspace/foxy_ws/install CMAKE_PREFIX_PATH=/workspace/foxy_ws/install LD_LIBRARY_PATH=/workspace/foxy_ws/install/lib PATH=/workspace/foxy_ws/install/bin:${PATH} PYTHONPATH=/workspace/foxy_ws/install/lib/python3.10/site-packages /usr/bin/cmake --install /workspace/foxy_ws/build/ament_cmake_export_interfaces
[2.066s] -- Install configuration: ""
[2.066s] -- Installing: /workspace/foxy_ws/install/share/ament_index/resource_index/package_run_dependencies/ament_cmake_export_interfaces
[2.066s] -- Installing: /workspace/foxy_ws/install/share/ament_index/resource_index/parent_prefix_path/ament_cmake_export_interfaces
[2.066s] -- Installing: /workspace/foxy_ws/install/share/ament_cmake_export_interfaces/environment/ament_prefix_path.sh
[2.066s] -- Installing: /workspace/foxy_ws/install/share/ament_cmake_export_interfaces/environment/ament_prefix_path.dsv
[2.066s] -- Installing: /workspace/foxy_ws/install/share/ament_cmake_export_interfaces/environment/path.sh
[2.066s] -- Installing: /workspace/foxy_ws/install/share/ament_cmake_export_interfaces/environment/path.dsv
[2.066s] -- Installing: /workspace/foxy_ws/install/share/ament_cmake_export_interfaces/local_setup.bash
[2.066s] -- Installing: /workspace/foxy_ws/install/share/ament_cmake_export_interfaces/local_setup.sh
[2.067s] -- Installing: /workspace/foxy_ws/install/share/ament_cmake_export_interfaces/local_setup.zsh
[2.067s] -- Installing: /workspace/foxy_ws/install/share/ament_cmake_export_interfaces/local_setup.dsv
[2.067s] -- Installing: /workspace/foxy_ws/install/share/ament_cmake_export_interfaces/package.dsv
[2.067s] -- Installing: /workspace/foxy_ws/install/share/ament_index/resource_index/packages/ament_cmake_export_interfaces
[2.067s] -- Installing: /workspace/foxy_ws/install/share/ament_cmake_export_interfaces/cmake/ament_cmake_export_interfaces-extras.cmake
[2.067s] -- Installing: /workspace/foxy_ws/install/share/ament_cmake_export_interfaces/cmake/ament_cmake_export_interfacesConfig.cmake
[2.067s] -- Installing: /workspace/foxy_ws/install/share/ament_cmake_export_interfaces/cmake/ament_cmake_export_interfacesConfig-version.cmake
[2.067s] -- Installing: /workspace/foxy_ws/install/share/ament_cmake_export_interfaces/package.xml
[2.067s] -- Up-to-date: /workspace/foxy_ws/install/share/ament_cmake_export_interfaces/cmake
[2.067s] -- Installing: /workspace/foxy_ws/install/share/ament_cmake_export_interfaces/cmake/ament_export_interfaces.cmake
[2.067s] -- Installing: /workspace/foxy_ws/install/share/ament_cmake_export_interfaces/cmake/ament_cmake_export_interfaces-extras.cmake.in
[2.087s] -- Installing: /workspace/foxy_ws/install/share/ament_cmake_export_interfaces/cmake/ament_cmake_export_interfaces_package_hook.cmake
[2.093s] Invoked command in '/workspace/foxy_ws/build/ament_cmake_export_interfaces' returned '0': AMENT_PREFIX_PATH=/workspace/foxy_ws/install CMAKE_PREFIX_PATH=/workspace/foxy_ws/install LD_LIBRARY_PATH=/workspace/foxy_ws/install/lib PATH=/workspace/foxy_ws/install/bin:${PATH} PYTHONPATH=/workspace/foxy_ws/install/lib/python3.10/site-packages /usr/bin/cmake --install /workspace/foxy_ws/build/ament_cmake_export_interfaces
