-- Setting build type to 'Release' as none was specified.
-- The C compiler identification is GNU 9.4.0
-- The CXX compiler identification is GNU 9.4.0
-- Check for working C compiler: /usr/bin/cc
-- Check for working C compiler: /usr/bin/cc -- works
-- Detecting C compiler ABI info
-- Detecting C compiler ABI info - done
-- Detecting C compile features
-- Detecting C compile features - done
-- Check for working CXX compiler: /usr/bin/c++
-- Check for working CXX compiler: /usr/bin/c++ -- works
-- Detecting CXX compiler ABI info
-- Detecting CXX compiler ABI info - done
-- Detecting CXX compile features
-- Detecting CXX compile features - done
-- Configuring Fast CDR
-- Version: 1.0.13
-- To change the version modify the file configure.ac
-- Performing Test SUPPORTS_CXX14
-- Performing Test SUPPORTS_CXX14 - Success
-- Check if the system is big endian
-- Searching 16 bit integer
-- Looking for sys/types.h
-- Looking for sys/types.h - found
-- Looking for stdint.h
-- Looking for stdint.h - found
-- Looking for stddef.h
-- Looking for stddef.h - found
-- Check size of unsigned short
-- Check size of unsigned short - done
-- Using unsigned short
-- Check if the system is big endian - little endian
-- Configuring done
-- Generating done
-- Build files have been written to: /workspace/foxy_ws/build/fastcdr
Scanning dependencies of target fastcdr
[ 42%] Building CXX object src/cpp/CMakeFiles/fastcdr.dir/exceptions/Exception.cpp.o
[ 42%] Building CXX object src/cpp/CMakeFiles/fastcdr.dir/Cdr.cpp.o
[ 42%] Building CXX object src/cpp/CMakeFiles/fastcdr.dir/FastBuffer.cpp.o
[ 71%] Building CXX object src/cpp/CMakeFiles/fastcdr.dir/FastCdr.cpp.o
[ 71%] Building CXX object src/cpp/CMakeFiles/fastcdr.dir/exceptions/NotEnoughMemoryException.cpp.o
[ 85%] Building CXX object src/cpp/CMakeFiles/fastcdr.dir/exceptions/BadParamException.cpp.o
[100%] Linking CXX shared library libfastcdr.so
[100%] Built target fastcdr
-- Install configuration: "Release"
-- Installing: /workspace/foxy_ws/install/share/fastcdr/LICENSE
-- Installing: /workspace/foxy_ws/install/include/fastcdr
-- Installing: /workspace/foxy_ws/install/include/fastcdr/fastcdr_dll.h
-- Installing: /workspace/foxy_ws/install/include/fastcdr/eProsima_auto_link.h
-- Installing: /workspace/foxy_ws/install/include/fastcdr/exceptions
-- Installing: /workspace/foxy_ws/install/include/fastcdr/exceptions/BadParamException.h
-- Installing: /workspace/foxy_ws/install/include/fastcdr/exceptions/NotEnoughMemoryException.h
-- Installing: /workspace/foxy_ws/install/include/fastcdr/exceptions/Exception.h
-- Installing: /workspace/foxy_ws/install/include/fastcdr/FastCdr.h
-- Installing: /workspace/foxy_ws/install/include/fastcdr/Cdr.h
-- Installing: /workspace/foxy_ws/install/include/fastcdr/FastBuffer.h
-- Installing: /workspace/foxy_ws/install/include/fastcdr/config.h
-- Installing: /workspace/foxy_ws/install/lib/libfastcdr.so.1.0.13
-- Installing: /workspace/foxy_ws/install/lib/libfastcdr.so.1
-- Installing: /workspace/foxy_ws/install/lib/libfastcdr.so
-- Installing: /workspace/foxy_ws/install/lib/cmake/fastcdr/fastcdr-targets.cmake
-- Installing: /workspace/foxy_ws/install/lib/cmake/fastcdr/fastcdr-targets-release.cmake
-- Installing: /workspace/foxy_ws/install/lib/cmake/fastcdr/fastcdr-config.cmake
-- Installing: /workspace/foxy_ws/install/lib/cmake/fastcdr/fastcdr-config-version.cmake
