[0.521s] Invoking command in '/workspace/foxy_ws/build/fastcdr': /usr/bin/cmake /workspace/foxy_ws/src/fastcdr -DCMAKE_INSTALL_PREFIX=/workspace/foxy_ws/install
[0.738s] -- Setting build type to 'Release' as none was specified.
[0.738s] -- The C compiler identification is GNU 9.4.0
[0.738s] -- The CXX compiler identification is GNU 9.4.0
[0.739s] -- Check for working C compiler: /usr/bin/cc
[0.739s] -- Check for working C compiler: /usr/bin/cc -- works
[0.739s] -- Detecting C compiler ABI info
[0.796s] -- Detecting C compiler ABI info - done
[0.829s] -- Detecting C compile features
[0.829s] -- Detecting C compile features - done
[0.829s] -- Check for working CXX compiler: /usr/bin/c++
[0.911s] -- Check for working CXX compiler: /usr/bin/c++ -- works
[0.913s] -- Detecting CXX compiler ABI info
[0.999s] -- Detecting CXX compiler ABI info - done
[1.015s] -- Detecting CXX compile features
[1.016s] -- Detecting CXX compile features - done
[1.017s] -- Configuring Fast CDR
[1.017s] -- Version: 1.0.13
[1.017s] -- To change the version modify the file configure.ac
[1.022s] -- Performing Test SUPPORTS_CXX14
[1.105s] -- Performing Test SUPPORTS_CXX14 - Success
[1.106s] -- Check if the system is big endian
[1.106s] -- Searching 16 bit integer
[1.107s] -- Looking for sys/types.h
[1.182s] -- Looking for sys/types.h - found
[1.182s] -- Looking for stdint.h
[1.253s] -- Looking for stdint.h - found
[1.253s] -- Looking for stddef.h
[1.321s] -- Looking for stddef.h - found
[1.322s] -- Check size of unsigned short
[1.396s] -- Check size of unsigned short - done
[1.402s] -- Using unsigned short
[1.461s] -- Check if the system is big endian - little endian
[1.489s] -- Configuring done
[1.489s] -- Generating done
[1.489s] -- Build files have been written to: /workspace/foxy_ws/build/fastcdr
[1.513s] Invoked command in '/workspace/foxy_ws/build/fastcdr' returned '0': /usr/bin/cmake /workspace/foxy_ws/src/fastcdr -DCMAKE_INSTALL_PREFIX=/workspace/foxy_ws/install
[1.514s] Invoking command in '/workspace/foxy_ws/build/fastcdr': /usr/bin/cmake --build /workspace/foxy_ws/build/fastcdr -- -j12 -l12
[1.790s] Scanning dependencies of target fastcdr
[1.791s] [ 42%] Building CXX object src/cpp/CMakeFiles/fastcdr.dir/exceptions/Exception.cpp.o
[1.791s] [ 42%] Building CXX object src/cpp/CMakeFiles/fastcdr.dir/Cdr.cpp.o
[1.791s] [ 42%] Building CXX object src/cpp/CMakeFiles/fastcdr.dir/FastBuffer.cpp.o
[1.792s] [ 71%] Building CXX object src/cpp/CMakeFiles/fastcdr.dir/FastCdr.cpp.o
[1.792s] [ 71%] Building CXX object src/cpp/CMakeFiles/fastcdr.dir/exceptions/NotEnoughMemoryException.cpp.o
[1.792s] [ 85%] Building CXX object src/cpp/CMakeFiles/fastcdr.dir/exceptions/BadParamException.cpp.o
[4.160s] [100%] Linking CXX shared library libfastcdr.so
[4.486s] [100%] Built target fastcdr
[4.541s] Invoked command in '/workspace/foxy_ws/build/fastcdr' returned '0': /usr/bin/cmake --build /workspace/foxy_ws/build/fastcdr -- -j12 -l12
[4.881s] Invoking command in '/workspace/foxy_ws/build/fastcdr': /usr/bin/cmake --install /workspace/foxy_ws/build/fastcdr
[5.032s] -- Install configuration: "Release"
[5.032s] -- Installing: /workspace/foxy_ws/install/share/fastcdr/LICENSE
[5.032s] -- Installing: /workspace/foxy_ws/install/include/fastcdr
[5.032s] -- Installing: /workspace/foxy_ws/install/include/fastcdr/fastcdr_dll.h
[5.032s] -- Installing: /workspace/foxy_ws/install/include/fastcdr/eProsima_auto_link.h
[5.032s] -- Installing: /workspace/foxy_ws/install/include/fastcdr/exceptions
[5.032s] -- Installing: /workspace/foxy_ws/install/include/fastcdr/exceptions/BadParamException.h
[5.032s] -- Installing: /workspace/foxy_ws/install/include/fastcdr/exceptions/NotEnoughMemoryException.h
[5.032s] -- Installing: /workspace/foxy_ws/install/include/fastcdr/exceptions/Exception.h
[5.032s] -- Installing: /workspace/foxy_ws/install/include/fastcdr/FastCdr.h
[5.032s] -- Installing: /workspace/foxy_ws/install/include/fastcdr/Cdr.h
[5.032s] -- Installing: /workspace/foxy_ws/install/include/fastcdr/FastBuffer.h
[5.033s] -- Installing: /workspace/foxy_ws/install/include/fastcdr/config.h
[5.033s] -- Installing: /workspace/foxy_ws/install/lib/libfastcdr.so.1.0.13
[5.033s] -- Installing: /workspace/foxy_ws/install/lib/libfastcdr.so.1
[5.033s] -- Installing: /workspace/foxy_ws/install/lib/libfastcdr.so
[5.033s] -- Installing: /workspace/foxy_ws/install/lib/cmake/fastcdr/fastcdr-targets.cmake
[5.033s] -- Installing: /workspace/foxy_ws/install/lib/cmake/fastcdr/fastcdr-targets-release.cmake
[5.033s] -- Installing: /workspace/foxy_ws/install/lib/cmake/fastcdr/fastcdr-config.cmake
[5.033s] -- Installing: /workspace/foxy_ws/install/lib/cmake/fastcdr/fastcdr-config-version.cmake
[5.074s] Invoked command in '/workspace/foxy_ws/build/fastcdr' returned '0': /usr/bin/cmake --install /workspace/foxy_ws/build/fastcdr
