running egg_info
creating ../../../build/domain_coordinator/domain_coordinator.egg-info
writing ../../../build/domain_coordinator/domain_coordinator.egg-info/PKG-INFO
writing dependency_links to ../../../build/domain_coordinator/domain_coordinator.egg-info/dependency_links.txt
writing requirements to ../../../build/domain_coordinator/domain_coordinator.egg-info/requires.txt
writing top-level names to ../../../build/domain_coordinator/domain_coordinator.egg-info/top_level.txt
writing manifest file '../../../build/domain_coordinator/domain_coordinator.egg-info/SOURCES.txt'
reading manifest file '../../../build/domain_coordinator/domain_coordinator.egg-info/SOURCES.txt'
writing manifest file '../../../build/domain_coordinator/domain_coordinator.egg-info/SOURCES.txt'
running build
running build_py
creating /workspace/foxy_ws/build/domain_coordinator/build
creating /workspace/foxy_ws/build/domain_coordinator/build/lib
creating /workspace/foxy_ws/build/domain_coordinator/build/lib/domain_coordinator
copying domain_coordinator/__init__.py -> /workspace/foxy_ws/build/domain_coordinator/build/lib/domain_coordinator
running install
running install_lib
creating /workspace/foxy_ws/install/lib/python3.10/site-packages/domain_coordinator
copying /workspace/foxy_ws/build/domain_coordinator/build/lib/domain_coordinator/__init__.py -> /workspace/foxy_ws/install/lib/python3.10/site-packages/domain_coordinator
byte-compiling /workspace/foxy_ws/install/lib/python3.10/site-packages/domain_coordinator/__init__.py to __init__.cpython-310.pyc
running install_data
copying package.xml -> /workspace/foxy_ws/install/share/domain_coordinator
copying resource/domain_coordinator -> /workspace/foxy_ws/install/share/ament_index/resource_index/packages
running install_egg_info
Copying ../../../build/domain_coordinator/domain_coordinator.egg-info to /workspace/foxy_ws/install/lib/python3.10/site-packages/domain_coordinator-0.9.2-py3.10.egg-info
running install_scripts
writing list of installed files to '/workspace/foxy_ws/build/domain_coordinator/install.log'
