[1.995s] Invoking command in '/workspace/foxy_ws/src/ament_cmake_ros/domain_coordinator': AMENT_PREFIX_PATH=/workspace/foxy_ws/install CMAKE_PREFIX_PATH=/workspace/foxy_ws/install LD_LIBRARY_PATH=/workspace/foxy_ws/install/lib PATH=/workspace/foxy_ws/install/bin:${PATH} PYTHONPATH=/workspace/foxy_ws/build/domain_coordinator/prefix_override:/workspace/foxy_ws/install/lib/python3.10/site-packages:/workspace/foxy_ws/install/lib/python3.10/site-packages /usr/bin/python3 -W ignore:setup.py install is deprecated setup.py egg_info --egg-base ../../../build/domain_coordinator build --build-base /workspace/foxy_ws/build/domain_coordinator/build install --record /workspace/foxy_ws/build/domain_coordinator/install.log --single-version-externally-managed install_data
[2.242s] running egg_info
[2.243s] creating ../../../build/domain_coordinator/domain_coordinator.egg-info
[2.243s] writing ../../../build/domain_coordinator/domain_coordinator.egg-info/PKG-INFO
[2.244s] writing dependency_links to ../../../build/domain_coordinator/domain_coordinator.egg-info/dependency_links.txt
[2.244s] writing requirements to ../../../build/domain_coordinator/domain_coordinator.egg-info/requires.txt
[2.244s] writing top-level names to ../../../build/domain_coordinator/domain_coordinator.egg-info/top_level.txt
[2.245s] writing manifest file '../../../build/domain_coordinator/domain_coordinator.egg-info/SOURCES.txt'
[2.247s] reading manifest file '../../../build/domain_coordinator/domain_coordinator.egg-info/SOURCES.txt'
[2.248s] writing manifest file '../../../build/domain_coordinator/domain_coordinator.egg-info/SOURCES.txt'
[2.248s] running build
[2.249s] running build_py
[2.249s] creating /workspace/foxy_ws/build/domain_coordinator/build
[2.249s] creating /workspace/foxy_ws/build/domain_coordinator/build/lib
[2.249s] creating /workspace/foxy_ws/build/domain_coordinator/build/lib/domain_coordinator
[2.250s] copying domain_coordinator/__init__.py -> /workspace/foxy_ws/build/domain_coordinator/build/lib/domain_coordinator
[2.251s] running install
[2.252s] running install_lib
[2.253s] creating /workspace/foxy_ws/install/lib/python3.10/site-packages/domain_coordinator
[2.253s] copying /workspace/foxy_ws/build/domain_coordinator/build/lib/domain_coordinator/__init__.py -> /workspace/foxy_ws/install/lib/python3.10/site-packages/domain_coordinator
[2.254s] byte-compiling /workspace/foxy_ws/install/lib/python3.10/site-packages/domain_coordinator/__init__.py to __init__.cpython-310.pyc
[2.255s] running install_data
[2.255s] copying package.xml -> /workspace/foxy_ws/install/share/domain_coordinator
[2.255s] copying resource/domain_coordinator -> /workspace/foxy_ws/install/share/ament_index/resource_index/packages
[2.255s] running install_egg_info
[2.259s] Copying ../../../build/domain_coordinator/domain_coordinator.egg-info to /workspace/foxy_ws/install/lib/python3.10/site-packages/domain_coordinator-0.9.2-py3.10.egg-info
[2.260s] running install_scripts
[2.285s] writing list of installed files to '/workspace/foxy_ws/build/domain_coordinator/install.log'
[2.399s] Invoked command in '/workspace/foxy_ws/src/ament_cmake_ros/domain_coordinator' returned '0': AMENT_PREFIX_PATH=/workspace/foxy_ws/install CMAKE_PREFIX_PATH=/workspace/foxy_ws/install LD_LIBRARY_PATH=/workspace/foxy_ws/install/lib PATH=/workspace/foxy_ws/install/bin:${PATH} PYTHONPATH=/workspace/foxy_ws/build/domain_coordinator/prefix_override:/workspace/foxy_ws/install/lib/python3.10/site-packages:/workspace/foxy_ws/install/lib/python3.10/site-packages /usr/bin/python3 -W ignore:setup.py install is deprecated setup.py egg_info --egg-base ../../../build/domain_coordinator build --build-base /workspace/foxy_ws/build/domain_coordinator/build install --record /workspace/foxy_ws/build/domain_coordinator/install.log --single-version-externally-managed install_data
