[0.143s] Invoking command in '/workspace/foxy_ws/build/uncrustify_vendor': AMENT_PREFIX_PATH=/workspace/foxy_ws/install CMAKE_PREFIX_PATH=/workspace/foxy_ws/install LD_LIBRARY_PATH=/workspace/foxy_ws/install/lib PATH=/workspace/foxy_ws/install/bin:${PATH} PYTHONPATH=/workspace/foxy_ws/install/lib/python3.10/site-packages /usr/bin/cmake /workspace/foxy_ws/src/uncrustify_vendor -DCMAKE_INSTALL_PREFIX=/workspace/foxy_ws/install
[0.228s] -- The C compiler identification is GNU 9.4.0
[0.313s] -- The CXX compiler identification is GNU 9.4.0
[0.314s] -- Check for working C compiler: /usr/bin/cc
[0.417s] -- Check for working C compiler: /usr/bin/cc -- works
[0.423s] -- Detecting C compiler ABI info
[0.525s] -- Detecting C compiler ABI info - done
[0.531s] -- Detecting C compile features
[0.531s] -- Detecting C compile features - done
[0.535s] -- Check for working CXX compiler: /usr/bin/c++
[0.671s] -- Check for working CXX compiler: /usr/bin/c++ -- works
[0.672s] -- Detecting CXX compiler ABI info
[0.972s] -- Detecting CXX compiler ABI info - done
[0.973s] -- Detecting CXX compile features
[0.973s] -- Detecting CXX compile features - done
[0.973s] -- Found ament_cmake: 0.9.12 (/workspace/foxy_ws/install/share/ament_cmake/cmake)
[0.973s] -- Found PythonInterp: /usr/bin/python3 (found suitable version "3.10.14", minimum required is "3") 
[0.974s] -- Using PYTHON_EXECUTABLE: /usr/bin/python3
[0.979s] -- Found Patch: /usr/bin/patch  
[1.243s] -- Configuring done
[1.244s] -- Generating done
[1.244s] -- Build files have been written to: /workspace/foxy_ws/build/uncrustify_vendor
[1.246s] Invoked command in '/workspace/foxy_ws/build/uncrustify_vendor' returned '0': AMENT_PREFIX_PATH=/workspace/foxy_ws/install CMAKE_PREFIX_PATH=/workspace/foxy_ws/install LD_LIBRARY_PATH=/workspace/foxy_ws/install/lib PATH=/workspace/foxy_ws/install/bin:${PATH} PYTHONPATH=/workspace/foxy_ws/install/lib/python3.10/site-packages /usr/bin/cmake /workspace/foxy_ws/src/uncrustify_vendor -DCMAKE_INSTALL_PREFIX=/workspace/foxy_ws/install
[1.246s] Invoking command in '/workspace/foxy_ws/build/uncrustify_vendor': AMENT_PREFIX_PATH=/workspace/foxy_ws/install CMAKE_PREFIX_PATH=/workspace/foxy_ws/install LD_LIBRARY_PATH=/workspace/foxy_ws/install/lib PATH=/workspace/foxy_ws/install/bin:${PATH} PYTHONPATH=/workspace/foxy_ws/install/lib/python3.10/site-packages /usr/bin/cmake --build /workspace/foxy_ws/build/uncrustify_vendor -- -j12 -l12
[1.277s] Scanning dependencies of target uncrustify-0.68.1
[1.286s] [ 12%] Creating directories for 'uncrustify-0.68.1'
[1.346s] [ 25%] Performing download step (download, verify and extract) for 'uncrustify-0.68.1'
[1.348s] -- Downloading...
[1.349s]    dst='/workspace/foxy_ws/build/uncrustify_vendor/uncrustify-0.68.1-prefix/src/45b836cff040594994d364ad6fd3f04adc890a26.tar.gz'
[1.349s]    timeout='600 seconds'
[1.349s] -- Using src='https://github.com/uncrustify/uncrustify/archive/45b836cff040594994d364ad6fd3f04adc890a26.tar.gz'
[3.095s] -- verifying file...
[3.095s]        file='/workspace/foxy_ws/build/uncrustify_vendor/uncrustify-0.68.1-prefix/src/45b836cff040594994d364ad6fd3f04adc890a26.tar.gz'
[3.095s] -- Downloading... done
[3.096s] -- extracting...
[3.096s]      src='/workspace/foxy_ws/build/uncrustify_vendor/uncrustify-0.68.1-prefix/src/45b836cff040594994d364ad6fd3f04adc890a26.tar.gz'
[3.096s]      dst='/workspace/foxy_ws/build/uncrustify_vendor/uncrustify-0.68.1-prefix/src/uncrustify-0.68.1'
[3.096s] -- extracting... [tar xfz]
[3.097s] -- extracting... [analysis]
[3.097s] -- extracting... [rename]
[3.097s] -- extracting... [clean up]
[3.097s] -- extracting... done
[3.097s] [ 37%] No update step for 'uncrustify-0.68.1'
[3.097s] [ 50%] Performing patch step for 'uncrustify-0.68.1'
[3.097s] patching file CMakeLists.txt
[3.097s] [ 62%] Performing configure step for 'uncrustify-0.68.1'
[3.175s] -- The C compiler identification is GNU 9.4.0
[3.228s] -- The CXX compiler identification is GNU 9.4.0
[3.228s] -- Check for working C compiler: /usr/bin/cc
[3.367s] -- Check for working C compiler: /usr/bin/cc -- works
[3.368s] -- Detecting C compiler ABI info
[3.456s] -- Detecting C compiler ABI info - done
[3.472s] -- Detecting C compile features
[3.472s] -- Detecting C compile features - done
[3.478s] -- Check for working CXX compiler: /usr/bin/c++
[3.568s] -- Check for working CXX compiler: /usr/bin/c++ -- works
[3.570s] -- Detecting CXX compiler ABI info
[3.646s] -- Detecting CXX compiler ABI info - done
[3.647s] -- Detecting CXX compile features
[3.647s] -- Detecting CXX compile features - done
[3.662s] -- Performing Test CXXFLAG_Wall
[3.719s] -- Performing Test CXXFLAG_Wall - Success
[3.724s] -- Performing Test CXXFLAG_Wextra
[3.797s] -- Performing Test CXXFLAG_Wextra - Success
[3.802s] -- Performing Test CXXFLAG_Wshadow
[3.865s] -- Performing Test CXXFLAG_Wshadow - Success
[3.869s] -- Performing Test CXXFLAG_Wpointer_arith
[3.931s] -- Performing Test CXXFLAG_Wpointer_arith - Success
[3.935s] -- Performing Test CXXFLAG_Wcast_qual
[3.999s] -- Performing Test CXXFLAG_Wcast_qual - Success
[4.003s] -- Performing Test CXXFLAG_Wcast_align
[4.063s] -- Performing Test CXXFLAG_Wcast_align - Success
[4.067s] -- Performing Test CXXFLAG_Wc_11_extensions
[4.090s] -- Performing Test CXXFLAG_Wc_11_extensions - Failed
[4.091s] -- Looking for C++ include inttypes.h
[4.155s] -- Looking for C++ include inttypes.h - found
[4.155s] -- Looking for C++ include memory.h
[4.221s] -- Looking for C++ include memory.h - found
[4.221s] -- Looking for C++ include stdint.h
[4.288s] -- Looking for C++ include stdint.h - found
[4.288s] -- Looking for C++ include stdlib.h
[4.359s] -- Looking for C++ include stdlib.h - found
[4.359s] -- Looking for C++ include strings.h
[4.428s] -- Looking for C++ include strings.h - found
[4.428s] -- Looking for C++ include string.h
[4.496s] -- Looking for C++ include string.h - found
[4.496s] -- Looking for C++ include sys/stat.h
[4.566s] -- Looking for C++ include sys/stat.h - found
[4.567s] -- Looking for C++ include sys/types.h
[4.633s] -- Looking for C++ include sys/types.h - found
[4.634s] -- Looking for C++ include unistd.h
[4.700s] -- Looking for C++ include unistd.h - found
[4.700s] -- Looking for C++ include utime.h
[4.766s] -- Looking for C++ include utime.h - found
[4.766s] -- Looking for stdbool.h
[4.822s] -- Looking for stdbool.h - found
[4.822s] -- Looking for memset
[4.904s] -- Looking for memset - found
[4.904s] -- Looking for strcasecmp
[4.978s] -- Looking for strcasecmp - found
[4.978s] -- Looking for strchr
[5.016s] -- Looking for strchr - not found
[5.017s] -- Looking for strdup
[5.092s] -- Looking for strdup - found
[5.093s] -- Looking for strerror
[5.167s] -- Looking for strerror - found
[5.168s] -- Looking for strtol
[5.241s] -- Looking for strtol - found
[5.242s] -- Looking for strtoul
[5.324s] -- Looking for strtoul - found
[5.325s] -- Looking for stddef.h
[5.378s] -- Looking for stddef.h - found
[5.379s] -- Check size of _Bool
[5.438s] -- Check size of _Bool - done
[5.454s] -- Found PythonInterp: /usr/bin/python3.8 (found version "3.8.10") 
[5.474s] -- scripts/make_version.py exited with code 64: Unknown version control system in '/workspace/foxy_ws/build/uncrustify_vendor/uncrustify-0.68.1-prefix/src/uncrustify-0.68.1'.
[5.474s] 
[5.474s] As a fallback, version 'Uncrustify-0.69.0_f' will be used.
[5.501s] -- Configuring done
[5.567s] -- Generating done
[5.579s] -- Build files have been written to: /workspace/foxy_ws/build/uncrustify_vendor/uncrustify-0.68.1-prefix/src/uncrustify-0.68.1-build
[5.596s] [ 75%] Performing build step for 'uncrustify-0.68.1'
[5.624s] [  5%] Generating options.cpp
[5.624s] [  7%] Generating option_enum.h
[5.624s] [  7%] Generating option_enum.cpp
[5.624s] [  7%] Generating token_names.h
[5.625s] [  7%] Generating punctuator_table.h
[5.698s] Scanning dependencies of target uncrustify
[5.713s] [ 13%] Building CXX object CMakeFiles/uncrustify.dir/src/align_add.cpp.o
[5.713s] [ 13%] Building CXX object CMakeFiles/uncrustify.dir/src/align_assign.cpp.o
[5.713s] [ 13%] Building CXX object CMakeFiles/uncrustify.dir/src/align_func_params.cpp.o
[5.713s] [ 13%] Building CXX object CMakeFiles/uncrustify.dir/src/align_log_al.cpp.o
[5.713s] [ 13%] Building CXX object CMakeFiles/uncrustify.dir/src/align_func_proto.cpp.o
[5.713s] [ 15%] Building CXX object CMakeFiles/uncrustify.dir/src/align_left_shift.cpp.o
[5.713s] [ 18%] Building CXX object CMakeFiles/uncrustify.dir/src/align_oc_decl_colon.cpp.o
[5.713s] [ 18%] Building CXX object CMakeFiles/uncrustify.dir/src/align_asm_colon.cpp.o
[5.713s] [ 18%] Building CXX object CMakeFiles/uncrustify.dir/src/align.cpp.o
[5.714s] [ 18%] Building CXX object CMakeFiles/uncrustify.dir/src/align_init_brace.cpp.o
[5.718s] [ 21%] Building CXX object CMakeFiles/uncrustify.dir/src/align_oc_msg_spec.cpp.o
[5.741s] [ 23%] Building CXX object CMakeFiles/uncrustify.dir/src/align_nl_cont.cpp.o
[6.049s] [ 23%] Building CXX object CMakeFiles/uncrustify.dir/src/align_oc_msg_colons.cpp.o
[6.061s] [ 26%] Building CXX object CMakeFiles/uncrustify.dir/src/align_preprocessor.cpp.o
[6.073s] [ 28%] Building CXX object CMakeFiles/uncrustify.dir/src/align_stack.cpp.o
[6.076s] [ 28%] Building CXX object CMakeFiles/uncrustify.dir/src/align_same_func_call_params.cpp.o
[6.115s] [ 31%] Building CXX object CMakeFiles/uncrustify.dir/src/align_struct_initializers.cpp.o
[6.115s] [ 31%] Building CXX object CMakeFiles/uncrustify.dir/src/align_tab_column.cpp.o
[6.125s] [ 31%] Building CXX object CMakeFiles/uncrustify.dir/src/align_trailing_comments.cpp.o
[6.128s] [ 34%] Building CXX object CMakeFiles/uncrustify.dir/src/align_tools.cpp.o
[6.169s] [ 36%] Building CXX object CMakeFiles/uncrustify.dir/src/align_typedefs.cpp.o
[6.171s] [ 39%] Building CXX object CMakeFiles/uncrustify.dir/src/args.cpp.o
[6.173s] [ 39%] Building CXX object CMakeFiles/uncrustify.dir/src/align_var_def_brace.cpp.o
[6.179s] [ 39%] Building CXX object CMakeFiles/uncrustify.dir/src/backup.cpp.o
[6.261s] [ 42%] Building CXX object CMakeFiles/uncrustify.dir/src/braces.cpp.o
[6.417s] [ 42%] Building CXX object CMakeFiles/uncrustify.dir/src/brace_cleanup.cpp.o
[6.432s] [ 44%] Building CXX object CMakeFiles/uncrustify.dir/src/ChunkStack.cpp.o
[6.490s] [ 50%] Building CXX object CMakeFiles/uncrustify.dir/src/combine.cpp.o
[6.491s] [ 50%] Building CXX object CMakeFiles/uncrustify.dir/src/compat_posix.cpp.o
[6.500s] [ 50%] Building CXX object CMakeFiles/uncrustify.dir/src/chunk_list.cpp.o
[6.502s] [ 50%] Building CXX object CMakeFiles/uncrustify.dir/src/combine_labels.cpp.o
[6.550s] [ 50%] Building CXX object CMakeFiles/uncrustify.dir/src/compat_win32.cpp.o
[6.581s] [ 52%] Building CXX object CMakeFiles/uncrustify.dir/src/cs_top_is_question.cpp.o
[6.627s] [ 52%] Building CXX object CMakeFiles/uncrustify.dir/src/detect.cpp.o
[6.634s] [ 55%] Building CXX object CMakeFiles/uncrustify.dir/src/enum_cleanup.cpp.o
[6.667s] [ 55%] Building CXX object CMakeFiles/uncrustify.dir/src/flag_parens.cpp.o
[6.717s] [ 57%] Building CXX object CMakeFiles/uncrustify.dir/src/indent.cpp.o
[6.823s] [ 57%] Building CXX object CMakeFiles/uncrustify.dir/src/keywords.cpp.o
[6.878s] [ 60%] Building CXX object CMakeFiles/uncrustify.dir/src/lang_pawn.cpp.o
[6.880s] [ 60%] Building CXX object CMakeFiles/uncrustify.dir/src/language_tools.cpp.o
[6.894s] [ 63%] Building CXX object CMakeFiles/uncrustify.dir/src/logger.cpp.o
[6.903s] [ 63%] Building CXX object CMakeFiles/uncrustify.dir/src/logmask.cpp.o
[7.001s] [ 65%] Building CXX object CMakeFiles/uncrustify.dir/src/md5.cpp.o
[7.022s] [ 68%] Building CXX object CMakeFiles/uncrustify.dir/src/newlines.cpp.o
[7.034s] [ 68%] Building CXX object CMakeFiles/uncrustify.dir/src/option.cpp.o
[7.096s] [ 71%] Building CXX object CMakeFiles/uncrustify.dir/src/options_for_QT.cpp.o
[7.108s] [ 71%] Building CXX object CMakeFiles/uncrustify.dir/src/output.cpp.o
[7.115s] [ 73%] Building CXX object CMakeFiles/uncrustify.dir/src/parens.cpp.o
[7.214s] [ 73%] Building CXX object CMakeFiles/uncrustify.dir/src/quick_align_again.cpp.o
[7.232s] [ 76%] Building CXX object CMakeFiles/uncrustify.dir/src/frame_list.cpp.o
[7.305s] [ 76%] Building CXX object CMakeFiles/uncrustify.dir/src/ParseFrame.cpp.o
[7.411s] [ 76%] Building CXX object CMakeFiles/uncrustify.dir/src/semicolons.cpp.o
[7.427s] [ 78%] Building CXX object CMakeFiles/uncrustify.dir/src/sorting.cpp.o
[7.428s] [ 81%] Building CXX object CMakeFiles/uncrustify.dir/src/punctuators.cpp.o
[7.492s] [ 81%] Building CXX object CMakeFiles/uncrustify.dir/src/space.cpp.o
[7.634s] [ 84%] Building CXX object CMakeFiles/uncrustify.dir/src/tokenize.cpp.o
[7.747s] [ 84%] Building CXX object CMakeFiles/uncrustify.dir/src/tokenize_cleanup.cpp.o
[7.778s] [ 86%] Building CXX object CMakeFiles/uncrustify.dir/src/uncrustify.cpp.o
[7.873s] [ 89%] Building CXX object CMakeFiles/uncrustify.dir/src/unc_text.cpp.o
[7.875s] [ 89%] Building CXX object CMakeFiles/uncrustify.dir/src/uncrustify_types.cpp.o
[7.891s] [ 89%] Building CXX object CMakeFiles/uncrustify.dir/src/unc_tools.cpp.o
[7.957s] [ 92%] Building CXX object CMakeFiles/uncrustify.dir/src/unicode.cpp.o
[7.961s] [ 92%] Building CXX object CMakeFiles/uncrustify.dir/src/universalindentgui.cpp.o
[8.023s] [ 94%] Building CXX object CMakeFiles/uncrustify.dir/src/width.cpp.o
[8.147s] [ 94%] Building CXX object CMakeFiles/uncrustify.dir/src/options.cpp.o
[8.219s] [ 97%] Building CXX object CMakeFiles/uncrustify.dir/src/option_enum.cpp.o
[9.553s] [100%] Linking CXX executable uncrustify
[9.745s] [100%] Built target uncrustify
[9.765s] [ 87%] Performing install step for 'uncrustify-0.68.1'
[9.812s] [100%] Built target uncrustify
[9.829s] Install the project...
[9.836s] -- Install configuration: ""
[9.836s] -- Installing: /workspace/foxy_ws/build/uncrustify_vendor/uncrustify_vendor_install/bin/uncrustify
[9.853s] [100%] Completed 'uncrustify-0.68.1'
[9.876s] [100%] Built target uncrustify-0.68.1
[9.884s] Invoked command in '/workspace/foxy_ws/build/uncrustify_vendor' returned '0': AMENT_PREFIX_PATH=/workspace/foxy_ws/install CMAKE_PREFIX_PATH=/workspace/foxy_ws/install LD_LIBRARY_PATH=/workspace/foxy_ws/install/lib PATH=/workspace/foxy_ws/install/bin:${PATH} PYTHONPATH=/workspace/foxy_ws/install/lib/python3.10/site-packages /usr/bin/cmake --build /workspace/foxy_ws/build/uncrustify_vendor -- -j12 -l12
[9.897s] Invoking command in '/workspace/foxy_ws/build/uncrustify_vendor': AMENT_PREFIX_PATH=/workspace/foxy_ws/install CMAKE_PREFIX_PATH=/workspace/foxy_ws/install LD_LIBRARY_PATH=/workspace/foxy_ws/install/lib PATH=/workspace/foxy_ws/install/bin:${PATH} PYTHONPATH=/workspace/foxy_ws/install/lib/python3.10/site-packages /usr/bin/cmake --install /workspace/foxy_ws/build/uncrustify_vendor
[9.903s] -- Install configuration: ""
[9.903s] -- Up-to-date: /workspace/foxy_ws/install
[9.904s] -- Up-to-date: /workspace/foxy_ws/install/bin
[9.904s] -- Installing: /workspace/foxy_ws/install/bin/uncrustify
[9.906s] -- Installing: /workspace/foxy_ws/install/share/ament_index/resource_index/package_run_dependencies/uncrustify_vendor
[9.906s] -- Installing: /workspace/foxy_ws/install/share/ament_index/resource_index/parent_prefix_path/uncrustify_vendor
[9.907s] -- Installing: /workspace/foxy_ws/install/share/uncrustify_vendor/environment/ament_prefix_path.sh
[9.907s] -- Installing: /workspace/foxy_ws/install/share/uncrustify_vendor/environment/ament_prefix_path.dsv
[9.907s] -- Installing: /workspace/foxy_ws/install/share/uncrustify_vendor/environment/path.sh
[9.907s] -- Installing: /workspace/foxy_ws/install/share/uncrustify_vendor/environment/path.dsv
[9.907s] -- Installing: /workspace/foxy_ws/install/share/uncrustify_vendor/local_setup.bash
[9.907s] -- Installing: /workspace/foxy_ws/install/share/uncrustify_vendor/local_setup.sh
[9.907s] -- Installing: /workspace/foxy_ws/install/share/uncrustify_vendor/local_setup.zsh
[9.908s] -- Installing: /workspace/foxy_ws/install/share/uncrustify_vendor/local_setup.dsv
[9.908s] -- Installing: /workspace/foxy_ws/install/share/uncrustify_vendor/package.dsv
[9.908s] -- Installing: /workspace/foxy_ws/install/share/ament_index/resource_index/packages/uncrustify_vendor
[9.908s] -- Installing: /workspace/foxy_ws/install/share/uncrustify_vendor/cmake/uncrustify_vendorConfig.cmake
[9.908s] -- Installing: /workspace/foxy_ws/install/share/uncrustify_vendor/cmake/uncrustify_vendorConfig-version.cmake
[9.908s] -- Installing: /workspace/foxy_ws/install/share/uncrustify_vendor/package.xml
[9.910s] Invoked command in '/workspace/foxy_ws/build/uncrustify_vendor' returned '0': AMENT_PREFIX_PATH=/workspace/foxy_ws/install CMAKE_PREFIX_PATH=/workspace/foxy_ws/install LD_LIBRARY_PATH=/workspace/foxy_ws/install/lib PATH=/workspace/foxy_ws/install/bin:${PATH} PYTHONPATH=/workspace/foxy_ws/install/lib/python3.10/site-packages /usr/bin/cmake --install /workspace/foxy_ws/build/uncrustify_vendor
