[0.073s] Invoking command in '/workspace/foxy_ws/build/rosidl_typesupport_fastrtps_cpp': AMENT_PREFIX_PATH=/workspace/foxy_ws/install CMAKE_PREFIX_PATH=/workspace/foxy_ws/install LD_LIBRARY_PATH=/workspace/foxy_ws/install/lib PATH=/workspace/foxy_ws/install/bin:${PATH} PKG_CONFIG_PATH=/workspace/foxy_ws/install/lib/x86_64-linux-gnu/pkgconfig:/workspace/foxy_ws/install/lib/pkgconfig PYTHONPATH=/workspace/foxy_ws/install/lib/python3.10/site-packages /usr/bin/cmake /workspace/foxy_ws/src/rosidl_typesupport_fastrtps/rosidl_typesupport_fastrtps_cpp -DCMAKE_INSTALL_PREFIX=/workspace/foxy_ws/install
[0.124s] -- The C compiler identification is GNU 9.4.0
[0.170s] -- The CXX compiler identification is GNU 9.4.0
[0.174s] -- Check for working C compiler: /usr/bin/cc
[0.230s] -- Check for working C compiler: /usr/bin/cc -- works
[0.231s] -- Detecting C compiler ABI info
[0.286s] -- Detecting C compiler ABI info - done
[0.297s] -- Detecting C compile features
[0.297s] -- Detecting C compile features - done
[0.299s] -- Check for working CXX compiler: /usr/bin/c++
[0.363s] -- Check for working CXX compiler: /usr/bin/c++ -- works
[0.364s] -- Detecting CXX compiler ABI info
[0.428s] -- Detecting CXX compiler ABI info - done
[0.437s] -- Detecting CXX compile features
[0.437s] -- Detecting CXX compile features - done
[0.439s] -- Found ament_cmake: 0.9.12 (/workspace/foxy_ws/install/share/ament_cmake/cmake)
[0.453s] -- Found PythonInterp: /usr/bin/python3 (found suitable version "3.10.14", minimum required is "3") 
[0.453s] -- Using PYTHON_EXECUTABLE: /usr/bin/python3
[0.609s] -- Found OpenSSL: /usr/lib/x86_64-linux-gnu/libcrypto.so (found version "1.1.1f")  
[0.619s] -- Found FastRTPS: /workspace/foxy_ws/install/include  
[0.637s] <string>:1: DeprecationWarning: The distutils package is deprecated and slated for removal in Python 3.12. Use setuptools or check PEP 632 for potential alternatives
[0.638s] <string>:1: DeprecationWarning: The distutils.sysconfig module is deprecated, use sysconfig instead
[0.643s] -- Found ament_cmake_gtest: 0.9.12 (/workspace/foxy_ws/install/share/ament_cmake_gtest/cmake)
[0.644s] -- Found ament_lint_auto: 0.9.8 (/workspace/foxy_ws/install/share/ament_lint_auto/cmake)
[0.647s] -- Found performance_test_fixture: 0.0.9 (/workspace/foxy_ws/install/share/performance_test_fixture/cmake)
[0.713s] -- Found gtest sources under '/workspace/foxy_ws/install/src/gtest_vendor': C++ tests using 'Google Test' will be built
[0.715s] -- Looking for pthread.h
[0.777s] -- Looking for pthread.h - found
[0.777s] -- Performing Test CMAKE_HAVE_LIBC_PTHREAD
[0.841s] -- Performing Test CMAKE_HAVE_LIBC_PTHREAD - Failed
[0.841s] -- Check if compiler accepts -pthread
[0.912s] -- Check if compiler accepts -pthread - yes
[0.912s] -- Found Threads: TRUE  
[0.915s] -- Performance tests are disabled by default, so Google Benchmark tests will be skipped. To enable these tests, set the CMake variable 'AMENT_RUN_PERFORMANCE_TESTS'.
[0.922s] -- Added test 'copyright' to check source files copyright and LICENSE
[0.928s] -- Added test 'cppcheck' to perform static code analysis on C / C++ code
[0.928s] -- Configured cppcheck language: c++
[0.928s] -- Configured cppcheck include dirs: /workspace/foxy_ws/install/include;$<BUILD_INTERFACE:/workspace/foxy_ws/src/rosidl_typesupport_fastrtps/rosidl_typesupport_fastrtps_cpp/include>
[0.928s] -- Configured cppcheck exclude dirs and/or files: 
[0.932s] -- Added test 'cpplint' to check C / C++ code against the Google style
[0.932s] -- Configured cpplint exclude dirs and/or files: 
[0.933s] -- Added test 'flake8' to check Python code syntax and style conventions
[0.934s] -- Added test 'lint_cmake' to check CMake code style
[0.935s] -- Added test 'pep257' to check Python code against some of the style conventions in PEP 257
[0.939s] -- Added test 'uncrustify' to check C / C++ code style
[0.939s] -- Configured uncrustify additional arguments: 
[0.940s] -- Added test 'xmllint' to check XML markup files
[0.944s] -- Configuring done
[0.953s] -- Generating done
[0.955s] -- Build files have been written to: /workspace/foxy_ws/build/rosidl_typesupport_fastrtps_cpp
[0.959s] Invoked command in '/workspace/foxy_ws/build/rosidl_typesupport_fastrtps_cpp' returned '0': AMENT_PREFIX_PATH=/workspace/foxy_ws/install CMAKE_PREFIX_PATH=/workspace/foxy_ws/install LD_LIBRARY_PATH=/workspace/foxy_ws/install/lib PATH=/workspace/foxy_ws/install/bin:${PATH} PKG_CONFIG_PATH=/workspace/foxy_ws/install/lib/x86_64-linux-gnu/pkgconfig:/workspace/foxy_ws/install/lib/pkgconfig PYTHONPATH=/workspace/foxy_ws/install/lib/python3.10/site-packages /usr/bin/cmake /workspace/foxy_ws/src/rosidl_typesupport_fastrtps/rosidl_typesupport_fastrtps_cpp -DCMAKE_INSTALL_PREFIX=/workspace/foxy_ws/install
[0.960s] Invoking command in '/workspace/foxy_ws/build/rosidl_typesupport_fastrtps_cpp': AMENT_PREFIX_PATH=/workspace/foxy_ws/install CMAKE_PREFIX_PATH=/workspace/foxy_ws/install LD_LIBRARY_PATH=/workspace/foxy_ws/install/lib PATH=/workspace/foxy_ws/install/bin:${PATH} PKG_CONFIG_PATH=/workspace/foxy_ws/install/lib/x86_64-linux-gnu/pkgconfig:/workspace/foxy_ws/install/lib/pkgconfig PYTHONPATH=/workspace/foxy_ws/install/lib/python3.10/site-packages /usr/bin/cmake --build /workspace/foxy_ws/build/rosidl_typesupport_fastrtps_cpp -- -j12 -l12
[0.992s] Scanning dependencies of target rosidl_typesupport_fastrtps_cpp
[0.995s] Scanning dependencies of target gtest_main
[0.997s] Scanning dependencies of target gtest
[0.998s] [  7%] Building CXX object CMakeFiles/rosidl_typesupport_fastrtps_cpp.dir/src/wstring_conversion.cpp.o
[0.999s] [ 15%] Building CXX object CMakeFiles/rosidl_typesupport_fastrtps_cpp.dir/src/identifier.cpp.o
[1.002s] [ 23%] Building CXX object gtest/CMakeFiles/gtest_main.dir/src/gtest_main.cc.o
[1.004s] [ 30%] Building CXX object gtest/CMakeFiles/gtest.dir/src/gtest-all.cc.o
[1.143s] [ 38%] Linking CXX shared library librosidl_typesupport_fastrtps_cpp.so
[1.197s] [ 38%] Built target rosidl_typesupport_fastrtps_cpp
[1.208s] Scanning dependencies of target benchmark_string_conversions
[1.217s] [ 46%] Building CXX object CMakeFiles/benchmark_string_conversions.dir/test/benchmark/benchmark_string_conversions.cpp.o
[1.565s] [ 53%] Linking CXX static library libgtest_main.a
[1.590s] [ 53%] Built target gtest_main
[1.781s] [ 61%] Linking CXX executable benchmark_string_conversions
[1.843s] [ 61%] Built target benchmark_string_conversions
[3.353s] [ 69%] Linking CXX static library libgtest.a
[3.403s] [ 69%] Built target gtest
[3.413s] Scanning dependencies of target test_wstring_conversion
[3.415s] Scanning dependencies of target test_wstring_conversion_mem
[3.422s] [ 76%] Building CXX object CMakeFiles/test_wstring_conversion.dir/test/test_wstring_conversion.cpp.o
[3.423s] [ 84%] Building CXX object CMakeFiles/test_wstring_conversion_mem.dir/test/test_wstring_conversion_mem.cpp.o
[4.005s] [ 92%] Linking CXX executable test_wstring_conversion
[4.096s] [ 92%] Built target test_wstring_conversion
[4.165s] [100%] Linking CXX executable test_wstring_conversion_mem
[4.253s] [100%] Built target test_wstring_conversion_mem
[4.260s] Invoked command in '/workspace/foxy_ws/build/rosidl_typesupport_fastrtps_cpp' returned '0': AMENT_PREFIX_PATH=/workspace/foxy_ws/install CMAKE_PREFIX_PATH=/workspace/foxy_ws/install LD_LIBRARY_PATH=/workspace/foxy_ws/install/lib PATH=/workspace/foxy_ws/install/bin:${PATH} PKG_CONFIG_PATH=/workspace/foxy_ws/install/lib/x86_64-linux-gnu/pkgconfig:/workspace/foxy_ws/install/lib/pkgconfig PYTHONPATH=/workspace/foxy_ws/install/lib/python3.10/site-packages /usr/bin/cmake --build /workspace/foxy_ws/build/rosidl_typesupport_fastrtps_cpp -- -j12 -l12
[4.278s] Invoking command in '/workspace/foxy_ws/build/rosidl_typesupport_fastrtps_cpp': AMENT_PREFIX_PATH=/workspace/foxy_ws/install CMAKE_PREFIX_PATH=/workspace/foxy_ws/install LD_LIBRARY_PATH=/workspace/foxy_ws/install/lib PATH=/workspace/foxy_ws/install/bin:${PATH} PKG_CONFIG_PATH=/workspace/foxy_ws/install/lib/x86_64-linux-gnu/pkgconfig:/workspace/foxy_ws/install/lib/pkgconfig PYTHONPATH=/workspace/foxy_ws/install/lib/python3.10/site-packages /usr/bin/cmake --install /workspace/foxy_ws/build/rosidl_typesupport_fastrtps_cpp
[4.284s] -- Install configuration: ""
[4.284s] -- Installing: /workspace/foxy_ws/install/share/rosidl_typesupport_fastrtps_cpp/environment/pythonpath.sh
[4.284s] -- Installing: /workspace/foxy_ws/install/share/rosidl_typesupport_fastrtps_cpp/environment/pythonpath.dsv
[4.285s] -- Installing: /workspace/foxy_ws/install/lib/python3.10/site-packages/rosidl_typesupport_fastrtps_cpp
[4.285s] -- Installing: /workspace/foxy_ws/install/lib/python3.10/site-packages/rosidl_typesupport_fastrtps_cpp/__init__.py
[4.310s] Listing '/workspace/foxy_ws/install/lib/python3.10/site-packages/rosidl_typesupport_fastrtps_cpp'...
[4.311s] Compiling '/workspace/foxy_ws/install/lib/python3.10/site-packages/rosidl_typesupport_fastrtps_cpp/__init__.py'...
[4.314s] -- Installing: /workspace/foxy_ws/install/share/rosidl_typesupport_fastrtps_cpp/environment/library_path.sh
[4.314s] -- Installing: /workspace/foxy_ws/install/share/rosidl_typesupport_fastrtps_cpp/environment/library_path.dsv
[4.314s] -- Installing: /workspace/foxy_ws/install/share/ament_index/resource_index/rosidl_typesupport_cpp/rosidl_typesupport_fastrtps_cpp
[4.314s] -- Installing: /workspace/foxy_ws/install/share/ament_index/resource_index/package_run_dependencies/rosidl_typesupport_fastrtps_cpp
[4.314s] -- Installing: /workspace/foxy_ws/install/share/ament_index/resource_index/parent_prefix_path/rosidl_typesupport_fastrtps_cpp
[4.314s] -- Installing: /workspace/foxy_ws/install/share/rosidl_typesupport_fastrtps_cpp/environment/ament_prefix_path.sh
[4.315s] -- Installing: /workspace/foxy_ws/install/share/rosidl_typesupport_fastrtps_cpp/environment/ament_prefix_path.dsv
[4.315s] -- Installing: /workspace/foxy_ws/install/share/rosidl_typesupport_fastrtps_cpp/environment/path.sh
[4.315s] -- Installing: /workspace/foxy_ws/install/share/rosidl_typesupport_fastrtps_cpp/environment/path.dsv
[4.315s] -- Installing: /workspace/foxy_ws/install/share/rosidl_typesupport_fastrtps_cpp/local_setup.bash
[4.315s] -- Installing: /workspace/foxy_ws/install/share/rosidl_typesupport_fastrtps_cpp/local_setup.sh
[4.315s] -- Installing: /workspace/foxy_ws/install/share/rosidl_typesupport_fastrtps_cpp/local_setup.zsh
[4.315s] -- Installing: /workspace/foxy_ws/install/share/rosidl_typesupport_fastrtps_cpp/local_setup.dsv
[4.316s] -- Installing: /workspace/foxy_ws/install/share/rosidl_typesupport_fastrtps_cpp/package.dsv
[4.316s] -- Installing: /workspace/foxy_ws/install/share/ament_index/resource_index/packages/rosidl_typesupport_fastrtps_cpp
[4.316s] -- Installing: /workspace/foxy_ws/install/share/rosidl_typesupport_fastrtps_cpp/cmake/rosidl_typesupport_fastrtps_cppExport.cmake
[4.316s] -- Installing: /workspace/foxy_ws/install/share/rosidl_typesupport_fastrtps_cpp/cmake/rosidl_typesupport_fastrtps_cppExport-noconfig.cmake
[4.316s] -- Installing: /workspace/foxy_ws/install/share/rosidl_typesupport_fastrtps_cpp/cmake/rosidl_typesupport_fastrtps_cpp-extras.cmake
[4.317s] -- Installing: /workspace/foxy_ws/install/share/rosidl_typesupport_fastrtps_cpp/cmake/ament_cmake_export_dependencies-extras.cmake
[4.317s] -- Installing: /workspace/foxy_ws/install/share/rosidl_typesupport_fastrtps_cpp/cmake/ament_cmake_export_include_directories-extras.cmake
[4.317s] -- Installing: /workspace/foxy_ws/install/share/rosidl_typesupport_fastrtps_cpp/cmake/ament_cmake_export_libraries-extras.cmake
[4.317s] -- Installing: /workspace/foxy_ws/install/share/rosidl_typesupport_fastrtps_cpp/cmake/ament_cmake_export_targets-extras.cmake
[4.317s] -- Installing: /workspace/foxy_ws/install/share/rosidl_typesupport_fastrtps_cpp/cmake/rosidl_typesupport_fastrtps_cppConfig.cmake
[4.317s] -- Installing: /workspace/foxy_ws/install/share/rosidl_typesupport_fastrtps_cpp/cmake/rosidl_typesupport_fastrtps_cppConfig-version.cmake
[4.317s] -- Installing: /workspace/foxy_ws/install/share/rosidl_typesupport_fastrtps_cpp/package.xml
[4.318s] -- Installing: /workspace/foxy_ws/install/lib/rosidl_typesupport_fastrtps_cpp/rosidl_typesupport_fastrtps_cpp
[4.318s] -- Up-to-date: /workspace/foxy_ws/install/share/rosidl_typesupport_fastrtps_cpp/cmake
[4.318s] -- Installing: /workspace/foxy_ws/install/share/rosidl_typesupport_fastrtps_cpp/cmake/rosidl_typesupport_fastrtps_cpp_generate_interfaces.cmake
[4.318s] -- Installing: /workspace/foxy_ws/install/share/rosidl_typesupport_fastrtps_cpp/resource
[4.318s] -- Installing: /workspace/foxy_ws/install/share/rosidl_typesupport_fastrtps_cpp/resource/idl__type_support.cpp.em
[4.319s] -- Installing: /workspace/foxy_ws/install/share/rosidl_typesupport_fastrtps_cpp/resource/msg__rosidl_typesupport_fastrtps_cpp.hpp.em
[4.319s] -- Installing: /workspace/foxy_ws/install/share/rosidl_typesupport_fastrtps_cpp/resource/srv__type_support.cpp.em
[4.319s] -- Installing: /workspace/foxy_ws/install/share/rosidl_typesupport_fastrtps_cpp/resource/idl__rosidl_typesupport_fastrtps_cpp.hpp.em
[4.319s] -- Installing: /workspace/foxy_ws/install/share/rosidl_typesupport_fastrtps_cpp/resource/rosidl_typesupport_fastrtps_cpp__visibility_control.h.in
[4.319s] -- Installing: /workspace/foxy_ws/install/share/rosidl_typesupport_fastrtps_cpp/resource/srv__rosidl_typesupport_fastrtps_cpp.hpp.em
[4.320s] -- Installing: /workspace/foxy_ws/install/share/rosidl_typesupport_fastrtps_cpp/resource/msg__type_support.cpp.em
[4.320s] -- Up-to-date: /workspace/foxy_ws/install/include
[4.320s] -- Installing: /workspace/foxy_ws/install/include/rosidl_typesupport_fastrtps_cpp
[4.320s] -- Installing: /workspace/foxy_ws/install/include/rosidl_typesupport_fastrtps_cpp/message_type_support_decl.hpp
[4.320s] -- Installing: /workspace/foxy_ws/install/include/rosidl_typesupport_fastrtps_cpp/identifier.hpp
[4.320s] -- Installing: /workspace/foxy_ws/install/include/rosidl_typesupport_fastrtps_cpp/message_type_support.h
[4.321s] -- Installing: /workspace/foxy_ws/install/include/rosidl_typesupport_fastrtps_cpp/service_type_support_decl.hpp
[4.321s] -- Installing: /workspace/foxy_ws/install/include/rosidl_typesupport_fastrtps_cpp/service_type_support.h
[4.321s] -- Installing: /workspace/foxy_ws/install/include/rosidl_typesupport_fastrtps_cpp/visibility_control.h
[4.321s] -- Installing: /workspace/foxy_ws/install/include/rosidl_typesupport_fastrtps_cpp/wstring_conversion.hpp
[4.321s] -- Installing: /workspace/foxy_ws/install/lib/librosidl_typesupport_fastrtps_cpp.so
[4.324s] Invoked command in '/workspace/foxy_ws/build/rosidl_typesupport_fastrtps_cpp' returned '0': AMENT_PREFIX_PATH=/workspace/foxy_ws/install CMAKE_PREFIX_PATH=/workspace/foxy_ws/install LD_LIBRARY_PATH=/workspace/foxy_ws/install/lib PATH=/workspace/foxy_ws/install/bin:${PATH} PKG_CONFIG_PATH=/workspace/foxy_ws/install/lib/x86_64-linux-gnu/pkgconfig:/workspace/foxy_ws/install/lib/pkgconfig PYTHONPATH=/workspace/foxy_ws/install/lib/python3.10/site-packages /usr/bin/cmake --install /workspace/foxy_ws/build/rosidl_typesupport_fastrtps_cpp
