-- The C compiler identification is GNU 9.4.0
-- The CXX compiler identification is GNU 9.4.0
-- Check for working C compiler: /usr/bin/cc
-- Check for working C compiler: /usr/bin/cc -- works
-- Detecting C compiler ABI info
-- Detecting C compiler ABI info - done
-- Detecting C compile features
-- Detecting C compile features - done
-- Check for working CXX compiler: /usr/bin/c++
-- Check for working CXX compiler: /usr/bin/c++ -- works
-- Detecting CXX compiler ABI info
-- Detecting CXX compiler ABI info - done
-- Detecting CXX compile features
-- Detecting CXX compile features - done
-- Found ament_cmake: 0.9.12 (/workspace/foxy_ws/install/share/ament_cmake/cmake)
-- Found PythonInterp: /usr/bin/python3 (found suitable version "3.10.14", minimum required is "3") 
-- Using PYTHON_EXECUTABLE: /usr/bin/python3
-- Found rosidl_default_generators: 1.0.1 (/workspace/foxy_ws/install/share/rosidl_default_generators/cmake)
-- Using all available rosidl_typesupport_c: rosidl_typesupport_fastrtps_c;rosidl_typesupport_introspection_c
-- Found rosidl_adapter: 1.3.1 (/workspace/foxy_ws/install/share/rosidl_adapter/cmake)
-- Found OpenSSL: /usr/lib/x86_64-linux-gnu/libcrypto.so (found version "1.1.1f")  
-- Found FastRTPS: /workspace/foxy_ws/install/include  
-- Using all available rosidl_typesupport_cpp: rosidl_typesupport_fastrtps_cpp;rosidl_typesupport_introspection_cpp
-- Found builtin_interfaces: 1.0.0 (/workspace/foxy_ws/install/share/builtin_interfaces/cmake)
-- Found PythonInterp: /usr/bin/python3 (found version "3.10.14") 
-- Found ament_cmake_ros: 0.9.2 (/workspace/foxy_ws/install/share/ament_cmake_ros/cmake)
-- Using all available rosidl_typesupport_c: rosidl_typesupport_fastrtps_c;rosidl_typesupport_introspection_c
-- Using all available rosidl_typesupport_cpp: rosidl_typesupport_fastrtps_cpp;rosidl_typesupport_introspection_cpp
-- Found PythonInterp: /usr/bin/python3 (found suitable version "3.10.14", minimum required is "3.5") 
-- Found python_cmake_module: 0.8.1 (/workspace/foxy_ws/install/share/python_cmake_module/cmake)
-- Found PythonLibs: /usr/lib/x86_64-linux-gnu/libpython3.10.so (found suitable version "3.10.14", minimum required is "3.5") 
-- Using PYTHON_EXECUTABLE: /usr/bin/python3
-- Using PYTHON_INCLUDE_DIRS: /usr/include/python3.10
-- Using PYTHON_LIBRARIES: /usr/lib/x86_64-linux-gnu/libpython3.10.so
-- Found PythonExtra: .so  
-- Using numpy include directory: /usr/local/lib/python3.10/dist-packages/numpy/core/include
-- Found ament_lint_auto: 0.9.8 (/workspace/foxy_ws/install/share/ament_lint_auto/cmake)
-- Added test 'copyright' to check source files copyright and LICENSE
-- Added test 'lint_cmake' to check CMake code style
-- Added test 'xmllint' to check XML markup files
-- Configuring done
-- Generating done
-- Build files have been written to: /workspace/foxy_ws/build/rcl_interfaces
[  1%] Generating C code for ROS interfaces
Scanning dependencies of target rcl_interfaces__cpp
[  1%] Generating C++ code for ROS interfaces
[  1%] Built target rcl_interfaces__cpp
Scanning dependencies of target rcl_interfaces__rosidl_generator_c
[  1%] Building C object CMakeFiles/rcl_interfaces__rosidl_generator_c.dir/rosidl_generator_c/rcl_interfaces/msg/detail/floating_point_range__functions.c.o
[  1%] Building C object CMakeFiles/rcl_interfaces__rosidl_generator_c.dir/rosidl_generator_c/rcl_interfaces/msg/detail/parameter_type__functions.c.o
[  2%] Building C object CMakeFiles/rcl_interfaces__rosidl_generator_c.dir/rosidl_generator_c/rcl_interfaces/msg/detail/parameter_value__functions.c.o
[  3%] Building C object CMakeFiles/rcl_interfaces__rosidl_generator_c.dir/rosidl_generator_c/rcl_interfaces/msg/detail/set_parameters_result__functions.c.o
[  3%] Building C object CMakeFiles/rcl_interfaces__rosidl_generator_c.dir/rosidl_generator_c/rcl_interfaces/srv/detail/describe_parameters__functions.c.o
[  4%] Building C object CMakeFiles/rcl_interfaces__rosidl_generator_c.dir/rosidl_generator_c/rcl_interfaces/srv/detail/get_parameters__functions.c.o
[  5%] Building C object CMakeFiles/rcl_interfaces__rosidl_generator_c.dir/rosidl_generator_c/rcl_interfaces/srv/detail/get_parameter_types__functions.c.o
[  5%] Building C object CMakeFiles/rcl_interfaces__rosidl_generator_c.dir/rosidl_generator_c/rcl_interfaces/srv/detail/list_parameters__functions.c.o
[  6%] Building C object CMakeFiles/rcl_interfaces__rosidl_generator_c.dir/rosidl_generator_c/rcl_interfaces/srv/detail/set_parameters_atomically__functions.c.o
[  6%] Building C object CMakeFiles/rcl_interfaces__rosidl_generator_c.dir/rosidl_generator_c/rcl_interfaces/srv/detail/set_parameters__functions.c.o
[  7%] Building C object CMakeFiles/rcl_interfaces__rosidl_generator_c.dir/rosidl_generator_c/rcl_interfaces/msg/detail/parameter__functions.c.o
[  8%] Building C object CMakeFiles/rcl_interfaces__rosidl_generator_c.dir/rosidl_generator_c/rcl_interfaces/msg/detail/parameter_event__functions.c.o
[  8%] Building C object CMakeFiles/rcl_interfaces__rosidl_generator_c.dir/rosidl_generator_c/rcl_interfaces/msg/detail/parameter_event_descriptors__functions.c.o
[  9%] Building C object CMakeFiles/rcl_interfaces__rosidl_generator_c.dir/rosidl_generator_c/rcl_interfaces/msg/detail/parameter_descriptor__functions.c.o
[  9%] Building C object CMakeFiles/rcl_interfaces__rosidl_generator_c.dir/rosidl_generator_c/rcl_interfaces/msg/detail/log__functions.c.o
[ 10%] Building C object CMakeFiles/rcl_interfaces__rosidl_generator_c.dir/rosidl_generator_c/rcl_interfaces/msg/detail/list_parameters_result__functions.c.o
[ 11%] Building C object CMakeFiles/rcl_interfaces__rosidl_generator_c.dir/rosidl_generator_c/rcl_interfaces/msg/detail/integer_range__functions.c.o
[ 12%] Linking C shared library librcl_interfaces__rosidl_generator_c.so
[ 12%] Built target rcl_interfaces__rosidl_generator_c
[ 12%] Generating C++ introspection for ROS interfaces
Scanning dependencies of target rcl_interfaces__rosidl_typesupport_introspection_cpp
[ 13%] Building CXX object CMakeFiles/rcl_interfaces__rosidl_typesupport_introspection_cpp.dir/rosidl_typesupport_introspection_cpp/rcl_interfaces/msg/detail/floating_point_range__type_support.cpp.o
[ 13%] Building CXX object CMakeFiles/rcl_interfaces__rosidl_typesupport_introspection_cpp.dir/rosidl_typesupport_introspection_cpp/rcl_interfaces/msg/detail/parameter__type_support.cpp.o
[ 14%] Building CXX object CMakeFiles/rcl_interfaces__rosidl_typesupport_introspection_cpp.dir/rosidl_typesupport_introspection_cpp/rcl_interfaces/msg/detail/parameter_type__type_support.cpp.o
[ 14%] Building CXX object CMakeFiles/rcl_interfaces__rosidl_typesupport_introspection_cpp.dir/rosidl_typesupport_introspection_cpp/rcl_interfaces/msg/detail/parameter_value__type_support.cpp.o
[ 15%] Building CXX object CMakeFiles/rcl_interfaces__rosidl_typesupport_introspection_cpp.dir/rosidl_typesupport_introspection_cpp/rcl_interfaces/msg/detail/set_parameters_result__type_support.cpp.o
[ 16%] Building CXX object CMakeFiles/rcl_interfaces__rosidl_typesupport_introspection_cpp.dir/rosidl_typesupport_introspection_cpp/rcl_interfaces/srv/detail/describe_parameters__type_support.cpp.o
[ 16%] Building CXX object CMakeFiles/rcl_interfaces__rosidl_typesupport_introspection_cpp.dir/rosidl_typesupport_introspection_cpp/rcl_interfaces/srv/detail/get_parameters__type_support.cpp.o
[ 17%] Building CXX object CMakeFiles/rcl_interfaces__rosidl_typesupport_introspection_cpp.dir/rosidl_typesupport_introspection_cpp/rcl_interfaces/srv/detail/get_parameter_types__type_support.cpp.o
[ 18%] Building CXX object CMakeFiles/rcl_interfaces__rosidl_typesupport_introspection_cpp.dir/rosidl_typesupport_introspection_cpp/rcl_interfaces/srv/detail/list_parameters__type_support.cpp.o
[ 18%] Building CXX object CMakeFiles/rcl_interfaces__rosidl_typesupport_introspection_cpp.dir/rosidl_typesupport_introspection_cpp/rcl_interfaces/srv/detail/set_parameters_atomically__type_support.cpp.o
[ 19%] Building CXX object CMakeFiles/rcl_interfaces__rosidl_typesupport_introspection_cpp.dir/rosidl_typesupport_introspection_cpp/rcl_interfaces/srv/detail/set_parameters__type_support.cpp.o
[ 20%] Building CXX object CMakeFiles/rcl_interfaces__rosidl_typesupport_introspection_cpp.dir/rosidl_typesupport_introspection_cpp/rcl_interfaces/msg/detail/parameter_event__type_support.cpp.o
[ 21%] Building CXX object CMakeFiles/rcl_interfaces__rosidl_typesupport_introspection_cpp.dir/rosidl_typesupport_introspection_cpp/rcl_interfaces/msg/detail/parameter_event_descriptors__type_support.cpp.o
[ 21%] Building CXX object CMakeFiles/rcl_interfaces__rosidl_typesupport_introspection_cpp.dir/rosidl_typesupport_introspection_cpp/rcl_interfaces/msg/detail/parameter_descriptor__type_support.cpp.o
[ 22%] Building CXX object CMakeFiles/rcl_interfaces__rosidl_typesupport_introspection_cpp.dir/rosidl_typesupport_introspection_cpp/rcl_interfaces/msg/detail/log__type_support.cpp.o
[ 23%] Building CXX object CMakeFiles/rcl_interfaces__rosidl_typesupport_introspection_cpp.dir/rosidl_typesupport_introspection_cpp/rcl_interfaces/msg/detail/list_parameters_result__type_support.cpp.o
[ 23%] Building CXX object CMakeFiles/rcl_interfaces__rosidl_typesupport_introspection_cpp.dir/rosidl_typesupport_introspection_cpp/rcl_interfaces/msg/detail/integer_range__type_support.cpp.o
[ 24%] Linking CXX shared library librcl_interfaces__rosidl_typesupport_introspection_cpp.so
[ 24%] Built target rcl_interfaces__rosidl_typesupport_introspection_cpp
[ 25%] Generating C introspection for ROS interfaces
Scanning dependencies of target rcl_interfaces__rosidl_typesupport_introspection_c
[ 26%] Building C object CMakeFiles/rcl_interfaces__rosidl_typesupport_introspection_c.dir/rosidl_typesupport_introspection_c/rcl_interfaces/msg/detail/floating_point_range__type_support.c.o
[ 27%] Building C object CMakeFiles/rcl_interfaces__rosidl_typesupport_introspection_c.dir/rosidl_typesupport_introspection_c/rcl_interfaces/msg/detail/parameter_type__type_support.c.o
[ 27%] Building C object CMakeFiles/rcl_interfaces__rosidl_typesupport_introspection_c.dir/rosidl_typesupport_introspection_c/rcl_interfaces/msg/detail/parameter_value__type_support.c.o
[ 28%] Building C object CMakeFiles/rcl_interfaces__rosidl_typesupport_introspection_c.dir/rosidl_typesupport_introspection_c/rcl_interfaces/msg/detail/set_parameters_result__type_support.c.o
[ 29%] Building C object CMakeFiles/rcl_interfaces__rosidl_typesupport_introspection_c.dir/rosidl_typesupport_introspection_c/rcl_interfaces/srv/detail/describe_parameters__type_support.c.o
[ 29%] Building C object CMakeFiles/rcl_interfaces__rosidl_typesupport_introspection_c.dir/rosidl_typesupport_introspection_c/rcl_interfaces/srv/detail/get_parameters__type_support.c.o
[ 30%] Building C object CMakeFiles/rcl_interfaces__rosidl_typesupport_introspection_c.dir/rosidl_typesupport_introspection_c/rcl_interfaces/srv/detail/get_parameter_types__type_support.c.o
[ 30%] Building C object CMakeFiles/rcl_interfaces__rosidl_typesupport_introspection_c.dir/rosidl_typesupport_introspection_c/rcl_interfaces/srv/detail/list_parameters__type_support.c.o
[ 31%] Building C object CMakeFiles/rcl_interfaces__rosidl_typesupport_introspection_c.dir/rosidl_typesupport_introspection_c/rcl_interfaces/srv/detail/set_parameters_atomically__type_support.c.o
[ 32%] Building C object CMakeFiles/rcl_interfaces__rosidl_typesupport_introspection_c.dir/rosidl_typesupport_introspection_c/rcl_interfaces/srv/detail/set_parameters__type_support.c.o
[ 33%] Building C object CMakeFiles/rcl_interfaces__rosidl_typesupport_introspection_c.dir/rosidl_typesupport_introspection_c/rcl_interfaces/msg/detail/parameter__type_support.c.o
[ 33%] Building C object CMakeFiles/rcl_interfaces__rosidl_typesupport_introspection_c.dir/rosidl_typesupport_introspection_c/rcl_interfaces/msg/detail/parameter_event__type_support.c.o
[ 34%] Building C object CMakeFiles/rcl_interfaces__rosidl_typesupport_introspection_c.dir/rosidl_typesupport_introspection_c/rcl_interfaces/msg/detail/parameter_event_descriptors__type_support.c.o
[ 35%] Building C object CMakeFiles/rcl_interfaces__rosidl_typesupport_introspection_c.dir/rosidl_typesupport_introspection_c/rcl_interfaces/msg/detail/parameter_descriptor__type_support.c.o
[ 35%] Building C object CMakeFiles/rcl_interfaces__rosidl_typesupport_introspection_c.dir/rosidl_typesupport_introspection_c/rcl_interfaces/msg/detail/log__type_support.c.o
[ 36%] Building C object CMakeFiles/rcl_interfaces__rosidl_typesupport_introspection_c.dir/rosidl_typesupport_introspection_c/rcl_interfaces/msg/detail/list_parameters_result__type_support.c.o
[ 36%] Building C object CMakeFiles/rcl_interfaces__rosidl_typesupport_introspection_c.dir/rosidl_typesupport_introspection_c/rcl_interfaces/msg/detail/integer_range__type_support.c.o
[ 36%] Linking C shared library librcl_interfaces__rosidl_typesupport_introspection_c.so
[ 36%] Built target rcl_interfaces__rosidl_typesupport_introspection_c
[ 37%] Generating C type support dispatch for ROS interfaces
Scanning dependencies of target rcl_interfaces__rosidl_typesupport_c
[ 37%] Building CXX object CMakeFiles/rcl_interfaces__rosidl_typesupport_c.dir/rosidl_typesupport_c/rcl_interfaces/msg/floating_point_range__type_support.cpp.o
[ 38%] Building CXX object CMakeFiles/rcl_interfaces__rosidl_typesupport_c.dir/rosidl_typesupport_c/rcl_interfaces/msg/parameter_value__type_support.cpp.o
[ 39%] Building CXX object CMakeFiles/rcl_interfaces__rosidl_typesupport_c.dir/rosidl_typesupport_c/rcl_interfaces/msg/set_parameters_result__type_support.cpp.o
[ 39%] Building CXX object CMakeFiles/rcl_interfaces__rosidl_typesupport_c.dir/rosidl_typesupport_c/rcl_interfaces/srv/describe_parameters__type_support.cpp.o
[ 40%] Building CXX object CMakeFiles/rcl_interfaces__rosidl_typesupport_c.dir/rosidl_typesupport_c/rcl_interfaces/srv/get_parameters__type_support.cpp.o
[ 40%] Building CXX object CMakeFiles/rcl_interfaces__rosidl_typesupport_c.dir/rosidl_typesupport_c/rcl_interfaces/srv/get_parameter_types__type_support.cpp.o
[ 41%] Building CXX object CMakeFiles/rcl_interfaces__rosidl_typesupport_c.dir/rosidl_typesupport_c/rcl_interfaces/srv/list_parameters__type_support.cpp.o
[ 42%] Building CXX object CMakeFiles/rcl_interfaces__rosidl_typesupport_c.dir/rosidl_typesupport_c/rcl_interfaces/srv/set_parameters_atomically__type_support.cpp.o
[ 42%] Building CXX object CMakeFiles/rcl_interfaces__rosidl_typesupport_c.dir/rosidl_typesupport_c/rcl_interfaces/srv/set_parameters__type_support.cpp.o
[ 42%] Building CXX object CMakeFiles/rcl_interfaces__rosidl_typesupport_c.dir/rosidl_typesupport_c/rcl_interfaces/msg/parameter_type__type_support.cpp.o
[ 43%] Building CXX object CMakeFiles/rcl_interfaces__rosidl_typesupport_c.dir/rosidl_typesupport_c/rcl_interfaces/msg/parameter__type_support.cpp.o
[ 44%] Building CXX object CMakeFiles/rcl_interfaces__rosidl_typesupport_c.dir/rosidl_typesupport_c/rcl_interfaces/msg/parameter_event__type_support.cpp.o
[ 44%] Building CXX object CMakeFiles/rcl_interfaces__rosidl_typesupport_c.dir/rosidl_typesupport_c/rcl_interfaces/msg/parameter_event_descriptors__type_support.cpp.o
[ 45%] Building CXX object CMakeFiles/rcl_interfaces__rosidl_typesupport_c.dir/rosidl_typesupport_c/rcl_interfaces/msg/parameter_descriptor__type_support.cpp.o
[ 45%] Building CXX object CMakeFiles/rcl_interfaces__rosidl_typesupport_c.dir/rosidl_typesupport_c/rcl_interfaces/msg/log__type_support.cpp.o
[ 46%] Building CXX object CMakeFiles/rcl_interfaces__rosidl_typesupport_c.dir/rosidl_typesupport_c/rcl_interfaces/msg/list_parameters_result__type_support.cpp.o
[ 47%] Building CXX object CMakeFiles/rcl_interfaces__rosidl_typesupport_c.dir/rosidl_typesupport_c/rcl_interfaces/msg/integer_range__type_support.cpp.o
[ 48%] Linking CXX shared library librcl_interfaces__rosidl_typesupport_c.so
[ 48%] Built target rcl_interfaces__rosidl_typesupport_c
[ 50%] Generating C++ type support dispatch for ROS interfaces
[ 50%] Generating C++ type support for eProsima Fast-RTPS
Scanning dependencies of target rcl_interfaces__rosidl_typesupport_cpp
[ 51%] Building CXX object CMakeFiles/rcl_interfaces__rosidl_typesupport_cpp.dir/rosidl_typesupport_cpp/rcl_interfaces/msg/integer_range__type_support.cpp.o
[ 51%] Building CXX object CMakeFiles/rcl_interfaces__rosidl_typesupport_cpp.dir/rosidl_typesupport_cpp/rcl_interfaces/msg/floating_point_range__type_support.cpp.o
[ 52%] Building CXX object CMakeFiles/rcl_interfaces__rosidl_typesupport_cpp.dir/rosidl_typesupport_cpp/rcl_interfaces/msg/set_parameters_result__type_support.cpp.o
[ 52%] Building CXX object CMakeFiles/rcl_interfaces__rosidl_typesupport_cpp.dir/rosidl_typesupport_cpp/rcl_interfaces/srv/describe_parameters__type_support.cpp.o
[ 53%] Building CXX object CMakeFiles/rcl_interfaces__rosidl_typesupport_cpp.dir/rosidl_typesupport_cpp/rcl_interfaces/srv/get_parameters__type_support.cpp.o
[ 54%] Building CXX object CMakeFiles/rcl_interfaces__rosidl_typesupport_cpp.dir/rosidl_typesupport_cpp/rcl_interfaces/srv/get_parameter_types__type_support.cpp.o
[ 54%] Building CXX object CMakeFiles/rcl_interfaces__rosidl_typesupport_cpp.dir/rosidl_typesupport_cpp/rcl_interfaces/srv/list_parameters__type_support.cpp.o
Scanning dependencies of target rcl_interfaces__rosidl_typesupport_fastrtps_cpp
[ 55%] Building CXX object CMakeFiles/rcl_interfaces__rosidl_typesupport_cpp.dir/rosidl_typesupport_cpp/rcl_interfaces/srv/set_parameters_atomically__type_support.cpp.o
[ 57%] Building CXX object CMakeFiles/rcl_interfaces__rosidl_typesupport_cpp.dir/rosidl_typesupport_cpp/rcl_interfaces/srv/set_parameters__type_support.cpp.o
[ 57%] Building CXX object CMakeFiles/rcl_interfaces__rosidl_typesupport_fastrtps_cpp.dir/rosidl_typesupport_fastrtps_cpp/rcl_interfaces/msg/detail/dds_fastrtps/floating_point_range__type_support.cpp.o
[ 57%] Building CXX object CMakeFiles/rcl_interfaces__rosidl_typesupport_fastrtps_cpp.dir/rosidl_typesupport_fastrtps_cpp/rcl_interfaces/msg/detail/dds_fastrtps/integer_range__type_support.cpp.o
[ 57%] Building CXX object CMakeFiles/rcl_interfaces__rosidl_typesupport_cpp.dir/rosidl_typesupport_cpp/rcl_interfaces/msg/parameter_value__type_support.cpp.o
[ 58%] Building CXX object CMakeFiles/rcl_interfaces__rosidl_typesupport_cpp.dir/rosidl_typesupport_cpp/rcl_interfaces/msg/parameter_type__type_support.cpp.o
[ 59%] Building CXX object CMakeFiles/rcl_interfaces__rosidl_typesupport_fastrtps_cpp.dir/rosidl_typesupport_fastrtps_cpp/rcl_interfaces/msg/detail/dds_fastrtps/log__type_support.cpp.o
[ 59%] Building CXX object CMakeFiles/rcl_interfaces__rosidl_typesupport_fastrtps_cpp.dir/rosidl_typesupport_fastrtps_cpp/rcl_interfaces/msg/detail/dds_fastrtps/parameter_descriptor__type_support.cpp.o
[ 60%] Building CXX object CMakeFiles/rcl_interfaces__rosidl_typesupport_cpp.dir/rosidl_typesupport_cpp/rcl_interfaces/msg/parameter__type_support.cpp.o
[ 60%] Building CXX object CMakeFiles/rcl_interfaces__rosidl_typesupport_cpp.dir/rosidl_typesupport_cpp/rcl_interfaces/msg/parameter_event__type_support.cpp.o
[ 61%] Building CXX object CMakeFiles/rcl_interfaces__rosidl_typesupport_cpp.dir/rosidl_typesupport_cpp/rcl_interfaces/msg/parameter_event_descriptors__type_support.cpp.o
[ 62%] Building CXX object CMakeFiles/rcl_interfaces__rosidl_typesupport_fastrtps_cpp.dir/rosidl_typesupport_fastrtps_cpp/rcl_interfaces/msg/detail/dds_fastrtps/parameter__type_support.cpp.o
[ 63%] Building CXX object CMakeFiles/rcl_interfaces__rosidl_typesupport_cpp.dir/rosidl_typesupport_cpp/rcl_interfaces/msg/parameter_descriptor__type_support.cpp.o
[ 64%] Building CXX object CMakeFiles/rcl_interfaces__rosidl_typesupport_fastrtps_cpp.dir/rosidl_typesupport_fastrtps_cpp/rcl_interfaces/msg/detail/dds_fastrtps/set_parameters_result__type_support.cpp.o
[ 64%] Building CXX object CMakeFiles/rcl_interfaces__rosidl_typesupport_cpp.dir/rosidl_typesupport_cpp/rcl_interfaces/msg/log__type_support.cpp.o
[ 65%] Building CXX object CMakeFiles/rcl_interfaces__rosidl_typesupport_cpp.dir/rosidl_typesupport_cpp/rcl_interfaces/msg/list_parameters_result__type_support.cpp.o
[ 66%] Building CXX object CMakeFiles/rcl_interfaces__rosidl_typesupport_fastrtps_cpp.dir/rosidl_typesupport_fastrtps_cpp/rcl_interfaces/srv/detail/dds_fastrtps/get_parameter_types__type_support.cpp.o
[ 66%] Linking CXX shared library librcl_interfaces__rosidl_typesupport_cpp.so
[ 67%] Building CXX object CMakeFiles/rcl_interfaces__rosidl_typesupport_fastrtps_cpp.dir/rosidl_typesupport_fastrtps_cpp/rcl_interfaces/srv/detail/dds_fastrtps/set_parameters_atomically__type_support.cpp.o
[ 67%] Built target rcl_interfaces__rosidl_typesupport_cpp
[ 68%] Building CXX object CMakeFiles/rcl_interfaces__rosidl_typesupport_fastrtps_cpp.dir/rosidl_typesupport_fastrtps_cpp/rcl_interfaces/srv/detail/dds_fastrtps/set_parameters__type_support.cpp.o
[ 68%] Building CXX object CMakeFiles/rcl_interfaces__rosidl_typesupport_fastrtps_cpp.dir/rosidl_typesupport_fastrtps_cpp/rcl_interfaces/srv/detail/dds_fastrtps/list_parameters__type_support.cpp.o
[ 68%] Building CXX object CMakeFiles/rcl_interfaces__rosidl_typesupport_fastrtps_cpp.dir/rosidl_typesupport_fastrtps_cpp/rcl_interfaces/srv/detail/dds_fastrtps/get_parameters__type_support.cpp.o
[ 69%] Building CXX object CMakeFiles/rcl_interfaces__rosidl_typesupport_fastrtps_cpp.dir/rosidl_typesupport_fastrtps_cpp/rcl_interfaces/srv/detail/dds_fastrtps/describe_parameters__type_support.cpp.o
[ 69%] Building CXX object CMakeFiles/rcl_interfaces__rosidl_typesupport_fastrtps_cpp.dir/rosidl_typesupport_fastrtps_cpp/rcl_interfaces/msg/detail/dds_fastrtps/parameter_value__type_support.cpp.o
[ 70%] Building CXX object CMakeFiles/rcl_interfaces__rosidl_typesupport_fastrtps_cpp.dir/rosidl_typesupport_fastrtps_cpp/rcl_interfaces/msg/detail/dds_fastrtps/parameter_type__type_support.cpp.o
[ 70%] Building CXX object CMakeFiles/rcl_interfaces__rosidl_typesupport_fastrtps_cpp.dir/rosidl_typesupport_fastrtps_cpp/rcl_interfaces/msg/detail/dds_fastrtps/parameter_event__type_support.cpp.o
[ 71%] Building CXX object CMakeFiles/rcl_interfaces__rosidl_typesupport_fastrtps_cpp.dir/rosidl_typesupport_fastrtps_cpp/rcl_interfaces/msg/detail/dds_fastrtps/parameter_event_descriptors__type_support.cpp.o
[ 72%] Building CXX object CMakeFiles/rcl_interfaces__rosidl_typesupport_fastrtps_cpp.dir/rosidl_typesupport_fastrtps_cpp/rcl_interfaces/msg/detail/dds_fastrtps/list_parameters_result__type_support.cpp.o
[ 72%] Linking CXX shared library librcl_interfaces__rosidl_typesupport_fastrtps_cpp.so
[ 72%] Built target rcl_interfaces__rosidl_typesupport_fastrtps_cpp
[ 73%] Generating C type support for eProsima Fast-RTPS
Scanning dependencies of target rcl_interfaces__rosidl_typesupport_fastrtps_c
[ 73%] Building CXX object CMakeFiles/rcl_interfaces__rosidl_typesupport_fastrtps_c.dir/rosidl_typesupport_fastrtps_c/rcl_interfaces/msg/detail/floating_point_range__type_support_c.cpp.o
[ 73%] Building CXX object CMakeFiles/rcl_interfaces__rosidl_typesupport_fastrtps_c.dir/rosidl_typesupport_fastrtps_c/rcl_interfaces/srv/detail/describe_parameters__type_support_c.cpp.o
[ 74%] Building CXX object CMakeFiles/rcl_interfaces__rosidl_typesupport_fastrtps_c.dir/rosidl_typesupport_fastrtps_c/rcl_interfaces/srv/detail/get_parameters__type_support_c.cpp.o
[ 75%] Building CXX object CMakeFiles/rcl_interfaces__rosidl_typesupport_fastrtps_c.dir/rosidl_typesupport_fastrtps_c/rcl_interfaces/srv/detail/get_parameter_types__type_support_c.cpp.o
[ 75%] Building CXX object CMakeFiles/rcl_interfaces__rosidl_typesupport_fastrtps_c.dir/rosidl_typesupport_fastrtps_c/rcl_interfaces/srv/detail/list_parameters__type_support_c.cpp.o
[ 76%] Building CXX object CMakeFiles/rcl_interfaces__rosidl_typesupport_fastrtps_c.dir/rosidl_typesupport_fastrtps_c/rcl_interfaces/srv/detail/set_parameters_atomically__type_support_c.cpp.o
[ 77%] Building CXX object CMakeFiles/rcl_interfaces__rosidl_typesupport_fastrtps_c.dir/rosidl_typesupport_fastrtps_c/rcl_interfaces/srv/detail/set_parameters__type_support_c.cpp.o
[ 78%] Building CXX object CMakeFiles/rcl_interfaces__rosidl_typesupport_fastrtps_c.dir/rosidl_typesupport_fastrtps_c/rcl_interfaces/msg/detail/set_parameters_result__type_support_c.cpp.o
[ 79%] Building CXX object CMakeFiles/rcl_interfaces__rosidl_typesupport_fastrtps_c.dir/rosidl_typesupport_fastrtps_c/rcl_interfaces/msg/detail/parameter_value__type_support_c.cpp.o
[ 79%] Building CXX object CMakeFiles/rcl_interfaces__rosidl_typesupport_fastrtps_c.dir/rosidl_typesupport_fastrtps_c/rcl_interfaces/msg/detail/parameter_type__type_support_c.cpp.o
[ 80%] Building CXX object CMakeFiles/rcl_interfaces__rosidl_typesupport_fastrtps_c.dir/rosidl_typesupport_fastrtps_c/rcl_interfaces/msg/detail/parameter__type_support_c.cpp.o
[ 80%] Building CXX object CMakeFiles/rcl_interfaces__rosidl_typesupport_fastrtps_c.dir/rosidl_typesupport_fastrtps_c/rcl_interfaces/msg/detail/parameter_event__type_support_c.cpp.o
[ 81%] Building CXX object CMakeFiles/rcl_interfaces__rosidl_typesupport_fastrtps_c.dir/rosidl_typesupport_fastrtps_c/rcl_interfaces/msg/detail/parameter_event_descriptors__type_support_c.cpp.o
[ 82%] Building CXX object CMakeFiles/rcl_interfaces__rosidl_typesupport_fastrtps_c.dir/rosidl_typesupport_fastrtps_c/rcl_interfaces/msg/detail/parameter_descriptor__type_support_c.cpp.o
[ 83%] Building CXX object CMakeFiles/rcl_interfaces__rosidl_typesupport_fastrtps_c.dir/rosidl_typesupport_fastrtps_c/rcl_interfaces/msg/detail/list_parameters_result__type_support_c.cpp.o
[ 83%] Building CXX object CMakeFiles/rcl_interfaces__rosidl_typesupport_fastrtps_c.dir/rosidl_typesupport_fastrtps_c/rcl_interfaces/msg/detail/log__type_support_c.cpp.o
[ 84%] Building CXX object CMakeFiles/rcl_interfaces__rosidl_typesupport_fastrtps_c.dir/rosidl_typesupport_fastrtps_c/rcl_interfaces/msg/detail/integer_range__type_support_c.cpp.o
[ 84%] Linking CXX shared library librcl_interfaces__rosidl_typesupport_fastrtps_c.so
[ 84%] Built target rcl_interfaces__rosidl_typesupport_fastrtps_c
Scanning dependencies of target rcl_interfaces
[ 84%] Built target rcl_interfaces
Scanning dependencies of target rcl_interfaces__py
[ 85%] Generating Python code for ROS interfaces
[ 85%] Built target rcl_interfaces__py
Scanning dependencies of target rcl_interfaces__python
[ 85%] Building C object CMakeFiles/rcl_interfaces__python.dir/rosidl_generator_py/rcl_interfaces/msg/_floating_point_range_s.c.o
[ 85%] Building C object CMakeFiles/rcl_interfaces__python.dir/rosidl_generator_py/rcl_interfaces/srv/_describe_parameters_s.c.o
[ 86%] Building C object CMakeFiles/rcl_interfaces__python.dir/rosidl_generator_py/rcl_interfaces/srv/_get_parameters_s.c.o
[ 87%] Building C object CMakeFiles/rcl_interfaces__python.dir/rosidl_generator_py/rcl_interfaces/srv/_get_parameter_types_s.c.o
[ 87%] Building C object CMakeFiles/rcl_interfaces__python.dir/rosidl_generator_py/rcl_interfaces/srv/_list_parameters_s.c.o
[ 88%] Building C object CMakeFiles/rcl_interfaces__python.dir/rosidl_generator_py/rcl_interfaces/srv/_set_parameters_atomically_s.c.o
[ 88%] Building C object CMakeFiles/rcl_interfaces__python.dir/rosidl_generator_py/rcl_interfaces/srv/_set_parameters_s.c.o
[ 89%] Building C object CMakeFiles/rcl_interfaces__python.dir/rosidl_generator_py/rcl_interfaces/msg/_set_parameters_result_s.c.o
[ 90%] Building C object CMakeFiles/rcl_interfaces__python.dir/rosidl_generator_py/rcl_interfaces/msg/_parameter_value_s.c.o
[ 90%] Building C object CMakeFiles/rcl_interfaces__python.dir/rosidl_generator_py/rcl_interfaces/msg/_parameter_type_s.c.o
[ 91%] Building C object CMakeFiles/rcl_interfaces__python.dir/rosidl_generator_py/rcl_interfaces/msg/_parameter_s.c.o
[ 91%] Building C object CMakeFiles/rcl_interfaces__python.dir/rosidl_generator_py/rcl_interfaces/msg/_parameter_event_s.c.o
[ 92%] Building C object CMakeFiles/rcl_interfaces__python.dir/rosidl_generator_py/rcl_interfaces/msg/_parameter_event_descriptors_s.c.o
[ 93%] Building C object CMakeFiles/rcl_interfaces__python.dir/rosidl_generator_py/rcl_interfaces/msg/_parameter_descriptor_s.c.o
[ 93%] Building C object CMakeFiles/rcl_interfaces__python.dir/rosidl_generator_py/rcl_interfaces/msg/_log_s.c.o
[ 94%] Building C object CMakeFiles/rcl_interfaces__python.dir/rosidl_generator_py/rcl_interfaces/msg/_list_parameters_result_s.c.o
[ 95%] Building C object CMakeFiles/rcl_interfaces__python.dir/rosidl_generator_py/rcl_interfaces/msg/_integer_range_s.c.o
[ 96%] Linking C shared library rosidl_generator_py/rcl_interfaces/librcl_interfaces__python.so
[ 96%] Built target rcl_interfaces__python
Scanning dependencies of target rcl_interfaces__rosidl_typesupport_c__pyext
[ 97%] Building C object CMakeFiles/rcl_interfaces__rosidl_typesupport_c__pyext.dir/rosidl_generator_py/rcl_interfaces/_rcl_interfaces_s.ep.rosidl_typesupport_c.c.o
[ 97%] Linking C shared library rosidl_generator_py/rcl_interfaces/rcl_interfaces_s__rosidl_typesupport_c.cpython-310-x86_64-linux-gnu.so
[ 97%] Built target rcl_interfaces__rosidl_typesupport_c__pyext
Scanning dependencies of target rcl_interfaces__rosidl_typesupport_introspection_c__pyext
[ 98%] Building C object CMakeFiles/rcl_interfaces__rosidl_typesupport_introspection_c__pyext.dir/rosidl_generator_py/rcl_interfaces/_rcl_interfaces_s.ep.rosidl_typesupport_introspection_c.c.o
[ 99%] Linking C shared library rosidl_generator_py/rcl_interfaces/rcl_interfaces_s__rosidl_typesupport_introspection_c.cpython-310-x86_64-linux-gnu.so
[ 99%] Built target rcl_interfaces__rosidl_typesupport_introspection_c__pyext
Scanning dependencies of target rcl_interfaces__rosidl_typesupport_fastrtps_c__pyext
[100%] Building C object CMakeFiles/rcl_interfaces__rosidl_typesupport_fastrtps_c__pyext.dir/rosidl_generator_py/rcl_interfaces/_rcl_interfaces_s.ep.rosidl_typesupport_fastrtps_c.c.o
[100%] Linking CXX shared library rosidl_generator_py/rcl_interfaces/rcl_interfaces_s__rosidl_typesupport_fastrtps_c.cpython-310-x86_64-linux-gnu.so
[100%] Built target rcl_interfaces__rosidl_typesupport_fastrtps_c__pyext
-- Install configuration: ""
-- Installing: /workspace/foxy_ws/install/share/ament_index/resource_index/rosidl_interfaces/rcl_interfaces
-- Installing: /workspace/foxy_ws/install/include/rcl_interfaces
-- Installing: /workspace/foxy_ws/install/include/rcl_interfaces/msg
-- Installing: /workspace/foxy_ws/install/include/rcl_interfaces/msg/parameter_descriptor.h
-- Installing: /workspace/foxy_ws/install/include/rcl_interfaces/msg/set_parameters_result.h
-- Installing: /workspace/foxy_ws/install/include/rcl_interfaces/msg/integer_range.h
-- Installing: /workspace/foxy_ws/install/include/rcl_interfaces/msg/parameter_event.h
-- Installing: /workspace/foxy_ws/install/include/rcl_interfaces/msg/floating_point_range.h
-- Installing: /workspace/foxy_ws/install/include/rcl_interfaces/msg/log.h
-- Installing: /workspace/foxy_ws/install/include/rcl_interfaces/msg/parameter_event_descriptors.h
-- Installing: /workspace/foxy_ws/install/include/rcl_interfaces/msg/parameter.h
-- Installing: /workspace/foxy_ws/install/include/rcl_interfaces/msg/rosidl_generator_c__visibility_control.h
-- Installing: /workspace/foxy_ws/install/include/rcl_interfaces/msg/detail
-- Installing: /workspace/foxy_ws/install/include/rcl_interfaces/msg/detail/floating_point_range__type_support.h
-- Installing: /workspace/foxy_ws/install/include/rcl_interfaces/msg/detail/parameter_descriptor__functions.c
-- Installing: /workspace/foxy_ws/install/include/rcl_interfaces/msg/detail/parameter_descriptor__functions.h
-- Installing: /workspace/foxy_ws/install/include/rcl_interfaces/msg/detail/parameter__struct.h
-- Installing: /workspace/foxy_ws/install/include/rcl_interfaces/msg/detail/parameter__functions.h
-- Installing: /workspace/foxy_ws/install/include/rcl_interfaces/msg/detail/list_parameters_result__struct.h
-- Installing: /workspace/foxy_ws/install/include/rcl_interfaces/msg/detail/parameter_event__struct.h
-- Installing: /workspace/foxy_ws/install/include/rcl_interfaces/msg/detail/integer_range__struct.h
-- Installing: /workspace/foxy_ws/install/include/rcl_interfaces/msg/detail/parameter__type_support.h
-- Installing: /workspace/foxy_ws/install/include/rcl_interfaces/msg/detail/parameter_event_descriptors__struct.h
-- Installing: /workspace/foxy_ws/install/include/rcl_interfaces/msg/detail/parameter_value__functions.h
-- Installing: /workspace/foxy_ws/install/include/rcl_interfaces/msg/detail/list_parameters_result__functions.c
-- Installing: /workspace/foxy_ws/install/include/rcl_interfaces/msg/detail/parameter_event_descriptors__functions.c
-- Installing: /workspace/foxy_ws/install/include/rcl_interfaces/msg/detail/log__struct.h
-- Installing: /workspace/foxy_ws/install/include/rcl_interfaces/msg/detail/parameter_type__functions.c
-- Installing: /workspace/foxy_ws/install/include/rcl_interfaces/msg/detail/set_parameters_result__functions.h
-- Installing: /workspace/foxy_ws/install/include/rcl_interfaces/msg/detail/integer_range__functions.c
-- Installing: /workspace/foxy_ws/install/include/rcl_interfaces/msg/detail/set_parameters_result__struct.h
-- Installing: /workspace/foxy_ws/install/include/rcl_interfaces/msg/detail/parameter_value__type_support.h
-- Installing: /workspace/foxy_ws/install/include/rcl_interfaces/msg/detail/parameter_descriptor__type_support.h
-- Installing: /workspace/foxy_ws/install/include/rcl_interfaces/msg/detail/parameter_value__struct.h
-- Installing: /workspace/foxy_ws/install/include/rcl_interfaces/msg/detail/floating_point_range__struct.h
-- Installing: /workspace/foxy_ws/install/include/rcl_interfaces/msg/detail/parameter_event__functions.c
-- Installing: /workspace/foxy_ws/install/include/rcl_interfaces/msg/detail/parameter_type__struct.h
-- Installing: /workspace/foxy_ws/install/include/rcl_interfaces/msg/detail/integer_range__type_support.h
-- Installing: /workspace/foxy_ws/install/include/rcl_interfaces/msg/detail/parameter__functions.c
-- Installing: /workspace/foxy_ws/install/include/rcl_interfaces/msg/detail/integer_range__functions.h
-- Installing: /workspace/foxy_ws/install/include/rcl_interfaces/msg/detail/log__functions.c
-- Installing: /workspace/foxy_ws/install/include/rcl_interfaces/msg/detail/parameter_type__functions.h
-- Installing: /workspace/foxy_ws/install/include/rcl_interfaces/msg/detail/floating_point_range__functions.c
-- Installing: /workspace/foxy_ws/install/include/rcl_interfaces/msg/detail/parameter_descriptor__struct.h
-- Installing: /workspace/foxy_ws/install/include/rcl_interfaces/msg/detail/list_parameters_result__type_support.h
-- Installing: /workspace/foxy_ws/install/include/rcl_interfaces/msg/detail/parameter_value__functions.c
-- Installing: /workspace/foxy_ws/install/include/rcl_interfaces/msg/detail/parameter_type__type_support.h
-- Installing: /workspace/foxy_ws/install/include/rcl_interfaces/msg/detail/floating_point_range__functions.h
-- Installing: /workspace/foxy_ws/install/include/rcl_interfaces/msg/detail/parameter_event__functions.h
-- Installing: /workspace/foxy_ws/install/include/rcl_interfaces/msg/detail/log__type_support.h
-- Installing: /workspace/foxy_ws/install/include/rcl_interfaces/msg/detail/parameter_event__type_support.h
-- Installing: /workspace/foxy_ws/install/include/rcl_interfaces/msg/detail/parameter_event_descriptors__type_support.h
-- Installing: /workspace/foxy_ws/install/include/rcl_interfaces/msg/detail/set_parameters_result__functions.c
-- Installing: /workspace/foxy_ws/install/include/rcl_interfaces/msg/detail/list_parameters_result__functions.h
-- Installing: /workspace/foxy_ws/install/include/rcl_interfaces/msg/detail/log__functions.h
-- Installing: /workspace/foxy_ws/install/include/rcl_interfaces/msg/detail/parameter_event_descriptors__functions.h
-- Installing: /workspace/foxy_ws/install/include/rcl_interfaces/msg/detail/set_parameters_result__type_support.h
-- Installing: /workspace/foxy_ws/install/include/rcl_interfaces/msg/parameter_type.h
-- Installing: /workspace/foxy_ws/install/include/rcl_interfaces/msg/list_parameters_result.h
-- Installing: /workspace/foxy_ws/install/include/rcl_interfaces/msg/parameter_value.h
-- Installing: /workspace/foxy_ws/install/include/rcl_interfaces/srv
-- Installing: /workspace/foxy_ws/install/include/rcl_interfaces/srv/get_parameters.h
-- Installing: /workspace/foxy_ws/install/include/rcl_interfaces/srv/set_parameters.h
-- Installing: /workspace/foxy_ws/install/include/rcl_interfaces/srv/list_parameters.h
-- Installing: /workspace/foxy_ws/install/include/rcl_interfaces/srv/set_parameters_atomically.h
-- Installing: /workspace/foxy_ws/install/include/rcl_interfaces/srv/get_parameter_types.h
-- Installing: /workspace/foxy_ws/install/include/rcl_interfaces/srv/describe_parameters.h
-- Installing: /workspace/foxy_ws/install/include/rcl_interfaces/srv/detail
-- Installing: /workspace/foxy_ws/install/include/rcl_interfaces/srv/detail/set_parameters_atomically__functions.h
-- Installing: /workspace/foxy_ws/install/include/rcl_interfaces/srv/detail/get_parameters__functions.h
-- Installing: /workspace/foxy_ws/install/include/rcl_interfaces/srv/detail/set_parameters_atomically__functions.c
-- Installing: /workspace/foxy_ws/install/include/rcl_interfaces/srv/detail/get_parameters__struct.h
-- Installing: /workspace/foxy_ws/install/include/rcl_interfaces/srv/detail/get_parameter_types__functions.h
-- Installing: /workspace/foxy_ws/install/include/rcl_interfaces/srv/detail/set_parameters__struct.h
-- Installing: /workspace/foxy_ws/install/include/rcl_interfaces/srv/detail/describe_parameters__type_support.h
-- Installing: /workspace/foxy_ws/install/include/rcl_interfaces/srv/detail/describe_parameters__functions.h
-- Installing: /workspace/foxy_ws/install/include/rcl_interfaces/srv/detail/set_parameters__type_support.h
-- Installing: /workspace/foxy_ws/install/include/rcl_interfaces/srv/detail/set_parameters__functions.c
-- Installing: /workspace/foxy_ws/install/include/rcl_interfaces/srv/detail/describe_parameters__functions.c
-- Installing: /workspace/foxy_ws/install/include/rcl_interfaces/srv/detail/list_parameters__type_support.h
-- Installing: /workspace/foxy_ws/install/include/rcl_interfaces/srv/detail/list_parameters__struct.h
-- Installing: /workspace/foxy_ws/install/include/rcl_interfaces/srv/detail/describe_parameters__struct.h
-- Installing: /workspace/foxy_ws/install/include/rcl_interfaces/srv/detail/get_parameters__type_support.h
-- Installing: /workspace/foxy_ws/install/include/rcl_interfaces/srv/detail/set_parameters_atomically__type_support.h
-- Installing: /workspace/foxy_ws/install/include/rcl_interfaces/srv/detail/list_parameters__functions.c
-- Installing: /workspace/foxy_ws/install/include/rcl_interfaces/srv/detail/get_parameter_types__type_support.h
-- Installing: /workspace/foxy_ws/install/include/rcl_interfaces/srv/detail/get_parameters__functions.c
-- Installing: /workspace/foxy_ws/install/include/rcl_interfaces/srv/detail/set_parameters__functions.h
-- Installing: /workspace/foxy_ws/install/include/rcl_interfaces/srv/detail/get_parameter_types__struct.h
-- Installing: /workspace/foxy_ws/install/include/rcl_interfaces/srv/detail/set_parameters_atomically__struct.h
-- Installing: /workspace/foxy_ws/install/include/rcl_interfaces/srv/detail/list_parameters__functions.h
-- Installing: /workspace/foxy_ws/install/include/rcl_interfaces/srv/detail/get_parameter_types__functions.c
-- Installing: /workspace/foxy_ws/install/share/rcl_interfaces/environment/library_path.sh
-- Installing: /workspace/foxy_ws/install/share/rcl_interfaces/environment/library_path.dsv
-- Installing: /workspace/foxy_ws/install/lib/librcl_interfaces__rosidl_generator_c.so
-- Set runtime path of "/workspace/foxy_ws/install/lib/librcl_interfaces__rosidl_generator_c.so" to ""
-- Up-to-date: /workspace/foxy_ws/install/include/rcl_interfaces
-- Up-to-date: /workspace/foxy_ws/install/include/rcl_interfaces/msg
-- Installing: /workspace/foxy_ws/install/include/rcl_interfaces/msg/rosidl_typesupport_fastrtps_c__visibility_control.h
-- Up-to-date: /workspace/foxy_ws/install/include/rcl_interfaces/msg/detail
-- Installing: /workspace/foxy_ws/install/include/rcl_interfaces/msg/detail/parameter_value__rosidl_typesupport_fastrtps_c.h
-- Installing: /workspace/foxy_ws/install/include/rcl_interfaces/msg/detail/parameter_event_descriptors__rosidl_typesupport_fastrtps_c.h
-- Installing: /workspace/foxy_ws/install/include/rcl_interfaces/msg/detail/integer_range__rosidl_typesupport_fastrtps_c.h
-- Installing: /workspace/foxy_ws/install/include/rcl_interfaces/msg/detail/set_parameters_result__rosidl_typesupport_fastrtps_c.h
-- Installing: /workspace/foxy_ws/install/include/rcl_interfaces/msg/detail/list_parameters_result__rosidl_typesupport_fastrtps_c.h
-- Installing: /workspace/foxy_ws/install/include/rcl_interfaces/msg/detail/log__rosidl_typesupport_fastrtps_c.h
-- Installing: /workspace/foxy_ws/install/include/rcl_interfaces/msg/detail/floating_point_range__rosidl_typesupport_fastrtps_c.h
-- Installing: /workspace/foxy_ws/install/include/rcl_interfaces/msg/detail/parameter__rosidl_typesupport_fastrtps_c.h
-- Installing: /workspace/foxy_ws/install/include/rcl_interfaces/msg/detail/parameter_type__rosidl_typesupport_fastrtps_c.h
-- Installing: /workspace/foxy_ws/install/include/rcl_interfaces/msg/detail/parameter_event__rosidl_typesupport_fastrtps_c.h
-- Installing: /workspace/foxy_ws/install/include/rcl_interfaces/msg/detail/parameter_descriptor__rosidl_typesupport_fastrtps_c.h
-- Up-to-date: /workspace/foxy_ws/install/include/rcl_interfaces/srv
-- Up-to-date: /workspace/foxy_ws/install/include/rcl_interfaces/srv/detail
-- Installing: /workspace/foxy_ws/install/include/rcl_interfaces/srv/detail/get_parameters__rosidl_typesupport_fastrtps_c.h
-- Installing: /workspace/foxy_ws/install/include/rcl_interfaces/srv/detail/describe_parameters__rosidl_typesupport_fastrtps_c.h
-- Installing: /workspace/foxy_ws/install/include/rcl_interfaces/srv/detail/set_parameters_atomically__rosidl_typesupport_fastrtps_c.h
-- Installing: /workspace/foxy_ws/install/include/rcl_interfaces/srv/detail/list_parameters__rosidl_typesupport_fastrtps_c.h
-- Installing: /workspace/foxy_ws/install/include/rcl_interfaces/srv/detail/get_parameter_types__rosidl_typesupport_fastrtps_c.h
-- Installing: /workspace/foxy_ws/install/include/rcl_interfaces/srv/detail/set_parameters__rosidl_typesupport_fastrtps_c.h
-- Installing: /workspace/foxy_ws/install/lib/librcl_interfaces__rosidl_typesupport_fastrtps_c.so
-- Set runtime path of "/workspace/foxy_ws/install/lib/librcl_interfaces__rosidl_typesupport_fastrtps_c.so" to ""
-- Up-to-date: /workspace/foxy_ws/install/include/rcl_interfaces
-- Up-to-date: /workspace/foxy_ws/install/include/rcl_interfaces/msg
-- Installing: /workspace/foxy_ws/install/include/rcl_interfaces/msg/rosidl_typesupport_fastrtps_cpp__visibility_control.h
-- Up-to-date: /workspace/foxy_ws/install/include/rcl_interfaces/msg/detail
-- Installing: /workspace/foxy_ws/install/include/rcl_interfaces/msg/detail/integer_range__rosidl_typesupport_fastrtps_cpp.hpp
-- Installing: /workspace/foxy_ws/install/include/rcl_interfaces/msg/detail/parameter_type__rosidl_typesupport_fastrtps_cpp.hpp
-- Installing: /workspace/foxy_ws/install/include/rcl_interfaces/msg/detail/log__rosidl_typesupport_fastrtps_cpp.hpp
-- Installing: /workspace/foxy_ws/install/include/rcl_interfaces/msg/detail/dds_fastrtps
-- Installing: /workspace/foxy_ws/install/include/rcl_interfaces/msg/detail/parameter_event__rosidl_typesupport_fastrtps_cpp.hpp
-- Installing: /workspace/foxy_ws/install/include/rcl_interfaces/msg/detail/parameter_descriptor__rosidl_typesupport_fastrtps_cpp.hpp
-- Installing: /workspace/foxy_ws/install/include/rcl_interfaces/msg/detail/floating_point_range__rosidl_typesupport_fastrtps_cpp.hpp
-- Installing: /workspace/foxy_ws/install/include/rcl_interfaces/msg/detail/set_parameters_result__rosidl_typesupport_fastrtps_cpp.hpp
-- Installing: /workspace/foxy_ws/install/include/rcl_interfaces/msg/detail/parameter_value__rosidl_typesupport_fastrtps_cpp.hpp
-- Installing: /workspace/foxy_ws/install/include/rcl_interfaces/msg/detail/parameter_event_descriptors__rosidl_typesupport_fastrtps_cpp.hpp
-- Installing: /workspace/foxy_ws/install/include/rcl_interfaces/msg/detail/parameter__rosidl_typesupport_fastrtps_cpp.hpp
-- Installing: /workspace/foxy_ws/install/include/rcl_interfaces/msg/detail/list_parameters_result__rosidl_typesupport_fastrtps_cpp.hpp
-- Up-to-date: /workspace/foxy_ws/install/include/rcl_interfaces/srv
-- Up-to-date: /workspace/foxy_ws/install/include/rcl_interfaces/srv/detail
-- Installing: /workspace/foxy_ws/install/include/rcl_interfaces/srv/detail/get_parameter_types__rosidl_typesupport_fastrtps_cpp.hpp
-- Installing: /workspace/foxy_ws/install/include/rcl_interfaces/srv/detail/describe_parameters__rosidl_typesupport_fastrtps_cpp.hpp
-- Installing: /workspace/foxy_ws/install/include/rcl_interfaces/srv/detail/dds_fastrtps
-- Installing: /workspace/foxy_ws/install/include/rcl_interfaces/srv/detail/get_parameters__rosidl_typesupport_fastrtps_cpp.hpp
-- Installing: /workspace/foxy_ws/install/include/rcl_interfaces/srv/detail/list_parameters__rosidl_typesupport_fastrtps_cpp.hpp
-- Installing: /workspace/foxy_ws/install/include/rcl_interfaces/srv/detail/set_parameters__rosidl_typesupport_fastrtps_cpp.hpp
-- Installing: /workspace/foxy_ws/install/include/rcl_interfaces/srv/detail/set_parameters_atomically__rosidl_typesupport_fastrtps_cpp.hpp
-- Installing: /workspace/foxy_ws/install/lib/librcl_interfaces__rosidl_typesupport_fastrtps_cpp.so
-- Set runtime path of "/workspace/foxy_ws/install/lib/librcl_interfaces__rosidl_typesupport_fastrtps_cpp.so" to ""
-- Up-to-date: /workspace/foxy_ws/install/include/rcl_interfaces
-- Up-to-date: /workspace/foxy_ws/install/include/rcl_interfaces/msg
-- Installing: /workspace/foxy_ws/install/include/rcl_interfaces/msg/rosidl_typesupport_introspection_c__visibility_control.h
-- Up-to-date: /workspace/foxy_ws/install/include/rcl_interfaces/msg/detail
-- Installing: /workspace/foxy_ws/install/include/rcl_interfaces/msg/detail/parameter_event__type_support.c
-- Installing: /workspace/foxy_ws/install/include/rcl_interfaces/msg/detail/integer_range__type_support.c
-- Installing: /workspace/foxy_ws/install/include/rcl_interfaces/msg/detail/parameter__type_support.c
-- Installing: /workspace/foxy_ws/install/include/rcl_interfaces/msg/detail/parameter_type__type_support.c
-- Installing: /workspace/foxy_ws/install/include/rcl_interfaces/msg/detail/parameter__rosidl_typesupport_introspection_c.h
-- Installing: /workspace/foxy_ws/install/include/rcl_interfaces/msg/detail/parameter_event__rosidl_typesupport_introspection_c.h
-- Installing: /workspace/foxy_ws/install/include/rcl_interfaces/msg/detail/floating_point_range__rosidl_typesupport_introspection_c.h
-- Installing: /workspace/foxy_ws/install/include/rcl_interfaces/msg/detail/list_parameters_result__rosidl_typesupport_introspection_c.h
-- Installing: /workspace/foxy_ws/install/include/rcl_interfaces/msg/detail/parameter_type__rosidl_typesupport_introspection_c.h
-- Installing: /workspace/foxy_ws/install/include/rcl_interfaces/msg/detail/list_parameters_result__type_support.c
-- Installing: /workspace/foxy_ws/install/include/rcl_interfaces/msg/detail/set_parameters_result__rosidl_typesupport_introspection_c.h
-- Installing: /workspace/foxy_ws/install/include/rcl_interfaces/msg/detail/log__type_support.c
-- Installing: /workspace/foxy_ws/install/include/rcl_interfaces/msg/detail/integer_range__rosidl_typesupport_introspection_c.h
-- Installing: /workspace/foxy_ws/install/include/rcl_interfaces/msg/detail/set_parameters_result__type_support.c
-- Installing: /workspace/foxy_ws/install/include/rcl_interfaces/msg/detail/floating_point_range__type_support.c
-- Installing: /workspace/foxy_ws/install/include/rcl_interfaces/msg/detail/parameter_descriptor__type_support.c
-- Installing: /workspace/foxy_ws/install/include/rcl_interfaces/msg/detail/parameter_descriptor__rosidl_typesupport_introspection_c.h
-- Installing: /workspace/foxy_ws/install/include/rcl_interfaces/msg/detail/parameter_event_descriptors__type_support.c
-- Installing: /workspace/foxy_ws/install/include/rcl_interfaces/msg/detail/parameter_value__rosidl_typesupport_introspection_c.h
-- Installing: /workspace/foxy_ws/install/include/rcl_interfaces/msg/detail/parameter_value__type_support.c
-- Installing: /workspace/foxy_ws/install/include/rcl_interfaces/msg/detail/log__rosidl_typesupport_introspection_c.h
-- Installing: /workspace/foxy_ws/install/include/rcl_interfaces/msg/detail/parameter_event_descriptors__rosidl_typesupport_introspection_c.h
-- Up-to-date: /workspace/foxy_ws/install/include/rcl_interfaces/srv
-- Up-to-date: /workspace/foxy_ws/install/include/rcl_interfaces/srv/detail
-- Installing: /workspace/foxy_ws/install/include/rcl_interfaces/srv/detail/describe_parameters__type_support.c
-- Installing: /workspace/foxy_ws/install/include/rcl_interfaces/srv/detail/get_parameter_types__type_support.c
-- Installing: /workspace/foxy_ws/install/include/rcl_interfaces/srv/detail/set_parameters__type_support.c
-- Installing: /workspace/foxy_ws/install/include/rcl_interfaces/srv/detail/set_parameters_atomically__rosidl_typesupport_introspection_c.h
-- Installing: /workspace/foxy_ws/install/include/rcl_interfaces/srv/detail/set_parameters__rosidl_typesupport_introspection_c.h
-- Installing: /workspace/foxy_ws/install/include/rcl_interfaces/srv/detail/get_parameters__type_support.c
-- Installing: /workspace/foxy_ws/install/include/rcl_interfaces/srv/detail/set_parameters_atomically__type_support.c
-- Installing: /workspace/foxy_ws/install/include/rcl_interfaces/srv/detail/list_parameters__rosidl_typesupport_introspection_c.h
-- Installing: /workspace/foxy_ws/install/include/rcl_interfaces/srv/detail/describe_parameters__rosidl_typesupport_introspection_c.h
-- Installing: /workspace/foxy_ws/install/include/rcl_interfaces/srv/detail/list_parameters__type_support.c
-- Installing: /workspace/foxy_ws/install/include/rcl_interfaces/srv/detail/get_parameters__rosidl_typesupport_introspection_c.h
-- Installing: /workspace/foxy_ws/install/include/rcl_interfaces/srv/detail/get_parameter_types__rosidl_typesupport_introspection_c.h
-- Installing: /workspace/foxy_ws/install/lib/librcl_interfaces__rosidl_typesupport_introspection_c.so
-- Set runtime path of "/workspace/foxy_ws/install/lib/librcl_interfaces__rosidl_typesupport_introspection_c.so" to ""
-- Installing: /workspace/foxy_ws/install/lib/librcl_interfaces__rosidl_typesupport_c.so
-- Set runtime path of "/workspace/foxy_ws/install/lib/librcl_interfaces__rosidl_typesupport_c.so" to ""
-- Up-to-date: /workspace/foxy_ws/install/include/rcl_interfaces
-- Up-to-date: /workspace/foxy_ws/install/include/rcl_interfaces/msg
-- Installing: /workspace/foxy_ws/install/include/rcl_interfaces/msg/parameter_descriptor.hpp
-- Installing: /workspace/foxy_ws/install/include/rcl_interfaces/msg/set_parameters_result.hpp
-- Installing: /workspace/foxy_ws/install/include/rcl_interfaces/msg/parameter_value.hpp
-- Installing: /workspace/foxy_ws/install/include/rcl_interfaces/msg/rosidl_generator_cpp__visibility_control.hpp
-- Installing: /workspace/foxy_ws/install/include/rcl_interfaces/msg/parameter_event_descriptors.hpp
-- Installing: /workspace/foxy_ws/install/include/rcl_interfaces/msg/parameter.hpp
-- Installing: /workspace/foxy_ws/install/include/rcl_interfaces/msg/parameter_event.hpp
-- Installing: /workspace/foxy_ws/install/include/rcl_interfaces/msg/parameter_type.hpp
-- Installing: /workspace/foxy_ws/install/include/rcl_interfaces/msg/integer_range.hpp
-- Installing: /workspace/foxy_ws/install/include/rcl_interfaces/msg/log.hpp
-- Installing: /workspace/foxy_ws/install/include/rcl_interfaces/msg/list_parameters_result.hpp
-- Up-to-date: /workspace/foxy_ws/install/include/rcl_interfaces/msg/detail
-- Installing: /workspace/foxy_ws/install/include/rcl_interfaces/msg/detail/parameter_event_descriptors__struct.hpp
-- Installing: /workspace/foxy_ws/install/include/rcl_interfaces/msg/detail/list_parameters_result__traits.hpp
-- Installing: /workspace/foxy_ws/install/include/rcl_interfaces/msg/detail/set_parameters_result__builder.hpp
-- Installing: /workspace/foxy_ws/install/include/rcl_interfaces/msg/detail/parameter_event__builder.hpp
-- Installing: /workspace/foxy_ws/install/include/rcl_interfaces/msg/detail/floating_point_range__traits.hpp
-- Installing: /workspace/foxy_ws/install/include/rcl_interfaces/msg/detail/set_parameters_result__type_support.hpp
-- Installing: /workspace/foxy_ws/install/include/rcl_interfaces/msg/detail/floating_point_range__struct.hpp
-- Installing: /workspace/foxy_ws/install/include/rcl_interfaces/msg/detail/log__traits.hpp
-- Installing: /workspace/foxy_ws/install/include/rcl_interfaces/msg/detail/integer_range__struct.hpp
-- Installing: /workspace/foxy_ws/install/include/rcl_interfaces/msg/detail/parameter_event_descriptors__traits.hpp
-- Installing: /workspace/foxy_ws/install/include/rcl_interfaces/msg/detail/list_parameters_result__type_support.hpp
-- Installing: /workspace/foxy_ws/install/include/rcl_interfaces/msg/detail/set_parameters_result__struct.hpp
-- Installing: /workspace/foxy_ws/install/include/rcl_interfaces/msg/detail/list_parameters_result__struct.hpp
-- Installing: /workspace/foxy_ws/install/include/rcl_interfaces/msg/detail/parameter_value__type_support.hpp
-- Installing: /workspace/foxy_ws/install/include/rcl_interfaces/msg/detail/floating_point_range__type_support.hpp
-- Installing: /workspace/foxy_ws/install/include/rcl_interfaces/msg/detail/parameter_descriptor__traits.hpp
-- Installing: /workspace/foxy_ws/install/include/rcl_interfaces/msg/detail/parameter_type__builder.hpp
-- Installing: /workspace/foxy_ws/install/include/rcl_interfaces/msg/detail/parameter_event_descriptors__builder.hpp
-- Installing: /workspace/foxy_ws/install/include/rcl_interfaces/msg/detail/floating_point_range__builder.hpp
-- Installing: /workspace/foxy_ws/install/include/rcl_interfaces/msg/detail/log__builder.hpp
-- Installing: /workspace/foxy_ws/install/include/rcl_interfaces/msg/detail/parameter_descriptor__struct.hpp
-- Installing: /workspace/foxy_ws/install/include/rcl_interfaces/msg/detail/parameter__struct.hpp
-- Installing: /workspace/foxy_ws/install/include/rcl_interfaces/msg/detail/parameter_event__traits.hpp
-- Installing: /workspace/foxy_ws/install/include/rcl_interfaces/msg/detail/parameter_value__builder.hpp
-- Installing: /workspace/foxy_ws/install/include/rcl_interfaces/msg/detail/parameter__type_support.hpp
-- Installing: /workspace/foxy_ws/install/include/rcl_interfaces/msg/detail/parameter_value__traits.hpp
-- Installing: /workspace/foxy_ws/install/include/rcl_interfaces/msg/detail/parameter_descriptor__builder.hpp
-- Installing: /workspace/foxy_ws/install/include/rcl_interfaces/msg/detail/list_parameters_result__builder.hpp
-- Installing: /workspace/foxy_ws/install/include/rcl_interfaces/msg/detail/integer_range__traits.hpp
-- Installing: /workspace/foxy_ws/install/include/rcl_interfaces/msg/detail/log__struct.hpp
-- Installing: /workspace/foxy_ws/install/include/rcl_interfaces/msg/detail/integer_range__type_support.hpp
-- Installing: /workspace/foxy_ws/install/include/rcl_interfaces/msg/detail/parameter__builder.hpp
-- Installing: /workspace/foxy_ws/install/include/rcl_interfaces/msg/detail/set_parameters_result__traits.hpp
-- Installing: /workspace/foxy_ws/install/include/rcl_interfaces/msg/detail/parameter_type__struct.hpp
-- Installing: /workspace/foxy_ws/install/include/rcl_interfaces/msg/detail/parameter_event_descriptors__type_support.hpp
-- Installing: /workspace/foxy_ws/install/include/rcl_interfaces/msg/detail/parameter_event__struct.hpp
-- Installing: /workspace/foxy_ws/install/include/rcl_interfaces/msg/detail/parameter_value__struct.hpp
-- Installing: /workspace/foxy_ws/install/include/rcl_interfaces/msg/detail/parameter_descriptor__type_support.hpp
-- Installing: /workspace/foxy_ws/install/include/rcl_interfaces/msg/detail/parameter_event__type_support.hpp
-- Installing: /workspace/foxy_ws/install/include/rcl_interfaces/msg/detail/integer_range__builder.hpp
-- Installing: /workspace/foxy_ws/install/include/rcl_interfaces/msg/detail/parameter_type__traits.hpp
-- Installing: /workspace/foxy_ws/install/include/rcl_interfaces/msg/detail/log__type_support.hpp
-- Installing: /workspace/foxy_ws/install/include/rcl_interfaces/msg/detail/parameter__traits.hpp
-- Installing: /workspace/foxy_ws/install/include/rcl_interfaces/msg/detail/parameter_type__type_support.hpp
-- Installing: /workspace/foxy_ws/install/include/rcl_interfaces/msg/floating_point_range.hpp
-- Up-to-date: /workspace/foxy_ws/install/include/rcl_interfaces/srv
-- Installing: /workspace/foxy_ws/install/include/rcl_interfaces/srv/get_parameters.hpp
-- Installing: /workspace/foxy_ws/install/include/rcl_interfaces/srv/get_parameter_types.hpp
-- Installing: /workspace/foxy_ws/install/include/rcl_interfaces/srv/set_parameters.hpp
-- Installing: /workspace/foxy_ws/install/include/rcl_interfaces/srv/set_parameters_atomically.hpp
-- Installing: /workspace/foxy_ws/install/include/rcl_interfaces/srv/list_parameters.hpp
-- Up-to-date: /workspace/foxy_ws/install/include/rcl_interfaces/srv/detail
-- Installing: /workspace/foxy_ws/install/include/rcl_interfaces/srv/detail/set_parameters_atomically__traits.hpp
-- Installing: /workspace/foxy_ws/install/include/rcl_interfaces/srv/detail/get_parameters__builder.hpp
-- Installing: /workspace/foxy_ws/install/include/rcl_interfaces/srv/detail/set_parameters_atomically__builder.hpp
-- Installing: /workspace/foxy_ws/install/include/rcl_interfaces/srv/detail/list_parameters__traits.hpp
-- Installing: /workspace/foxy_ws/install/include/rcl_interfaces/srv/detail/get_parameter_types__type_support.hpp
-- Installing: /workspace/foxy_ws/install/include/rcl_interfaces/srv/detail/list_parameters__type_support.hpp
-- Installing: /workspace/foxy_ws/install/include/rcl_interfaces/srv/detail/describe_parameters__traits.hpp
-- Installing: /workspace/foxy_ws/install/include/rcl_interfaces/srv/detail/set_parameters__traits.hpp
-- Installing: /workspace/foxy_ws/install/include/rcl_interfaces/srv/detail/set_parameters_atomically__struct.hpp
-- Installing: /workspace/foxy_ws/install/include/rcl_interfaces/srv/detail/set_parameters__struct.hpp
-- Installing: /workspace/foxy_ws/install/include/rcl_interfaces/srv/detail/set_parameters_atomically__type_support.hpp
-- Installing: /workspace/foxy_ws/install/include/rcl_interfaces/srv/detail/get_parameter_types__traits.hpp
-- Installing: /workspace/foxy_ws/install/include/rcl_interfaces/srv/detail/set_parameters__type_support.hpp
-- Installing: /workspace/foxy_ws/install/include/rcl_interfaces/srv/detail/get_parameter_types__builder.hpp
-- Installing: /workspace/foxy_ws/install/include/rcl_interfaces/srv/detail/describe_parameters__struct.hpp
-- Installing: /workspace/foxy_ws/install/include/rcl_interfaces/srv/detail/list_parameters__builder.hpp
-- Installing: /workspace/foxy_ws/install/include/rcl_interfaces/srv/detail/get_parameters__struct.hpp
-- Installing: /workspace/foxy_ws/install/include/rcl_interfaces/srv/detail/set_parameters__builder.hpp
-- Installing: /workspace/foxy_ws/install/include/rcl_interfaces/srv/detail/list_parameters__struct.hpp
-- Installing: /workspace/foxy_ws/install/include/rcl_interfaces/srv/detail/describe_parameters__builder.hpp
-- Installing: /workspace/foxy_ws/install/include/rcl_interfaces/srv/detail/get_parameters__type_support.hpp
-- Installing: /workspace/foxy_ws/install/include/rcl_interfaces/srv/detail/get_parameters__traits.hpp
-- Installing: /workspace/foxy_ws/install/include/rcl_interfaces/srv/detail/get_parameter_types__struct.hpp
-- Installing: /workspace/foxy_ws/install/include/rcl_interfaces/srv/detail/describe_parameters__type_support.hpp
-- Installing: /workspace/foxy_ws/install/include/rcl_interfaces/srv/describe_parameters.hpp
-- Up-to-date: /workspace/foxy_ws/install/include/rcl_interfaces
-- Up-to-date: /workspace/foxy_ws/install/include/rcl_interfaces/msg
-- Up-to-date: /workspace/foxy_ws/install/include/rcl_interfaces/msg/detail
-- Installing: /workspace/foxy_ws/install/include/rcl_interfaces/msg/detail/parameter_event__type_support.cpp
-- Installing: /workspace/foxy_ws/install/include/rcl_interfaces/msg/detail/list_parameters_result__type_support.cpp
-- Installing: /workspace/foxy_ws/install/include/rcl_interfaces/msg/detail/parameter_event_descriptors__type_support.cpp
-- Installing: /workspace/foxy_ws/install/include/rcl_interfaces/msg/detail/log__type_support.cpp
-- Installing: /workspace/foxy_ws/install/include/rcl_interfaces/msg/detail/parameter_value__rosidl_typesupport_introspection_cpp.hpp
-- Installing: /workspace/foxy_ws/install/include/rcl_interfaces/msg/detail/parameter_descriptor__type_support.cpp
-- Installing: /workspace/foxy_ws/install/include/rcl_interfaces/msg/detail/floating_point_range__type_support.cpp
-- Installing: /workspace/foxy_ws/install/include/rcl_interfaces/msg/detail/parameter_descriptor__rosidl_typesupport_introspection_cpp.hpp
-- Installing: /workspace/foxy_ws/install/include/rcl_interfaces/msg/detail/parameter__rosidl_typesupport_introspection_cpp.hpp
-- Installing: /workspace/foxy_ws/install/include/rcl_interfaces/msg/detail/integer_range__rosidl_typesupport_introspection_cpp.hpp
-- Installing: /workspace/foxy_ws/install/include/rcl_interfaces/msg/detail/parameter_type__rosidl_typesupport_introspection_cpp.hpp
-- Installing: /workspace/foxy_ws/install/include/rcl_interfaces/msg/detail/parameter_value__type_support.cpp
-- Installing: /workspace/foxy_ws/install/include/rcl_interfaces/msg/detail/log__rosidl_typesupport_introspection_cpp.hpp
-- Installing: /workspace/foxy_ws/install/include/rcl_interfaces/msg/detail/parameter_event_descriptors__rosidl_typesupport_introspection_cpp.hpp
-- Installing: /workspace/foxy_ws/install/include/rcl_interfaces/msg/detail/set_parameters_result__type_support.cpp
-- Installing: /workspace/foxy_ws/install/include/rcl_interfaces/msg/detail/parameter_type__type_support.cpp
-- Installing: /workspace/foxy_ws/install/include/rcl_interfaces/msg/detail/floating_point_range__rosidl_typesupport_introspection_cpp.hpp
-- Installing: /workspace/foxy_ws/install/include/rcl_interfaces/msg/detail/list_parameters_result__rosidl_typesupport_introspection_cpp.hpp
-- Installing: /workspace/foxy_ws/install/include/rcl_interfaces/msg/detail/integer_range__type_support.cpp
-- Installing: /workspace/foxy_ws/install/include/rcl_interfaces/msg/detail/parameter_event__rosidl_typesupport_introspection_cpp.hpp
-- Installing: /workspace/foxy_ws/install/include/rcl_interfaces/msg/detail/set_parameters_result__rosidl_typesupport_introspection_cpp.hpp
-- Installing: /workspace/foxy_ws/install/include/rcl_interfaces/msg/detail/parameter__type_support.cpp
-- Up-to-date: /workspace/foxy_ws/install/include/rcl_interfaces/srv
-- Up-to-date: /workspace/foxy_ws/install/include/rcl_interfaces/srv/detail
-- Installing: /workspace/foxy_ws/install/include/rcl_interfaces/srv/detail/set_parameters__type_support.cpp
-- Installing: /workspace/foxy_ws/install/include/rcl_interfaces/srv/detail/describe_parameters__type_support.cpp
-- Installing: /workspace/foxy_ws/install/include/rcl_interfaces/srv/detail/list_parameters__rosidl_typesupport_introspection_cpp.hpp
-- Installing: /workspace/foxy_ws/install/include/rcl_interfaces/srv/detail/set_parameters_atomically__rosidl_typesupport_introspection_cpp.hpp
-- Installing: /workspace/foxy_ws/install/include/rcl_interfaces/srv/detail/set_parameters_atomically__type_support.cpp
-- Installing: /workspace/foxy_ws/install/include/rcl_interfaces/srv/detail/list_parameters__type_support.cpp
-- Installing: /workspace/foxy_ws/install/include/rcl_interfaces/srv/detail/get_parameter_types__rosidl_typesupport_introspection_cpp.hpp
-- Installing: /workspace/foxy_ws/install/include/rcl_interfaces/srv/detail/get_parameter_types__type_support.cpp
-- Installing: /workspace/foxy_ws/install/include/rcl_interfaces/srv/detail/describe_parameters__rosidl_typesupport_introspection_cpp.hpp
-- Installing: /workspace/foxy_ws/install/include/rcl_interfaces/srv/detail/get_parameters__rosidl_typesupport_introspection_cpp.hpp
-- Installing: /workspace/foxy_ws/install/include/rcl_interfaces/srv/detail/get_parameters__type_support.cpp
-- Installing: /workspace/foxy_ws/install/include/rcl_interfaces/srv/detail/set_parameters__rosidl_typesupport_introspection_cpp.hpp
-- Installing: /workspace/foxy_ws/install/lib/librcl_interfaces__rosidl_typesupport_introspection_cpp.so
-- Set runtime path of "/workspace/foxy_ws/install/lib/librcl_interfaces__rosidl_typesupport_introspection_cpp.so" to ""
-- Installing: /workspace/foxy_ws/install/lib/librcl_interfaces__rosidl_typesupport_cpp.so
-- Set runtime path of "/workspace/foxy_ws/install/lib/librcl_interfaces__rosidl_typesupport_cpp.so" to ""
-- Installing: /workspace/foxy_ws/install/share/rcl_interfaces/environment/pythonpath.sh
-- Installing: /workspace/foxy_ws/install/share/rcl_interfaces/environment/pythonpath.dsv
-- Installing: /workspace/foxy_ws/install/lib/python3.10/site-packages/rcl_interfaces/__init__.py
Compiling '/workspace/foxy_ws/install/lib/python3.10/site-packages/rcl_interfaces/__init__.py'...
-- Installing: /workspace/foxy_ws/install/lib/python3.10/site-packages/rcl_interfaces/msg
-- Installing: /workspace/foxy_ws/install/lib/python3.10/site-packages/rcl_interfaces/msg/_list_parameters_result_s.c
-- Installing: /workspace/foxy_ws/install/lib/python3.10/site-packages/rcl_interfaces/msg/_parameter_value_s.c
-- Installing: /workspace/foxy_ws/install/lib/python3.10/site-packages/rcl_interfaces/msg/_parameter_descriptor_s.c
-- Installing: /workspace/foxy_ws/install/lib/python3.10/site-packages/rcl_interfaces/msg/_floating_point_range_s.c
-- Installing: /workspace/foxy_ws/install/lib/python3.10/site-packages/rcl_interfaces/msg/_parameter_event_s.c
-- Installing: /workspace/foxy_ws/install/lib/python3.10/site-packages/rcl_interfaces/msg/_integer_range_s.c
-- Installing: /workspace/foxy_ws/install/lib/python3.10/site-packages/rcl_interfaces/msg/_log.py
-- Installing: /workspace/foxy_ws/install/lib/python3.10/site-packages/rcl_interfaces/msg/_parameter_descriptor.py
-- Installing: /workspace/foxy_ws/install/lib/python3.10/site-packages/rcl_interfaces/msg/_floating_point_range.py
-- Installing: /workspace/foxy_ws/install/lib/python3.10/site-packages/rcl_interfaces/msg/_parameter_type_s.c
-- Installing: /workspace/foxy_ws/install/lib/python3.10/site-packages/rcl_interfaces/msg/_parameter_event_descriptors_s.c
-- Installing: /workspace/foxy_ws/install/lib/python3.10/site-packages/rcl_interfaces/msg/_parameter_event_descriptors.py
-- Installing: /workspace/foxy_ws/install/lib/python3.10/site-packages/rcl_interfaces/msg/_parameter_event.py
-- Installing: /workspace/foxy_ws/install/lib/python3.10/site-packages/rcl_interfaces/msg/_integer_range.py
-- Installing: /workspace/foxy_ws/install/lib/python3.10/site-packages/rcl_interfaces/msg/_parameter.py
-- Installing: /workspace/foxy_ws/install/lib/python3.10/site-packages/rcl_interfaces/msg/_log_s.c
-- Installing: /workspace/foxy_ws/install/lib/python3.10/site-packages/rcl_interfaces/msg/_set_parameters_result_s.c
-- Installing: /workspace/foxy_ws/install/lib/python3.10/site-packages/rcl_interfaces/msg/_set_parameters_result.py
-- Installing: /workspace/foxy_ws/install/lib/python3.10/site-packages/rcl_interfaces/msg/__init__.py
-- Installing: /workspace/foxy_ws/install/lib/python3.10/site-packages/rcl_interfaces/msg/_list_parameters_result.py
-- Installing: /workspace/foxy_ws/install/lib/python3.10/site-packages/rcl_interfaces/msg/_parameter_type.py
-- Installing: /workspace/foxy_ws/install/lib/python3.10/site-packages/rcl_interfaces/msg/_parameter_value.py
-- Installing: /workspace/foxy_ws/install/lib/python3.10/site-packages/rcl_interfaces/msg/_parameter_s.c
-- Installing: /workspace/foxy_ws/install/lib/python3.10/site-packages/rcl_interfaces/srv
-- Installing: /workspace/foxy_ws/install/lib/python3.10/site-packages/rcl_interfaces/srv/_get_parameter_types.py
-- Installing: /workspace/foxy_ws/install/lib/python3.10/site-packages/rcl_interfaces/srv/_describe_parameters_s.c
-- Installing: /workspace/foxy_ws/install/lib/python3.10/site-packages/rcl_interfaces/srv/_get_parameter_types_s.c
-- Installing: /workspace/foxy_ws/install/lib/python3.10/site-packages/rcl_interfaces/srv/_set_parameters_atomically.py
-- Installing: /workspace/foxy_ws/install/lib/python3.10/site-packages/rcl_interfaces/srv/_set_parameters.py
-- Installing: /workspace/foxy_ws/install/lib/python3.10/site-packages/rcl_interfaces/srv/_set_parameters_s.c
-- Installing: /workspace/foxy_ws/install/lib/python3.10/site-packages/rcl_interfaces/srv/_get_parameters_s.c
-- Installing: /workspace/foxy_ws/install/lib/python3.10/site-packages/rcl_interfaces/srv/_list_parameters_s.c
-- Installing: /workspace/foxy_ws/install/lib/python3.10/site-packages/rcl_interfaces/srv/_get_parameters.py
-- Installing: /workspace/foxy_ws/install/lib/python3.10/site-packages/rcl_interfaces/srv/__init__.py
-- Installing: /workspace/foxy_ws/install/lib/python3.10/site-packages/rcl_interfaces/srv/_set_parameters_atomically_s.c
-- Installing: /workspace/foxy_ws/install/lib/python3.10/site-packages/rcl_interfaces/srv/_describe_parameters.py
-- Installing: /workspace/foxy_ws/install/lib/python3.10/site-packages/rcl_interfaces/srv/_list_parameters.py
-- Installing: /workspace/foxy_ws/install/lib/python3.10/site-packages/rcl_interfaces/rcl_interfaces_s__rosidl_typesupport_fastrtps_c.cpython-310-x86_64-linux-gnu.so
-- Set runtime path of "/workspace/foxy_ws/install/lib/python3.10/site-packages/rcl_interfaces/rcl_interfaces_s__rosidl_typesupport_fastrtps_c.cpython-310-x86_64-linux-gnu.so" to ""
-- Installing: /workspace/foxy_ws/install/lib/python3.10/site-packages/rcl_interfaces/rcl_interfaces_s__rosidl_typesupport_introspection_c.cpython-310-x86_64-linux-gnu.so
-- Set runtime path of "/workspace/foxy_ws/install/lib/python3.10/site-packages/rcl_interfaces/rcl_interfaces_s__rosidl_typesupport_introspection_c.cpython-310-x86_64-linux-gnu.so" to ""
-- Installing: /workspace/foxy_ws/install/lib/python3.10/site-packages/rcl_interfaces/rcl_interfaces_s__rosidl_typesupport_c.cpython-310-x86_64-linux-gnu.so
-- Set runtime path of "/workspace/foxy_ws/install/lib/python3.10/site-packages/rcl_interfaces/rcl_interfaces_s__rosidl_typesupport_c.cpython-310-x86_64-linux-gnu.so" to ""
-- Installing: /workspace/foxy_ws/install/lib/librcl_interfaces__python.so
-- Set runtime path of "/workspace/foxy_ws/install/lib/librcl_interfaces__python.so" to ""
-- Installing: /workspace/foxy_ws/install/share/rcl_interfaces/msg/FloatingPointRange.idl
-- Installing: /workspace/foxy_ws/install/share/rcl_interfaces/msg/IntegerRange.idl
-- Installing: /workspace/foxy_ws/install/share/rcl_interfaces/msg/ListParametersResult.idl
-- Installing: /workspace/foxy_ws/install/share/rcl_interfaces/msg/Log.idl
-- Installing: /workspace/foxy_ws/install/share/rcl_interfaces/msg/ParameterDescriptor.idl
-- Installing: /workspace/foxy_ws/install/share/rcl_interfaces/msg/ParameterEventDescriptors.idl
-- Installing: /workspace/foxy_ws/install/share/rcl_interfaces/msg/ParameterEvent.idl
-- Installing: /workspace/foxy_ws/install/share/rcl_interfaces/msg/Parameter.idl
-- Installing: /workspace/foxy_ws/install/share/rcl_interfaces/msg/ParameterType.idl
-- Installing: /workspace/foxy_ws/install/share/rcl_interfaces/msg/ParameterValue.idl
-- Installing: /workspace/foxy_ws/install/share/rcl_interfaces/msg/SetParametersResult.idl
-- Installing: /workspace/foxy_ws/install/share/rcl_interfaces/srv/DescribeParameters.idl
-- Installing: /workspace/foxy_ws/install/share/rcl_interfaces/srv/GetParameters.idl
-- Installing: /workspace/foxy_ws/install/share/rcl_interfaces/srv/GetParameterTypes.idl
-- Installing: /workspace/foxy_ws/install/share/rcl_interfaces/srv/ListParameters.idl
-- Installing: /workspace/foxy_ws/install/share/rcl_interfaces/srv/SetParametersAtomically.idl
-- Installing: /workspace/foxy_ws/install/share/rcl_interfaces/srv/SetParameters.idl
-- Installing: /workspace/foxy_ws/install/share/rcl_interfaces/msg/FloatingPointRange.msg
-- Installing: /workspace/foxy_ws/install/share/rcl_interfaces/msg/IntegerRange.msg
-- Installing: /workspace/foxy_ws/install/share/rcl_interfaces/msg/ListParametersResult.msg
-- Installing: /workspace/foxy_ws/install/share/rcl_interfaces/msg/Log.msg
-- Installing: /workspace/foxy_ws/install/share/rcl_interfaces/msg/ParameterDescriptor.msg
-- Installing: /workspace/foxy_ws/install/share/rcl_interfaces/msg/ParameterEventDescriptors.msg
-- Installing: /workspace/foxy_ws/install/share/rcl_interfaces/msg/ParameterEvent.msg
-- Installing: /workspace/foxy_ws/install/share/rcl_interfaces/msg/Parameter.msg
-- Installing: /workspace/foxy_ws/install/share/rcl_interfaces/msg/ParameterType.msg
-- Installing: /workspace/foxy_ws/install/share/rcl_interfaces/msg/ParameterValue.msg
-- Installing: /workspace/foxy_ws/install/share/rcl_interfaces/msg/SetParametersResult.msg
-- Installing: /workspace/foxy_ws/install/share/rcl_interfaces/srv/DescribeParameters.srv
-- Installing: /workspace/foxy_ws/install/share/rcl_interfaces/srv/DescribeParameters_Request.msg
-- Installing: /workspace/foxy_ws/install/share/rcl_interfaces/srv/DescribeParameters_Response.msg
-- Installing: /workspace/foxy_ws/install/share/rcl_interfaces/srv/GetParameters.srv
-- Installing: /workspace/foxy_ws/install/share/rcl_interfaces/srv/GetParameters_Request.msg
-- Installing: /workspace/foxy_ws/install/share/rcl_interfaces/srv/GetParameters_Response.msg
-- Installing: /workspace/foxy_ws/install/share/rcl_interfaces/srv/GetParameterTypes.srv
-- Installing: /workspace/foxy_ws/install/share/rcl_interfaces/srv/GetParameterTypes_Request.msg
-- Installing: /workspace/foxy_ws/install/share/rcl_interfaces/srv/GetParameterTypes_Response.msg
-- Installing: /workspace/foxy_ws/install/share/rcl_interfaces/srv/ListParameters.srv
-- Installing: /workspace/foxy_ws/install/share/rcl_interfaces/srv/ListParameters_Request.msg
-- Installing: /workspace/foxy_ws/install/share/rcl_interfaces/srv/ListParameters_Response.msg
-- Installing: /workspace/foxy_ws/install/share/rcl_interfaces/srv/SetParametersAtomically.srv
-- Installing: /workspace/foxy_ws/install/share/rcl_interfaces/srv/SetParametersAtomically_Request.msg
-- Installing: /workspace/foxy_ws/install/share/rcl_interfaces/srv/SetParametersAtomically_Response.msg
-- Installing: /workspace/foxy_ws/install/share/rcl_interfaces/srv/SetParameters.srv
-- Installing: /workspace/foxy_ws/install/share/rcl_interfaces/srv/SetParameters_Request.msg
-- Installing: /workspace/foxy_ws/install/share/rcl_interfaces/srv/SetParameters_Response.msg
-- Installing: /workspace/foxy_ws/install/share/rcl_interfaces/mapping_rules.yaml
-- Installing: /workspace/foxy_ws/install/share/ament_index/resource_index/package_run_dependencies/rcl_interfaces
-- Installing: /workspace/foxy_ws/install/share/ament_index/resource_index/parent_prefix_path/rcl_interfaces
-- Installing: /workspace/foxy_ws/install/share/rcl_interfaces/environment/ament_prefix_path.sh
-- Installing: /workspace/foxy_ws/install/share/rcl_interfaces/environment/ament_prefix_path.dsv
-- Installing: /workspace/foxy_ws/install/share/rcl_interfaces/environment/path.sh
-- Installing: /workspace/foxy_ws/install/share/rcl_interfaces/environment/path.dsv
-- Installing: /workspace/foxy_ws/install/share/rcl_interfaces/local_setup.bash
-- Installing: /workspace/foxy_ws/install/share/rcl_interfaces/local_setup.sh
-- Installing: /workspace/foxy_ws/install/share/rcl_interfaces/local_setup.zsh
-- Installing: /workspace/foxy_ws/install/share/rcl_interfaces/local_setup.dsv
-- Installing: /workspace/foxy_ws/install/share/rcl_interfaces/package.dsv
-- Installing: /workspace/foxy_ws/install/share/ament_index/resource_index/packages/rcl_interfaces
-- Installing: /workspace/foxy_ws/install/share/rcl_interfaces/cmake/rcl_interfaces__rosidl_generator_cExport.cmake
-- Installing: /workspace/foxy_ws/install/share/rcl_interfaces/cmake/rcl_interfaces__rosidl_generator_cExport-noconfig.cmake
-- Installing: /workspace/foxy_ws/install/share/rcl_interfaces/cmake/rcl_interfaces__rosidl_typesupport_introspection_cExport.cmake
-- Installing: /workspace/foxy_ws/install/share/rcl_interfaces/cmake/rcl_interfaces__rosidl_typesupport_introspection_cExport-noconfig.cmake
-- Installing: /workspace/foxy_ws/install/share/rcl_interfaces/cmake/rcl_interfaces__rosidl_typesupport_cExport.cmake
-- Installing: /workspace/foxy_ws/install/share/rcl_interfaces/cmake/rcl_interfaces__rosidl_typesupport_cExport-noconfig.cmake
-- Installing: /workspace/foxy_ws/install/share/rcl_interfaces/cmake/rcl_interfaces__rosidl_generator_cppExport.cmake
-- Installing: /workspace/foxy_ws/install/share/rcl_interfaces/cmake/rcl_interfaces__rosidl_typesupport_introspection_cppExport.cmake
-- Installing: /workspace/foxy_ws/install/share/rcl_interfaces/cmake/rcl_interfaces__rosidl_typesupport_introspection_cppExport-noconfig.cmake
-- Installing: /workspace/foxy_ws/install/share/rcl_interfaces/cmake/rcl_interfaces__rosidl_typesupport_cppExport.cmake
-- Installing: /workspace/foxy_ws/install/share/rcl_interfaces/cmake/rcl_interfaces__rosidl_typesupport_cppExport-noconfig.cmake
-- Installing: /workspace/foxy_ws/install/share/rcl_interfaces/cmake/rosidl_cmake-extras.cmake
-- Installing: /workspace/foxy_ws/install/share/rcl_interfaces/cmake/ament_cmake_export_dependencies-extras.cmake
-- Installing: /workspace/foxy_ws/install/share/rcl_interfaces/cmake/ament_cmake_export_libraries-extras.cmake
-- Installing: /workspace/foxy_ws/install/share/rcl_interfaces/cmake/ament_cmake_export_targets-extras.cmake
-- Installing: /workspace/foxy_ws/install/share/rcl_interfaces/cmake/ament_cmake_export_include_directories-extras.cmake
-- Installing: /workspace/foxy_ws/install/share/rcl_interfaces/cmake/rosidl_cmake_export_typesupport_libraries-extras.cmake
-- Installing: /workspace/foxy_ws/install/share/rcl_interfaces/cmake/rosidl_cmake_export_typesupport_targets-extras.cmake
-- Installing: /workspace/foxy_ws/install/share/rcl_interfaces/cmake/rcl_interfacesConfig.cmake
-- Installing: /workspace/foxy_ws/install/share/rcl_interfaces/cmake/rcl_interfacesConfig-version.cmake
-- Installing: /workspace/foxy_ws/install/share/rcl_interfaces/package.xml
