[0.165s] Invoking command in '/workspace/foxy_ws/build/rcl_interfaces': AMENT_PREFIX_PATH=/workspace/foxy_ws/install CMAKE_PREFIX_PATH=/workspace/foxy_ws/install LD_LIBRARY_PATH=/workspace/foxy_ws/install/lib PATH=/workspace/foxy_ws/install/bin:${PATH} PKG_CONFIG_PATH=/workspace/foxy_ws/install/lib/x86_64-linux-gnu/pkgconfig:/workspace/foxy_ws/install/lib/pkgconfig PYTHONPATH=/workspace/foxy_ws/install/lib/python3.10/site-packages /usr/bin/cmake /workspace/foxy_ws/src/rcl_interfaces/rcl_interfaces -DCMAKE_INSTALL_PREFIX=/workspace/foxy_ws/install
[0.228s] -- The C compiler identification is GNU 9.4.0
[0.276s] -- The CXX compiler identification is GNU 9.4.0
[0.278s] -- Check for working C compiler: /usr/bin/cc
[0.361s] -- Check for working C compiler: /usr/bin/cc -- works
[0.361s] -- Detecting C compiler ABI info
[0.446s] -- Detecting C compiler ABI info - done
[0.456s] -- Detecting C compile features
[0.457s] -- Detecting C compile features - done
[0.460s] -- Check for working CXX compiler: /usr/bin/c++
[0.544s] -- Check for working CXX compiler: /usr/bin/c++ -- works
[0.544s] -- Detecting CXX compiler ABI info
[0.650s] -- Detecting CXX compiler ABI info - done
[0.669s] -- Detecting CXX compile features
[0.670s] -- Detecting CXX compile features - done
[0.672s] -- Found ament_cmake: 0.9.12 (/workspace/foxy_ws/install/share/ament_cmake/cmake)
[0.692s] -- Found PythonInterp: /usr/bin/python3 (found suitable version "3.10.14", minimum required is "3") 
[0.692s] -- Using PYTHON_EXECUTABLE: /usr/bin/python3
[0.867s] -- Found rosidl_default_generators: 1.0.1 (/workspace/foxy_ws/install/share/rosidl_default_generators/cmake)
[0.870s] -- Using all available rosidl_typesupport_c: rosidl_typesupport_fastrtps_c;rosidl_typesupport_introspection_c
[0.876s] -- Found rosidl_adapter: 1.3.1 (/workspace/foxy_ws/install/share/rosidl_adapter/cmake)
[0.907s] -- Found OpenSSL: /usr/lib/x86_64-linux-gnu/libcrypto.so (found version "1.1.1f")  
[0.926s] -- Found FastRTPS: /workspace/foxy_ws/install/include  
[0.980s] -- Using all available rosidl_typesupport_cpp: rosidl_typesupport_fastrtps_cpp;rosidl_typesupport_introspection_cpp
[1.000s] -- Found builtin_interfaces: 1.0.0 (/workspace/foxy_ws/install/share/builtin_interfaces/cmake)
[1.032s] -- Found PythonInterp: /usr/bin/python3 (found version "3.10.14") 
[1.319s] -- Found ament_cmake_ros: 0.9.2 (/workspace/foxy_ws/install/share/ament_cmake_ros/cmake)
[1.384s] -- Using all available rosidl_typesupport_c: rosidl_typesupport_fastrtps_c;rosidl_typesupport_introspection_c
[1.401s] -- Using all available rosidl_typesupport_cpp: rosidl_typesupport_fastrtps_cpp;rosidl_typesupport_introspection_cpp
[1.419s] -- Found PythonInterp: /usr/bin/python3 (found suitable version "3.10.14", minimum required is "3.5") 
[1.419s] -- Found python_cmake_module: 0.8.1 (/workspace/foxy_ws/install/share/python_cmake_module/cmake)
[1.439s] -- Found PythonLibs: /usr/lib/x86_64-linux-gnu/libpython3.10.so (found suitable version "3.10.14", minimum required is "3.5") 
[1.439s] -- Using PYTHON_EXECUTABLE: /usr/bin/python3
[1.439s] -- Using PYTHON_INCLUDE_DIRS: /usr/include/python3.10
[1.439s] -- Using PYTHON_LIBRARIES: /usr/lib/x86_64-linux-gnu/libpython3.10.so
[1.495s] -- Found PythonExtra: .so  
[1.531s] <string>:1: DeprecationWarning: The distutils package is deprecated and slated for removal in Python 3.12. Use setuptools or check PEP 632 for potential alternatives
[1.534s] <string>:1: DeprecationWarning: The distutils.sysconfig module is deprecated, use sysconfig instead
[1.692s] -- Using numpy include directory: /usr/local/lib/python3.10/dist-packages/numpy/core/include
[1.710s] -- Found ament_lint_auto: 0.9.8 (/workspace/foxy_ws/install/share/ament_lint_auto/cmake)
[1.735s] -- Added test 'copyright' to check source files copyright and LICENSE
[1.768s] -- Added test 'lint_cmake' to check CMake code style
[1.789s] -- Added test 'xmllint' to check XML markup files
[1.790s] -- Configuring done
[1.879s] -- Generating done
[1.884s] -- Build files have been written to: /workspace/foxy_ws/build/rcl_interfaces
[1.902s] Invoked command in '/workspace/foxy_ws/build/rcl_interfaces' returned '0': AMENT_PREFIX_PATH=/workspace/foxy_ws/install CMAKE_PREFIX_PATH=/workspace/foxy_ws/install LD_LIBRARY_PATH=/workspace/foxy_ws/install/lib PATH=/workspace/foxy_ws/install/bin:${PATH} PKG_CONFIG_PATH=/workspace/foxy_ws/install/lib/x86_64-linux-gnu/pkgconfig:/workspace/foxy_ws/install/lib/pkgconfig PYTHONPATH=/workspace/foxy_ws/install/lib/python3.10/site-packages /usr/bin/cmake /workspace/foxy_ws/src/rcl_interfaces/rcl_interfaces -DCMAKE_INSTALL_PREFIX=/workspace/foxy_ws/install
[1.902s] Invoking command in '/workspace/foxy_ws/build/rcl_interfaces': AMENT_PREFIX_PATH=/workspace/foxy_ws/install CMAKE_PREFIX_PATH=/workspace/foxy_ws/install LD_LIBRARY_PATH=/workspace/foxy_ws/install/lib PATH=/workspace/foxy_ws/install/bin:${PATH} PKG_CONFIG_PATH=/workspace/foxy_ws/install/lib/x86_64-linux-gnu/pkgconfig:/workspace/foxy_ws/install/lib/pkgconfig PYTHONPATH=/workspace/foxy_ws/install/lib/python3.10/site-packages /usr/bin/cmake --build /workspace/foxy_ws/build/rcl_interfaces -- -j12 -l12
[1.985s] [  1%] Generating C code for ROS interfaces
[1.985s] Scanning dependencies of target rcl_interfaces__cpp
[1.998s] [  1%] Generating C++ code for ROS interfaces
[5.955s] [  1%] Built target rcl_interfaces__cpp
[6.117s] Scanning dependencies of target rcl_interfaces__rosidl_generator_c
[6.130s] [  1%] Building C object CMakeFiles/rcl_interfaces__rosidl_generator_c.dir/rosidl_generator_c/rcl_interfaces/msg/detail/floating_point_range__functions.c.o
[6.171s] [  1%] Building C object CMakeFiles/rcl_interfaces__rosidl_generator_c.dir/rosidl_generator_c/rcl_interfaces/msg/detail/parameter_type__functions.c.o
[6.218s] [  2%] Building C object CMakeFiles/rcl_interfaces__rosidl_generator_c.dir/rosidl_generator_c/rcl_interfaces/msg/detail/parameter_value__functions.c.o
[6.270s] [  3%] Building C object CMakeFiles/rcl_interfaces__rosidl_generator_c.dir/rosidl_generator_c/rcl_interfaces/msg/detail/set_parameters_result__functions.c.o
[6.328s] [  3%] Building C object CMakeFiles/rcl_interfaces__rosidl_generator_c.dir/rosidl_generator_c/rcl_interfaces/srv/detail/describe_parameters__functions.c.o
[6.397s] [  4%] Building C object CMakeFiles/rcl_interfaces__rosidl_generator_c.dir/rosidl_generator_c/rcl_interfaces/srv/detail/get_parameters__functions.c.o
[6.454s] [  5%] Building C object CMakeFiles/rcl_interfaces__rosidl_generator_c.dir/rosidl_generator_c/rcl_interfaces/srv/detail/get_parameter_types__functions.c.o
[6.519s] [  5%] Building C object CMakeFiles/rcl_interfaces__rosidl_generator_c.dir/rosidl_generator_c/rcl_interfaces/srv/detail/list_parameters__functions.c.o
[6.581s] [  6%] Building C object CMakeFiles/rcl_interfaces__rosidl_generator_c.dir/rosidl_generator_c/rcl_interfaces/srv/detail/set_parameters_atomically__functions.c.o
[6.644s] [  6%] Building C object CMakeFiles/rcl_interfaces__rosidl_generator_c.dir/rosidl_generator_c/rcl_interfaces/srv/detail/set_parameters__functions.c.o
[6.698s] [  7%] Building C object CMakeFiles/rcl_interfaces__rosidl_generator_c.dir/rosidl_generator_c/rcl_interfaces/msg/detail/parameter__functions.c.o
[6.755s] [  8%] Building C object CMakeFiles/rcl_interfaces__rosidl_generator_c.dir/rosidl_generator_c/rcl_interfaces/msg/detail/parameter_event__functions.c.o
[6.813s] [  8%] Building C object CMakeFiles/rcl_interfaces__rosidl_generator_c.dir/rosidl_generator_c/rcl_interfaces/msg/detail/parameter_event_descriptors__functions.c.o
[6.859s] [  9%] Building C object CMakeFiles/rcl_interfaces__rosidl_generator_c.dir/rosidl_generator_c/rcl_interfaces/msg/detail/parameter_descriptor__functions.c.o
[6.895s] [  9%] Building C object CMakeFiles/rcl_interfaces__rosidl_generator_c.dir/rosidl_generator_c/rcl_interfaces/msg/detail/log__functions.c.o
[6.940s] [ 10%] Building C object CMakeFiles/rcl_interfaces__rosidl_generator_c.dir/rosidl_generator_c/rcl_interfaces/msg/detail/list_parameters_result__functions.c.o
[6.982s] [ 11%] Building C object CMakeFiles/rcl_interfaces__rosidl_generator_c.dir/rosidl_generator_c/rcl_interfaces/msg/detail/integer_range__functions.c.o
[7.036s] [ 12%] Linking C shared library librcl_interfaces__rosidl_generator_c.so
[7.077s] [ 12%] Built target rcl_interfaces__rosidl_generator_c
[7.084s] [ 12%] Generating C++ introspection for ROS interfaces
[9.391s] Scanning dependencies of target rcl_interfaces__rosidl_typesupport_introspection_cpp
[9.401s] [ 13%] Building CXX object CMakeFiles/rcl_interfaces__rosidl_typesupport_introspection_cpp.dir/rosidl_typesupport_introspection_cpp/rcl_interfaces/msg/detail/floating_point_range__type_support.cpp.o
[9.672s] [ 13%] Building CXX object CMakeFiles/rcl_interfaces__rosidl_typesupport_introspection_cpp.dir/rosidl_typesupport_introspection_cpp/rcl_interfaces/msg/detail/parameter__type_support.cpp.o
[9.957s] [ 14%] Building CXX object CMakeFiles/rcl_interfaces__rosidl_typesupport_introspection_cpp.dir/rosidl_typesupport_introspection_cpp/rcl_interfaces/msg/detail/parameter_type__type_support.cpp.o
[10.170s] [ 14%] Building CXX object CMakeFiles/rcl_interfaces__rosidl_typesupport_introspection_cpp.dir/rosidl_typesupport_introspection_cpp/rcl_interfaces/msg/detail/parameter_value__type_support.cpp.o
[10.584s] [ 15%] Building CXX object CMakeFiles/rcl_interfaces__rosidl_typesupport_introspection_cpp.dir/rosidl_typesupport_introspection_cpp/rcl_interfaces/msg/detail/set_parameters_result__type_support.cpp.o
[10.841s] [ 16%] Building CXX object CMakeFiles/rcl_interfaces__rosidl_typesupport_introspection_cpp.dir/rosidl_typesupport_introspection_cpp/rcl_interfaces/srv/detail/describe_parameters__type_support.cpp.o
[11.201s] [ 16%] Building CXX object CMakeFiles/rcl_interfaces__rosidl_typesupport_introspection_cpp.dir/rosidl_typesupport_introspection_cpp/rcl_interfaces/srv/detail/get_parameters__type_support.cpp.o
[11.591s] [ 17%] Building CXX object CMakeFiles/rcl_interfaces__rosidl_typesupport_introspection_cpp.dir/rosidl_typesupport_introspection_cpp/rcl_interfaces/srv/detail/get_parameter_types__type_support.cpp.o
[11.930s] [ 18%] Building CXX object CMakeFiles/rcl_interfaces__rosidl_typesupport_introspection_cpp.dir/rosidl_typesupport_introspection_cpp/rcl_interfaces/srv/detail/list_parameters__type_support.cpp.o
[12.210s] [ 18%] Building CXX object CMakeFiles/rcl_interfaces__rosidl_typesupport_introspection_cpp.dir/rosidl_typesupport_introspection_cpp/rcl_interfaces/srv/detail/set_parameters_atomically__type_support.cpp.o
[12.596s] [ 19%] Building CXX object CMakeFiles/rcl_interfaces__rosidl_typesupport_introspection_cpp.dir/rosidl_typesupport_introspection_cpp/rcl_interfaces/srv/detail/set_parameters__type_support.cpp.o
[12.986s] [ 20%] Building CXX object CMakeFiles/rcl_interfaces__rosidl_typesupport_introspection_cpp.dir/rosidl_typesupport_introspection_cpp/rcl_interfaces/msg/detail/parameter_event__type_support.cpp.o
[13.306s] [ 21%] Building CXX object CMakeFiles/rcl_interfaces__rosidl_typesupport_introspection_cpp.dir/rosidl_typesupport_introspection_cpp/rcl_interfaces/msg/detail/parameter_event_descriptors__type_support.cpp.o
[13.637s] [ 21%] Building CXX object CMakeFiles/rcl_interfaces__rosidl_typesupport_introspection_cpp.dir/rosidl_typesupport_introspection_cpp/rcl_interfaces/msg/detail/parameter_descriptor__type_support.cpp.o
[13.960s] [ 22%] Building CXX object CMakeFiles/rcl_interfaces__rosidl_typesupport_introspection_cpp.dir/rosidl_typesupport_introspection_cpp/rcl_interfaces/msg/detail/log__type_support.cpp.o
[14.204s] [ 23%] Building CXX object CMakeFiles/rcl_interfaces__rosidl_typesupport_introspection_cpp.dir/rosidl_typesupport_introspection_cpp/rcl_interfaces/msg/detail/list_parameters_result__type_support.cpp.o
[14.491s] [ 23%] Building CXX object CMakeFiles/rcl_interfaces__rosidl_typesupport_introspection_cpp.dir/rosidl_typesupport_introspection_cpp/rcl_interfaces/msg/detail/integer_range__type_support.cpp.o
[14.719s] [ 24%] Linking CXX shared library librcl_interfaces__rosidl_typesupport_introspection_cpp.so
[14.809s] [ 24%] Built target rcl_interfaces__rosidl_typesupport_introspection_cpp
[14.818s] [ 25%] Generating C introspection for ROS interfaces
[16.867s] Scanning dependencies of target rcl_interfaces__rosidl_typesupport_introspection_c
[16.879s] [ 26%] Building C object CMakeFiles/rcl_interfaces__rosidl_typesupport_introspection_c.dir/rosidl_typesupport_introspection_c/rcl_interfaces/msg/detail/floating_point_range__type_support.c.o
[16.910s] [ 27%] Building C object CMakeFiles/rcl_interfaces__rosidl_typesupport_introspection_c.dir/rosidl_typesupport_introspection_c/rcl_interfaces/msg/detail/parameter_type__type_support.c.o
[16.934s] [ 27%] Building C object CMakeFiles/rcl_interfaces__rosidl_typesupport_introspection_c.dir/rosidl_typesupport_introspection_c/rcl_interfaces/msg/detail/parameter_value__type_support.c.o
[16.961s] [ 28%] Building C object CMakeFiles/rcl_interfaces__rosidl_typesupport_introspection_c.dir/rosidl_typesupport_introspection_c/rcl_interfaces/msg/detail/set_parameters_result__type_support.c.o
[16.989s] [ 29%] Building C object CMakeFiles/rcl_interfaces__rosidl_typesupport_introspection_c.dir/rosidl_typesupport_introspection_c/rcl_interfaces/srv/detail/describe_parameters__type_support.c.o
[17.018s] [ 29%] Building C object CMakeFiles/rcl_interfaces__rosidl_typesupport_introspection_c.dir/rosidl_typesupport_introspection_c/rcl_interfaces/srv/detail/get_parameters__type_support.c.o
[17.047s] [ 30%] Building C object CMakeFiles/rcl_interfaces__rosidl_typesupport_introspection_c.dir/rosidl_typesupport_introspection_c/rcl_interfaces/srv/detail/get_parameter_types__type_support.c.o
[17.077s] [ 30%] Building C object CMakeFiles/rcl_interfaces__rosidl_typesupport_introspection_c.dir/rosidl_typesupport_introspection_c/rcl_interfaces/srv/detail/list_parameters__type_support.c.o
[17.105s] [ 31%] Building C object CMakeFiles/rcl_interfaces__rosidl_typesupport_introspection_c.dir/rosidl_typesupport_introspection_c/rcl_interfaces/srv/detail/set_parameters_atomically__type_support.c.o
[17.133s] [ 32%] Building C object CMakeFiles/rcl_interfaces__rosidl_typesupport_introspection_c.dir/rosidl_typesupport_introspection_c/rcl_interfaces/srv/detail/set_parameters__type_support.c.o
[17.166s] [ 33%] Building C object CMakeFiles/rcl_interfaces__rosidl_typesupport_introspection_c.dir/rosidl_typesupport_introspection_c/rcl_interfaces/msg/detail/parameter__type_support.c.o
[17.194s] [ 33%] Building C object CMakeFiles/rcl_interfaces__rosidl_typesupport_introspection_c.dir/rosidl_typesupport_introspection_c/rcl_interfaces/msg/detail/parameter_event__type_support.c.o
[17.227s] [ 34%] Building C object CMakeFiles/rcl_interfaces__rosidl_typesupport_introspection_c.dir/rosidl_typesupport_introspection_c/rcl_interfaces/msg/detail/parameter_event_descriptors__type_support.c.o
[17.259s] [ 35%] Building C object CMakeFiles/rcl_interfaces__rosidl_typesupport_introspection_c.dir/rosidl_typesupport_introspection_c/rcl_interfaces/msg/detail/parameter_descriptor__type_support.c.o
[17.289s] [ 35%] Building C object CMakeFiles/rcl_interfaces__rosidl_typesupport_introspection_c.dir/rosidl_typesupport_introspection_c/rcl_interfaces/msg/detail/log__type_support.c.o
[17.318s] [ 36%] Building C object CMakeFiles/rcl_interfaces__rosidl_typesupport_introspection_c.dir/rosidl_typesupport_introspection_c/rcl_interfaces/msg/detail/list_parameters_result__type_support.c.o
[17.346s] [ 36%] Building C object CMakeFiles/rcl_interfaces__rosidl_typesupport_introspection_c.dir/rosidl_typesupport_introspection_c/rcl_interfaces/msg/detail/integer_range__type_support.c.o
[17.372s] [ 36%] Linking C shared library librcl_interfaces__rosidl_typesupport_introspection_c.so
[17.402s] [ 36%] Built target rcl_interfaces__rosidl_typesupport_introspection_c
[17.411s] [ 37%] Generating C type support dispatch for ROS interfaces
[19.046s] Scanning dependencies of target rcl_interfaces__rosidl_typesupport_c
[19.054s] [ 37%] Building CXX object CMakeFiles/rcl_interfaces__rosidl_typesupport_c.dir/rosidl_typesupport_c/rcl_interfaces/msg/floating_point_range__type_support.cpp.o
[19.077s] [ 38%] Building CXX object CMakeFiles/rcl_interfaces__rosidl_typesupport_c.dir/rosidl_typesupport_c/rcl_interfaces/msg/parameter_value__type_support.cpp.o
[19.098s] [ 39%] Building CXX object CMakeFiles/rcl_interfaces__rosidl_typesupport_c.dir/rosidl_typesupport_c/rcl_interfaces/msg/set_parameters_result__type_support.cpp.o
[19.121s] [ 39%] Building CXX object CMakeFiles/rcl_interfaces__rosidl_typesupport_c.dir/rosidl_typesupport_c/rcl_interfaces/srv/describe_parameters__type_support.cpp.o
[19.147s] [ 40%] Building CXX object CMakeFiles/rcl_interfaces__rosidl_typesupport_c.dir/rosidl_typesupport_c/rcl_interfaces/srv/get_parameters__type_support.cpp.o
[19.170s] [ 40%] Building CXX object CMakeFiles/rcl_interfaces__rosidl_typesupport_c.dir/rosidl_typesupport_c/rcl_interfaces/srv/get_parameter_types__type_support.cpp.o
[19.195s] [ 41%] Building CXX object CMakeFiles/rcl_interfaces__rosidl_typesupport_c.dir/rosidl_typesupport_c/rcl_interfaces/srv/list_parameters__type_support.cpp.o
[19.218s] [ 42%] Building CXX object CMakeFiles/rcl_interfaces__rosidl_typesupport_c.dir/rosidl_typesupport_c/rcl_interfaces/srv/set_parameters_atomically__type_support.cpp.o
[19.244s] [ 42%] Building CXX object CMakeFiles/rcl_interfaces__rosidl_typesupport_c.dir/rosidl_typesupport_c/rcl_interfaces/srv/set_parameters__type_support.cpp.o
[19.268s] [ 42%] Building CXX object CMakeFiles/rcl_interfaces__rosidl_typesupport_c.dir/rosidl_typesupport_c/rcl_interfaces/msg/parameter_type__type_support.cpp.o
[19.292s] [ 43%] Building CXX object CMakeFiles/rcl_interfaces__rosidl_typesupport_c.dir/rosidl_typesupport_c/rcl_interfaces/msg/parameter__type_support.cpp.o
[19.315s] [ 44%] Building CXX object CMakeFiles/rcl_interfaces__rosidl_typesupport_c.dir/rosidl_typesupport_c/rcl_interfaces/msg/parameter_event__type_support.cpp.o
[19.338s] [ 44%] Building CXX object CMakeFiles/rcl_interfaces__rosidl_typesupport_c.dir/rosidl_typesupport_c/rcl_interfaces/msg/parameter_event_descriptors__type_support.cpp.o
[19.363s] [ 45%] Building CXX object CMakeFiles/rcl_interfaces__rosidl_typesupport_c.dir/rosidl_typesupport_c/rcl_interfaces/msg/parameter_descriptor__type_support.cpp.o
[19.385s] [ 45%] Building CXX object CMakeFiles/rcl_interfaces__rosidl_typesupport_c.dir/rosidl_typesupport_c/rcl_interfaces/msg/log__type_support.cpp.o
[19.410s] [ 46%] Building CXX object CMakeFiles/rcl_interfaces__rosidl_typesupport_c.dir/rosidl_typesupport_c/rcl_interfaces/msg/list_parameters_result__type_support.cpp.o
[19.434s] [ 47%] Building CXX object CMakeFiles/rcl_interfaces__rosidl_typesupport_c.dir/rosidl_typesupport_c/rcl_interfaces/msg/integer_range__type_support.cpp.o
[19.457s] [ 48%] Linking CXX shared library librcl_interfaces__rosidl_typesupport_c.so
[19.495s] [ 48%] Built target rcl_interfaces__rosidl_typesupport_c
[19.504s] [ 50%] Generating C++ type support dispatch for ROS interfaces
[19.504s] [ 50%] Generating C++ type support for eProsima Fast-RTPS
[21.204s] Scanning dependencies of target rcl_interfaces__rosidl_typesupport_cpp
[21.215s] [ 51%] Building CXX object CMakeFiles/rcl_interfaces__rosidl_typesupport_cpp.dir/rosidl_typesupport_cpp/rcl_interfaces/msg/integer_range__type_support.cpp.o
[21.215s] [ 51%] Building CXX object CMakeFiles/rcl_interfaces__rosidl_typesupport_cpp.dir/rosidl_typesupport_cpp/rcl_interfaces/msg/floating_point_range__type_support.cpp.o
[21.434s] [ 52%] Building CXX object CMakeFiles/rcl_interfaces__rosidl_typesupport_cpp.dir/rosidl_typesupport_cpp/rcl_interfaces/msg/set_parameters_result__type_support.cpp.o
[21.543s] [ 52%] Building CXX object CMakeFiles/rcl_interfaces__rosidl_typesupport_cpp.dir/rosidl_typesupport_cpp/rcl_interfaces/srv/describe_parameters__type_support.cpp.o
[21.660s] [ 53%] Building CXX object CMakeFiles/rcl_interfaces__rosidl_typesupport_cpp.dir/rosidl_typesupport_cpp/rcl_interfaces/srv/get_parameters__type_support.cpp.o
[21.886s] [ 54%] Building CXX object CMakeFiles/rcl_interfaces__rosidl_typesupport_cpp.dir/rosidl_typesupport_cpp/rcl_interfaces/srv/get_parameter_types__type_support.cpp.o
[21.898s] [ 54%] Building CXX object CMakeFiles/rcl_interfaces__rosidl_typesupport_cpp.dir/rosidl_typesupport_cpp/rcl_interfaces/srv/list_parameters__type_support.cpp.o
[22.203s] Scanning dependencies of target rcl_interfaces__rosidl_typesupport_fastrtps_cpp
[22.210s] [ 55%] Building CXX object CMakeFiles/rcl_interfaces__rosidl_typesupport_cpp.dir/rosidl_typesupport_cpp/rcl_interfaces/srv/set_parameters_atomically__type_support.cpp.o
[22.217s] [ 57%] Building CXX object CMakeFiles/rcl_interfaces__rosidl_typesupport_cpp.dir/rosidl_typesupport_cpp/rcl_interfaces/srv/set_parameters__type_support.cpp.o
[22.217s] [ 57%] Building CXX object CMakeFiles/rcl_interfaces__rosidl_typesupport_fastrtps_cpp.dir/rosidl_typesupport_fastrtps_cpp/rcl_interfaces/msg/detail/dds_fastrtps/floating_point_range__type_support.cpp.o
[22.219s] [ 57%] Building CXX object CMakeFiles/rcl_interfaces__rosidl_typesupport_fastrtps_cpp.dir/rosidl_typesupport_fastrtps_cpp/rcl_interfaces/msg/detail/dds_fastrtps/integer_range__type_support.cpp.o
[22.502s] [ 57%] Building CXX object CMakeFiles/rcl_interfaces__rosidl_typesupport_cpp.dir/rosidl_typesupport_cpp/rcl_interfaces/msg/parameter_value__type_support.cpp.o
[22.516s] [ 58%] Building CXX object CMakeFiles/rcl_interfaces__rosidl_typesupport_cpp.dir/rosidl_typesupport_cpp/rcl_interfaces/msg/parameter_type__type_support.cpp.o
[22.718s] [ 59%] Building CXX object CMakeFiles/rcl_interfaces__rosidl_typesupport_fastrtps_cpp.dir/rosidl_typesupport_fastrtps_cpp/rcl_interfaces/msg/detail/dds_fastrtps/log__type_support.cpp.o
[22.731s] [ 59%] Building CXX object CMakeFiles/rcl_interfaces__rosidl_typesupport_fastrtps_cpp.dir/rosidl_typesupport_fastrtps_cpp/rcl_interfaces/msg/detail/dds_fastrtps/parameter_descriptor__type_support.cpp.o
[22.803s] [ 60%] Building CXX object CMakeFiles/rcl_interfaces__rosidl_typesupport_cpp.dir/rosidl_typesupport_cpp/rcl_interfaces/msg/parameter__type_support.cpp.o
[22.829s] [ 60%] Building CXX object CMakeFiles/rcl_interfaces__rosidl_typesupport_cpp.dir/rosidl_typesupport_cpp/rcl_interfaces/msg/parameter_event__type_support.cpp.o
[23.131s] [ 61%] Building CXX object CMakeFiles/rcl_interfaces__rosidl_typesupport_cpp.dir/rosidl_typesupport_cpp/rcl_interfaces/msg/parameter_event_descriptors__type_support.cpp.o
[23.135s] [ 62%] Building CXX object CMakeFiles/rcl_interfaces__rosidl_typesupport_fastrtps_cpp.dir/rosidl_typesupport_fastrtps_cpp/rcl_interfaces/msg/detail/dds_fastrtps/parameter__type_support.cpp.o
[23.161s] [ 63%] Building CXX object CMakeFiles/rcl_interfaces__rosidl_typesupport_cpp.dir/rosidl_typesupport_cpp/rcl_interfaces/msg/parameter_descriptor__type_support.cpp.o
[23.346s] [ 64%] Building CXX object CMakeFiles/rcl_interfaces__rosidl_typesupport_fastrtps_cpp.dir/rosidl_typesupport_fastrtps_cpp/rcl_interfaces/msg/detail/dds_fastrtps/set_parameters_result__type_support.cpp.o
[23.394s] [ 64%] Building CXX object CMakeFiles/rcl_interfaces__rosidl_typesupport_cpp.dir/rosidl_typesupport_cpp/rcl_interfaces/msg/log__type_support.cpp.o
[23.504s] [ 65%] Building CXX object CMakeFiles/rcl_interfaces__rosidl_typesupport_cpp.dir/rosidl_typesupport_cpp/rcl_interfaces/msg/list_parameters_result__type_support.cpp.o
[23.694s] [ 66%] Building CXX object CMakeFiles/rcl_interfaces__rosidl_typesupport_fastrtps_cpp.dir/rosidl_typesupport_fastrtps_cpp/rcl_interfaces/srv/detail/dds_fastrtps/get_parameter_types__type_support.cpp.o
[23.823s] [ 66%] Linking CXX shared library librcl_interfaces__rosidl_typesupport_cpp.so
[23.824s] [ 67%] Building CXX object CMakeFiles/rcl_interfaces__rosidl_typesupport_fastrtps_cpp.dir/rosidl_typesupport_fastrtps_cpp/rcl_interfaces/srv/detail/dds_fastrtps/set_parameters_atomically__type_support.cpp.o
[23.874s] [ 67%] Built target rcl_interfaces__rosidl_typesupport_cpp
[24.196s] [ 68%] Building CXX object CMakeFiles/rcl_interfaces__rosidl_typesupport_fastrtps_cpp.dir/rosidl_typesupport_fastrtps_cpp/rcl_interfaces/srv/detail/dds_fastrtps/set_parameters__type_support.cpp.o
[24.447s] [ 68%] Building CXX object CMakeFiles/rcl_interfaces__rosidl_typesupport_fastrtps_cpp.dir/rosidl_typesupport_fastrtps_cpp/rcl_interfaces/srv/detail/dds_fastrtps/list_parameters__type_support.cpp.o
[24.757s] [ 68%] Building CXX object CMakeFiles/rcl_interfaces__rosidl_typesupport_fastrtps_cpp.dir/rosidl_typesupport_fastrtps_cpp/rcl_interfaces/srv/detail/dds_fastrtps/get_parameters__type_support.cpp.o
[24.998s] [ 69%] Building CXX object CMakeFiles/rcl_interfaces__rosidl_typesupport_fastrtps_cpp.dir/rosidl_typesupport_fastrtps_cpp/rcl_interfaces/srv/detail/dds_fastrtps/describe_parameters__type_support.cpp.o
[25.277s] [ 69%] Building CXX object CMakeFiles/rcl_interfaces__rosidl_typesupport_fastrtps_cpp.dir/rosidl_typesupport_fastrtps_cpp/rcl_interfaces/msg/detail/dds_fastrtps/parameter_value__type_support.cpp.o
[25.651s] [ 70%] Building CXX object CMakeFiles/rcl_interfaces__rosidl_typesupport_fastrtps_cpp.dir/rosidl_typesupport_fastrtps_cpp/rcl_interfaces/msg/detail/dds_fastrtps/parameter_type__type_support.cpp.o
[25.936s] [ 70%] Building CXX object CMakeFiles/rcl_interfaces__rosidl_typesupport_fastrtps_cpp.dir/rosidl_typesupport_fastrtps_cpp/rcl_interfaces/msg/detail/dds_fastrtps/parameter_event__type_support.cpp.o
[26.148s] [ 71%] Building CXX object CMakeFiles/rcl_interfaces__rosidl_typesupport_fastrtps_cpp.dir/rosidl_typesupport_fastrtps_cpp/rcl_interfaces/msg/detail/dds_fastrtps/parameter_event_descriptors__type_support.cpp.o
[26.633s] [ 72%] Building CXX object CMakeFiles/rcl_interfaces__rosidl_typesupport_fastrtps_cpp.dir/rosidl_typesupport_fastrtps_cpp/rcl_interfaces/msg/detail/dds_fastrtps/list_parameters_result__type_support.cpp.o
[27.435s] [ 72%] Linking CXX shared library librcl_interfaces__rosidl_typesupport_fastrtps_cpp.so
[27.630s] [ 72%] Built target rcl_interfaces__rosidl_typesupport_fastrtps_cpp
[27.662s] [ 73%] Generating C type support for eProsima Fast-RTPS
[30.735s] Scanning dependencies of target rcl_interfaces__rosidl_typesupport_fastrtps_c
[30.746s] [ 73%] Building CXX object CMakeFiles/rcl_interfaces__rosidl_typesupport_fastrtps_c.dir/rosidl_typesupport_fastrtps_c/rcl_interfaces/msg/detail/floating_point_range__type_support_c.cpp.o
[31.015s] [ 73%] Building CXX object CMakeFiles/rcl_interfaces__rosidl_typesupport_fastrtps_c.dir/rosidl_typesupport_fastrtps_c/rcl_interfaces/srv/detail/describe_parameters__type_support_c.cpp.o
[31.320s] [ 74%] Building CXX object CMakeFiles/rcl_interfaces__rosidl_typesupport_fastrtps_c.dir/rosidl_typesupport_fastrtps_c/rcl_interfaces/srv/detail/get_parameters__type_support_c.cpp.o
[31.599s] [ 75%] Building CXX object CMakeFiles/rcl_interfaces__rosidl_typesupport_fastrtps_c.dir/rosidl_typesupport_fastrtps_c/rcl_interfaces/srv/detail/get_parameter_types__type_support_c.cpp.o
[31.877s] [ 75%] Building CXX object CMakeFiles/rcl_interfaces__rosidl_typesupport_fastrtps_c.dir/rosidl_typesupport_fastrtps_c/rcl_interfaces/srv/detail/list_parameters__type_support_c.cpp.o
[32.155s] [ 76%] Building CXX object CMakeFiles/rcl_interfaces__rosidl_typesupport_fastrtps_c.dir/rosidl_typesupport_fastrtps_c/rcl_interfaces/srv/detail/set_parameters_atomically__type_support_c.cpp.o
[32.472s] [ 77%] Building CXX object CMakeFiles/rcl_interfaces__rosidl_typesupport_fastrtps_c.dir/rosidl_typesupport_fastrtps_c/rcl_interfaces/srv/detail/set_parameters__type_support_c.cpp.o
[32.745s] [ 78%] Building CXX object CMakeFiles/rcl_interfaces__rosidl_typesupport_fastrtps_c.dir/rosidl_typesupport_fastrtps_c/rcl_interfaces/msg/detail/set_parameters_result__type_support_c.cpp.o
[33.017s] [ 79%] Building CXX object CMakeFiles/rcl_interfaces__rosidl_typesupport_fastrtps_c.dir/rosidl_typesupport_fastrtps_c/rcl_interfaces/msg/detail/parameter_value__type_support_c.cpp.o
[33.298s] [ 79%] Building CXX object CMakeFiles/rcl_interfaces__rosidl_typesupport_fastrtps_c.dir/rosidl_typesupport_fastrtps_c/rcl_interfaces/msg/detail/parameter_type__type_support_c.cpp.o
[33.557s] [ 80%] Building CXX object CMakeFiles/rcl_interfaces__rosidl_typesupport_fastrtps_c.dir/rosidl_typesupport_fastrtps_c/rcl_interfaces/msg/detail/parameter__type_support_c.cpp.o
[33.859s] [ 80%] Building CXX object CMakeFiles/rcl_interfaces__rosidl_typesupport_fastrtps_c.dir/rosidl_typesupport_fastrtps_c/rcl_interfaces/msg/detail/parameter_event__type_support_c.cpp.o
[34.132s] [ 81%] Building CXX object CMakeFiles/rcl_interfaces__rosidl_typesupport_fastrtps_c.dir/rosidl_typesupport_fastrtps_c/rcl_interfaces/msg/detail/parameter_event_descriptors__type_support_c.cpp.o
[34.394s] [ 82%] Building CXX object CMakeFiles/rcl_interfaces__rosidl_typesupport_fastrtps_c.dir/rosidl_typesupport_fastrtps_c/rcl_interfaces/msg/detail/parameter_descriptor__type_support_c.cpp.o
[34.699s] [ 83%] Building CXX object CMakeFiles/rcl_interfaces__rosidl_typesupport_fastrtps_c.dir/rosidl_typesupport_fastrtps_c/rcl_interfaces/msg/detail/list_parameters_result__type_support_c.cpp.o
[34.699s] [ 83%] Building CXX object CMakeFiles/rcl_interfaces__rosidl_typesupport_fastrtps_c.dir/rosidl_typesupport_fastrtps_c/rcl_interfaces/msg/detail/log__type_support_c.cpp.o
[34.998s] [ 84%] Building CXX object CMakeFiles/rcl_interfaces__rosidl_typesupport_fastrtps_c.dir/rosidl_typesupport_fastrtps_c/rcl_interfaces/msg/detail/integer_range__type_support_c.cpp.o
[35.351s] [ 84%] Linking CXX shared library librcl_interfaces__rosidl_typesupport_fastrtps_c.so
[35.426s] [ 84%] Built target rcl_interfaces__rosidl_typesupport_fastrtps_c
[35.435s] Scanning dependencies of target rcl_interfaces
[35.443s] [ 84%] Built target rcl_interfaces
[35.452s] Scanning dependencies of target rcl_interfaces__py
[35.460s] [ 85%] Generating Python code for ROS interfaces
[39.892s] [ 85%] Built target rcl_interfaces__py
[39.930s] Scanning dependencies of target rcl_interfaces__python
[39.943s] [ 85%] Building C object CMakeFiles/rcl_interfaces__python.dir/rosidl_generator_py/rcl_interfaces/msg/_floating_point_range_s.c.o
[40.015s] [ 85%] Building C object CMakeFiles/rcl_interfaces__python.dir/rosidl_generator_py/rcl_interfaces/srv/_describe_parameters_s.c.o
[40.099s] [ 86%] Building C object CMakeFiles/rcl_interfaces__python.dir/rosidl_generator_py/rcl_interfaces/srv/_get_parameters_s.c.o
[40.200s] [ 87%] Building C object CMakeFiles/rcl_interfaces__python.dir/rosidl_generator_py/rcl_interfaces/srv/_get_parameter_types_s.c.o
[40.290s] [ 87%] Building C object CMakeFiles/rcl_interfaces__python.dir/rosidl_generator_py/rcl_interfaces/srv/_list_parameters_s.c.o
[40.373s] [ 88%] Building C object CMakeFiles/rcl_interfaces__python.dir/rosidl_generator_py/rcl_interfaces/srv/_set_parameters_atomically_s.c.o
[40.452s] [ 88%] Building C object CMakeFiles/rcl_interfaces__python.dir/rosidl_generator_py/rcl_interfaces/srv/_set_parameters_s.c.o
[40.540s] [ 89%] Building C object CMakeFiles/rcl_interfaces__python.dir/rosidl_generator_py/rcl_interfaces/msg/_set_parameters_result_s.c.o
[40.614s] [ 90%] Building C object CMakeFiles/rcl_interfaces__python.dir/rosidl_generator_py/rcl_interfaces/msg/_parameter_value_s.c.o
[40.713s] [ 90%] Building C object CMakeFiles/rcl_interfaces__python.dir/rosidl_generator_py/rcl_interfaces/msg/_parameter_type_s.c.o
[40.783s] [ 91%] Building C object CMakeFiles/rcl_interfaces__python.dir/rosidl_generator_py/rcl_interfaces/msg/_parameter_s.c.o
[40.854s] [ 91%] Building C object CMakeFiles/rcl_interfaces__python.dir/rosidl_generator_py/rcl_interfaces/msg/_parameter_event_s.c.o
[40.934s] [ 92%] Building C object CMakeFiles/rcl_interfaces__python.dir/rosidl_generator_py/rcl_interfaces/msg/_parameter_event_descriptors_s.c.o
[41.011s] [ 93%] Building C object CMakeFiles/rcl_interfaces__python.dir/rosidl_generator_py/rcl_interfaces/msg/_parameter_descriptor_s.c.o
[41.092s] [ 93%] Building C object CMakeFiles/rcl_interfaces__python.dir/rosidl_generator_py/rcl_interfaces/msg/_log_s.c.o
[41.184s] [ 94%] Building C object CMakeFiles/rcl_interfaces__python.dir/rosidl_generator_py/rcl_interfaces/msg/_list_parameters_result_s.c.o
[41.262s] [ 95%] Building C object CMakeFiles/rcl_interfaces__python.dir/rosidl_generator_py/rcl_interfaces/msg/_integer_range_s.c.o
[41.337s] [ 96%] Linking C shared library rosidl_generator_py/rcl_interfaces/librcl_interfaces__python.so
[41.374s] [ 96%] Built target rcl_interfaces__python
[41.389s] Scanning dependencies of target rcl_interfaces__rosidl_typesupport_c__pyext
[41.399s] [ 97%] Building C object CMakeFiles/rcl_interfaces__rosidl_typesupport_c__pyext.dir/rosidl_generator_py/rcl_interfaces/_rcl_interfaces_s.ep.rosidl_typesupport_c.c.o
[41.516s] [ 97%] Linking C shared library rosidl_generator_py/rcl_interfaces/rcl_interfaces_s__rosidl_typesupport_c.cpython-310-x86_64-linux-gnu.so
[41.544s] [ 97%] Built target rcl_interfaces__rosidl_typesupport_c__pyext
[41.560s] Scanning dependencies of target rcl_interfaces__rosidl_typesupport_introspection_c__pyext
[41.570s] [ 98%] Building C object CMakeFiles/rcl_interfaces__rosidl_typesupport_introspection_c__pyext.dir/rosidl_generator_py/rcl_interfaces/_rcl_interfaces_s.ep.rosidl_typesupport_introspection_c.c.o
[41.703s] [ 99%] Linking C shared library rosidl_generator_py/rcl_interfaces/rcl_interfaces_s__rosidl_typesupport_introspection_c.cpython-310-x86_64-linux-gnu.so
[41.732s] [ 99%] Built target rcl_interfaces__rosidl_typesupport_introspection_c__pyext
[41.749s] Scanning dependencies of target rcl_interfaces__rosidl_typesupport_fastrtps_c__pyext
[41.759s] [100%] Building C object CMakeFiles/rcl_interfaces__rosidl_typesupport_fastrtps_c__pyext.dir/rosidl_generator_py/rcl_interfaces/_rcl_interfaces_s.ep.rosidl_typesupport_fastrtps_c.c.o
[41.888s] [100%] Linking CXX shared library rosidl_generator_py/rcl_interfaces/rcl_interfaces_s__rosidl_typesupport_fastrtps_c.cpython-310-x86_64-linux-gnu.so
[41.953s] [100%] Built target rcl_interfaces__rosidl_typesupport_fastrtps_c__pyext
[41.963s] Invoked command in '/workspace/foxy_ws/build/rcl_interfaces' returned '0': AMENT_PREFIX_PATH=/workspace/foxy_ws/install CMAKE_PREFIX_PATH=/workspace/foxy_ws/install LD_LIBRARY_PATH=/workspace/foxy_ws/install/lib PATH=/workspace/foxy_ws/install/bin:${PATH} PKG_CONFIG_PATH=/workspace/foxy_ws/install/lib/x86_64-linux-gnu/pkgconfig:/workspace/foxy_ws/install/lib/pkgconfig PYTHONPATH=/workspace/foxy_ws/install/lib/python3.10/site-packages /usr/bin/cmake --build /workspace/foxy_ws/build/rcl_interfaces -- -j12 -l12
[42.098s] Invoking command in '/workspace/foxy_ws/build/rcl_interfaces': AMENT_PREFIX_PATH=/workspace/foxy_ws/install CMAKE_PREFIX_PATH=/workspace/foxy_ws/install LD_LIBRARY_PATH=/workspace/foxy_ws/install/lib PATH=/workspace/foxy_ws/install/bin:${PATH} PKG_CONFIG_PATH=/workspace/foxy_ws/install/lib/x86_64-linux-gnu/pkgconfig:/workspace/foxy_ws/install/lib/pkgconfig PYTHONPATH=/workspace/foxy_ws/install/lib/python3.10/site-packages /usr/bin/cmake --install /workspace/foxy_ws/build/rcl_interfaces
[42.106s] -- Install configuration: ""
[42.106s] -- Installing: /workspace/foxy_ws/install/share/ament_index/resource_index/rosidl_interfaces/rcl_interfaces
[42.107s] -- Installing: /workspace/foxy_ws/install/include/rcl_interfaces
[42.107s] -- Installing: /workspace/foxy_ws/install/include/rcl_interfaces/msg
[42.107s] -- Installing: /workspace/foxy_ws/install/include/rcl_interfaces/msg/parameter_descriptor.h
[42.107s] -- Installing: /workspace/foxy_ws/install/include/rcl_interfaces/msg/set_parameters_result.h
[42.108s] -- Installing: /workspace/foxy_ws/install/include/rcl_interfaces/msg/integer_range.h
[42.108s] -- Installing: /workspace/foxy_ws/install/include/rcl_interfaces/msg/parameter_event.h
[42.108s] -- Installing: /workspace/foxy_ws/install/include/rcl_interfaces/msg/floating_point_range.h
[42.108s] -- Installing: /workspace/foxy_ws/install/include/rcl_interfaces/msg/log.h
[42.108s] -- Installing: /workspace/foxy_ws/install/include/rcl_interfaces/msg/parameter_event_descriptors.h
[42.108s] -- Installing: /workspace/foxy_ws/install/include/rcl_interfaces/msg/parameter.h
[42.109s] -- Installing: /workspace/foxy_ws/install/include/rcl_interfaces/msg/rosidl_generator_c__visibility_control.h
[42.109s] -- Installing: /workspace/foxy_ws/install/include/rcl_interfaces/msg/detail
[42.109s] -- Installing: /workspace/foxy_ws/install/include/rcl_interfaces/msg/detail/floating_point_range__type_support.h
[42.110s] -- Installing: /workspace/foxy_ws/install/include/rcl_interfaces/msg/detail/parameter_descriptor__functions.c
[42.110s] -- Installing: /workspace/foxy_ws/install/include/rcl_interfaces/msg/detail/parameter_descriptor__functions.h
[42.110s] -- Installing: /workspace/foxy_ws/install/include/rcl_interfaces/msg/detail/parameter__struct.h
[42.110s] -- Installing: /workspace/foxy_ws/install/include/rcl_interfaces/msg/detail/parameter__functions.h
[42.111s] -- Installing: /workspace/foxy_ws/install/include/rcl_interfaces/msg/detail/list_parameters_result__struct.h
[42.111s] -- Installing: /workspace/foxy_ws/install/include/rcl_interfaces/msg/detail/parameter_event__struct.h
[42.111s] -- Installing: /workspace/foxy_ws/install/include/rcl_interfaces/msg/detail/integer_range__struct.h
[42.111s] -- Installing: /workspace/foxy_ws/install/include/rcl_interfaces/msg/detail/parameter__type_support.h
[42.112s] -- Installing: /workspace/foxy_ws/install/include/rcl_interfaces/msg/detail/parameter_event_descriptors__struct.h
[42.112s] -- Installing: /workspace/foxy_ws/install/include/rcl_interfaces/msg/detail/parameter_value__functions.h
[42.112s] -- Installing: /workspace/foxy_ws/install/include/rcl_interfaces/msg/detail/list_parameters_result__functions.c
[42.113s] -- Installing: /workspace/foxy_ws/install/include/rcl_interfaces/msg/detail/parameter_event_descriptors__functions.c
[42.113s] -- Installing: /workspace/foxy_ws/install/include/rcl_interfaces/msg/detail/log__struct.h
[42.113s] -- Installing: /workspace/foxy_ws/install/include/rcl_interfaces/msg/detail/parameter_type__functions.c
[42.113s] -- Installing: /workspace/foxy_ws/install/include/rcl_interfaces/msg/detail/set_parameters_result__functions.h
[42.113s] -- Installing: /workspace/foxy_ws/install/include/rcl_interfaces/msg/detail/integer_range__functions.c
[42.114s] -- Installing: /workspace/foxy_ws/install/include/rcl_interfaces/msg/detail/set_parameters_result__struct.h
[42.114s] -- Installing: /workspace/foxy_ws/install/include/rcl_interfaces/msg/detail/parameter_value__type_support.h
[42.114s] -- Installing: /workspace/foxy_ws/install/include/rcl_interfaces/msg/detail/parameter_descriptor__type_support.h
[42.114s] -- Installing: /workspace/foxy_ws/install/include/rcl_interfaces/msg/detail/parameter_value__struct.h
[42.115s] -- Installing: /workspace/foxy_ws/install/include/rcl_interfaces/msg/detail/floating_point_range__struct.h
[42.115s] -- Installing: /workspace/foxy_ws/install/include/rcl_interfaces/msg/detail/parameter_event__functions.c
[42.115s] -- Installing: /workspace/foxy_ws/install/include/rcl_interfaces/msg/detail/parameter_type__struct.h
[42.115s] -- Installing: /workspace/foxy_ws/install/include/rcl_interfaces/msg/detail/integer_range__type_support.h
[42.116s] -- Installing: /workspace/foxy_ws/install/include/rcl_interfaces/msg/detail/parameter__functions.c
[42.116s] -- Installing: /workspace/foxy_ws/install/include/rcl_interfaces/msg/detail/integer_range__functions.h
[42.116s] -- Installing: /workspace/foxy_ws/install/include/rcl_interfaces/msg/detail/log__functions.c
[42.116s] -- Installing: /workspace/foxy_ws/install/include/rcl_interfaces/msg/detail/parameter_type__functions.h
[42.116s] -- Installing: /workspace/foxy_ws/install/include/rcl_interfaces/msg/detail/floating_point_range__functions.c
[42.117s] -- Installing: /workspace/foxy_ws/install/include/rcl_interfaces/msg/detail/parameter_descriptor__struct.h
[42.117s] -- Installing: /workspace/foxy_ws/install/include/rcl_interfaces/msg/detail/list_parameters_result__type_support.h
[42.117s] -- Installing: /workspace/foxy_ws/install/include/rcl_interfaces/msg/detail/parameter_value__functions.c
[42.117s] -- Installing: /workspace/foxy_ws/install/include/rcl_interfaces/msg/detail/parameter_type__type_support.h
[42.117s] -- Installing: /workspace/foxy_ws/install/include/rcl_interfaces/msg/detail/floating_point_range__functions.h
[42.117s] -- Installing: /workspace/foxy_ws/install/include/rcl_interfaces/msg/detail/parameter_event__functions.h
[42.118s] -- Installing: /workspace/foxy_ws/install/include/rcl_interfaces/msg/detail/log__type_support.h
[42.118s] -- Installing: /workspace/foxy_ws/install/include/rcl_interfaces/msg/detail/parameter_event__type_support.h
[42.118s] -- Installing: /workspace/foxy_ws/install/include/rcl_interfaces/msg/detail/parameter_event_descriptors__type_support.h
[42.118s] -- Installing: /workspace/foxy_ws/install/include/rcl_interfaces/msg/detail/set_parameters_result__functions.c
[42.119s] -- Installing: /workspace/foxy_ws/install/include/rcl_interfaces/msg/detail/list_parameters_result__functions.h
[42.119s] -- Installing: /workspace/foxy_ws/install/include/rcl_interfaces/msg/detail/log__functions.h
[42.119s] -- Installing: /workspace/foxy_ws/install/include/rcl_interfaces/msg/detail/parameter_event_descriptors__functions.h
[42.119s] -- Installing: /workspace/foxy_ws/install/include/rcl_interfaces/msg/detail/set_parameters_result__type_support.h
[42.119s] -- Installing: /workspace/foxy_ws/install/include/rcl_interfaces/msg/parameter_type.h
[42.119s] -- Installing: /workspace/foxy_ws/install/include/rcl_interfaces/msg/list_parameters_result.h
[42.120s] -- Installing: /workspace/foxy_ws/install/include/rcl_interfaces/msg/parameter_value.h
[42.120s] -- Installing: /workspace/foxy_ws/install/include/rcl_interfaces/srv
[42.120s] -- Installing: /workspace/foxy_ws/install/include/rcl_interfaces/srv/get_parameters.h
[42.120s] -- Installing: /workspace/foxy_ws/install/include/rcl_interfaces/srv/set_parameters.h
[42.121s] -- Installing: /workspace/foxy_ws/install/include/rcl_interfaces/srv/list_parameters.h
[42.121s] -- Installing: /workspace/foxy_ws/install/include/rcl_interfaces/srv/set_parameters_atomically.h
[42.121s] -- Installing: /workspace/foxy_ws/install/include/rcl_interfaces/srv/get_parameter_types.h
[42.121s] -- Installing: /workspace/foxy_ws/install/include/rcl_interfaces/srv/describe_parameters.h
[42.121s] -- Installing: /workspace/foxy_ws/install/include/rcl_interfaces/srv/detail
[42.121s] -- Installing: /workspace/foxy_ws/install/include/rcl_interfaces/srv/detail/set_parameters_atomically__functions.h
[42.122s] -- Installing: /workspace/foxy_ws/install/include/rcl_interfaces/srv/detail/get_parameters__functions.h
[42.122s] -- Installing: /workspace/foxy_ws/install/include/rcl_interfaces/srv/detail/set_parameters_atomically__functions.c
[42.122s] -- Installing: /workspace/foxy_ws/install/include/rcl_interfaces/srv/detail/get_parameters__struct.h
[42.122s] -- Installing: /workspace/foxy_ws/install/include/rcl_interfaces/srv/detail/get_parameter_types__functions.h
[42.122s] -- Installing: /workspace/foxy_ws/install/include/rcl_interfaces/srv/detail/set_parameters__struct.h
[42.122s] -- Installing: /workspace/foxy_ws/install/include/rcl_interfaces/srv/detail/describe_parameters__type_support.h
[42.122s] -- Installing: /workspace/foxy_ws/install/include/rcl_interfaces/srv/detail/describe_parameters__functions.h
[42.122s] -- Installing: /workspace/foxy_ws/install/include/rcl_interfaces/srv/detail/set_parameters__type_support.h
[42.123s] -- Installing: /workspace/foxy_ws/install/include/rcl_interfaces/srv/detail/set_parameters__functions.c
[42.123s] -- Installing: /workspace/foxy_ws/install/include/rcl_interfaces/srv/detail/describe_parameters__functions.c
[42.123s] -- Installing: /workspace/foxy_ws/install/include/rcl_interfaces/srv/detail/list_parameters__type_support.h
[42.123s] -- Installing: /workspace/foxy_ws/install/include/rcl_interfaces/srv/detail/list_parameters__struct.h
[42.123s] -- Installing: /workspace/foxy_ws/install/include/rcl_interfaces/srv/detail/describe_parameters__struct.h
[42.123s] -- Installing: /workspace/foxy_ws/install/include/rcl_interfaces/srv/detail/get_parameters__type_support.h
[42.123s] -- Installing: /workspace/foxy_ws/install/include/rcl_interfaces/srv/detail/set_parameters_atomically__type_support.h
[42.123s] -- Installing: /workspace/foxy_ws/install/include/rcl_interfaces/srv/detail/list_parameters__functions.c
[42.124s] -- Installing: /workspace/foxy_ws/install/include/rcl_interfaces/srv/detail/get_parameter_types__type_support.h
[42.124s] -- Installing: /workspace/foxy_ws/install/include/rcl_interfaces/srv/detail/get_parameters__functions.c
[42.124s] -- Installing: /workspace/foxy_ws/install/include/rcl_interfaces/srv/detail/set_parameters__functions.h
[42.124s] -- Installing: /workspace/foxy_ws/install/include/rcl_interfaces/srv/detail/get_parameter_types__struct.h
[42.125s] -- Installing: /workspace/foxy_ws/install/include/rcl_interfaces/srv/detail/set_parameters_atomically__struct.h
[42.125s] -- Installing: /workspace/foxy_ws/install/include/rcl_interfaces/srv/detail/list_parameters__functions.h
[42.125s] -- Installing: /workspace/foxy_ws/install/include/rcl_interfaces/srv/detail/get_parameter_types__functions.c
[42.125s] -- Installing: /workspace/foxy_ws/install/share/rcl_interfaces/environment/library_path.sh
[42.126s] -- Installing: /workspace/foxy_ws/install/share/rcl_interfaces/environment/library_path.dsv
[42.126s] -- Installing: /workspace/foxy_ws/install/lib/librcl_interfaces__rosidl_generator_c.so
[42.126s] -- Set runtime path of "/workspace/foxy_ws/install/lib/librcl_interfaces__rosidl_generator_c.so" to ""
[42.126s] -- Up-to-date: /workspace/foxy_ws/install/include/rcl_interfaces
[42.126s] -- Up-to-date: /workspace/foxy_ws/install/include/rcl_interfaces/msg
[42.126s] -- Installing: /workspace/foxy_ws/install/include/rcl_interfaces/msg/rosidl_typesupport_fastrtps_c__visibility_control.h
[42.127s] -- Up-to-date: /workspace/foxy_ws/install/include/rcl_interfaces/msg/detail
[42.127s] -- Installing: /workspace/foxy_ws/install/include/rcl_interfaces/msg/detail/parameter_value__rosidl_typesupport_fastrtps_c.h
[42.127s] -- Installing: /workspace/foxy_ws/install/include/rcl_interfaces/msg/detail/parameter_event_descriptors__rosidl_typesupport_fastrtps_c.h
[42.127s] -- Installing: /workspace/foxy_ws/install/include/rcl_interfaces/msg/detail/integer_range__rosidl_typesupport_fastrtps_c.h
[42.127s] -- Installing: /workspace/foxy_ws/install/include/rcl_interfaces/msg/detail/set_parameters_result__rosidl_typesupport_fastrtps_c.h
[42.127s] -- Installing: /workspace/foxy_ws/install/include/rcl_interfaces/msg/detail/list_parameters_result__rosidl_typesupport_fastrtps_c.h
[42.127s] -- Installing: /workspace/foxy_ws/install/include/rcl_interfaces/msg/detail/log__rosidl_typesupport_fastrtps_c.h
[42.127s] -- Installing: /workspace/foxy_ws/install/include/rcl_interfaces/msg/detail/floating_point_range__rosidl_typesupport_fastrtps_c.h
[42.127s] -- Installing: /workspace/foxy_ws/install/include/rcl_interfaces/msg/detail/parameter__rosidl_typesupport_fastrtps_c.h
[42.128s] -- Installing: /workspace/foxy_ws/install/include/rcl_interfaces/msg/detail/parameter_type__rosidl_typesupport_fastrtps_c.h
[42.128s] -- Installing: /workspace/foxy_ws/install/include/rcl_interfaces/msg/detail/parameter_event__rosidl_typesupport_fastrtps_c.h
[42.128s] -- Installing: /workspace/foxy_ws/install/include/rcl_interfaces/msg/detail/parameter_descriptor__rosidl_typesupport_fastrtps_c.h
[42.128s] -- Up-to-date: /workspace/foxy_ws/install/include/rcl_interfaces/srv
[42.128s] -- Up-to-date: /workspace/foxy_ws/install/include/rcl_interfaces/srv/detail
[42.128s] -- Installing: /workspace/foxy_ws/install/include/rcl_interfaces/srv/detail/get_parameters__rosidl_typesupport_fastrtps_c.h
[42.128s] -- Installing: /workspace/foxy_ws/install/include/rcl_interfaces/srv/detail/describe_parameters__rosidl_typesupport_fastrtps_c.h
[42.128s] -- Installing: /workspace/foxy_ws/install/include/rcl_interfaces/srv/detail/set_parameters_atomically__rosidl_typesupport_fastrtps_c.h
[42.128s] -- Installing: /workspace/foxy_ws/install/include/rcl_interfaces/srv/detail/list_parameters__rosidl_typesupport_fastrtps_c.h
[42.128s] -- Installing: /workspace/foxy_ws/install/include/rcl_interfaces/srv/detail/get_parameter_types__rosidl_typesupport_fastrtps_c.h
[42.129s] -- Installing: /workspace/foxy_ws/install/include/rcl_interfaces/srv/detail/set_parameters__rosidl_typesupport_fastrtps_c.h
[42.129s] -- Installing: /workspace/foxy_ws/install/lib/librcl_interfaces__rosidl_typesupport_fastrtps_c.so
[42.129s] -- Set runtime path of "/workspace/foxy_ws/install/lib/librcl_interfaces__rosidl_typesupport_fastrtps_c.so" to ""
[42.129s] -- Up-to-date: /workspace/foxy_ws/install/include/rcl_interfaces
[42.129s] -- Up-to-date: /workspace/foxy_ws/install/include/rcl_interfaces/msg
[42.130s] -- Installing: /workspace/foxy_ws/install/include/rcl_interfaces/msg/rosidl_typesupport_fastrtps_cpp__visibility_control.h
[42.130s] -- Up-to-date: /workspace/foxy_ws/install/include/rcl_interfaces/msg/detail
[42.130s] -- Installing: /workspace/foxy_ws/install/include/rcl_interfaces/msg/detail/integer_range__rosidl_typesupport_fastrtps_cpp.hpp
[42.130s] -- Installing: /workspace/foxy_ws/install/include/rcl_interfaces/msg/detail/parameter_type__rosidl_typesupport_fastrtps_cpp.hpp
[42.130s] -- Installing: /workspace/foxy_ws/install/include/rcl_interfaces/msg/detail/log__rosidl_typesupport_fastrtps_cpp.hpp
[42.131s] -- Installing: /workspace/foxy_ws/install/include/rcl_interfaces/msg/detail/dds_fastrtps
[42.131s] -- Installing: /workspace/foxy_ws/install/include/rcl_interfaces/msg/detail/parameter_event__rosidl_typesupport_fastrtps_cpp.hpp
[42.131s] -- Installing: /workspace/foxy_ws/install/include/rcl_interfaces/msg/detail/parameter_descriptor__rosidl_typesupport_fastrtps_cpp.hpp
[42.131s] -- Installing: /workspace/foxy_ws/install/include/rcl_interfaces/msg/detail/floating_point_range__rosidl_typesupport_fastrtps_cpp.hpp
[42.131s] -- Installing: /workspace/foxy_ws/install/include/rcl_interfaces/msg/detail/set_parameters_result__rosidl_typesupport_fastrtps_cpp.hpp
[42.131s] -- Installing: /workspace/foxy_ws/install/include/rcl_interfaces/msg/detail/parameter_value__rosidl_typesupport_fastrtps_cpp.hpp
[42.132s] -- Installing: /workspace/foxy_ws/install/include/rcl_interfaces/msg/detail/parameter_event_descriptors__rosidl_typesupport_fastrtps_cpp.hpp
[42.132s] -- Installing: /workspace/foxy_ws/install/include/rcl_interfaces/msg/detail/parameter__rosidl_typesupport_fastrtps_cpp.hpp
[42.132s] -- Installing: /workspace/foxy_ws/install/include/rcl_interfaces/msg/detail/list_parameters_result__rosidl_typesupport_fastrtps_cpp.hpp
[42.132s] -- Up-to-date: /workspace/foxy_ws/install/include/rcl_interfaces/srv
[42.132s] -- Up-to-date: /workspace/foxy_ws/install/include/rcl_interfaces/srv/detail
[42.132s] -- Installing: /workspace/foxy_ws/install/include/rcl_interfaces/srv/detail/get_parameter_types__rosidl_typesupport_fastrtps_cpp.hpp
[42.133s] -- Installing: /workspace/foxy_ws/install/include/rcl_interfaces/srv/detail/describe_parameters__rosidl_typesupport_fastrtps_cpp.hpp
[42.133s] -- Installing: /workspace/foxy_ws/install/include/rcl_interfaces/srv/detail/dds_fastrtps
[42.133s] -- Installing: /workspace/foxy_ws/install/include/rcl_interfaces/srv/detail/get_parameters__rosidl_typesupport_fastrtps_cpp.hpp
[42.133s] -- Installing: /workspace/foxy_ws/install/include/rcl_interfaces/srv/detail/list_parameters__rosidl_typesupport_fastrtps_cpp.hpp
[42.133s] -- Installing: /workspace/foxy_ws/install/include/rcl_interfaces/srv/detail/set_parameters__rosidl_typesupport_fastrtps_cpp.hpp
[42.133s] -- Installing: /workspace/foxy_ws/install/include/rcl_interfaces/srv/detail/set_parameters_atomically__rosidl_typesupport_fastrtps_cpp.hpp
[42.134s] -- Installing: /workspace/foxy_ws/install/lib/librcl_interfaces__rosidl_typesupport_fastrtps_cpp.so
[42.134s] -- Set runtime path of "/workspace/foxy_ws/install/lib/librcl_interfaces__rosidl_typesupport_fastrtps_cpp.so" to ""
[42.134s] -- Up-to-date: /workspace/foxy_ws/install/include/rcl_interfaces
[42.134s] -- Up-to-date: /workspace/foxy_ws/install/include/rcl_interfaces/msg
[42.134s] -- Installing: /workspace/foxy_ws/install/include/rcl_interfaces/msg/rosidl_typesupport_introspection_c__visibility_control.h
[42.135s] -- Up-to-date: /workspace/foxy_ws/install/include/rcl_interfaces/msg/detail
[42.135s] -- Installing: /workspace/foxy_ws/install/include/rcl_interfaces/msg/detail/parameter_event__type_support.c
[42.135s] -- Installing: /workspace/foxy_ws/install/include/rcl_interfaces/msg/detail/integer_range__type_support.c
[42.135s] -- Installing: /workspace/foxy_ws/install/include/rcl_interfaces/msg/detail/parameter__type_support.c
[42.135s] -- Installing: /workspace/foxy_ws/install/include/rcl_interfaces/msg/detail/parameter_type__type_support.c
[42.135s] -- Installing: /workspace/foxy_ws/install/include/rcl_interfaces/msg/detail/parameter__rosidl_typesupport_introspection_c.h
[42.136s] -- Installing: /workspace/foxy_ws/install/include/rcl_interfaces/msg/detail/parameter_event__rosidl_typesupport_introspection_c.h
[42.136s] -- Installing: /workspace/foxy_ws/install/include/rcl_interfaces/msg/detail/floating_point_range__rosidl_typesupport_introspection_c.h
[42.136s] -- Installing: /workspace/foxy_ws/install/include/rcl_interfaces/msg/detail/list_parameters_result__rosidl_typesupport_introspection_c.h
[42.136s] -- Installing: /workspace/foxy_ws/install/include/rcl_interfaces/msg/detail/parameter_type__rosidl_typesupport_introspection_c.h
[42.136s] -- Installing: /workspace/foxy_ws/install/include/rcl_interfaces/msg/detail/list_parameters_result__type_support.c
[42.136s] -- Installing: /workspace/foxy_ws/install/include/rcl_interfaces/msg/detail/set_parameters_result__rosidl_typesupport_introspection_c.h
[42.137s] -- Installing: /workspace/foxy_ws/install/include/rcl_interfaces/msg/detail/log__type_support.c
[42.137s] -- Installing: /workspace/foxy_ws/install/include/rcl_interfaces/msg/detail/integer_range__rosidl_typesupport_introspection_c.h
[42.137s] -- Installing: /workspace/foxy_ws/install/include/rcl_interfaces/msg/detail/set_parameters_result__type_support.c
[42.137s] -- Installing: /workspace/foxy_ws/install/include/rcl_interfaces/msg/detail/floating_point_range__type_support.c
[42.138s] -- Installing: /workspace/foxy_ws/install/include/rcl_interfaces/msg/detail/parameter_descriptor__type_support.c
[42.138s] -- Installing: /workspace/foxy_ws/install/include/rcl_interfaces/msg/detail/parameter_descriptor__rosidl_typesupport_introspection_c.h
[42.138s] -- Installing: /workspace/foxy_ws/install/include/rcl_interfaces/msg/detail/parameter_event_descriptors__type_support.c
[42.138s] -- Installing: /workspace/foxy_ws/install/include/rcl_interfaces/msg/detail/parameter_value__rosidl_typesupport_introspection_c.h
[42.138s] -- Installing: /workspace/foxy_ws/install/include/rcl_interfaces/msg/detail/parameter_value__type_support.c
[42.138s] -- Installing: /workspace/foxy_ws/install/include/rcl_interfaces/msg/detail/log__rosidl_typesupport_introspection_c.h
[42.138s] -- Installing: /workspace/foxy_ws/install/include/rcl_interfaces/msg/detail/parameter_event_descriptors__rosidl_typesupport_introspection_c.h
[42.139s] -- Up-to-date: /workspace/foxy_ws/install/include/rcl_interfaces/srv
[42.139s] -- Up-to-date: /workspace/foxy_ws/install/include/rcl_interfaces/srv/detail
[42.139s] -- Installing: /workspace/foxy_ws/install/include/rcl_interfaces/srv/detail/describe_parameters__type_support.c
[42.139s] -- Installing: /workspace/foxy_ws/install/include/rcl_interfaces/srv/detail/get_parameter_types__type_support.c
[42.139s] -- Installing: /workspace/foxy_ws/install/include/rcl_interfaces/srv/detail/set_parameters__type_support.c
[42.140s] -- Installing: /workspace/foxy_ws/install/include/rcl_interfaces/srv/detail/set_parameters_atomically__rosidl_typesupport_introspection_c.h
[42.140s] -- Installing: /workspace/foxy_ws/install/include/rcl_interfaces/srv/detail/set_parameters__rosidl_typesupport_introspection_c.h
[42.140s] -- Installing: /workspace/foxy_ws/install/include/rcl_interfaces/srv/detail/get_parameters__type_support.c
[42.140s] -- Installing: /workspace/foxy_ws/install/include/rcl_interfaces/srv/detail/set_parameters_atomically__type_support.c
[42.140s] -- Installing: /workspace/foxy_ws/install/include/rcl_interfaces/srv/detail/list_parameters__rosidl_typesupport_introspection_c.h
[42.140s] -- Installing: /workspace/foxy_ws/install/include/rcl_interfaces/srv/detail/describe_parameters__rosidl_typesupport_introspection_c.h
[42.141s] -- Installing: /workspace/foxy_ws/install/include/rcl_interfaces/srv/detail/list_parameters__type_support.c
[42.141s] -- Installing: /workspace/foxy_ws/install/include/rcl_interfaces/srv/detail/get_parameters__rosidl_typesupport_introspection_c.h
[42.141s] -- Installing: /workspace/foxy_ws/install/include/rcl_interfaces/srv/detail/get_parameter_types__rosidl_typesupport_introspection_c.h
[42.141s] -- Installing: /workspace/foxy_ws/install/lib/librcl_interfaces__rosidl_typesupport_introspection_c.so
[42.141s] -- Set runtime path of "/workspace/foxy_ws/install/lib/librcl_interfaces__rosidl_typesupport_introspection_c.so" to ""
[42.141s] -- Installing: /workspace/foxy_ws/install/lib/librcl_interfaces__rosidl_typesupport_c.so
[42.141s] -- Set runtime path of "/workspace/foxy_ws/install/lib/librcl_interfaces__rosidl_typesupport_c.so" to ""
[42.141s] -- Up-to-date: /workspace/foxy_ws/install/include/rcl_interfaces
[42.142s] -- Up-to-date: /workspace/foxy_ws/install/include/rcl_interfaces/msg
[42.142s] -- Installing: /workspace/foxy_ws/install/include/rcl_interfaces/msg/parameter_descriptor.hpp
[42.142s] -- Installing: /workspace/foxy_ws/install/include/rcl_interfaces/msg/set_parameters_result.hpp
[42.142s] -- Installing: /workspace/foxy_ws/install/include/rcl_interfaces/msg/parameter_value.hpp
[42.142s] -- Installing: /workspace/foxy_ws/install/include/rcl_interfaces/msg/rosidl_generator_cpp__visibility_control.hpp
[42.142s] -- Installing: /workspace/foxy_ws/install/include/rcl_interfaces/msg/parameter_event_descriptors.hpp
[42.142s] -- Installing: /workspace/foxy_ws/install/include/rcl_interfaces/msg/parameter.hpp
[42.142s] -- Installing: /workspace/foxy_ws/install/include/rcl_interfaces/msg/parameter_event.hpp
[42.143s] -- Installing: /workspace/foxy_ws/install/include/rcl_interfaces/msg/parameter_type.hpp
[42.143s] -- Installing: /workspace/foxy_ws/install/include/rcl_interfaces/msg/integer_range.hpp
[42.143s] -- Installing: /workspace/foxy_ws/install/include/rcl_interfaces/msg/log.hpp
[42.143s] -- Installing: /workspace/foxy_ws/install/include/rcl_interfaces/msg/list_parameters_result.hpp
[42.143s] -- Up-to-date: /workspace/foxy_ws/install/include/rcl_interfaces/msg/detail
[42.143s] -- Installing: /workspace/foxy_ws/install/include/rcl_interfaces/msg/detail/parameter_event_descriptors__struct.hpp
[42.143s] -- Installing: /workspace/foxy_ws/install/include/rcl_interfaces/msg/detail/list_parameters_result__traits.hpp
[42.143s] -- Installing: /workspace/foxy_ws/install/include/rcl_interfaces/msg/detail/set_parameters_result__builder.hpp
[42.143s] -- Installing: /workspace/foxy_ws/install/include/rcl_interfaces/msg/detail/parameter_event__builder.hpp
[42.143s] -- Installing: /workspace/foxy_ws/install/include/rcl_interfaces/msg/detail/floating_point_range__traits.hpp
[42.143s] -- Installing: /workspace/foxy_ws/install/include/rcl_interfaces/msg/detail/set_parameters_result__type_support.hpp
[42.144s] -- Installing: /workspace/foxy_ws/install/include/rcl_interfaces/msg/detail/floating_point_range__struct.hpp
[42.144s] -- Installing: /workspace/foxy_ws/install/include/rcl_interfaces/msg/detail/log__traits.hpp
[42.144s] -- Installing: /workspace/foxy_ws/install/include/rcl_interfaces/msg/detail/integer_range__struct.hpp
[42.144s] -- Installing: /workspace/foxy_ws/install/include/rcl_interfaces/msg/detail/parameter_event_descriptors__traits.hpp
[42.144s] -- Installing: /workspace/foxy_ws/install/include/rcl_interfaces/msg/detail/list_parameters_result__type_support.hpp
[42.144s] -- Installing: /workspace/foxy_ws/install/include/rcl_interfaces/msg/detail/set_parameters_result__struct.hpp
[42.144s] -- Installing: /workspace/foxy_ws/install/include/rcl_interfaces/msg/detail/list_parameters_result__struct.hpp
[42.144s] -- Installing: /workspace/foxy_ws/install/include/rcl_interfaces/msg/detail/parameter_value__type_support.hpp
[42.144s] -- Installing: /workspace/foxy_ws/install/include/rcl_interfaces/msg/detail/floating_point_range__type_support.hpp
[42.144s] -- Installing: /workspace/foxy_ws/install/include/rcl_interfaces/msg/detail/parameter_descriptor__traits.hpp
[42.144s] -- Installing: /workspace/foxy_ws/install/include/rcl_interfaces/msg/detail/parameter_type__builder.hpp
[42.144s] -- Installing: /workspace/foxy_ws/install/include/rcl_interfaces/msg/detail/parameter_event_descriptors__builder.hpp
[42.144s] -- Installing: /workspace/foxy_ws/install/include/rcl_interfaces/msg/detail/floating_point_range__builder.hpp
[42.144s] -- Installing: /workspace/foxy_ws/install/include/rcl_interfaces/msg/detail/log__builder.hpp
[42.144s] -- Installing: /workspace/foxy_ws/install/include/rcl_interfaces/msg/detail/parameter_descriptor__struct.hpp
[42.144s] -- Installing: /workspace/foxy_ws/install/include/rcl_interfaces/msg/detail/parameter__struct.hpp
[42.144s] -- Installing: /workspace/foxy_ws/install/include/rcl_interfaces/msg/detail/parameter_event__traits.hpp
[42.144s] -- Installing: /workspace/foxy_ws/install/include/rcl_interfaces/msg/detail/parameter_value__builder.hpp
[42.144s] -- Installing: /workspace/foxy_ws/install/include/rcl_interfaces/msg/detail/parameter__type_support.hpp
[42.144s] -- Installing: /workspace/foxy_ws/install/include/rcl_interfaces/msg/detail/parameter_value__traits.hpp
[42.144s] -- Installing: /workspace/foxy_ws/install/include/rcl_interfaces/msg/detail/parameter_descriptor__builder.hpp
[42.145s] -- Installing: /workspace/foxy_ws/install/include/rcl_interfaces/msg/detail/list_parameters_result__builder.hpp
[42.145s] -- Installing: /workspace/foxy_ws/install/include/rcl_interfaces/msg/detail/integer_range__traits.hpp
[42.145s] -- Installing: /workspace/foxy_ws/install/include/rcl_interfaces/msg/detail/log__struct.hpp
[42.145s] -- Installing: /workspace/foxy_ws/install/include/rcl_interfaces/msg/detail/integer_range__type_support.hpp
[42.145s] -- Installing: /workspace/foxy_ws/install/include/rcl_interfaces/msg/detail/parameter__builder.hpp
[42.145s] -- Installing: /workspace/foxy_ws/install/include/rcl_interfaces/msg/detail/set_parameters_result__traits.hpp
[42.145s] -- Installing: /workspace/foxy_ws/install/include/rcl_interfaces/msg/detail/parameter_type__struct.hpp
[42.145s] -- Installing: /workspace/foxy_ws/install/include/rcl_interfaces/msg/detail/parameter_event_descriptors__type_support.hpp
[42.145s] -- Installing: /workspace/foxy_ws/install/include/rcl_interfaces/msg/detail/parameter_event__struct.hpp
[42.145s] -- Installing: /workspace/foxy_ws/install/include/rcl_interfaces/msg/detail/parameter_value__struct.hpp
[42.145s] -- Installing: /workspace/foxy_ws/install/include/rcl_interfaces/msg/detail/parameter_descriptor__type_support.hpp
[42.145s] -- Installing: /workspace/foxy_ws/install/include/rcl_interfaces/msg/detail/parameter_event__type_support.hpp
[42.145s] -- Installing: /workspace/foxy_ws/install/include/rcl_interfaces/msg/detail/integer_range__builder.hpp
[42.145s] -- Installing: /workspace/foxy_ws/install/include/rcl_interfaces/msg/detail/parameter_type__traits.hpp
[42.145s] -- Installing: /workspace/foxy_ws/install/include/rcl_interfaces/msg/detail/log__type_support.hpp
[42.145s] -- Installing: /workspace/foxy_ws/install/include/rcl_interfaces/msg/detail/parameter__traits.hpp
[42.145s] -- Installing: /workspace/foxy_ws/install/include/rcl_interfaces/msg/detail/parameter_type__type_support.hpp
[42.145s] -- Installing: /workspace/foxy_ws/install/include/rcl_interfaces/msg/floating_point_range.hpp
[42.145s] -- Up-to-date: /workspace/foxy_ws/install/include/rcl_interfaces/srv
[42.145s] -- Installing: /workspace/foxy_ws/install/include/rcl_interfaces/srv/get_parameters.hpp
[42.145s] -- Installing: /workspace/foxy_ws/install/include/rcl_interfaces/srv/get_parameter_types.hpp
[42.145s] -- Installing: /workspace/foxy_ws/install/include/rcl_interfaces/srv/set_parameters.hpp
[42.145s] -- Installing: /workspace/foxy_ws/install/include/rcl_interfaces/srv/set_parameters_atomically.hpp
[42.146s] -- Installing: /workspace/foxy_ws/install/include/rcl_interfaces/srv/list_parameters.hpp
[42.146s] -- Up-to-date: /workspace/foxy_ws/install/include/rcl_interfaces/srv/detail
[42.146s] -- Installing: /workspace/foxy_ws/install/include/rcl_interfaces/srv/detail/set_parameters_atomically__traits.hpp
[42.146s] -- Installing: /workspace/foxy_ws/install/include/rcl_interfaces/srv/detail/get_parameters__builder.hpp
[42.146s] -- Installing: /workspace/foxy_ws/install/include/rcl_interfaces/srv/detail/set_parameters_atomically__builder.hpp
[42.146s] -- Installing: /workspace/foxy_ws/install/include/rcl_interfaces/srv/detail/list_parameters__traits.hpp
[42.146s] -- Installing: /workspace/foxy_ws/install/include/rcl_interfaces/srv/detail/get_parameter_types__type_support.hpp
[42.146s] -- Installing: /workspace/foxy_ws/install/include/rcl_interfaces/srv/detail/list_parameters__type_support.hpp
[42.146s] -- Installing: /workspace/foxy_ws/install/include/rcl_interfaces/srv/detail/describe_parameters__traits.hpp
[42.146s] -- Installing: /workspace/foxy_ws/install/include/rcl_interfaces/srv/detail/set_parameters__traits.hpp
[42.146s] -- Installing: /workspace/foxy_ws/install/include/rcl_interfaces/srv/detail/set_parameters_atomically__struct.hpp
[42.146s] -- Installing: /workspace/foxy_ws/install/include/rcl_interfaces/srv/detail/set_parameters__struct.hpp
[42.146s] -- Installing: /workspace/foxy_ws/install/include/rcl_interfaces/srv/detail/set_parameters_atomically__type_support.hpp
[42.146s] -- Installing: /workspace/foxy_ws/install/include/rcl_interfaces/srv/detail/get_parameter_types__traits.hpp
[42.146s] -- Installing: /workspace/foxy_ws/install/include/rcl_interfaces/srv/detail/set_parameters__type_support.hpp
[42.146s] -- Installing: /workspace/foxy_ws/install/include/rcl_interfaces/srv/detail/get_parameter_types__builder.hpp
[42.146s] -- Installing: /workspace/foxy_ws/install/include/rcl_interfaces/srv/detail/describe_parameters__struct.hpp
[42.146s] -- Installing: /workspace/foxy_ws/install/include/rcl_interfaces/srv/detail/list_parameters__builder.hpp
[42.146s] -- Installing: /workspace/foxy_ws/install/include/rcl_interfaces/srv/detail/get_parameters__struct.hpp
[42.146s] -- Installing: /workspace/foxy_ws/install/include/rcl_interfaces/srv/detail/set_parameters__builder.hpp
[42.146s] -- Installing: /workspace/foxy_ws/install/include/rcl_interfaces/srv/detail/list_parameters__struct.hpp
[42.146s] -- Installing: /workspace/foxy_ws/install/include/rcl_interfaces/srv/detail/describe_parameters__builder.hpp
[42.146s] -- Installing: /workspace/foxy_ws/install/include/rcl_interfaces/srv/detail/get_parameters__type_support.hpp
[42.147s] -- Installing: /workspace/foxy_ws/install/include/rcl_interfaces/srv/detail/get_parameters__traits.hpp
[42.147s] -- Installing: /workspace/foxy_ws/install/include/rcl_interfaces/srv/detail/get_parameter_types__struct.hpp
[42.147s] -- Installing: /workspace/foxy_ws/install/include/rcl_interfaces/srv/detail/describe_parameters__type_support.hpp
[42.147s] -- Installing: /workspace/foxy_ws/install/include/rcl_interfaces/srv/describe_parameters.hpp
[42.147s] -- Up-to-date: /workspace/foxy_ws/install/include/rcl_interfaces
[42.147s] -- Up-to-date: /workspace/foxy_ws/install/include/rcl_interfaces/msg
[42.147s] -- Up-to-date: /workspace/foxy_ws/install/include/rcl_interfaces/msg/detail
[42.147s] -- Installing: /workspace/foxy_ws/install/include/rcl_interfaces/msg/detail/parameter_event__type_support.cpp
[42.147s] -- Installing: /workspace/foxy_ws/install/include/rcl_interfaces/msg/detail/list_parameters_result__type_support.cpp
[42.147s] -- Installing: /workspace/foxy_ws/install/include/rcl_interfaces/msg/detail/parameter_event_descriptors__type_support.cpp
[42.147s] -- Installing: /workspace/foxy_ws/install/include/rcl_interfaces/msg/detail/log__type_support.cpp
[42.147s] -- Installing: /workspace/foxy_ws/install/include/rcl_interfaces/msg/detail/parameter_value__rosidl_typesupport_introspection_cpp.hpp
[42.147s] -- Installing: /workspace/foxy_ws/install/include/rcl_interfaces/msg/detail/parameter_descriptor__type_support.cpp
[42.147s] -- Installing: /workspace/foxy_ws/install/include/rcl_interfaces/msg/detail/floating_point_range__type_support.cpp
[42.147s] -- Installing: /workspace/foxy_ws/install/include/rcl_interfaces/msg/detail/parameter_descriptor__rosidl_typesupport_introspection_cpp.hpp
[42.147s] -- Installing: /workspace/foxy_ws/install/include/rcl_interfaces/msg/detail/parameter__rosidl_typesupport_introspection_cpp.hpp
[42.147s] -- Installing: /workspace/foxy_ws/install/include/rcl_interfaces/msg/detail/integer_range__rosidl_typesupport_introspection_cpp.hpp
[42.147s] -- Installing: /workspace/foxy_ws/install/include/rcl_interfaces/msg/detail/parameter_type__rosidl_typesupport_introspection_cpp.hpp
[42.147s] -- Installing: /workspace/foxy_ws/install/include/rcl_interfaces/msg/detail/parameter_value__type_support.cpp
[42.147s] -- Installing: /workspace/foxy_ws/install/include/rcl_interfaces/msg/detail/log__rosidl_typesupport_introspection_cpp.hpp
[42.147s] -- Installing: /workspace/foxy_ws/install/include/rcl_interfaces/msg/detail/parameter_event_descriptors__rosidl_typesupport_introspection_cpp.hpp
[42.147s] -- Installing: /workspace/foxy_ws/install/include/rcl_interfaces/msg/detail/set_parameters_result__type_support.cpp
[42.147s] -- Installing: /workspace/foxy_ws/install/include/rcl_interfaces/msg/detail/parameter_type__type_support.cpp
[42.148s] -- Installing: /workspace/foxy_ws/install/include/rcl_interfaces/msg/detail/floating_point_range__rosidl_typesupport_introspection_cpp.hpp
[42.148s] -- Installing: /workspace/foxy_ws/install/include/rcl_interfaces/msg/detail/list_parameters_result__rosidl_typesupport_introspection_cpp.hpp
[42.148s] -- Installing: /workspace/foxy_ws/install/include/rcl_interfaces/msg/detail/integer_range__type_support.cpp
[42.148s] -- Installing: /workspace/foxy_ws/install/include/rcl_interfaces/msg/detail/parameter_event__rosidl_typesupport_introspection_cpp.hpp
[42.148s] -- Installing: /workspace/foxy_ws/install/include/rcl_interfaces/msg/detail/set_parameters_result__rosidl_typesupport_introspection_cpp.hpp
[42.148s] -- Installing: /workspace/foxy_ws/install/include/rcl_interfaces/msg/detail/parameter__type_support.cpp
[42.148s] -- Up-to-date: /workspace/foxy_ws/install/include/rcl_interfaces/srv
[42.148s] -- Up-to-date: /workspace/foxy_ws/install/include/rcl_interfaces/srv/detail
[42.148s] -- Installing: /workspace/foxy_ws/install/include/rcl_interfaces/srv/detail/set_parameters__type_support.cpp
[42.148s] -- Installing: /workspace/foxy_ws/install/include/rcl_interfaces/srv/detail/describe_parameters__type_support.cpp
[42.148s] -- Installing: /workspace/foxy_ws/install/include/rcl_interfaces/srv/detail/list_parameters__rosidl_typesupport_introspection_cpp.hpp
[42.148s] -- Installing: /workspace/foxy_ws/install/include/rcl_interfaces/srv/detail/set_parameters_atomically__rosidl_typesupport_introspection_cpp.hpp
[42.148s] -- Installing: /workspace/foxy_ws/install/include/rcl_interfaces/srv/detail/set_parameters_atomically__type_support.cpp
[42.148s] -- Installing: /workspace/foxy_ws/install/include/rcl_interfaces/srv/detail/list_parameters__type_support.cpp
[42.148s] -- Installing: /workspace/foxy_ws/install/include/rcl_interfaces/srv/detail/get_parameter_types__rosidl_typesupport_introspection_cpp.hpp
[42.148s] -- Installing: /workspace/foxy_ws/install/include/rcl_interfaces/srv/detail/get_parameter_types__type_support.cpp
[42.148s] -- Installing: /workspace/foxy_ws/install/include/rcl_interfaces/srv/detail/describe_parameters__rosidl_typesupport_introspection_cpp.hpp
[42.148s] -- Installing: /workspace/foxy_ws/install/include/rcl_interfaces/srv/detail/get_parameters__rosidl_typesupport_introspection_cpp.hpp
[42.148s] -- Installing: /workspace/foxy_ws/install/include/rcl_interfaces/srv/detail/get_parameters__type_support.cpp
[42.149s] -- Installing: /workspace/foxy_ws/install/include/rcl_interfaces/srv/detail/set_parameters__rosidl_typesupport_introspection_cpp.hpp
[42.149s] -- Installing: /workspace/foxy_ws/install/lib/librcl_interfaces__rosidl_typesupport_introspection_cpp.so
[42.149s] -- Set runtime path of "/workspace/foxy_ws/install/lib/librcl_interfaces__rosidl_typesupport_introspection_cpp.so" to ""
[42.149s] -- Installing: /workspace/foxy_ws/install/lib/librcl_interfaces__rosidl_typesupport_cpp.so
[42.149s] -- Set runtime path of "/workspace/foxy_ws/install/lib/librcl_interfaces__rosidl_typesupport_cpp.so" to ""
[42.149s] -- Installing: /workspace/foxy_ws/install/share/rcl_interfaces/environment/pythonpath.sh
[42.149s] -- Installing: /workspace/foxy_ws/install/share/rcl_interfaces/environment/pythonpath.dsv
[42.149s] -- Installing: /workspace/foxy_ws/install/lib/python3.10/site-packages/rcl_interfaces/__init__.py
[42.170s] Compiling '/workspace/foxy_ws/install/lib/python3.10/site-packages/rcl_interfaces/__init__.py'...
[42.173s] -- Installing: /workspace/foxy_ws/install/lib/python3.10/site-packages/rcl_interfaces/msg
[42.174s] -- Installing: /workspace/foxy_ws/install/lib/python3.10/site-packages/rcl_interfaces/msg/_list_parameters_result_s.c
[42.174s] -- Installing: /workspace/foxy_ws/install/lib/python3.10/site-packages/rcl_interfaces/msg/_parameter_value_s.c
[42.174s] -- Installing: /workspace/foxy_ws/install/lib/python3.10/site-packages/rcl_interfaces/msg/_parameter_descriptor_s.c
[42.174s] -- Installing: /workspace/foxy_ws/install/lib/python3.10/site-packages/rcl_interfaces/msg/_floating_point_range_s.c
[42.174s] -- Installing: /workspace/foxy_ws/install/lib/python3.10/site-packages/rcl_interfaces/msg/_parameter_event_s.c
[42.174s] -- Installing: /workspace/foxy_ws/install/lib/python3.10/site-packages/rcl_interfaces/msg/_integer_range_s.c
[42.174s] -- Installing: /workspace/foxy_ws/install/lib/python3.10/site-packages/rcl_interfaces/msg/_log.py
[42.174s] -- Installing: /workspace/foxy_ws/install/lib/python3.10/site-packages/rcl_interfaces/msg/_parameter_descriptor.py
[42.174s] -- Installing: /workspace/foxy_ws/install/lib/python3.10/site-packages/rcl_interfaces/msg/_floating_point_range.py
[42.175s] -- Installing: /workspace/foxy_ws/install/lib/python3.10/site-packages/rcl_interfaces/msg/_parameter_type_s.c
[42.175s] -- Installing: /workspace/foxy_ws/install/lib/python3.10/site-packages/rcl_interfaces/msg/_parameter_event_descriptors_s.c
[42.175s] -- Installing: /workspace/foxy_ws/install/lib/python3.10/site-packages/rcl_interfaces/msg/_parameter_event_descriptors.py
[42.175s] -- Installing: /workspace/foxy_ws/install/lib/python3.10/site-packages/rcl_interfaces/msg/_parameter_event.py
[42.175s] -- Installing: /workspace/foxy_ws/install/lib/python3.10/site-packages/rcl_interfaces/msg/_integer_range.py
[42.175s] -- Installing: /workspace/foxy_ws/install/lib/python3.10/site-packages/rcl_interfaces/msg/_parameter.py
[42.175s] -- Installing: /workspace/foxy_ws/install/lib/python3.10/site-packages/rcl_interfaces/msg/_log_s.c
[42.175s] -- Installing: /workspace/foxy_ws/install/lib/python3.10/site-packages/rcl_interfaces/msg/_set_parameters_result_s.c
[42.176s] -- Installing: /workspace/foxy_ws/install/lib/python3.10/site-packages/rcl_interfaces/msg/_set_parameters_result.py
[42.176s] -- Installing: /workspace/foxy_ws/install/lib/python3.10/site-packages/rcl_interfaces/msg/__init__.py
[42.176s] -- Installing: /workspace/foxy_ws/install/lib/python3.10/site-packages/rcl_interfaces/msg/_list_parameters_result.py
[42.176s] -- Installing: /workspace/foxy_ws/install/lib/python3.10/site-packages/rcl_interfaces/msg/_parameter_type.py
[42.176s] -- Installing: /workspace/foxy_ws/install/lib/python3.10/site-packages/rcl_interfaces/msg/_parameter_value.py
[42.176s] -- Installing: /workspace/foxy_ws/install/lib/python3.10/site-packages/rcl_interfaces/msg/_parameter_s.c
[42.176s] -- Installing: /workspace/foxy_ws/install/lib/python3.10/site-packages/rcl_interfaces/srv
[42.177s] -- Installing: /workspace/foxy_ws/install/lib/python3.10/site-packages/rcl_interfaces/srv/_get_parameter_types.py
[42.177s] -- Installing: /workspace/foxy_ws/install/lib/python3.10/site-packages/rcl_interfaces/srv/_describe_parameters_s.c
[42.177s] -- Installing: /workspace/foxy_ws/install/lib/python3.10/site-packages/rcl_interfaces/srv/_get_parameter_types_s.c
[42.177s] -- Installing: /workspace/foxy_ws/install/lib/python3.10/site-packages/rcl_interfaces/srv/_set_parameters_atomically.py
[42.177s] -- Installing: /workspace/foxy_ws/install/lib/python3.10/site-packages/rcl_interfaces/srv/_set_parameters.py
[42.177s] -- Installing: /workspace/foxy_ws/install/lib/python3.10/site-packages/rcl_interfaces/srv/_set_parameters_s.c
[42.178s] -- Installing: /workspace/foxy_ws/install/lib/python3.10/site-packages/rcl_interfaces/srv/_get_parameters_s.c
[42.178s] -- Installing: /workspace/foxy_ws/install/lib/python3.10/site-packages/rcl_interfaces/srv/_list_parameters_s.c
[42.178s] -- Installing: /workspace/foxy_ws/install/lib/python3.10/site-packages/rcl_interfaces/srv/_get_parameters.py
[42.178s] -- Installing: /workspace/foxy_ws/install/lib/python3.10/site-packages/rcl_interfaces/srv/__init__.py
[42.178s] -- Installing: /workspace/foxy_ws/install/lib/python3.10/site-packages/rcl_interfaces/srv/_set_parameters_atomically_s.c
[42.178s] -- Installing: /workspace/foxy_ws/install/lib/python3.10/site-packages/rcl_interfaces/srv/_describe_parameters.py
[42.178s] -- Installing: /workspace/foxy_ws/install/lib/python3.10/site-packages/rcl_interfaces/srv/_list_parameters.py
[42.178s] -- Installing: /workspace/foxy_ws/install/lib/python3.10/site-packages/rcl_interfaces/rcl_interfaces_s__rosidl_typesupport_fastrtps_c.cpython-310-x86_64-linux-gnu.so
[42.178s] -- Set runtime path of "/workspace/foxy_ws/install/lib/python3.10/site-packages/rcl_interfaces/rcl_interfaces_s__rosidl_typesupport_fastrtps_c.cpython-310-x86_64-linux-gnu.so" to ""
[42.178s] -- Installing: /workspace/foxy_ws/install/lib/python3.10/site-packages/rcl_interfaces/rcl_interfaces_s__rosidl_typesupport_introspection_c.cpython-310-x86_64-linux-gnu.so
[42.179s] -- Set runtime path of "/workspace/foxy_ws/install/lib/python3.10/site-packages/rcl_interfaces/rcl_interfaces_s__rosidl_typesupport_introspection_c.cpython-310-x86_64-linux-gnu.so" to ""
[42.179s] -- Installing: /workspace/foxy_ws/install/lib/python3.10/site-packages/rcl_interfaces/rcl_interfaces_s__rosidl_typesupport_c.cpython-310-x86_64-linux-gnu.so
[42.180s] -- Set runtime path of "/workspace/foxy_ws/install/lib/python3.10/site-packages/rcl_interfaces/rcl_interfaces_s__rosidl_typesupport_c.cpython-310-x86_64-linux-gnu.so" to ""
[42.180s] -- Installing: /workspace/foxy_ws/install/lib/librcl_interfaces__python.so
[42.180s] -- Set runtime path of "/workspace/foxy_ws/install/lib/librcl_interfaces__python.so" to ""
[42.180s] -- Installing: /workspace/foxy_ws/install/share/rcl_interfaces/msg/FloatingPointRange.idl
[42.180s] -- Installing: /workspace/foxy_ws/install/share/rcl_interfaces/msg/IntegerRange.idl
[42.180s] -- Installing: /workspace/foxy_ws/install/share/rcl_interfaces/msg/ListParametersResult.idl
[42.181s] -- Installing: /workspace/foxy_ws/install/share/rcl_interfaces/msg/Log.idl
[42.181s] -- Installing: /workspace/foxy_ws/install/share/rcl_interfaces/msg/ParameterDescriptor.idl
[42.181s] -- Installing: /workspace/foxy_ws/install/share/rcl_interfaces/msg/ParameterEventDescriptors.idl
[42.181s] -- Installing: /workspace/foxy_ws/install/share/rcl_interfaces/msg/ParameterEvent.idl
[42.181s] -- Installing: /workspace/foxy_ws/install/share/rcl_interfaces/msg/Parameter.idl
[42.181s] -- Installing: /workspace/foxy_ws/install/share/rcl_interfaces/msg/ParameterType.idl
[42.182s] -- Installing: /workspace/foxy_ws/install/share/rcl_interfaces/msg/ParameterValue.idl
[42.182s] -- Installing: /workspace/foxy_ws/install/share/rcl_interfaces/msg/SetParametersResult.idl
[42.182s] -- Installing: /workspace/foxy_ws/install/share/rcl_interfaces/srv/DescribeParameters.idl
[42.182s] -- Installing: /workspace/foxy_ws/install/share/rcl_interfaces/srv/GetParameters.idl
[42.182s] -- Installing: /workspace/foxy_ws/install/share/rcl_interfaces/srv/GetParameterTypes.idl
[42.182s] -- Installing: /workspace/foxy_ws/install/share/rcl_interfaces/srv/ListParameters.idl
[42.183s] -- Installing: /workspace/foxy_ws/install/share/rcl_interfaces/srv/SetParametersAtomically.idl
[42.183s] -- Installing: /workspace/foxy_ws/install/share/rcl_interfaces/srv/SetParameters.idl
[42.183s] -- Installing: /workspace/foxy_ws/install/share/rcl_interfaces/msg/FloatingPointRange.msg
[42.183s] -- Installing: /workspace/foxy_ws/install/share/rcl_interfaces/msg/IntegerRange.msg
[42.183s] -- Installing: /workspace/foxy_ws/install/share/rcl_interfaces/msg/ListParametersResult.msg
[42.183s] -- Installing: /workspace/foxy_ws/install/share/rcl_interfaces/msg/Log.msg
[42.183s] -- Installing: /workspace/foxy_ws/install/share/rcl_interfaces/msg/ParameterDescriptor.msg
[42.184s] -- Installing: /workspace/foxy_ws/install/share/rcl_interfaces/msg/ParameterEventDescriptors.msg
[42.184s] -- Installing: /workspace/foxy_ws/install/share/rcl_interfaces/msg/ParameterEvent.msg
[42.184s] -- Installing: /workspace/foxy_ws/install/share/rcl_interfaces/msg/Parameter.msg
[42.184s] -- Installing: /workspace/foxy_ws/install/share/rcl_interfaces/msg/ParameterType.msg
[42.184s] -- Installing: /workspace/foxy_ws/install/share/rcl_interfaces/msg/ParameterValue.msg
[42.184s] -- Installing: /workspace/foxy_ws/install/share/rcl_interfaces/msg/SetParametersResult.msg
[42.185s] -- Installing: /workspace/foxy_ws/install/share/rcl_interfaces/srv/DescribeParameters.srv
[42.185s] -- Installing: /workspace/foxy_ws/install/share/rcl_interfaces/srv/DescribeParameters_Request.msg
[42.185s] -- Installing: /workspace/foxy_ws/install/share/rcl_interfaces/srv/DescribeParameters_Response.msg
[42.185s] -- Installing: /workspace/foxy_ws/install/share/rcl_interfaces/srv/GetParameters.srv
[42.185s] -- Installing: /workspace/foxy_ws/install/share/rcl_interfaces/srv/GetParameters_Request.msg
[42.185s] -- Installing: /workspace/foxy_ws/install/share/rcl_interfaces/srv/GetParameters_Response.msg
[42.186s] -- Installing: /workspace/foxy_ws/install/share/rcl_interfaces/srv/GetParameterTypes.srv
[42.186s] -- Installing: /workspace/foxy_ws/install/share/rcl_interfaces/srv/GetParameterTypes_Request.msg
[42.186s] -- Installing: /workspace/foxy_ws/install/share/rcl_interfaces/srv/GetParameterTypes_Response.msg
[42.186s] -- Installing: /workspace/foxy_ws/install/share/rcl_interfaces/srv/ListParameters.srv
[42.186s] -- Installing: /workspace/foxy_ws/install/share/rcl_interfaces/srv/ListParameters_Request.msg
[42.186s] -- Installing: /workspace/foxy_ws/install/share/rcl_interfaces/srv/ListParameters_Response.msg
[42.186s] -- Installing: /workspace/foxy_ws/install/share/rcl_interfaces/srv/SetParametersAtomically.srv
[42.187s] -- Installing: /workspace/foxy_ws/install/share/rcl_interfaces/srv/SetParametersAtomically_Request.msg
[42.187s] -- Installing: /workspace/foxy_ws/install/share/rcl_interfaces/srv/SetParametersAtomically_Response.msg
[42.187s] -- Installing: /workspace/foxy_ws/install/share/rcl_interfaces/srv/SetParameters.srv
[42.187s] -- Installing: /workspace/foxy_ws/install/share/rcl_interfaces/srv/SetParameters_Request.msg
[42.187s] -- Installing: /workspace/foxy_ws/install/share/rcl_interfaces/srv/SetParameters_Response.msg
[42.187s] -- Installing: /workspace/foxy_ws/install/share/rcl_interfaces/mapping_rules.yaml
[42.190s] -- Installing: /workspace/foxy_ws/install/share/ament_index/resource_index/package_run_dependencies/rcl_interfaces
[42.190s] -- Installing: /workspace/foxy_ws/install/share/ament_index/resource_index/parent_prefix_path/rcl_interfaces
[42.191s] -- Installing: /workspace/foxy_ws/install/share/rcl_interfaces/environment/ament_prefix_path.sh
[42.191s] -- Installing: /workspace/foxy_ws/install/share/rcl_interfaces/environment/ament_prefix_path.dsv
[42.191s] -- Installing: /workspace/foxy_ws/install/share/rcl_interfaces/environment/path.sh
[42.191s] -- Installing: /workspace/foxy_ws/install/share/rcl_interfaces/environment/path.dsv
[42.191s] -- Installing: /workspace/foxy_ws/install/share/rcl_interfaces/local_setup.bash
[42.191s] -- Installing: /workspace/foxy_ws/install/share/rcl_interfaces/local_setup.sh
[42.192s] -- Installing: /workspace/foxy_ws/install/share/rcl_interfaces/local_setup.zsh
[42.192s] -- Installing: /workspace/foxy_ws/install/share/rcl_interfaces/local_setup.dsv
[42.192s] -- Installing: /workspace/foxy_ws/install/share/rcl_interfaces/package.dsv
[42.192s] -- Installing: /workspace/foxy_ws/install/share/ament_index/resource_index/packages/rcl_interfaces
[42.192s] -- Installing: /workspace/foxy_ws/install/share/rcl_interfaces/cmake/rcl_interfaces__rosidl_generator_cExport.cmake
[42.192s] -- Installing: /workspace/foxy_ws/install/share/rcl_interfaces/cmake/rcl_interfaces__rosidl_generator_cExport-noconfig.cmake
[42.192s] -- Installing: /workspace/foxy_ws/install/share/rcl_interfaces/cmake/rcl_interfaces__rosidl_typesupport_introspection_cExport.cmake
[42.193s] -- Installing: /workspace/foxy_ws/install/share/rcl_interfaces/cmake/rcl_interfaces__rosidl_typesupport_introspection_cExport-noconfig.cmake
[42.193s] -- Installing: /workspace/foxy_ws/install/share/rcl_interfaces/cmake/rcl_interfaces__rosidl_typesupport_cExport.cmake
[42.193s] -- Installing: /workspace/foxy_ws/install/share/rcl_interfaces/cmake/rcl_interfaces__rosidl_typesupport_cExport-noconfig.cmake
[42.193s] -- Installing: /workspace/foxy_ws/install/share/rcl_interfaces/cmake/rcl_interfaces__rosidl_generator_cppExport.cmake
[42.193s] -- Installing: /workspace/foxy_ws/install/share/rcl_interfaces/cmake/rcl_interfaces__rosidl_typesupport_introspection_cppExport.cmake
[42.193s] -- Installing: /workspace/foxy_ws/install/share/rcl_interfaces/cmake/rcl_interfaces__rosidl_typesupport_introspection_cppExport-noconfig.cmake
[42.194s] -- Installing: /workspace/foxy_ws/install/share/rcl_interfaces/cmake/rcl_interfaces__rosidl_typesupport_cppExport.cmake
[42.194s] -- Installing: /workspace/foxy_ws/install/share/rcl_interfaces/cmake/rcl_interfaces__rosidl_typesupport_cppExport-noconfig.cmake
[42.194s] -- Installing: /workspace/foxy_ws/install/share/rcl_interfaces/cmake/rosidl_cmake-extras.cmake
[42.194s] -- Installing: /workspace/foxy_ws/install/share/rcl_interfaces/cmake/ament_cmake_export_dependencies-extras.cmake
[42.194s] -- Installing: /workspace/foxy_ws/install/share/rcl_interfaces/cmake/ament_cmake_export_libraries-extras.cmake
[42.195s] -- Installing: /workspace/foxy_ws/install/share/rcl_interfaces/cmake/ament_cmake_export_targets-extras.cmake
[42.195s] -- Installing: /workspace/foxy_ws/install/share/rcl_interfaces/cmake/ament_cmake_export_include_directories-extras.cmake
[42.195s] -- Installing: /workspace/foxy_ws/install/share/rcl_interfaces/cmake/rosidl_cmake_export_typesupport_libraries-extras.cmake
[42.195s] -- Installing: /workspace/foxy_ws/install/share/rcl_interfaces/cmake/rosidl_cmake_export_typesupport_targets-extras.cmake
[42.195s] -- Installing: /workspace/foxy_ws/install/share/rcl_interfaces/cmake/rcl_interfacesConfig.cmake
[42.195s] -- Installing: /workspace/foxy_ws/install/share/rcl_interfaces/cmake/rcl_interfacesConfig-version.cmake
[42.195s] -- Installing: /workspace/foxy_ws/install/share/rcl_interfaces/package.xml
[42.197s] Invoked command in '/workspace/foxy_ws/build/rcl_interfaces' returned '0': AMENT_PREFIX_PATH=/workspace/foxy_ws/install CMAKE_PREFIX_PATH=/workspace/foxy_ws/install LD_LIBRARY_PATH=/workspace/foxy_ws/install/lib PATH=/workspace/foxy_ws/install/bin:${PATH} PKG_CONFIG_PATH=/workspace/foxy_ws/install/lib/x86_64-linux-gnu/pkgconfig:/workspace/foxy_ws/install/lib/pkgconfig PYTHONPATH=/workspace/foxy_ws/install/lib/python3.10/site-packages /usr/bin/cmake --install /workspace/foxy_ws/build/rcl_interfaces
