-- The C compiler identification is GNU 9.4.0
-- The CXX compiler identification is GNU 9.4.0
-- Check for working C compiler: /usr/bin/cc
-- Check for working C compiler: /usr/bin/cc -- works
-- Detecting C compiler ABI info
-- Detecting C compiler ABI info - done
-- Detecting C compile features
-- Detecting C compile features - done
-- Check for working CXX compiler: /usr/bin/c++
-- Check for working CXX compiler: /usr/bin/c++ -- works
-- Detecting CXX compiler ABI info
-- Detecting CXX compiler ABI info - done
-- Detecting CXX compile features
-- Detecting CXX compile features - done
-- Found ament_cmake_ros: 0.9.2 (/workspace/foxy_ws/install/share/ament_cmake_ros/cmake)
-- Found PythonInterp: /usr/bin/python3 (found suitable version "3.10.14", minimum required is "3") 
-- Using PYTHON_EXECUTABLE: /usr/bin/python3
-- Found fastrtps_cmake_module: 1.0.4 (/workspace/foxy_ws/install/share/fastrtps_cmake_module/cmake)
-- Found OpenSSL: /usr/lib/x86_64-linux-gnu/libcrypto.so (found version "1.1.1f")  
-- Found FastRTPS: /workspace/foxy_ws/install/include  
-- Found rosidl_runtime_c: 1.3.1 (/workspace/foxy_ws/install/share/rosidl_runtime_c/cmake)
-- Found rosidl_typesupport_fastrtps_cpp: 1.0.4 (/workspace/foxy_ws/install/share/rosidl_typesupport_fastrtps_cpp/cmake)
-- Found rosidl_adapter: 1.3.1 (/workspace/foxy_ws/install/share/rosidl_adapter/cmake)
-- Found ament_lint_auto: 0.9.8 (/workspace/foxy_ws/install/share/ament_lint_auto/cmake)
-- Found performance_test_fixture: 0.0.9 (/workspace/foxy_ws/install/share/performance_test_fixture/cmake)
-- Found gtest sources under '/workspace/foxy_ws/install/src/gtest_vendor': C++ tests using 'Google Test' will be built
-- Looking for pthread.h
-- Looking for pthread.h - found
-- Performing Test CMAKE_HAVE_LIBC_PTHREAD
-- Performing Test CMAKE_HAVE_LIBC_PTHREAD - Failed
-- Check if compiler accepts -pthread
-- Check if compiler accepts -pthread - yes
-- Found Threads: TRUE  
-- Performance tests are disabled by default, so Google Benchmark tests will be skipped. To enable these tests, set the CMake variable 'AMENT_RUN_PERFORMANCE_TESTS'.
-- Added test 'copyright' to check source files copyright and LICENSE
-- Added test 'cppcheck' to perform static code analysis on C / C++ code
-- Configured cppcheck include dirs: /workspace/foxy_ws/install/include;$<BUILD_INTERFACE:/workspace/foxy_ws/src/rosidl_typesupport_fastrtps/rosidl_typesupport_fastrtps_c/include>
-- Configured cppcheck exclude dirs and/or files: 
-- Added test 'cpplint' to check C / C++ code against the Google style
-- Configured cpplint exclude dirs and/or files: 
-- Added test 'flake8' to check Python code syntax and style conventions
-- Added test 'lint_cmake' to check CMake code style
-- Added test 'pep257' to check Python code against some of the style conventions in PEP 257
-- Added test 'uncrustify' to check C / C++ code style
-- Configured uncrustify additional arguments: 
-- Added test 'xmllint' to check XML markup files
-- Configuring done
-- Generating done
-- Build files have been written to: /workspace/foxy_ws/build/rosidl_typesupport_fastrtps_c
Scanning dependencies of target rosidl_typesupport_fastrtps_c
Scanning dependencies of target gtest_main
Scanning dependencies of target gtest
[ 15%] Building CXX object CMakeFiles/rosidl_typesupport_fastrtps_c.dir/src/identifier.cpp.o
[ 15%] Building CXX object CMakeFiles/rosidl_typesupport_fastrtps_c.dir/src/wstring_conversion.cpp.o
[ 23%] Building CXX object gtest/CMakeFiles/gtest_main.dir/src/gtest_main.cc.o
[ 30%] Building CXX object gtest/CMakeFiles/gtest.dir/src/gtest-all.cc.o
[ 38%] Linking CXX shared library librosidl_typesupport_fastrtps_c.so
[ 38%] Built target rosidl_typesupport_fastrtps_c
Scanning dependencies of target benchmark_string_conversions
[ 46%] Building CXX object CMakeFiles/benchmark_string_conversions.dir/test/benchmark/benchmark_string_conversions.cpp.o
[ 53%] Linking CXX static library libgtest_main.a
[ 53%] Built target gtest_main
[ 61%] Linking CXX executable benchmark_string_conversions
[ 61%] Built target benchmark_string_conversions
[ 69%] Linking CXX static library libgtest.a
[ 69%] Built target gtest
Scanning dependencies of target test_wstring_conversion
Scanning dependencies of target test_wstring_conversion_mem
[ 76%] Building CXX object CMakeFiles/test_wstring_conversion.dir/test/test_wstring_conversion.cpp.o
[ 84%] Building CXX object CMakeFiles/test_wstring_conversion_mem.dir/test/test_wstring_conversion_mem.cpp.o
[ 92%] Linking CXX executable test_wstring_conversion
[ 92%] Built target test_wstring_conversion
[100%] Linking CXX executable test_wstring_conversion_mem
[100%] Built target test_wstring_conversion_mem
-- Install configuration: ""
-- Installing: /workspace/foxy_ws/install/share/rosidl_typesupport_fastrtps_c/environment/pythonpath.sh
-- Installing: /workspace/foxy_ws/install/share/rosidl_typesupport_fastrtps_c/environment/pythonpath.dsv
-- Installing: /workspace/foxy_ws/install/lib/python3.10/site-packages/rosidl_typesupport_fastrtps_c
-- Installing: /workspace/foxy_ws/install/lib/python3.10/site-packages/rosidl_typesupport_fastrtps_c/__init__.py
Listing '/workspace/foxy_ws/install/lib/python3.10/site-packages/rosidl_typesupport_fastrtps_c'...
Compiling '/workspace/foxy_ws/install/lib/python3.10/site-packages/rosidl_typesupport_fastrtps_c/__init__.py'...
-- Installing: /workspace/foxy_ws/install/share/rosidl_typesupport_fastrtps_c/environment/library_path.sh
-- Installing: /workspace/foxy_ws/install/share/rosidl_typesupport_fastrtps_c/environment/library_path.dsv
-- Installing: /workspace/foxy_ws/install/share/ament_index/resource_index/rosidl_typesupport_c/rosidl_typesupport_fastrtps_c
-- Installing: /workspace/foxy_ws/install/share/ament_index/resource_index/package_run_dependencies/rosidl_typesupport_fastrtps_c
-- Installing: /workspace/foxy_ws/install/share/ament_index/resource_index/parent_prefix_path/rosidl_typesupport_fastrtps_c
-- Installing: /workspace/foxy_ws/install/share/rosidl_typesupport_fastrtps_c/environment/ament_prefix_path.sh
-- Installing: /workspace/foxy_ws/install/share/rosidl_typesupport_fastrtps_c/environment/ament_prefix_path.dsv
-- Installing: /workspace/foxy_ws/install/share/rosidl_typesupport_fastrtps_c/environment/path.sh
-- Installing: /workspace/foxy_ws/install/share/rosidl_typesupport_fastrtps_c/environment/path.dsv
-- Installing: /workspace/foxy_ws/install/share/rosidl_typesupport_fastrtps_c/local_setup.bash
-- Installing: /workspace/foxy_ws/install/share/rosidl_typesupport_fastrtps_c/local_setup.sh
-- Installing: /workspace/foxy_ws/install/share/rosidl_typesupport_fastrtps_c/local_setup.zsh
-- Installing: /workspace/foxy_ws/install/share/rosidl_typesupport_fastrtps_c/local_setup.dsv
-- Installing: /workspace/foxy_ws/install/share/rosidl_typesupport_fastrtps_c/package.dsv
-- Installing: /workspace/foxy_ws/install/share/ament_index/resource_index/packages/rosidl_typesupport_fastrtps_c
-- Installing: /workspace/foxy_ws/install/share/rosidl_typesupport_fastrtps_c/cmake/rosidl_typesupport_fastrtps_cExport.cmake
-- Installing: /workspace/foxy_ws/install/share/rosidl_typesupport_fastrtps_c/cmake/rosidl_typesupport_fastrtps_cExport-noconfig.cmake
-- Installing: /workspace/foxy_ws/install/share/rosidl_typesupport_fastrtps_c/cmake/rosidl_typesupport_fastrtps_c-extras.cmake
-- Installing: /workspace/foxy_ws/install/share/rosidl_typesupport_fastrtps_c/cmake/ament_cmake_export_dependencies-extras.cmake
-- Installing: /workspace/foxy_ws/install/share/rosidl_typesupport_fastrtps_c/cmake/ament_cmake_export_include_directories-extras.cmake
-- Installing: /workspace/foxy_ws/install/share/rosidl_typesupport_fastrtps_c/cmake/ament_cmake_export_libraries-extras.cmake
-- Installing: /workspace/foxy_ws/install/share/rosidl_typesupport_fastrtps_c/cmake/ament_cmake_export_targets-extras.cmake
-- Installing: /workspace/foxy_ws/install/share/rosidl_typesupport_fastrtps_c/cmake/rosidl_typesupport_fastrtps_cConfig.cmake
-- Installing: /workspace/foxy_ws/install/share/rosidl_typesupport_fastrtps_c/cmake/rosidl_typesupport_fastrtps_cConfig-version.cmake
-- Installing: /workspace/foxy_ws/install/share/rosidl_typesupport_fastrtps_c/package.xml
-- Installing: /workspace/foxy_ws/install/lib/rosidl_typesupport_fastrtps_c/rosidl_typesupport_fastrtps_c
-- Up-to-date: /workspace/foxy_ws/install/share/rosidl_typesupport_fastrtps_c/cmake
-- Installing: /workspace/foxy_ws/install/share/rosidl_typesupport_fastrtps_c/cmake/rosidl_typesupport_fastrtps_c_generate_interfaces.cmake
-- Installing: /workspace/foxy_ws/install/share/rosidl_typesupport_fastrtps_c/resource
-- Installing: /workspace/foxy_ws/install/share/rosidl_typesupport_fastrtps_c/resource/msg__type_support_c.cpp.em
-- Installing: /workspace/foxy_ws/install/share/rosidl_typesupport_fastrtps_c/resource/srv__type_support_c.cpp.em
-- Installing: /workspace/foxy_ws/install/share/rosidl_typesupport_fastrtps_c/resource/msg__rosidl_typesupport_fastrtps_c.h.em
-- Installing: /workspace/foxy_ws/install/share/rosidl_typesupport_fastrtps_c/resource/idl__type_support_c.cpp.em
-- Installing: /workspace/foxy_ws/install/share/rosidl_typesupport_fastrtps_c/resource/idl__rosidl_typesupport_fastrtps_c.h.em
-- Installing: /workspace/foxy_ws/install/share/rosidl_typesupport_fastrtps_c/resource/rosidl_typesupport_fastrtps_c__visibility_control.h.in
-- Installing: /workspace/foxy_ws/install/share/rosidl_typesupport_fastrtps_c/resource/srv__rosidl_typesupport_fastrtps_c.h.em
-- Up-to-date: /workspace/foxy_ws/install/include
-- Installing: /workspace/foxy_ws/install/include/rosidl_typesupport_fastrtps_c
-- Installing: /workspace/foxy_ws/install/include/rosidl_typesupport_fastrtps_c/identifier.h
-- Installing: /workspace/foxy_ws/install/include/rosidl_typesupport_fastrtps_c/visibility_control.h
-- Installing: /workspace/foxy_ws/install/include/rosidl_typesupport_fastrtps_c/wstring_conversion.hpp
-- Installing: /workspace/foxy_ws/install/lib/librosidl_typesupport_fastrtps_c.so
-- Set runtime path of "/workspace/foxy_ws/install/lib/librosidl_typesupport_fastrtps_c.so" to ""
