[0.075s] Invoking command in '/workspace/foxy_ws/build/rosidl_typesupport_fastrtps_c': AMENT_PREFIX_PATH=/workspace/foxy_ws/install CMAKE_PREFIX_PATH=/workspace/foxy_ws/install LD_LIBRARY_PATH=/workspace/foxy_ws/install/lib PATH=/workspace/foxy_ws/install/bin:${PATH} PKG_CONFIG_PATH=/workspace/foxy_ws/install/lib/x86_64-linux-gnu/pkgconfig:/workspace/foxy_ws/install/lib/pkgconfig PYTHONPATH=/workspace/foxy_ws/install/lib/python3.10/site-packages /usr/bin/cmake /workspace/foxy_ws/src/rosidl_typesupport_fastrtps/rosidl_typesupport_fastrtps_c -DCMAKE_INSTALL_PREFIX=/workspace/foxy_ws/install
[0.117s] -- The C compiler identification is GNU 9.4.0
[0.159s] -- The CXX compiler identification is GNU 9.4.0
[0.163s] -- Check for working C compiler: /usr/bin/cc
[0.217s] -- Check for working C compiler: /usr/bin/cc -- works
[0.218s] -- Detecting C compiler ABI info
[0.270s] -- Detecting C compiler ABI info - done
[0.280s] -- Detecting C compile features
[0.280s] -- Detecting C compile features - done
[0.282s] -- Check for working CXX compiler: /usr/bin/c++
[0.341s] -- Check for working CXX compiler: /usr/bin/c++ -- works
[0.342s] -- Detecting CXX compiler ABI info
[0.402s] -- Detecting CXX compiler ABI info - done
[0.411s] -- Detecting CXX compile features
[0.412s] -- Detecting CXX compile features - done
[0.413s] -- Found ament_cmake_ros: 0.9.2 (/workspace/foxy_ws/install/share/ament_cmake_ros/cmake)
[0.429s] -- Found PythonInterp: /usr/bin/python3 (found suitable version "3.10.14", minimum required is "3") 
[0.430s] -- Using PYTHON_EXECUTABLE: /usr/bin/python3
[0.573s] -- Found fastrtps_cmake_module: 1.0.4 (/workspace/foxy_ws/install/share/fastrtps_cmake_module/cmake)
[0.583s] -- Found OpenSSL: /usr/lib/x86_64-linux-gnu/libcrypto.so (found version "1.1.1f")  
[0.594s] -- Found FastRTPS: /workspace/foxy_ws/install/include  
[0.594s] -- Found rosidl_runtime_c: 1.3.1 (/workspace/foxy_ws/install/share/rosidl_runtime_c/cmake)
[0.601s] -- Found rosidl_typesupport_fastrtps_cpp: 1.0.4 (/workspace/foxy_ws/install/share/rosidl_typesupport_fastrtps_cpp/cmake)
[0.623s] -- Found rosidl_adapter: 1.3.1 (/workspace/foxy_ws/install/share/rosidl_adapter/cmake)
[0.646s] <string>:1: DeprecationWarning: The distutils package is deprecated and slated for removal in Python 3.12. Use setuptools or check PEP 632 for potential alternatives
[0.647s] <string>:1: DeprecationWarning: The distutils.sysconfig module is deprecated, use sysconfig instead
[0.653s] -- Found ament_lint_auto: 0.9.8 (/workspace/foxy_ws/install/share/ament_lint_auto/cmake)
[0.656s] -- Found performance_test_fixture: 0.0.9 (/workspace/foxy_ws/install/share/performance_test_fixture/cmake)
[0.723s] -- Found gtest sources under '/workspace/foxy_ws/install/src/gtest_vendor': C++ tests using 'Google Test' will be built
[0.725s] -- Looking for pthread.h
[0.790s] -- Looking for pthread.h - found
[0.790s] -- Performing Test CMAKE_HAVE_LIBC_PTHREAD
[0.852s] -- Performing Test CMAKE_HAVE_LIBC_PTHREAD - Failed
[0.852s] -- Check if compiler accepts -pthread
[0.910s] -- Check if compiler accepts -pthread - yes
[0.911s] -- Found Threads: TRUE  
[0.914s] -- Performance tests are disabled by default, so Google Benchmark tests will be skipped. To enable these tests, set the CMake variable 'AMENT_RUN_PERFORMANCE_TESTS'.
[0.920s] -- Added test 'copyright' to check source files copyright and LICENSE
[0.925s] -- Added test 'cppcheck' to perform static code analysis on C / C++ code
[0.925s] -- Configured cppcheck include dirs: /workspace/foxy_ws/install/include;$<BUILD_INTERFACE:/workspace/foxy_ws/src/rosidl_typesupport_fastrtps/rosidl_typesupport_fastrtps_c/include>
[0.925s] -- Configured cppcheck exclude dirs and/or files: 
[0.929s] -- Added test 'cpplint' to check C / C++ code against the Google style
[0.929s] -- Configured cpplint exclude dirs and/or files: 
[0.929s] -- Added test 'flake8' to check Python code syntax and style conventions
[0.931s] -- Added test 'lint_cmake' to check CMake code style
[0.932s] -- Added test 'pep257' to check Python code against some of the style conventions in PEP 257
[0.935s] -- Added test 'uncrustify' to check C / C++ code style
[0.935s] -- Configured uncrustify additional arguments: 
[0.936s] -- Added test 'xmllint' to check XML markup files
[0.940s] -- Configuring done
[0.950s] -- Generating done
[0.951s] -- Build files have been written to: /workspace/foxy_ws/build/rosidl_typesupport_fastrtps_c
[0.956s] Invoked command in '/workspace/foxy_ws/build/rosidl_typesupport_fastrtps_c' returned '0': AMENT_PREFIX_PATH=/workspace/foxy_ws/install CMAKE_PREFIX_PATH=/workspace/foxy_ws/install LD_LIBRARY_PATH=/workspace/foxy_ws/install/lib PATH=/workspace/foxy_ws/install/bin:${PATH} PKG_CONFIG_PATH=/workspace/foxy_ws/install/lib/x86_64-linux-gnu/pkgconfig:/workspace/foxy_ws/install/lib/pkgconfig PYTHONPATH=/workspace/foxy_ws/install/lib/python3.10/site-packages /usr/bin/cmake /workspace/foxy_ws/src/rosidl_typesupport_fastrtps/rosidl_typesupport_fastrtps_c -DCMAKE_INSTALL_PREFIX=/workspace/foxy_ws/install
[0.957s] Invoking command in '/workspace/foxy_ws/build/rosidl_typesupport_fastrtps_c': AMENT_PREFIX_PATH=/workspace/foxy_ws/install CMAKE_PREFIX_PATH=/workspace/foxy_ws/install LD_LIBRARY_PATH=/workspace/foxy_ws/install/lib PATH=/workspace/foxy_ws/install/bin:${PATH} PKG_CONFIG_PATH=/workspace/foxy_ws/install/lib/x86_64-linux-gnu/pkgconfig:/workspace/foxy_ws/install/lib/pkgconfig PYTHONPATH=/workspace/foxy_ws/install/lib/python3.10/site-packages /usr/bin/cmake --build /workspace/foxy_ws/build/rosidl_typesupport_fastrtps_c -- -j12 -l12
[0.992s] Scanning dependencies of target rosidl_typesupport_fastrtps_c
[0.993s] Scanning dependencies of target gtest_main
[0.996s] Scanning dependencies of target gtest
[1.001s] [ 15%] Building CXX object CMakeFiles/rosidl_typesupport_fastrtps_c.dir/src/identifier.cpp.o
[1.001s] [ 15%] Building CXX object CMakeFiles/rosidl_typesupport_fastrtps_c.dir/src/wstring_conversion.cpp.o
[1.002s] [ 23%] Building CXX object gtest/CMakeFiles/gtest_main.dir/src/gtest_main.cc.o
[1.002s] [ 30%] Building CXX object gtest/CMakeFiles/gtest.dir/src/gtest-all.cc.o
[1.132s] [ 38%] Linking CXX shared library librosidl_typesupport_fastrtps_c.so
[1.180s] [ 38%] Built target rosidl_typesupport_fastrtps_c
[1.189s] Scanning dependencies of target benchmark_string_conversions
[1.196s] [ 46%] Building CXX object CMakeFiles/benchmark_string_conversions.dir/test/benchmark/benchmark_string_conversions.cpp.o
[1.553s] [ 53%] Linking CXX static library libgtest_main.a
[1.580s] [ 53%] Built target gtest_main
[1.800s] [ 61%] Linking CXX executable benchmark_string_conversions
[1.863s] [ 61%] Built target benchmark_string_conversions
[3.342s] [ 69%] Linking CXX static library libgtest.a
[3.390s] [ 69%] Built target gtest
[3.402s] Scanning dependencies of target test_wstring_conversion
[3.403s] Scanning dependencies of target test_wstring_conversion_mem
[3.409s] [ 76%] Building CXX object CMakeFiles/test_wstring_conversion.dir/test/test_wstring_conversion.cpp.o
[3.411s] [ 84%] Building CXX object CMakeFiles/test_wstring_conversion_mem.dir/test/test_wstring_conversion_mem.cpp.o
[3.993s] [ 92%] Linking CXX executable test_wstring_conversion
[4.088s] [ 92%] Built target test_wstring_conversion
[4.233s] [100%] Linking CXX executable test_wstring_conversion_mem
[4.330s] [100%] Built target test_wstring_conversion_mem
[4.337s] Invoked command in '/workspace/foxy_ws/build/rosidl_typesupport_fastrtps_c' returned '0': AMENT_PREFIX_PATH=/workspace/foxy_ws/install CMAKE_PREFIX_PATH=/workspace/foxy_ws/install LD_LIBRARY_PATH=/workspace/foxy_ws/install/lib PATH=/workspace/foxy_ws/install/bin:${PATH} PKG_CONFIG_PATH=/workspace/foxy_ws/install/lib/x86_64-linux-gnu/pkgconfig:/workspace/foxy_ws/install/lib/pkgconfig PYTHONPATH=/workspace/foxy_ws/install/lib/python3.10/site-packages /usr/bin/cmake --build /workspace/foxy_ws/build/rosidl_typesupport_fastrtps_c -- -j12 -l12
[4.356s] Invoking command in '/workspace/foxy_ws/build/rosidl_typesupport_fastrtps_c': AMENT_PREFIX_PATH=/workspace/foxy_ws/install CMAKE_PREFIX_PATH=/workspace/foxy_ws/install LD_LIBRARY_PATH=/workspace/foxy_ws/install/lib PATH=/workspace/foxy_ws/install/bin:${PATH} PKG_CONFIG_PATH=/workspace/foxy_ws/install/lib/x86_64-linux-gnu/pkgconfig:/workspace/foxy_ws/install/lib/pkgconfig PYTHONPATH=/workspace/foxy_ws/install/lib/python3.10/site-packages /usr/bin/cmake --install /workspace/foxy_ws/build/rosidl_typesupport_fastrtps_c
[4.363s] -- Install configuration: ""
[4.363s] -- Installing: /workspace/foxy_ws/install/share/rosidl_typesupport_fastrtps_c/environment/pythonpath.sh
[4.364s] -- Installing: /workspace/foxy_ws/install/share/rosidl_typesupport_fastrtps_c/environment/pythonpath.dsv
[4.364s] -- Installing: /workspace/foxy_ws/install/lib/python3.10/site-packages/rosidl_typesupport_fastrtps_c
[4.364s] -- Installing: /workspace/foxy_ws/install/lib/python3.10/site-packages/rosidl_typesupport_fastrtps_c/__init__.py
[4.395s] Listing '/workspace/foxy_ws/install/lib/python3.10/site-packages/rosidl_typesupport_fastrtps_c'...
[4.395s] Compiling '/workspace/foxy_ws/install/lib/python3.10/site-packages/rosidl_typesupport_fastrtps_c/__init__.py'...
[4.399s] -- Installing: /workspace/foxy_ws/install/share/rosidl_typesupport_fastrtps_c/environment/library_path.sh
[4.400s] -- Installing: /workspace/foxy_ws/install/share/rosidl_typesupport_fastrtps_c/environment/library_path.dsv
[4.400s] -- Installing: /workspace/foxy_ws/install/share/ament_index/resource_index/rosidl_typesupport_c/rosidl_typesupport_fastrtps_c
[4.400s] -- Installing: /workspace/foxy_ws/install/share/ament_index/resource_index/package_run_dependencies/rosidl_typesupport_fastrtps_c
[4.400s] -- Installing: /workspace/foxy_ws/install/share/ament_index/resource_index/parent_prefix_path/rosidl_typesupport_fastrtps_c
[4.400s] -- Installing: /workspace/foxy_ws/install/share/rosidl_typesupport_fastrtps_c/environment/ament_prefix_path.sh
[4.400s] -- Installing: /workspace/foxy_ws/install/share/rosidl_typesupport_fastrtps_c/environment/ament_prefix_path.dsv
[4.400s] -- Installing: /workspace/foxy_ws/install/share/rosidl_typesupport_fastrtps_c/environment/path.sh
[4.401s] -- Installing: /workspace/foxy_ws/install/share/rosidl_typesupport_fastrtps_c/environment/path.dsv
[4.401s] -- Installing: /workspace/foxy_ws/install/share/rosidl_typesupport_fastrtps_c/local_setup.bash
[4.401s] -- Installing: /workspace/foxy_ws/install/share/rosidl_typesupport_fastrtps_c/local_setup.sh
[4.401s] -- Installing: /workspace/foxy_ws/install/share/rosidl_typesupport_fastrtps_c/local_setup.zsh
[4.401s] -- Installing: /workspace/foxy_ws/install/share/rosidl_typesupport_fastrtps_c/local_setup.dsv
[4.402s] -- Installing: /workspace/foxy_ws/install/share/rosidl_typesupport_fastrtps_c/package.dsv
[4.402s] -- Installing: /workspace/foxy_ws/install/share/ament_index/resource_index/packages/rosidl_typesupport_fastrtps_c
[4.402s] -- Installing: /workspace/foxy_ws/install/share/rosidl_typesupport_fastrtps_c/cmake/rosidl_typesupport_fastrtps_cExport.cmake
[4.402s] -- Installing: /workspace/foxy_ws/install/share/rosidl_typesupport_fastrtps_c/cmake/rosidl_typesupport_fastrtps_cExport-noconfig.cmake
[4.402s] -- Installing: /workspace/foxy_ws/install/share/rosidl_typesupport_fastrtps_c/cmake/rosidl_typesupport_fastrtps_c-extras.cmake
[4.402s] -- Installing: /workspace/foxy_ws/install/share/rosidl_typesupport_fastrtps_c/cmake/ament_cmake_export_dependencies-extras.cmake
[4.403s] -- Installing: /workspace/foxy_ws/install/share/rosidl_typesupport_fastrtps_c/cmake/ament_cmake_export_include_directories-extras.cmake
[4.403s] -- Installing: /workspace/foxy_ws/install/share/rosidl_typesupport_fastrtps_c/cmake/ament_cmake_export_libraries-extras.cmake
[4.403s] -- Installing: /workspace/foxy_ws/install/share/rosidl_typesupport_fastrtps_c/cmake/ament_cmake_export_targets-extras.cmake
[4.403s] -- Installing: /workspace/foxy_ws/install/share/rosidl_typesupport_fastrtps_c/cmake/rosidl_typesupport_fastrtps_cConfig.cmake
[4.403s] -- Installing: /workspace/foxy_ws/install/share/rosidl_typesupport_fastrtps_c/cmake/rosidl_typesupport_fastrtps_cConfig-version.cmake
[4.403s] -- Installing: /workspace/foxy_ws/install/share/rosidl_typesupport_fastrtps_c/package.xml
[4.404s] -- Installing: /workspace/foxy_ws/install/lib/rosidl_typesupport_fastrtps_c/rosidl_typesupport_fastrtps_c
[4.404s] -- Up-to-date: /workspace/foxy_ws/install/share/rosidl_typesupport_fastrtps_c/cmake
[4.404s] -- Installing: /workspace/foxy_ws/install/share/rosidl_typesupport_fastrtps_c/cmake/rosidl_typesupport_fastrtps_c_generate_interfaces.cmake
[4.404s] -- Installing: /workspace/foxy_ws/install/share/rosidl_typesupport_fastrtps_c/resource
[4.404s] -- Installing: /workspace/foxy_ws/install/share/rosidl_typesupport_fastrtps_c/resource/msg__type_support_c.cpp.em
[4.405s] -- Installing: /workspace/foxy_ws/install/share/rosidl_typesupport_fastrtps_c/resource/srv__type_support_c.cpp.em
[4.405s] -- Installing: /workspace/foxy_ws/install/share/rosidl_typesupport_fastrtps_c/resource/msg__rosidl_typesupport_fastrtps_c.h.em
[4.405s] -- Installing: /workspace/foxy_ws/install/share/rosidl_typesupport_fastrtps_c/resource/idl__type_support_c.cpp.em
[4.405s] -- Installing: /workspace/foxy_ws/install/share/rosidl_typesupport_fastrtps_c/resource/idl__rosidl_typesupport_fastrtps_c.h.em
[4.405s] -- Installing: /workspace/foxy_ws/install/share/rosidl_typesupport_fastrtps_c/resource/rosidl_typesupport_fastrtps_c__visibility_control.h.in
[4.406s] -- Installing: /workspace/foxy_ws/install/share/rosidl_typesupport_fastrtps_c/resource/srv__rosidl_typesupport_fastrtps_c.h.em
[4.406s] -- Up-to-date: /workspace/foxy_ws/install/include
[4.406s] -- Installing: /workspace/foxy_ws/install/include/rosidl_typesupport_fastrtps_c
[4.406s] -- Installing: /workspace/foxy_ws/install/include/rosidl_typesupport_fastrtps_c/identifier.h
[4.406s] -- Installing: /workspace/foxy_ws/install/include/rosidl_typesupport_fastrtps_c/visibility_control.h
[4.406s] -- Installing: /workspace/foxy_ws/install/include/rosidl_typesupport_fastrtps_c/wstring_conversion.hpp
[4.407s] -- Installing: /workspace/foxy_ws/install/lib/librosidl_typesupport_fastrtps_c.so
[4.407s] -- Set runtime path of "/workspace/foxy_ws/install/lib/librosidl_typesupport_fastrtps_c.so" to ""
[4.409s] Invoked command in '/workspace/foxy_ws/build/rosidl_typesupport_fastrtps_c' returned '0': AMENT_PREFIX_PATH=/workspace/foxy_ws/install CMAKE_PREFIX_PATH=/workspace/foxy_ws/install LD_LIBRARY_PATH=/workspace/foxy_ws/install/lib PATH=/workspace/foxy_ws/install/bin:${PATH} PKG_CONFIG_PATH=/workspace/foxy_ws/install/lib/x86_64-linux-gnu/pkgconfig:/workspace/foxy_ws/install/lib/pkgconfig PYTHONPATH=/workspace/foxy_ws/install/lib/python3.10/site-packages /usr/bin/cmake --install /workspace/foxy_ws/build/rosidl_typesupport_fastrtps_c
