-- The C compiler identification is GNU 9.4.0
-- The CXX compiler identification is GNU 9.4.0
-- Check for working C compiler: /usr/bin/cc
-- Check for working C compiler: /usr/bin/cc -- works
-- Detecting C compiler ABI info
-- Detecting C compiler ABI info - done
-- Detecting C compile features
-- Detecting C compile features - done
-- Check for working CXX compiler: /usr/bin/c++
-- Check for working CXX compiler: /usr/bin/c++ -- works
-- Detecting CXX compiler ABI info
-- Detecting CXX compiler ABI info - done
-- Detecting CXX compile features
-- Detecting CXX compile features - done
-- Found ament_cmake: 0.9.12 (/workspace/foxy_ws/install/share/ament_cmake/cmake)
-- Found PythonInterp: /usr/bin/python3 (found suitable version "3.10.14", minimum required is "3") 
-- Using PYTHON_EXECUTABLE: /usr/bin/python3
-- Found builtin_interfaces: 1.0.0 (/workspace/foxy_ws/install/share/builtin_interfaces/cmake)
-- Using all available rosidl_typesupport_c: rosidl_typesupport_fastrtps_c;rosidl_typesupport_introspection_c
-- Found rosidl_adapter: 1.3.1 (/workspace/foxy_ws/install/share/rosidl_adapter/cmake)
-- Found OpenSSL: /usr/lib/x86_64-linux-gnu/libcrypto.so (found version "1.1.1f")  
-- Found FastRTPS: /workspace/foxy_ws/install/include  
-- Using all available rosidl_typesupport_cpp: rosidl_typesupport_fastrtps_cpp;rosidl_typesupport_introspection_cpp
-- Found rosidl_default_generators: 1.0.1 (/workspace/foxy_ws/install/share/rosidl_default_generators/cmake)
-- Found PythonInterp: /usr/bin/python3 (found version "3.10.14") 
-- Found ament_cmake_cppcheck: 0.9.8 (/workspace/foxy_ws/install/share/ament_cmake_cppcheck/cmake)
-- Found ament_cmake_cpplint: 0.9.8 (/workspace/foxy_ws/install/share/ament_cmake_cpplint/cmake)
-- Found ament_cmake_uncrustify: 0.9.8 (/workspace/foxy_ws/install/share/ament_cmake_uncrustify/cmake)
-- Found ament_cmake_ros: 0.9.2 (/workspace/foxy_ws/install/share/ament_cmake_ros/cmake)
-- Using all available rosidl_typesupport_c: rosidl_typesupport_fastrtps_c;rosidl_typesupport_introspection_c
-- Using all available rosidl_typesupport_cpp: rosidl_typesupport_fastrtps_cpp;rosidl_typesupport_introspection_cpp
-- Found PythonInterp: /usr/bin/python3 (found suitable version "3.10.14", minimum required is "3.5") 
-- Found python_cmake_module: 0.8.1 (/workspace/foxy_ws/install/share/python_cmake_module/cmake)
-- Found PythonLibs: /usr/lib/x86_64-linux-gnu/libpython3.10.so (found suitable version "3.10.14", minimum required is "3.5") 
-- Using PYTHON_EXECUTABLE: /usr/bin/python3
-- Using PYTHON_INCLUDE_DIRS: /usr/include/python3.10
-- Using PYTHON_LIBRARIES: /usr/lib/x86_64-linux-gnu/libpython3.10.so
-- Found PythonExtra: .so  
<string>:1: DeprecationWarning: The distutils package is deprecated and slated for removal in Python 3.12. Use setuptools or check PEP 632 for potential alternatives
<string>:1: DeprecationWarning: The distutils.sysconfig module is deprecated, use sysconfig instead
-- Using numpy include directory: /usr/local/lib/python3.10/dist-packages/numpy/core/include
-- Found ament_cmake_flake8: 0.9.8 (/workspace/foxy_ws/install/share/ament_cmake_flake8/cmake)
-- Found ament_cmake_pep257: 0.9.8 (/workspace/foxy_ws/install/share/ament_cmake_pep257/cmake)
-- Configuring done
-- Generating done
-- Build files have been written to: /workspace/foxy_ws/build/rosgraph_msgs
[  3%] Generating C code for ROS interfaces
Scanning dependencies of target rosgraph_msgs__cpp
[  6%] Generating C++ code for ROS interfaces
[  6%] Built target rosgraph_msgs__cpp
Scanning dependencies of target rosgraph_msgs__rosidl_generator_c
[  9%] Generating C++ type support for eProsima Fast-RTPS
[ 12%] Building C object CMakeFiles/rosgraph_msgs__rosidl_generator_c.dir/rosidl_generator_c/rosgraph_msgs/msg/detail/clock__functions.c.o
[ 16%] Linking C shared library librosgraph_msgs__rosidl_generator_c.so
[ 16%] Built target rosgraph_msgs__rosidl_generator_c
[ 19%] Generating C++ introspection for ROS interfaces
Scanning dependencies of target rosgraph_msgs__rosidl_typesupport_fastrtps_cpp
[ 22%] Building CXX object CMakeFiles/rosgraph_msgs__rosidl_typesupport_fastrtps_cpp.dir/rosidl_typesupport_fastrtps_cpp/rosgraph_msgs/msg/detail/dds_fastrtps/clock__type_support.cpp.o
Scanning dependencies of target rosgraph_msgs__rosidl_typesupport_introspection_cpp
[ 25%] Building CXX object CMakeFiles/rosgraph_msgs__rosidl_typesupport_introspection_cpp.dir/rosidl_typesupport_introspection_cpp/rosgraph_msgs/msg/detail/clock__type_support.cpp.o
[ 29%] Linking CXX shared library librosgraph_msgs__rosidl_typesupport_fastrtps_cpp.so
[ 32%] Linking CXX shared library librosgraph_msgs__rosidl_typesupport_introspection_cpp.so
[ 32%] Built target rosgraph_msgs__rosidl_typesupport_introspection_cpp
[ 35%] Generating C type support dispatch for ROS interfaces
[ 35%] Built target rosgraph_msgs__rosidl_typesupport_fastrtps_cpp
[ 38%] Generating C introspection for ROS interfaces
Scanning dependencies of target rosgraph_msgs__rosidl_typesupport_c
Scanning dependencies of target rosgraph_msgs__rosidl_typesupport_introspection_c
[ 41%] Building CXX object CMakeFiles/rosgraph_msgs__rosidl_typesupport_c.dir/rosidl_typesupport_c/rosgraph_msgs/msg/clock__type_support.cpp.o
[ 45%] Building C object CMakeFiles/rosgraph_msgs__rosidl_typesupport_introspection_c.dir/rosidl_typesupport_introspection_c/rosgraph_msgs/msg/detail/clock__type_support.c.o
[ 48%] Linking CXX shared library librosgraph_msgs__rosidl_typesupport_c.so
[ 51%] Linking C shared library librosgraph_msgs__rosidl_typesupport_introspection_c.so
[ 51%] Built target rosgraph_msgs__rosidl_typesupport_introspection_c
[ 51%] Built target rosgraph_msgs__rosidl_typesupport_c
[ 54%] Generating C++ type support dispatch for ROS interfaces
[ 58%] Generating C type support for eProsima Fast-RTPS
Scanning dependencies of target rosgraph_msgs__rosidl_typesupport_cpp
[ 61%] Building CXX object CMakeFiles/rosgraph_msgs__rosidl_typesupport_cpp.dir/rosidl_typesupport_cpp/rosgraph_msgs/msg/clock__type_support.cpp.o
Scanning dependencies of target rosgraph_msgs__rosidl_typesupport_fastrtps_c
[ 64%] Building CXX object CMakeFiles/rosgraph_msgs__rosidl_typesupport_fastrtps_c.dir/rosidl_typesupport_fastrtps_c/rosgraph_msgs/msg/detail/clock__type_support_c.cpp.o
[ 67%] Linking CXX shared library librosgraph_msgs__rosidl_typesupport_cpp.so
[ 67%] Built target rosgraph_msgs__rosidl_typesupport_cpp
[ 70%] Linking CXX shared library librosgraph_msgs__rosidl_typesupport_fastrtps_c.so
[ 70%] Built target rosgraph_msgs__rosidl_typesupport_fastrtps_c
Scanning dependencies of target rosgraph_msgs
[ 70%] Built target rosgraph_msgs
Scanning dependencies of target rosgraph_msgs__py
[ 74%] Generating Python code for ROS interfaces
[ 74%] Built target rosgraph_msgs__py
Scanning dependencies of target rosgraph_msgs__python
[ 77%] Building C object CMakeFiles/rosgraph_msgs__python.dir/rosidl_generator_py/rosgraph_msgs/msg/_clock_s.c.o
[ 80%] Linking C shared library rosidl_generator_py/rosgraph_msgs/librosgraph_msgs__python.so
[ 80%] Built target rosgraph_msgs__python
Scanning dependencies of target rosgraph_msgs__rosidl_typesupport_introspection_c__pyext
[ 83%] Building C object CMakeFiles/rosgraph_msgs__rosidl_typesupport_introspection_c__pyext.dir/rosidl_generator_py/rosgraph_msgs/_rosgraph_msgs_s.ep.rosidl_typesupport_introspection_c.c.o
[ 87%] Linking C shared library rosidl_generator_py/rosgraph_msgs/rosgraph_msgs_s__rosidl_typesupport_introspection_c.cpython-310-x86_64-linux-gnu.so
[ 87%] Built target rosgraph_msgs__rosidl_typesupport_introspection_c__pyext
Scanning dependencies of target rosgraph_msgs__rosidl_typesupport_c__pyext
[ 90%] Building C object CMakeFiles/rosgraph_msgs__rosidl_typesupport_c__pyext.dir/rosidl_generator_py/rosgraph_msgs/_rosgraph_msgs_s.ep.rosidl_typesupport_c.c.o
[ 93%] Linking C shared library rosidl_generator_py/rosgraph_msgs/rosgraph_msgs_s__rosidl_typesupport_c.cpython-310-x86_64-linux-gnu.so
[ 93%] Built target rosgraph_msgs__rosidl_typesupport_c__pyext
Scanning dependencies of target rosgraph_msgs__rosidl_typesupport_fastrtps_c__pyext
[ 96%] Building C object CMakeFiles/rosgraph_msgs__rosidl_typesupport_fastrtps_c__pyext.dir/rosidl_generator_py/rosgraph_msgs/_rosgraph_msgs_s.ep.rosidl_typesupport_fastrtps_c.c.o
[100%] Linking CXX shared library rosidl_generator_py/rosgraph_msgs/rosgraph_msgs_s__rosidl_typesupport_fastrtps_c.cpython-310-x86_64-linux-gnu.so
[100%] Built target rosgraph_msgs__rosidl_typesupport_fastrtps_c__pyext
-- Install configuration: ""
-- Installing: /workspace/foxy_ws/install/share/ament_index/resource_index/rosidl_interfaces/rosgraph_msgs
-- Installing: /workspace/foxy_ws/install/include/rosgraph_msgs
-- Installing: /workspace/foxy_ws/install/include/rosgraph_msgs/msg
-- Installing: /workspace/foxy_ws/install/include/rosgraph_msgs/msg/clock.h
-- Installing: /workspace/foxy_ws/install/include/rosgraph_msgs/msg/rosidl_generator_c__visibility_control.h
-- Installing: /workspace/foxy_ws/install/include/rosgraph_msgs/msg/detail
-- Installing: /workspace/foxy_ws/install/include/rosgraph_msgs/msg/detail/clock__functions.h
-- Installing: /workspace/foxy_ws/install/include/rosgraph_msgs/msg/detail/clock__type_support.h
-- Installing: /workspace/foxy_ws/install/include/rosgraph_msgs/msg/detail/clock__functions.c
-- Installing: /workspace/foxy_ws/install/include/rosgraph_msgs/msg/detail/clock__struct.h
-- Installing: /workspace/foxy_ws/install/share/rosgraph_msgs/environment/library_path.sh
-- Installing: /workspace/foxy_ws/install/share/rosgraph_msgs/environment/library_path.dsv
-- Installing: /workspace/foxy_ws/install/lib/librosgraph_msgs__rosidl_generator_c.so
-- Set runtime path of "/workspace/foxy_ws/install/lib/librosgraph_msgs__rosidl_generator_c.so" to ""
-- Up-to-date: /workspace/foxy_ws/install/include/rosgraph_msgs
-- Up-to-date: /workspace/foxy_ws/install/include/rosgraph_msgs/msg
-- Installing: /workspace/foxy_ws/install/include/rosgraph_msgs/msg/rosidl_typesupport_fastrtps_c__visibility_control.h
-- Up-to-date: /workspace/foxy_ws/install/include/rosgraph_msgs/msg/detail
-- Installing: /workspace/foxy_ws/install/include/rosgraph_msgs/msg/detail/clock__rosidl_typesupport_fastrtps_c.h
-- Installing: /workspace/foxy_ws/install/lib/librosgraph_msgs__rosidl_typesupport_fastrtps_c.so
-- Set runtime path of "/workspace/foxy_ws/install/lib/librosgraph_msgs__rosidl_typesupport_fastrtps_c.so" to ""
-- Up-to-date: /workspace/foxy_ws/install/include/rosgraph_msgs
-- Up-to-date: /workspace/foxy_ws/install/include/rosgraph_msgs/msg
-- Installing: /workspace/foxy_ws/install/include/rosgraph_msgs/msg/rosidl_typesupport_fastrtps_cpp__visibility_control.h
-- Up-to-date: /workspace/foxy_ws/install/include/rosgraph_msgs/msg/detail
-- Installing: /workspace/foxy_ws/install/include/rosgraph_msgs/msg/detail/clock__rosidl_typesupport_fastrtps_cpp.hpp
-- Installing: /workspace/foxy_ws/install/include/rosgraph_msgs/msg/detail/dds_fastrtps
-- Installing: /workspace/foxy_ws/install/lib/librosgraph_msgs__rosidl_typesupport_fastrtps_cpp.so
-- Set runtime path of "/workspace/foxy_ws/install/lib/librosgraph_msgs__rosidl_typesupport_fastrtps_cpp.so" to ""
-- Up-to-date: /workspace/foxy_ws/install/include/rosgraph_msgs
-- Up-to-date: /workspace/foxy_ws/install/include/rosgraph_msgs/msg
-- Installing: /workspace/foxy_ws/install/include/rosgraph_msgs/msg/rosidl_typesupport_introspection_c__visibility_control.h
-- Up-to-date: /workspace/foxy_ws/install/include/rosgraph_msgs/msg/detail
-- Installing: /workspace/foxy_ws/install/include/rosgraph_msgs/msg/detail/clock__type_support.c
-- Installing: /workspace/foxy_ws/install/include/rosgraph_msgs/msg/detail/clock__rosidl_typesupport_introspection_c.h
-- Installing: /workspace/foxy_ws/install/lib/librosgraph_msgs__rosidl_typesupport_introspection_c.so
-- Set runtime path of "/workspace/foxy_ws/install/lib/librosgraph_msgs__rosidl_typesupport_introspection_c.so" to ""
-- Installing: /workspace/foxy_ws/install/lib/librosgraph_msgs__rosidl_typesupport_c.so
-- Set runtime path of "/workspace/foxy_ws/install/lib/librosgraph_msgs__rosidl_typesupport_c.so" to ""
-- Up-to-date: /workspace/foxy_ws/install/include/rosgraph_msgs
-- Up-to-date: /workspace/foxy_ws/install/include/rosgraph_msgs/msg
-- Installing: /workspace/foxy_ws/install/include/rosgraph_msgs/msg/rosidl_generator_cpp__visibility_control.hpp
-- Installing: /workspace/foxy_ws/install/include/rosgraph_msgs/msg/clock.hpp
-- Up-to-date: /workspace/foxy_ws/install/include/rosgraph_msgs/msg/detail
-- Installing: /workspace/foxy_ws/install/include/rosgraph_msgs/msg/detail/clock__traits.hpp
-- Installing: /workspace/foxy_ws/install/include/rosgraph_msgs/msg/detail/clock__type_support.hpp
-- Installing: /workspace/foxy_ws/install/include/rosgraph_msgs/msg/detail/clock__struct.hpp
-- Installing: /workspace/foxy_ws/install/include/rosgraph_msgs/msg/detail/clock__builder.hpp
-- Up-to-date: /workspace/foxy_ws/install/include/rosgraph_msgs
-- Up-to-date: /workspace/foxy_ws/install/include/rosgraph_msgs/msg
-- Up-to-date: /workspace/foxy_ws/install/include/rosgraph_msgs/msg/detail
-- Installing: /workspace/foxy_ws/install/include/rosgraph_msgs/msg/detail/clock__rosidl_typesupport_introspection_cpp.hpp
-- Installing: /workspace/foxy_ws/install/include/rosgraph_msgs/msg/detail/clock__type_support.cpp
-- Installing: /workspace/foxy_ws/install/lib/librosgraph_msgs__rosidl_typesupport_introspection_cpp.so
-- Set runtime path of "/workspace/foxy_ws/install/lib/librosgraph_msgs__rosidl_typesupport_introspection_cpp.so" to ""
-- Installing: /workspace/foxy_ws/install/lib/librosgraph_msgs__rosidl_typesupport_cpp.so
-- Set runtime path of "/workspace/foxy_ws/install/lib/librosgraph_msgs__rosidl_typesupport_cpp.so" to ""
-- Installing: /workspace/foxy_ws/install/share/rosgraph_msgs/environment/pythonpath.sh
-- Installing: /workspace/foxy_ws/install/share/rosgraph_msgs/environment/pythonpath.dsv
-- Installing: /workspace/foxy_ws/install/lib/python3.10/site-packages/rosgraph_msgs/__init__.py
Compiling '/workspace/foxy_ws/install/lib/python3.10/site-packages/rosgraph_msgs/__init__.py'...
-- Installing: /workspace/foxy_ws/install/lib/python3.10/site-packages/rosgraph_msgs/msg
-- Installing: /workspace/foxy_ws/install/lib/python3.10/site-packages/rosgraph_msgs/msg/_clock_s.c
-- Installing: /workspace/foxy_ws/install/lib/python3.10/site-packages/rosgraph_msgs/msg/_clock.py
-- Installing: /workspace/foxy_ws/install/lib/python3.10/site-packages/rosgraph_msgs/msg/__init__.py
-- Installing: /workspace/foxy_ws/install/lib/python3.10/site-packages/rosgraph_msgs/rosgraph_msgs_s__rosidl_typesupport_fastrtps_c.cpython-310-x86_64-linux-gnu.so
-- Set runtime path of "/workspace/foxy_ws/install/lib/python3.10/site-packages/rosgraph_msgs/rosgraph_msgs_s__rosidl_typesupport_fastrtps_c.cpython-310-x86_64-linux-gnu.so" to ""
-- Installing: /workspace/foxy_ws/install/lib/python3.10/site-packages/rosgraph_msgs/rosgraph_msgs_s__rosidl_typesupport_introspection_c.cpython-310-x86_64-linux-gnu.so
-- Set runtime path of "/workspace/foxy_ws/install/lib/python3.10/site-packages/rosgraph_msgs/rosgraph_msgs_s__rosidl_typesupport_introspection_c.cpython-310-x86_64-linux-gnu.so" to ""
-- Installing: /workspace/foxy_ws/install/lib/python3.10/site-packages/rosgraph_msgs/rosgraph_msgs_s__rosidl_typesupport_c.cpython-310-x86_64-linux-gnu.so
-- Set runtime path of "/workspace/foxy_ws/install/lib/python3.10/site-packages/rosgraph_msgs/rosgraph_msgs_s__rosidl_typesupport_c.cpython-310-x86_64-linux-gnu.so" to ""
-- Installing: /workspace/foxy_ws/install/lib/librosgraph_msgs__python.so
-- Set runtime path of "/workspace/foxy_ws/install/lib/librosgraph_msgs__python.so" to ""
-- Installing: /workspace/foxy_ws/install/share/rosgraph_msgs/msg/Clock.idl
-- Installing: /workspace/foxy_ws/install/share/rosgraph_msgs/msg/Clock.msg
-- Installing: /workspace/foxy_ws/install/share/ament_index/resource_index/package_run_dependencies/rosgraph_msgs
-- Installing: /workspace/foxy_ws/install/share/ament_index/resource_index/parent_prefix_path/rosgraph_msgs
-- Installing: /workspace/foxy_ws/install/share/rosgraph_msgs/environment/ament_prefix_path.sh
-- Installing: /workspace/foxy_ws/install/share/rosgraph_msgs/environment/ament_prefix_path.dsv
-- Installing: /workspace/foxy_ws/install/share/rosgraph_msgs/environment/path.sh
-- Installing: /workspace/foxy_ws/install/share/rosgraph_msgs/environment/path.dsv
-- Installing: /workspace/foxy_ws/install/share/rosgraph_msgs/local_setup.bash
-- Installing: /workspace/foxy_ws/install/share/rosgraph_msgs/local_setup.sh
-- Installing: /workspace/foxy_ws/install/share/rosgraph_msgs/local_setup.zsh
-- Installing: /workspace/foxy_ws/install/share/rosgraph_msgs/local_setup.dsv
-- Installing: /workspace/foxy_ws/install/share/rosgraph_msgs/package.dsv
-- Installing: /workspace/foxy_ws/install/share/ament_index/resource_index/packages/rosgraph_msgs
-- Installing: /workspace/foxy_ws/install/share/rosgraph_msgs/cmake/rosgraph_msgs__rosidl_generator_cExport.cmake
-- Installing: /workspace/foxy_ws/install/share/rosgraph_msgs/cmake/rosgraph_msgs__rosidl_generator_cExport-noconfig.cmake
-- Installing: /workspace/foxy_ws/install/share/rosgraph_msgs/cmake/rosgraph_msgs__rosidl_typesupport_introspection_cExport.cmake
-- Installing: /workspace/foxy_ws/install/share/rosgraph_msgs/cmake/rosgraph_msgs__rosidl_typesupport_introspection_cExport-noconfig.cmake
-- Installing: /workspace/foxy_ws/install/share/rosgraph_msgs/cmake/rosgraph_msgs__rosidl_typesupport_cExport.cmake
-- Installing: /workspace/foxy_ws/install/share/rosgraph_msgs/cmake/rosgraph_msgs__rosidl_typesupport_cExport-noconfig.cmake
-- Installing: /workspace/foxy_ws/install/share/rosgraph_msgs/cmake/rosgraph_msgs__rosidl_generator_cppExport.cmake
-- Installing: /workspace/foxy_ws/install/share/rosgraph_msgs/cmake/rosgraph_msgs__rosidl_typesupport_introspection_cppExport.cmake
-- Installing: /workspace/foxy_ws/install/share/rosgraph_msgs/cmake/rosgraph_msgs__rosidl_typesupport_introspection_cppExport-noconfig.cmake
-- Installing: /workspace/foxy_ws/install/share/rosgraph_msgs/cmake/rosgraph_msgs__rosidl_typesupport_cppExport.cmake
-- Installing: /workspace/foxy_ws/install/share/rosgraph_msgs/cmake/rosgraph_msgs__rosidl_typesupport_cppExport-noconfig.cmake
-- Installing: /workspace/foxy_ws/install/share/rosgraph_msgs/cmake/rosidl_cmake-extras.cmake
-- Installing: /workspace/foxy_ws/install/share/rosgraph_msgs/cmake/ament_cmake_export_dependencies-extras.cmake
-- Installing: /workspace/foxy_ws/install/share/rosgraph_msgs/cmake/ament_cmake_export_libraries-extras.cmake
-- Installing: /workspace/foxy_ws/install/share/rosgraph_msgs/cmake/ament_cmake_export_targets-extras.cmake
-- Installing: /workspace/foxy_ws/install/share/rosgraph_msgs/cmake/ament_cmake_export_include_directories-extras.cmake
-- Installing: /workspace/foxy_ws/install/share/rosgraph_msgs/cmake/rosidl_cmake_export_typesupport_libraries-extras.cmake
-- Installing: /workspace/foxy_ws/install/share/rosgraph_msgs/cmake/rosidl_cmake_export_typesupport_targets-extras.cmake
-- Installing: /workspace/foxy_ws/install/share/rosgraph_msgs/cmake/rosgraph_msgsConfig.cmake
-- Installing: /workspace/foxy_ws/install/share/rosgraph_msgs/cmake/rosgraph_msgsConfig-version.cmake
-- Installing: /workspace/foxy_ws/install/share/rosgraph_msgs/package.xml
