[0.157s] Invoking command in '/workspace/foxy_ws/build/rosgraph_msgs': AMENT_PREFIX_PATH=/workspace/foxy_ws/install CMAKE_PREFIX_PATH=/workspace/foxy_ws/install LD_LIBRARY_PATH=/workspace/foxy_ws/install/lib PATH=/workspace/foxy_ws/install/bin:${PATH} PKG_CONFIG_PATH=/workspace/foxy_ws/install/lib/x86_64-linux-gnu/pkgconfig:/workspace/foxy_ws/install/lib/pkgconfig PYTHONPATH=/workspace/foxy_ws/install/lib/python3.10/site-packages /usr/bin/cmake /workspace/foxy_ws/src/rcl_interfaces/rosgraph_msgs -DCMAKE_INSTALL_PREFIX=/workspace/foxy_ws/install
[0.208s] -- The C compiler identification is GNU 9.4.0
[0.269s] -- The CXX compiler identification is GNU 9.4.0
[0.272s] -- Check for working C compiler: /usr/bin/cc
[0.358s] -- Check for working C compiler: /usr/bin/cc -- works
[0.359s] -- Detecting C compiler ABI info
[0.439s] -- Detecting C compiler ABI info - done
[0.453s] -- Detecting C compile features
[0.453s] -- Detecting C compile features - done
[0.456s] -- Check for working CXX compiler: /usr/bin/c++
[0.550s] -- Check for working CXX compiler: /usr/bin/c++ -- works
[0.559s] -- Detecting CXX compiler ABI info
[0.648s] -- Detecting CXX compiler ABI info - done
[0.664s] -- Detecting CXX compile features
[0.666s] -- Detecting CXX compile features - done
[0.668s] -- Found ament_cmake: 0.9.12 (/workspace/foxy_ws/install/share/ament_cmake/cmake)
[0.685s] -- Found PythonInterp: /usr/bin/python3 (found suitable version "3.10.14", minimum required is "3") 
[0.686s] -- Using PYTHON_EXECUTABLE: /usr/bin/python3
[0.892s] -- Found builtin_interfaces: 1.0.0 (/workspace/foxy_ws/install/share/builtin_interfaces/cmake)
[0.913s] -- Using all available rosidl_typesupport_c: rosidl_typesupport_fastrtps_c;rosidl_typesupport_introspection_c
[0.920s] -- Found rosidl_adapter: 1.3.1 (/workspace/foxy_ws/install/share/rosidl_adapter/cmake)
[0.936s] -- Found OpenSSL: /usr/lib/x86_64-linux-gnu/libcrypto.so (found version "1.1.1f")  
[0.951s] -- Found FastRTPS: /workspace/foxy_ws/install/include  
[0.997s] -- Using all available rosidl_typesupport_cpp: rosidl_typesupport_fastrtps_cpp;rosidl_typesupport_introspection_cpp
[1.030s] -- Found rosidl_default_generators: 1.0.1 (/workspace/foxy_ws/install/share/rosidl_default_generators/cmake)
[1.053s] -- Found PythonInterp: /usr/bin/python3 (found version "3.10.14") 
[1.198s] -- Found ament_cmake_cppcheck: 0.9.8 (/workspace/foxy_ws/install/share/ament_cmake_cppcheck/cmake)
[1.199s] -- Found ament_cmake_cpplint: 0.9.8 (/workspace/foxy_ws/install/share/ament_cmake_cpplint/cmake)
[1.202s] -- Found ament_cmake_uncrustify: 0.9.8 (/workspace/foxy_ws/install/share/ament_cmake_uncrustify/cmake)
[1.203s] -- Found ament_cmake_ros: 0.9.2 (/workspace/foxy_ws/install/share/ament_cmake_ros/cmake)
[1.288s] -- Using all available rosidl_typesupport_c: rosidl_typesupport_fastrtps_c;rosidl_typesupport_introspection_c
[1.307s] -- Using all available rosidl_typesupport_cpp: rosidl_typesupport_fastrtps_cpp;rosidl_typesupport_introspection_cpp
[1.326s] -- Found PythonInterp: /usr/bin/python3 (found suitable version "3.10.14", minimum required is "3.5") 
[1.327s] -- Found python_cmake_module: 0.8.1 (/workspace/foxy_ws/install/share/python_cmake_module/cmake)
[1.346s] -- Found PythonLibs: /usr/lib/x86_64-linux-gnu/libpython3.10.so (found suitable version "3.10.14", minimum required is "3.5") 
[1.346s] -- Using PYTHON_EXECUTABLE: /usr/bin/python3
[1.346s] -- Using PYTHON_INCLUDE_DIRS: /usr/include/python3.10
[1.346s] -- Using PYTHON_LIBRARIES: /usr/lib/x86_64-linux-gnu/libpython3.10.so
[1.364s] -- Found PythonExtra: .so  
[1.393s] <string>:1: DeprecationWarning: The distutils package is deprecated and slated for removal in Python 3.12. Use setuptools or check PEP 632 for potential alternatives
[1.394s] <string>:1: DeprecationWarning: The distutils.sysconfig module is deprecated, use sysconfig instead
[1.605s] -- Using numpy include directory: /usr/local/lib/python3.10/dist-packages/numpy/core/include
[1.625s] -- Found ament_cmake_flake8: 0.9.8 (/workspace/foxy_ws/install/share/ament_cmake_flake8/cmake)
[1.625s] -- Found ament_cmake_pep257: 0.9.8 (/workspace/foxy_ws/install/share/ament_cmake_pep257/cmake)
[1.641s] -- Configuring done
[1.732s] -- Generating done
[1.749s] -- Build files have been written to: /workspace/foxy_ws/build/rosgraph_msgs
[1.759s] Invoked command in '/workspace/foxy_ws/build/rosgraph_msgs' returned '0': AMENT_PREFIX_PATH=/workspace/foxy_ws/install CMAKE_PREFIX_PATH=/workspace/foxy_ws/install LD_LIBRARY_PATH=/workspace/foxy_ws/install/lib PATH=/workspace/foxy_ws/install/bin:${PATH} PKG_CONFIG_PATH=/workspace/foxy_ws/install/lib/x86_64-linux-gnu/pkgconfig:/workspace/foxy_ws/install/lib/pkgconfig PYTHONPATH=/workspace/foxy_ws/install/lib/python3.10/site-packages /usr/bin/cmake /workspace/foxy_ws/src/rcl_interfaces/rosgraph_msgs -DCMAKE_INSTALL_PREFIX=/workspace/foxy_ws/install
[1.760s] Invoking command in '/workspace/foxy_ws/build/rosgraph_msgs': AMENT_PREFIX_PATH=/workspace/foxy_ws/install CMAKE_PREFIX_PATH=/workspace/foxy_ws/install LD_LIBRARY_PATH=/workspace/foxy_ws/install/lib PATH=/workspace/foxy_ws/install/bin:${PATH} PKG_CONFIG_PATH=/workspace/foxy_ws/install/lib/x86_64-linux-gnu/pkgconfig:/workspace/foxy_ws/install/lib/pkgconfig PYTHONPATH=/workspace/foxy_ws/install/lib/python3.10/site-packages /usr/bin/cmake --build /workspace/foxy_ws/build/rosgraph_msgs -- -j12 -l12
[1.826s] [  3%] Generating C code for ROS interfaces
[1.826s] Scanning dependencies of target rosgraph_msgs__cpp
[1.840s] [  6%] Generating C++ code for ROS interfaces
[2.240s] [  6%] Built target rosgraph_msgs__cpp
[2.248s] Scanning dependencies of target rosgraph_msgs__rosidl_generator_c
[2.253s] [  9%] Generating C++ type support for eProsima Fast-RTPS
[2.265s] [ 12%] Building C object CMakeFiles/rosgraph_msgs__rosidl_generator_c.dir/rosidl_generator_c/rosgraph_msgs/msg/detail/clock__functions.c.o
[2.324s] [ 16%] Linking C shared library librosgraph_msgs__rosidl_generator_c.so
[2.452s] [ 16%] Built target rosgraph_msgs__rosidl_generator_c
[2.464s] [ 19%] Generating C++ introspection for ROS interfaces
[2.668s] Scanning dependencies of target rosgraph_msgs__rosidl_typesupport_fastrtps_cpp
[2.722s] [ 22%] Building CXX object CMakeFiles/rosgraph_msgs__rosidl_typesupport_fastrtps_cpp.dir/rosidl_typesupport_fastrtps_cpp/rosgraph_msgs/msg/detail/dds_fastrtps/clock__type_support.cpp.o
[2.857s] Scanning dependencies of target rosgraph_msgs__rosidl_typesupport_introspection_cpp
[2.917s] [ 25%] Building CXX object CMakeFiles/rosgraph_msgs__rosidl_typesupport_introspection_cpp.dir/rosidl_typesupport_introspection_cpp/rosgraph_msgs/msg/detail/clock__type_support.cpp.o
[3.357s] [ 29%] Linking CXX shared library librosgraph_msgs__rosidl_typesupport_fastrtps_cpp.so
[3.373s] [ 32%] Linking CXX shared library librosgraph_msgs__rosidl_typesupport_introspection_cpp.so
[3.533s] [ 32%] Built target rosgraph_msgs__rosidl_typesupport_introspection_cpp
[3.577s] [ 35%] Generating C type support dispatch for ROS interfaces
[3.595s] [ 35%] Built target rosgraph_msgs__rosidl_typesupport_fastrtps_cpp
[3.615s] [ 38%] Generating C introspection for ROS interfaces
[3.919s] Scanning dependencies of target rosgraph_msgs__rosidl_typesupport_c
[3.951s] Scanning dependencies of target rosgraph_msgs__rosidl_typesupport_introspection_c
[3.952s] [ 41%] Building CXX object CMakeFiles/rosgraph_msgs__rosidl_typesupport_c.dir/rosidl_typesupport_c/rosgraph_msgs/msg/clock__type_support.cpp.o
[3.964s] [ 45%] Building C object CMakeFiles/rosgraph_msgs__rosidl_typesupport_introspection_c.dir/rosidl_typesupport_introspection_c/rosgraph_msgs/msg/detail/clock__type_support.c.o
[4.003s] [ 48%] Linking CXX shared library librosgraph_msgs__rosidl_typesupport_c.so
[4.010s] [ 51%] Linking C shared library librosgraph_msgs__rosidl_typesupport_introspection_c.so
[4.048s] [ 51%] Built target rosgraph_msgs__rosidl_typesupport_introspection_c
[4.056s] [ 51%] Built target rosgraph_msgs__rosidl_typesupport_c
[4.072s] [ 54%] Generating C++ type support dispatch for ROS interfaces
[4.078s] [ 58%] Generating C type support for eProsima Fast-RTPS
[4.694s] Scanning dependencies of target rosgraph_msgs__rosidl_typesupport_cpp
[4.718s] [ 61%] Building CXX object CMakeFiles/rosgraph_msgs__rosidl_typesupport_cpp.dir/rosidl_typesupport_cpp/rosgraph_msgs/msg/clock__type_support.cpp.o
[4.734s] Scanning dependencies of target rosgraph_msgs__rosidl_typesupport_fastrtps_c
[4.775s] [ 64%] Building CXX object CMakeFiles/rosgraph_msgs__rosidl_typesupport_fastrtps_c.dir/rosidl_typesupport_fastrtps_c/rosgraph_msgs/msg/detail/clock__type_support_c.cpp.o
[5.119s] [ 67%] Linking CXX shared library librosgraph_msgs__rosidl_typesupport_cpp.so
[5.172s] [ 67%] Built target rosgraph_msgs__rosidl_typesupport_cpp
[5.223s] [ 70%] Linking CXX shared library librosgraph_msgs__rosidl_typesupport_fastrtps_c.so
[5.310s] [ 70%] Built target rosgraph_msgs__rosidl_typesupport_fastrtps_c
[5.323s] Scanning dependencies of target rosgraph_msgs
[5.352s] [ 70%] Built target rosgraph_msgs
[5.377s] Scanning dependencies of target rosgraph_msgs__py
[5.378s] [ 74%] Generating Python code for ROS interfaces
[5.966s] [ 74%] Built target rosgraph_msgs__py
[5.985s] Scanning dependencies of target rosgraph_msgs__python
[5.993s] [ 77%] Building C object CMakeFiles/rosgraph_msgs__python.dir/rosidl_generator_py/rosgraph_msgs/msg/_clock_s.c.o
[6.098s] [ 80%] Linking C shared library rosidl_generator_py/rosgraph_msgs/librosgraph_msgs__python.so
[6.142s] [ 80%] Built target rosgraph_msgs__python
[6.162s] Scanning dependencies of target rosgraph_msgs__rosidl_typesupport_introspection_c__pyext
[6.174s] [ 83%] Building C object CMakeFiles/rosgraph_msgs__rosidl_typesupport_introspection_c__pyext.dir/rosidl_generator_py/rosgraph_msgs/_rosgraph_msgs_s.ep.rosidl_typesupport_introspection_c.c.o
[6.285s] [ 87%] Linking C shared library rosidl_generator_py/rosgraph_msgs/rosgraph_msgs_s__rosidl_typesupport_introspection_c.cpython-310-x86_64-linux-gnu.so
[6.325s] [ 87%] Built target rosgraph_msgs__rosidl_typesupport_introspection_c__pyext
[6.343s] Scanning dependencies of target rosgraph_msgs__rosidl_typesupport_c__pyext
[6.354s] [ 90%] Building C object CMakeFiles/rosgraph_msgs__rosidl_typesupport_c__pyext.dir/rosidl_generator_py/rosgraph_msgs/_rosgraph_msgs_s.ep.rosidl_typesupport_c.c.o
[6.433s] [ 93%] Linking C shared library rosidl_generator_py/rosgraph_msgs/rosgraph_msgs_s__rosidl_typesupport_c.cpython-310-x86_64-linux-gnu.so
[6.462s] [ 93%] Built target rosgraph_msgs__rosidl_typesupport_c__pyext
[6.477s] Scanning dependencies of target rosgraph_msgs__rosidl_typesupport_fastrtps_c__pyext
[6.488s] [ 96%] Building C object CMakeFiles/rosgraph_msgs__rosidl_typesupport_fastrtps_c__pyext.dir/rosidl_generator_py/rosgraph_msgs/_rosgraph_msgs_s.ep.rosidl_typesupport_fastrtps_c.c.o
[6.584s] [100%] Linking CXX shared library rosidl_generator_py/rosgraph_msgs/rosgraph_msgs_s__rosidl_typesupport_fastrtps_c.cpython-310-x86_64-linux-gnu.so
[6.645s] [100%] Built target rosgraph_msgs__rosidl_typesupport_fastrtps_c__pyext
[6.659s] Invoked command in '/workspace/foxy_ws/build/rosgraph_msgs' returned '0': AMENT_PREFIX_PATH=/workspace/foxy_ws/install CMAKE_PREFIX_PATH=/workspace/foxy_ws/install LD_LIBRARY_PATH=/workspace/foxy_ws/install/lib PATH=/workspace/foxy_ws/install/bin:${PATH} PKG_CONFIG_PATH=/workspace/foxy_ws/install/lib/x86_64-linux-gnu/pkgconfig:/workspace/foxy_ws/install/lib/pkgconfig PYTHONPATH=/workspace/foxy_ws/install/lib/python3.10/site-packages /usr/bin/cmake --build /workspace/foxy_ws/build/rosgraph_msgs -- -j12 -l12
[6.693s] Invoking command in '/workspace/foxy_ws/build/rosgraph_msgs': AMENT_PREFIX_PATH=/workspace/foxy_ws/install CMAKE_PREFIX_PATH=/workspace/foxy_ws/install LD_LIBRARY_PATH=/workspace/foxy_ws/install/lib PATH=/workspace/foxy_ws/install/bin:${PATH} PKG_CONFIG_PATH=/workspace/foxy_ws/install/lib/x86_64-linux-gnu/pkgconfig:/workspace/foxy_ws/install/lib/pkgconfig PYTHONPATH=/workspace/foxy_ws/install/lib/python3.10/site-packages /usr/bin/cmake --install /workspace/foxy_ws/build/rosgraph_msgs
[6.698s] -- Install configuration: ""
[6.699s] -- Installing: /workspace/foxy_ws/install/share/ament_index/resource_index/rosidl_interfaces/rosgraph_msgs
[6.699s] -- Installing: /workspace/foxy_ws/install/include/rosgraph_msgs
[6.699s] -- Installing: /workspace/foxy_ws/install/include/rosgraph_msgs/msg
[6.699s] -- Installing: /workspace/foxy_ws/install/include/rosgraph_msgs/msg/clock.h
[6.699s] -- Installing: /workspace/foxy_ws/install/include/rosgraph_msgs/msg/rosidl_generator_c__visibility_control.h
[6.699s] -- Installing: /workspace/foxy_ws/install/include/rosgraph_msgs/msg/detail
[6.700s] -- Installing: /workspace/foxy_ws/install/include/rosgraph_msgs/msg/detail/clock__functions.h
[6.700s] -- Installing: /workspace/foxy_ws/install/include/rosgraph_msgs/msg/detail/clock__type_support.h
[6.700s] -- Installing: /workspace/foxy_ws/install/include/rosgraph_msgs/msg/detail/clock__functions.c
[6.700s] -- Installing: /workspace/foxy_ws/install/include/rosgraph_msgs/msg/detail/clock__struct.h
[6.700s] -- Installing: /workspace/foxy_ws/install/share/rosgraph_msgs/environment/library_path.sh
[6.700s] -- Installing: /workspace/foxy_ws/install/share/rosgraph_msgs/environment/library_path.dsv
[6.701s] -- Installing: /workspace/foxy_ws/install/lib/librosgraph_msgs__rosidl_generator_c.so
[6.701s] -- Set runtime path of "/workspace/foxy_ws/install/lib/librosgraph_msgs__rosidl_generator_c.so" to ""
[6.701s] -- Up-to-date: /workspace/foxy_ws/install/include/rosgraph_msgs
[6.702s] -- Up-to-date: /workspace/foxy_ws/install/include/rosgraph_msgs/msg
[6.702s] -- Installing: /workspace/foxy_ws/install/include/rosgraph_msgs/msg/rosidl_typesupport_fastrtps_c__visibility_control.h
[6.702s] -- Up-to-date: /workspace/foxy_ws/install/include/rosgraph_msgs/msg/detail
[6.702s] -- Installing: /workspace/foxy_ws/install/include/rosgraph_msgs/msg/detail/clock__rosidl_typesupport_fastrtps_c.h
[6.702s] -- Installing: /workspace/foxy_ws/install/lib/librosgraph_msgs__rosidl_typesupport_fastrtps_c.so
[6.703s] -- Set runtime path of "/workspace/foxy_ws/install/lib/librosgraph_msgs__rosidl_typesupport_fastrtps_c.so" to ""
[6.703s] -- Up-to-date: /workspace/foxy_ws/install/include/rosgraph_msgs
[6.703s] -- Up-to-date: /workspace/foxy_ws/install/include/rosgraph_msgs/msg
[6.703s] -- Installing: /workspace/foxy_ws/install/include/rosgraph_msgs/msg/rosidl_typesupport_fastrtps_cpp__visibility_control.h
[6.703s] -- Up-to-date: /workspace/foxy_ws/install/include/rosgraph_msgs/msg/detail
[6.703s] -- Installing: /workspace/foxy_ws/install/include/rosgraph_msgs/msg/detail/clock__rosidl_typesupport_fastrtps_cpp.hpp
[6.703s] -- Installing: /workspace/foxy_ws/install/include/rosgraph_msgs/msg/detail/dds_fastrtps
[6.703s] -- Installing: /workspace/foxy_ws/install/lib/librosgraph_msgs__rosidl_typesupport_fastrtps_cpp.so
[6.704s] -- Set runtime path of "/workspace/foxy_ws/install/lib/librosgraph_msgs__rosidl_typesupport_fastrtps_cpp.so" to ""
[6.704s] -- Up-to-date: /workspace/foxy_ws/install/include/rosgraph_msgs
[6.704s] -- Up-to-date: /workspace/foxy_ws/install/include/rosgraph_msgs/msg
[6.704s] -- Installing: /workspace/foxy_ws/install/include/rosgraph_msgs/msg/rosidl_typesupport_introspection_c__visibility_control.h
[6.705s] -- Up-to-date: /workspace/foxy_ws/install/include/rosgraph_msgs/msg/detail
[6.705s] -- Installing: /workspace/foxy_ws/install/include/rosgraph_msgs/msg/detail/clock__type_support.c
[6.705s] -- Installing: /workspace/foxy_ws/install/include/rosgraph_msgs/msg/detail/clock__rosidl_typesupport_introspection_c.h
[6.705s] -- Installing: /workspace/foxy_ws/install/lib/librosgraph_msgs__rosidl_typesupport_introspection_c.so
[6.705s] -- Set runtime path of "/workspace/foxy_ws/install/lib/librosgraph_msgs__rosidl_typesupport_introspection_c.so" to ""
[6.705s] -- Installing: /workspace/foxy_ws/install/lib/librosgraph_msgs__rosidl_typesupport_c.so
[6.706s] -- Set runtime path of "/workspace/foxy_ws/install/lib/librosgraph_msgs__rosidl_typesupport_c.so" to ""
[6.706s] -- Up-to-date: /workspace/foxy_ws/install/include/rosgraph_msgs
[6.706s] -- Up-to-date: /workspace/foxy_ws/install/include/rosgraph_msgs/msg
[6.706s] -- Installing: /workspace/foxy_ws/install/include/rosgraph_msgs/msg/rosidl_generator_cpp__visibility_control.hpp
[6.706s] -- Installing: /workspace/foxy_ws/install/include/rosgraph_msgs/msg/clock.hpp
[6.706s] -- Up-to-date: /workspace/foxy_ws/install/include/rosgraph_msgs/msg/detail
[6.707s] -- Installing: /workspace/foxy_ws/install/include/rosgraph_msgs/msg/detail/clock__traits.hpp
[6.707s] -- Installing: /workspace/foxy_ws/install/include/rosgraph_msgs/msg/detail/clock__type_support.hpp
[6.707s] -- Installing: /workspace/foxy_ws/install/include/rosgraph_msgs/msg/detail/clock__struct.hpp
[6.707s] -- Installing: /workspace/foxy_ws/install/include/rosgraph_msgs/msg/detail/clock__builder.hpp
[6.707s] -- Up-to-date: /workspace/foxy_ws/install/include/rosgraph_msgs
[6.708s] -- Up-to-date: /workspace/foxy_ws/install/include/rosgraph_msgs/msg
[6.708s] -- Up-to-date: /workspace/foxy_ws/install/include/rosgraph_msgs/msg/detail
[6.708s] -- Installing: /workspace/foxy_ws/install/include/rosgraph_msgs/msg/detail/clock__rosidl_typesupport_introspection_cpp.hpp
[6.708s] -- Installing: /workspace/foxy_ws/install/include/rosgraph_msgs/msg/detail/clock__type_support.cpp
[6.708s] -- Installing: /workspace/foxy_ws/install/lib/librosgraph_msgs__rosidl_typesupport_introspection_cpp.so
[6.708s] -- Set runtime path of "/workspace/foxy_ws/install/lib/librosgraph_msgs__rosidl_typesupport_introspection_cpp.so" to ""
[6.708s] -- Installing: /workspace/foxy_ws/install/lib/librosgraph_msgs__rosidl_typesupport_cpp.so
[6.709s] -- Set runtime path of "/workspace/foxy_ws/install/lib/librosgraph_msgs__rosidl_typesupport_cpp.so" to ""
[6.709s] -- Installing: /workspace/foxy_ws/install/share/rosgraph_msgs/environment/pythonpath.sh
[6.709s] -- Installing: /workspace/foxy_ws/install/share/rosgraph_msgs/environment/pythonpath.dsv
[6.710s] -- Installing: /workspace/foxy_ws/install/lib/python3.10/site-packages/rosgraph_msgs/__init__.py
[6.743s] Compiling '/workspace/foxy_ws/install/lib/python3.10/site-packages/rosgraph_msgs/__init__.py'...
[6.749s] -- Installing: /workspace/foxy_ws/install/lib/python3.10/site-packages/rosgraph_msgs/msg
[6.749s] -- Installing: /workspace/foxy_ws/install/lib/python3.10/site-packages/rosgraph_msgs/msg/_clock_s.c
[6.749s] -- Installing: /workspace/foxy_ws/install/lib/python3.10/site-packages/rosgraph_msgs/msg/_clock.py
[6.749s] -- Installing: /workspace/foxy_ws/install/lib/python3.10/site-packages/rosgraph_msgs/msg/__init__.py
[6.749s] -- Installing: /workspace/foxy_ws/install/lib/python3.10/site-packages/rosgraph_msgs/rosgraph_msgs_s__rosidl_typesupport_fastrtps_c.cpython-310-x86_64-linux-gnu.so
[6.750s] -- Set runtime path of "/workspace/foxy_ws/install/lib/python3.10/site-packages/rosgraph_msgs/rosgraph_msgs_s__rosidl_typesupport_fastrtps_c.cpython-310-x86_64-linux-gnu.so" to ""
[6.750s] -- Installing: /workspace/foxy_ws/install/lib/python3.10/site-packages/rosgraph_msgs/rosgraph_msgs_s__rosidl_typesupport_introspection_c.cpython-310-x86_64-linux-gnu.so
[6.750s] -- Set runtime path of "/workspace/foxy_ws/install/lib/python3.10/site-packages/rosgraph_msgs/rosgraph_msgs_s__rosidl_typesupport_introspection_c.cpython-310-x86_64-linux-gnu.so" to ""
[6.751s] -- Installing: /workspace/foxy_ws/install/lib/python3.10/site-packages/rosgraph_msgs/rosgraph_msgs_s__rosidl_typesupport_c.cpython-310-x86_64-linux-gnu.so
[6.751s] -- Set runtime path of "/workspace/foxy_ws/install/lib/python3.10/site-packages/rosgraph_msgs/rosgraph_msgs_s__rosidl_typesupport_c.cpython-310-x86_64-linux-gnu.so" to ""
[6.751s] -- Installing: /workspace/foxy_ws/install/lib/librosgraph_msgs__python.so
[6.752s] -- Set runtime path of "/workspace/foxy_ws/install/lib/librosgraph_msgs__python.so" to ""
[6.752s] -- Installing: /workspace/foxy_ws/install/share/rosgraph_msgs/msg/Clock.idl
[6.752s] -- Installing: /workspace/foxy_ws/install/share/rosgraph_msgs/msg/Clock.msg
[6.752s] -- Installing: /workspace/foxy_ws/install/share/ament_index/resource_index/package_run_dependencies/rosgraph_msgs
[6.752s] -- Installing: /workspace/foxy_ws/install/share/ament_index/resource_index/parent_prefix_path/rosgraph_msgs
[6.753s] -- Installing: /workspace/foxy_ws/install/share/rosgraph_msgs/environment/ament_prefix_path.sh
[6.753s] -- Installing: /workspace/foxy_ws/install/share/rosgraph_msgs/environment/ament_prefix_path.dsv
[6.753s] -- Installing: /workspace/foxy_ws/install/share/rosgraph_msgs/environment/path.sh
[6.753s] -- Installing: /workspace/foxy_ws/install/share/rosgraph_msgs/environment/path.dsv
[6.753s] -- Installing: /workspace/foxy_ws/install/share/rosgraph_msgs/local_setup.bash
[6.754s] -- Installing: /workspace/foxy_ws/install/share/rosgraph_msgs/local_setup.sh
[6.754s] -- Installing: /workspace/foxy_ws/install/share/rosgraph_msgs/local_setup.zsh
[6.754s] -- Installing: /workspace/foxy_ws/install/share/rosgraph_msgs/local_setup.dsv
[6.754s] -- Installing: /workspace/foxy_ws/install/share/rosgraph_msgs/package.dsv
[6.754s] -- Installing: /workspace/foxy_ws/install/share/ament_index/resource_index/packages/rosgraph_msgs
[6.755s] -- Installing: /workspace/foxy_ws/install/share/rosgraph_msgs/cmake/rosgraph_msgs__rosidl_generator_cExport.cmake
[6.755s] -- Installing: /workspace/foxy_ws/install/share/rosgraph_msgs/cmake/rosgraph_msgs__rosidl_generator_cExport-noconfig.cmake
[6.755s] -- Installing: /workspace/foxy_ws/install/share/rosgraph_msgs/cmake/rosgraph_msgs__rosidl_typesupport_introspection_cExport.cmake
[6.756s] -- Installing: /workspace/foxy_ws/install/share/rosgraph_msgs/cmake/rosgraph_msgs__rosidl_typesupport_introspection_cExport-noconfig.cmake
[6.756s] -- Installing: /workspace/foxy_ws/install/share/rosgraph_msgs/cmake/rosgraph_msgs__rosidl_typesupport_cExport.cmake
[6.757s] -- Installing: /workspace/foxy_ws/install/share/rosgraph_msgs/cmake/rosgraph_msgs__rosidl_typesupport_cExport-noconfig.cmake
[6.757s] -- Installing: /workspace/foxy_ws/install/share/rosgraph_msgs/cmake/rosgraph_msgs__rosidl_generator_cppExport.cmake
[6.757s] -- Installing: /workspace/foxy_ws/install/share/rosgraph_msgs/cmake/rosgraph_msgs__rosidl_typesupport_introspection_cppExport.cmake
[6.757s] -- Installing: /workspace/foxy_ws/install/share/rosgraph_msgs/cmake/rosgraph_msgs__rosidl_typesupport_introspection_cppExport-noconfig.cmake
[6.757s] -- Installing: /workspace/foxy_ws/install/share/rosgraph_msgs/cmake/rosgraph_msgs__rosidl_typesupport_cppExport.cmake
[6.757s] -- Installing: /workspace/foxy_ws/install/share/rosgraph_msgs/cmake/rosgraph_msgs__rosidl_typesupport_cppExport-noconfig.cmake
[6.758s] -- Installing: /workspace/foxy_ws/install/share/rosgraph_msgs/cmake/rosidl_cmake-extras.cmake
[6.758s] -- Installing: /workspace/foxy_ws/install/share/rosgraph_msgs/cmake/ament_cmake_export_dependencies-extras.cmake
[6.758s] -- Installing: /workspace/foxy_ws/install/share/rosgraph_msgs/cmake/ament_cmake_export_libraries-extras.cmake
[6.758s] -- Installing: /workspace/foxy_ws/install/share/rosgraph_msgs/cmake/ament_cmake_export_targets-extras.cmake
[6.758s] -- Installing: /workspace/foxy_ws/install/share/rosgraph_msgs/cmake/ament_cmake_export_include_directories-extras.cmake
[6.759s] -- Installing: /workspace/foxy_ws/install/share/rosgraph_msgs/cmake/rosidl_cmake_export_typesupport_libraries-extras.cmake
[6.759s] -- Installing: /workspace/foxy_ws/install/share/rosgraph_msgs/cmake/rosidl_cmake_export_typesupport_targets-extras.cmake
[6.759s] -- Installing: /workspace/foxy_ws/install/share/rosgraph_msgs/cmake/rosgraph_msgsConfig.cmake
[6.759s] -- Installing: /workspace/foxy_ws/install/share/rosgraph_msgs/cmake/rosgraph_msgsConfig-version.cmake
[6.759s] -- Installing: /workspace/foxy_ws/install/share/rosgraph_msgs/package.xml
[6.762s] Invoked command in '/workspace/foxy_ws/build/rosgraph_msgs' returned '0': AMENT_PREFIX_PATH=/workspace/foxy_ws/install CMAKE_PREFIX_PATH=/workspace/foxy_ws/install LD_LIBRARY_PATH=/workspace/foxy_ws/install/lib PATH=/workspace/foxy_ws/install/bin:${PATH} PKG_CONFIG_PATH=/workspace/foxy_ws/install/lib/x86_64-linux-gnu/pkgconfig:/workspace/foxy_ws/install/lib/pkgconfig PYTHONPATH=/workspace/foxy_ws/install/lib/python3.10/site-packages /usr/bin/cmake --install /workspace/foxy_ws/build/rosgraph_msgs
