[0.269s] Invoking command in '/workspace/foxy_ws/build/ament_cmake_include_directories': AMENT_PREFIX_PATH=/workspace/foxy_ws/install CMAKE_PREFIX_PATH=/workspace/foxy_ws/install PATH=/workspace/foxy_ws/install/bin:${PATH} PYTHONPATH=/workspace/foxy_ws/install/lib/python3.10/site-packages /usr/bin/cmake /workspace/foxy_ws/src/ament_cmake/ament_cmake_include_directories -DCMAKE_INSTALL_PREFIX=/workspace/foxy_ws/install
[0.406s] -- Found ament_cmake_core: 0.9.12 (/workspace/foxy_ws/install/share/ament_cmake_core/cmake)
[0.512s] -- Found PythonInterp: /usr/bin/python3 (found suitable version "3.10.14", minimum required is "3") 
[0.512s] -- Using PYTHON_EXECUTABLE: /usr/bin/python3
[1.132s] -- Configuring done
[1.132s] -- Generating done
[1.132s] -- Build files have been written to: /workspace/foxy_ws/build/ament_cmake_include_directories
[1.140s] Invoked command in '/workspace/foxy_ws/build/ament_cmake_include_directories' returned '0': AMENT_PREFIX_PATH=/workspace/foxy_ws/install CMAKE_PREFIX_PATH=/workspace/foxy_ws/install PATH=/workspace/foxy_ws/install/bin:${PATH} PYTHONPATH=/workspace/foxy_ws/install/lib/python3.10/site-packages /usr/bin/cmake /workspace/foxy_ws/src/ament_cmake/ament_cmake_include_directories -DCMAKE_INSTALL_PREFIX=/workspace/foxy_ws/install
[1.140s] Invoking command in '/workspace/foxy_ws/build/ament_cmake_include_directories': AMENT_PREFIX_PATH=/workspace/foxy_ws/install CMAKE_PREFIX_PATH=/workspace/foxy_ws/install PATH=/workspace/foxy_ws/install/bin:${PATH} PYTHONPATH=/workspace/foxy_ws/install/lib/python3.10/site-packages /usr/bin/cmake --build /workspace/foxy_ws/build/ament_cmake_include_directories -- -j12 -l12
[1.460s] Invoked command in '/workspace/foxy_ws/build/ament_cmake_include_directories' returned '0': AMENT_PREFIX_PATH=/workspace/foxy_ws/install CMAKE_PREFIX_PATH=/workspace/foxy_ws/install PATH=/workspace/foxy_ws/install/bin:${PATH} PYTHONPATH=/workspace/foxy_ws/install/lib/python3.10/site-packages /usr/bin/cmake --build /workspace/foxy_ws/build/ament_cmake_include_directories -- -j12 -l12
[1.982s] Invoking command in '/workspace/foxy_ws/build/ament_cmake_include_directories': AMENT_PREFIX_PATH=/workspace/foxy_ws/install CMAKE_PREFIX_PATH=/workspace/foxy_ws/install PATH=/workspace/foxy_ws/install/bin:${PATH} PYTHONPATH=/workspace/foxy_ws/install/lib/python3.10/site-packages /usr/bin/cmake --install /workspace/foxy_ws/build/ament_cmake_include_directories
[2.046s] -- Install configuration: ""
[2.046s] -- Installing: /workspace/foxy_ws/install/share/ament_index/resource_index/package_run_dependencies/ament_cmake_include_directories
[2.046s] -- Installing: /workspace/foxy_ws/install/share/ament_index/resource_index/parent_prefix_path/ament_cmake_include_directories
[2.046s] -- Installing: /workspace/foxy_ws/install/share/ament_cmake_include_directories/environment/ament_prefix_path.sh
[2.047s] -- Installing: /workspace/foxy_ws/install/share/ament_cmake_include_directories/environment/ament_prefix_path.dsv
[2.047s] -- Installing: /workspace/foxy_ws/install/share/ament_cmake_include_directories/environment/path.sh
[2.047s] -- Installing: /workspace/foxy_ws/install/share/ament_cmake_include_directories/environment/path.dsv
[2.047s] -- Installing: /workspace/foxy_ws/install/share/ament_cmake_include_directories/local_setup.bash
[2.047s] -- Installing: /workspace/foxy_ws/install/share/ament_cmake_include_directories/local_setup.sh
[2.047s] -- Installing: /workspace/foxy_ws/install/share/ament_cmake_include_directories/local_setup.zsh
[2.047s] -- Installing: /workspace/foxy_ws/install/share/ament_cmake_include_directories/local_setup.dsv
[2.047s] -- Installing: /workspace/foxy_ws/install/share/ament_cmake_include_directories/package.dsv
[2.047s] -- Installing: /workspace/foxy_ws/install/share/ament_index/resource_index/packages/ament_cmake_include_directories
[2.047s] -- Installing: /workspace/foxy_ws/install/share/ament_cmake_include_directories/cmake/ament_cmake_include_directories-extras.cmake
[2.047s] -- Installing: /workspace/foxy_ws/install/share/ament_cmake_include_directories/cmake/ament_cmake_include_directoriesConfig.cmake
[2.047s] -- Installing: /workspace/foxy_ws/install/share/ament_cmake_include_directories/cmake/ament_cmake_include_directoriesConfig-version.cmake
[2.048s] -- Installing: /workspace/foxy_ws/install/share/ament_cmake_include_directories/package.xml
[2.048s] -- Up-to-date: /workspace/foxy_ws/install/share/ament_cmake_include_directories/cmake
[2.048s] -- Installing: /workspace/foxy_ws/install/share/ament_cmake_include_directories/cmake/ament_include_directories_order.cmake
[2.091s] Invoked command in '/workspace/foxy_ws/build/ament_cmake_include_directories' returned '0': AMENT_PREFIX_PATH=/workspace/foxy_ws/install CMAKE_PREFIX_PATH=/workspace/foxy_ws/install PATH=/workspace/foxy_ws/install/bin:${PATH} PYTHONPATH=/workspace/foxy_ws/install/lib/python3.10/site-packages /usr/bin/cmake --install /workspace/foxy_ws/build/ament_cmake_include_directories
