[0.065s] Invoking command in '/workspace/foxy_ws/build/rosidl_typesupport_connext_c': AMENT_PREFIX_PATH=/workspace/foxy_ws/install CMAKE_PREFIX_PATH=/workspace/foxy_ws/install LD_LIBRARY_PATH=/workspace/foxy_ws/install/lib PATH=/workspace/foxy_ws/install/bin:${PATH} PYTHONPATH=/workspace/foxy_ws/install/lib/python3.10/site-packages /usr/bin/cmake /workspace/foxy_ws/src/rosidl_typesupport_connext/rosidl_typesupport_connext_c -DCMAKE_INSTALL_PREFIX=/workspace/foxy_ws/install
[0.106s] -- The C compiler identification is GNU 9.4.0
[0.147s] -- The CXX compiler identification is GNU 9.4.0
[0.151s] -- Check for working C compiler: /usr/bin/cc
[0.204s] -- Check for working C compiler: /usr/bin/cc -- works
[0.205s] -- Detecting C compiler ABI info
[0.261s] -- Detecting C compiler ABI info - done
[0.275s] -- Detecting C compile features
[0.275s] -- Detecting C compile features - done
[0.278s] -- Check for working CXX compiler: /usr/bin/c++
[0.341s] -- Check for working CXX compiler: /usr/bin/c++ -- works
[0.342s] -- Detecting CXX compiler ABI info
[0.406s] -- Detecting CXX compiler ABI info - done
[0.420s] -- Detecting CXX compile features
[0.420s] -- Detecting CXX compile features - done
[0.422s] -- Found ament_cmake: 0.9.12 (/workspace/foxy_ws/install/share/ament_cmake/cmake)
[0.438s] -- Found PythonInterp: /usr/bin/python3 (found suitable version "3.10.14", minimum required is "3") 
[0.438s] -- Using PYTHON_EXECUTABLE: /usr/bin/python3
[0.578s] -- Found connext_cmake_module: 1.0.3 (/workspace/foxy_ws/install/share/connext_cmake_module/cmake)
[0.638s] CMake Warning at CMakeLists.txt:37 (message):
[0.638s]   Could not find RTI Connext - skipping 'rosidl_typesupport_connext_c'
[0.638s] 
[0.638s] 
[0.639s] -- Configuring done
[0.640s] -- Generating done
[0.641s] -- Build files have been written to: /workspace/foxy_ws/build/rosidl_typesupport_connext_c
[0.644s] Invoked command in '/workspace/foxy_ws/build/rosidl_typesupport_connext_c' returned '0': AMENT_PREFIX_PATH=/workspace/foxy_ws/install CMAKE_PREFIX_PATH=/workspace/foxy_ws/install LD_LIBRARY_PATH=/workspace/foxy_ws/install/lib PATH=/workspace/foxy_ws/install/bin:${PATH} PYTHONPATH=/workspace/foxy_ws/install/lib/python3.10/site-packages /usr/bin/cmake /workspace/foxy_ws/src/rosidl_typesupport_connext/rosidl_typesupport_connext_c -DCMAKE_INSTALL_PREFIX=/workspace/foxy_ws/install
[0.645s] Invoking command in '/workspace/foxy_ws/build/rosidl_typesupport_connext_c': AMENT_PREFIX_PATH=/workspace/foxy_ws/install CMAKE_PREFIX_PATH=/workspace/foxy_ws/install LD_LIBRARY_PATH=/workspace/foxy_ws/install/lib PATH=/workspace/foxy_ws/install/bin:${PATH} PYTHONPATH=/workspace/foxy_ws/install/lib/python3.10/site-packages /usr/bin/cmake --build /workspace/foxy_ws/build/rosidl_typesupport_connext_c -- -j12 -l12
[0.674s] Invoked command in '/workspace/foxy_ws/build/rosidl_typesupport_connext_c' returned '0': AMENT_PREFIX_PATH=/workspace/foxy_ws/install CMAKE_PREFIX_PATH=/workspace/foxy_ws/install LD_LIBRARY_PATH=/workspace/foxy_ws/install/lib PATH=/workspace/foxy_ws/install/bin:${PATH} PYTHONPATH=/workspace/foxy_ws/install/lib/python3.10/site-packages /usr/bin/cmake --build /workspace/foxy_ws/build/rosidl_typesupport_connext_c -- -j12 -l12
[0.686s] Invoking command in '/workspace/foxy_ws/build/rosidl_typesupport_connext_c': AMENT_PREFIX_PATH=/workspace/foxy_ws/install CMAKE_PREFIX_PATH=/workspace/foxy_ws/install LD_LIBRARY_PATH=/workspace/foxy_ws/install/lib PATH=/workspace/foxy_ws/install/bin:${PATH} PYTHONPATH=/workspace/foxy_ws/install/lib/python3.10/site-packages /usr/bin/cmake --install /workspace/foxy_ws/build/rosidl_typesupport_connext_c
[0.693s] -- Install configuration: ""
[0.693s] -- Installing: /workspace/foxy_ws/install/share/ament_index/resource_index/package_run_dependencies/rosidl_typesupport_connext_c
[0.693s] -- Installing: /workspace/foxy_ws/install/share/ament_index/resource_index/parent_prefix_path/rosidl_typesupport_connext_c
[0.693s] -- Installing: /workspace/foxy_ws/install/share/rosidl_typesupport_connext_c/environment/ament_prefix_path.sh
[0.693s] -- Installing: /workspace/foxy_ws/install/share/rosidl_typesupport_connext_c/environment/ament_prefix_path.dsv
[0.694s] -- Installing: /workspace/foxy_ws/install/share/rosidl_typesupport_connext_c/environment/path.sh
[0.694s] -- Installing: /workspace/foxy_ws/install/share/rosidl_typesupport_connext_c/environment/path.dsv
[0.694s] -- Installing: /workspace/foxy_ws/install/share/rosidl_typesupport_connext_c/local_setup.bash
[0.694s] -- Installing: /workspace/foxy_ws/install/share/rosidl_typesupport_connext_c/local_setup.sh
[0.694s] -- Installing: /workspace/foxy_ws/install/share/rosidl_typesupport_connext_c/local_setup.zsh
[0.695s] -- Installing: /workspace/foxy_ws/install/share/rosidl_typesupport_connext_c/local_setup.dsv
[0.695s] -- Installing: /workspace/foxy_ws/install/share/rosidl_typesupport_connext_c/package.dsv
[0.695s] -- Installing: /workspace/foxy_ws/install/share/ament_index/resource_index/packages/rosidl_typesupport_connext_c
[0.695s] -- Installing: /workspace/foxy_ws/install/share/rosidl_typesupport_connext_c/cmake/rosidl_typesupport_connext_cConfig.cmake
[0.695s] -- Installing: /workspace/foxy_ws/install/share/rosidl_typesupport_connext_c/cmake/rosidl_typesupport_connext_cConfig-version.cmake
[0.696s] -- Installing: /workspace/foxy_ws/install/share/rosidl_typesupport_connext_c/package.xml
[0.698s] Invoked command in '/workspace/foxy_ws/build/rosidl_typesupport_connext_c' returned '0': AMENT_PREFIX_PATH=/workspace/foxy_ws/install CMAKE_PREFIX_PATH=/workspace/foxy_ws/install LD_LIBRARY_PATH=/workspace/foxy_ws/install/lib PATH=/workspace/foxy_ws/install/bin:${PATH} PYTHONPATH=/workspace/foxy_ws/install/lib/python3.10/site-packages /usr/bin/cmake --install /workspace/foxy_ws/build/rosidl_typesupport_connext_c
