-- The C compiler identification is GNU 9.4.0
-- The CXX compiler identification is GNU 9.4.0
-- Check for working C compiler: /usr/bin/cc
-- Check for working C compiler: /usr/bin/cc -- works
-- Detecting C compiler ABI info
-- Detecting C compiler ABI info - done
-- Detecting C compile features
-- Detecting C compile features - done
-- Check for working CXX compiler: /usr/bin/c++
-- Check for working CXX compiler: /usr/bin/c++ -- works
-- Detecting CXX compiler ABI info
-- Detecting CXX compiler ABI info - done
-- Detecting CXX compile features
-- Detecting CXX compile features - done
-- Found ament_cmake: 0.9.12 (/workspace/foxy_ws/install/share/ament_cmake/cmake)
-- Found PythonInterp: /usr/bin/python3 (found suitable version "3.10.14", minimum required is "3") 
-- Using PYTHON_EXECUTABLE: /usr/bin/python3
-- Found Patch: /usr/bin/patch  
-- Found ament_lint_auto: 0.9.8 (/workspace/foxy_ws/install/share/ament_lint_auto/cmake)
-- Added test 'copyright' to check source files copyright and LICENSE
-- Added test 'lint_cmake' to check CMake code style
-- Added test 'xmllint' to check XML markup files
-- Configuring done
-- Generating done
-- Build files have been written to: /workspace/foxy_ws/build/spdlog_vendor
Scanning dependencies of target spdlog-1.5.0
[ 12%] Creating directories for 'spdlog-1.5.0'
[ 25%] Performing download step (download, verify and extract) for 'spdlog-1.5.0'
-- Downloading...
   dst='/workspace/foxy_ws/build/spdlog_vendor/spdlog-1.5.0-prefix/src/v1.5.0.tar.gz'
   timeout='600 seconds'
-- Using src='https://github.com/gabime/spdlog/archive/v1.5.0.tar.gz'
-- verifying file...
       file='/workspace/foxy_ws/build/spdlog_vendor/spdlog-1.5.0-prefix/src/v1.5.0.tar.gz'
-- Downloading... done
-- extracting...
     src='/workspace/foxy_ws/build/spdlog_vendor/spdlog-1.5.0-prefix/src/v1.5.0.tar.gz'
     dst='/workspace/foxy_ws/build/spdlog_vendor/spdlog-1.5.0-prefix/src/spdlog-1.5.0'
-- extracting... [tar xfz]
-- extracting... [analysis]
-- extracting... [rename]
-- extracting... [clean up]
-- extracting... done
[ 37%] No update step for 'spdlog-1.5.0'
[ 50%] Performing patch step for 'spdlog-1.5.0'
patching file CMakeLists.txt
[ 62%] Performing configure step for 'spdlog-1.5.0'
-- The CXX compiler identification is GNU 9.4.0
-- Check for working CXX compiler: /usr/bin/c++
-- Check for working CXX compiler: /usr/bin/c++ -- works
-- Detecting CXX compiler ABI info
-- Detecting CXX compiler ABI info - done
-- Detecting CXX compile features
-- Detecting CXX compile features - done
-- Build spdlog: 1.5.0
-- Looking for C++ include pthread.h
-- Looking for C++ include pthread.h - found
-- Performing Test CMAKE_HAVE_LIBC_PTHREAD
-- Performing Test CMAKE_HAVE_LIBC_PTHREAD - Failed
-- Looking for pthread_create in pthreads
-- Looking for pthread_create in pthreads - not found
-- Looking for pthread_create in pthread
-- Looking for pthread_create in pthread - found
-- Found Threads: TRUE  
-- Build type: Release
-- Generating install
-- Configuring done
-- Generating done
-- Build files have been written to: /workspace/foxy_ws/build/spdlog_vendor/spdlog-1.5.0-prefix/src/spdlog-1.5.0-build
[ 75%] Performing build step for 'spdlog-1.5.0'
Scanning dependencies of target spdlog
[ 28%] Building CXX object CMakeFiles/spdlog.dir/src/stdout_sinks.cpp.o
[ 28%] Building CXX object CMakeFiles/spdlog.dir/src/spdlog.cpp.o
[ 42%] Building CXX object CMakeFiles/spdlog.dir/src/fmt.cpp.o
[ 57%] Building CXX object CMakeFiles/spdlog.dir/src/color_sinks.cpp.o
[ 71%] Building CXX object CMakeFiles/spdlog.dir/src/file_sinks.cpp.o
[ 85%] Building CXX object CMakeFiles/spdlog.dir/src/async.cpp.o
[100%] Linking CXX shared library libspdlog.so
[100%] Built target spdlog
[ 87%] Performing install step for 'spdlog-1.5.0'
[100%] Built target spdlog
Install the project...
-- Install configuration: "Release"
-- Installing: /workspace/foxy_ws/build/spdlog_vendor/spdlog_vendor_install/include
-- Installing: /workspace/foxy_ws/build/spdlog_vendor/spdlog_vendor_install/include/spdlog
-- Installing: /workspace/foxy_ws/build/spdlog_vendor/spdlog_vendor_install/include/spdlog/async_logger.h
-- Installing: /workspace/foxy_ws/build/spdlog_vendor/spdlog_vendor_install/include/spdlog/details
-- Installing: /workspace/foxy_ws/build/spdlog_vendor/spdlog_vendor_install/include/spdlog/details/pattern_formatter-inl.h
-- Installing: /workspace/foxy_ws/build/spdlog_vendor/spdlog_vendor_install/include/spdlog/details/thread_pool.h
-- Installing: /workspace/foxy_ws/build/spdlog_vendor/spdlog_vendor_install/include/spdlog/details/os-inl.h
-- Installing: /workspace/foxy_ws/build/spdlog_vendor/spdlog_vendor_install/include/spdlog/details/pattern_formatter.h
-- Installing: /workspace/foxy_ws/build/spdlog_vendor/spdlog_vendor_install/include/spdlog/details/synchronous_factory.h
-- Installing: /workspace/foxy_ws/build/spdlog_vendor/spdlog_vendor_install/include/spdlog/details/console_globals.h
-- Installing: /workspace/foxy_ws/build/spdlog_vendor/spdlog_vendor_install/include/spdlog/details/periodic_worker-inl.h
-- Installing: /workspace/foxy_ws/build/spdlog_vendor/spdlog_vendor_install/include/spdlog/details/file_helper-inl.h
-- Installing: /workspace/foxy_ws/build/spdlog_vendor/spdlog_vendor_install/include/spdlog/details/backtracer.h
-- Installing: /workspace/foxy_ws/build/spdlog_vendor/spdlog_vendor_install/include/spdlog/details/mpmc_blocking_q.h
-- Installing: /workspace/foxy_ws/build/spdlog_vendor/spdlog_vendor_install/include/spdlog/details/file_helper.h
-- Installing: /workspace/foxy_ws/build/spdlog_vendor/spdlog_vendor_install/include/spdlog/details/thread_pool-inl.h
-- Installing: /workspace/foxy_ws/build/spdlog_vendor/spdlog_vendor_install/include/spdlog/details/backtracer-inl.h
-- Installing: /workspace/foxy_ws/build/spdlog_vendor/spdlog_vendor_install/include/spdlog/details/fmt_helper.h
-- Installing: /workspace/foxy_ws/build/spdlog_vendor/spdlog_vendor_install/include/spdlog/details/circular_q.h
-- Installing: /workspace/foxy_ws/build/spdlog_vendor/spdlog_vendor_install/include/spdlog/details/log_msg_buffer.h
-- Installing: /workspace/foxy_ws/build/spdlog_vendor/spdlog_vendor_install/include/spdlog/details/os.h
-- Installing: /workspace/foxy_ws/build/spdlog_vendor/spdlog_vendor_install/include/spdlog/details/null_mutex.h
-- Installing: /workspace/foxy_ws/build/spdlog_vendor/spdlog_vendor_install/include/spdlog/details/periodic_worker.h
-- Installing: /workspace/foxy_ws/build/spdlog_vendor/spdlog_vendor_install/include/spdlog/details/registry.h
-- Installing: /workspace/foxy_ws/build/spdlog_vendor/spdlog_vendor_install/include/spdlog/details/registry-inl.h
-- Installing: /workspace/foxy_ws/build/spdlog_vendor/spdlog_vendor_install/include/spdlog/details/log_msg.h
-- Installing: /workspace/foxy_ws/build/spdlog_vendor/spdlog_vendor_install/include/spdlog/details/log_msg_buffer-inl.h
-- Installing: /workspace/foxy_ws/build/spdlog_vendor/spdlog_vendor_install/include/spdlog/details/log_msg-inl.h
-- Installing: /workspace/foxy_ws/build/spdlog_vendor/spdlog_vendor_install/include/spdlog/formatter.h
-- Installing: /workspace/foxy_ws/build/spdlog_vendor/spdlog_vendor_install/include/spdlog/sinks
-- Installing: /workspace/foxy_ws/build/spdlog_vendor/spdlog_vendor_install/include/spdlog/sinks/ostream_sink.h
-- Installing: /workspace/foxy_ws/build/spdlog_vendor/spdlog_vendor_install/include/spdlog/sinks/wincolor_sink-inl.h
-- Installing: /workspace/foxy_ws/build/spdlog_vendor/spdlog_vendor_install/include/spdlog/sinks/systemd_sink.h
-- Installing: /workspace/foxy_ws/build/spdlog_vendor/spdlog_vendor_install/include/spdlog/sinks/basic_file_sink-inl.h
-- Installing: /workspace/foxy_ws/build/spdlog_vendor/spdlog_vendor_install/include/spdlog/sinks/syslog_sink.h
-- Installing: /workspace/foxy_ws/build/spdlog_vendor/spdlog_vendor_install/include/spdlog/sinks/ringbuffer_sink.h
-- Installing: /workspace/foxy_ws/build/spdlog_vendor/spdlog_vendor_install/include/spdlog/sinks/ansicolor_sink.h
-- Installing: /workspace/foxy_ws/build/spdlog_vendor/spdlog_vendor_install/include/spdlog/sinks/stdout_sinks-inl.h
-- Installing: /workspace/foxy_ws/build/spdlog_vendor/spdlog_vendor_install/include/spdlog/sinks/ansicolor_sink-inl.h
-- Installing: /workspace/foxy_ws/build/spdlog_vendor/spdlog_vendor_install/include/spdlog/sinks/sink-inl.h
-- Installing: /workspace/foxy_ws/build/spdlog_vendor/spdlog_vendor_install/include/spdlog/sinks/base_sink-inl.h
-- Installing: /workspace/foxy_ws/build/spdlog_vendor/spdlog_vendor_install/include/spdlog/sinks/sink.h
-- Installing: /workspace/foxy_ws/build/spdlog_vendor/spdlog_vendor_install/include/spdlog/sinks/rotating_file_sink-inl.h
-- Installing: /workspace/foxy_ws/build/spdlog_vendor/spdlog_vendor_install/include/spdlog/sinks/null_sink.h
-- Installing: /workspace/foxy_ws/build/spdlog_vendor/spdlog_vendor_install/include/spdlog/sinks/base_sink.h
-- Installing: /workspace/foxy_ws/build/spdlog_vendor/spdlog_vendor_install/include/spdlog/sinks/android_sink.h
-- Installing: /workspace/foxy_ws/build/spdlog_vendor/spdlog_vendor_install/include/spdlog/sinks/basic_file_sink.h
-- Installing: /workspace/foxy_ws/build/spdlog_vendor/spdlog_vendor_install/include/spdlog/sinks/dist_sink.h
-- Installing: /workspace/foxy_ws/build/spdlog_vendor/spdlog_vendor_install/include/spdlog/sinks/dup_filter_sink.h
-- Installing: /workspace/foxy_ws/build/spdlog_vendor/spdlog_vendor_install/include/spdlog/sinks/rotating_file_sink.h
-- Installing: /workspace/foxy_ws/build/spdlog_vendor/spdlog_vendor_install/include/spdlog/sinks/stdout_color_sinks-inl.h
-- Installing: /workspace/foxy_ws/build/spdlog_vendor/spdlog_vendor_install/include/spdlog/sinks/stdout_color_sinks.h
-- Installing: /workspace/foxy_ws/build/spdlog_vendor/spdlog_vendor_install/include/spdlog/sinks/daily_file_sink.h
-- Installing: /workspace/foxy_ws/build/spdlog_vendor/spdlog_vendor_install/include/spdlog/sinks/wincolor_sink.h
-- Installing: /workspace/foxy_ws/build/spdlog_vendor/spdlog_vendor_install/include/spdlog/sinks/msvc_sink.h
-- Installing: /workspace/foxy_ws/build/spdlog_vendor/spdlog_vendor_install/include/spdlog/sinks/stdout_sinks.h
-- Installing: /workspace/foxy_ws/build/spdlog_vendor/spdlog_vendor_install/include/spdlog/common.h
-- Installing: /workspace/foxy_ws/build/spdlog_vendor/spdlog_vendor_install/include/spdlog/logger-inl.h
-- Installing: /workspace/foxy_ws/build/spdlog_vendor/spdlog_vendor_install/include/spdlog/spdlog-inl.h
-- Installing: /workspace/foxy_ws/build/spdlog_vendor/spdlog_vendor_install/include/spdlog/fmt
-- Installing: /workspace/foxy_ws/build/spdlog_vendor/spdlog_vendor_install/include/spdlog/fmt/ostr.h
-- Installing: /workspace/foxy_ws/build/spdlog_vendor/spdlog_vendor_install/include/spdlog/fmt/bin_to_hex.h
-- Installing: /workspace/foxy_ws/build/spdlog_vendor/spdlog_vendor_install/include/spdlog/fmt/fmt.h
-- Installing: /workspace/foxy_ws/build/spdlog_vendor/spdlog_vendor_install/include/spdlog/version.h
-- Installing: /workspace/foxy_ws/build/spdlog_vendor/spdlog_vendor_install/include/spdlog/logger.h
-- Installing: /workspace/foxy_ws/build/spdlog_vendor/spdlog_vendor_install/include/spdlog/tweakme.h
-- Installing: /workspace/foxy_ws/build/spdlog_vendor/spdlog_vendor_install/include/spdlog/spdlog.h
-- Installing: /workspace/foxy_ws/build/spdlog_vendor/spdlog_vendor_install/include/spdlog/common-inl.h
-- Installing: /workspace/foxy_ws/build/spdlog_vendor/spdlog_vendor_install/include/spdlog/async.h
-- Installing: /workspace/foxy_ws/build/spdlog_vendor/spdlog_vendor_install/include/spdlog/async_logger-inl.h
-- Installing: /workspace/foxy_ws/build/spdlog_vendor/spdlog_vendor_install/lib/libspdlog.so.1.5.0
-- Installing: /workspace/foxy_ws/build/spdlog_vendor/spdlog_vendor_install/lib/libspdlog.so.1
-- Installing: /workspace/foxy_ws/build/spdlog_vendor/spdlog_vendor_install/lib/libspdlog.so
-- Installing: /workspace/foxy_ws/build/spdlog_vendor/spdlog_vendor_install/include/spdlog/fmt/bundled/
-- Installing: /workspace/foxy_ws/build/spdlog_vendor/spdlog_vendor_install/include/spdlog/fmt/bundled//chrono.h
-- Installing: /workspace/foxy_ws/build/spdlog_vendor/spdlog_vendor_install/include/spdlog/fmt/bundled//color.h
-- Installing: /workspace/foxy_ws/build/spdlog_vendor/spdlog_vendor_install/include/spdlog/fmt/bundled//LICENSE.rst
-- Installing: /workspace/foxy_ws/build/spdlog_vendor/spdlog_vendor_install/include/spdlog/fmt/bundled//ranges.h
-- Installing: /workspace/foxy_ws/build/spdlog_vendor/spdlog_vendor_install/include/spdlog/fmt/bundled//format-inl.h
-- Installing: /workspace/foxy_ws/build/spdlog_vendor/spdlog_vendor_install/include/spdlog/fmt/bundled//locale.h
-- Installing: /workspace/foxy_ws/build/spdlog_vendor/spdlog_vendor_install/include/spdlog/fmt/bundled//posix.h
-- Installing: /workspace/foxy_ws/build/spdlog_vendor/spdlog_vendor_install/include/spdlog/fmt/bundled//printf.h
-- Installing: /workspace/foxy_ws/build/spdlog_vendor/spdlog_vendor_install/include/spdlog/fmt/bundled//core.h
-- Installing: /workspace/foxy_ws/build/spdlog_vendor/spdlog_vendor_install/include/spdlog/fmt/bundled//format.h
-- Installing: /workspace/foxy_ws/build/spdlog_vendor/spdlog_vendor_install/include/spdlog/fmt/bundled//compile.h
-- Installing: /workspace/foxy_ws/build/spdlog_vendor/spdlog_vendor_install/include/spdlog/fmt/bundled//ostream.h
-- Installing: /workspace/foxy_ws/build/spdlog_vendor/spdlog_vendor_install/lib/pkgconfig/spdlog.pc
-- Installing: /workspace/foxy_ws/build/spdlog_vendor/spdlog_vendor_install/lib/cmake/spdlog/spdlogConfigTargets.cmake
-- Installing: /workspace/foxy_ws/build/spdlog_vendor/spdlog_vendor_install/lib/cmake/spdlog/spdlogConfigTargets-release.cmake
-- Installing: /workspace/foxy_ws/build/spdlog_vendor/spdlog_vendor_install/lib/cmake/spdlog/spdlogConfig.cmake
-- Installing: /workspace/foxy_ws/build/spdlog_vendor/spdlog_vendor_install/lib/cmake/spdlog/spdlogConfigVersion.cmake
[100%] Completed 'spdlog-1.5.0'
[100%] Built target spdlog-1.5.0
-- Install configuration: ""
-- Up-to-date: /workspace/foxy_ws/install
-- Up-to-date: /workspace/foxy_ws/install/include
-- Installing: /workspace/foxy_ws/install/include/spdlog
-- Installing: /workspace/foxy_ws/install/include/spdlog/async_logger.h
-- Installing: /workspace/foxy_ws/install/include/spdlog/details
-- Installing: /workspace/foxy_ws/install/include/spdlog/details/pattern_formatter-inl.h
-- Installing: /workspace/foxy_ws/install/include/spdlog/details/thread_pool.h
-- Installing: /workspace/foxy_ws/install/include/spdlog/details/os-inl.h
-- Installing: /workspace/foxy_ws/install/include/spdlog/details/pattern_formatter.h
-- Installing: /workspace/foxy_ws/install/include/spdlog/details/synchronous_factory.h
-- Installing: /workspace/foxy_ws/install/include/spdlog/details/console_globals.h
-- Installing: /workspace/foxy_ws/install/include/spdlog/details/periodic_worker-inl.h
-- Installing: /workspace/foxy_ws/install/include/spdlog/details/file_helper-inl.h
-- Installing: /workspace/foxy_ws/install/include/spdlog/details/backtracer.h
-- Installing: /workspace/foxy_ws/install/include/spdlog/details/mpmc_blocking_q.h
-- Installing: /workspace/foxy_ws/install/include/spdlog/details/file_helper.h
-- Installing: /workspace/foxy_ws/install/include/spdlog/details/thread_pool-inl.h
-- Installing: /workspace/foxy_ws/install/include/spdlog/details/backtracer-inl.h
-- Installing: /workspace/foxy_ws/install/include/spdlog/details/fmt_helper.h
-- Installing: /workspace/foxy_ws/install/include/spdlog/details/circular_q.h
-- Installing: /workspace/foxy_ws/install/include/spdlog/details/log_msg_buffer.h
-- Installing: /workspace/foxy_ws/install/include/spdlog/details/os.h
-- Installing: /workspace/foxy_ws/install/include/spdlog/details/null_mutex.h
-- Installing: /workspace/foxy_ws/install/include/spdlog/details/periodic_worker.h
-- Installing: /workspace/foxy_ws/install/include/spdlog/details/registry.h
-- Installing: /workspace/foxy_ws/install/include/spdlog/details/registry-inl.h
-- Installing: /workspace/foxy_ws/install/include/spdlog/details/log_msg.h
-- Installing: /workspace/foxy_ws/install/include/spdlog/details/log_msg_buffer-inl.h
-- Installing: /workspace/foxy_ws/install/include/spdlog/details/log_msg-inl.h
-- Installing: /workspace/foxy_ws/install/include/spdlog/formatter.h
-- Installing: /workspace/foxy_ws/install/include/spdlog/sinks
-- Installing: /workspace/foxy_ws/install/include/spdlog/sinks/ostream_sink.h
-- Installing: /workspace/foxy_ws/install/include/spdlog/sinks/wincolor_sink-inl.h
-- Installing: /workspace/foxy_ws/install/include/spdlog/sinks/systemd_sink.h
-- Installing: /workspace/foxy_ws/install/include/spdlog/sinks/basic_file_sink-inl.h
-- Installing: /workspace/foxy_ws/install/include/spdlog/sinks/syslog_sink.h
-- Installing: /workspace/foxy_ws/install/include/spdlog/sinks/ringbuffer_sink.h
-- Installing: /workspace/foxy_ws/install/include/spdlog/sinks/ansicolor_sink.h
-- Installing: /workspace/foxy_ws/install/include/spdlog/sinks/stdout_sinks-inl.h
-- Installing: /workspace/foxy_ws/install/include/spdlog/sinks/ansicolor_sink-inl.h
-- Installing: /workspace/foxy_ws/install/include/spdlog/sinks/sink-inl.h
-- Installing: /workspace/foxy_ws/install/include/spdlog/sinks/base_sink-inl.h
-- Installing: /workspace/foxy_ws/install/include/spdlog/sinks/sink.h
-- Installing: /workspace/foxy_ws/install/include/spdlog/sinks/rotating_file_sink-inl.h
-- Installing: /workspace/foxy_ws/install/include/spdlog/sinks/null_sink.h
-- Installing: /workspace/foxy_ws/install/include/spdlog/sinks/base_sink.h
-- Installing: /workspace/foxy_ws/install/include/spdlog/sinks/android_sink.h
-- Installing: /workspace/foxy_ws/install/include/spdlog/sinks/basic_file_sink.h
-- Installing: /workspace/foxy_ws/install/include/spdlog/sinks/dist_sink.h
-- Installing: /workspace/foxy_ws/install/include/spdlog/sinks/dup_filter_sink.h
-- Installing: /workspace/foxy_ws/install/include/spdlog/sinks/rotating_file_sink.h
-- Installing: /workspace/foxy_ws/install/include/spdlog/sinks/stdout_color_sinks-inl.h
-- Installing: /workspace/foxy_ws/install/include/spdlog/sinks/stdout_color_sinks.h
-- Installing: /workspace/foxy_ws/install/include/spdlog/sinks/daily_file_sink.h
-- Installing: /workspace/foxy_ws/install/include/spdlog/sinks/wincolor_sink.h
-- Installing: /workspace/foxy_ws/install/include/spdlog/sinks/msvc_sink.h
-- Installing: /workspace/foxy_ws/install/include/spdlog/sinks/stdout_sinks.h
-- Installing: /workspace/foxy_ws/install/include/spdlog/common.h
-- Installing: /workspace/foxy_ws/install/include/spdlog/logger-inl.h
-- Installing: /workspace/foxy_ws/install/include/spdlog/spdlog-inl.h
-- Installing: /workspace/foxy_ws/install/include/spdlog/fmt
-- Installing: /workspace/foxy_ws/install/include/spdlog/fmt/ostr.h
-- Installing: /workspace/foxy_ws/install/include/spdlog/fmt/bundled
-- Installing: /workspace/foxy_ws/install/include/spdlog/fmt/bundled/chrono.h
-- Installing: /workspace/foxy_ws/install/include/spdlog/fmt/bundled/color.h
-- Installing: /workspace/foxy_ws/install/include/spdlog/fmt/bundled/LICENSE.rst
-- Installing: /workspace/foxy_ws/install/include/spdlog/fmt/bundled/ranges.h
-- Installing: /workspace/foxy_ws/install/include/spdlog/fmt/bundled/format-inl.h
-- Installing: /workspace/foxy_ws/install/include/spdlog/fmt/bundled/locale.h
-- Installing: /workspace/foxy_ws/install/include/spdlog/fmt/bundled/posix.h
-- Installing: /workspace/foxy_ws/install/include/spdlog/fmt/bundled/printf.h
-- Installing: /workspace/foxy_ws/install/include/spdlog/fmt/bundled/core.h
-- Installing: /workspace/foxy_ws/install/include/spdlog/fmt/bundled/format.h
-- Installing: /workspace/foxy_ws/install/include/spdlog/fmt/bundled/compile.h
-- Installing: /workspace/foxy_ws/install/include/spdlog/fmt/bundled/ostream.h
-- Installing: /workspace/foxy_ws/install/include/spdlog/fmt/bin_to_hex.h
-- Installing: /workspace/foxy_ws/install/include/spdlog/fmt/fmt.h
-- Installing: /workspace/foxy_ws/install/include/spdlog/version.h
-- Installing: /workspace/foxy_ws/install/include/spdlog/logger.h
-- Installing: /workspace/foxy_ws/install/include/spdlog/tweakme.h
-- Installing: /workspace/foxy_ws/install/include/spdlog/spdlog.h
-- Installing: /workspace/foxy_ws/install/include/spdlog/common-inl.h
-- Installing: /workspace/foxy_ws/install/include/spdlog/async.h
-- Installing: /workspace/foxy_ws/install/include/spdlog/async_logger-inl.h
-- Up-to-date: /workspace/foxy_ws/install/lib
-- Installing: /workspace/foxy_ws/install/lib/libspdlog.so.1
-- Up-to-date: /workspace/foxy_ws/install/lib/pkgconfig
-- Installing: /workspace/foxy_ws/install/lib/pkgconfig/spdlog.pc
-- Installing: /workspace/foxy_ws/install/lib/libspdlog.so
-- Installing: /workspace/foxy_ws/install/lib/libspdlog.so.1.5.0
-- Up-to-date: /workspace/foxy_ws/install/lib/cmake
-- Installing: /workspace/foxy_ws/install/lib/cmake/spdlog
-- Installing: /workspace/foxy_ws/install/lib/cmake/spdlog/spdlogConfig.cmake
-- Installing: /workspace/foxy_ws/install/lib/cmake/spdlog/spdlogConfigTargets-release.cmake
-- Installing: /workspace/foxy_ws/install/lib/cmake/spdlog/spdlogConfigTargets.cmake
-- Installing: /workspace/foxy_ws/install/lib/cmake/spdlog/spdlogConfigVersion.cmake
-- Installing: /workspace/foxy_ws/install/share/ament_index/resource_index/package_run_dependencies/spdlog_vendor
-- Installing: /workspace/foxy_ws/install/share/ament_index/resource_index/parent_prefix_path/spdlog_vendor
-- Installing: /workspace/foxy_ws/install/share/spdlog_vendor/environment/ament_prefix_path.sh
-- Installing: /workspace/foxy_ws/install/share/spdlog_vendor/environment/ament_prefix_path.dsv
-- Installing: /workspace/foxy_ws/install/share/spdlog_vendor/environment/path.sh
-- Installing: /workspace/foxy_ws/install/share/spdlog_vendor/environment/path.dsv
-- Installing: /workspace/foxy_ws/install/share/spdlog_vendor/local_setup.bash
-- Installing: /workspace/foxy_ws/install/share/spdlog_vendor/local_setup.sh
-- Installing: /workspace/foxy_ws/install/share/spdlog_vendor/local_setup.zsh
-- Installing: /workspace/foxy_ws/install/share/spdlog_vendor/local_setup.dsv
-- Installing: /workspace/foxy_ws/install/share/spdlog_vendor/package.dsv
-- Installing: /workspace/foxy_ws/install/share/ament_index/resource_index/packages/spdlog_vendor
-- Installing: /workspace/foxy_ws/install/share/spdlog_vendor/cmake/spdlog_vendorConfig.cmake
-- Installing: /workspace/foxy_ws/install/share/spdlog_vendor/cmake/spdlog_vendorConfig-version.cmake
-- Installing: /workspace/foxy_ws/install/share/spdlog_vendor/package.xml
