-- The C compiler identification is GNU 9.4.0
-- The CXX compiler identification is GNU 9.4.0
-- Check for working C compiler: /usr/bin/cc
-- Check for working C compiler: /usr/bin/cc -- works
-- Detecting C compiler ABI info
-- Detecting C compiler ABI info - done
-- Detecting C compile features
-- Detecting C compile features - done
-- Check for working CXX compiler: /usr/bin/c++
-- Check for working CXX compiler: /usr/bin/c++ -- works
-- Detecting CXX compiler ABI info
-- Detecting CXX compiler ABI info - done
-- Detecting CXX compile features
-- Detecting CXX compile features - done
-- Found ament_cmake: 0.9.12 (/workspace/foxy_ws/install/share/ament_cmake/cmake)
-- Found PythonInterp: /usr/bin/python3 (found suitable version "3.10.14", minimum required is "3") 
-- Using PYTHON_EXECUTABLE: /usr/bin/python3
-- Found rcpputils: 1.3.2 (/workspace/foxy_ws/install/share/rcpputils/cmake)
-- Found rmw: 1.0.4 (/workspace/foxy_ws/install/share/rmw/cmake)
-- Found rosidl_default_generators: 1.0.1 (/workspace/foxy_ws/install/share/rosidl_default_generators/cmake)
-- Using all available rosidl_typesupport_c: rosidl_typesupport_fastrtps_c;rosidl_typesupport_introspection_c
-- Found rosidl_adapter: 1.3.1 (/workspace/foxy_ws/install/share/rosidl_adapter/cmake)
-- Found OpenSSL: /usr/lib/x86_64-linux-gnu/libcrypto.so (found version "1.1.1f")  
-- Found FastRTPS: /workspace/foxy_ws/install/include  
-- Using all available rosidl_typesupport_cpp: rosidl_typesupport_fastrtps_cpp;rosidl_typesupport_introspection_cpp
-- Found PythonInterp: /usr/bin/python3 (found version "3.10.14") 
-- Found ament_cmake_ros: 0.9.2 (/workspace/foxy_ws/install/share/ament_cmake_ros/cmake)
-- Using all available rosidl_typesupport_c: rosidl_typesupport_fastrtps_c;rosidl_typesupport_introspection_c
-- Using all available rosidl_typesupport_cpp: rosidl_typesupport_fastrtps_cpp;rosidl_typesupport_introspection_cpp
-- Found PythonInterp: /usr/bin/python3 (found suitable version "3.10.14", minimum required is "3.5") 
-- Found python_cmake_module: 0.8.1 (/workspace/foxy_ws/install/share/python_cmake_module/cmake)
-- Found PythonLibs: /usr/lib/x86_64-linux-gnu/libpython3.10.so (found suitable version "3.10.14", minimum required is "3.5") 
-- Using PYTHON_EXECUTABLE: /usr/bin/python3
-- Using PYTHON_INCLUDE_DIRS: /usr/include/python3.10
-- Using PYTHON_LIBRARIES: /usr/lib/x86_64-linux-gnu/libpython3.10.so
-- Found PythonExtra: .so  
<string>:1: DeprecationWarning: The distutils package is deprecated and slated for removal in Python 3.12. Use setuptools or check PEP 632 for potential alternatives
<string>:1: DeprecationWarning: The distutils.sysconfig module is deprecated, use sysconfig instead
-- Using numpy include directory: /usr/local/lib/python3.10/dist-packages/numpy/core/include
-- Found ament_lint_auto: 0.9.8 (/workspace/foxy_ws/install/share/ament_lint_auto/cmake)
-- Found gmock sources under '/workspace/foxy_ws/install/src/gmock_vendor': C++ tests using 'Google Mock' will be built
-- Found gtest sources under '/workspace/foxy_ws/install/src/gtest_vendor': C++ tests using 'Google Test' will be built
-- Performance tests are disabled by default, so Google Benchmark tests will be skipped. To enable these tests, set the CMake variable 'AMENT_RUN_PERFORMANCE_TESTS'.
-- Added test 'copyright' to check source files copyright and LICENSE
-- Added test 'cppcheck' to perform static code analysis on C / C++ code
-- Configured cppcheck include dirs: /workspace/foxy_ws/install/include;$<BUILD_INTERFACE:/workspace/foxy_ws/src/rmw_dds_common/include>
-- Configured cppcheck exclude dirs and/or files: 
-- Added test 'cpplint' to check C / C++ code against the Google style
-- Configured cpplint exclude dirs and/or files: 
-- Added test 'lint_cmake' to check CMake code style
-- Added test 'uncrustify' to check C / C++ code style
-- Configured uncrustify additional arguments: 
-- Added test 'xmllint' to check XML markup files
-- Configuring done
-- Generating done
-- Build files have been written to: /workspace/foxy_ws/build/rmw_dds_common
[  1%] Generating C code for ROS interfaces
Scanning dependencies of target rmw_dds_common__cpp
Scanning dependencies of target gmock_main
Scanning dependencies of target gmock
[  3%] Building CXX object gmock/CMakeFiles/gmock_main.dir/src/gmock_main.cc.o
[  4%] Generating C++ code for ROS interfaces
[  6%] Building CXX object gmock/CMakeFiles/gmock.dir/workspace/foxy_ws/install/src/gtest_vendor/src/gtest-all.cc.o
[  8%] Building CXX object gmock/CMakeFiles/gmock.dir/src/gmock-all.cc.o
[  8%] Built target rmw_dds_common__cpp
Scanning dependencies of target rmw_dds_common__rosidl_generator_c
[  9%] Generating C++ type support for eProsima Fast-RTPS
[ 11%] Generating C++ type support dispatch for ROS interfaces
[ 13%] Generating C++ introspection for ROS interfaces
[ 14%] Building C object CMakeFiles/rmw_dds_common__rosidl_generator_c.dir/rosidl_generator_c/rmw_dds_common/msg/detail/gid__functions.c.o
[ 16%] Building C object CMakeFiles/rmw_dds_common__rosidl_generator_c.dir/rosidl_generator_c/rmw_dds_common/msg/detail/node_entities_info__functions.c.o
[ 18%] Building C object CMakeFiles/rmw_dds_common__rosidl_generator_c.dir/rosidl_generator_c/rmw_dds_common/msg/detail/participant_entities_info__functions.c.o
[ 19%] Linking C shared library librmw_dds_common__rosidl_generator_c.so
[ 19%] Built target rmw_dds_common__rosidl_generator_c
[ 21%] Linking CXX static library libgmock_main.a
[ 22%] Generating C introspection for ROS interfaces
[ 24%] Generating C type support dispatch for ROS interfaces
[ 24%] Built target gmock_main
Scanning dependencies of target rmw_dds_common__rosidl_typesupport_cpp
[ 26%] Building CXX object CMakeFiles/rmw_dds_common__rosidl_typesupport_cpp.dir/rosidl_typesupport_cpp/rmw_dds_common/msg/gid__type_support.cpp.o
[ 27%] Building CXX object CMakeFiles/rmw_dds_common__rosidl_typesupport_cpp.dir/rosidl_typesupport_cpp/rmw_dds_common/msg/node_entities_info__type_support.cpp.o
[ 29%] Building CXX object CMakeFiles/rmw_dds_common__rosidl_typesupport_cpp.dir/rosidl_typesupport_cpp/rmw_dds_common/msg/participant_entities_info__type_support.cpp.o
Scanning dependencies of target rmw_dds_common__rosidl_typesupport_introspection_cpp
[ 31%] Building CXX object CMakeFiles/rmw_dds_common__rosidl_typesupport_introspection_cpp.dir/rosidl_typesupport_introspection_cpp/rmw_dds_common/msg/detail/gid__type_support.cpp.o
[ 32%] Building CXX object CMakeFiles/rmw_dds_common__rosidl_typesupport_introspection_cpp.dir/rosidl_typesupport_introspection_cpp/rmw_dds_common/msg/detail/node_entities_info__type_support.cpp.o
[ 34%] Building CXX object CMakeFiles/rmw_dds_common__rosidl_typesupport_introspection_cpp.dir/rosidl_typesupport_introspection_cpp/rmw_dds_common/msg/detail/participant_entities_info__type_support.cpp.o
Scanning dependencies of target rmw_dds_common__rosidl_typesupport_fastrtps_cpp
[ 36%] Building CXX object CMakeFiles/rmw_dds_common__rosidl_typesupport_fastrtps_cpp.dir/rosidl_typesupport_fastrtps_cpp/rmw_dds_common/msg/detail/dds_fastrtps/gid__type_support.cpp.o
[ 37%] Building CXX object CMakeFiles/rmw_dds_common__rosidl_typesupport_fastrtps_cpp.dir/rosidl_typesupport_fastrtps_cpp/rmw_dds_common/msg/detail/dds_fastrtps/participant_entities_info__type_support.cpp.o
[ 39%] Building CXX object CMakeFiles/rmw_dds_common__rosidl_typesupport_fastrtps_cpp.dir/rosidl_typesupport_fastrtps_cpp/rmw_dds_common/msg/detail/dds_fastrtps/node_entities_info__type_support.cpp.o
Scanning dependencies of target rmw_dds_common__rosidl_typesupport_introspection_c
[ 40%] Building C object CMakeFiles/rmw_dds_common__rosidl_typesupport_introspection_c.dir/rosidl_typesupport_introspection_c/rmw_dds_common/msg/detail/gid__type_support.c.o
[ 42%] Building C object CMakeFiles/rmw_dds_common__rosidl_typesupport_introspection_c.dir/rosidl_typesupport_introspection_c/rmw_dds_common/msg/detail/node_entities_info__type_support.c.o
[ 44%] Building C object CMakeFiles/rmw_dds_common__rosidl_typesupport_introspection_c.dir/rosidl_typesupport_introspection_c/rmw_dds_common/msg/detail/participant_entities_info__type_support.c.o
[ 45%] Linking C shared library librmw_dds_common__rosidl_typesupport_introspection_c.so
[ 45%] Built target rmw_dds_common__rosidl_typesupport_introspection_c
Scanning dependencies of target rmw_dds_common__rosidl_typesupport_c
[ 47%] Building CXX object CMakeFiles/rmw_dds_common__rosidl_typesupport_c.dir/rosidl_typesupport_c/rmw_dds_common/msg/node_entities_info__type_support.cpp.o
[ 49%] Building CXX object CMakeFiles/rmw_dds_common__rosidl_typesupport_c.dir/rosidl_typesupport_c/rmw_dds_common/msg/participant_entities_info__type_support.cpp.o
[ 50%] Building CXX object CMakeFiles/rmw_dds_common__rosidl_typesupport_c.dir/rosidl_typesupport_c/rmw_dds_common/msg/gid__type_support.cpp.o
[ 52%] Linking CXX shared library librmw_dds_common__rosidl_typesupport_cpp.so
[ 54%] Linking CXX shared library librmw_dds_common__rosidl_typesupport_c.so
[ 54%] Built target rmw_dds_common__rosidl_typesupport_cpp
[ 54%] Built target rmw_dds_common__rosidl_typesupport_c
[ 55%] Linking CXX shared library librmw_dds_common__rosidl_typesupport_introspection_cpp.so
[ 57%] Linking CXX shared library librmw_dds_common__rosidl_typesupport_fastrtps_cpp.so
[ 57%] Built target rmw_dds_common__rosidl_typesupport_introspection_cpp
[ 57%] Built target rmw_dds_common__rosidl_typesupport_fastrtps_cpp
[ 59%] Generating C type support for eProsima Fast-RTPS
Scanning dependencies of target rmw_dds_common__rosidl_typesupport_fastrtps_c
[ 60%] Building CXX object CMakeFiles/rmw_dds_common__rosidl_typesupport_fastrtps_c.dir/rosidl_typesupport_fastrtps_c/rmw_dds_common/msg/detail/gid__type_support_c.cpp.o
[ 62%] Building CXX object CMakeFiles/rmw_dds_common__rosidl_typesupport_fastrtps_c.dir/rosidl_typesupport_fastrtps_c/rmw_dds_common/msg/detail/node_entities_info__type_support_c.cpp.o
[ 63%] Building CXX object CMakeFiles/rmw_dds_common__rosidl_typesupport_fastrtps_c.dir/rosidl_typesupport_fastrtps_c/rmw_dds_common/msg/detail/participant_entities_info__type_support_c.cpp.o
[ 65%] Linking CXX shared library librmw_dds_common__rosidl_typesupport_fastrtps_c.so
[ 65%] Built target rmw_dds_common__rosidl_typesupport_fastrtps_c
Scanning dependencies of target rmw_dds_common
[ 65%] Built target rmw_dds_common
Scanning dependencies of target rmw_dds_common__py
Scanning dependencies of target rmw_dds_common_library
[ 67%] Generating Python code for ROS interfaces
[ 68%] Building CXX object CMakeFiles/rmw_dds_common_library.dir/src/gid_utils.cpp.o
[ 70%] Building CXX object CMakeFiles/rmw_dds_common_library.dir/src/graph_cache.cpp.o
[ 72%] Linking CXX static library libgmock.a
[ 72%] Built target gmock
[ 72%] Built target rmw_dds_common__py
Scanning dependencies of target rmw_dds_common__python
[ 73%] Building C object CMakeFiles/rmw_dds_common__python.dir/rosidl_generator_py/rmw_dds_common/msg/_gid_s.c.o
[ 75%] Building C object CMakeFiles/rmw_dds_common__python.dir/rosidl_generator_py/rmw_dds_common/msg/_node_entities_info_s.c.o
[ 77%] Building C object CMakeFiles/rmw_dds_common__python.dir/rosidl_generator_py/rmw_dds_common/msg/_participant_entities_info_s.c.o
[ 78%] Linking C shared library rosidl_generator_py/rmw_dds_common/librmw_dds_common__python.so
[ 78%] Built target rmw_dds_common__python
Scanning dependencies of target rmw_dds_common__rosidl_typesupport_c__pyext
[ 80%] Building C object CMakeFiles/rmw_dds_common__rosidl_typesupport_c__pyext.dir/rosidl_generator_py/rmw_dds_common/_rmw_dds_common_s.ep.rosidl_typesupport_c.c.o
[ 81%] Linking C shared library rosidl_generator_py/rmw_dds_common/rmw_dds_common_s__rosidl_typesupport_c.cpython-310-x86_64-linux-gnu.so
[ 81%] Built target rmw_dds_common__rosidl_typesupport_c__pyext
Scanning dependencies of target rmw_dds_common__rosidl_typesupport_introspection_c__pyext
[ 83%] Building C object CMakeFiles/rmw_dds_common__rosidl_typesupport_introspection_c__pyext.dir/rosidl_generator_py/rmw_dds_common/_rmw_dds_common_s.ep.rosidl_typesupport_introspection_c.c.o
[ 85%] Linking C shared library rosidl_generator_py/rmw_dds_common/rmw_dds_common_s__rosidl_typesupport_introspection_c.cpython-310-x86_64-linux-gnu.so
[ 86%] Linking CXX shared library librmw_dds_common.so
[ 86%] Built target rmw_dds_common__rosidl_typesupport_introspection_c__pyext
Scanning dependencies of target rmw_dds_common__rosidl_typesupport_fastrtps_c__pyext
[ 88%] Building C object CMakeFiles/rmw_dds_common__rosidl_typesupport_fastrtps_c__pyext.dir/rosidl_generator_py/rmw_dds_common/_rmw_dds_common_s.ep.rosidl_typesupport_fastrtps_c.c.o
[ 88%] Built target rmw_dds_common_library
Scanning dependencies of target benchmark_graph_cache
[ 90%] Linking CXX shared library rosidl_generator_py/rmw_dds_common/rmw_dds_common_s__rosidl_typesupport_fastrtps_c.cpython-310-x86_64-linux-gnu.so
[ 91%] Building CXX object CMakeFiles/benchmark_graph_cache.dir/test/benchmark/benchmark_graph_cache.cpp.o
[ 91%] Built target rmw_dds_common__rosidl_typesupport_fastrtps_c__pyext
Scanning dependencies of target test_graph_cache
[ 93%] Building CXX object CMakeFiles/test_graph_cache.dir/test/test_graph_cache.cpp.o
[ 95%] Linking CXX executable benchmark_graph_cache
[ 95%] Built target benchmark_graph_cache
Scanning dependencies of target test_gid_utils
[ 96%] Building CXX object CMakeFiles/test_gid_utils.dir/test/test_gid_utils.cpp.o
[ 98%] Linking CXX executable test_gid_utils
[ 98%] Built target test_gid_utils
[100%] Linking CXX executable test_graph_cache
[100%] Built target test_graph_cache
-- Install configuration: ""
-- Installing: /workspace/foxy_ws/install/share/ament_index/resource_index/rosidl_interfaces/rmw_dds_common
-- Installing: /workspace/foxy_ws/install/include/rmw_dds_common
-- Installing: /workspace/foxy_ws/install/include/rmw_dds_common/msg
-- Installing: /workspace/foxy_ws/install/include/rmw_dds_common/msg/node_entities_info.h
-- Installing: /workspace/foxy_ws/install/include/rmw_dds_common/msg/participant_entities_info.h
-- Installing: /workspace/foxy_ws/install/include/rmw_dds_common/msg/gid.h
-- Installing: /workspace/foxy_ws/install/include/rmw_dds_common/msg/rosidl_generator_c__visibility_control.h
-- Installing: /workspace/foxy_ws/install/include/rmw_dds_common/msg/detail
-- Installing: /workspace/foxy_ws/install/include/rmw_dds_common/msg/detail/gid__functions.c
-- Installing: /workspace/foxy_ws/install/include/rmw_dds_common/msg/detail/gid__type_support.h
-- Installing: /workspace/foxy_ws/install/include/rmw_dds_common/msg/detail/participant_entities_info__struct.h
-- Installing: /workspace/foxy_ws/install/include/rmw_dds_common/msg/detail/node_entities_info__functions.h
-- Installing: /workspace/foxy_ws/install/include/rmw_dds_common/msg/detail/participant_entities_info__functions.h
-- Installing: /workspace/foxy_ws/install/include/rmw_dds_common/msg/detail/gid__functions.h
-- Installing: /workspace/foxy_ws/install/include/rmw_dds_common/msg/detail/gid__struct.h
-- Installing: /workspace/foxy_ws/install/include/rmw_dds_common/msg/detail/participant_entities_info__functions.c
-- Installing: /workspace/foxy_ws/install/include/rmw_dds_common/msg/detail/participant_entities_info__type_support.h
-- Installing: /workspace/foxy_ws/install/include/rmw_dds_common/msg/detail/node_entities_info__functions.c
-- Installing: /workspace/foxy_ws/install/include/rmw_dds_common/msg/detail/node_entities_info__type_support.h
-- Installing: /workspace/foxy_ws/install/include/rmw_dds_common/msg/detail/node_entities_info__struct.h
-- Installing: /workspace/foxy_ws/install/share/rmw_dds_common/environment/library_path.sh
-- Installing: /workspace/foxy_ws/install/share/rmw_dds_common/environment/library_path.dsv
-- Installing: /workspace/foxy_ws/install/lib/librmw_dds_common__rosidl_generator_c.so
-- Set runtime path of "/workspace/foxy_ws/install/lib/librmw_dds_common__rosidl_generator_c.so" to ""
-- Up-to-date: /workspace/foxy_ws/install/include/rmw_dds_common
-- Up-to-date: /workspace/foxy_ws/install/include/rmw_dds_common/msg
-- Installing: /workspace/foxy_ws/install/include/rmw_dds_common/msg/rosidl_typesupport_fastrtps_c__visibility_control.h
-- Up-to-date: /workspace/foxy_ws/install/include/rmw_dds_common/msg/detail
-- Installing: /workspace/foxy_ws/install/include/rmw_dds_common/msg/detail/gid__rosidl_typesupport_fastrtps_c.h
-- Installing: /workspace/foxy_ws/install/include/rmw_dds_common/msg/detail/participant_entities_info__rosidl_typesupport_fastrtps_c.h
-- Installing: /workspace/foxy_ws/install/include/rmw_dds_common/msg/detail/node_entities_info__rosidl_typesupport_fastrtps_c.h
-- Installing: /workspace/foxy_ws/install/lib/librmw_dds_common__rosidl_typesupport_fastrtps_c.so
-- Set runtime path of "/workspace/foxy_ws/install/lib/librmw_dds_common__rosidl_typesupport_fastrtps_c.so" to ""
-- Up-to-date: /workspace/foxy_ws/install/include/rmw_dds_common
-- Up-to-date: /workspace/foxy_ws/install/include/rmw_dds_common/msg
-- Installing: /workspace/foxy_ws/install/include/rmw_dds_common/msg/rosidl_typesupport_fastrtps_cpp__visibility_control.h
-- Up-to-date: /workspace/foxy_ws/install/include/rmw_dds_common/msg/detail
-- Installing: /workspace/foxy_ws/install/include/rmw_dds_common/msg/detail/participant_entities_info__rosidl_typesupport_fastrtps_cpp.hpp
-- Installing: /workspace/foxy_ws/install/include/rmw_dds_common/msg/detail/gid__rosidl_typesupport_fastrtps_cpp.hpp
-- Installing: /workspace/foxy_ws/install/include/rmw_dds_common/msg/detail/dds_fastrtps
-- Installing: /workspace/foxy_ws/install/include/rmw_dds_common/msg/detail/node_entities_info__rosidl_typesupport_fastrtps_cpp.hpp
-- Installing: /workspace/foxy_ws/install/lib/librmw_dds_common__rosidl_typesupport_fastrtps_cpp.so
-- Set runtime path of "/workspace/foxy_ws/install/lib/librmw_dds_common__rosidl_typesupport_fastrtps_cpp.so" to ""
-- Up-to-date: /workspace/foxy_ws/install/include/rmw_dds_common
-- Up-to-date: /workspace/foxy_ws/install/include/rmw_dds_common/msg
-- Installing: /workspace/foxy_ws/install/include/rmw_dds_common/msg/rosidl_typesupport_introspection_c__visibility_control.h
-- Up-to-date: /workspace/foxy_ws/install/include/rmw_dds_common/msg/detail
-- Installing: /workspace/foxy_ws/install/include/rmw_dds_common/msg/detail/participant_entities_info__rosidl_typesupport_introspection_c.h
-- Installing: /workspace/foxy_ws/install/include/rmw_dds_common/msg/detail/participant_entities_info__type_support.c
-- Installing: /workspace/foxy_ws/install/include/rmw_dds_common/msg/detail/gid__type_support.c
-- Installing: /workspace/foxy_ws/install/include/rmw_dds_common/msg/detail/gid__rosidl_typesupport_introspection_c.h
-- Installing: /workspace/foxy_ws/install/include/rmw_dds_common/msg/detail/node_entities_info__type_support.c
-- Installing: /workspace/foxy_ws/install/include/rmw_dds_common/msg/detail/node_entities_info__rosidl_typesupport_introspection_c.h
-- Installing: /workspace/foxy_ws/install/lib/librmw_dds_common__rosidl_typesupport_introspection_c.so
-- Set runtime path of "/workspace/foxy_ws/install/lib/librmw_dds_common__rosidl_typesupport_introspection_c.so" to ""
-- Installing: /workspace/foxy_ws/install/lib/librmw_dds_common__rosidl_typesupport_c.so
-- Set runtime path of "/workspace/foxy_ws/install/lib/librmw_dds_common__rosidl_typesupport_c.so" to ""
-- Up-to-date: /workspace/foxy_ws/install/include/rmw_dds_common
-- Up-to-date: /workspace/foxy_ws/install/include/rmw_dds_common/msg
-- Installing: /workspace/foxy_ws/install/include/rmw_dds_common/msg/participant_entities_info.hpp
-- Installing: /workspace/foxy_ws/install/include/rmw_dds_common/msg/rosidl_generator_cpp__visibility_control.hpp
-- Installing: /workspace/foxy_ws/install/include/rmw_dds_common/msg/gid.hpp
-- Up-to-date: /workspace/foxy_ws/install/include/rmw_dds_common/msg/detail
-- Installing: /workspace/foxy_ws/install/include/rmw_dds_common/msg/detail/node_entities_info__struct.hpp
-- Installing: /workspace/foxy_ws/install/include/rmw_dds_common/msg/detail/gid__traits.hpp
-- Installing: /workspace/foxy_ws/install/include/rmw_dds_common/msg/detail/participant_entities_info__type_support.hpp
-- Installing: /workspace/foxy_ws/install/include/rmw_dds_common/msg/detail/participant_entities_info__struct.hpp
-- Installing: /workspace/foxy_ws/install/include/rmw_dds_common/msg/detail/gid__type_support.hpp
-- Installing: /workspace/foxy_ws/install/include/rmw_dds_common/msg/detail/node_entities_info__type_support.hpp
-- Installing: /workspace/foxy_ws/install/include/rmw_dds_common/msg/detail/participant_entities_info__traits.hpp
-- Installing: /workspace/foxy_ws/install/include/rmw_dds_common/msg/detail/node_entities_info__builder.hpp
-- Installing: /workspace/foxy_ws/install/include/rmw_dds_common/msg/detail/gid__builder.hpp
-- Installing: /workspace/foxy_ws/install/include/rmw_dds_common/msg/detail/gid__struct.hpp
-- Installing: /workspace/foxy_ws/install/include/rmw_dds_common/msg/detail/participant_entities_info__builder.hpp
-- Installing: /workspace/foxy_ws/install/include/rmw_dds_common/msg/detail/node_entities_info__traits.hpp
-- Installing: /workspace/foxy_ws/install/include/rmw_dds_common/msg/node_entities_info.hpp
-- Up-to-date: /workspace/foxy_ws/install/include/rmw_dds_common
-- Up-to-date: /workspace/foxy_ws/install/include/rmw_dds_common/msg
-- Up-to-date: /workspace/foxy_ws/install/include/rmw_dds_common/msg/detail
-- Installing: /workspace/foxy_ws/install/include/rmw_dds_common/msg/detail/participant_entities_info__type_support.cpp
-- Installing: /workspace/foxy_ws/install/include/rmw_dds_common/msg/detail/node_entities_info__rosidl_typesupport_introspection_cpp.hpp
-- Installing: /workspace/foxy_ws/install/include/rmw_dds_common/msg/detail/gid__type_support.cpp
-- Installing: /workspace/foxy_ws/install/include/rmw_dds_common/msg/detail/node_entities_info__type_support.cpp
-- Installing: /workspace/foxy_ws/install/include/rmw_dds_common/msg/detail/gid__rosidl_typesupport_introspection_cpp.hpp
-- Installing: /workspace/foxy_ws/install/include/rmw_dds_common/msg/detail/participant_entities_info__rosidl_typesupport_introspection_cpp.hpp
-- Installing: /workspace/foxy_ws/install/lib/librmw_dds_common__rosidl_typesupport_introspection_cpp.so
-- Set runtime path of "/workspace/foxy_ws/install/lib/librmw_dds_common__rosidl_typesupport_introspection_cpp.so" to ""
-- Installing: /workspace/foxy_ws/install/lib/librmw_dds_common__rosidl_typesupport_cpp.so
-- Set runtime path of "/workspace/foxy_ws/install/lib/librmw_dds_common__rosidl_typesupport_cpp.so" to ""
-- Installing: /workspace/foxy_ws/install/share/rmw_dds_common/environment/pythonpath.sh
-- Installing: /workspace/foxy_ws/install/share/rmw_dds_common/environment/pythonpath.dsv
-- Installing: /workspace/foxy_ws/install/lib/python3.10/site-packages/rmw_dds_common/__init__.py
Compiling '/workspace/foxy_ws/install/lib/python3.10/site-packages/rmw_dds_common/__init__.py'...
-- Installing: /workspace/foxy_ws/install/lib/python3.10/site-packages/rmw_dds_common/msg
-- Installing: /workspace/foxy_ws/install/lib/python3.10/site-packages/rmw_dds_common/msg/_gid.py
-- Installing: /workspace/foxy_ws/install/lib/python3.10/site-packages/rmw_dds_common/msg/_participant_entities_info_s.c
-- Installing: /workspace/foxy_ws/install/lib/python3.10/site-packages/rmw_dds_common/msg/_participant_entities_info.py
-- Installing: /workspace/foxy_ws/install/lib/python3.10/site-packages/rmw_dds_common/msg/_node_entities_info.py
-- Installing: /workspace/foxy_ws/install/lib/python3.10/site-packages/rmw_dds_common/msg/__init__.py
-- Installing: /workspace/foxy_ws/install/lib/python3.10/site-packages/rmw_dds_common/msg/_gid_s.c
-- Installing: /workspace/foxy_ws/install/lib/python3.10/site-packages/rmw_dds_common/msg/_node_entities_info_s.c
-- Installing: /workspace/foxy_ws/install/lib/python3.10/site-packages/rmw_dds_common/rmw_dds_common_s__rosidl_typesupport_fastrtps_c.cpython-310-x86_64-linux-gnu.so
-- Set runtime path of "/workspace/foxy_ws/install/lib/python3.10/site-packages/rmw_dds_common/rmw_dds_common_s__rosidl_typesupport_fastrtps_c.cpython-310-x86_64-linux-gnu.so" to ""
-- Installing: /workspace/foxy_ws/install/lib/python3.10/site-packages/rmw_dds_common/rmw_dds_common_s__rosidl_typesupport_introspection_c.cpython-310-x86_64-linux-gnu.so
-- Set runtime path of "/workspace/foxy_ws/install/lib/python3.10/site-packages/rmw_dds_common/rmw_dds_common_s__rosidl_typesupport_introspection_c.cpython-310-x86_64-linux-gnu.so" to ""
-- Installing: /workspace/foxy_ws/install/lib/python3.10/site-packages/rmw_dds_common/rmw_dds_common_s__rosidl_typesupport_c.cpython-310-x86_64-linux-gnu.so
-- Set runtime path of "/workspace/foxy_ws/install/lib/python3.10/site-packages/rmw_dds_common/rmw_dds_common_s__rosidl_typesupport_c.cpython-310-x86_64-linux-gnu.so" to ""
-- Installing: /workspace/foxy_ws/install/lib/librmw_dds_common__python.so
-- Set runtime path of "/workspace/foxy_ws/install/lib/librmw_dds_common__python.so" to ""
-- Installing: /workspace/foxy_ws/install/share/rmw_dds_common/msg/Gid.idl
-- Installing: /workspace/foxy_ws/install/share/rmw_dds_common/msg/NodeEntitiesInfo.idl
-- Installing: /workspace/foxy_ws/install/share/rmw_dds_common/msg/ParticipantEntitiesInfo.idl
-- Installing: /workspace/foxy_ws/install/share/rmw_dds_common/msg/Gid.msg
-- Installing: /workspace/foxy_ws/install/share/rmw_dds_common/msg/NodeEntitiesInfo.msg
-- Installing: /workspace/foxy_ws/install/share/rmw_dds_common/msg/ParticipantEntitiesInfo.msg
-- Installing: /workspace/foxy_ws/install/lib/librmw_dds_common.so
-- Set runtime path of "/workspace/foxy_ws/install/lib/librmw_dds_common.so" to ""
-- Up-to-date: /workspace/foxy_ws/install/include
-- Up-to-date: /workspace/foxy_ws/install/include/rmw_dds_common
-- Installing: /workspace/foxy_ws/install/include/rmw_dds_common/graph_cache.hpp
-- Installing: /workspace/foxy_ws/install/include/rmw_dds_common/context.hpp
-- Installing: /workspace/foxy_ws/install/include/rmw_dds_common/gid_utils.hpp
-- Installing: /workspace/foxy_ws/install/include/rmw_dds_common/visibility_control.h
-- Installing: /workspace/foxy_ws/install/share/ament_index/resource_index/package_run_dependencies/rmw_dds_common
-- Installing: /workspace/foxy_ws/install/share/ament_index/resource_index/parent_prefix_path/rmw_dds_common
-- Installing: /workspace/foxy_ws/install/share/rmw_dds_common/environment/ament_prefix_path.sh
-- Installing: /workspace/foxy_ws/install/share/rmw_dds_common/environment/ament_prefix_path.dsv
-- Installing: /workspace/foxy_ws/install/share/rmw_dds_common/environment/path.sh
-- Installing: /workspace/foxy_ws/install/share/rmw_dds_common/environment/path.dsv
-- Installing: /workspace/foxy_ws/install/share/rmw_dds_common/local_setup.bash
-- Installing: /workspace/foxy_ws/install/share/rmw_dds_common/local_setup.sh
-- Installing: /workspace/foxy_ws/install/share/rmw_dds_common/local_setup.zsh
-- Installing: /workspace/foxy_ws/install/share/rmw_dds_common/local_setup.dsv
-- Installing: /workspace/foxy_ws/install/share/rmw_dds_common/package.dsv
-- Installing: /workspace/foxy_ws/install/share/ament_index/resource_index/packages/rmw_dds_common
-- Installing: /workspace/foxy_ws/install/share/rmw_dds_common/cmake/rmw_dds_common__rosidl_generator_cExport.cmake
-- Installing: /workspace/foxy_ws/install/share/rmw_dds_common/cmake/rmw_dds_common__rosidl_generator_cExport-noconfig.cmake
-- Installing: /workspace/foxy_ws/install/share/rmw_dds_common/cmake/rmw_dds_common__rosidl_typesupport_introspection_cExport.cmake
-- Installing: /workspace/foxy_ws/install/share/rmw_dds_common/cmake/rmw_dds_common__rosidl_typesupport_introspection_cExport-noconfig.cmake
-- Installing: /workspace/foxy_ws/install/share/rmw_dds_common/cmake/rmw_dds_common__rosidl_typesupport_cExport.cmake
-- Installing: /workspace/foxy_ws/install/share/rmw_dds_common/cmake/rmw_dds_common__rosidl_typesupport_cExport-noconfig.cmake
-- Installing: /workspace/foxy_ws/install/share/rmw_dds_common/cmake/rmw_dds_common__rosidl_generator_cppExport.cmake
-- Installing: /workspace/foxy_ws/install/share/rmw_dds_common/cmake/rmw_dds_common__rosidl_typesupport_introspection_cppExport.cmake
-- Installing: /workspace/foxy_ws/install/share/rmw_dds_common/cmake/rmw_dds_common__rosidl_typesupport_introspection_cppExport-noconfig.cmake
-- Installing: /workspace/foxy_ws/install/share/rmw_dds_common/cmake/rmw_dds_common__rosidl_typesupport_cppExport.cmake
-- Installing: /workspace/foxy_ws/install/share/rmw_dds_common/cmake/rmw_dds_common__rosidl_typesupport_cppExport-noconfig.cmake
-- Installing: /workspace/foxy_ws/install/share/rmw_dds_common/cmake/rmw_dds_common_libraryExport.cmake
-- Installing: /workspace/foxy_ws/install/share/rmw_dds_common/cmake/rmw_dds_common_libraryExport-noconfig.cmake
-- Installing: /workspace/foxy_ws/install/share/rmw_dds_common/cmake/ament_cmake_export_dependencies-extras.cmake
-- Installing: /workspace/foxy_ws/install/share/rmw_dds_common/cmake/rosidl_cmake-extras.cmake
-- Installing: /workspace/foxy_ws/install/share/rmw_dds_common/cmake/ament_cmake_export_libraries-extras.cmake
-- Installing: /workspace/foxy_ws/install/share/rmw_dds_common/cmake/ament_cmake_export_targets-extras.cmake
-- Installing: /workspace/foxy_ws/install/share/rmw_dds_common/cmake/ament_cmake_export_include_directories-extras.cmake
-- Installing: /workspace/foxy_ws/install/share/rmw_dds_common/cmake/rosidl_cmake_export_typesupport_libraries-extras.cmake
-- Installing: /workspace/foxy_ws/install/share/rmw_dds_common/cmake/rosidl_cmake_export_typesupport_targets-extras.cmake
-- Installing: /workspace/foxy_ws/install/share/rmw_dds_common/cmake/rmw_dds_commonConfig.cmake
-- Installing: /workspace/foxy_ws/install/share/rmw_dds_common/cmake/rmw_dds_commonConfig-version.cmake
-- Installing: /workspace/foxy_ws/install/share/rmw_dds_common/package.xml
