[0.115s] Invoking command in '/workspace/foxy_ws/build/rmw_dds_common': AMENT_PREFIX_PATH=/workspace/foxy_ws/install CMAKE_PREFIX_PATH=/workspace/foxy_ws/install LD_LIBRARY_PATH=/workspace/foxy_ws/install/lib PATH=/workspace/foxy_ws/install/bin:${PATH} PKG_CONFIG_PATH=/workspace/foxy_ws/install/lib/x86_64-linux-gnu/pkgconfig:/workspace/foxy_ws/install/lib/pkgconfig PYTHONPATH=/workspace/foxy_ws/install/lib/python3.10/site-packages /usr/bin/cmake /workspace/foxy_ws/src/rmw_dds_common -DCMAKE_INSTALL_PREFIX=/workspace/foxy_ws/install
[0.167s] -- The C compiler identification is GNU 9.4.0
[0.215s] -- The CXX compiler identification is GNU 9.4.0
[0.219s] -- Check for working C compiler: /usr/bin/cc
[0.289s] -- Check for working C compiler: /usr/bin/cc -- works
[0.289s] -- Detecting C compiler ABI info
[0.354s] -- Detecting C compiler ABI info - done
[0.375s] -- Detecting C compile features
[0.375s] -- Detecting C compile features - done
[0.378s] -- Check for working CXX compiler: /usr/bin/c++
[0.472s] -- Check for working CXX compiler: /usr/bin/c++ -- works
[0.474s] -- Detecting CXX compiler ABI info
[0.551s] -- Detecting CXX compiler ABI info - done
[0.564s] -- Detecting CXX compile features
[0.564s] -- Detecting CXX compile features - done
[0.565s] -- Found ament_cmake: 0.9.12 (/workspace/foxy_ws/install/share/ament_cmake/cmake)
[0.581s] -- Found PythonInterp: /usr/bin/python3 (found suitable version "3.10.14", minimum required is "3") 
[0.581s] -- Using PYTHON_EXECUTABLE: /usr/bin/python3
[0.729s] -- Found rcpputils: 1.3.2 (/workspace/foxy_ws/install/share/rcpputils/cmake)
[0.739s] -- Found rmw: 1.0.4 (/workspace/foxy_ws/install/share/rmw/cmake)
[0.750s] -- Found rosidl_default_generators: 1.0.1 (/workspace/foxy_ws/install/share/rosidl_default_generators/cmake)
[0.751s] -- Using all available rosidl_typesupport_c: rosidl_typesupport_fastrtps_c;rosidl_typesupport_introspection_c
[0.754s] -- Found rosidl_adapter: 1.3.1 (/workspace/foxy_ws/install/share/rosidl_adapter/cmake)
[0.765s] -- Found OpenSSL: /usr/lib/x86_64-linux-gnu/libcrypto.so (found version "1.1.1f")  
[0.775s] -- Found FastRTPS: /workspace/foxy_ws/install/include  
[0.812s] -- Using all available rosidl_typesupport_cpp: rosidl_typesupport_fastrtps_cpp;rosidl_typesupport_introspection_cpp
[0.858s] -- Found PythonInterp: /usr/bin/python3 (found version "3.10.14") 
[0.967s] -- Found ament_cmake_ros: 0.9.2 (/workspace/foxy_ws/install/share/ament_cmake_ros/cmake)
[1.009s] -- Using all available rosidl_typesupport_c: rosidl_typesupport_fastrtps_c;rosidl_typesupport_introspection_c
[1.015s] -- Using all available rosidl_typesupport_cpp: rosidl_typesupport_fastrtps_cpp;rosidl_typesupport_introspection_cpp
[1.030s] -- Found PythonInterp: /usr/bin/python3 (found suitable version "3.10.14", minimum required is "3.5") 
[1.031s] -- Found python_cmake_module: 0.8.1 (/workspace/foxy_ws/install/share/python_cmake_module/cmake)
[1.047s] -- Found PythonLibs: /usr/lib/x86_64-linux-gnu/libpython3.10.so (found suitable version "3.10.14", minimum required is "3.5") 
[1.047s] -- Using PYTHON_EXECUTABLE: /usr/bin/python3
[1.047s] -- Using PYTHON_INCLUDE_DIRS: /usr/include/python3.10
[1.047s] -- Using PYTHON_LIBRARIES: /usr/lib/x86_64-linux-gnu/libpython3.10.so
[1.061s] -- Found PythonExtra: .so  
[1.083s] <string>:1: DeprecationWarning: The distutils package is deprecated and slated for removal in Python 3.12. Use setuptools or check PEP 632 for potential alternatives
[1.085s] <string>:1: DeprecationWarning: The distutils.sysconfig module is deprecated, use sysconfig instead
[1.306s] -- Using numpy include directory: /usr/local/lib/python3.10/dist-packages/numpy/core/include
[1.313s] -- Found ament_lint_auto: 0.9.8 (/workspace/foxy_ws/install/share/ament_lint_auto/cmake)
[1.330s] -- Found gmock sources under '/workspace/foxy_ws/install/src/gmock_vendor': C++ tests using 'Google Mock' will be built
[1.332s] -- Found gtest sources under '/workspace/foxy_ws/install/src/gtest_vendor': C++ tests using 'Google Test' will be built
[1.334s] -- Performance tests are disabled by default, so Google Benchmark tests will be skipped. To enable these tests, set the CMake variable 'AMENT_RUN_PERFORMANCE_TESTS'.
[1.339s] -- Added test 'copyright' to check source files copyright and LICENSE
[1.343s] -- Added test 'cppcheck' to perform static code analysis on C / C++ code
[1.344s] -- Configured cppcheck include dirs: /workspace/foxy_ws/install/include;$<BUILD_INTERFACE:/workspace/foxy_ws/src/rmw_dds_common/include>
[1.344s] -- Configured cppcheck exclude dirs and/or files: 
[1.347s] -- Added test 'cpplint' to check C / C++ code against the Google style
[1.348s] -- Configured cpplint exclude dirs and/or files: 
[1.349s] -- Added test 'lint_cmake' to check CMake code style
[1.353s] -- Added test 'uncrustify' to check C / C++ code style
[1.353s] -- Configured uncrustify additional arguments: 
[1.353s] -- Added test 'xmllint' to check XML markup files
[1.360s] -- Configuring done
[1.423s] -- Generating done
[1.429s] -- Build files have been written to: /workspace/foxy_ws/build/rmw_dds_common
[1.443s] Invoked command in '/workspace/foxy_ws/build/rmw_dds_common' returned '0': AMENT_PREFIX_PATH=/workspace/foxy_ws/install CMAKE_PREFIX_PATH=/workspace/foxy_ws/install LD_LIBRARY_PATH=/workspace/foxy_ws/install/lib PATH=/workspace/foxy_ws/install/bin:${PATH} PKG_CONFIG_PATH=/workspace/foxy_ws/install/lib/x86_64-linux-gnu/pkgconfig:/workspace/foxy_ws/install/lib/pkgconfig PYTHONPATH=/workspace/foxy_ws/install/lib/python3.10/site-packages /usr/bin/cmake /workspace/foxy_ws/src/rmw_dds_common -DCMAKE_INSTALL_PREFIX=/workspace/foxy_ws/install
[1.444s] Invoking command in '/workspace/foxy_ws/build/rmw_dds_common': AMENT_PREFIX_PATH=/workspace/foxy_ws/install CMAKE_PREFIX_PATH=/workspace/foxy_ws/install LD_LIBRARY_PATH=/workspace/foxy_ws/install/lib PATH=/workspace/foxy_ws/install/bin:${PATH} PKG_CONFIG_PATH=/workspace/foxy_ws/install/lib/x86_64-linux-gnu/pkgconfig:/workspace/foxy_ws/install/lib/pkgconfig PYTHONPATH=/workspace/foxy_ws/install/lib/python3.10/site-packages /usr/bin/cmake --build /workspace/foxy_ws/build/rmw_dds_common -- -j12 -l12
[1.478s] [  1%] Generating C code for ROS interfaces
[1.486s] Scanning dependencies of target rmw_dds_common__cpp
[1.487s] Scanning dependencies of target gmock_main
[1.498s] Scanning dependencies of target gmock
[1.499s] [  3%] Building CXX object gmock/CMakeFiles/gmock_main.dir/src/gmock_main.cc.o
[1.507s] [  4%] Generating C++ code for ROS interfaces
[1.529s] [  6%] Building CXX object gmock/CMakeFiles/gmock.dir/workspace/foxy_ws/install/src/gtest_vendor/src/gtest-all.cc.o
[1.565s] [  8%] Building CXX object gmock/CMakeFiles/gmock.dir/src/gmock-all.cc.o
[2.313s] [  8%] Built target rmw_dds_common__cpp
[2.365s] Scanning dependencies of target rmw_dds_common__rosidl_generator_c
[2.378s] [  9%] Generating C++ type support for eProsima Fast-RTPS
[2.391s] [ 11%] Generating C++ type support dispatch for ROS interfaces
[2.413s] [ 13%] Generating C++ introspection for ROS interfaces
[2.429s] [ 14%] Building C object CMakeFiles/rmw_dds_common__rosidl_generator_c.dir/rosidl_generator_c/rmw_dds_common/msg/detail/gid__functions.c.o
[2.429s] [ 16%] Building C object CMakeFiles/rmw_dds_common__rosidl_generator_c.dir/rosidl_generator_c/rmw_dds_common/msg/detail/node_entities_info__functions.c.o
[2.433s] [ 18%] Building C object CMakeFiles/rmw_dds_common__rosidl_generator_c.dir/rosidl_generator_c/rmw_dds_common/msg/detail/participant_entities_info__functions.c.o
[2.736s] [ 19%] Linking C shared library librmw_dds_common__rosidl_generator_c.so
[2.939s] [ 19%] Built target rmw_dds_common__rosidl_generator_c
[2.978s] [ 21%] Linking CXX static library libgmock_main.a
[2.994s] [ 22%] Generating C introspection for ROS interfaces
[3.011s] [ 24%] Generating C type support dispatch for ROS interfaces
[3.247s] [ 24%] Built target gmock_main
[3.291s] Scanning dependencies of target rmw_dds_common__rosidl_typesupport_cpp
[3.384s] [ 26%] Building CXX object CMakeFiles/rmw_dds_common__rosidl_typesupport_cpp.dir/rosidl_typesupport_cpp/rmw_dds_common/msg/gid__type_support.cpp.o
[3.403s] [ 27%] Building CXX object CMakeFiles/rmw_dds_common__rosidl_typesupport_cpp.dir/rosidl_typesupport_cpp/rmw_dds_common/msg/node_entities_info__type_support.cpp.o
[3.426s] [ 29%] Building CXX object CMakeFiles/rmw_dds_common__rosidl_typesupport_cpp.dir/rosidl_typesupport_cpp/rmw_dds_common/msg/participant_entities_info__type_support.cpp.o
[3.966s] Scanning dependencies of target rmw_dds_common__rosidl_typesupport_introspection_cpp
[4.040s] [ 31%] Building CXX object CMakeFiles/rmw_dds_common__rosidl_typesupport_introspection_cpp.dir/rosidl_typesupport_introspection_cpp/rmw_dds_common/msg/detail/gid__type_support.cpp.o
[4.049s] [ 32%] Building CXX object CMakeFiles/rmw_dds_common__rosidl_typesupport_introspection_cpp.dir/rosidl_typesupport_introspection_cpp/rmw_dds_common/msg/detail/node_entities_info__type_support.cpp.o
[4.054s] [ 34%] Building CXX object CMakeFiles/rmw_dds_common__rosidl_typesupport_introspection_cpp.dir/rosidl_typesupport_introspection_cpp/rmw_dds_common/msg/detail/participant_entities_info__type_support.cpp.o
[4.082s] Scanning dependencies of target rmw_dds_common__rosidl_typesupport_fastrtps_cpp
[4.146s] [ 36%] Building CXX object CMakeFiles/rmw_dds_common__rosidl_typesupport_fastrtps_cpp.dir/rosidl_typesupport_fastrtps_cpp/rmw_dds_common/msg/detail/dds_fastrtps/gid__type_support.cpp.o
[4.168s] [ 37%] Building CXX object CMakeFiles/rmw_dds_common__rosidl_typesupport_fastrtps_cpp.dir/rosidl_typesupport_fastrtps_cpp/rmw_dds_common/msg/detail/dds_fastrtps/participant_entities_info__type_support.cpp.o
[4.179s] [ 39%] Building CXX object CMakeFiles/rmw_dds_common__rosidl_typesupport_fastrtps_cpp.dir/rosidl_typesupport_fastrtps_cpp/rmw_dds_common/msg/detail/dds_fastrtps/node_entities_info__type_support.cpp.o
[4.506s] Scanning dependencies of target rmw_dds_common__rosidl_typesupport_introspection_c
[4.562s] [ 40%] Building C object CMakeFiles/rmw_dds_common__rosidl_typesupport_introspection_c.dir/rosidl_typesupport_introspection_c/rmw_dds_common/msg/detail/gid__type_support.c.o
[4.582s] [ 42%] Building C object CMakeFiles/rmw_dds_common__rosidl_typesupport_introspection_c.dir/rosidl_typesupport_introspection_c/rmw_dds_common/msg/detail/node_entities_info__type_support.c.o
[4.664s] [ 44%] Building C object CMakeFiles/rmw_dds_common__rosidl_typesupport_introspection_c.dir/rosidl_typesupport_introspection_c/rmw_dds_common/msg/detail/participant_entities_info__type_support.c.o
[4.784s] [ 45%] Linking C shared library librmw_dds_common__rosidl_typesupport_introspection_c.so
[4.968s] [ 45%] Built target rmw_dds_common__rosidl_typesupport_introspection_c
[5.034s] Scanning dependencies of target rmw_dds_common__rosidl_typesupport_c
[5.136s] [ 47%] Building CXX object CMakeFiles/rmw_dds_common__rosidl_typesupport_c.dir/rosidl_typesupport_c/rmw_dds_common/msg/node_entities_info__type_support.cpp.o
[5.159s] [ 49%] Building CXX object CMakeFiles/rmw_dds_common__rosidl_typesupport_c.dir/rosidl_typesupport_c/rmw_dds_common/msg/participant_entities_info__type_support.cpp.o
[5.178s] [ 50%] Building CXX object CMakeFiles/rmw_dds_common__rosidl_typesupport_c.dir/rosidl_typesupport_c/rmw_dds_common/msg/gid__type_support.cpp.o
[5.256s] [ 52%] Linking CXX shared library librmw_dds_common__rosidl_typesupport_cpp.so
[5.283s] [ 54%] Linking CXX shared library librmw_dds_common__rosidl_typesupport_c.so
[5.354s] [ 54%] Built target rmw_dds_common__rosidl_typesupport_cpp
[5.391s] [ 54%] Built target rmw_dds_common__rosidl_typesupport_c
[5.604s] [ 55%] Linking CXX shared library librmw_dds_common__rosidl_typesupport_introspection_cpp.so
[5.723s] [ 57%] Linking CXX shared library librmw_dds_common__rosidl_typesupport_fastrtps_cpp.so
[5.786s] [ 57%] Built target rmw_dds_common__rosidl_typesupport_introspection_cpp
[5.965s] [ 57%] Built target rmw_dds_common__rosidl_typesupport_fastrtps_cpp
[6.005s] [ 59%] Generating C type support for eProsima Fast-RTPS
[6.606s] Scanning dependencies of target rmw_dds_common__rosidl_typesupport_fastrtps_c
[6.621s] [ 60%] Building CXX object CMakeFiles/rmw_dds_common__rosidl_typesupport_fastrtps_c.dir/rosidl_typesupport_fastrtps_c/rmw_dds_common/msg/detail/gid__type_support_c.cpp.o
[6.638s] [ 62%] Building CXX object CMakeFiles/rmw_dds_common__rosidl_typesupport_fastrtps_c.dir/rosidl_typesupport_fastrtps_c/rmw_dds_common/msg/detail/node_entities_info__type_support_c.cpp.o
[6.672s] [ 63%] Building CXX object CMakeFiles/rmw_dds_common__rosidl_typesupport_fastrtps_c.dir/rosidl_typesupport_fastrtps_c/rmw_dds_common/msg/detail/participant_entities_info__type_support_c.cpp.o
[7.617s] [ 65%] Linking CXX shared library librmw_dds_common__rosidl_typesupport_fastrtps_c.so
[7.969s] [ 65%] Built target rmw_dds_common__rosidl_typesupport_fastrtps_c
[8.035s] Scanning dependencies of target rmw_dds_common
[8.105s] [ 65%] Built target rmw_dds_common
[8.179s] Scanning dependencies of target rmw_dds_common__py
[8.225s] Scanning dependencies of target rmw_dds_common_library
[8.237s] [ 67%] Generating Python code for ROS interfaces
[8.284s] [ 68%] Building CXX object CMakeFiles/rmw_dds_common_library.dir/src/gid_utils.cpp.o
[8.312s] [ 70%] Building CXX object CMakeFiles/rmw_dds_common_library.dir/src/graph_cache.cpp.o
[8.401s] [ 72%] Linking CXX static library libgmock.a
[8.724s] [ 72%] Built target gmock
[9.788s] [ 72%] Built target rmw_dds_common__py
[9.845s] Scanning dependencies of target rmw_dds_common__python
[9.845s] [ 73%] Building C object CMakeFiles/rmw_dds_common__python.dir/rosidl_generator_py/rmw_dds_common/msg/_gid_s.c.o
[9.845s] [ 75%] Building C object CMakeFiles/rmw_dds_common__python.dir/rosidl_generator_py/rmw_dds_common/msg/_node_entities_info_s.c.o
[9.931s] [ 77%] Building C object CMakeFiles/rmw_dds_common__python.dir/rosidl_generator_py/rmw_dds_common/msg/_participant_entities_info_s.c.o
[10.055s] [ 78%] Linking C shared library rosidl_generator_py/rmw_dds_common/librmw_dds_common__python.so
[10.104s] [ 78%] Built target rmw_dds_common__python
[10.120s] Scanning dependencies of target rmw_dds_common__rosidl_typesupport_c__pyext
[10.147s] [ 80%] Building C object CMakeFiles/rmw_dds_common__rosidl_typesupport_c__pyext.dir/rosidl_generator_py/rmw_dds_common/_rmw_dds_common_s.ep.rosidl_typesupport_c.c.o
[10.258s] [ 81%] Linking C shared library rosidl_generator_py/rmw_dds_common/rmw_dds_common_s__rosidl_typesupport_c.cpython-310-x86_64-linux-gnu.so
[10.290s] [ 81%] Built target rmw_dds_common__rosidl_typesupport_c__pyext
[10.304s] Scanning dependencies of target rmw_dds_common__rosidl_typesupport_introspection_c__pyext
[10.318s] [ 83%] Building C object CMakeFiles/rmw_dds_common__rosidl_typesupport_introspection_c__pyext.dir/rosidl_generator_py/rmw_dds_common/_rmw_dds_common_s.ep.rosidl_typesupport_introspection_c.c.o
[10.435s] [ 85%] Linking C shared library rosidl_generator_py/rmw_dds_common/rmw_dds_common_s__rosidl_typesupport_introspection_c.cpython-310-x86_64-linux-gnu.so
[10.463s] [ 86%] Linking CXX shared library librmw_dds_common.so
[10.483s] [ 86%] Built target rmw_dds_common__rosidl_typesupport_introspection_c__pyext
[10.514s] Scanning dependencies of target rmw_dds_common__rosidl_typesupport_fastrtps_c__pyext
[10.534s] [ 88%] Building C object CMakeFiles/rmw_dds_common__rosidl_typesupport_fastrtps_c__pyext.dir/rosidl_generator_py/rmw_dds_common/_rmw_dds_common_s.ep.rosidl_typesupport_fastrtps_c.c.o
[10.606s] [ 88%] Built target rmw_dds_common_library
[10.626s] Scanning dependencies of target benchmark_graph_cache
[10.637s] [ 90%] Linking CXX shared library rosidl_generator_py/rmw_dds_common/rmw_dds_common_s__rosidl_typesupport_fastrtps_c.cpython-310-x86_64-linux-gnu.so
[10.638s] [ 91%] Building CXX object CMakeFiles/benchmark_graph_cache.dir/test/benchmark/benchmark_graph_cache.cpp.o
[10.687s] [ 91%] Built target rmw_dds_common__rosidl_typesupport_fastrtps_c__pyext
[10.704s] Scanning dependencies of target test_graph_cache
[10.718s] [ 93%] Building CXX object CMakeFiles/test_graph_cache.dir/test/test_graph_cache.cpp.o
[12.060s] [ 95%] Linking CXX executable benchmark_graph_cache
[12.298s] [ 95%] Built target benchmark_graph_cache
[12.354s] Scanning dependencies of target test_gid_utils
[12.411s] [ 96%] Building CXX object CMakeFiles/test_gid_utils.dir/test/test_gid_utils.cpp.o
[13.624s] [ 98%] Linking CXX executable test_gid_utils
[13.817s] [ 98%] Built target test_gid_utils
[14.492s] [100%] Linking CXX executable test_graph_cache
[14.872s] [100%] Built target test_graph_cache
[14.902s] Invoked command in '/workspace/foxy_ws/build/rmw_dds_common' returned '0': AMENT_PREFIX_PATH=/workspace/foxy_ws/install CMAKE_PREFIX_PATH=/workspace/foxy_ws/install LD_LIBRARY_PATH=/workspace/foxy_ws/install/lib PATH=/workspace/foxy_ws/install/bin:${PATH} PKG_CONFIG_PATH=/workspace/foxy_ws/install/lib/x86_64-linux-gnu/pkgconfig:/workspace/foxy_ws/install/lib/pkgconfig PYTHONPATH=/workspace/foxy_ws/install/lib/python3.10/site-packages /usr/bin/cmake --build /workspace/foxy_ws/build/rmw_dds_common -- -j12 -l12
[15.083s] Invoking command in '/workspace/foxy_ws/build/rmw_dds_common': AMENT_PREFIX_PATH=/workspace/foxy_ws/install CMAKE_PREFIX_PATH=/workspace/foxy_ws/install LD_LIBRARY_PATH=/workspace/foxy_ws/install/lib PATH=/workspace/foxy_ws/install/bin:${PATH} PKG_CONFIG_PATH=/workspace/foxy_ws/install/lib/x86_64-linux-gnu/pkgconfig:/workspace/foxy_ws/install/lib/pkgconfig PYTHONPATH=/workspace/foxy_ws/install/lib/python3.10/site-packages /usr/bin/cmake --install /workspace/foxy_ws/build/rmw_dds_common
[15.093s] -- Install configuration: ""
[15.093s] -- Installing: /workspace/foxy_ws/install/share/ament_index/resource_index/rosidl_interfaces/rmw_dds_common
[15.094s] -- Installing: /workspace/foxy_ws/install/include/rmw_dds_common
[15.094s] -- Installing: /workspace/foxy_ws/install/include/rmw_dds_common/msg
[15.094s] -- Installing: /workspace/foxy_ws/install/include/rmw_dds_common/msg/node_entities_info.h
[15.094s] -- Installing: /workspace/foxy_ws/install/include/rmw_dds_common/msg/participant_entities_info.h
[15.094s] -- Installing: /workspace/foxy_ws/install/include/rmw_dds_common/msg/gid.h
[15.094s] -- Installing: /workspace/foxy_ws/install/include/rmw_dds_common/msg/rosidl_generator_c__visibility_control.h
[15.094s] -- Installing: /workspace/foxy_ws/install/include/rmw_dds_common/msg/detail
[15.094s] -- Installing: /workspace/foxy_ws/install/include/rmw_dds_common/msg/detail/gid__functions.c
[15.094s] -- Installing: /workspace/foxy_ws/install/include/rmw_dds_common/msg/detail/gid__type_support.h
[15.094s] -- Installing: /workspace/foxy_ws/install/include/rmw_dds_common/msg/detail/participant_entities_info__struct.h
[15.094s] -- Installing: /workspace/foxy_ws/install/include/rmw_dds_common/msg/detail/node_entities_info__functions.h
[15.094s] -- Installing: /workspace/foxy_ws/install/include/rmw_dds_common/msg/detail/participant_entities_info__functions.h
[15.095s] -- Installing: /workspace/foxy_ws/install/include/rmw_dds_common/msg/detail/gid__functions.h
[15.095s] -- Installing: /workspace/foxy_ws/install/include/rmw_dds_common/msg/detail/gid__struct.h
[15.095s] -- Installing: /workspace/foxy_ws/install/include/rmw_dds_common/msg/detail/participant_entities_info__functions.c
[15.095s] -- Installing: /workspace/foxy_ws/install/include/rmw_dds_common/msg/detail/participant_entities_info__type_support.h
[15.095s] -- Installing: /workspace/foxy_ws/install/include/rmw_dds_common/msg/detail/node_entities_info__functions.c
[15.095s] -- Installing: /workspace/foxy_ws/install/include/rmw_dds_common/msg/detail/node_entities_info__type_support.h
[15.095s] -- Installing: /workspace/foxy_ws/install/include/rmw_dds_common/msg/detail/node_entities_info__struct.h
[15.095s] -- Installing: /workspace/foxy_ws/install/share/rmw_dds_common/environment/library_path.sh
[15.095s] -- Installing: /workspace/foxy_ws/install/share/rmw_dds_common/environment/library_path.dsv
[15.095s] -- Installing: /workspace/foxy_ws/install/lib/librmw_dds_common__rosidl_generator_c.so
[15.096s] -- Set runtime path of "/workspace/foxy_ws/install/lib/librmw_dds_common__rosidl_generator_c.so" to ""
[15.096s] -- Up-to-date: /workspace/foxy_ws/install/include/rmw_dds_common
[15.098s] -- Up-to-date: /workspace/foxy_ws/install/include/rmw_dds_common/msg
[15.098s] -- Installing: /workspace/foxy_ws/install/include/rmw_dds_common/msg/rosidl_typesupport_fastrtps_c__visibility_control.h
[15.099s] -- Up-to-date: /workspace/foxy_ws/install/include/rmw_dds_common/msg/detail
[15.099s] -- Installing: /workspace/foxy_ws/install/include/rmw_dds_common/msg/detail/gid__rosidl_typesupport_fastrtps_c.h
[15.099s] -- Installing: /workspace/foxy_ws/install/include/rmw_dds_common/msg/detail/participant_entities_info__rosidl_typesupport_fastrtps_c.h
[15.099s] -- Installing: /workspace/foxy_ws/install/include/rmw_dds_common/msg/detail/node_entities_info__rosidl_typesupport_fastrtps_c.h
[15.099s] -- Installing: /workspace/foxy_ws/install/lib/librmw_dds_common__rosidl_typesupport_fastrtps_c.so
[15.099s] -- Set runtime path of "/workspace/foxy_ws/install/lib/librmw_dds_common__rosidl_typesupport_fastrtps_c.so" to ""
[15.099s] -- Up-to-date: /workspace/foxy_ws/install/include/rmw_dds_common
[15.099s] -- Up-to-date: /workspace/foxy_ws/install/include/rmw_dds_common/msg
[15.099s] -- Installing: /workspace/foxy_ws/install/include/rmw_dds_common/msg/rosidl_typesupport_fastrtps_cpp__visibility_control.h
[15.099s] -- Up-to-date: /workspace/foxy_ws/install/include/rmw_dds_common/msg/detail
[15.099s] -- Installing: /workspace/foxy_ws/install/include/rmw_dds_common/msg/detail/participant_entities_info__rosidl_typesupport_fastrtps_cpp.hpp
[15.099s] -- Installing: /workspace/foxy_ws/install/include/rmw_dds_common/msg/detail/gid__rosidl_typesupport_fastrtps_cpp.hpp
[15.099s] -- Installing: /workspace/foxy_ws/install/include/rmw_dds_common/msg/detail/dds_fastrtps
[15.099s] -- Installing: /workspace/foxy_ws/install/include/rmw_dds_common/msg/detail/node_entities_info__rosidl_typesupport_fastrtps_cpp.hpp
[15.099s] -- Installing: /workspace/foxy_ws/install/lib/librmw_dds_common__rosidl_typesupport_fastrtps_cpp.so
[15.100s] -- Set runtime path of "/workspace/foxy_ws/install/lib/librmw_dds_common__rosidl_typesupport_fastrtps_cpp.so" to ""
[15.100s] -- Up-to-date: /workspace/foxy_ws/install/include/rmw_dds_common
[15.100s] -- Up-to-date: /workspace/foxy_ws/install/include/rmw_dds_common/msg
[15.100s] -- Installing: /workspace/foxy_ws/install/include/rmw_dds_common/msg/rosidl_typesupport_introspection_c__visibility_control.h
[15.100s] -- Up-to-date: /workspace/foxy_ws/install/include/rmw_dds_common/msg/detail
[15.100s] -- Installing: /workspace/foxy_ws/install/include/rmw_dds_common/msg/detail/participant_entities_info__rosidl_typesupport_introspection_c.h
[15.100s] -- Installing: /workspace/foxy_ws/install/include/rmw_dds_common/msg/detail/participant_entities_info__type_support.c
[15.100s] -- Installing: /workspace/foxy_ws/install/include/rmw_dds_common/msg/detail/gid__type_support.c
[15.101s] -- Installing: /workspace/foxy_ws/install/include/rmw_dds_common/msg/detail/gid__rosidl_typesupport_introspection_c.h
[15.101s] -- Installing: /workspace/foxy_ws/install/include/rmw_dds_common/msg/detail/node_entities_info__type_support.c
[15.101s] -- Installing: /workspace/foxy_ws/install/include/rmw_dds_common/msg/detail/node_entities_info__rosidl_typesupport_introspection_c.h
[15.101s] -- Installing: /workspace/foxy_ws/install/lib/librmw_dds_common__rosidl_typesupport_introspection_c.so
[15.102s] -- Set runtime path of "/workspace/foxy_ws/install/lib/librmw_dds_common__rosidl_typesupport_introspection_c.so" to ""
[15.102s] -- Installing: /workspace/foxy_ws/install/lib/librmw_dds_common__rosidl_typesupport_c.so
[15.102s] -- Set runtime path of "/workspace/foxy_ws/install/lib/librmw_dds_common__rosidl_typesupport_c.so" to ""
[15.103s] -- Up-to-date: /workspace/foxy_ws/install/include/rmw_dds_common
[15.103s] -- Up-to-date: /workspace/foxy_ws/install/include/rmw_dds_common/msg
[15.103s] -- Installing: /workspace/foxy_ws/install/include/rmw_dds_common/msg/participant_entities_info.hpp
[15.103s] -- Installing: /workspace/foxy_ws/install/include/rmw_dds_common/msg/rosidl_generator_cpp__visibility_control.hpp
[15.103s] -- Installing: /workspace/foxy_ws/install/include/rmw_dds_common/msg/gid.hpp
[15.103s] -- Up-to-date: /workspace/foxy_ws/install/include/rmw_dds_common/msg/detail
[15.103s] -- Installing: /workspace/foxy_ws/install/include/rmw_dds_common/msg/detail/node_entities_info__struct.hpp
[15.103s] -- Installing: /workspace/foxy_ws/install/include/rmw_dds_common/msg/detail/gid__traits.hpp
[15.103s] -- Installing: /workspace/foxy_ws/install/include/rmw_dds_common/msg/detail/participant_entities_info__type_support.hpp
[15.103s] -- Installing: /workspace/foxy_ws/install/include/rmw_dds_common/msg/detail/participant_entities_info__struct.hpp
[15.104s] -- Installing: /workspace/foxy_ws/install/include/rmw_dds_common/msg/detail/gid__type_support.hpp
[15.104s] -- Installing: /workspace/foxy_ws/install/include/rmw_dds_common/msg/detail/node_entities_info__type_support.hpp
[15.104s] -- Installing: /workspace/foxy_ws/install/include/rmw_dds_common/msg/detail/participant_entities_info__traits.hpp
[15.104s] -- Installing: /workspace/foxy_ws/install/include/rmw_dds_common/msg/detail/node_entities_info__builder.hpp
[15.104s] -- Installing: /workspace/foxy_ws/install/include/rmw_dds_common/msg/detail/gid__builder.hpp
[15.107s] -- Installing: /workspace/foxy_ws/install/include/rmw_dds_common/msg/detail/gid__struct.hpp
[15.107s] -- Installing: /workspace/foxy_ws/install/include/rmw_dds_common/msg/detail/participant_entities_info__builder.hpp
[15.107s] -- Installing: /workspace/foxy_ws/install/include/rmw_dds_common/msg/detail/node_entities_info__traits.hpp
[15.107s] -- Installing: /workspace/foxy_ws/install/include/rmw_dds_common/msg/node_entities_info.hpp
[15.107s] -- Up-to-date: /workspace/foxy_ws/install/include/rmw_dds_common
[15.108s] -- Up-to-date: /workspace/foxy_ws/install/include/rmw_dds_common/msg
[15.108s] -- Up-to-date: /workspace/foxy_ws/install/include/rmw_dds_common/msg/detail
[15.108s] -- Installing: /workspace/foxy_ws/install/include/rmw_dds_common/msg/detail/participant_entities_info__type_support.cpp
[15.108s] -- Installing: /workspace/foxy_ws/install/include/rmw_dds_common/msg/detail/node_entities_info__rosidl_typesupport_introspection_cpp.hpp
[15.108s] -- Installing: /workspace/foxy_ws/install/include/rmw_dds_common/msg/detail/gid__type_support.cpp
[15.108s] -- Installing: /workspace/foxy_ws/install/include/rmw_dds_common/msg/detail/node_entities_info__type_support.cpp
[15.108s] -- Installing: /workspace/foxy_ws/install/include/rmw_dds_common/msg/detail/gid__rosidl_typesupport_introspection_cpp.hpp
[15.108s] -- Installing: /workspace/foxy_ws/install/include/rmw_dds_common/msg/detail/participant_entities_info__rosidl_typesupport_introspection_cpp.hpp
[15.108s] -- Installing: /workspace/foxy_ws/install/lib/librmw_dds_common__rosidl_typesupport_introspection_cpp.so
[15.108s] -- Set runtime path of "/workspace/foxy_ws/install/lib/librmw_dds_common__rosidl_typesupport_introspection_cpp.so" to ""
[15.108s] -- Installing: /workspace/foxy_ws/install/lib/librmw_dds_common__rosidl_typesupport_cpp.so
[15.109s] -- Set runtime path of "/workspace/foxy_ws/install/lib/librmw_dds_common__rosidl_typesupport_cpp.so" to ""
[15.109s] -- Installing: /workspace/foxy_ws/install/share/rmw_dds_common/environment/pythonpath.sh
[15.109s] -- Installing: /workspace/foxy_ws/install/share/rmw_dds_common/environment/pythonpath.dsv
[15.109s] -- Installing: /workspace/foxy_ws/install/lib/python3.10/site-packages/rmw_dds_common/__init__.py
[15.145s] Compiling '/workspace/foxy_ws/install/lib/python3.10/site-packages/rmw_dds_common/__init__.py'...
[15.150s] -- Installing: /workspace/foxy_ws/install/lib/python3.10/site-packages/rmw_dds_common/msg
[15.151s] -- Installing: /workspace/foxy_ws/install/lib/python3.10/site-packages/rmw_dds_common/msg/_gid.py
[15.151s] -- Installing: /workspace/foxy_ws/install/lib/python3.10/site-packages/rmw_dds_common/msg/_participant_entities_info_s.c
[15.151s] -- Installing: /workspace/foxy_ws/install/lib/python3.10/site-packages/rmw_dds_common/msg/_participant_entities_info.py
[15.151s] -- Installing: /workspace/foxy_ws/install/lib/python3.10/site-packages/rmw_dds_common/msg/_node_entities_info.py
[15.152s] -- Installing: /workspace/foxy_ws/install/lib/python3.10/site-packages/rmw_dds_common/msg/__init__.py
[15.152s] -- Installing: /workspace/foxy_ws/install/lib/python3.10/site-packages/rmw_dds_common/msg/_gid_s.c
[15.153s] -- Installing: /workspace/foxy_ws/install/lib/python3.10/site-packages/rmw_dds_common/msg/_node_entities_info_s.c
[15.153s] -- Installing: /workspace/foxy_ws/install/lib/python3.10/site-packages/rmw_dds_common/rmw_dds_common_s__rosidl_typesupport_fastrtps_c.cpython-310-x86_64-linux-gnu.so
[15.154s] -- Set runtime path of "/workspace/foxy_ws/install/lib/python3.10/site-packages/rmw_dds_common/rmw_dds_common_s__rosidl_typesupport_fastrtps_c.cpython-310-x86_64-linux-gnu.so" to ""
[15.154s] -- Installing: /workspace/foxy_ws/install/lib/python3.10/site-packages/rmw_dds_common/rmw_dds_common_s__rosidl_typesupport_introspection_c.cpython-310-x86_64-linux-gnu.so
[15.155s] -- Set runtime path of "/workspace/foxy_ws/install/lib/python3.10/site-packages/rmw_dds_common/rmw_dds_common_s__rosidl_typesupport_introspection_c.cpython-310-x86_64-linux-gnu.so" to ""
[15.155s] -- Installing: /workspace/foxy_ws/install/lib/python3.10/site-packages/rmw_dds_common/rmw_dds_common_s__rosidl_typesupport_c.cpython-310-x86_64-linux-gnu.so
[15.156s] -- Set runtime path of "/workspace/foxy_ws/install/lib/python3.10/site-packages/rmw_dds_common/rmw_dds_common_s__rosidl_typesupport_c.cpython-310-x86_64-linux-gnu.so" to ""
[15.156s] -- Installing: /workspace/foxy_ws/install/lib/librmw_dds_common__python.so
[15.156s] -- Set runtime path of "/workspace/foxy_ws/install/lib/librmw_dds_common__python.so" to ""
[15.156s] -- Installing: /workspace/foxy_ws/install/share/rmw_dds_common/msg/Gid.idl
[15.157s] -- Installing: /workspace/foxy_ws/install/share/rmw_dds_common/msg/NodeEntitiesInfo.idl
[15.157s] -- Installing: /workspace/foxy_ws/install/share/rmw_dds_common/msg/ParticipantEntitiesInfo.idl
[15.157s] -- Installing: /workspace/foxy_ws/install/share/rmw_dds_common/msg/Gid.msg
[15.157s] -- Installing: /workspace/foxy_ws/install/share/rmw_dds_common/msg/NodeEntitiesInfo.msg
[15.158s] -- Installing: /workspace/foxy_ws/install/share/rmw_dds_common/msg/ParticipantEntitiesInfo.msg
[15.158s] -- Installing: /workspace/foxy_ws/install/lib/librmw_dds_common.so
[15.159s] -- Set runtime path of "/workspace/foxy_ws/install/lib/librmw_dds_common.so" to ""
[15.159s] -- Up-to-date: /workspace/foxy_ws/install/include
[15.159s] -- Up-to-date: /workspace/foxy_ws/install/include/rmw_dds_common
[15.160s] -- Installing: /workspace/foxy_ws/install/include/rmw_dds_common/graph_cache.hpp
[15.160s] -- Installing: /workspace/foxy_ws/install/include/rmw_dds_common/context.hpp
[15.160s] -- Installing: /workspace/foxy_ws/install/include/rmw_dds_common/gid_utils.hpp
[15.161s] -- Installing: /workspace/foxy_ws/install/include/rmw_dds_common/visibility_control.h
[15.161s] -- Installing: /workspace/foxy_ws/install/share/ament_index/resource_index/package_run_dependencies/rmw_dds_common
[15.161s] -- Installing: /workspace/foxy_ws/install/share/ament_index/resource_index/parent_prefix_path/rmw_dds_common
[15.162s] -- Installing: /workspace/foxy_ws/install/share/rmw_dds_common/environment/ament_prefix_path.sh
[15.162s] -- Installing: /workspace/foxy_ws/install/share/rmw_dds_common/environment/ament_prefix_path.dsv
[15.163s] -- Installing: /workspace/foxy_ws/install/share/rmw_dds_common/environment/path.sh
[15.163s] -- Installing: /workspace/foxy_ws/install/share/rmw_dds_common/environment/path.dsv
[15.163s] -- Installing: /workspace/foxy_ws/install/share/rmw_dds_common/local_setup.bash
[15.163s] -- Installing: /workspace/foxy_ws/install/share/rmw_dds_common/local_setup.sh
[15.163s] -- Installing: /workspace/foxy_ws/install/share/rmw_dds_common/local_setup.zsh
[15.164s] -- Installing: /workspace/foxy_ws/install/share/rmw_dds_common/local_setup.dsv
[15.164s] -- Installing: /workspace/foxy_ws/install/share/rmw_dds_common/package.dsv
[15.164s] -- Installing: /workspace/foxy_ws/install/share/ament_index/resource_index/packages/rmw_dds_common
[15.165s] -- Installing: /workspace/foxy_ws/install/share/rmw_dds_common/cmake/rmw_dds_common__rosidl_generator_cExport.cmake
[15.165s] -- Installing: /workspace/foxy_ws/install/share/rmw_dds_common/cmake/rmw_dds_common__rosidl_generator_cExport-noconfig.cmake
[15.166s] -- Installing: /workspace/foxy_ws/install/share/rmw_dds_common/cmake/rmw_dds_common__rosidl_typesupport_introspection_cExport.cmake
[15.166s] -- Installing: /workspace/foxy_ws/install/share/rmw_dds_common/cmake/rmw_dds_common__rosidl_typesupport_introspection_cExport-noconfig.cmake
[15.166s] -- Installing: /workspace/foxy_ws/install/share/rmw_dds_common/cmake/rmw_dds_common__rosidl_typesupport_cExport.cmake
[15.167s] -- Installing: /workspace/foxy_ws/install/share/rmw_dds_common/cmake/rmw_dds_common__rosidl_typesupport_cExport-noconfig.cmake
[15.167s] -- Installing: /workspace/foxy_ws/install/share/rmw_dds_common/cmake/rmw_dds_common__rosidl_generator_cppExport.cmake
[15.168s] -- Installing: /workspace/foxy_ws/install/share/rmw_dds_common/cmake/rmw_dds_common__rosidl_typesupport_introspection_cppExport.cmake
[15.168s] -- Installing: /workspace/foxy_ws/install/share/rmw_dds_common/cmake/rmw_dds_common__rosidl_typesupport_introspection_cppExport-noconfig.cmake
[15.169s] -- Installing: /workspace/foxy_ws/install/share/rmw_dds_common/cmake/rmw_dds_common__rosidl_typesupport_cppExport.cmake
[15.169s] -- Installing: /workspace/foxy_ws/install/share/rmw_dds_common/cmake/rmw_dds_common__rosidl_typesupport_cppExport-noconfig.cmake
[15.169s] -- Installing: /workspace/foxy_ws/install/share/rmw_dds_common/cmake/rmw_dds_common_libraryExport.cmake
[15.170s] -- Installing: /workspace/foxy_ws/install/share/rmw_dds_common/cmake/rmw_dds_common_libraryExport-noconfig.cmake
[15.170s] -- Installing: /workspace/foxy_ws/install/share/rmw_dds_common/cmake/ament_cmake_export_dependencies-extras.cmake
[15.170s] -- Installing: /workspace/foxy_ws/install/share/rmw_dds_common/cmake/rosidl_cmake-extras.cmake
[15.174s] -- Installing: /workspace/foxy_ws/install/share/rmw_dds_common/cmake/ament_cmake_export_libraries-extras.cmake
[15.175s] -- Installing: /workspace/foxy_ws/install/share/rmw_dds_common/cmake/ament_cmake_export_targets-extras.cmake
[15.175s] -- Installing: /workspace/foxy_ws/install/share/rmw_dds_common/cmake/ament_cmake_export_include_directories-extras.cmake
[15.175s] -- Installing: /workspace/foxy_ws/install/share/rmw_dds_common/cmake/rosidl_cmake_export_typesupport_libraries-extras.cmake
[15.175s] -- Installing: /workspace/foxy_ws/install/share/rmw_dds_common/cmake/rosidl_cmake_export_typesupport_targets-extras.cmake
[15.175s] -- Installing: /workspace/foxy_ws/install/share/rmw_dds_common/cmake/rmw_dds_commonConfig.cmake
[15.175s] -- Installing: /workspace/foxy_ws/install/share/rmw_dds_common/cmake/rmw_dds_commonConfig-version.cmake
[15.175s] -- Installing: /workspace/foxy_ws/install/share/rmw_dds_common/package.xml
[15.181s] Invoked command in '/workspace/foxy_ws/build/rmw_dds_common' returned '0': AMENT_PREFIX_PATH=/workspace/foxy_ws/install CMAKE_PREFIX_PATH=/workspace/foxy_ws/install LD_LIBRARY_PATH=/workspace/foxy_ws/install/lib PATH=/workspace/foxy_ws/install/bin:${PATH} PKG_CONFIG_PATH=/workspace/foxy_ws/install/lib/x86_64-linux-gnu/pkgconfig:/workspace/foxy_ws/install/lib/pkgconfig PYTHONPATH=/workspace/foxy_ws/install/lib/python3.10/site-packages /usr/bin/cmake --install /workspace/foxy_ws/build/rmw_dds_common
