-- The C compiler identification is GNU 9.4.0
-- The CXX compiler identification is GNU 9.4.0
-- Check for working C compiler: /usr/bin/cc
-- Check for working C compiler: /usr/bin/cc -- works
-- Detecting C compiler ABI info
-- Detecting C compiler ABI info - done
-- Detecting C compile features
-- Detecting C compile features - done
-- Check for working CXX compiler: /usr/bin/c++
-- Check for working CXX compiler: /usr/bin/c++ -- works
-- Detecting CXX compiler ABI info
-- Detecting CXX compiler ABI info - done
-- Detecting CXX compile features
-- Detecting CXX compile features - done
-- Found ament_cmake_ros: 0.9.2 (/workspace/foxy_ws/install/share/ament_cmake_ros/cmake)
-- Found PythonInterp: /usr/bin/python3 (found suitable version "3.10.14", minimum required is "3") 
-- Using PYTHON_EXECUTABLE: /usr/bin/python3
-- Found rcpputils: 1.3.2 (/workspace/foxy_ws/install/share/rcpputils/cmake)
-- Found rmw_dds_common: 1.0.3 (/workspace/foxy_ws/install/share/rmw_dds_common/cmake)
-- Using all available rosidl_typesupport_c: rosidl_typesupport_fastrtps_c;rosidl_typesupport_introspection_c
-- Found rosidl_adapter: 1.3.1 (/workspace/foxy_ws/install/share/rosidl_adapter/cmake)
-- Found OpenSSL: /usr/lib/x86_64-linux-gnu/libcrypto.so (found version "1.1.1f")  
-- Found FastRTPS: /workspace/foxy_ws/install/include  
-- Using all available rosidl_typesupport_cpp: rosidl_typesupport_fastrtps_cpp;rosidl_typesupport_introspection_cpp
-- Found ament_lint_auto: 0.9.8 (/workspace/foxy_ws/install/share/ament_lint_auto/cmake)
-- Found gtest sources under '/workspace/foxy_ws/install/src/gtest_vendor': C++ tests using 'Google Test' will be built
-- Looking for pthread.h
-- Looking for pthread.h - found
-- Performing Test CMAKE_HAVE_LIBC_PTHREAD
-- Performing Test CMAKE_HAVE_LIBC_PTHREAD - Failed
-- Check if compiler accepts -pthread
-- Check if compiler accepts -pthread - yes
-- Found Threads: TRUE  
-- Found gmock sources under '/workspace/foxy_ws/install/src/gmock_vendor': C++ tests using 'Google Mock' will be built
-- Added test 'copyright' to check source files copyright and LICENSE
-- Added test 'cppcheck' to perform static code analysis on C / C++ code
-- Configured cppcheck include dirs: $<BUILD_INTERFACE:/workspace/foxy_ws/src/rmw_fastrtps/rmw_fastrtps_shared_cpp/include>
-- Configured cppcheck exclude dirs and/or files: 
-- Added test 'cpplint' to check C / C++ code against the Google style
-- Configured cpplint exclude dirs and/or files: 
-- Added test 'lint_cmake' to check CMake code style
-- Added test 'uncrustify' to check C / C++ code style
-- Configured uncrustify additional arguments: 
-- Added test 'xmllint' to check XML markup files
-- Configuring done
-- Generating done
-- Build files have been written to: /workspace/foxy_ws/build/rmw_fastrtps_shared_cpp
Scanning dependencies of target rmw_fastrtps_shared_cpp
[  1%] Building CXX object CMakeFiles/rmw_fastrtps_shared_cpp.dir/src/custom_publisher_info.cpp.o
[  3%] Building CXX object CMakeFiles/rmw_fastrtps_shared_cpp.dir/src/participant.cpp.o
[  4%] Building CXX object CMakeFiles/rmw_fastrtps_shared_cpp.dir/src/publisher.cpp.o
[  6%] Building CXX object CMakeFiles/rmw_fastrtps_shared_cpp.dir/src/qos.cpp.o
[  8%] Building CXX object CMakeFiles/rmw_fastrtps_shared_cpp.dir/src/rmw_client.cpp.o
[  9%] Building CXX object CMakeFiles/rmw_fastrtps_shared_cpp.dir/src/rmw_compare_gids_equal.cpp.o
[ 11%] Building CXX object CMakeFiles/rmw_fastrtps_shared_cpp.dir/src/rmw_count.cpp.o
[ 12%] Building CXX object CMakeFiles/rmw_fastrtps_shared_cpp.dir/src/rmw_event.cpp.o
[ 14%] Building CXX object CMakeFiles/rmw_fastrtps_shared_cpp.dir/src/rmw_get_gid_for_publisher.cpp.o
[ 16%] Building CXX object CMakeFiles/rmw_fastrtps_shared_cpp.dir/src/rmw_get_topic_endpoint_info.cpp.o
[ 17%] Building CXX object CMakeFiles/rmw_fastrtps_shared_cpp.dir/src/rmw_guard_condition.cpp.o
[ 19%] Building CXX object CMakeFiles/rmw_fastrtps_shared_cpp.dir/src/rmw_init.cpp.o
[ 20%] Building CXX object CMakeFiles/rmw_fastrtps_shared_cpp.dir/src/rmw_logging.cpp.o
[ 22%] Building CXX object CMakeFiles/rmw_fastrtps_shared_cpp.dir/src/rmw_node.cpp.o
[ 24%] Building CXX object CMakeFiles/rmw_fastrtps_shared_cpp.dir/src/rmw_node_info_and_types.cpp.o
[ 27%] Building CXX object CMakeFiles/rmw_fastrtps_shared_cpp.dir/src/rmw_node_names.cpp.o
[ 27%] Building CXX object CMakeFiles/rmw_fastrtps_shared_cpp.dir/src/namespace_prefix.cpp.o
[ 29%] Building CXX object CMakeFiles/rmw_fastrtps_shared_cpp.dir/src/rmw_publish.cpp.o
[ 30%] Building CXX object CMakeFiles/rmw_fastrtps_shared_cpp.dir/src/rmw_publisher.cpp.o
[ 32%] Building CXX object CMakeFiles/rmw_fastrtps_shared_cpp.dir/src/listener_thread.cpp.o
[ 33%] Building CXX object CMakeFiles/rmw_fastrtps_shared_cpp.dir/src/rmw_request.cpp.o
[ 35%] Building CXX object CMakeFiles/rmw_fastrtps_shared_cpp.dir/src/rmw_response.cpp.o
[ 37%] Building CXX object CMakeFiles/rmw_fastrtps_shared_cpp.dir/src/rmw_security_logging.cpp.o
[ 38%] Building CXX object CMakeFiles/rmw_fastrtps_shared_cpp.dir/src/rmw_service.cpp.o
[ 40%] Building CXX object CMakeFiles/rmw_fastrtps_shared_cpp.dir/src/rmw_service_names_and_types.cpp.o
[ 41%] Building CXX object CMakeFiles/rmw_fastrtps_shared_cpp.dir/src/rmw_take.cpp.o
[ 43%] Building CXX object CMakeFiles/rmw_fastrtps_shared_cpp.dir/src/rmw_topic_names_and_types.cpp.o
[ 45%] Building CXX object CMakeFiles/rmw_fastrtps_shared_cpp.dir/src/rmw_trigger_guard_condition.cpp.o
[ 46%] Building CXX object CMakeFiles/rmw_fastrtps_shared_cpp.dir/src/rmw_wait.cpp.o
[ 48%] Building CXX object CMakeFiles/rmw_fastrtps_shared_cpp.dir/src/rmw_wait_set.cpp.o
[ 50%] Building CXX object CMakeFiles/rmw_fastrtps_shared_cpp.dir/src/rmw_subscription.cpp.o
[ 51%] Building CXX object CMakeFiles/rmw_fastrtps_shared_cpp.dir/src/subscription.cpp.o
[ 53%] Building CXX object CMakeFiles/rmw_fastrtps_shared_cpp.dir/src/TypeSupport_impl.cpp.o
[ 54%] Building CXX object CMakeFiles/rmw_fastrtps_shared_cpp.dir/src/rmw_service_server_is_available.cpp.o
[ 56%] Building CXX object CMakeFiles/rmw_fastrtps_shared_cpp.dir/src/init_rmw_context_impl.cpp.o
[ 58%] Building CXX object CMakeFiles/rmw_fastrtps_shared_cpp.dir/src/demangle.cpp.o
[ 59%] Building CXX object CMakeFiles/rmw_fastrtps_shared_cpp.dir/src/create_rmw_gid.cpp.o
[ 61%] Building CXX object CMakeFiles/rmw_fastrtps_shared_cpp.dir/src/custom_subscriber_info.cpp.o
[ 62%] Linking CXX shared library librmw_fastrtps_shared_cpp.so
[ 62%] Built target rmw_fastrtps_shared_cpp
Scanning dependencies of target gmock_main
[ 64%] Building CXX object gmock/CMakeFiles/gmock_main.dir/src/gmock_main.cc.o
[ 66%] Linking CXX static library libgmock_main.a
[ 66%] Built target gmock_main
Scanning dependencies of target gmock
[ 67%] Building CXX object gmock/CMakeFiles/gmock.dir/workspace/foxy_ws/install/src/gtest_vendor/src/gtest-all.cc.o
[ 69%] Building CXX object gmock/CMakeFiles/gmock.dir/src/gmock-all.cc.o
[ 70%] Linking CXX static library libgmock.a
[ 70%] Built target gmock
Scanning dependencies of target gtest_main
Scanning dependencies of target gtest
[ 72%] Building CXX object gtest/CMakeFiles/gtest_main.dir/src/gtest_main.cc.o
[ 74%] Building CXX object gtest/CMakeFiles/gtest.dir/src/gtest-all.cc.o
[ 75%] Linking CXX static library libgtest_main.a
[ 75%] Built target gtest_main
Scanning dependencies of target test_security_logging
[ 77%] Building CXX object test/CMakeFiles/test_security_logging.dir/test_security_logging.cpp.o
[ 79%] Linking CXX executable test_security_logging
[ 79%] Built target test_security_logging
[ 80%] Linking CXX static library libgtest.a
[ 80%] Built target gtest
Scanning dependencies of target test_logging
Scanning dependencies of target test_dds_attributes_to_rmw_qos
[ 82%] Building CXX object test/CMakeFiles/test_logging.dir/test_logging.cpp.o
[ 83%] Building CXX object test/CMakeFiles/test_dds_attributes_to_rmw_qos.dir/test_dds_attributes_to_rmw_qos.cpp.o
[ 85%] Linking CXX executable test_logging
[ 85%] Built target test_logging
Scanning dependencies of target test_names
[ 87%] Building CXX object test/CMakeFiles/test_names.dir/test_names.cpp.o
[ 88%] Linking CXX executable test_names
[ 88%] Built target test_names
Scanning dependencies of target test_guid_utils
Scanning dependencies of target test_rmw_init_options
[ 90%] Building CXX object test/CMakeFiles/test_guid_utils.dir/test_guid_utils.cpp.o
[ 91%] Building CXX object test/CMakeFiles/test_rmw_init_options.dir/test_rmw_init_options.cpp.o
[ 93%] Linking CXX executable test_dds_attributes_to_rmw_qos
[ 93%] Built target test_dds_attributes_to_rmw_qos
Scanning dependencies of target test_rmw_qos_to_dds_attributes
[ 95%] Building CXX object test/CMakeFiles/test_rmw_qos_to_dds_attributes.dir/test_rmw_qos_to_dds_attributes.cpp.o
[ 96%] Linking CXX executable test_guid_utils
[ 98%] Linking CXX executable test_rmw_init_options
[ 98%] Built target test_guid_utils
[ 98%] Built target test_rmw_init_options
[100%] Linking CXX executable test_rmw_qos_to_dds_attributes
[100%] Built target test_rmw_qos_to_dds_attributes
-- Install configuration: ""
-- Installing: /workspace/foxy_ws/install/share/rmw_fastrtps_shared_cpp/environment/library_path.sh
-- Installing: /workspace/foxy_ws/install/share/rmw_fastrtps_shared_cpp/environment/library_path.dsv
-- Installing: /workspace/foxy_ws/install/share/ament_index/resource_index/package_run_dependencies/rmw_fastrtps_shared_cpp
-- Installing: /workspace/foxy_ws/install/share/ament_index/resource_index/parent_prefix_path/rmw_fastrtps_shared_cpp
-- Installing: /workspace/foxy_ws/install/share/rmw_fastrtps_shared_cpp/environment/ament_prefix_path.sh
-- Installing: /workspace/foxy_ws/install/share/rmw_fastrtps_shared_cpp/environment/ament_prefix_path.dsv
-- Installing: /workspace/foxy_ws/install/share/rmw_fastrtps_shared_cpp/environment/path.sh
-- Installing: /workspace/foxy_ws/install/share/rmw_fastrtps_shared_cpp/environment/path.dsv
-- Installing: /workspace/foxy_ws/install/share/rmw_fastrtps_shared_cpp/local_setup.bash
-- Installing: /workspace/foxy_ws/install/share/rmw_fastrtps_shared_cpp/local_setup.sh
-- Installing: /workspace/foxy_ws/install/share/rmw_fastrtps_shared_cpp/local_setup.zsh
-- Installing: /workspace/foxy_ws/install/share/rmw_fastrtps_shared_cpp/local_setup.dsv
-- Installing: /workspace/foxy_ws/install/share/rmw_fastrtps_shared_cpp/package.dsv
-- Installing: /workspace/foxy_ws/install/share/ament_index/resource_index/packages/rmw_fastrtps_shared_cpp
-- Installing: /workspace/foxy_ws/install/share/rmw_fastrtps_shared_cpp/cmake/rmw_fastrtps_shared_cppExport.cmake
-- Installing: /workspace/foxy_ws/install/share/rmw_fastrtps_shared_cpp/cmake/rmw_fastrtps_shared_cppExport-noconfig.cmake
-- Installing: /workspace/foxy_ws/install/share/rmw_fastrtps_shared_cpp/cmake/ament_cmake_export_include_directories-extras.cmake
-- Installing: /workspace/foxy_ws/install/share/rmw_fastrtps_shared_cpp/cmake/ament_cmake_export_libraries-extras.cmake
-- Installing: /workspace/foxy_ws/install/share/rmw_fastrtps_shared_cpp/cmake/ament_cmake_export_targets-extras.cmake
-- Installing: /workspace/foxy_ws/install/share/rmw_fastrtps_shared_cpp/cmake/ament_cmake_export_dependencies-extras.cmake
-- Installing: /workspace/foxy_ws/install/share/rmw_fastrtps_shared_cpp/cmake/rmw_fastrtps_shared_cpp-extras.cmake
-- Installing: /workspace/foxy_ws/install/share/rmw_fastrtps_shared_cpp/cmake/rmw_fastrtps_shared_cppConfig.cmake
-- Installing: /workspace/foxy_ws/install/share/rmw_fastrtps_shared_cpp/cmake/rmw_fastrtps_shared_cppConfig-version.cmake
-- Installing: /workspace/foxy_ws/install/share/rmw_fastrtps_shared_cpp/package.xml
-- Up-to-date: /workspace/foxy_ws/install/include
-- Installing: /workspace/foxy_ws/install/include/rmw_fastrtps_shared_cpp
-- Installing: /workspace/foxy_ws/install/include/rmw_fastrtps_shared_cpp/custom_event_info.hpp
-- Installing: /workspace/foxy_ws/install/include/rmw_fastrtps_shared_cpp/qos.hpp
-- Installing: /workspace/foxy_ws/install/include/rmw_fastrtps_shared_cpp/namespace_prefix.hpp
-- Installing: /workspace/foxy_ws/install/include/rmw_fastrtps_shared_cpp/rmw_security_logging.hpp
-- Installing: /workspace/foxy_ws/install/include/rmw_fastrtps_shared_cpp/custom_service_info.hpp
-- Installing: /workspace/foxy_ws/install/include/rmw_fastrtps_shared_cpp/rmw_context_impl.hpp
-- Installing: /workspace/foxy_ws/install/include/rmw_fastrtps_shared_cpp/names.hpp
-- Installing: /workspace/foxy_ws/install/include/rmw_fastrtps_shared_cpp/create_rmw_gid.hpp
-- Installing: /workspace/foxy_ws/install/include/rmw_fastrtps_shared_cpp/participant.hpp
-- Installing: /workspace/foxy_ws/install/include/rmw_fastrtps_shared_cpp/listener_thread.hpp
-- Installing: /workspace/foxy_ws/install/include/rmw_fastrtps_shared_cpp/rmw_init.hpp
-- Installing: /workspace/foxy_ws/install/include/rmw_fastrtps_shared_cpp/rmw_common.hpp
-- Installing: /workspace/foxy_ws/install/include/rmw_fastrtps_shared_cpp/init_rmw_context_impl.hpp
-- Installing: /workspace/foxy_ws/install/include/rmw_fastrtps_shared_cpp/publisher.hpp
-- Installing: /workspace/foxy_ws/install/include/rmw_fastrtps_shared_cpp/visibility_control.h
-- Installing: /workspace/foxy_ws/install/include/rmw_fastrtps_shared_cpp/custom_client_info.hpp
-- Installing: /workspace/foxy_ws/install/include/rmw_fastrtps_shared_cpp/custom_subscriber_info.hpp
-- Installing: /workspace/foxy_ws/install/include/rmw_fastrtps_shared_cpp/custom_participant_info.hpp
-- Installing: /workspace/foxy_ws/install/include/rmw_fastrtps_shared_cpp/locked_object.hpp
-- Installing: /workspace/foxy_ws/install/include/rmw_fastrtps_shared_cpp/subscription.hpp
-- Installing: /workspace/foxy_ws/install/include/rmw_fastrtps_shared_cpp/guid_utils.hpp
-- Installing: /workspace/foxy_ws/install/include/rmw_fastrtps_shared_cpp/TypeSupport.hpp
-- Installing: /workspace/foxy_ws/install/include/rmw_fastrtps_shared_cpp/custom_publisher_info.hpp
-- Installing: /workspace/foxy_ws/install/lib/librmw_fastrtps_shared_cpp.so
-- Set runtime path of "/workspace/foxy_ws/install/lib/librmw_fastrtps_shared_cpp.so" to ""
