[0.274s] Invoking command in '/workspace/foxy_ws/build/rmw_fastrtps_shared_cpp': AMENT_PREFIX_PATH=/workspace/foxy_ws/install CMAKE_PREFIX_PATH=/workspace/foxy_ws/install LD_LIBRARY_PATH=/workspace/foxy_ws/install/lib PATH=/workspace/foxy_ws/install/bin:${PATH} PKG_CONFIG_PATH=/workspace/foxy_ws/install/lib/x86_64-linux-gnu/pkgconfig:/workspace/foxy_ws/install/lib/pkgconfig PYTHONPATH=/workspace/foxy_ws/install/lib/python3.10/site-packages /usr/bin/cmake /workspace/foxy_ws/src/rmw_fastrtps/rmw_fastrtps_shared_cpp -DCMAKE_INSTALL_PREFIX=/workspace/foxy_ws/install
[0.349s] -- The C compiler identification is GNU 9.4.0
[0.415s] -- The CXX compiler identification is GNU 9.4.0
[0.421s] -- Check for working C compiler: /usr/bin/cc
[0.495s] -- Check for working C compiler: /usr/bin/cc -- works
[0.495s] -- Detecting C compiler ABI info
[0.563s] -- Detecting C compiler ABI info - done
[0.573s] -- Detecting C compile features
[0.573s] -- Detecting C compile features - done
[0.576s] -- Check for working CXX compiler: /usr/bin/c++
[0.656s] -- Check for working CXX compiler: /usr/bin/c++ -- works
[0.657s] -- Detecting CXX compiler ABI info
[0.736s] -- Detecting CXX compiler ABI info - done
[0.749s] -- Detecting CXX compile features
[0.750s] -- Detecting CXX compile features - done
[0.752s] -- Found ament_cmake_ros: 0.9.2 (/workspace/foxy_ws/install/share/ament_cmake_ros/cmake)
[0.773s] -- Found PythonInterp: /usr/bin/python3 (found suitable version "3.10.14", minimum required is "3") 
[0.773s] -- Using PYTHON_EXECUTABLE: /usr/bin/python3
[0.965s] -- Found rcpputils: 1.3.2 (/workspace/foxy_ws/install/share/rcpputils/cmake)
[0.977s] -- Found rmw_dds_common: 1.0.3 (/workspace/foxy_ws/install/share/rmw_dds_common/cmake)
[0.996s] -- Using all available rosidl_typesupport_c: rosidl_typesupport_fastrtps_c;rosidl_typesupport_introspection_c
[1.002s] -- Found rosidl_adapter: 1.3.1 (/workspace/foxy_ws/install/share/rosidl_adapter/cmake)
[1.020s] -- Found OpenSSL: /usr/lib/x86_64-linux-gnu/libcrypto.so (found version "1.1.1f")  
[1.035s] -- Found FastRTPS: /workspace/foxy_ws/install/include  
[1.083s] -- Using all available rosidl_typesupport_cpp: rosidl_typesupport_fastrtps_cpp;rosidl_typesupport_introspection_cpp
[1.138s] -- Found ament_lint_auto: 0.9.8 (/workspace/foxy_ws/install/share/ament_lint_auto/cmake)
[1.230s] -- Found gtest sources under '/workspace/foxy_ws/install/src/gtest_vendor': C++ tests using 'Google Test' will be built
[1.233s] -- Looking for pthread.h
[1.305s] -- Looking for pthread.h - found
[1.305s] -- Performing Test CMAKE_HAVE_LIBC_PTHREAD
[1.383s] -- Performing Test CMAKE_HAVE_LIBC_PTHREAD - Failed
[1.383s] -- Check if compiler accepts -pthread
[1.449s] -- Check if compiler accepts -pthread - yes
[1.451s] -- Found Threads: TRUE  
[1.454s] -- Found gmock sources under '/workspace/foxy_ws/install/src/gmock_vendor': C++ tests using 'Google Mock' will be built
[1.477s] -- Added test 'copyright' to check source files copyright and LICENSE
[1.487s] -- Added test 'cppcheck' to perform static code analysis on C / C++ code
[1.487s] -- Configured cppcheck include dirs: $<BUILD_INTERFACE:/workspace/foxy_ws/src/rmw_fastrtps/rmw_fastrtps_shared_cpp/include>
[1.487s] -- Configured cppcheck exclude dirs and/or files: 
[1.496s] -- Added test 'cpplint' to check C / C++ code against the Google style
[1.496s] -- Configured cpplint exclude dirs and/or files: 
[1.499s] -- Added test 'lint_cmake' to check CMake code style
[1.509s] -- Added test 'uncrustify' to check C / C++ code style
[1.509s] -- Configured uncrustify additional arguments: 
[1.510s] -- Added test 'xmllint' to check XML markup files
[1.518s] -- Configuring done
[1.560s] -- Generating done
[1.568s] -- Build files have been written to: /workspace/foxy_ws/build/rmw_fastrtps_shared_cpp
[1.572s] Invoked command in '/workspace/foxy_ws/build/rmw_fastrtps_shared_cpp' returned '0': AMENT_PREFIX_PATH=/workspace/foxy_ws/install CMAKE_PREFIX_PATH=/workspace/foxy_ws/install LD_LIBRARY_PATH=/workspace/foxy_ws/install/lib PATH=/workspace/foxy_ws/install/bin:${PATH} PKG_CONFIG_PATH=/workspace/foxy_ws/install/lib/x86_64-linux-gnu/pkgconfig:/workspace/foxy_ws/install/lib/pkgconfig PYTHONPATH=/workspace/foxy_ws/install/lib/python3.10/site-packages /usr/bin/cmake /workspace/foxy_ws/src/rmw_fastrtps/rmw_fastrtps_shared_cpp -DCMAKE_INSTALL_PREFIX=/workspace/foxy_ws/install
[1.573s] Invoking command in '/workspace/foxy_ws/build/rmw_fastrtps_shared_cpp': AMENT_PREFIX_PATH=/workspace/foxy_ws/install CMAKE_PREFIX_PATH=/workspace/foxy_ws/install LD_LIBRARY_PATH=/workspace/foxy_ws/install/lib PATH=/workspace/foxy_ws/install/bin:${PATH} PKG_CONFIG_PATH=/workspace/foxy_ws/install/lib/x86_64-linux-gnu/pkgconfig:/workspace/foxy_ws/install/lib/pkgconfig PYTHONPATH=/workspace/foxy_ws/install/lib/python3.10/site-packages /usr/bin/cmake --build /workspace/foxy_ws/build/rmw_fastrtps_shared_cpp -- -j12 -l12
[1.680s] Scanning dependencies of target rmw_fastrtps_shared_cpp
[1.707s] [  1%] Building CXX object CMakeFiles/rmw_fastrtps_shared_cpp.dir/src/custom_publisher_info.cpp.o
[3.557s] [  3%] Building CXX object CMakeFiles/rmw_fastrtps_shared_cpp.dir/src/participant.cpp.o
[5.315s] [  4%] Building CXX object CMakeFiles/rmw_fastrtps_shared_cpp.dir/src/publisher.cpp.o
[6.929s] [  6%] Building CXX object CMakeFiles/rmw_fastrtps_shared_cpp.dir/src/qos.cpp.o
[8.554s] [  8%] Building CXX object CMakeFiles/rmw_fastrtps_shared_cpp.dir/src/rmw_client.cpp.o
[10.060s] [  9%] Building CXX object CMakeFiles/rmw_fastrtps_shared_cpp.dir/src/rmw_compare_gids_equal.cpp.o
[10.360s] [ 11%] Building CXX object CMakeFiles/rmw_fastrtps_shared_cpp.dir/src/rmw_count.cpp.o
[11.738s] [ 12%] Building CXX object CMakeFiles/rmw_fastrtps_shared_cpp.dir/src/rmw_event.cpp.o
[12.111s] [ 14%] Building CXX object CMakeFiles/rmw_fastrtps_shared_cpp.dir/src/rmw_get_gid_for_publisher.cpp.o
[13.246s] [ 16%] Building CXX object CMakeFiles/rmw_fastrtps_shared_cpp.dir/src/rmw_get_topic_endpoint_info.cpp.o
[14.612s] [ 17%] Building CXX object CMakeFiles/rmw_fastrtps_shared_cpp.dir/src/rmw_guard_condition.cpp.o
[14.855s] [ 19%] Building CXX object CMakeFiles/rmw_fastrtps_shared_cpp.dir/src/rmw_init.cpp.o
[15.138s] [ 20%] Building CXX object CMakeFiles/rmw_fastrtps_shared_cpp.dir/src/rmw_logging.cpp.o
[15.847s] [ 22%] Building CXX object CMakeFiles/rmw_fastrtps_shared_cpp.dir/src/rmw_node.cpp.o
[17.792s] [ 24%] Building CXX object CMakeFiles/rmw_fastrtps_shared_cpp.dir/src/rmw_node_info_and_types.cpp.o
[19.483s] [ 27%] Building CXX object CMakeFiles/rmw_fastrtps_shared_cpp.dir/src/rmw_node_names.cpp.o
[19.483s] [ 27%] Building CXX object CMakeFiles/rmw_fastrtps_shared_cpp.dir/src/namespace_prefix.cpp.o
[19.762s] [ 29%] Building CXX object CMakeFiles/rmw_fastrtps_shared_cpp.dir/src/rmw_publish.cpp.o
[20.782s] [ 30%] Building CXX object CMakeFiles/rmw_fastrtps_shared_cpp.dir/src/rmw_publisher.cpp.o
[21.623s] [ 32%] Building CXX object CMakeFiles/rmw_fastrtps_shared_cpp.dir/src/listener_thread.cpp.o
[21.641s] [ 33%] Building CXX object CMakeFiles/rmw_fastrtps_shared_cpp.dir/src/rmw_request.cpp.o
[22.487s] [ 35%] Building CXX object CMakeFiles/rmw_fastrtps_shared_cpp.dir/src/rmw_response.cpp.o
[23.463s] [ 37%] Building CXX object CMakeFiles/rmw_fastrtps_shared_cpp.dir/src/rmw_security_logging.cpp.o
[23.947s] [ 38%] Building CXX object CMakeFiles/rmw_fastrtps_shared_cpp.dir/src/rmw_service.cpp.o
[23.979s] [ 40%] Building CXX object CMakeFiles/rmw_fastrtps_shared_cpp.dir/src/rmw_service_names_and_types.cpp.o
[25.780s] [ 41%] Building CXX object CMakeFiles/rmw_fastrtps_shared_cpp.dir/src/rmw_take.cpp.o
[26.953s] [ 43%] Building CXX object CMakeFiles/rmw_fastrtps_shared_cpp.dir/src/rmw_topic_names_and_types.cpp.o
[27.426s] [ 45%] Building CXX object CMakeFiles/rmw_fastrtps_shared_cpp.dir/src/rmw_trigger_guard_condition.cpp.o
[27.664s] [ 46%] Building CXX object CMakeFiles/rmw_fastrtps_shared_cpp.dir/src/rmw_wait.cpp.o
[28.966s] [ 48%] Building CXX object CMakeFiles/rmw_fastrtps_shared_cpp.dir/src/rmw_wait_set.cpp.o
[29.297s] [ 50%] Building CXX object CMakeFiles/rmw_fastrtps_shared_cpp.dir/src/rmw_subscription.cpp.o
[29.299s] [ 51%] Building CXX object CMakeFiles/rmw_fastrtps_shared_cpp.dir/src/subscription.cpp.o
[31.083s] [ 53%] Building CXX object CMakeFiles/rmw_fastrtps_shared_cpp.dir/src/TypeSupport_impl.cpp.o
[31.256s] [ 54%] Building CXX object CMakeFiles/rmw_fastrtps_shared_cpp.dir/src/rmw_service_server_is_available.cpp.o
[32.513s] [ 56%] Building CXX object CMakeFiles/rmw_fastrtps_shared_cpp.dir/src/init_rmw_context_impl.cpp.o
[32.708s] [ 58%] Building CXX object CMakeFiles/rmw_fastrtps_shared_cpp.dir/src/demangle.cpp.o
[32.966s] [ 59%] Building CXX object CMakeFiles/rmw_fastrtps_shared_cpp.dir/src/create_rmw_gid.cpp.o
[33.244s] [ 61%] Building CXX object CMakeFiles/rmw_fastrtps_shared_cpp.dir/src/custom_subscriber_info.cpp.o
[34.529s] [ 62%] Linking CXX shared library librmw_fastrtps_shared_cpp.so
[34.698s] [ 62%] Built target rmw_fastrtps_shared_cpp
[34.711s] Scanning dependencies of target gmock_main
[34.720s] [ 64%] Building CXX object gmock/CMakeFiles/gmock_main.dir/src/gmock_main.cc.o
[35.434s] [ 66%] Linking CXX static library libgmock_main.a
[35.458s] [ 66%] Built target gmock_main
[35.474s] Scanning dependencies of target gmock
[35.482s] [ 67%] Building CXX object gmock/CMakeFiles/gmock.dir/workspace/foxy_ws/install/src/gtest_vendor/src/gtest-all.cc.o
[37.899s] [ 69%] Building CXX object gmock/CMakeFiles/gmock.dir/src/gmock-all.cc.o
[39.367s] [ 70%] Linking CXX static library libgmock.a
[39.425s] [ 70%] Built target gmock
[39.437s] Scanning dependencies of target gtest_main
[39.442s] Scanning dependencies of target gtest
[39.446s] [ 72%] Building CXX object gtest/CMakeFiles/gtest_main.dir/src/gtest_main.cc.o
[39.452s] [ 74%] Building CXX object gtest/CMakeFiles/gtest.dir/src/gtest-all.cc.o
[40.038s] [ 75%] Linking CXX static library libgtest_main.a
[40.061s] [ 75%] Built target gtest_main
[40.076s] Scanning dependencies of target test_security_logging
[40.087s] [ 77%] Building CXX object test/CMakeFiles/test_security_logging.dir/test_security_logging.cpp.o
[41.117s] [ 79%] Linking CXX executable test_security_logging
[41.322s] [ 79%] Built target test_security_logging
[42.034s] [ 80%] Linking CXX static library libgtest.a
[42.086s] [ 80%] Built target gtest
[42.102s] Scanning dependencies of target test_logging
[42.107s] Scanning dependencies of target test_dds_attributes_to_rmw_qos
[42.110s] [ 82%] Building CXX object test/CMakeFiles/test_logging.dir/test_logging.cpp.o
[42.117s] [ 83%] Building CXX object test/CMakeFiles/test_dds_attributes_to_rmw_qos.dir/test_dds_attributes_to_rmw_qos.cpp.o
[42.987s] [ 85%] Linking CXX executable test_logging
[43.182s] [ 85%] Built target test_logging
[43.199s] Scanning dependencies of target test_names
[43.211s] [ 87%] Building CXX object test/CMakeFiles/test_names.dir/test_names.cpp.o
[43.969s] [ 88%] Linking CXX executable test_names
[44.122s] [ 88%] Built target test_names
[44.134s] Scanning dependencies of target test_guid_utils
[44.140s] Scanning dependencies of target test_rmw_init_options
[44.146s] [ 90%] Building CXX object test/CMakeFiles/test_guid_utils.dir/test_guid_utils.cpp.o
[44.151s] [ 91%] Building CXX object test/CMakeFiles/test_rmw_init_options.dir/test_rmw_init_options.cpp.o
[44.275s] [ 93%] Linking CXX executable test_dds_attributes_to_rmw_qos
[44.554s] [ 93%] Built target test_dds_attributes_to_rmw_qos
[44.584s] Scanning dependencies of target test_rmw_qos_to_dds_attributes
[44.599s] [ 95%] Building CXX object test/CMakeFiles/test_rmw_qos_to_dds_attributes.dir/test_rmw_qos_to_dds_attributes.cpp.o
[44.883s] [ 96%] Linking CXX executable test_guid_utils
[44.990s] [ 98%] Linking CXX executable test_rmw_init_options
[45.001s] [ 98%] Built target test_guid_utils
[45.156s] [ 98%] Built target test_rmw_init_options
[46.345s] [100%] Linking CXX executable test_rmw_qos_to_dds_attributes
[46.582s] [100%] Built target test_rmw_qos_to_dds_attributes
[46.590s] Invoked command in '/workspace/foxy_ws/build/rmw_fastrtps_shared_cpp' returned '0': AMENT_PREFIX_PATH=/workspace/foxy_ws/install CMAKE_PREFIX_PATH=/workspace/foxy_ws/install LD_LIBRARY_PATH=/workspace/foxy_ws/install/lib PATH=/workspace/foxy_ws/install/bin:${PATH} PKG_CONFIG_PATH=/workspace/foxy_ws/install/lib/x86_64-linux-gnu/pkgconfig:/workspace/foxy_ws/install/lib/pkgconfig PYTHONPATH=/workspace/foxy_ws/install/lib/python3.10/site-packages /usr/bin/cmake --build /workspace/foxy_ws/build/rmw_fastrtps_shared_cpp -- -j12 -l12
[46.637s] Invoking command in '/workspace/foxy_ws/build/rmw_fastrtps_shared_cpp': AMENT_PREFIX_PATH=/workspace/foxy_ws/install CMAKE_PREFIX_PATH=/workspace/foxy_ws/install LD_LIBRARY_PATH=/workspace/foxy_ws/install/lib PATH=/workspace/foxy_ws/install/bin:${PATH} PKG_CONFIG_PATH=/workspace/foxy_ws/install/lib/x86_64-linux-gnu/pkgconfig:/workspace/foxy_ws/install/lib/pkgconfig PYTHONPATH=/workspace/foxy_ws/install/lib/python3.10/site-packages /usr/bin/cmake --install /workspace/foxy_ws/build/rmw_fastrtps_shared_cpp
[46.643s] -- Install configuration: ""
[46.644s] -- Installing: /workspace/foxy_ws/install/share/rmw_fastrtps_shared_cpp/environment/library_path.sh
[46.644s] -- Installing: /workspace/foxy_ws/install/share/rmw_fastrtps_shared_cpp/environment/library_path.dsv
[46.644s] -- Installing: /workspace/foxy_ws/install/share/ament_index/resource_index/package_run_dependencies/rmw_fastrtps_shared_cpp
[46.644s] -- Installing: /workspace/foxy_ws/install/share/ament_index/resource_index/parent_prefix_path/rmw_fastrtps_shared_cpp
[46.645s] -- Installing: /workspace/foxy_ws/install/share/rmw_fastrtps_shared_cpp/environment/ament_prefix_path.sh
[46.645s] -- Installing: /workspace/foxy_ws/install/share/rmw_fastrtps_shared_cpp/environment/ament_prefix_path.dsv
[46.645s] -- Installing: /workspace/foxy_ws/install/share/rmw_fastrtps_shared_cpp/environment/path.sh
[46.645s] -- Installing: /workspace/foxy_ws/install/share/rmw_fastrtps_shared_cpp/environment/path.dsv
[46.646s] -- Installing: /workspace/foxy_ws/install/share/rmw_fastrtps_shared_cpp/local_setup.bash
[46.646s] -- Installing: /workspace/foxy_ws/install/share/rmw_fastrtps_shared_cpp/local_setup.sh
[46.646s] -- Installing: /workspace/foxy_ws/install/share/rmw_fastrtps_shared_cpp/local_setup.zsh
[46.646s] -- Installing: /workspace/foxy_ws/install/share/rmw_fastrtps_shared_cpp/local_setup.dsv
[46.646s] -- Installing: /workspace/foxy_ws/install/share/rmw_fastrtps_shared_cpp/package.dsv
[46.646s] -- Installing: /workspace/foxy_ws/install/share/ament_index/resource_index/packages/rmw_fastrtps_shared_cpp
[46.647s] -- Installing: /workspace/foxy_ws/install/share/rmw_fastrtps_shared_cpp/cmake/rmw_fastrtps_shared_cppExport.cmake
[46.647s] -- Installing: /workspace/foxy_ws/install/share/rmw_fastrtps_shared_cpp/cmake/rmw_fastrtps_shared_cppExport-noconfig.cmake
[46.647s] -- Installing: /workspace/foxy_ws/install/share/rmw_fastrtps_shared_cpp/cmake/ament_cmake_export_include_directories-extras.cmake
[46.647s] -- Installing: /workspace/foxy_ws/install/share/rmw_fastrtps_shared_cpp/cmake/ament_cmake_export_libraries-extras.cmake
[46.648s] -- Installing: /workspace/foxy_ws/install/share/rmw_fastrtps_shared_cpp/cmake/ament_cmake_export_targets-extras.cmake
[46.648s] -- Installing: /workspace/foxy_ws/install/share/rmw_fastrtps_shared_cpp/cmake/ament_cmake_export_dependencies-extras.cmake
[46.648s] -- Installing: /workspace/foxy_ws/install/share/rmw_fastrtps_shared_cpp/cmake/rmw_fastrtps_shared_cpp-extras.cmake
[46.648s] -- Installing: /workspace/foxy_ws/install/share/rmw_fastrtps_shared_cpp/cmake/rmw_fastrtps_shared_cppConfig.cmake
[46.649s] -- Installing: /workspace/foxy_ws/install/share/rmw_fastrtps_shared_cpp/cmake/rmw_fastrtps_shared_cppConfig-version.cmake
[46.649s] -- Installing: /workspace/foxy_ws/install/share/rmw_fastrtps_shared_cpp/package.xml
[46.649s] -- Up-to-date: /workspace/foxy_ws/install/include
[46.649s] -- Installing: /workspace/foxy_ws/install/include/rmw_fastrtps_shared_cpp
[46.649s] -- Installing: /workspace/foxy_ws/install/include/rmw_fastrtps_shared_cpp/custom_event_info.hpp
[46.650s] -- Installing: /workspace/foxy_ws/install/include/rmw_fastrtps_shared_cpp/qos.hpp
[46.650s] -- Installing: /workspace/foxy_ws/install/include/rmw_fastrtps_shared_cpp/namespace_prefix.hpp
[46.650s] -- Installing: /workspace/foxy_ws/install/include/rmw_fastrtps_shared_cpp/rmw_security_logging.hpp
[46.650s] -- Installing: /workspace/foxy_ws/install/include/rmw_fastrtps_shared_cpp/custom_service_info.hpp
[46.650s] -- Installing: /workspace/foxy_ws/install/include/rmw_fastrtps_shared_cpp/rmw_context_impl.hpp
[46.650s] -- Installing: /workspace/foxy_ws/install/include/rmw_fastrtps_shared_cpp/names.hpp
[46.651s] -- Installing: /workspace/foxy_ws/install/include/rmw_fastrtps_shared_cpp/create_rmw_gid.hpp
[46.651s] -- Installing: /workspace/foxy_ws/install/include/rmw_fastrtps_shared_cpp/participant.hpp
[46.651s] -- Installing: /workspace/foxy_ws/install/include/rmw_fastrtps_shared_cpp/listener_thread.hpp
[46.651s] -- Installing: /workspace/foxy_ws/install/include/rmw_fastrtps_shared_cpp/rmw_init.hpp
[46.651s] -- Installing: /workspace/foxy_ws/install/include/rmw_fastrtps_shared_cpp/rmw_common.hpp
[46.651s] -- Installing: /workspace/foxy_ws/install/include/rmw_fastrtps_shared_cpp/init_rmw_context_impl.hpp
[46.651s] -- Installing: /workspace/foxy_ws/install/include/rmw_fastrtps_shared_cpp/publisher.hpp
[46.652s] -- Installing: /workspace/foxy_ws/install/include/rmw_fastrtps_shared_cpp/visibility_control.h
[46.652s] -- Installing: /workspace/foxy_ws/install/include/rmw_fastrtps_shared_cpp/custom_client_info.hpp
[46.652s] -- Installing: /workspace/foxy_ws/install/include/rmw_fastrtps_shared_cpp/custom_subscriber_info.hpp
[46.652s] -- Installing: /workspace/foxy_ws/install/include/rmw_fastrtps_shared_cpp/custom_participant_info.hpp
[46.652s] -- Installing: /workspace/foxy_ws/install/include/rmw_fastrtps_shared_cpp/locked_object.hpp
[46.653s] -- Installing: /workspace/foxy_ws/install/include/rmw_fastrtps_shared_cpp/subscription.hpp
[46.653s] -- Installing: /workspace/foxy_ws/install/include/rmw_fastrtps_shared_cpp/guid_utils.hpp
[46.653s] -- Installing: /workspace/foxy_ws/install/include/rmw_fastrtps_shared_cpp/TypeSupport.hpp
[46.653s] -- Installing: /workspace/foxy_ws/install/include/rmw_fastrtps_shared_cpp/custom_publisher_info.hpp
[46.653s] -- Installing: /workspace/foxy_ws/install/lib/librmw_fastrtps_shared_cpp.so
[46.654s] -- Set runtime path of "/workspace/foxy_ws/install/lib/librmw_fastrtps_shared_cpp.so" to ""
[46.656s] Invoked command in '/workspace/foxy_ws/build/rmw_fastrtps_shared_cpp' returned '0': AMENT_PREFIX_PATH=/workspace/foxy_ws/install CMAKE_PREFIX_PATH=/workspace/foxy_ws/install LD_LIBRARY_PATH=/workspace/foxy_ws/install/lib PATH=/workspace/foxy_ws/install/bin:${PATH} PKG_CONFIG_PATH=/workspace/foxy_ws/install/lib/x86_64-linux-gnu/pkgconfig:/workspace/foxy_ws/install/lib/pkgconfig PYTHONPATH=/workspace/foxy_ws/install/lib/python3.10/site-packages /usr/bin/cmake --install /workspace/foxy_ws/build/rmw_fastrtps_shared_cpp
