The system is: Linux - 5.15.0-107-generic - x86_64
Compiling the C compiler identification source file "CMakeCCompilerId.c" succeeded.
Compiler: /usr/bin/cc 
Build flags: 
Id flags:  

The output was:
0


Compilation of the C compiler identification source "CMakeCCompilerId.c" produced "a.out"

The C compiler identification is GNU, found in "/workspace/foxy_ws/build/uncrustify_vendor/uncrustify-0.68.1-prefix/src/uncrustify-0.68.1-build/CMakeFiles/3.16.3/CompilerIdC/a.out"

Compiling the CXX compiler identification source file "CMakeCXXCompilerId.cpp" succeeded.
Compiler: /usr/bin/c++ 
Build flags: 
Id flags:  

The output was:
0


Compilation of the CXX compiler identification source "CMakeCXXCompilerId.cpp" produced "a.out"

The CXX compiler identification is GNU, found in "/workspace/foxy_ws/build/uncrustify_vendor/uncrustify-0.68.1-prefix/src/uncrustify-0.68.1-build/CMakeFiles/3.16.3/CompilerIdCXX/a.out"

Determining if the C compiler works passed with the following output:
Change Dir: /workspace/foxy_ws/build/uncrustify_vendor/uncrustify-0.68.1-prefix/src/uncrustify-0.68.1-build/CMakeFiles/CMakeTmp

Run Build Command(s):/usr/bin/make cmTC_fef30/fast && make[3]: Entering directory '/workspace/foxy_ws/build/uncrustify_vendor/uncrustify-0.68.1-prefix/src/uncrustify-0.68.1-build/CMakeFiles/CMakeTmp'
/usr/bin/make -f CMakeFiles/cmTC_fef30.dir/build.make CMakeFiles/cmTC_fef30.dir/build
make[4]: Entering directory '/workspace/foxy_ws/build/uncrustify_vendor/uncrustify-0.68.1-prefix/src/uncrustify-0.68.1-build/CMakeFiles/CMakeTmp'
Building C object CMakeFiles/cmTC_fef30.dir/testCCompiler.c.o
/usr/bin/cc    -o CMakeFiles/cmTC_fef30.dir/testCCompiler.c.o   -c /workspace/foxy_ws/build/uncrustify_vendor/uncrustify-0.68.1-prefix/src/uncrustify-0.68.1-build/CMakeFiles/CMakeTmp/testCCompiler.c
Linking C executable cmTC_fef30
/usr/bin/cmake -E cmake_link_script CMakeFiles/cmTC_fef30.dir/link.txt --verbose=1
/usr/bin/cc      -rdynamic CMakeFiles/cmTC_fef30.dir/testCCompiler.c.o  -o cmTC_fef30 
make[4]: Leaving directory '/workspace/foxy_ws/build/uncrustify_vendor/uncrustify-0.68.1-prefix/src/uncrustify-0.68.1-build/CMakeFiles/CMakeTmp'
make[3]: Leaving directory '/workspace/foxy_ws/build/uncrustify_vendor/uncrustify-0.68.1-prefix/src/uncrustify-0.68.1-build/CMakeFiles/CMakeTmp'



Detecting C compiler ABI info compiled with the following output:
Change Dir: /workspace/foxy_ws/build/uncrustify_vendor/uncrustify-0.68.1-prefix/src/uncrustify-0.68.1-build/CMakeFiles/CMakeTmp

Run Build Command(s):/usr/bin/make cmTC_27c5f/fast && make[3]: Entering directory '/workspace/foxy_ws/build/uncrustify_vendor/uncrustify-0.68.1-prefix/src/uncrustify-0.68.1-build/CMakeFiles/CMakeTmp'
/usr/bin/make -f CMakeFiles/cmTC_27c5f.dir/build.make CMakeFiles/cmTC_27c5f.dir/build
make[4]: Entering directory '/workspace/foxy_ws/build/uncrustify_vendor/uncrustify-0.68.1-prefix/src/uncrustify-0.68.1-build/CMakeFiles/CMakeTmp'
Building C object CMakeFiles/cmTC_27c5f.dir/CMakeCCompilerABI.c.o
/usr/bin/cc   -v -o CMakeFiles/cmTC_27c5f.dir/CMakeCCompilerABI.c.o   -c /usr/share/cmake-3.16/Modules/CMakeCCompilerABI.c
Using built-in specs.
COLLECT_GCC=/usr/bin/cc
OFFLOAD_TARGET_NAMES=nvptx-none:hsa
OFFLOAD_TARGET_DEFAULT=1
Target: x86_64-linux-gnu
Configured with: ../src/configure -v --with-pkgversion='Ubuntu 9.4.0-1ubuntu1~20.04.2' --with-bugurl=file:///usr/share/doc/gcc-9/README.Bugs --enable-languages=c,ada,c++,go,brig,d,fortran,objc,obj-c++,gm2 --prefix=/usr --with-gcc-major-version-only --program-suffix=-9 --program-prefix=x86_64-linux-gnu- --enable-shared --enable-linker-build-id --libexecdir=/usr/lib --without-included-gettext --enable-threads=posix --libdir=/usr/lib --enable-nls --enable-clocale=gnu --enable-libstdcxx-debug --enable-libstdcxx-time=yes --with-default-libstdcxx-abi=new --enable-gnu-unique-object --disable-vtable-verify --enable-plugin --enable-default-pie --with-system-zlib --with-target-system-zlib=auto --enable-objc-gc=auto --enable-multiarch --disable-werror --with-arch-32=i686 --with-abi=m64 --with-multilib-list=m32,m64,mx32 --enable-multilib --with-tune=generic --enable-offload-targets=nvptx-none=/build/gcc-9-9QDOt0/gcc-9-9.4.0/debian/tmp-nvptx/usr,hsa --without-cuda-driver --enable-checking=release --build=x86_64-linux-gnu --host=x86_64-linux-gnu --target=x86_64-linux-gnu
Thread model: posix
gcc version 9.4.0 (Ubuntu 9.4.0-1ubuntu1~20.04.2) 
COLLECT_GCC_OPTIONS='-v' '-o' 'CMakeFiles/cmTC_27c5f.dir/CMakeCCompilerABI.c.o' '-c' '-mtune=generic' '-march=x86-64'
 /usr/lib/gcc/x86_64-linux-gnu/9/cc1 -quiet -v -imultiarch x86_64-linux-gnu /usr/share/cmake-3.16/Modules/CMakeCCompilerABI.c -quiet -dumpbase CMakeCCompilerABI.c -mtune=generic -march=x86-64 -auxbase-strip CMakeFiles/cmTC_27c5f.dir/CMakeCCompilerABI.c.o -version -fasynchronous-unwind-tables -fstack-protector-strong -Wformat -Wformat-security -fstack-clash-protection -fcf-protection -o /tmp/ccEAS2r0.s
GNU C17 (Ubuntu 9.4.0-1ubuntu1~20.04.2) version 9.4.0 (x86_64-linux-gnu)
	compiled by GNU C version 9.4.0, GMP version 6.2.0, MPFR version 4.0.2, MPC version 1.1.0, isl version isl-0.22.1-GMP

GGC heuristics: --param ggc-min-expand=100 --param ggc-min-heapsize=131072
ignoring nonexistent directory "/usr/local/include/x86_64-linux-gnu"
ignoring nonexistent directory "/usr/lib/gcc/x86_64-linux-gnu/9/include-fixed"
ignoring nonexistent directory "/usr/lib/gcc/x86_64-linux-gnu/9/../../../../x86_64-linux-gnu/include"
#include "..." search starts here:
#include <...> search starts here:
 /usr/lib/gcc/x86_64-linux-gnu/9/include
 /usr/local/include
 /usr/include/x86_64-linux-gnu
 /usr/include
End of search list.
GNU C17 (Ubuntu 9.4.0-1ubuntu1~20.04.2) version 9.4.0 (x86_64-linux-gnu)
	compiled by GNU C version 9.4.0, GMP version 6.2.0, MPFR version 4.0.2, MPC version 1.1.0, isl version isl-0.22.1-GMP

GGC heuristics: --param ggc-min-expand=100 --param ggc-min-heapsize=131072
Compiler executable checksum: 01da938ff5dc2163489aa33cb3b747a7
COLLECT_GCC_OPTIONS='-v' '-o' 'CMakeFiles/cmTC_27c5f.dir/CMakeCCompilerABI.c.o' '-c' '-mtune=generic' '-march=x86-64'
 as -v --64 -o CMakeFiles/cmTC_27c5f.dir/CMakeCCompilerABI.c.o /tmp/ccEAS2r0.s
GNU assembler version 2.34 (x86_64-linux-gnu) using BFD version (GNU Binutils for Ubuntu) 2.34
COMPILER_PATH=/usr/lib/gcc/x86_64-linux-gnu/9/:/usr/lib/gcc/x86_64-linux-gnu/9/:/usr/lib/gcc/x86_64-linux-gnu/:/usr/lib/gcc/x86_64-linux-gnu/9/:/usr/lib/gcc/x86_64-linux-gnu/
LIBRARY_PATH=/usr/lib/gcc/x86_64-linux-gnu/9/:/usr/lib/gcc/x86_64-linux-gnu/9/../../../x86_64-linux-gnu/:/usr/lib/gcc/x86_64-linux-gnu/9/../../../../lib/:/lib/x86_64-linux-gnu/:/lib/../lib/:/usr/lib/x86_64-linux-gnu/:/usr/lib/../lib/:/usr/lib/gcc/x86_64-linux-gnu/9/../../../:/lib/:/usr/lib/
COLLECT_GCC_OPTIONS='-v' '-o' 'CMakeFiles/cmTC_27c5f.dir/CMakeCCompilerABI.c.o' '-c' '-mtune=generic' '-march=x86-64'
Linking C executable cmTC_27c5f
/usr/bin/cmake -E cmake_link_script CMakeFiles/cmTC_27c5f.dir/link.txt --verbose=1
/usr/bin/cc     -v -rdynamic CMakeFiles/cmTC_27c5f.dir/CMakeCCompilerABI.c.o  -o cmTC_27c5f 
Using built-in specs.
COLLECT_GCC=/usr/bin/cc
COLLECT_LTO_WRAPPER=/usr/lib/gcc/x86_64-linux-gnu/9/lto-wrapper
OFFLOAD_TARGET_NAMES=nvptx-none:hsa
OFFLOAD_TARGET_DEFAULT=1
Target: x86_64-linux-gnu
Configured with: ../src/configure -v --with-pkgversion='Ubuntu 9.4.0-1ubuntu1~20.04.2' --with-bugurl=file:///usr/share/doc/gcc-9/README.Bugs --enable-languages=c,ada,c++,go,brig,d,fortran,objc,obj-c++,gm2 --prefix=/usr --with-gcc-major-version-only --program-suffix=-9 --program-prefix=x86_64-linux-gnu- --enable-shared --enable-linker-build-id --libexecdir=/usr/lib --without-included-gettext --enable-threads=posix --libdir=/usr/lib --enable-nls --enable-clocale=gnu --enable-libstdcxx-debug --enable-libstdcxx-time=yes --with-default-libstdcxx-abi=new --enable-gnu-unique-object --disable-vtable-verify --enable-plugin --enable-default-pie --with-system-zlib --with-target-system-zlib=auto --enable-objc-gc=auto --enable-multiarch --disable-werror --with-arch-32=i686 --with-abi=m64 --with-multilib-list=m32,m64,mx32 --enable-multilib --with-tune=generic --enable-offload-targets=nvptx-none=/build/gcc-9-9QDOt0/gcc-9-9.4.0/debian/tmp-nvptx/usr,hsa --without-cuda-driver --enable-checking=release --build=x86_64-linux-gnu --host=x86_64-linux-gnu --target=x86_64-linux-gnu
Thread model: posix
gcc version 9.4.0 (Ubuntu 9.4.0-1ubuntu1~20.04.2) 
COMPILER_PATH=/usr/lib/gcc/x86_64-linux-gnu/9/:/usr/lib/gcc/x86_64-linux-gnu/9/:/usr/lib/gcc/x86_64-linux-gnu/:/usr/lib/gcc/x86_64-linux-gnu/9/:/usr/lib/gcc/x86_64-linux-gnu/
LIBRARY_PATH=/usr/lib/gcc/x86_64-linux-gnu/9/:/usr/lib/gcc/x86_64-linux-gnu/9/../../../x86_64-linux-gnu/:/usr/lib/gcc/x86_64-linux-gnu/9/../../../../lib/:/lib/x86_64-linux-gnu/:/lib/../lib/:/usr/lib/x86_64-linux-gnu/:/usr/lib/../lib/:/usr/lib/gcc/x86_64-linux-gnu/9/../../../:/lib/:/usr/lib/
COLLECT_GCC_OPTIONS='-v' '-rdynamic' '-o' 'cmTC_27c5f' '-mtune=generic' '-march=x86-64'
 /usr/lib/gcc/x86_64-linux-gnu/9/collect2 -plugin /usr/lib/gcc/x86_64-linux-gnu/9/liblto_plugin.so -plugin-opt=/usr/lib/gcc/x86_64-linux-gnu/9/lto-wrapper -plugin-opt=-fresolution=/tmp/ccRbzLF3.res -plugin-opt=-pass-through=-lgcc -plugin-opt=-pass-through=-lgcc_s -plugin-opt=-pass-through=-lc -plugin-opt=-pass-through=-lgcc -plugin-opt=-pass-through=-lgcc_s --build-id --eh-frame-hdr -m elf_x86_64 --hash-style=gnu --as-needed -export-dynamic -dynamic-linker /lib64/ld-linux-x86-64.so.2 -pie -z now -z relro -o cmTC_27c5f /usr/lib/gcc/x86_64-linux-gnu/9/../../../x86_64-linux-gnu/Scrt1.o /usr/lib/gcc/x86_64-linux-gnu/9/../../../x86_64-linux-gnu/crti.o /usr/lib/gcc/x86_64-linux-gnu/9/crtbeginS.o -L/usr/lib/gcc/x86_64-linux-gnu/9 -L/usr/lib/gcc/x86_64-linux-gnu/9/../../../x86_64-linux-gnu -L/usr/lib/gcc/x86_64-linux-gnu/9/../../../../lib -L/lib/x86_64-linux-gnu -L/lib/../lib -L/usr/lib/x86_64-linux-gnu -L/usr/lib/../lib -L/usr/lib/gcc/x86_64-linux-gnu/9/../../.. CMakeFiles/cmTC_27c5f.dir/CMakeCCompilerABI.c.o -lgcc --push-state --as-needed -lgcc_s --pop-state -lc -lgcc --push-state --as-needed -lgcc_s --pop-state /usr/lib/gcc/x86_64-linux-gnu/9/crtendS.o /usr/lib/gcc/x86_64-linux-gnu/9/../../../x86_64-linux-gnu/crtn.o
COLLECT_GCC_OPTIONS='-v' '-rdynamic' '-o' 'cmTC_27c5f' '-mtune=generic' '-march=x86-64'
make[4]: Leaving directory '/workspace/foxy_ws/build/uncrustify_vendor/uncrustify-0.68.1-prefix/src/uncrustify-0.68.1-build/CMakeFiles/CMakeTmp'
make[3]: Leaving directory '/workspace/foxy_ws/build/uncrustify_vendor/uncrustify-0.68.1-prefix/src/uncrustify-0.68.1-build/CMakeFiles/CMakeTmp'



Parsed C implicit include dir info from above output: rv=done
  found start of include info
  found start of implicit include info
    add: [/usr/lib/gcc/x86_64-linux-gnu/9/include]
    add: [/usr/local/include]
    add: [/usr/include/x86_64-linux-gnu]
    add: [/usr/include]
  end of search list found
  collapse include dir [/usr/lib/gcc/x86_64-linux-gnu/9/include] ==> [/usr/lib/gcc/x86_64-linux-gnu/9/include]
  collapse include dir [/usr/local/include] ==> [/usr/local/include]
  collapse include dir [/usr/include/x86_64-linux-gnu] ==> [/usr/include/x86_64-linux-gnu]
  collapse include dir [/usr/include] ==> [/usr/include]
  implicit include dirs: [/usr/lib/gcc/x86_64-linux-gnu/9/include;/usr/local/include;/usr/include/x86_64-linux-gnu;/usr/include]


Parsed C implicit link information from above output:
  link line regex: [^( *|.*[/\])(ld|CMAKE_LINK_STARTFILE-NOTFOUND|([^/\]+-)?ld|collect2)[^/\]*( |$)]
  ignore line: [Change Dir: /workspace/foxy_ws/build/uncrustify_vendor/uncrustify-0.68.1-prefix/src/uncrustify-0.68.1-build/CMakeFiles/CMakeTmp]
  ignore line: []
  ignore line: [Run Build Command(s):/usr/bin/make cmTC_27c5f/fast && make[3]: Entering directory '/workspace/foxy_ws/build/uncrustify_vendor/uncrustify-0.68.1-prefix/src/uncrustify-0.68.1-build/CMakeFiles/CMakeTmp']
  ignore line: [/usr/bin/make -f CMakeFiles/cmTC_27c5f.dir/build.make CMakeFiles/cmTC_27c5f.dir/build]
  ignore line: [make[4]: Entering directory '/workspace/foxy_ws/build/uncrustify_vendor/uncrustify-0.68.1-prefix/src/uncrustify-0.68.1-build/CMakeFiles/CMakeTmp']
  ignore line: [Building C object CMakeFiles/cmTC_27c5f.dir/CMakeCCompilerABI.c.o]
  ignore line: [/usr/bin/cc   -v -o CMakeFiles/cmTC_27c5f.dir/CMakeCCompilerABI.c.o   -c /usr/share/cmake-3.16/Modules/CMakeCCompilerABI.c]
  ignore line: [Using built-in specs.]
  ignore line: [COLLECT_GCC=/usr/bin/cc]
  ignore line: [OFFLOAD_TARGET_NAMES=nvptx-none:hsa]
  ignore line: [OFFLOAD_TARGET_DEFAULT=1]
  ignore line: [Target: x86_64-linux-gnu]
  ignore line: [Configured with: ../src/configure -v --with-pkgversion='Ubuntu 9.4.0-1ubuntu1~20.04.2' --with-bugurl=file:///usr/share/doc/gcc-9/README.Bugs --enable-languages=c ada c++ go brig d fortran objc obj-c++ gm2 --prefix=/usr --with-gcc-major-version-only --program-suffix=-9 --program-prefix=x86_64-linux-gnu- --enable-shared --enable-linker-build-id --libexecdir=/usr/lib --without-included-gettext --enable-threads=posix --libdir=/usr/lib --enable-nls --enable-clocale=gnu --enable-libstdcxx-debug --enable-libstdcxx-time=yes --with-default-libstdcxx-abi=new --enable-gnu-unique-object --disable-vtable-verify --enable-plugin --enable-default-pie --with-system-zlib --with-target-system-zlib=auto --enable-objc-gc=auto --enable-multiarch --disable-werror --with-arch-32=i686 --with-abi=m64 --with-multilib-list=m32 m64 mx32 --enable-multilib --with-tune=generic --enable-offload-targets=nvptx-none=/build/gcc-9-9QDOt0/gcc-9-9.4.0/debian/tmp-nvptx/usr hsa --without-cuda-driver --enable-checking=release --build=x86_64-linux-gnu --host=x86_64-linux-gnu --target=x86_64-linux-gnu]
  ignore line: [Thread model: posix]
  ignore line: [gcc version 9.4.0 (Ubuntu 9.4.0-1ubuntu1~20.04.2) ]
  ignore line: [COLLECT_GCC_OPTIONS='-v' '-o' 'CMakeFiles/cmTC_27c5f.dir/CMakeCCompilerABI.c.o' '-c' '-mtune=generic' '-march=x86-64']
  ignore line: [ /usr/lib/gcc/x86_64-linux-gnu/9/cc1 -quiet -v -imultiarch x86_64-linux-gnu /usr/share/cmake-3.16/Modules/CMakeCCompilerABI.c -quiet -dumpbase CMakeCCompilerABI.c -mtune=generic -march=x86-64 -auxbase-strip CMakeFiles/cmTC_27c5f.dir/CMakeCCompilerABI.c.o -version -fasynchronous-unwind-tables -fstack-protector-strong -Wformat -Wformat-security -fstack-clash-protection -fcf-protection -o /tmp/ccEAS2r0.s]
  ignore line: [GNU C17 (Ubuntu 9.4.0-1ubuntu1~20.04.2) version 9.4.0 (x86_64-linux-gnu)]
  ignore line: [	compiled by GNU C version 9.4.0  GMP version 6.2.0  MPFR version 4.0.2  MPC version 1.1.0  isl version isl-0.22.1-GMP]
  ignore line: []
  ignore line: [GGC heuristics: --param ggc-min-expand=100 --param ggc-min-heapsize=131072]
  ignore line: [ignoring nonexistent directory "/usr/local/include/x86_64-linux-gnu"]
  ignore line: [ignoring nonexistent directory "/usr/lib/gcc/x86_64-linux-gnu/9/include-fixed"]
  ignore line: [ignoring nonexistent directory "/usr/lib/gcc/x86_64-linux-gnu/9/../../../../x86_64-linux-gnu/include"]
  ignore line: [#include "..." search starts here:]
  ignore line: [#include <...> search starts here:]
  ignore line: [ /usr/lib/gcc/x86_64-linux-gnu/9/include]
  ignore line: [ /usr/local/include]
  ignore line: [ /usr/include/x86_64-linux-gnu]
  ignore line: [ /usr/include]
  ignore line: [End of search list.]
  ignore line: [GNU C17 (Ubuntu 9.4.0-1ubuntu1~20.04.2) version 9.4.0 (x86_64-linux-gnu)]
  ignore line: [	compiled by GNU C version 9.4.0  GMP version 6.2.0  MPFR version 4.0.2  MPC version 1.1.0  isl version isl-0.22.1-GMP]
  ignore line: []
  ignore line: [GGC heuristics: --param ggc-min-expand=100 --param ggc-min-heapsize=131072]
  ignore line: [Compiler executable checksum: 01da938ff5dc2163489aa33cb3b747a7]
  ignore line: [COLLECT_GCC_OPTIONS='-v' '-o' 'CMakeFiles/cmTC_27c5f.dir/CMakeCCompilerABI.c.o' '-c' '-mtune=generic' '-march=x86-64']
  ignore line: [ as -v --64 -o CMakeFiles/cmTC_27c5f.dir/CMakeCCompilerABI.c.o /tmp/ccEAS2r0.s]
  ignore line: [GNU assembler version 2.34 (x86_64-linux-gnu) using BFD version (GNU Binutils for Ubuntu) 2.34]
  ignore line: [COMPILER_PATH=/usr/lib/gcc/x86_64-linux-gnu/9/:/usr/lib/gcc/x86_64-linux-gnu/9/:/usr/lib/gcc/x86_64-linux-gnu/:/usr/lib/gcc/x86_64-linux-gnu/9/:/usr/lib/gcc/x86_64-linux-gnu/]
  ignore line: [LIBRARY_PATH=/usr/lib/gcc/x86_64-linux-gnu/9/:/usr/lib/gcc/x86_64-linux-gnu/9/../../../x86_64-linux-gnu/:/usr/lib/gcc/x86_64-linux-gnu/9/../../../../lib/:/lib/x86_64-linux-gnu/:/lib/../lib/:/usr/lib/x86_64-linux-gnu/:/usr/lib/../lib/:/usr/lib/gcc/x86_64-linux-gnu/9/../../../:/lib/:/usr/lib/]
  ignore line: [COLLECT_GCC_OPTIONS='-v' '-o' 'CMakeFiles/cmTC_27c5f.dir/CMakeCCompilerABI.c.o' '-c' '-mtune=generic' '-march=x86-64']
  ignore line: [Linking C executable cmTC_27c5f]
  ignore line: [/usr/bin/cmake -E cmake_link_script CMakeFiles/cmTC_27c5f.dir/link.txt --verbose=1]
  ignore line: [/usr/bin/cc     -v -rdynamic CMakeFiles/cmTC_27c5f.dir/CMakeCCompilerABI.c.o  -o cmTC_27c5f ]
  ignore line: [Using built-in specs.]
  ignore line: [COLLECT_GCC=/usr/bin/cc]
  ignore line: [COLLECT_LTO_WRAPPER=/usr/lib/gcc/x86_64-linux-gnu/9/lto-wrapper]
  ignore line: [OFFLOAD_TARGET_NAMES=nvptx-none:hsa]
  ignore line: [OFFLOAD_TARGET_DEFAULT=1]
  ignore line: [Target: x86_64-linux-gnu]
  ignore line: [Configured with: ../src/configure -v --with-pkgversion='Ubuntu 9.4.0-1ubuntu1~20.04.2' --with-bugurl=file:///usr/share/doc/gcc-9/README.Bugs --enable-languages=c ada c++ go brig d fortran objc obj-c++ gm2 --prefix=/usr --with-gcc-major-version-only --program-suffix=-9 --program-prefix=x86_64-linux-gnu- --enable-shared --enable-linker-build-id --libexecdir=/usr/lib --without-included-gettext --enable-threads=posix --libdir=/usr/lib --enable-nls --enable-clocale=gnu --enable-libstdcxx-debug --enable-libstdcxx-time=yes --with-default-libstdcxx-abi=new --enable-gnu-unique-object --disable-vtable-verify --enable-plugin --enable-default-pie --with-system-zlib --with-target-system-zlib=auto --enable-objc-gc=auto --enable-multiarch --disable-werror --with-arch-32=i686 --with-abi=m64 --with-multilib-list=m32 m64 mx32 --enable-multilib --with-tune=generic --enable-offload-targets=nvptx-none=/build/gcc-9-9QDOt0/gcc-9-9.4.0/debian/tmp-nvptx/usr hsa --without-cuda-driver --enable-checking=release --build=x86_64-linux-gnu --host=x86_64-linux-gnu --target=x86_64-linux-gnu]
  ignore line: [Thread model: posix]
  ignore line: [gcc version 9.4.0 (Ubuntu 9.4.0-1ubuntu1~20.04.2) ]
  ignore line: [COMPILER_PATH=/usr/lib/gcc/x86_64-linux-gnu/9/:/usr/lib/gcc/x86_64-linux-gnu/9/:/usr/lib/gcc/x86_64-linux-gnu/:/usr/lib/gcc/x86_64-linux-gnu/9/:/usr/lib/gcc/x86_64-linux-gnu/]
  ignore line: [LIBRARY_PATH=/usr/lib/gcc/x86_64-linux-gnu/9/:/usr/lib/gcc/x86_64-linux-gnu/9/../../../x86_64-linux-gnu/:/usr/lib/gcc/x86_64-linux-gnu/9/../../../../lib/:/lib/x86_64-linux-gnu/:/lib/../lib/:/usr/lib/x86_64-linux-gnu/:/usr/lib/../lib/:/usr/lib/gcc/x86_64-linux-gnu/9/../../../:/lib/:/usr/lib/]
  ignore line: [COLLECT_GCC_OPTIONS='-v' '-rdynamic' '-o' 'cmTC_27c5f' '-mtune=generic' '-march=x86-64']
  link line: [ /usr/lib/gcc/x86_64-linux-gnu/9/collect2 -plugin /usr/lib/gcc/x86_64-linux-gnu/9/liblto_plugin.so -plugin-opt=/usr/lib/gcc/x86_64-linux-gnu/9/lto-wrapper -plugin-opt=-fresolution=/tmp/ccRbzLF3.res -plugin-opt=-pass-through=-lgcc -plugin-opt=-pass-through=-lgcc_s -plugin-opt=-pass-through=-lc -plugin-opt=-pass-through=-lgcc -plugin-opt=-pass-through=-lgcc_s --build-id --eh-frame-hdr -m elf_x86_64 --hash-style=gnu --as-needed -export-dynamic -dynamic-linker /lib64/ld-linux-x86-64.so.2 -pie -z now -z relro -o cmTC_27c5f /usr/lib/gcc/x86_64-linux-gnu/9/../../../x86_64-linux-gnu/Scrt1.o /usr/lib/gcc/x86_64-linux-gnu/9/../../../x86_64-linux-gnu/crti.o /usr/lib/gcc/x86_64-linux-gnu/9/crtbeginS.o -L/usr/lib/gcc/x86_64-linux-gnu/9 -L/usr/lib/gcc/x86_64-linux-gnu/9/../../../x86_64-linux-gnu -L/usr/lib/gcc/x86_64-linux-gnu/9/../../../../lib -L/lib/x86_64-linux-gnu -L/lib/../lib -L/usr/lib/x86_64-linux-gnu -L/usr/lib/../lib -L/usr/lib/gcc/x86_64-linux-gnu/9/../../.. CMakeFiles/cmTC_27c5f.dir/CMakeCCompilerABI.c.o -lgcc --push-state --as-needed -lgcc_s --pop-state -lc -lgcc --push-state --as-needed -lgcc_s --pop-state /usr/lib/gcc/x86_64-linux-gnu/9/crtendS.o /usr/lib/gcc/x86_64-linux-gnu/9/../../../x86_64-linux-gnu/crtn.o]
    arg [/usr/lib/gcc/x86_64-linux-gnu/9/collect2] ==> ignore
    arg [-plugin] ==> ignore
    arg [/usr/lib/gcc/x86_64-linux-gnu/9/liblto_plugin.so] ==> ignore
    arg [-plugin-opt=/usr/lib/gcc/x86_64-linux-gnu/9/lto-wrapper] ==> ignore
    arg [-plugin-opt=-fresolution=/tmp/ccRbzLF3.res] ==> ignore
    arg [-plugin-opt=-pass-through=-lgcc] ==> ignore
    arg [-plugin-opt=-pass-through=-lgcc_s] ==> ignore
    arg [-plugin-opt=-pass-through=-lc] ==> ignore
    arg [-plugin-opt=-pass-through=-lgcc] ==> ignore
    arg [-plugin-opt=-pass-through=-lgcc_s] ==> ignore
    arg [--build-id] ==> ignore
    arg [--eh-frame-hdr] ==> ignore
    arg [-m] ==> ignore
    arg [elf_x86_64] ==> ignore
    arg [--hash-style=gnu] ==> ignore
    arg [--as-needed] ==> ignore
    arg [-export-dynamic] ==> ignore
    arg [-dynamic-linker] ==> ignore
    arg [/lib64/ld-linux-x86-64.so.2] ==> ignore
    arg [-pie] ==> ignore
    arg [-znow] ==> ignore
    arg [-zrelro] ==> ignore
    arg [-o] ==> ignore
    arg [cmTC_27c5f] ==> ignore
    arg [/usr/lib/gcc/x86_64-linux-gnu/9/../../../x86_64-linux-gnu/Scrt1.o] ==> ignore
    arg [/usr/lib/gcc/x86_64-linux-gnu/9/../../../x86_64-linux-gnu/crti.o] ==> ignore
    arg [/usr/lib/gcc/x86_64-linux-gnu/9/crtbeginS.o] ==> ignore
    arg [-L/usr/lib/gcc/x86_64-linux-gnu/9] ==> dir [/usr/lib/gcc/x86_64-linux-gnu/9]
    arg [-L/usr/lib/gcc/x86_64-linux-gnu/9/../../../x86_64-linux-gnu] ==> dir [/usr/lib/gcc/x86_64-linux-gnu/9/../../../x86_64-linux-gnu]
    arg [-L/usr/lib/gcc/x86_64-linux-gnu/9/../../../../lib] ==> dir [/usr/lib/gcc/x86_64-linux-gnu/9/../../../../lib]
    arg [-L/lib/x86_64-linux-gnu] ==> dir [/lib/x86_64-linux-gnu]
    arg [-L/lib/../lib] ==> dir [/lib/../lib]
    arg [-L/usr/lib/x86_64-linux-gnu] ==> dir [/usr/lib/x86_64-linux-gnu]
    arg [-L/usr/lib/../lib] ==> dir [/usr/lib/../lib]
    arg [-L/usr/lib/gcc/x86_64-linux-gnu/9/../../..] ==> dir [/usr/lib/gcc/x86_64-linux-gnu/9/../../..]
    arg [CMakeFiles/cmTC_27c5f.dir/CMakeCCompilerABI.c.o] ==> ignore
    arg [-lgcc] ==> lib [gcc]
    arg [--push-state] ==> ignore
    arg [--as-needed] ==> ignore
    arg [-lgcc_s] ==> lib [gcc_s]
    arg [--pop-state] ==> ignore
    arg [-lc] ==> lib [c]
    arg [-lgcc] ==> lib [gcc]
    arg [--push-state] ==> ignore
    arg [--as-needed] ==> ignore
    arg [-lgcc_s] ==> lib [gcc_s]
    arg [--pop-state] ==> ignore
    arg [/usr/lib/gcc/x86_64-linux-gnu/9/crtendS.o] ==> ignore
    arg [/usr/lib/gcc/x86_64-linux-gnu/9/../../../x86_64-linux-gnu/crtn.o] ==> ignore
  collapse library dir [/usr/lib/gcc/x86_64-linux-gnu/9] ==> [/usr/lib/gcc/x86_64-linux-gnu/9]
  collapse library dir [/usr/lib/gcc/x86_64-linux-gnu/9/../../../x86_64-linux-gnu] ==> [/usr/lib/x86_64-linux-gnu]
  collapse library dir [/usr/lib/gcc/x86_64-linux-gnu/9/../../../../lib] ==> [/usr/lib]
  collapse library dir [/lib/x86_64-linux-gnu] ==> [/lib/x86_64-linux-gnu]
  collapse library dir [/lib/../lib] ==> [/lib]
  collapse library dir [/usr/lib/x86_64-linux-gnu] ==> [/usr/lib/x86_64-linux-gnu]
  collapse library dir [/usr/lib/../lib] ==> [/usr/lib]
  collapse library dir [/usr/lib/gcc/x86_64-linux-gnu/9/../../..] ==> [/usr/lib]
  implicit libs: [gcc;gcc_s;c;gcc;gcc_s]
  implicit dirs: [/usr/lib/gcc/x86_64-linux-gnu/9;/usr/lib/x86_64-linux-gnu;/usr/lib;/lib/x86_64-linux-gnu;/lib]
  implicit fwks: []


Determining if the CXX compiler works passed with the following output:
Change Dir: /workspace/foxy_ws/build/uncrustify_vendor/uncrustify-0.68.1-prefix/src/uncrustify-0.68.1-build/CMakeFiles/CMakeTmp

Run Build Command(s):/usr/bin/make cmTC_45721/fast && make[3]: Entering directory '/workspace/foxy_ws/build/uncrustify_vendor/uncrustify-0.68.1-prefix/src/uncrustify-0.68.1-build/CMakeFiles/CMakeTmp'
/usr/bin/make -f CMakeFiles/cmTC_45721.dir/build.make CMakeFiles/cmTC_45721.dir/build
make[4]: Entering directory '/workspace/foxy_ws/build/uncrustify_vendor/uncrustify-0.68.1-prefix/src/uncrustify-0.68.1-build/CMakeFiles/CMakeTmp'
Building CXX object CMakeFiles/cmTC_45721.dir/testCXXCompiler.cxx.o
/usr/bin/c++     -o CMakeFiles/cmTC_45721.dir/testCXXCompiler.cxx.o -c /workspace/foxy_ws/build/uncrustify_vendor/uncrustify-0.68.1-prefix/src/uncrustify-0.68.1-build/CMakeFiles/CMakeTmp/testCXXCompiler.cxx
Linking CXX executable cmTC_45721
/usr/bin/cmake -E cmake_link_script CMakeFiles/cmTC_45721.dir/link.txt --verbose=1
/usr/bin/c++       -rdynamic CMakeFiles/cmTC_45721.dir/testCXXCompiler.cxx.o  -o cmTC_45721 
make[4]: Leaving directory '/workspace/foxy_ws/build/uncrustify_vendor/uncrustify-0.68.1-prefix/src/uncrustify-0.68.1-build/CMakeFiles/CMakeTmp'
make[3]: Leaving directory '/workspace/foxy_ws/build/uncrustify_vendor/uncrustify-0.68.1-prefix/src/uncrustify-0.68.1-build/CMakeFiles/CMakeTmp'



Detecting CXX compiler ABI info compiled with the following output:
Change Dir: /workspace/foxy_ws/build/uncrustify_vendor/uncrustify-0.68.1-prefix/src/uncrustify-0.68.1-build/CMakeFiles/CMakeTmp

Run Build Command(s):/usr/bin/make cmTC_6e61f/fast && make[3]: Entering directory '/workspace/foxy_ws/build/uncrustify_vendor/uncrustify-0.68.1-prefix/src/uncrustify-0.68.1-build/CMakeFiles/CMakeTmp'
/usr/bin/make -f CMakeFiles/cmTC_6e61f.dir/build.make CMakeFiles/cmTC_6e61f.dir/build
make[4]: Entering directory '/workspace/foxy_ws/build/uncrustify_vendor/uncrustify-0.68.1-prefix/src/uncrustify-0.68.1-build/CMakeFiles/CMakeTmp'
Building CXX object CMakeFiles/cmTC_6e61f.dir/CMakeCXXCompilerABI.cpp.o
/usr/bin/c++    -v -o CMakeFiles/cmTC_6e61f.dir/CMakeCXXCompilerABI.cpp.o -c /usr/share/cmake-3.16/Modules/CMakeCXXCompilerABI.cpp
Using built-in specs.
COLLECT_GCC=/usr/bin/c++
OFFLOAD_TARGET_NAMES=nvptx-none:hsa
OFFLOAD_TARGET_DEFAULT=1
Target: x86_64-linux-gnu
Configured with: ../src/configure -v --with-pkgversion='Ubuntu 9.4.0-1ubuntu1~20.04.2' --with-bugurl=file:///usr/share/doc/gcc-9/README.Bugs --enable-languages=c,ada,c++,go,brig,d,fortran,objc,obj-c++,gm2 --prefix=/usr --with-gcc-major-version-only --program-suffix=-9 --program-prefix=x86_64-linux-gnu- --enable-shared --enable-linker-build-id --libexecdir=/usr/lib --without-included-gettext --enable-threads=posix --libdir=/usr/lib --enable-nls --enable-clocale=gnu --enable-libstdcxx-debug --enable-libstdcxx-time=yes --with-default-libstdcxx-abi=new --enable-gnu-unique-object --disable-vtable-verify --enable-plugin --enable-default-pie --with-system-zlib --with-target-system-zlib=auto --enable-objc-gc=auto --enable-multiarch --disable-werror --with-arch-32=i686 --with-abi=m64 --with-multilib-list=m32,m64,mx32 --enable-multilib --with-tune=generic --enable-offload-targets=nvptx-none=/build/gcc-9-9QDOt0/gcc-9-9.4.0/debian/tmp-nvptx/usr,hsa --without-cuda-driver --enable-checking=release --build=x86_64-linux-gnu --host=x86_64-linux-gnu --target=x86_64-linux-gnu
Thread model: posix
gcc version 9.4.0 (Ubuntu 9.4.0-1ubuntu1~20.04.2) 
COLLECT_GCC_OPTIONS='-v' '-o' 'CMakeFiles/cmTC_6e61f.dir/CMakeCXXCompilerABI.cpp.o' '-c' '-shared-libgcc' '-mtune=generic' '-march=x86-64'
 /usr/lib/gcc/x86_64-linux-gnu/9/cc1plus -quiet -v -imultiarch x86_64-linux-gnu -D_GNU_SOURCE /usr/share/cmake-3.16/Modules/CMakeCXXCompilerABI.cpp -quiet -dumpbase CMakeCXXCompilerABI.cpp -mtune=generic -march=x86-64 -auxbase-strip CMakeFiles/cmTC_6e61f.dir/CMakeCXXCompilerABI.cpp.o -version -fasynchronous-unwind-tables -fstack-protector-strong -Wformat -Wformat-security -fstack-clash-protection -fcf-protection -o /tmp/ccRNWajN.s
GNU C++14 (Ubuntu 9.4.0-1ubuntu1~20.04.2) version 9.4.0 (x86_64-linux-gnu)
	compiled by GNU C version 9.4.0, GMP version 6.2.0, MPFR version 4.0.2, MPC version 1.1.0, isl version isl-0.22.1-GMP

GGC heuristics: --param ggc-min-expand=100 --param ggc-min-heapsize=131072
ignoring duplicate directory "/usr/include/x86_64-linux-gnu/c++/9"
ignoring nonexistent directory "/usr/local/include/x86_64-linux-gnu"
ignoring nonexistent directory "/usr/lib/gcc/x86_64-linux-gnu/9/include-fixed"
ignoring nonexistent directory "/usr/lib/gcc/x86_64-linux-gnu/9/../../../../x86_64-linux-gnu/include"
#include "..." search starts here:
#include <...> search starts here:
 /usr/include/c++/9
 /usr/include/x86_64-linux-gnu/c++/9
 /usr/include/c++/9/backward
 /usr/lib/gcc/x86_64-linux-gnu/9/include
 /usr/local/include
 /usr/include/x86_64-linux-gnu
 /usr/include
End of search list.
GNU C++14 (Ubuntu 9.4.0-1ubuntu1~20.04.2) version 9.4.0 (x86_64-linux-gnu)
	compiled by GNU C version 9.4.0, GMP version 6.2.0, MPFR version 4.0.2, MPC version 1.1.0, isl version isl-0.22.1-GMP

GGC heuristics: --param ggc-min-expand=100 --param ggc-min-heapsize=131072
Compiler executable checksum: 3d1eba838554fa2348dba760e4770469
COLLECT_GCC_OPTIONS='-v' '-o' 'CMakeFiles/cmTC_6e61f.dir/CMakeCXXCompilerABI.cpp.o' '-c' '-shared-libgcc' '-mtune=generic' '-march=x86-64'
 as -v --64 -o CMakeFiles/cmTC_6e61f.dir/CMakeCXXCompilerABI.cpp.o /tmp/ccRNWajN.s
GNU assembler version 2.34 (x86_64-linux-gnu) using BFD version (GNU Binutils for Ubuntu) 2.34
COMPILER_PATH=/usr/lib/gcc/x86_64-linux-gnu/9/:/usr/lib/gcc/x86_64-linux-gnu/9/:/usr/lib/gcc/x86_64-linux-gnu/:/usr/lib/gcc/x86_64-linux-gnu/9/:/usr/lib/gcc/x86_64-linux-gnu/
LIBRARY_PATH=/usr/lib/gcc/x86_64-linux-gnu/9/:/usr/lib/gcc/x86_64-linux-gnu/9/../../../x86_64-linux-gnu/:/usr/lib/gcc/x86_64-linux-gnu/9/../../../../lib/:/lib/x86_64-linux-gnu/:/lib/../lib/:/usr/lib/x86_64-linux-gnu/:/usr/lib/../lib/:/usr/lib/gcc/x86_64-linux-gnu/9/../../../:/lib/:/usr/lib/
COLLECT_GCC_OPTIONS='-v' '-o' 'CMakeFiles/cmTC_6e61f.dir/CMakeCXXCompilerABI.cpp.o' '-c' '-shared-libgcc' '-mtune=generic' '-march=x86-64'
Linking CXX executable cmTC_6e61f
/usr/bin/cmake -E cmake_link_script CMakeFiles/cmTC_6e61f.dir/link.txt --verbose=1
/usr/bin/c++      -v -rdynamic CMakeFiles/cmTC_6e61f.dir/CMakeCXXCompilerABI.cpp.o  -o cmTC_6e61f 
Using built-in specs.
COLLECT_GCC=/usr/bin/c++
COLLECT_LTO_WRAPPER=/usr/lib/gcc/x86_64-linux-gnu/9/lto-wrapper
OFFLOAD_TARGET_NAMES=nvptx-none:hsa
OFFLOAD_TARGET_DEFAULT=1
Target: x86_64-linux-gnu
Configured with: ../src/configure -v --with-pkgversion='Ubuntu 9.4.0-1ubuntu1~20.04.2' --with-bugurl=file:///usr/share/doc/gcc-9/README.Bugs --enable-languages=c,ada,c++,go,brig,d,fortran,objc,obj-c++,gm2 --prefix=/usr --with-gcc-major-version-only --program-suffix=-9 --program-prefix=x86_64-linux-gnu- --enable-shared --enable-linker-build-id --libexecdir=/usr/lib --without-included-gettext --enable-threads=posix --libdir=/usr/lib --enable-nls --enable-clocale=gnu --enable-libstdcxx-debug --enable-libstdcxx-time=yes --with-default-libstdcxx-abi=new --enable-gnu-unique-object --disable-vtable-verify --enable-plugin --enable-default-pie --with-system-zlib --with-target-system-zlib=auto --enable-objc-gc=auto --enable-multiarch --disable-werror --with-arch-32=i686 --with-abi=m64 --with-multilib-list=m32,m64,mx32 --enable-multilib --with-tune=generic --enable-offload-targets=nvptx-none=/build/gcc-9-9QDOt0/gcc-9-9.4.0/debian/tmp-nvptx/usr,hsa --without-cuda-driver --enable-checking=release --build=x86_64-linux-gnu --host=x86_64-linux-gnu --target=x86_64-linux-gnu
Thread model: posix
gcc version 9.4.0 (Ubuntu 9.4.0-1ubuntu1~20.04.2) 
COMPILER_PATH=/usr/lib/gcc/x86_64-linux-gnu/9/:/usr/lib/gcc/x86_64-linux-gnu/9/:/usr/lib/gcc/x86_64-linux-gnu/:/usr/lib/gcc/x86_64-linux-gnu/9/:/usr/lib/gcc/x86_64-linux-gnu/
LIBRARY_PATH=/usr/lib/gcc/x86_64-linux-gnu/9/:/usr/lib/gcc/x86_64-linux-gnu/9/../../../x86_64-linux-gnu/:/usr/lib/gcc/x86_64-linux-gnu/9/../../../../lib/:/lib/x86_64-linux-gnu/:/lib/../lib/:/usr/lib/x86_64-linux-gnu/:/usr/lib/../lib/:/usr/lib/gcc/x86_64-linux-gnu/9/../../../:/lib/:/usr/lib/
COLLECT_GCC_OPTIONS='-v' '-rdynamic' '-o' 'cmTC_6e61f' '-shared-libgcc' '-mtune=generic' '-march=x86-64'
 /usr/lib/gcc/x86_64-linux-gnu/9/collect2 -plugin /usr/lib/gcc/x86_64-linux-gnu/9/liblto_plugin.so -plugin-opt=/usr/lib/gcc/x86_64-linux-gnu/9/lto-wrapper -plugin-opt=-fresolution=/tmp/ccfgHoP2.res -plugin-opt=-pass-through=-lgcc_s -plugin-opt=-pass-through=-lgcc -plugin-opt=-pass-through=-lc -plugin-opt=-pass-through=-lgcc_s -plugin-opt=-pass-through=-lgcc --build-id --eh-frame-hdr -m elf_x86_64 --hash-style=gnu --as-needed -export-dynamic -dynamic-linker /lib64/ld-linux-x86-64.so.2 -pie -z now -z relro -o cmTC_6e61f /usr/lib/gcc/x86_64-linux-gnu/9/../../../x86_64-linux-gnu/Scrt1.o /usr/lib/gcc/x86_64-linux-gnu/9/../../../x86_64-linux-gnu/crti.o /usr/lib/gcc/x86_64-linux-gnu/9/crtbeginS.o -L/usr/lib/gcc/x86_64-linux-gnu/9 -L/usr/lib/gcc/x86_64-linux-gnu/9/../../../x86_64-linux-gnu -L/usr/lib/gcc/x86_64-linux-gnu/9/../../../../lib -L/lib/x86_64-linux-gnu -L/lib/../lib -L/usr/lib/x86_64-linux-gnu -L/usr/lib/../lib -L/usr/lib/gcc/x86_64-linux-gnu/9/../../.. CMakeFiles/cmTC_6e61f.dir/CMakeCXXCompilerABI.cpp.o -lstdc++ -lm -lgcc_s -lgcc -lc -lgcc_s -lgcc /usr/lib/gcc/x86_64-linux-gnu/9/crtendS.o /usr/lib/gcc/x86_64-linux-gnu/9/../../../x86_64-linux-gnu/crtn.o
COLLECT_GCC_OPTIONS='-v' '-rdynamic' '-o' 'cmTC_6e61f' '-shared-libgcc' '-mtune=generic' '-march=x86-64'
make[4]: Leaving directory '/workspace/foxy_ws/build/uncrustify_vendor/uncrustify-0.68.1-prefix/src/uncrustify-0.68.1-build/CMakeFiles/CMakeTmp'
make[3]: Leaving directory '/workspace/foxy_ws/build/uncrustify_vendor/uncrustify-0.68.1-prefix/src/uncrustify-0.68.1-build/CMakeFiles/CMakeTmp'



Parsed CXX implicit include dir info from above output: rv=done
  found start of include info
  found start of implicit include info
    add: [/usr/include/c++/9]
    add: [/usr/include/x86_64-linux-gnu/c++/9]
    add: [/usr/include/c++/9/backward]
    add: [/usr/lib/gcc/x86_64-linux-gnu/9/include]
    add: [/usr/local/include]
    add: [/usr/include/x86_64-linux-gnu]
    add: [/usr/include]
  end of search list found
  collapse include dir [/usr/include/c++/9] ==> [/usr/include/c++/9]
  collapse include dir [/usr/include/x86_64-linux-gnu/c++/9] ==> [/usr/include/x86_64-linux-gnu/c++/9]
  collapse include dir [/usr/include/c++/9/backward] ==> [/usr/include/c++/9/backward]
  collapse include dir [/usr/lib/gcc/x86_64-linux-gnu/9/include] ==> [/usr/lib/gcc/x86_64-linux-gnu/9/include]
  collapse include dir [/usr/local/include] ==> [/usr/local/include]
  collapse include dir [/usr/include/x86_64-linux-gnu] ==> [/usr/include/x86_64-linux-gnu]
  collapse include dir [/usr/include] ==> [/usr/include]
  implicit include dirs: [/usr/include/c++/9;/usr/include/x86_64-linux-gnu/c++/9;/usr/include/c++/9/backward;/usr/lib/gcc/x86_64-linux-gnu/9/include;/usr/local/include;/usr/include/x86_64-linux-gnu;/usr/include]


Parsed CXX implicit link information from above output:
  link line regex: [^( *|.*[/\])(ld|CMAKE_LINK_STARTFILE-NOTFOUND|([^/\]+-)?ld|collect2)[^/\]*( |$)]
  ignore line: [Change Dir: /workspace/foxy_ws/build/uncrustify_vendor/uncrustify-0.68.1-prefix/src/uncrustify-0.68.1-build/CMakeFiles/CMakeTmp]
  ignore line: []
  ignore line: [Run Build Command(s):/usr/bin/make cmTC_6e61f/fast && make[3]: Entering directory '/workspace/foxy_ws/build/uncrustify_vendor/uncrustify-0.68.1-prefix/src/uncrustify-0.68.1-build/CMakeFiles/CMakeTmp']
  ignore line: [/usr/bin/make -f CMakeFiles/cmTC_6e61f.dir/build.make CMakeFiles/cmTC_6e61f.dir/build]
  ignore line: [make[4]: Entering directory '/workspace/foxy_ws/build/uncrustify_vendor/uncrustify-0.68.1-prefix/src/uncrustify-0.68.1-build/CMakeFiles/CMakeTmp']
  ignore line: [Building CXX object CMakeFiles/cmTC_6e61f.dir/CMakeCXXCompilerABI.cpp.o]
  ignore line: [/usr/bin/c++    -v -o CMakeFiles/cmTC_6e61f.dir/CMakeCXXCompilerABI.cpp.o -c /usr/share/cmake-3.16/Modules/CMakeCXXCompilerABI.cpp]
  ignore line: [Using built-in specs.]
  ignore line: [COLLECT_GCC=/usr/bin/c++]
  ignore line: [OFFLOAD_TARGET_NAMES=nvptx-none:hsa]
  ignore line: [OFFLOAD_TARGET_DEFAULT=1]
  ignore line: [Target: x86_64-linux-gnu]
  ignore line: [Configured with: ../src/configure -v --with-pkgversion='Ubuntu 9.4.0-1ubuntu1~20.04.2' --with-bugurl=file:///usr/share/doc/gcc-9/README.Bugs --enable-languages=c ada c++ go brig d fortran objc obj-c++ gm2 --prefix=/usr --with-gcc-major-version-only --program-suffix=-9 --program-prefix=x86_64-linux-gnu- --enable-shared --enable-linker-build-id --libexecdir=/usr/lib --without-included-gettext --enable-threads=posix --libdir=/usr/lib --enable-nls --enable-clocale=gnu --enable-libstdcxx-debug --enable-libstdcxx-time=yes --with-default-libstdcxx-abi=new --enable-gnu-unique-object --disable-vtable-verify --enable-plugin --enable-default-pie --with-system-zlib --with-target-system-zlib=auto --enable-objc-gc=auto --enable-multiarch --disable-werror --with-arch-32=i686 --with-abi=m64 --with-multilib-list=m32 m64 mx32 --enable-multilib --with-tune=generic --enable-offload-targets=nvptx-none=/build/gcc-9-9QDOt0/gcc-9-9.4.0/debian/tmp-nvptx/usr hsa --without-cuda-driver --enable-checking=release --build=x86_64-linux-gnu --host=x86_64-linux-gnu --target=x86_64-linux-gnu]
  ignore line: [Thread model: posix]
  ignore line: [gcc version 9.4.0 (Ubuntu 9.4.0-1ubuntu1~20.04.2) ]
  ignore line: [COLLECT_GCC_OPTIONS='-v' '-o' 'CMakeFiles/cmTC_6e61f.dir/CMakeCXXCompilerABI.cpp.o' '-c' '-shared-libgcc' '-mtune=generic' '-march=x86-64']
  ignore line: [ /usr/lib/gcc/x86_64-linux-gnu/9/cc1plus -quiet -v -imultiarch x86_64-linux-gnu -D_GNU_SOURCE /usr/share/cmake-3.16/Modules/CMakeCXXCompilerABI.cpp -quiet -dumpbase CMakeCXXCompilerABI.cpp -mtune=generic -march=x86-64 -auxbase-strip CMakeFiles/cmTC_6e61f.dir/CMakeCXXCompilerABI.cpp.o -version -fasynchronous-unwind-tables -fstack-protector-strong -Wformat -Wformat-security -fstack-clash-protection -fcf-protection -o /tmp/ccRNWajN.s]
  ignore line: [GNU C++14 (Ubuntu 9.4.0-1ubuntu1~20.04.2) version 9.4.0 (x86_64-linux-gnu)]
  ignore line: [	compiled by GNU C version 9.4.0  GMP version 6.2.0  MPFR version 4.0.2  MPC version 1.1.0  isl version isl-0.22.1-GMP]
  ignore line: []
  ignore line: [GGC heuristics: --param ggc-min-expand=100 --param ggc-min-heapsize=131072]
  ignore line: [ignoring duplicate directory "/usr/include/x86_64-linux-gnu/c++/9"]
  ignore line: [ignoring nonexistent directory "/usr/local/include/x86_64-linux-gnu"]
  ignore line: [ignoring nonexistent directory "/usr/lib/gcc/x86_64-linux-gnu/9/include-fixed"]
  ignore line: [ignoring nonexistent directory "/usr/lib/gcc/x86_64-linux-gnu/9/../../../../x86_64-linux-gnu/include"]
  ignore line: [#include "..." search starts here:]
  ignore line: [#include <...> search starts here:]
  ignore line: [ /usr/include/c++/9]
  ignore line: [ /usr/include/x86_64-linux-gnu/c++/9]
  ignore line: [ /usr/include/c++/9/backward]
  ignore line: [ /usr/lib/gcc/x86_64-linux-gnu/9/include]
  ignore line: [ /usr/local/include]
  ignore line: [ /usr/include/x86_64-linux-gnu]
  ignore line: [ /usr/include]
  ignore line: [End of search list.]
  ignore line: [GNU C++14 (Ubuntu 9.4.0-1ubuntu1~20.04.2) version 9.4.0 (x86_64-linux-gnu)]
  ignore line: [	compiled by GNU C version 9.4.0  GMP version 6.2.0  MPFR version 4.0.2  MPC version 1.1.0  isl version isl-0.22.1-GMP]
  ignore line: []
  ignore line: [GGC heuristics: --param ggc-min-expand=100 --param ggc-min-heapsize=131072]
  ignore line: [Compiler executable checksum: 3d1eba838554fa2348dba760e4770469]
  ignore line: [COLLECT_GCC_OPTIONS='-v' '-o' 'CMakeFiles/cmTC_6e61f.dir/CMakeCXXCompilerABI.cpp.o' '-c' '-shared-libgcc' '-mtune=generic' '-march=x86-64']
  ignore line: [ as -v --64 -o CMakeFiles/cmTC_6e61f.dir/CMakeCXXCompilerABI.cpp.o /tmp/ccRNWajN.s]
  ignore line: [GNU assembler version 2.34 (x86_64-linux-gnu) using BFD version (GNU Binutils for Ubuntu) 2.34]
  ignore line: [COMPILER_PATH=/usr/lib/gcc/x86_64-linux-gnu/9/:/usr/lib/gcc/x86_64-linux-gnu/9/:/usr/lib/gcc/x86_64-linux-gnu/:/usr/lib/gcc/x86_64-linux-gnu/9/:/usr/lib/gcc/x86_64-linux-gnu/]
  ignore line: [LIBRARY_PATH=/usr/lib/gcc/x86_64-linux-gnu/9/:/usr/lib/gcc/x86_64-linux-gnu/9/../../../x86_64-linux-gnu/:/usr/lib/gcc/x86_64-linux-gnu/9/../../../../lib/:/lib/x86_64-linux-gnu/:/lib/../lib/:/usr/lib/x86_64-linux-gnu/:/usr/lib/../lib/:/usr/lib/gcc/x86_64-linux-gnu/9/../../../:/lib/:/usr/lib/]
  ignore line: [COLLECT_GCC_OPTIONS='-v' '-o' 'CMakeFiles/cmTC_6e61f.dir/CMakeCXXCompilerABI.cpp.o' '-c' '-shared-libgcc' '-mtune=generic' '-march=x86-64']
  ignore line: [Linking CXX executable cmTC_6e61f]
  ignore line: [/usr/bin/cmake -E cmake_link_script CMakeFiles/cmTC_6e61f.dir/link.txt --verbose=1]
  ignore line: [/usr/bin/c++      -v -rdynamic CMakeFiles/cmTC_6e61f.dir/CMakeCXXCompilerABI.cpp.o  -o cmTC_6e61f ]
  ignore line: [Using built-in specs.]
  ignore line: [COLLECT_GCC=/usr/bin/c++]
  ignore line: [COLLECT_LTO_WRAPPER=/usr/lib/gcc/x86_64-linux-gnu/9/lto-wrapper]
  ignore line: [OFFLOAD_TARGET_NAMES=nvptx-none:hsa]
  ignore line: [OFFLOAD_TARGET_DEFAULT=1]
  ignore line: [Target: x86_64-linux-gnu]
  ignore line: [Configured with: ../src/configure -v --with-pkgversion='Ubuntu 9.4.0-1ubuntu1~20.04.2' --with-bugurl=file:///usr/share/doc/gcc-9/README.Bugs --enable-languages=c ada c++ go brig d fortran objc obj-c++ gm2 --prefix=/usr --with-gcc-major-version-only --program-suffix=-9 --program-prefix=x86_64-linux-gnu- --enable-shared --enable-linker-build-id --libexecdir=/usr/lib --without-included-gettext --enable-threads=posix --libdir=/usr/lib --enable-nls --enable-clocale=gnu --enable-libstdcxx-debug --enable-libstdcxx-time=yes --with-default-libstdcxx-abi=new --enable-gnu-unique-object --disable-vtable-verify --enable-plugin --enable-default-pie --with-system-zlib --with-target-system-zlib=auto --enable-objc-gc=auto --enable-multiarch --disable-werror --with-arch-32=i686 --with-abi=m64 --with-multilib-list=m32 m64 mx32 --enable-multilib --with-tune=generic --enable-offload-targets=nvptx-none=/build/gcc-9-9QDOt0/gcc-9-9.4.0/debian/tmp-nvptx/usr hsa --without-cuda-driver --enable-checking=release --build=x86_64-linux-gnu --host=x86_64-linux-gnu --target=x86_64-linux-gnu]
  ignore line: [Thread model: posix]
  ignore line: [gcc version 9.4.0 (Ubuntu 9.4.0-1ubuntu1~20.04.2) ]
  ignore line: [COMPILER_PATH=/usr/lib/gcc/x86_64-linux-gnu/9/:/usr/lib/gcc/x86_64-linux-gnu/9/:/usr/lib/gcc/x86_64-linux-gnu/:/usr/lib/gcc/x86_64-linux-gnu/9/:/usr/lib/gcc/x86_64-linux-gnu/]
  ignore line: [LIBRARY_PATH=/usr/lib/gcc/x86_64-linux-gnu/9/:/usr/lib/gcc/x86_64-linux-gnu/9/../../../x86_64-linux-gnu/:/usr/lib/gcc/x86_64-linux-gnu/9/../../../../lib/:/lib/x86_64-linux-gnu/:/lib/../lib/:/usr/lib/x86_64-linux-gnu/:/usr/lib/../lib/:/usr/lib/gcc/x86_64-linux-gnu/9/../../../:/lib/:/usr/lib/]
  ignore line: [COLLECT_GCC_OPTIONS='-v' '-rdynamic' '-o' 'cmTC_6e61f' '-shared-libgcc' '-mtune=generic' '-march=x86-64']
  link line: [ /usr/lib/gcc/x86_64-linux-gnu/9/collect2 -plugin /usr/lib/gcc/x86_64-linux-gnu/9/liblto_plugin.so -plugin-opt=/usr/lib/gcc/x86_64-linux-gnu/9/lto-wrapper -plugin-opt=-fresolution=/tmp/ccfgHoP2.res -plugin-opt=-pass-through=-lgcc_s -plugin-opt=-pass-through=-lgcc -plugin-opt=-pass-through=-lc -plugin-opt=-pass-through=-lgcc_s -plugin-opt=-pass-through=-lgcc --build-id --eh-frame-hdr -m elf_x86_64 --hash-style=gnu --as-needed -export-dynamic -dynamic-linker /lib64/ld-linux-x86-64.so.2 -pie -z now -z relro -o cmTC_6e61f /usr/lib/gcc/x86_64-linux-gnu/9/../../../x86_64-linux-gnu/Scrt1.o /usr/lib/gcc/x86_64-linux-gnu/9/../../../x86_64-linux-gnu/crti.o /usr/lib/gcc/x86_64-linux-gnu/9/crtbeginS.o -L/usr/lib/gcc/x86_64-linux-gnu/9 -L/usr/lib/gcc/x86_64-linux-gnu/9/../../../x86_64-linux-gnu -L/usr/lib/gcc/x86_64-linux-gnu/9/../../../../lib -L/lib/x86_64-linux-gnu -L/lib/../lib -L/usr/lib/x86_64-linux-gnu -L/usr/lib/../lib -L/usr/lib/gcc/x86_64-linux-gnu/9/../../.. CMakeFiles/cmTC_6e61f.dir/CMakeCXXCompilerABI.cpp.o -lstdc++ -lm -lgcc_s -lgcc -lc -lgcc_s -lgcc /usr/lib/gcc/x86_64-linux-gnu/9/crtendS.o /usr/lib/gcc/x86_64-linux-gnu/9/../../../x86_64-linux-gnu/crtn.o]
    arg [/usr/lib/gcc/x86_64-linux-gnu/9/collect2] ==> ignore
    arg [-plugin] ==> ignore
    arg [/usr/lib/gcc/x86_64-linux-gnu/9/liblto_plugin.so] ==> ignore
    arg [-plugin-opt=/usr/lib/gcc/x86_64-linux-gnu/9/lto-wrapper] ==> ignore
    arg [-plugin-opt=-fresolution=/tmp/ccfgHoP2.res] ==> ignore
    arg [-plugin-opt=-pass-through=-lgcc_s] ==> ignore
    arg [-plugin-opt=-pass-through=-lgcc] ==> ignore
    arg [-plugin-opt=-pass-through=-lc] ==> ignore
    arg [-plugin-opt=-pass-through=-lgcc_s] ==> ignore
    arg [-plugin-opt=-pass-through=-lgcc] ==> ignore
    arg [--build-id] ==> ignore
    arg [--eh-frame-hdr] ==> ignore
    arg [-m] ==> ignore
    arg [elf_x86_64] ==> ignore
    arg [--hash-style=gnu] ==> ignore
    arg [--as-needed] ==> ignore
    arg [-export-dynamic] ==> ignore
    arg [-dynamic-linker] ==> ignore
    arg [/lib64/ld-linux-x86-64.so.2] ==> ignore
    arg [-pie] ==> ignore
    arg [-znow] ==> ignore
    arg [-zrelro] ==> ignore
    arg [-o] ==> ignore
    arg [cmTC_6e61f] ==> ignore
    arg [/usr/lib/gcc/x86_64-linux-gnu/9/../../../x86_64-linux-gnu/Scrt1.o] ==> ignore
    arg [/usr/lib/gcc/x86_64-linux-gnu/9/../../../x86_64-linux-gnu/crti.o] ==> ignore
    arg [/usr/lib/gcc/x86_64-linux-gnu/9/crtbeginS.o] ==> ignore
    arg [-L/usr/lib/gcc/x86_64-linux-gnu/9] ==> dir [/usr/lib/gcc/x86_64-linux-gnu/9]
    arg [-L/usr/lib/gcc/x86_64-linux-gnu/9/../../../x86_64-linux-gnu] ==> dir [/usr/lib/gcc/x86_64-linux-gnu/9/../../../x86_64-linux-gnu]
    arg [-L/usr/lib/gcc/x86_64-linux-gnu/9/../../../../lib] ==> dir [/usr/lib/gcc/x86_64-linux-gnu/9/../../../../lib]
    arg [-L/lib/x86_64-linux-gnu] ==> dir [/lib/x86_64-linux-gnu]
    arg [-L/lib/../lib] ==> dir [/lib/../lib]
    arg [-L/usr/lib/x86_64-linux-gnu] ==> dir [/usr/lib/x86_64-linux-gnu]
    arg [-L/usr/lib/../lib] ==> dir [/usr/lib/../lib]
    arg [-L/usr/lib/gcc/x86_64-linux-gnu/9/../../..] ==> dir [/usr/lib/gcc/x86_64-linux-gnu/9/../../..]
    arg [CMakeFiles/cmTC_6e61f.dir/CMakeCXXCompilerABI.cpp.o] ==> ignore
    arg [-lstdc++] ==> lib [stdc++]
    arg [-lm] ==> lib [m]
    arg [-lgcc_s] ==> lib [gcc_s]
    arg [-lgcc] ==> lib [gcc]
    arg [-lc] ==> lib [c]
    arg [-lgcc_s] ==> lib [gcc_s]
    arg [-lgcc] ==> lib [gcc]
    arg [/usr/lib/gcc/x86_64-linux-gnu/9/crtendS.o] ==> ignore
    arg [/usr/lib/gcc/x86_64-linux-gnu/9/../../../x86_64-linux-gnu/crtn.o] ==> ignore
  collapse library dir [/usr/lib/gcc/x86_64-linux-gnu/9] ==> [/usr/lib/gcc/x86_64-linux-gnu/9]
  collapse library dir [/usr/lib/gcc/x86_64-linux-gnu/9/../../../x86_64-linux-gnu] ==> [/usr/lib/x86_64-linux-gnu]
  collapse library dir [/usr/lib/gcc/x86_64-linux-gnu/9/../../../../lib] ==> [/usr/lib]
  collapse library dir [/lib/x86_64-linux-gnu] ==> [/lib/x86_64-linux-gnu]
  collapse library dir [/lib/../lib] ==> [/lib]
  collapse library dir [/usr/lib/x86_64-linux-gnu] ==> [/usr/lib/x86_64-linux-gnu]
  collapse library dir [/usr/lib/../lib] ==> [/usr/lib]
  collapse library dir [/usr/lib/gcc/x86_64-linux-gnu/9/../../..] ==> [/usr/lib]
  implicit libs: [stdc++;m;gcc_s;gcc;c;gcc_s;gcc]
  implicit dirs: [/usr/lib/gcc/x86_64-linux-gnu/9;/usr/lib/x86_64-linux-gnu;/usr/lib;/lib/x86_64-linux-gnu;/lib]
  implicit fwks: []


Performing C++ SOURCE FILE Test CXXFLAG_Wall succeeded with the following output:
Change Dir: /workspace/foxy_ws/build/uncrustify_vendor/uncrustify-0.68.1-prefix/src/uncrustify-0.68.1-build/CMakeFiles/CMakeTmp

Run Build Command(s):/usr/bin/make cmTC_4a6f3/fast && make[3]: Entering directory '/workspace/foxy_ws/build/uncrustify_vendor/uncrustify-0.68.1-prefix/src/uncrustify-0.68.1-build/CMakeFiles/CMakeTmp'
/usr/bin/make -f CMakeFiles/cmTC_4a6f3.dir/build.make CMakeFiles/cmTC_4a6f3.dir/build
make[4]: Entering directory '/workspace/foxy_ws/build/uncrustify_vendor/uncrustify-0.68.1-prefix/src/uncrustify-0.68.1-build/CMakeFiles/CMakeTmp'
Building CXX object CMakeFiles/cmTC_4a6f3.dir/src.cxx.o
/usr/bin/c++    -DCXXFLAG_Wall   -Wall -o CMakeFiles/cmTC_4a6f3.dir/src.cxx.o -c /workspace/foxy_ws/build/uncrustify_vendor/uncrustify-0.68.1-prefix/src/uncrustify-0.68.1-build/CMakeFiles/CMakeTmp/src.cxx
Linking CXX executable cmTC_4a6f3
/usr/bin/cmake -E cmake_link_script CMakeFiles/cmTC_4a6f3.dir/link.txt --verbose=1
/usr/bin/c++   -DCXXFLAG_Wall    -rdynamic CMakeFiles/cmTC_4a6f3.dir/src.cxx.o  -o cmTC_4a6f3 
make[4]: Leaving directory '/workspace/foxy_ws/build/uncrustify_vendor/uncrustify-0.68.1-prefix/src/uncrustify-0.68.1-build/CMakeFiles/CMakeTmp'
make[3]: Leaving directory '/workspace/foxy_ws/build/uncrustify_vendor/uncrustify-0.68.1-prefix/src/uncrustify-0.68.1-build/CMakeFiles/CMakeTmp'


Source file was:
int main() { return 0; }
Performing C++ SOURCE FILE Test CXXFLAG_Wextra succeeded with the following output:
Change Dir: /workspace/foxy_ws/build/uncrustify_vendor/uncrustify-0.68.1-prefix/src/uncrustify-0.68.1-build/CMakeFiles/CMakeTmp

Run Build Command(s):/usr/bin/make cmTC_c744c/fast && make[3]: Entering directory '/workspace/foxy_ws/build/uncrustify_vendor/uncrustify-0.68.1-prefix/src/uncrustify-0.68.1-build/CMakeFiles/CMakeTmp'
/usr/bin/make -f CMakeFiles/cmTC_c744c.dir/build.make CMakeFiles/cmTC_c744c.dir/build
make[4]: Entering directory '/workspace/foxy_ws/build/uncrustify_vendor/uncrustify-0.68.1-prefix/src/uncrustify-0.68.1-build/CMakeFiles/CMakeTmp'
Building CXX object CMakeFiles/cmTC_c744c.dir/src.cxx.o
/usr/bin/c++    -Wall -DCXXFLAG_Wextra   -Wextra -o CMakeFiles/cmTC_c744c.dir/src.cxx.o -c /workspace/foxy_ws/build/uncrustify_vendor/uncrustify-0.68.1-prefix/src/uncrustify-0.68.1-build/CMakeFiles/CMakeTmp/src.cxx
Linking CXX executable cmTC_c744c
/usr/bin/cmake -E cmake_link_script CMakeFiles/cmTC_c744c.dir/link.txt --verbose=1
/usr/bin/c++   -Wall -DCXXFLAG_Wextra    -rdynamic CMakeFiles/cmTC_c744c.dir/src.cxx.o  -o cmTC_c744c 
make[4]: Leaving directory '/workspace/foxy_ws/build/uncrustify_vendor/uncrustify-0.68.1-prefix/src/uncrustify-0.68.1-build/CMakeFiles/CMakeTmp'
make[3]: Leaving directory '/workspace/foxy_ws/build/uncrustify_vendor/uncrustify-0.68.1-prefix/src/uncrustify-0.68.1-build/CMakeFiles/CMakeTmp'


Source file was:
int main() { return 0; }
Performing C++ SOURCE FILE Test CXXFLAG_Wshadow succeeded with the following output:
Change Dir: /workspace/foxy_ws/build/uncrustify_vendor/uncrustify-0.68.1-prefix/src/uncrustify-0.68.1-build/CMakeFiles/CMakeTmp

Run Build Command(s):/usr/bin/make cmTC_89cfb/fast && make[3]: Entering directory '/workspace/foxy_ws/build/uncrustify_vendor/uncrustify-0.68.1-prefix/src/uncrustify-0.68.1-build/CMakeFiles/CMakeTmp'
/usr/bin/make -f CMakeFiles/cmTC_89cfb.dir/build.make CMakeFiles/cmTC_89cfb.dir/build
make[4]: Entering directory '/workspace/foxy_ws/build/uncrustify_vendor/uncrustify-0.68.1-prefix/src/uncrustify-0.68.1-build/CMakeFiles/CMakeTmp'
Building CXX object CMakeFiles/cmTC_89cfb.dir/src.cxx.o
/usr/bin/c++    -Wall -Wextra -DCXXFLAG_Wshadow   -Wshadow -o CMakeFiles/cmTC_89cfb.dir/src.cxx.o -c /workspace/foxy_ws/build/uncrustify_vendor/uncrustify-0.68.1-prefix/src/uncrustify-0.68.1-build/CMakeFiles/CMakeTmp/src.cxx
Linking CXX executable cmTC_89cfb
/usr/bin/cmake -E cmake_link_script CMakeFiles/cmTC_89cfb.dir/link.txt --verbose=1
/usr/bin/c++   -Wall -Wextra -DCXXFLAG_Wshadow    -rdynamic CMakeFiles/cmTC_89cfb.dir/src.cxx.o  -o cmTC_89cfb 
make[4]: Leaving directory '/workspace/foxy_ws/build/uncrustify_vendor/uncrustify-0.68.1-prefix/src/uncrustify-0.68.1-build/CMakeFiles/CMakeTmp'
make[3]: Leaving directory '/workspace/foxy_ws/build/uncrustify_vendor/uncrustify-0.68.1-prefix/src/uncrustify-0.68.1-build/CMakeFiles/CMakeTmp'


Source file was:
int main() { return 0; }
Performing C++ SOURCE FILE Test CXXFLAG_Wpointer_arith succeeded with the following output:
Change Dir: /workspace/foxy_ws/build/uncrustify_vendor/uncrustify-0.68.1-prefix/src/uncrustify-0.68.1-build/CMakeFiles/CMakeTmp

Run Build Command(s):/usr/bin/make cmTC_03519/fast && make[3]: Entering directory '/workspace/foxy_ws/build/uncrustify_vendor/uncrustify-0.68.1-prefix/src/uncrustify-0.68.1-build/CMakeFiles/CMakeTmp'
/usr/bin/make -f CMakeFiles/cmTC_03519.dir/build.make CMakeFiles/cmTC_03519.dir/build
make[4]: Entering directory '/workspace/foxy_ws/build/uncrustify_vendor/uncrustify-0.68.1-prefix/src/uncrustify-0.68.1-build/CMakeFiles/CMakeTmp'
Building CXX object CMakeFiles/cmTC_03519.dir/src.cxx.o
/usr/bin/c++    -Wall -Wextra -Wshadow -DCXXFLAG_Wpointer_arith   -Wpointer-arith -o CMakeFiles/cmTC_03519.dir/src.cxx.o -c /workspace/foxy_ws/build/uncrustify_vendor/uncrustify-0.68.1-prefix/src/uncrustify-0.68.1-build/CMakeFiles/CMakeTmp/src.cxx
Linking CXX executable cmTC_03519
/usr/bin/cmake -E cmake_link_script CMakeFiles/cmTC_03519.dir/link.txt --verbose=1
/usr/bin/c++   -Wall -Wextra -Wshadow -DCXXFLAG_Wpointer_arith    -rdynamic CMakeFiles/cmTC_03519.dir/src.cxx.o  -o cmTC_03519 
make[4]: Leaving directory '/workspace/foxy_ws/build/uncrustify_vendor/uncrustify-0.68.1-prefix/src/uncrustify-0.68.1-build/CMakeFiles/CMakeTmp'
make[3]: Leaving directory '/workspace/foxy_ws/build/uncrustify_vendor/uncrustify-0.68.1-prefix/src/uncrustify-0.68.1-build/CMakeFiles/CMakeTmp'


Source file was:
int main() { return 0; }
Performing C++ SOURCE FILE Test CXXFLAG_Wcast_qual succeeded with the following output:
Change Dir: /workspace/foxy_ws/build/uncrustify_vendor/uncrustify-0.68.1-prefix/src/uncrustify-0.68.1-build/CMakeFiles/CMakeTmp

Run Build Command(s):/usr/bin/make cmTC_bfbbb/fast && make[3]: Entering directory '/workspace/foxy_ws/build/uncrustify_vendor/uncrustify-0.68.1-prefix/src/uncrustify-0.68.1-build/CMakeFiles/CMakeTmp'
/usr/bin/make -f CMakeFiles/cmTC_bfbbb.dir/build.make CMakeFiles/cmTC_bfbbb.dir/build
make[4]: Entering directory '/workspace/foxy_ws/build/uncrustify_vendor/uncrustify-0.68.1-prefix/src/uncrustify-0.68.1-build/CMakeFiles/CMakeTmp'
Building CXX object CMakeFiles/cmTC_bfbbb.dir/src.cxx.o
/usr/bin/c++    -Wall -Wextra -Wshadow -Wpointer-arith -DCXXFLAG_Wcast_qual   -Wcast-qual -o CMakeFiles/cmTC_bfbbb.dir/src.cxx.o -c /workspace/foxy_ws/build/uncrustify_vendor/uncrustify-0.68.1-prefix/src/uncrustify-0.68.1-build/CMakeFiles/CMakeTmp/src.cxx
Linking CXX executable cmTC_bfbbb
/usr/bin/cmake -E cmake_link_script CMakeFiles/cmTC_bfbbb.dir/link.txt --verbose=1
/usr/bin/c++   -Wall -Wextra -Wshadow -Wpointer-arith -DCXXFLAG_Wcast_qual    -rdynamic CMakeFiles/cmTC_bfbbb.dir/src.cxx.o  -o cmTC_bfbbb 
make[4]: Leaving directory '/workspace/foxy_ws/build/uncrustify_vendor/uncrustify-0.68.1-prefix/src/uncrustify-0.68.1-build/CMakeFiles/CMakeTmp'
make[3]: Leaving directory '/workspace/foxy_ws/build/uncrustify_vendor/uncrustify-0.68.1-prefix/src/uncrustify-0.68.1-build/CMakeFiles/CMakeTmp'


Source file was:
int main() { return 0; }
Performing C++ SOURCE FILE Test CXXFLAG_Wcast_align succeeded with the following output:
Change Dir: /workspace/foxy_ws/build/uncrustify_vendor/uncrustify-0.68.1-prefix/src/uncrustify-0.68.1-build/CMakeFiles/CMakeTmp

Run Build Command(s):/usr/bin/make cmTC_19cba/fast && make[3]: Entering directory '/workspace/foxy_ws/build/uncrustify_vendor/uncrustify-0.68.1-prefix/src/uncrustify-0.68.1-build/CMakeFiles/CMakeTmp'
/usr/bin/make -f CMakeFiles/cmTC_19cba.dir/build.make CMakeFiles/cmTC_19cba.dir/build
make[4]: Entering directory '/workspace/foxy_ws/build/uncrustify_vendor/uncrustify-0.68.1-prefix/src/uncrustify-0.68.1-build/CMakeFiles/CMakeTmp'
Building CXX object CMakeFiles/cmTC_19cba.dir/src.cxx.o
/usr/bin/c++    -Wall -Wextra -Wshadow -Wpointer-arith -Wcast-qual -DCXXFLAG_Wcast_align   -Wcast-align -o CMakeFiles/cmTC_19cba.dir/src.cxx.o -c /workspace/foxy_ws/build/uncrustify_vendor/uncrustify-0.68.1-prefix/src/uncrustify-0.68.1-build/CMakeFiles/CMakeTmp/src.cxx
Linking CXX executable cmTC_19cba
/usr/bin/cmake -E cmake_link_script CMakeFiles/cmTC_19cba.dir/link.txt --verbose=1
/usr/bin/c++   -Wall -Wextra -Wshadow -Wpointer-arith -Wcast-qual -DCXXFLAG_Wcast_align    -rdynamic CMakeFiles/cmTC_19cba.dir/src.cxx.o  -o cmTC_19cba 
make[4]: Leaving directory '/workspace/foxy_ws/build/uncrustify_vendor/uncrustify-0.68.1-prefix/src/uncrustify-0.68.1-build/CMakeFiles/CMakeTmp'
make[3]: Leaving directory '/workspace/foxy_ws/build/uncrustify_vendor/uncrustify-0.68.1-prefix/src/uncrustify-0.68.1-build/CMakeFiles/CMakeTmp'


Source file was:
int main() { return 0; }
Determining if the include file inttypes.h exists passed with the following output:
Change Dir: /workspace/foxy_ws/build/uncrustify_vendor/uncrustify-0.68.1-prefix/src/uncrustify-0.68.1-build/CMakeFiles/CMakeTmp

Run Build Command(s):/usr/bin/make cmTC_26090/fast && make[3]: Entering directory '/workspace/foxy_ws/build/uncrustify_vendor/uncrustify-0.68.1-prefix/src/uncrustify-0.68.1-build/CMakeFiles/CMakeTmp'
/usr/bin/make -f CMakeFiles/cmTC_26090.dir/build.make CMakeFiles/cmTC_26090.dir/build
make[4]: Entering directory '/workspace/foxy_ws/build/uncrustify_vendor/uncrustify-0.68.1-prefix/src/uncrustify-0.68.1-build/CMakeFiles/CMakeTmp'
Building CXX object CMakeFiles/cmTC_26090.dir/CheckIncludeFile.cxx.o
/usr/bin/c++    -Wall -Wextra -Wshadow -Wpointer-arith -Wcast-qual -Wcast-align    -o CMakeFiles/cmTC_26090.dir/CheckIncludeFile.cxx.o -c /workspace/foxy_ws/build/uncrustify_vendor/uncrustify-0.68.1-prefix/src/uncrustify-0.68.1-build/CMakeFiles/CMakeTmp/CheckIncludeFile.cxx
Linking CXX executable cmTC_26090
/usr/bin/cmake -E cmake_link_script CMakeFiles/cmTC_26090.dir/link.txt --verbose=1
/usr/bin/c++   -Wall -Wextra -Wshadow -Wpointer-arith -Wcast-qual -Wcast-align     -rdynamic CMakeFiles/cmTC_26090.dir/CheckIncludeFile.cxx.o  -o cmTC_26090 
make[4]: Leaving directory '/workspace/foxy_ws/build/uncrustify_vendor/uncrustify-0.68.1-prefix/src/uncrustify-0.68.1-build/CMakeFiles/CMakeTmp'
make[3]: Leaving directory '/workspace/foxy_ws/build/uncrustify_vendor/uncrustify-0.68.1-prefix/src/uncrustify-0.68.1-build/CMakeFiles/CMakeTmp'



Determining if the include file memory.h exists passed with the following output:
Change Dir: /workspace/foxy_ws/build/uncrustify_vendor/uncrustify-0.68.1-prefix/src/uncrustify-0.68.1-build/CMakeFiles/CMakeTmp

Run Build Command(s):/usr/bin/make cmTC_d4c35/fast && make[3]: Entering directory '/workspace/foxy_ws/build/uncrustify_vendor/uncrustify-0.68.1-prefix/src/uncrustify-0.68.1-build/CMakeFiles/CMakeTmp'
/usr/bin/make -f CMakeFiles/cmTC_d4c35.dir/build.make CMakeFiles/cmTC_d4c35.dir/build
make[4]: Entering directory '/workspace/foxy_ws/build/uncrustify_vendor/uncrustify-0.68.1-prefix/src/uncrustify-0.68.1-build/CMakeFiles/CMakeTmp'
Building CXX object CMakeFiles/cmTC_d4c35.dir/CheckIncludeFile.cxx.o
/usr/bin/c++    -Wall -Wextra -Wshadow -Wpointer-arith -Wcast-qual -Wcast-align    -o CMakeFiles/cmTC_d4c35.dir/CheckIncludeFile.cxx.o -c /workspace/foxy_ws/build/uncrustify_vendor/uncrustify-0.68.1-prefix/src/uncrustify-0.68.1-build/CMakeFiles/CMakeTmp/CheckIncludeFile.cxx
Linking CXX executable cmTC_d4c35
/usr/bin/cmake -E cmake_link_script CMakeFiles/cmTC_d4c35.dir/link.txt --verbose=1
/usr/bin/c++   -Wall -Wextra -Wshadow -Wpointer-arith -Wcast-qual -Wcast-align     -rdynamic CMakeFiles/cmTC_d4c35.dir/CheckIncludeFile.cxx.o  -o cmTC_d4c35 
make[4]: Leaving directory '/workspace/foxy_ws/build/uncrustify_vendor/uncrustify-0.68.1-prefix/src/uncrustify-0.68.1-build/CMakeFiles/CMakeTmp'
make[3]: Leaving directory '/workspace/foxy_ws/build/uncrustify_vendor/uncrustify-0.68.1-prefix/src/uncrustify-0.68.1-build/CMakeFiles/CMakeTmp'



Determining if the include file stdint.h exists passed with the following output:
Change Dir: /workspace/foxy_ws/build/uncrustify_vendor/uncrustify-0.68.1-prefix/src/uncrustify-0.68.1-build/CMakeFiles/CMakeTmp

Run Build Command(s):/usr/bin/make cmTC_33457/fast && make[3]: Entering directory '/workspace/foxy_ws/build/uncrustify_vendor/uncrustify-0.68.1-prefix/src/uncrustify-0.68.1-build/CMakeFiles/CMakeTmp'
/usr/bin/make -f CMakeFiles/cmTC_33457.dir/build.make CMakeFiles/cmTC_33457.dir/build
make[4]: Entering directory '/workspace/foxy_ws/build/uncrustify_vendor/uncrustify-0.68.1-prefix/src/uncrustify-0.68.1-build/CMakeFiles/CMakeTmp'
Building CXX object CMakeFiles/cmTC_33457.dir/CheckIncludeFile.cxx.o
/usr/bin/c++    -Wall -Wextra -Wshadow -Wpointer-arith -Wcast-qual -Wcast-align    -o CMakeFiles/cmTC_33457.dir/CheckIncludeFile.cxx.o -c /workspace/foxy_ws/build/uncrustify_vendor/uncrustify-0.68.1-prefix/src/uncrustify-0.68.1-build/CMakeFiles/CMakeTmp/CheckIncludeFile.cxx
Linking CXX executable cmTC_33457
/usr/bin/cmake -E cmake_link_script CMakeFiles/cmTC_33457.dir/link.txt --verbose=1
/usr/bin/c++   -Wall -Wextra -Wshadow -Wpointer-arith -Wcast-qual -Wcast-align     -rdynamic CMakeFiles/cmTC_33457.dir/CheckIncludeFile.cxx.o  -o cmTC_33457 
make[4]: Leaving directory '/workspace/foxy_ws/build/uncrustify_vendor/uncrustify-0.68.1-prefix/src/uncrustify-0.68.1-build/CMakeFiles/CMakeTmp'
make[3]: Leaving directory '/workspace/foxy_ws/build/uncrustify_vendor/uncrustify-0.68.1-prefix/src/uncrustify-0.68.1-build/CMakeFiles/CMakeTmp'



Determining if the include file stdlib.h exists passed with the following output:
Change Dir: /workspace/foxy_ws/build/uncrustify_vendor/uncrustify-0.68.1-prefix/src/uncrustify-0.68.1-build/CMakeFiles/CMakeTmp

Run Build Command(s):/usr/bin/make cmTC_df74d/fast && make[3]: Entering directory '/workspace/foxy_ws/build/uncrustify_vendor/uncrustify-0.68.1-prefix/src/uncrustify-0.68.1-build/CMakeFiles/CMakeTmp'
/usr/bin/make -f CMakeFiles/cmTC_df74d.dir/build.make CMakeFiles/cmTC_df74d.dir/build
make[4]: Entering directory '/workspace/foxy_ws/build/uncrustify_vendor/uncrustify-0.68.1-prefix/src/uncrustify-0.68.1-build/CMakeFiles/CMakeTmp'
Building CXX object CMakeFiles/cmTC_df74d.dir/CheckIncludeFile.cxx.o
/usr/bin/c++    -Wall -Wextra -Wshadow -Wpointer-arith -Wcast-qual -Wcast-align    -o CMakeFiles/cmTC_df74d.dir/CheckIncludeFile.cxx.o -c /workspace/foxy_ws/build/uncrustify_vendor/uncrustify-0.68.1-prefix/src/uncrustify-0.68.1-build/CMakeFiles/CMakeTmp/CheckIncludeFile.cxx
Linking CXX executable cmTC_df74d
/usr/bin/cmake -E cmake_link_script CMakeFiles/cmTC_df74d.dir/link.txt --verbose=1
/usr/bin/c++   -Wall -Wextra -Wshadow -Wpointer-arith -Wcast-qual -Wcast-align     -rdynamic CMakeFiles/cmTC_df74d.dir/CheckIncludeFile.cxx.o  -o cmTC_df74d 
make[4]: Leaving directory '/workspace/foxy_ws/build/uncrustify_vendor/uncrustify-0.68.1-prefix/src/uncrustify-0.68.1-build/CMakeFiles/CMakeTmp'
make[3]: Leaving directory '/workspace/foxy_ws/build/uncrustify_vendor/uncrustify-0.68.1-prefix/src/uncrustify-0.68.1-build/CMakeFiles/CMakeTmp'



Determining if the include file strings.h exists passed with the following output:
Change Dir: /workspace/foxy_ws/build/uncrustify_vendor/uncrustify-0.68.1-prefix/src/uncrustify-0.68.1-build/CMakeFiles/CMakeTmp

Run Build Command(s):/usr/bin/make cmTC_0f348/fast && make[3]: Entering directory '/workspace/foxy_ws/build/uncrustify_vendor/uncrustify-0.68.1-prefix/src/uncrustify-0.68.1-build/CMakeFiles/CMakeTmp'
/usr/bin/make -f CMakeFiles/cmTC_0f348.dir/build.make CMakeFiles/cmTC_0f348.dir/build
make[4]: Entering directory '/workspace/foxy_ws/build/uncrustify_vendor/uncrustify-0.68.1-prefix/src/uncrustify-0.68.1-build/CMakeFiles/CMakeTmp'
Building CXX object CMakeFiles/cmTC_0f348.dir/CheckIncludeFile.cxx.o
/usr/bin/c++    -Wall -Wextra -Wshadow -Wpointer-arith -Wcast-qual -Wcast-align    -o CMakeFiles/cmTC_0f348.dir/CheckIncludeFile.cxx.o -c /workspace/foxy_ws/build/uncrustify_vendor/uncrustify-0.68.1-prefix/src/uncrustify-0.68.1-build/CMakeFiles/CMakeTmp/CheckIncludeFile.cxx
Linking CXX executable cmTC_0f348
/usr/bin/cmake -E cmake_link_script CMakeFiles/cmTC_0f348.dir/link.txt --verbose=1
/usr/bin/c++   -Wall -Wextra -Wshadow -Wpointer-arith -Wcast-qual -Wcast-align     -rdynamic CMakeFiles/cmTC_0f348.dir/CheckIncludeFile.cxx.o  -o cmTC_0f348 
make[4]: Leaving directory '/workspace/foxy_ws/build/uncrustify_vendor/uncrustify-0.68.1-prefix/src/uncrustify-0.68.1-build/CMakeFiles/CMakeTmp'
make[3]: Leaving directory '/workspace/foxy_ws/build/uncrustify_vendor/uncrustify-0.68.1-prefix/src/uncrustify-0.68.1-build/CMakeFiles/CMakeTmp'



Determining if the include file string.h exists passed with the following output:
Change Dir: /workspace/foxy_ws/build/uncrustify_vendor/uncrustify-0.68.1-prefix/src/uncrustify-0.68.1-build/CMakeFiles/CMakeTmp

Run Build Command(s):/usr/bin/make cmTC_b7b19/fast && make[3]: Entering directory '/workspace/foxy_ws/build/uncrustify_vendor/uncrustify-0.68.1-prefix/src/uncrustify-0.68.1-build/CMakeFiles/CMakeTmp'
/usr/bin/make -f CMakeFiles/cmTC_b7b19.dir/build.make CMakeFiles/cmTC_b7b19.dir/build
make[4]: Entering directory '/workspace/foxy_ws/build/uncrustify_vendor/uncrustify-0.68.1-prefix/src/uncrustify-0.68.1-build/CMakeFiles/CMakeTmp'
Building CXX object CMakeFiles/cmTC_b7b19.dir/CheckIncludeFile.cxx.o
/usr/bin/c++    -Wall -Wextra -Wshadow -Wpointer-arith -Wcast-qual -Wcast-align    -o CMakeFiles/cmTC_b7b19.dir/CheckIncludeFile.cxx.o -c /workspace/foxy_ws/build/uncrustify_vendor/uncrustify-0.68.1-prefix/src/uncrustify-0.68.1-build/CMakeFiles/CMakeTmp/CheckIncludeFile.cxx
Linking CXX executable cmTC_b7b19
/usr/bin/cmake -E cmake_link_script CMakeFiles/cmTC_b7b19.dir/link.txt --verbose=1
/usr/bin/c++   -Wall -Wextra -Wshadow -Wpointer-arith -Wcast-qual -Wcast-align     -rdynamic CMakeFiles/cmTC_b7b19.dir/CheckIncludeFile.cxx.o  -o cmTC_b7b19 
make[4]: Leaving directory '/workspace/foxy_ws/build/uncrustify_vendor/uncrustify-0.68.1-prefix/src/uncrustify-0.68.1-build/CMakeFiles/CMakeTmp'
make[3]: Leaving directory '/workspace/foxy_ws/build/uncrustify_vendor/uncrustify-0.68.1-prefix/src/uncrustify-0.68.1-build/CMakeFiles/CMakeTmp'



Determining if the include file sys/stat.h exists passed with the following output:
Change Dir: /workspace/foxy_ws/build/uncrustify_vendor/uncrustify-0.68.1-prefix/src/uncrustify-0.68.1-build/CMakeFiles/CMakeTmp

Run Build Command(s):/usr/bin/make cmTC_529d9/fast && make[3]: Entering directory '/workspace/foxy_ws/build/uncrustify_vendor/uncrustify-0.68.1-prefix/src/uncrustify-0.68.1-build/CMakeFiles/CMakeTmp'
/usr/bin/make -f CMakeFiles/cmTC_529d9.dir/build.make CMakeFiles/cmTC_529d9.dir/build
make[4]: Entering directory '/workspace/foxy_ws/build/uncrustify_vendor/uncrustify-0.68.1-prefix/src/uncrustify-0.68.1-build/CMakeFiles/CMakeTmp'
Building CXX object CMakeFiles/cmTC_529d9.dir/CheckIncludeFile.cxx.o
/usr/bin/c++    -Wall -Wextra -Wshadow -Wpointer-arith -Wcast-qual -Wcast-align    -o CMakeFiles/cmTC_529d9.dir/CheckIncludeFile.cxx.o -c /workspace/foxy_ws/build/uncrustify_vendor/uncrustify-0.68.1-prefix/src/uncrustify-0.68.1-build/CMakeFiles/CMakeTmp/CheckIncludeFile.cxx
Linking CXX executable cmTC_529d9
/usr/bin/cmake -E cmake_link_script CMakeFiles/cmTC_529d9.dir/link.txt --verbose=1
/usr/bin/c++   -Wall -Wextra -Wshadow -Wpointer-arith -Wcast-qual -Wcast-align     -rdynamic CMakeFiles/cmTC_529d9.dir/CheckIncludeFile.cxx.o  -o cmTC_529d9 
make[4]: Leaving directory '/workspace/foxy_ws/build/uncrustify_vendor/uncrustify-0.68.1-prefix/src/uncrustify-0.68.1-build/CMakeFiles/CMakeTmp'
make[3]: Leaving directory '/workspace/foxy_ws/build/uncrustify_vendor/uncrustify-0.68.1-prefix/src/uncrustify-0.68.1-build/CMakeFiles/CMakeTmp'



Determining if the include file sys/types.h exists passed with the following output:
Change Dir: /workspace/foxy_ws/build/uncrustify_vendor/uncrustify-0.68.1-prefix/src/uncrustify-0.68.1-build/CMakeFiles/CMakeTmp

Run Build Command(s):/usr/bin/make cmTC_853b1/fast && make[3]: Entering directory '/workspace/foxy_ws/build/uncrustify_vendor/uncrustify-0.68.1-prefix/src/uncrustify-0.68.1-build/CMakeFiles/CMakeTmp'
/usr/bin/make -f CMakeFiles/cmTC_853b1.dir/build.make CMakeFiles/cmTC_853b1.dir/build
make[4]: Entering directory '/workspace/foxy_ws/build/uncrustify_vendor/uncrustify-0.68.1-prefix/src/uncrustify-0.68.1-build/CMakeFiles/CMakeTmp'
Building CXX object CMakeFiles/cmTC_853b1.dir/CheckIncludeFile.cxx.o
/usr/bin/c++    -Wall -Wextra -Wshadow -Wpointer-arith -Wcast-qual -Wcast-align    -o CMakeFiles/cmTC_853b1.dir/CheckIncludeFile.cxx.o -c /workspace/foxy_ws/build/uncrustify_vendor/uncrustify-0.68.1-prefix/src/uncrustify-0.68.1-build/CMakeFiles/CMakeTmp/CheckIncludeFile.cxx
Linking CXX executable cmTC_853b1
/usr/bin/cmake -E cmake_link_script CMakeFiles/cmTC_853b1.dir/link.txt --verbose=1
/usr/bin/c++   -Wall -Wextra -Wshadow -Wpointer-arith -Wcast-qual -Wcast-align     -rdynamic CMakeFiles/cmTC_853b1.dir/CheckIncludeFile.cxx.o  -o cmTC_853b1 
make[4]: Leaving directory '/workspace/foxy_ws/build/uncrustify_vendor/uncrustify-0.68.1-prefix/src/uncrustify-0.68.1-build/CMakeFiles/CMakeTmp'
make[3]: Leaving directory '/workspace/foxy_ws/build/uncrustify_vendor/uncrustify-0.68.1-prefix/src/uncrustify-0.68.1-build/CMakeFiles/CMakeTmp'



Determining if the include file unistd.h exists passed with the following output:
Change Dir: /workspace/foxy_ws/build/uncrustify_vendor/uncrustify-0.68.1-prefix/src/uncrustify-0.68.1-build/CMakeFiles/CMakeTmp

Run Build Command(s):/usr/bin/make cmTC_4fd23/fast && make[3]: Entering directory '/workspace/foxy_ws/build/uncrustify_vendor/uncrustify-0.68.1-prefix/src/uncrustify-0.68.1-build/CMakeFiles/CMakeTmp'
/usr/bin/make -f CMakeFiles/cmTC_4fd23.dir/build.make CMakeFiles/cmTC_4fd23.dir/build
make[4]: Entering directory '/workspace/foxy_ws/build/uncrustify_vendor/uncrustify-0.68.1-prefix/src/uncrustify-0.68.1-build/CMakeFiles/CMakeTmp'
Building CXX object CMakeFiles/cmTC_4fd23.dir/CheckIncludeFile.cxx.o
/usr/bin/c++    -Wall -Wextra -Wshadow -Wpointer-arith -Wcast-qual -Wcast-align    -o CMakeFiles/cmTC_4fd23.dir/CheckIncludeFile.cxx.o -c /workspace/foxy_ws/build/uncrustify_vendor/uncrustify-0.68.1-prefix/src/uncrustify-0.68.1-build/CMakeFiles/CMakeTmp/CheckIncludeFile.cxx
Linking CXX executable cmTC_4fd23
/usr/bin/cmake -E cmake_link_script CMakeFiles/cmTC_4fd23.dir/link.txt --verbose=1
/usr/bin/c++   -Wall -Wextra -Wshadow -Wpointer-arith -Wcast-qual -Wcast-align     -rdynamic CMakeFiles/cmTC_4fd23.dir/CheckIncludeFile.cxx.o  -o cmTC_4fd23 
make[4]: Leaving directory '/workspace/foxy_ws/build/uncrustify_vendor/uncrustify-0.68.1-prefix/src/uncrustify-0.68.1-build/CMakeFiles/CMakeTmp'
make[3]: Leaving directory '/workspace/foxy_ws/build/uncrustify_vendor/uncrustify-0.68.1-prefix/src/uncrustify-0.68.1-build/CMakeFiles/CMakeTmp'



Determining if the include file utime.h exists passed with the following output:
Change Dir: /workspace/foxy_ws/build/uncrustify_vendor/uncrustify-0.68.1-prefix/src/uncrustify-0.68.1-build/CMakeFiles/CMakeTmp

Run Build Command(s):/usr/bin/make cmTC_c0d02/fast && make[3]: Entering directory '/workspace/foxy_ws/build/uncrustify_vendor/uncrustify-0.68.1-prefix/src/uncrustify-0.68.1-build/CMakeFiles/CMakeTmp'
/usr/bin/make -f CMakeFiles/cmTC_c0d02.dir/build.make CMakeFiles/cmTC_c0d02.dir/build
make[4]: Entering directory '/workspace/foxy_ws/build/uncrustify_vendor/uncrustify-0.68.1-prefix/src/uncrustify-0.68.1-build/CMakeFiles/CMakeTmp'
Building CXX object CMakeFiles/cmTC_c0d02.dir/CheckIncludeFile.cxx.o
/usr/bin/c++    -Wall -Wextra -Wshadow -Wpointer-arith -Wcast-qual -Wcast-align    -o CMakeFiles/cmTC_c0d02.dir/CheckIncludeFile.cxx.o -c /workspace/foxy_ws/build/uncrustify_vendor/uncrustify-0.68.1-prefix/src/uncrustify-0.68.1-build/CMakeFiles/CMakeTmp/CheckIncludeFile.cxx
Linking CXX executable cmTC_c0d02
/usr/bin/cmake -E cmake_link_script CMakeFiles/cmTC_c0d02.dir/link.txt --verbose=1
/usr/bin/c++   -Wall -Wextra -Wshadow -Wpointer-arith -Wcast-qual -Wcast-align     -rdynamic CMakeFiles/cmTC_c0d02.dir/CheckIncludeFile.cxx.o  -o cmTC_c0d02 
make[4]: Leaving directory '/workspace/foxy_ws/build/uncrustify_vendor/uncrustify-0.68.1-prefix/src/uncrustify-0.68.1-build/CMakeFiles/CMakeTmp'
make[3]: Leaving directory '/workspace/foxy_ws/build/uncrustify_vendor/uncrustify-0.68.1-prefix/src/uncrustify-0.68.1-build/CMakeFiles/CMakeTmp'



Determining if the include file stdbool.h exists passed with the following output:
Change Dir: /workspace/foxy_ws/build/uncrustify_vendor/uncrustify-0.68.1-prefix/src/uncrustify-0.68.1-build/CMakeFiles/CMakeTmp

Run Build Command(s):/usr/bin/make cmTC_0125b/fast && make[3]: Entering directory '/workspace/foxy_ws/build/uncrustify_vendor/uncrustify-0.68.1-prefix/src/uncrustify-0.68.1-build/CMakeFiles/CMakeTmp'
/usr/bin/make -f CMakeFiles/cmTC_0125b.dir/build.make CMakeFiles/cmTC_0125b.dir/build
make[4]: Entering directory '/workspace/foxy_ws/build/uncrustify_vendor/uncrustify-0.68.1-prefix/src/uncrustify-0.68.1-build/CMakeFiles/CMakeTmp'
Building C object CMakeFiles/cmTC_0125b.dir/CheckIncludeFile.c.o
/usr/bin/cc    -o CMakeFiles/cmTC_0125b.dir/CheckIncludeFile.c.o   -c /workspace/foxy_ws/build/uncrustify_vendor/uncrustify-0.68.1-prefix/src/uncrustify-0.68.1-build/CMakeFiles/CMakeTmp/CheckIncludeFile.c
Linking C executable cmTC_0125b
/usr/bin/cmake -E cmake_link_script CMakeFiles/cmTC_0125b.dir/link.txt --verbose=1
/usr/bin/cc      -rdynamic CMakeFiles/cmTC_0125b.dir/CheckIncludeFile.c.o  -o cmTC_0125b 
make[4]: Leaving directory '/workspace/foxy_ws/build/uncrustify_vendor/uncrustify-0.68.1-prefix/src/uncrustify-0.68.1-build/CMakeFiles/CMakeTmp'
make[3]: Leaving directory '/workspace/foxy_ws/build/uncrustify_vendor/uncrustify-0.68.1-prefix/src/uncrustify-0.68.1-build/CMakeFiles/CMakeTmp'



Determining if the memset exist passed with the following output:
Change Dir: /workspace/foxy_ws/build/uncrustify_vendor/uncrustify-0.68.1-prefix/src/uncrustify-0.68.1-build/CMakeFiles/CMakeTmp

Run Build Command(s):/usr/bin/make cmTC_061df/fast && make[3]: Entering directory '/workspace/foxy_ws/build/uncrustify_vendor/uncrustify-0.68.1-prefix/src/uncrustify-0.68.1-build/CMakeFiles/CMakeTmp'
/usr/bin/make -f CMakeFiles/cmTC_061df.dir/build.make CMakeFiles/cmTC_061df.dir/build
make[4]: Entering directory '/workspace/foxy_ws/build/uncrustify_vendor/uncrustify-0.68.1-prefix/src/uncrustify-0.68.1-build/CMakeFiles/CMakeTmp'
Building CXX object CMakeFiles/cmTC_061df.dir/CheckSymbolExists.cxx.o
/usr/bin/c++    -Wall -Wextra -Wshadow -Wpointer-arith -Wcast-qual -Wcast-align    -o CMakeFiles/cmTC_061df.dir/CheckSymbolExists.cxx.o -c /workspace/foxy_ws/build/uncrustify_vendor/uncrustify-0.68.1-prefix/src/uncrustify-0.68.1-build/CMakeFiles/CMakeTmp/CheckSymbolExists.cxx
Linking CXX executable cmTC_061df
/usr/bin/cmake -E cmake_link_script CMakeFiles/cmTC_061df.dir/link.txt --verbose=1
/usr/bin/c++   -Wall -Wextra -Wshadow -Wpointer-arith -Wcast-qual -Wcast-align     -rdynamic CMakeFiles/cmTC_061df.dir/CheckSymbolExists.cxx.o  -o cmTC_061df 
make[4]: Leaving directory '/workspace/foxy_ws/build/uncrustify_vendor/uncrustify-0.68.1-prefix/src/uncrustify-0.68.1-build/CMakeFiles/CMakeTmp'
make[3]: Leaving directory '/workspace/foxy_ws/build/uncrustify_vendor/uncrustify-0.68.1-prefix/src/uncrustify-0.68.1-build/CMakeFiles/CMakeTmp'


File /workspace/foxy_ws/build/uncrustify_vendor/uncrustify-0.68.1-prefix/src/uncrustify-0.68.1-build/CMakeFiles/CMakeTmp/CheckSymbolExists.cxx:
/* */
#include <inttypes.h>
#include <memory.h>
#include <stdint.h>
#include <stdlib.h>
#include <strings.h>
#include <string.h>
#include <sys/stat.h>
#include <sys/types.h>
#include <unistd.h>
#include <utime.h>

int main(int argc, char** argv)
{
  (void)argv;
#ifndef memset
  return ((int*)(&memset))[argc];
#else
  (void)argc;
  return 0;
#endif
}
Determining if the strcasecmp exist passed with the following output:
Change Dir: /workspace/foxy_ws/build/uncrustify_vendor/uncrustify-0.68.1-prefix/src/uncrustify-0.68.1-build/CMakeFiles/CMakeTmp

Run Build Command(s):/usr/bin/make cmTC_ed195/fast && make[3]: Entering directory '/workspace/foxy_ws/build/uncrustify_vendor/uncrustify-0.68.1-prefix/src/uncrustify-0.68.1-build/CMakeFiles/CMakeTmp'
/usr/bin/make -f CMakeFiles/cmTC_ed195.dir/build.make CMakeFiles/cmTC_ed195.dir/build
make[4]: Entering directory '/workspace/foxy_ws/build/uncrustify_vendor/uncrustify-0.68.1-prefix/src/uncrustify-0.68.1-build/CMakeFiles/CMakeTmp'
Building CXX object CMakeFiles/cmTC_ed195.dir/CheckSymbolExists.cxx.o
/usr/bin/c++    -Wall -Wextra -Wshadow -Wpointer-arith -Wcast-qual -Wcast-align    -o CMakeFiles/cmTC_ed195.dir/CheckSymbolExists.cxx.o -c /workspace/foxy_ws/build/uncrustify_vendor/uncrustify-0.68.1-prefix/src/uncrustify-0.68.1-build/CMakeFiles/CMakeTmp/CheckSymbolExists.cxx
Linking CXX executable cmTC_ed195
/usr/bin/cmake -E cmake_link_script CMakeFiles/cmTC_ed195.dir/link.txt --verbose=1
/usr/bin/c++   -Wall -Wextra -Wshadow -Wpointer-arith -Wcast-qual -Wcast-align     -rdynamic CMakeFiles/cmTC_ed195.dir/CheckSymbolExists.cxx.o  -o cmTC_ed195 
make[4]: Leaving directory '/workspace/foxy_ws/build/uncrustify_vendor/uncrustify-0.68.1-prefix/src/uncrustify-0.68.1-build/CMakeFiles/CMakeTmp'
make[3]: Leaving directory '/workspace/foxy_ws/build/uncrustify_vendor/uncrustify-0.68.1-prefix/src/uncrustify-0.68.1-build/CMakeFiles/CMakeTmp'


File /workspace/foxy_ws/build/uncrustify_vendor/uncrustify-0.68.1-prefix/src/uncrustify-0.68.1-build/CMakeFiles/CMakeTmp/CheckSymbolExists.cxx:
/* */
#include <inttypes.h>
#include <memory.h>
#include <stdint.h>
#include <stdlib.h>
#include <strings.h>
#include <string.h>
#include <sys/stat.h>
#include <sys/types.h>
#include <unistd.h>
#include <utime.h>

int main(int argc, char** argv)
{
  (void)argv;
#ifndef strcasecmp
  return ((int*)(&strcasecmp))[argc];
#else
  (void)argc;
  return 0;
#endif
}
Determining if the strdup exist passed with the following output:
Change Dir: /workspace/foxy_ws/build/uncrustify_vendor/uncrustify-0.68.1-prefix/src/uncrustify-0.68.1-build/CMakeFiles/CMakeTmp

Run Build Command(s):/usr/bin/make cmTC_87e27/fast && make[3]: Entering directory '/workspace/foxy_ws/build/uncrustify_vendor/uncrustify-0.68.1-prefix/src/uncrustify-0.68.1-build/CMakeFiles/CMakeTmp'
/usr/bin/make -f CMakeFiles/cmTC_87e27.dir/build.make CMakeFiles/cmTC_87e27.dir/build
make[4]: Entering directory '/workspace/foxy_ws/build/uncrustify_vendor/uncrustify-0.68.1-prefix/src/uncrustify-0.68.1-build/CMakeFiles/CMakeTmp'
Building CXX object CMakeFiles/cmTC_87e27.dir/CheckSymbolExists.cxx.o
/usr/bin/c++    -Wall -Wextra -Wshadow -Wpointer-arith -Wcast-qual -Wcast-align    -o CMakeFiles/cmTC_87e27.dir/CheckSymbolExists.cxx.o -c /workspace/foxy_ws/build/uncrustify_vendor/uncrustify-0.68.1-prefix/src/uncrustify-0.68.1-build/CMakeFiles/CMakeTmp/CheckSymbolExists.cxx
Linking CXX executable cmTC_87e27
/usr/bin/cmake -E cmake_link_script CMakeFiles/cmTC_87e27.dir/link.txt --verbose=1
/usr/bin/c++   -Wall -Wextra -Wshadow -Wpointer-arith -Wcast-qual -Wcast-align     -rdynamic CMakeFiles/cmTC_87e27.dir/CheckSymbolExists.cxx.o  -o cmTC_87e27 
make[4]: Leaving directory '/workspace/foxy_ws/build/uncrustify_vendor/uncrustify-0.68.1-prefix/src/uncrustify-0.68.1-build/CMakeFiles/CMakeTmp'
make[3]: Leaving directory '/workspace/foxy_ws/build/uncrustify_vendor/uncrustify-0.68.1-prefix/src/uncrustify-0.68.1-build/CMakeFiles/CMakeTmp'


File /workspace/foxy_ws/build/uncrustify_vendor/uncrustify-0.68.1-prefix/src/uncrustify-0.68.1-build/CMakeFiles/CMakeTmp/CheckSymbolExists.cxx:
/* */
#include <inttypes.h>
#include <memory.h>
#include <stdint.h>
#include <stdlib.h>
#include <strings.h>
#include <string.h>
#include <sys/stat.h>
#include <sys/types.h>
#include <unistd.h>
#include <utime.h>

int main(int argc, char** argv)
{
  (void)argv;
#ifndef strdup
  return ((int*)(&strdup))[argc];
#else
  (void)argc;
  return 0;
#endif
}
Determining if the strerror exist passed with the following output:
Change Dir: /workspace/foxy_ws/build/uncrustify_vendor/uncrustify-0.68.1-prefix/src/uncrustify-0.68.1-build/CMakeFiles/CMakeTmp

Run Build Command(s):/usr/bin/make cmTC_12843/fast && make[3]: Entering directory '/workspace/foxy_ws/build/uncrustify_vendor/uncrustify-0.68.1-prefix/src/uncrustify-0.68.1-build/CMakeFiles/CMakeTmp'
/usr/bin/make -f CMakeFiles/cmTC_12843.dir/build.make CMakeFiles/cmTC_12843.dir/build
make[4]: Entering directory '/workspace/foxy_ws/build/uncrustify_vendor/uncrustify-0.68.1-prefix/src/uncrustify-0.68.1-build/CMakeFiles/CMakeTmp'
Building CXX object CMakeFiles/cmTC_12843.dir/CheckSymbolExists.cxx.o
/usr/bin/c++    -Wall -Wextra -Wshadow -Wpointer-arith -Wcast-qual -Wcast-align    -o CMakeFiles/cmTC_12843.dir/CheckSymbolExists.cxx.o -c /workspace/foxy_ws/build/uncrustify_vendor/uncrustify-0.68.1-prefix/src/uncrustify-0.68.1-build/CMakeFiles/CMakeTmp/CheckSymbolExists.cxx
Linking CXX executable cmTC_12843
/usr/bin/cmake -E cmake_link_script CMakeFiles/cmTC_12843.dir/link.txt --verbose=1
/usr/bin/c++   -Wall -Wextra -Wshadow -Wpointer-arith -Wcast-qual -Wcast-align     -rdynamic CMakeFiles/cmTC_12843.dir/CheckSymbolExists.cxx.o  -o cmTC_12843 
make[4]: Leaving directory '/workspace/foxy_ws/build/uncrustify_vendor/uncrustify-0.68.1-prefix/src/uncrustify-0.68.1-build/CMakeFiles/CMakeTmp'
make[3]: Leaving directory '/workspace/foxy_ws/build/uncrustify_vendor/uncrustify-0.68.1-prefix/src/uncrustify-0.68.1-build/CMakeFiles/CMakeTmp'


File /workspace/foxy_ws/build/uncrustify_vendor/uncrustify-0.68.1-prefix/src/uncrustify-0.68.1-build/CMakeFiles/CMakeTmp/CheckSymbolExists.cxx:
/* */
#include <inttypes.h>
#include <memory.h>
#include <stdint.h>
#include <stdlib.h>
#include <strings.h>
#include <string.h>
#include <sys/stat.h>
#include <sys/types.h>
#include <unistd.h>
#include <utime.h>

int main(int argc, char** argv)
{
  (void)argv;
#ifndef strerror
  return ((int*)(&strerror))[argc];
#else
  (void)argc;
  return 0;
#endif
}
Determining if the strtol exist passed with the following output:
Change Dir: /workspace/foxy_ws/build/uncrustify_vendor/uncrustify-0.68.1-prefix/src/uncrustify-0.68.1-build/CMakeFiles/CMakeTmp

Run Build Command(s):/usr/bin/make cmTC_b42f0/fast && make[3]: Entering directory '/workspace/foxy_ws/build/uncrustify_vendor/uncrustify-0.68.1-prefix/src/uncrustify-0.68.1-build/CMakeFiles/CMakeTmp'
/usr/bin/make -f CMakeFiles/cmTC_b42f0.dir/build.make CMakeFiles/cmTC_b42f0.dir/build
make[4]: Entering directory '/workspace/foxy_ws/build/uncrustify_vendor/uncrustify-0.68.1-prefix/src/uncrustify-0.68.1-build/CMakeFiles/CMakeTmp'
Building CXX object CMakeFiles/cmTC_b42f0.dir/CheckSymbolExists.cxx.o
/usr/bin/c++    -Wall -Wextra -Wshadow -Wpointer-arith -Wcast-qual -Wcast-align    -o CMakeFiles/cmTC_b42f0.dir/CheckSymbolExists.cxx.o -c /workspace/foxy_ws/build/uncrustify_vendor/uncrustify-0.68.1-prefix/src/uncrustify-0.68.1-build/CMakeFiles/CMakeTmp/CheckSymbolExists.cxx
Linking CXX executable cmTC_b42f0
/usr/bin/cmake -E cmake_link_script CMakeFiles/cmTC_b42f0.dir/link.txt --verbose=1
/usr/bin/c++   -Wall -Wextra -Wshadow -Wpointer-arith -Wcast-qual -Wcast-align     -rdynamic CMakeFiles/cmTC_b42f0.dir/CheckSymbolExists.cxx.o  -o cmTC_b42f0 
make[4]: Leaving directory '/workspace/foxy_ws/build/uncrustify_vendor/uncrustify-0.68.1-prefix/src/uncrustify-0.68.1-build/CMakeFiles/CMakeTmp'
make[3]: Leaving directory '/workspace/foxy_ws/build/uncrustify_vendor/uncrustify-0.68.1-prefix/src/uncrustify-0.68.1-build/CMakeFiles/CMakeTmp'


File /workspace/foxy_ws/build/uncrustify_vendor/uncrustify-0.68.1-prefix/src/uncrustify-0.68.1-build/CMakeFiles/CMakeTmp/CheckSymbolExists.cxx:
/* */
#include <inttypes.h>
#include <memory.h>
#include <stdint.h>
#include <stdlib.h>
#include <strings.h>
#include <string.h>
#include <sys/stat.h>
#include <sys/types.h>
#include <unistd.h>
#include <utime.h>

int main(int argc, char** argv)
{
  (void)argv;
#ifndef strtol
  return ((int*)(&strtol))[argc];
#else
  (void)argc;
  return 0;
#endif
}
Determining if the strtoul exist passed with the following output:
Change Dir: /workspace/foxy_ws/build/uncrustify_vendor/uncrustify-0.68.1-prefix/src/uncrustify-0.68.1-build/CMakeFiles/CMakeTmp

Run Build Command(s):/usr/bin/make cmTC_1df41/fast && make[3]: Entering directory '/workspace/foxy_ws/build/uncrustify_vendor/uncrustify-0.68.1-prefix/src/uncrustify-0.68.1-build/CMakeFiles/CMakeTmp'
/usr/bin/make -f CMakeFiles/cmTC_1df41.dir/build.make CMakeFiles/cmTC_1df41.dir/build
make[4]: Entering directory '/workspace/foxy_ws/build/uncrustify_vendor/uncrustify-0.68.1-prefix/src/uncrustify-0.68.1-build/CMakeFiles/CMakeTmp'
Building CXX object CMakeFiles/cmTC_1df41.dir/CheckSymbolExists.cxx.o
/usr/bin/c++    -Wall -Wextra -Wshadow -Wpointer-arith -Wcast-qual -Wcast-align    -o CMakeFiles/cmTC_1df41.dir/CheckSymbolExists.cxx.o -c /workspace/foxy_ws/build/uncrustify_vendor/uncrustify-0.68.1-prefix/src/uncrustify-0.68.1-build/CMakeFiles/CMakeTmp/CheckSymbolExists.cxx
Linking CXX executable cmTC_1df41
/usr/bin/cmake -E cmake_link_script CMakeFiles/cmTC_1df41.dir/link.txt --verbose=1
/usr/bin/c++   -Wall -Wextra -Wshadow -Wpointer-arith -Wcast-qual -Wcast-align     -rdynamic CMakeFiles/cmTC_1df41.dir/CheckSymbolExists.cxx.o  -o cmTC_1df41 
make[4]: Leaving directory '/workspace/foxy_ws/build/uncrustify_vendor/uncrustify-0.68.1-prefix/src/uncrustify-0.68.1-build/CMakeFiles/CMakeTmp'
make[3]: Leaving directory '/workspace/foxy_ws/build/uncrustify_vendor/uncrustify-0.68.1-prefix/src/uncrustify-0.68.1-build/CMakeFiles/CMakeTmp'


File /workspace/foxy_ws/build/uncrustify_vendor/uncrustify-0.68.1-prefix/src/uncrustify-0.68.1-build/CMakeFiles/CMakeTmp/CheckSymbolExists.cxx:
/* */
#include <inttypes.h>
#include <memory.h>
#include <stdint.h>
#include <stdlib.h>
#include <strings.h>
#include <string.h>
#include <sys/stat.h>
#include <sys/types.h>
#include <unistd.h>
#include <utime.h>

int main(int argc, char** argv)
{
  (void)argv;
#ifndef strtoul
  return ((int*)(&strtoul))[argc];
#else
  (void)argc;
  return 0;
#endif
}
Determining if the include file stddef.h exists passed with the following output:
Change Dir: /workspace/foxy_ws/build/uncrustify_vendor/uncrustify-0.68.1-prefix/src/uncrustify-0.68.1-build/CMakeFiles/CMakeTmp

Run Build Command(s):/usr/bin/make cmTC_a92c9/fast && make[3]: Entering directory '/workspace/foxy_ws/build/uncrustify_vendor/uncrustify-0.68.1-prefix/src/uncrustify-0.68.1-build/CMakeFiles/CMakeTmp'
/usr/bin/make -f CMakeFiles/cmTC_a92c9.dir/build.make CMakeFiles/cmTC_a92c9.dir/build
make[4]: Entering directory '/workspace/foxy_ws/build/uncrustify_vendor/uncrustify-0.68.1-prefix/src/uncrustify-0.68.1-build/CMakeFiles/CMakeTmp'
Building C object CMakeFiles/cmTC_a92c9.dir/CheckIncludeFile.c.o
/usr/bin/cc    -o CMakeFiles/cmTC_a92c9.dir/CheckIncludeFile.c.o   -c /workspace/foxy_ws/build/uncrustify_vendor/uncrustify-0.68.1-prefix/src/uncrustify-0.68.1-build/CMakeFiles/CMakeTmp/CheckIncludeFile.c
Linking C executable cmTC_a92c9
/usr/bin/cmake -E cmake_link_script CMakeFiles/cmTC_a92c9.dir/link.txt --verbose=1
/usr/bin/cc      -rdynamic CMakeFiles/cmTC_a92c9.dir/CheckIncludeFile.c.o  -o cmTC_a92c9 
make[4]: Leaving directory '/workspace/foxy_ws/build/uncrustify_vendor/uncrustify-0.68.1-prefix/src/uncrustify-0.68.1-build/CMakeFiles/CMakeTmp'
make[3]: Leaving directory '/workspace/foxy_ws/build/uncrustify_vendor/uncrustify-0.68.1-prefix/src/uncrustify-0.68.1-build/CMakeFiles/CMakeTmp'



Determining size of _Bool passed with the following output:
Change Dir: /workspace/foxy_ws/build/uncrustify_vendor/uncrustify-0.68.1-prefix/src/uncrustify-0.68.1-build/CMakeFiles/CMakeTmp

Run Build Command(s):/usr/bin/make cmTC_390fd/fast && make[3]: Entering directory '/workspace/foxy_ws/build/uncrustify_vendor/uncrustify-0.68.1-prefix/src/uncrustify-0.68.1-build/CMakeFiles/CMakeTmp'
/usr/bin/make -f CMakeFiles/cmTC_390fd.dir/build.make CMakeFiles/cmTC_390fd.dir/build
make[4]: Entering directory '/workspace/foxy_ws/build/uncrustify_vendor/uncrustify-0.68.1-prefix/src/uncrustify-0.68.1-build/CMakeFiles/CMakeTmp'
Building C object CMakeFiles/cmTC_390fd.dir/_BOOL.c.o
/usr/bin/cc    -o CMakeFiles/cmTC_390fd.dir/_BOOL.c.o   -c /workspace/foxy_ws/build/uncrustify_vendor/uncrustify-0.68.1-prefix/src/uncrustify-0.68.1-build/CMakeFiles/CheckTypeSize/_BOOL.c
Linking C executable cmTC_390fd
/usr/bin/cmake -E cmake_link_script CMakeFiles/cmTC_390fd.dir/link.txt --verbose=1
/usr/bin/cc      -rdynamic CMakeFiles/cmTC_390fd.dir/_BOOL.c.o  -o cmTC_390fd 
make[4]: Leaving directory '/workspace/foxy_ws/build/uncrustify_vendor/uncrustify-0.68.1-prefix/src/uncrustify-0.68.1-build/CMakeFiles/CMakeTmp'
make[3]: Leaving directory '/workspace/foxy_ws/build/uncrustify_vendor/uncrustify-0.68.1-prefix/src/uncrustify-0.68.1-build/CMakeFiles/CMakeTmp'



