[2.050s] Invoking command in '/workspace/foxy_ws/src/ament_lint/ament_xmllint': AMENT_PREFIX_PATH=/workspace/foxy_ws/install CMAKE_PREFIX_PATH=/workspace/foxy_ws/install LD_LIBRARY_PATH=/workspace/foxy_ws/install/lib PATH=/workspace/foxy_ws/install/bin:${PATH} PYTHONPATH=/workspace/foxy_ws/build/ament_xmllint/prefix_override:/workspace/foxy_ws/install/lib/python3.10/site-packages:/workspace/foxy_ws/install/lib/python3.10/site-packages /usr/bin/python3 -W ignore:setup.py install is deprecated setup.py egg_info --egg-base ../../../build/ament_xmllint build --build-base /workspace/foxy_ws/build/ament_xmllint/build install --record /workspace/foxy_ws/build/ament_xmllint/install.log --single-version-externally-managed install_data
[2.264s] running egg_info
[2.265s] creating ../../../build/ament_xmllint/ament_xmllint.egg-info
[2.266s] writing ../../../build/ament_xmllint/ament_xmllint.egg-info/PKG-INFO
[2.266s] writing dependency_links to ../../../build/ament_xmllint/ament_xmllint.egg-info/dependency_links.txt
[2.266s] writing entry points to ../../../build/ament_xmllint/ament_xmllint.egg-info/entry_points.txt
[2.267s] writing requirements to ../../../build/ament_xmllint/ament_xmllint.egg-info/requires.txt
[2.267s] writing top-level names to ../../../build/ament_xmllint/ament_xmllint.egg-info/top_level.txt
[2.267s] writing manifest file '../../../build/ament_xmllint/ament_xmllint.egg-info/SOURCES.txt'
[2.269s] reading manifest file '../../../build/ament_xmllint/ament_xmllint.egg-info/SOURCES.txt'
[2.270s] writing manifest file '../../../build/ament_xmllint/ament_xmllint.egg-info/SOURCES.txt'
[2.271s] running build
[2.271s] running build_py
[2.271s] creating /workspace/foxy_ws/build/ament_xmllint/build
[2.271s] creating /workspace/foxy_ws/build/ament_xmllint/build/lib
[2.272s] creating /workspace/foxy_ws/build/ament_xmllint/build/lib/ament_xmllint
[2.272s] copying ament_xmllint/main.py -> /workspace/foxy_ws/build/ament_xmllint/build/lib/ament_xmllint
[2.272s] copying ament_xmllint/pytest_marker.py -> /workspace/foxy_ws/build/ament_xmllint/build/lib/ament_xmllint
[2.274s] copying ament_xmllint/__init__.py -> /workspace/foxy_ws/build/ament_xmllint/build/lib/ament_xmllint
[2.274s] running install
[2.275s] running install_lib
[2.276s] creating /workspace/foxy_ws/install/lib/python3.10/site-packages/ament_xmllint
[2.276s] copying /workspace/foxy_ws/build/ament_xmllint/build/lib/ament_xmllint/main.py -> /workspace/foxy_ws/install/lib/python3.10/site-packages/ament_xmllint
[2.277s] copying /workspace/foxy_ws/build/ament_xmllint/build/lib/ament_xmllint/pytest_marker.py -> /workspace/foxy_ws/install/lib/python3.10/site-packages/ament_xmllint
[2.277s] copying /workspace/foxy_ws/build/ament_xmllint/build/lib/ament_xmllint/__init__.py -> /workspace/foxy_ws/install/lib/python3.10/site-packages/ament_xmllint
[2.278s] byte-compiling /workspace/foxy_ws/install/lib/python3.10/site-packages/ament_xmllint/main.py to main.cpython-310.pyc
[2.280s] byte-compiling /workspace/foxy_ws/install/lib/python3.10/site-packages/ament_xmllint/pytest_marker.py to pytest_marker.cpython-310.pyc
[2.280s] byte-compiling /workspace/foxy_ws/install/lib/python3.10/site-packages/ament_xmllint/__init__.py to __init__.cpython-310.pyc
[2.280s] running install_data
[2.280s] copying package.xml -> /workspace/foxy_ws/install/share/ament_xmllint
[2.281s] copying resource/ament_xmllint -> /workspace/foxy_ws/install/share/ament_index/resource_index/packages
[2.281s] running install_egg_info
[2.283s] Copying ../../../build/ament_xmllint/ament_xmllint.egg-info to /workspace/foxy_ws/install/lib/python3.10/site-packages/ament_xmllint-0.9.8-py3.10.egg-info
[2.285s] running install_scripts
[2.308s] Installing ament_xmllint script to /workspace/foxy_ws/install/bin
[2.309s] writing list of installed files to '/workspace/foxy_ws/build/ament_xmllint/install.log'
[2.387s] Invoked command in '/workspace/foxy_ws/src/ament_lint/ament_xmllint' returned '0': AMENT_PREFIX_PATH=/workspace/foxy_ws/install CMAKE_PREFIX_PATH=/workspace/foxy_ws/install LD_LIBRARY_PATH=/workspace/foxy_ws/install/lib PATH=/workspace/foxy_ws/install/bin:${PATH} PYTHONPATH=/workspace/foxy_ws/build/ament_xmllint/prefix_override:/workspace/foxy_ws/install/lib/python3.10/site-packages:/workspace/foxy_ws/install/lib/python3.10/site-packages /usr/bin/python3 -W ignore:setup.py install is deprecated setup.py egg_info --egg-base ../../../build/ament_xmllint build --build-base /workspace/foxy_ws/build/ament_xmllint/build install --record /workspace/foxy_ws/build/ament_xmllint/install.log --single-version-externally-managed install_data
