[0.218s] Invoking command in '/workspace/foxy_ws/build/ament_cmake_libraries': AMENT_PREFIX_PATH=/workspace/foxy_ws/install CMAKE_PREFIX_PATH=/workspace/foxy_ws/install PATH=/workspace/foxy_ws/install/bin:${PATH} PYTHONPATH=/workspace/foxy_ws/install/lib/python3.10/site-packages /usr/bin/cmake /workspace/foxy_ws/src/ament_cmake/ament_cmake_libraries -DCMAKE_INSTALL_PREFIX=/workspace/foxy_ws/install
[0.450s] -- Found ament_cmake_core: 0.9.12 (/workspace/foxy_ws/install/share/ament_cmake_core/cmake)
[0.475s] -- Found PythonInterp: /usr/bin/python3 (found suitable version "3.10.14", minimum required is "3") 
[0.475s] -- Using PYTHON_EXECUTABLE: /usr/bin/python3
[1.332s] -- Configuring done
[1.332s] -- Generating done
[1.332s] -- Build files have been written to: /workspace/foxy_ws/build/ament_cmake_libraries
[1.349s] Invoked command in '/workspace/foxy_ws/build/ament_cmake_libraries' returned '0': AMENT_PREFIX_PATH=/workspace/foxy_ws/install CMAKE_PREFIX_PATH=/workspace/foxy_ws/install PATH=/workspace/foxy_ws/install/bin:${PATH} PYTHONPATH=/workspace/foxy_ws/install/lib/python3.10/site-packages /usr/bin/cmake /workspace/foxy_ws/src/ament_cmake/ament_cmake_libraries -DCMAKE_INSTALL_PREFIX=/workspace/foxy_ws/install
[1.350s] Invoking command in '/workspace/foxy_ws/build/ament_cmake_libraries': AMENT_PREFIX_PATH=/workspace/foxy_ws/install CMAKE_PREFIX_PATH=/workspace/foxy_ws/install PATH=/workspace/foxy_ws/install/bin:${PATH} PYTHONPATH=/workspace/foxy_ws/install/lib/python3.10/site-packages /usr/bin/cmake --build /workspace/foxy_ws/build/ament_cmake_libraries -- -j12 -l12
[1.494s] Invoked command in '/workspace/foxy_ws/build/ament_cmake_libraries' returned '0': AMENT_PREFIX_PATH=/workspace/foxy_ws/install CMAKE_PREFIX_PATH=/workspace/foxy_ws/install PATH=/workspace/foxy_ws/install/bin:${PATH} PYTHONPATH=/workspace/foxy_ws/install/lib/python3.10/site-packages /usr/bin/cmake --build /workspace/foxy_ws/build/ament_cmake_libraries -- -j12 -l12
[2.129s] Invoking command in '/workspace/foxy_ws/build/ament_cmake_libraries': AMENT_PREFIX_PATH=/workspace/foxy_ws/install CMAKE_PREFIX_PATH=/workspace/foxy_ws/install PATH=/workspace/foxy_ws/install/bin:${PATH} PYTHONPATH=/workspace/foxy_ws/install/lib/python3.10/site-packages /usr/bin/cmake --install /workspace/foxy_ws/build/ament_cmake_libraries
[2.317s] -- Install configuration: ""
[2.317s] -- Installing: /workspace/foxy_ws/install/share/ament_index/resource_index/package_run_dependencies/ament_cmake_libraries
[2.317s] -- Installing: /workspace/foxy_ws/install/share/ament_index/resource_index/parent_prefix_path/ament_cmake_libraries
[2.317s] -- Installing: /workspace/foxy_ws/install/share/ament_cmake_libraries/environment/ament_prefix_path.sh
[2.317s] -- Installing: /workspace/foxy_ws/install/share/ament_cmake_libraries/environment/ament_prefix_path.dsv
[2.317s] -- Installing: /workspace/foxy_ws/install/share/ament_cmake_libraries/environment/path.sh
[2.317s] -- Installing: /workspace/foxy_ws/install/share/ament_cmake_libraries/environment/path.dsv
[2.317s] -- Installing: /workspace/foxy_ws/install/share/ament_cmake_libraries/local_setup.bash
[2.317s] -- Installing: /workspace/foxy_ws/install/share/ament_cmake_libraries/local_setup.sh
[2.318s] -- Installing: /workspace/foxy_ws/install/share/ament_cmake_libraries/local_setup.zsh
[2.318s] -- Installing: /workspace/foxy_ws/install/share/ament_cmake_libraries/local_setup.dsv
[2.318s] -- Installing: /workspace/foxy_ws/install/share/ament_cmake_libraries/package.dsv
[2.318s] -- Installing: /workspace/foxy_ws/install/share/ament_index/resource_index/packages/ament_cmake_libraries
[2.318s] -- Installing: /workspace/foxy_ws/install/share/ament_cmake_libraries/cmake/ament_cmake_libraries-extras.cmake
[2.318s] -- Installing: /workspace/foxy_ws/install/share/ament_cmake_libraries/cmake/ament_cmake_librariesConfig.cmake
[2.318s] -- Installing: /workspace/foxy_ws/install/share/ament_cmake_libraries/cmake/ament_cmake_librariesConfig-version.cmake
[2.318s] -- Installing: /workspace/foxy_ws/install/share/ament_cmake_libraries/package.xml
[2.318s] -- Up-to-date: /workspace/foxy_ws/install/share/ament_cmake_libraries/cmake
[2.318s] -- Installing: /workspace/foxy_ws/install/share/ament_cmake_libraries/cmake/ament_libraries_unpack_build_configuration.cmake
[2.318s] -- Installing: /workspace/foxy_ws/install/share/ament_cmake_libraries/cmake/ament_libraries_pack_build_configuration.cmake
[2.318s] -- Installing: /workspace/foxy_ws/install/share/ament_cmake_libraries/cmake/ament_libraries_deduplicate.cmake
[2.319s] Invoked command in '/workspace/foxy_ws/build/ament_cmake_libraries' returned '0': AMENT_PREFIX_PATH=/workspace/foxy_ws/install CMAKE_PREFIX_PATH=/workspace/foxy_ws/install PATH=/workspace/foxy_ws/install/bin:${PATH} PYTHONPATH=/workspace/foxy_ws/install/lib/python3.10/site-packages /usr/bin/cmake --install /workspace/foxy_ws/build/ament_cmake_libraries
