[0.243s] Invoking command in '/workspace/foxy_ws/build/ament_cmake_python': AMENT_PREFIX_PATH=/workspace/foxy_ws/install CMAKE_PREFIX_PATH=/workspace/foxy_ws/install PATH=/workspace/foxy_ws/install/bin:${PATH} PYTHONPATH=/workspace/foxy_ws/install/lib/python3.10/site-packages /usr/bin/cmake /workspace/foxy_ws/src/ament_cmake/ament_cmake_python -DCMAKE_INSTALL_PREFIX=/workspace/foxy_ws/install
[0.377s] -- Found ament_cmake_core: 0.9.12 (/workspace/foxy_ws/install/share/ament_cmake_core/cmake)
[0.435s] -- Found PythonInterp: /usr/bin/python3 (found suitable version "3.10.14", minimum required is "3") 
[0.436s] -- Using PYTHON_EXECUTABLE: /usr/bin/python3
[1.408s] -- Configuring done
[1.409s] -- Generating done
[1.409s] -- Build files have been written to: /workspace/foxy_ws/build/ament_cmake_python
[1.504s] Invoked command in '/workspace/foxy_ws/build/ament_cmake_python' returned '0': AMENT_PREFIX_PATH=/workspace/foxy_ws/install CMAKE_PREFIX_PATH=/workspace/foxy_ws/install PATH=/workspace/foxy_ws/install/bin:${PATH} PYTHONPATH=/workspace/foxy_ws/install/lib/python3.10/site-packages /usr/bin/cmake /workspace/foxy_ws/src/ament_cmake/ament_cmake_python -DCMAKE_INSTALL_PREFIX=/workspace/foxy_ws/install
[1.505s] Invoking command in '/workspace/foxy_ws/build/ament_cmake_python': AMENT_PREFIX_PATH=/workspace/foxy_ws/install CMAKE_PREFIX_PATH=/workspace/foxy_ws/install PATH=/workspace/foxy_ws/install/bin:${PATH} PYTHONPATH=/workspace/foxy_ws/install/lib/python3.10/site-packages /usr/bin/cmake --build /workspace/foxy_ws/build/ament_cmake_python -- -j12 -l12
[1.928s] Invoked command in '/workspace/foxy_ws/build/ament_cmake_python' returned '0': AMENT_PREFIX_PATH=/workspace/foxy_ws/install CMAKE_PREFIX_PATH=/workspace/foxy_ws/install PATH=/workspace/foxy_ws/install/bin:${PATH} PYTHONPATH=/workspace/foxy_ws/install/lib/python3.10/site-packages /usr/bin/cmake --build /workspace/foxy_ws/build/ament_cmake_python -- -j12 -l12
[2.340s] Invoking command in '/workspace/foxy_ws/build/ament_cmake_python': AMENT_PREFIX_PATH=/workspace/foxy_ws/install CMAKE_PREFIX_PATH=/workspace/foxy_ws/install PATH=/workspace/foxy_ws/install/bin:${PATH} PYTHONPATH=/workspace/foxy_ws/install/lib/python3.10/site-packages /usr/bin/cmake --install /workspace/foxy_ws/build/ament_cmake_python
[2.421s] -- Install configuration: ""
[2.421s] -- Installing: /workspace/foxy_ws/install/share/ament_index/resource_index/package_run_dependencies/ament_cmake_python
[2.421s] -- Installing: /workspace/foxy_ws/install/share/ament_index/resource_index/parent_prefix_path/ament_cmake_python
[2.421s] -- Installing: /workspace/foxy_ws/install/share/ament_cmake_python/environment/ament_prefix_path.sh
[2.421s] -- Installing: /workspace/foxy_ws/install/share/ament_cmake_python/environment/ament_prefix_path.dsv
[2.421s] -- Installing: /workspace/foxy_ws/install/share/ament_cmake_python/environment/path.sh
[2.421s] -- Installing: /workspace/foxy_ws/install/share/ament_cmake_python/environment/path.dsv
[2.421s] -- Installing: /workspace/foxy_ws/install/share/ament_cmake_python/local_setup.bash
[2.421s] -- Installing: /workspace/foxy_ws/install/share/ament_cmake_python/local_setup.sh
[2.422s] -- Installing: /workspace/foxy_ws/install/share/ament_cmake_python/local_setup.zsh
[2.422s] -- Installing: /workspace/foxy_ws/install/share/ament_cmake_python/local_setup.dsv
[2.422s] -- Installing: /workspace/foxy_ws/install/share/ament_cmake_python/package.dsv
[2.422s] -- Installing: /workspace/foxy_ws/install/share/ament_index/resource_index/packages/ament_cmake_python
[2.422s] -- Installing: /workspace/foxy_ws/install/share/ament_cmake_python/cmake/ament_cmake_python-extras.cmake
[2.422s] -- Installing: /workspace/foxy_ws/install/share/ament_cmake_python/cmake/ament_cmake_pythonConfig.cmake
[2.422s] -- Installing: /workspace/foxy_ws/install/share/ament_cmake_python/cmake/ament_cmake_pythonConfig-version.cmake
[2.422s] -- Installing: /workspace/foxy_ws/install/share/ament_cmake_python/package.xml
[2.422s] -- Up-to-date: /workspace/foxy_ws/install/share/ament_cmake_python/cmake
[2.422s] -- Installing: /workspace/foxy_ws/install/share/ament_cmake_python/cmake/ament_python_install_module.cmake
[2.468s] -- Installing: /workspace/foxy_ws/install/share/ament_cmake_python/cmake/ament_python_install_package.cmake
[2.555s] Invoked command in '/workspace/foxy_ws/build/ament_cmake_python' returned '0': AMENT_PREFIX_PATH=/workspace/foxy_ws/install CMAKE_PREFIX_PATH=/workspace/foxy_ws/install PATH=/workspace/foxy_ws/install/bin:${PATH} PYTHONPATH=/workspace/foxy_ws/install/lib/python3.10/site-packages /usr/bin/cmake --install /workspace/foxy_ws/build/ament_cmake_python
