/workspace/foxy_ws/install/lib/python3.10/site-packages/ament_package/templates.py
/workspace/foxy_ws/install/lib/python3.10/site-packages/ament_package/__init__.py
/workspace/foxy_ws/install/lib/python3.10/site-packages/ament_package/template/environment_hook/path.bat
/workspace/foxy_ws/install/lib/python3.10/site-packages/ament_package/template/environment_hook/library_path.sh
/workspace/foxy_ws/install/lib/python3.10/site-packages/ament_package/template/environment_hook/pkg_config_path.sh
/workspace/foxy_ws/install/lib/python3.10/site-packages/ament_package/template/environment_hook/path.sh
/workspace/foxy_ws/install/lib/python3.10/site-packages/ament_package/template/environment_hook/pkg_config_path.bat
/workspace/foxy_ws/install/lib/python3.10/site-packages/ament_package/template/environment_hook/pythonpath.bat.in
/workspace/foxy_ws/install/lib/python3.10/site-packages/ament_package/template/environment_hook/ament_prefix_path.bat
/workspace/foxy_ws/install/lib/python3.10/site-packages/ament_package/template/environment_hook/pythonpath.sh.in
/workspace/foxy_ws/install/lib/python3.10/site-packages/ament_package/template/environment_hook/ament_prefix_path.sh
/workspace/foxy_ws/install/lib/python3.10/site-packages/ament_package/template/isolated_prefix_level/local_setup.bash
/workspace/foxy_ws/install/lib/python3.10/site-packages/ament_package/template/isolated_prefix_level/local_setup.bat.in
/workspace/foxy_ws/install/lib/python3.10/site-packages/ament_package/template/isolated_prefix_level/_order_isolated_packages.py
/workspace/foxy_ws/install/lib/python3.10/site-packages/ament_package/template/isolated_prefix_level/local_setup.sh.in
/workspace/foxy_ws/install/lib/python3.10/site-packages/ament_package/template/isolated_prefix_level/local_setup.zsh
/workspace/foxy_ws/install/lib/python3.10/site-packages/ament_package/template/package_level/local_setup.bat.in
/workspace/foxy_ws/install/lib/python3.10/site-packages/ament_package/template/package_level/local_setup.bash.in
/workspace/foxy_ws/install/lib/python3.10/site-packages/ament_package/template/package_level/local_setup.zsh.in
/workspace/foxy_ws/install/lib/python3.10/site-packages/ament_package/template/package_level/local_setup.sh.in
/workspace/foxy_ws/install/lib/python3.10/site-packages/ament_package/template/prefix_level/setup.sh.in
/workspace/foxy_ws/install/lib/python3.10/site-packages/ament_package/template/prefix_level/local_setup.bash
/workspace/foxy_ws/install/lib/python3.10/site-packages/ament_package/template/prefix_level/setup.bat.in
/workspace/foxy_ws/install/lib/python3.10/site-packages/ament_package/template/prefix_level/_local_setup_util.py
/workspace/foxy_ws/install/lib/python3.10/site-packages/ament_package/template/prefix_level/local_setup.bat.in
/workspace/foxy_ws/install/lib/python3.10/site-packages/ament_package/template/prefix_level/setup.zsh
/workspace/foxy_ws/install/lib/python3.10/site-packages/ament_package/template/prefix_level/setup.bash
/workspace/foxy_ws/install/lib/python3.10/site-packages/ament_package/template/prefix_level/local_setup.sh.in
/workspace/foxy_ws/install/lib/python3.10/site-packages/ament_package/template/prefix_level/local_setup.zsh
/workspace/foxy_ws/install/lib/python3.10/site-packages/ament_package/__pycache__/templates.cpython-310.pyc
/workspace/foxy_ws/install/lib/python3.10/site-packages/ament_package/__pycache__/__init__.cpython-310.pyc
/workspace/foxy_ws/install/lib/python3.10/site-packages/ament_package/template/isolated_prefix_level/__pycache__/_order_isolated_packages.cpython-310.pyc
/workspace/foxy_ws/install/lib/python3.10/site-packages/ament_package/template/prefix_level/__pycache__/_local_setup_util.cpython-310.pyc
/workspace/foxy_ws/install/share/ament_package/package.xml
/workspace/foxy_ws/install/share/ament_index/resource_index/packages/ament_package
/workspace/foxy_ws/install/lib/python3.10/site-packages/ament_package-0.9.5-py3.10.egg-info/dependency_links.txt
/workspace/foxy_ws/install/lib/python3.10/site-packages/ament_package-0.9.5-py3.10.egg-info/zip-safe
/workspace/foxy_ws/install/lib/python3.10/site-packages/ament_package-0.9.5-py3.10.egg-info/top_level.txt
/workspace/foxy_ws/install/lib/python3.10/site-packages/ament_package-0.9.5-py3.10.egg-info/SOURCES.txt
/workspace/foxy_ws/install/lib/python3.10/site-packages/ament_package-0.9.5-py3.10.egg-info/PKG-INFO
