-- The C compiler identification is GNU 9.4.0
-- The CXX compiler identification is GNU 9.4.0
-- Check for working C compiler: /usr/bin/cc
-- Check for working C compiler: /usr/bin/cc -- works
-- Detecting C compiler ABI info
-- Detecting C compiler ABI info - done
-- Detecting C compile features
-- Detecting C compile features - done
-- Check for working CXX compiler: /usr/bin/c++
-- Check for working CXX compiler: /usr/bin/c++ -- works
-- Detecting CXX compiler ABI info
-- Detecting CXX compiler ABI info - done
-- Detecting CXX compile features
-- Detecting CXX compile features - done
-- Found ament_cmake_ros: 0.9.2 (/workspace/foxy_ws/install/share/ament_cmake_ros/cmake)
-- Found PythonInterp: /usr/bin/python3 (found suitable version "3.10.14", minimum required is "3") 
-- Using PYTHON_EXECUTABLE: /usr/bin/python3
-- Found rcpputils: 1.3.2 (/workspace/foxy_ws/install/share/rcpputils/cmake)
-- Found rmw_dds_common: 1.0.3 (/workspace/foxy_ws/install/share/rmw_dds_common/cmake)
-- Using all available rosidl_typesupport_c: rosidl_typesupport_fastrtps_c;rosidl_typesupport_introspection_c
-- Found rosidl_adapter: 1.3.1 (/workspace/foxy_ws/install/share/rosidl_adapter/cmake)
-- Found OpenSSL: /usr/lib/x86_64-linux-gnu/libcrypto.so (found version "1.1.1f")  
-- Found FastRTPS: /workspace/foxy_ws/install/include  
-- Using all available rosidl_typesupport_cpp: rosidl_typesupport_fastrtps_cpp;rosidl_typesupport_introspection_cpp
-- Found rmw_fastrtps_shared_cpp: 1.3.2 (/workspace/foxy_ws/install/share/rmw_fastrtps_shared_cpp/cmake)
-- Found ament_lint_auto: 0.9.8 (/workspace/foxy_ws/install/share/ament_lint_auto/cmake)
-- Found gtest sources under '/workspace/foxy_ws/install/src/gtest_vendor': C++ tests using 'Google Test' will be built
-- Looking for pthread.h
-- Looking for pthread.h - found
-- Performing Test CMAKE_HAVE_LIBC_PTHREAD
-- Performing Test CMAKE_HAVE_LIBC_PTHREAD - Failed
-- Check if compiler accepts -pthread
-- Check if compiler accepts -pthread - yes
-- Found Threads: TRUE  
-- Added test 'copyright' to check source files copyright and LICENSE
-- Added test 'cppcheck' to perform static code analysis on C / C++ code
-- Configured cppcheck include dirs: /workspace/foxy_ws/src/rmw_fastrtps/rmw_fastrtps_cpp/include
-- Configured cppcheck exclude dirs and/or files: 
-- Added test 'cpplint' to check C / C++ code against the Google style
-- Configured cpplint exclude dirs and/or files: 
-- Added test 'lint_cmake' to check CMake code style
-- Added test 'uncrustify' to check C / C++ code style
-- Configured uncrustify additional arguments: 
-- Added test 'xmllint' to check XML markup files
-- Configuring done
-- Generating done
-- Build files have been written to: /workspace/foxy_ws/build/rmw_fastrtps_cpp
Scanning dependencies of target gtest_main
Scanning dependencies of target gtest
[  2%] Building CXX object gtest/CMakeFiles/gtest_main.dir/src/gtest_main.cc.o
[  4%] Building CXX object gtest/CMakeFiles/gtest.dir/src/gtest-all.cc.o
Scanning dependencies of target rmw_fastrtps_cpp
[ 10%] Building CXX object CMakeFiles/rmw_fastrtps_cpp.dir/src/get_publisher.cpp.o
[ 10%] Building CXX object CMakeFiles/rmw_fastrtps_cpp.dir/src/get_participant.cpp.o
[ 10%] Building CXX object CMakeFiles/rmw_fastrtps_cpp.dir/src/get_client.cpp.o
[ 12%] Building CXX object CMakeFiles/rmw_fastrtps_cpp.dir/src/get_service.cpp.o
[ 14%] Linking CXX static library libgtest_main.a
[ 14%] Built target gtest_main
[ 16%] Building CXX object CMakeFiles/rmw_fastrtps_cpp.dir/src/rmw_client.cpp.o
[ 18%] Building CXX object CMakeFiles/rmw_fastrtps_cpp.dir/src/rmw_compare_gids_equal.cpp.o
[ 20%] Building CXX object CMakeFiles/rmw_fastrtps_cpp.dir/src/rmw_logging.cpp.o
[ 22%] Building CXX object CMakeFiles/rmw_fastrtps_cpp.dir/src/rmw_count.cpp.o
[ 25%] Building CXX object CMakeFiles/rmw_fastrtps_cpp.dir/src/publisher.cpp.o
[ 27%] Building CXX object CMakeFiles/rmw_fastrtps_cpp.dir/src/init_rmw_context_impl.cpp.o
[ 29%] Building CXX object CMakeFiles/rmw_fastrtps_cpp.dir/src/rmw_event.cpp.o
[ 31%] Building CXX object CMakeFiles/rmw_fastrtps_cpp.dir/src/rmw_get_gid_for_publisher.cpp.o
[ 33%] Building CXX object CMakeFiles/rmw_fastrtps_cpp.dir/src/identifier.cpp.o
[ 35%] Building CXX object CMakeFiles/rmw_fastrtps_cpp.dir/src/rmw_get_implementation_identifier.cpp.o
[ 37%] Building CXX object CMakeFiles/rmw_fastrtps_cpp.dir/src/rmw_get_topic_endpoint_info.cpp.o
[ 39%] Building CXX object CMakeFiles/rmw_fastrtps_cpp.dir/src/rmw_guard_condition.cpp.o
[ 43%] Building CXX object CMakeFiles/rmw_fastrtps_cpp.dir/src/rmw_node.cpp.o
[ 43%] Building CXX object CMakeFiles/rmw_fastrtps_cpp.dir/src/rmw_init.cpp.o
[ 45%] Building CXX object CMakeFiles/rmw_fastrtps_cpp.dir/src/rmw_node_info_and_types.cpp.o
[ 47%] Linking CXX static library libgtest.a
[ 47%] Built target gtest
[ 50%] Building CXX object CMakeFiles/rmw_fastrtps_cpp.dir/src/rmw_service_server_is_available.cpp.o
[ 52%] Building CXX object CMakeFiles/rmw_fastrtps_cpp.dir/src/rmw_subscription.cpp.o
[ 54%] Building CXX object CMakeFiles/rmw_fastrtps_cpp.dir/src/rmw_take.cpp.o
[ 56%] Building CXX object CMakeFiles/rmw_fastrtps_cpp.dir/src/rmw_topic_names_and_types.cpp.o
[ 58%] Building CXX object CMakeFiles/rmw_fastrtps_cpp.dir/src/rmw_trigger_guard_condition.cpp.o
[ 60%] Building CXX object CMakeFiles/rmw_fastrtps_cpp.dir/src/rmw_wait.cpp.o
[ 62%] Building CXX object CMakeFiles/rmw_fastrtps_cpp.dir/src/rmw_wait_set.cpp.o
[ 64%] Building CXX object CMakeFiles/rmw_fastrtps_cpp.dir/src/serialization_format.cpp.o
[ 66%] Building CXX object CMakeFiles/rmw_fastrtps_cpp.dir/src/subscription.cpp.o
[ 75%] Building CXX object CMakeFiles/rmw_fastrtps_cpp.dir/src/rmw_service.cpp.o
[ 75%] Building CXX object CMakeFiles/rmw_fastrtps_cpp.dir/src/type_support_common.cpp.o
[ 75%] Building CXX object CMakeFiles/rmw_fastrtps_cpp.dir/src/rmw_service_names_and_types.cpp.o
[ 75%] Building CXX object CMakeFiles/rmw_fastrtps_cpp.dir/src/rmw_serialize.cpp.o
[ 77%] Building CXX object CMakeFiles/rmw_fastrtps_cpp.dir/src/rmw_response.cpp.o
[ 79%] Building CXX object CMakeFiles/rmw_fastrtps_cpp.dir/src/rmw_request.cpp.o
[ 81%] Building CXX object CMakeFiles/rmw_fastrtps_cpp.dir/src/rmw_publisher.cpp.o
[ 83%] Building CXX object CMakeFiles/rmw_fastrtps_cpp.dir/src/rmw_node_names.cpp.o
[ 85%] Building CXX object CMakeFiles/rmw_fastrtps_cpp.dir/src/rmw_publish.cpp.o
[ 87%] Building CXX object CMakeFiles/rmw_fastrtps_cpp.dir/src/rmw_get_serialization_format.cpp.o
[ 89%] Building CXX object CMakeFiles/rmw_fastrtps_cpp.dir/src/get_subscriber.cpp.o
[ 91%] Linking CXX shared library librmw_fastrtps_cpp.so
[ 91%] Built target rmw_fastrtps_cpp
Scanning dependencies of target test_logging
[ 93%] Building CXX object CMakeFiles/test_logging.dir/test/test_logging.cpp.o
Scanning dependencies of target test_get_native_entities
[ 95%] Building CXX object CMakeFiles/test_get_native_entities.dir/test/test_get_native_entities.cpp.o
[ 97%] Linking CXX executable test_logging
[ 97%] Built target test_logging
[100%] Linking CXX executable test_get_native_entities
[100%] Built target test_get_native_entities
-- Install configuration: ""
-- Installing: /workspace/foxy_ws/install/share/rmw_fastrtps_cpp/environment/library_path.sh
-- Installing: /workspace/foxy_ws/install/share/rmw_fastrtps_cpp/environment/library_path.dsv
-- Installing: /workspace/foxy_ws/install/share/ament_index/resource_index/rmw_typesupport_c/rmw_fastrtps_cpp
-- Installing: /workspace/foxy_ws/install/share/ament_index/resource_index/rmw_typesupport_cpp/rmw_fastrtps_cpp
-- Installing: /workspace/foxy_ws/install/share/ament_index/resource_index/rmw_typesupport/rmw_fastrtps_cpp
-- Installing: /workspace/foxy_ws/install/share/ament_index/resource_index/package_run_dependencies/rmw_fastrtps_cpp
-- Installing: /workspace/foxy_ws/install/share/ament_index/resource_index/parent_prefix_path/rmw_fastrtps_cpp
-- Installing: /workspace/foxy_ws/install/share/rmw_fastrtps_cpp/environment/ament_prefix_path.sh
-- Installing: /workspace/foxy_ws/install/share/rmw_fastrtps_cpp/environment/ament_prefix_path.dsv
-- Installing: /workspace/foxy_ws/install/share/rmw_fastrtps_cpp/environment/path.sh
-- Installing: /workspace/foxy_ws/install/share/rmw_fastrtps_cpp/environment/path.dsv
-- Installing: /workspace/foxy_ws/install/share/rmw_fastrtps_cpp/local_setup.bash
-- Installing: /workspace/foxy_ws/install/share/rmw_fastrtps_cpp/local_setup.sh
-- Installing: /workspace/foxy_ws/install/share/rmw_fastrtps_cpp/local_setup.zsh
-- Installing: /workspace/foxy_ws/install/share/rmw_fastrtps_cpp/local_setup.dsv
-- Installing: /workspace/foxy_ws/install/share/rmw_fastrtps_cpp/package.dsv
-- Installing: /workspace/foxy_ws/install/share/ament_index/resource_index/packages/rmw_fastrtps_cpp
-- Installing: /workspace/foxy_ws/install/share/rmw_fastrtps_cpp/cmake/ament_cmake_export_include_directories-extras.cmake
-- Installing: /workspace/foxy_ws/install/share/rmw_fastrtps_cpp/cmake/ament_cmake_export_libraries-extras.cmake
-- Installing: /workspace/foxy_ws/install/share/rmw_fastrtps_cpp/cmake/ament_cmake_export_dependencies-extras.cmake
-- Installing: /workspace/foxy_ws/install/share/rmw_fastrtps_cpp/cmake/rmw_fastrtps_cpp-extras.cmake
-- Installing: /workspace/foxy_ws/install/share/rmw_fastrtps_cpp/cmake/rmw_fastrtps_cppConfig.cmake
-- Installing: /workspace/foxy_ws/install/share/rmw_fastrtps_cpp/cmake/rmw_fastrtps_cppConfig-version.cmake
-- Installing: /workspace/foxy_ws/install/share/rmw_fastrtps_cpp/package.xml
-- Up-to-date: /workspace/foxy_ws/install/include
-- Installing: /workspace/foxy_ws/install/include/rmw_fastrtps_cpp
-- Installing: /workspace/foxy_ws/install/include/rmw_fastrtps_cpp/get_participant.hpp
-- Installing: /workspace/foxy_ws/install/include/rmw_fastrtps_cpp/identifier.hpp
-- Installing: /workspace/foxy_ws/install/include/rmw_fastrtps_cpp/get_client.hpp
-- Installing: /workspace/foxy_ws/install/include/rmw_fastrtps_cpp/get_subscriber.hpp
-- Installing: /workspace/foxy_ws/install/include/rmw_fastrtps_cpp/get_publisher.hpp
-- Installing: /workspace/foxy_ws/install/include/rmw_fastrtps_cpp/init_rmw_context_impl.hpp
-- Installing: /workspace/foxy_ws/install/include/rmw_fastrtps_cpp/publisher.hpp
-- Installing: /workspace/foxy_ws/install/include/rmw_fastrtps_cpp/visibility_control.h
-- Installing: /workspace/foxy_ws/install/include/rmw_fastrtps_cpp/get_service.hpp
-- Installing: /workspace/foxy_ws/install/include/rmw_fastrtps_cpp/ServiceTypeSupport.hpp
-- Installing: /workspace/foxy_ws/install/include/rmw_fastrtps_cpp/serialization_format.hpp
-- Installing: /workspace/foxy_ws/install/include/rmw_fastrtps_cpp/MessageTypeSupport.hpp
-- Installing: /workspace/foxy_ws/install/include/rmw_fastrtps_cpp/subscription.hpp
-- Installing: /workspace/foxy_ws/install/include/rmw_fastrtps_cpp/TypeSupport.hpp
-- Installing: /workspace/foxy_ws/install/lib/librmw_fastrtps_cpp.so
-- Set runtime path of "/workspace/foxy_ws/install/lib/librmw_fastrtps_cpp.so" to ""
