[2.296s] Invoking command in '/workspace/foxy_ws/build/rmw_fastrtps_cpp': AMENT_PREFIX_PATH=/workspace/foxy_ws/install CMAKE_PREFIX_PATH=/workspace/foxy_ws/install LD_LIBRARY_PATH=/workspace/foxy_ws/install/lib PATH=/workspace/foxy_ws/install/bin:${PATH} PKG_CONFIG_PATH=/workspace/foxy_ws/install/lib/x86_64-linux-gnu/pkgconfig:/workspace/foxy_ws/install/lib/pkgconfig PYTHONPATH=/workspace/foxy_ws/install/lib/python3.10/site-packages /usr/bin/cmake /workspace/foxy_ws/src/rmw_fastrtps/rmw_fastrtps_cpp -DCMAKE_INSTALL_PREFIX=/workspace/foxy_ws/install
[2.361s] -- The C compiler identification is GNU 9.4.0
[2.427s] -- The CXX compiler identification is GNU 9.4.0
[2.433s] -- Check for working C compiler: /usr/bin/cc
[2.684s] -- Check for working C compiler: /usr/bin/cc -- works
[2.684s] -- Detecting C compiler ABI info
[3.056s] -- Detecting C compiler ABI info - done
[3.070s] -- Detecting C compile features
[3.070s] -- Detecting C compile features - done
[3.073s] -- Check for working CXX compiler: /usr/bin/c++
[3.298s] -- Check for working CXX compiler: /usr/bin/c++ -- works
[3.299s] -- Detecting CXX compiler ABI info
[3.491s] -- Detecting CXX compiler ABI info - done
[3.510s] -- Detecting CXX compile features
[3.568s] -- Detecting CXX compile features - done
[3.568s] -- Found ament_cmake_ros: 0.9.2 (/workspace/foxy_ws/install/share/ament_cmake_ros/cmake)
[3.603s] -- Found PythonInterp: /usr/bin/python3 (found suitable version "3.10.14", minimum required is "3") 
[3.603s] -- Using PYTHON_EXECUTABLE: /usr/bin/python3
[3.963s] -- Found rcpputils: 1.3.2 (/workspace/foxy_ws/install/share/rcpputils/cmake)
[3.980s] -- Found rmw_dds_common: 1.0.3 (/workspace/foxy_ws/install/share/rmw_dds_common/cmake)
[4.001s] -- Using all available rosidl_typesupport_c: rosidl_typesupport_fastrtps_c;rosidl_typesupport_introspection_c
[4.007s] -- Found rosidl_adapter: 1.3.1 (/workspace/foxy_ws/install/share/rosidl_adapter/cmake)
[4.025s] -- Found OpenSSL: /usr/lib/x86_64-linux-gnu/libcrypto.so (found version "1.1.1f")  
[4.043s] -- Found FastRTPS: /workspace/foxy_ws/install/include  
[4.106s] -- Using all available rosidl_typesupport_cpp: rosidl_typesupport_fastrtps_cpp;rosidl_typesupport_introspection_cpp
[4.149s] -- Found rmw_fastrtps_shared_cpp: 1.3.2 (/workspace/foxy_ws/install/share/rmw_fastrtps_shared_cpp/cmake)
[4.227s] -- Found ament_lint_auto: 0.9.8 (/workspace/foxy_ws/install/share/ament_lint_auto/cmake)
[4.618s] -- Found gtest sources under '/workspace/foxy_ws/install/src/gtest_vendor': C++ tests using 'Google Test' will be built
[4.622s] -- Looking for pthread.h
[4.750s] -- Looking for pthread.h - found
[4.750s] -- Performing Test CMAKE_HAVE_LIBC_PTHREAD
[4.839s] -- Performing Test CMAKE_HAVE_LIBC_PTHREAD - Failed
[4.839s] -- Check if compiler accepts -pthread
[4.907s] -- Check if compiler accepts -pthread - yes
[4.909s] -- Found Threads: TRUE  
[4.919s] -- Added test 'copyright' to check source files copyright and LICENSE
[4.928s] -- Added test 'cppcheck' to perform static code analysis on C / C++ code
[4.929s] -- Configured cppcheck include dirs: /workspace/foxy_ws/src/rmw_fastrtps/rmw_fastrtps_cpp/include
[4.929s] -- Configured cppcheck exclude dirs and/or files: 
[4.936s] -- Added test 'cpplint' to check C / C++ code against the Google style
[4.936s] -- Configured cpplint exclude dirs and/or files: 
[4.939s] -- Added test 'lint_cmake' to check CMake code style
[4.947s] -- Added test 'uncrustify' to check C / C++ code style
[4.947s] -- Configured uncrustify additional arguments: 
[4.949s] -- Added test 'xmllint' to check XML markup files
[4.956s] -- Configuring done
[4.973s] -- Generating done
[4.975s] -- Build files have been written to: /workspace/foxy_ws/build/rmw_fastrtps_cpp
[4.982s] Invoked command in '/workspace/foxy_ws/build/rmw_fastrtps_cpp' returned '0': AMENT_PREFIX_PATH=/workspace/foxy_ws/install CMAKE_PREFIX_PATH=/workspace/foxy_ws/install LD_LIBRARY_PATH=/workspace/foxy_ws/install/lib PATH=/workspace/foxy_ws/install/bin:${PATH} PKG_CONFIG_PATH=/workspace/foxy_ws/install/lib/x86_64-linux-gnu/pkgconfig:/workspace/foxy_ws/install/lib/pkgconfig PYTHONPATH=/workspace/foxy_ws/install/lib/python3.10/site-packages /usr/bin/cmake /workspace/foxy_ws/src/rmw_fastrtps/rmw_fastrtps_cpp -DCMAKE_INSTALL_PREFIX=/workspace/foxy_ws/install
[4.983s] Invoking command in '/workspace/foxy_ws/build/rmw_fastrtps_cpp': AMENT_PREFIX_PATH=/workspace/foxy_ws/install CMAKE_PREFIX_PATH=/workspace/foxy_ws/install LD_LIBRARY_PATH=/workspace/foxy_ws/install/lib PATH=/workspace/foxy_ws/install/bin:${PATH} PKG_CONFIG_PATH=/workspace/foxy_ws/install/lib/x86_64-linux-gnu/pkgconfig:/workspace/foxy_ws/install/lib/pkgconfig PYTHONPATH=/workspace/foxy_ws/install/lib/python3.10/site-packages /usr/bin/cmake --build /workspace/foxy_ws/build/rmw_fastrtps_cpp -- -j12 -l12
[5.027s] Scanning dependencies of target gtest_main
[5.028s] Scanning dependencies of target gtest
[5.037s] [  2%] Building CXX object gtest/CMakeFiles/gtest_main.dir/src/gtest_main.cc.o
[5.039s] [  4%] Building CXX object gtest/CMakeFiles/gtest.dir/src/gtest-all.cc.o
[5.081s] Scanning dependencies of target rmw_fastrtps_cpp
[5.108s] [ 10%] Building CXX object CMakeFiles/rmw_fastrtps_cpp.dir/src/get_publisher.cpp.o
[5.108s] [ 10%] Building CXX object CMakeFiles/rmw_fastrtps_cpp.dir/src/get_participant.cpp.o
[5.109s] [ 10%] Building CXX object CMakeFiles/rmw_fastrtps_cpp.dir/src/get_client.cpp.o
[5.110s] [ 12%] Building CXX object CMakeFiles/rmw_fastrtps_cpp.dir/src/get_service.cpp.o
[5.885s] [ 14%] Linking CXX static library libgtest_main.a
[5.924s] [ 14%] Built target gtest_main
[5.935s] [ 16%] Building CXX object CMakeFiles/rmw_fastrtps_cpp.dir/src/rmw_client.cpp.o
[5.969s] [ 18%] Building CXX object CMakeFiles/rmw_fastrtps_cpp.dir/src/rmw_compare_gids_equal.cpp.o
[6.607s] [ 20%] Building CXX object CMakeFiles/rmw_fastrtps_cpp.dir/src/rmw_logging.cpp.o
[6.621s] [ 22%] Building CXX object CMakeFiles/rmw_fastrtps_cpp.dir/src/rmw_count.cpp.o
[6.635s] [ 25%] Building CXX object CMakeFiles/rmw_fastrtps_cpp.dir/src/publisher.cpp.o
[6.697s] [ 27%] Building CXX object CMakeFiles/rmw_fastrtps_cpp.dir/src/init_rmw_context_impl.cpp.o
[7.082s] [ 29%] Building CXX object CMakeFiles/rmw_fastrtps_cpp.dir/src/rmw_event.cpp.o
[7.085s] [ 31%] Building CXX object CMakeFiles/rmw_fastrtps_cpp.dir/src/rmw_get_gid_for_publisher.cpp.o
[7.268s] [ 33%] Building CXX object CMakeFiles/rmw_fastrtps_cpp.dir/src/identifier.cpp.o
[7.277s] [ 35%] Building CXX object CMakeFiles/rmw_fastrtps_cpp.dir/src/rmw_get_implementation_identifier.cpp.o
[7.399s] [ 37%] Building CXX object CMakeFiles/rmw_fastrtps_cpp.dir/src/rmw_get_topic_endpoint_info.cpp.o
[7.425s] [ 39%] Building CXX object CMakeFiles/rmw_fastrtps_cpp.dir/src/rmw_guard_condition.cpp.o
[7.464s] [ 43%] Building CXX object CMakeFiles/rmw_fastrtps_cpp.dir/src/rmw_node.cpp.o
[7.465s] [ 43%] Building CXX object CMakeFiles/rmw_fastrtps_cpp.dir/src/rmw_init.cpp.o
[7.487s] [ 45%] Building CXX object CMakeFiles/rmw_fastrtps_cpp.dir/src/rmw_node_info_and_types.cpp.o
[8.921s] [ 47%] Linking CXX static library libgtest.a
[8.966s] [ 47%] Built target gtest
[9.344s] [ 50%] Building CXX object CMakeFiles/rmw_fastrtps_cpp.dir/src/rmw_service_server_is_available.cpp.o
[9.581s] [ 52%] Building CXX object CMakeFiles/rmw_fastrtps_cpp.dir/src/rmw_subscription.cpp.o
[10.910s] [ 54%] Building CXX object CMakeFiles/rmw_fastrtps_cpp.dir/src/rmw_take.cpp.o
[10.948s] [ 56%] Building CXX object CMakeFiles/rmw_fastrtps_cpp.dir/src/rmw_topic_names_and_types.cpp.o
[11.201s] [ 58%] Building CXX object CMakeFiles/rmw_fastrtps_cpp.dir/src/rmw_trigger_guard_condition.cpp.o
[11.237s] [ 60%] Building CXX object CMakeFiles/rmw_fastrtps_cpp.dir/src/rmw_wait.cpp.o
[11.273s] [ 62%] Building CXX object CMakeFiles/rmw_fastrtps_cpp.dir/src/rmw_wait_set.cpp.o
[11.308s] [ 64%] Building CXX object CMakeFiles/rmw_fastrtps_cpp.dir/src/serialization_format.cpp.o
[11.323s] [ 66%] Building CXX object CMakeFiles/rmw_fastrtps_cpp.dir/src/subscription.cpp.o
[12.721s] [ 75%] Building CXX object CMakeFiles/rmw_fastrtps_cpp.dir/src/rmw_service.cpp.o
[12.721s] [ 75%] Building CXX object CMakeFiles/rmw_fastrtps_cpp.dir/src/type_support_common.cpp.o
[12.721s] [ 75%] Building CXX object CMakeFiles/rmw_fastrtps_cpp.dir/src/rmw_service_names_and_types.cpp.o
[12.721s] [ 75%] Building CXX object CMakeFiles/rmw_fastrtps_cpp.dir/src/rmw_serialize.cpp.o
[12.758s] [ 77%] Building CXX object CMakeFiles/rmw_fastrtps_cpp.dir/src/rmw_response.cpp.o
[12.796s] [ 79%] Building CXX object CMakeFiles/rmw_fastrtps_cpp.dir/src/rmw_request.cpp.o
[12.831s] [ 81%] Building CXX object CMakeFiles/rmw_fastrtps_cpp.dir/src/rmw_publisher.cpp.o
[13.790s] [ 83%] Building CXX object CMakeFiles/rmw_fastrtps_cpp.dir/src/rmw_node_names.cpp.o
[13.792s] [ 85%] Building CXX object CMakeFiles/rmw_fastrtps_cpp.dir/src/rmw_publish.cpp.o
[13.834s] [ 87%] Building CXX object CMakeFiles/rmw_fastrtps_cpp.dir/src/rmw_get_serialization_format.cpp.o
[13.870s] [ 89%] Building CXX object CMakeFiles/rmw_fastrtps_cpp.dir/src/get_subscriber.cpp.o
[15.200s] [ 91%] Linking CXX shared library librmw_fastrtps_cpp.so
[15.372s] [ 91%] Built target rmw_fastrtps_cpp
[15.385s] Scanning dependencies of target test_logging
[15.396s] [ 93%] Building CXX object CMakeFiles/test_logging.dir/test/test_logging.cpp.o
[15.401s] Scanning dependencies of target test_get_native_entities
[15.415s] [ 95%] Building CXX object CMakeFiles/test_get_native_entities.dir/test/test_get_native_entities.cpp.o
[16.263s] [ 97%] Linking CXX executable test_logging
[16.421s] [ 97%] Built target test_logging
[16.880s] [100%] Linking CXX executable test_get_native_entities
[17.036s] [100%] Built target test_get_native_entities
[17.045s] Invoked command in '/workspace/foxy_ws/build/rmw_fastrtps_cpp' returned '0': AMENT_PREFIX_PATH=/workspace/foxy_ws/install CMAKE_PREFIX_PATH=/workspace/foxy_ws/install LD_LIBRARY_PATH=/workspace/foxy_ws/install/lib PATH=/workspace/foxy_ws/install/bin:${PATH} PKG_CONFIG_PATH=/workspace/foxy_ws/install/lib/x86_64-linux-gnu/pkgconfig:/workspace/foxy_ws/install/lib/pkgconfig PYTHONPATH=/workspace/foxy_ws/install/lib/python3.10/site-packages /usr/bin/cmake --build /workspace/foxy_ws/build/rmw_fastrtps_cpp -- -j12 -l12
[17.092s] Invoking command in '/workspace/foxy_ws/build/rmw_fastrtps_cpp': AMENT_PREFIX_PATH=/workspace/foxy_ws/install CMAKE_PREFIX_PATH=/workspace/foxy_ws/install LD_LIBRARY_PATH=/workspace/foxy_ws/install/lib PATH=/workspace/foxy_ws/install/bin:${PATH} PKG_CONFIG_PATH=/workspace/foxy_ws/install/lib/x86_64-linux-gnu/pkgconfig:/workspace/foxy_ws/install/lib/pkgconfig PYTHONPATH=/workspace/foxy_ws/install/lib/python3.10/site-packages /usr/bin/cmake --install /workspace/foxy_ws/build/rmw_fastrtps_cpp
[17.098s] -- Install configuration: ""
[17.098s] -- Installing: /workspace/foxy_ws/install/share/rmw_fastrtps_cpp/environment/library_path.sh
[17.098s] -- Installing: /workspace/foxy_ws/install/share/rmw_fastrtps_cpp/environment/library_path.dsv
[17.098s] -- Installing: /workspace/foxy_ws/install/share/ament_index/resource_index/rmw_typesupport_c/rmw_fastrtps_cpp
[17.098s] -- Installing: /workspace/foxy_ws/install/share/ament_index/resource_index/rmw_typesupport_cpp/rmw_fastrtps_cpp
[17.099s] -- Installing: /workspace/foxy_ws/install/share/ament_index/resource_index/rmw_typesupport/rmw_fastrtps_cpp
[17.099s] -- Installing: /workspace/foxy_ws/install/share/ament_index/resource_index/package_run_dependencies/rmw_fastrtps_cpp
[17.099s] -- Installing: /workspace/foxy_ws/install/share/ament_index/resource_index/parent_prefix_path/rmw_fastrtps_cpp
[17.099s] -- Installing: /workspace/foxy_ws/install/share/rmw_fastrtps_cpp/environment/ament_prefix_path.sh
[17.099s] -- Installing: /workspace/foxy_ws/install/share/rmw_fastrtps_cpp/environment/ament_prefix_path.dsv
[17.099s] -- Installing: /workspace/foxy_ws/install/share/rmw_fastrtps_cpp/environment/path.sh
[17.099s] -- Installing: /workspace/foxy_ws/install/share/rmw_fastrtps_cpp/environment/path.dsv
[17.100s] -- Installing: /workspace/foxy_ws/install/share/rmw_fastrtps_cpp/local_setup.bash
[17.100s] -- Installing: /workspace/foxy_ws/install/share/rmw_fastrtps_cpp/local_setup.sh
[17.100s] -- Installing: /workspace/foxy_ws/install/share/rmw_fastrtps_cpp/local_setup.zsh
[17.100s] -- Installing: /workspace/foxy_ws/install/share/rmw_fastrtps_cpp/local_setup.dsv
[17.100s] -- Installing: /workspace/foxy_ws/install/share/rmw_fastrtps_cpp/package.dsv
[17.100s] -- Installing: /workspace/foxy_ws/install/share/ament_index/resource_index/packages/rmw_fastrtps_cpp
[17.100s] -- Installing: /workspace/foxy_ws/install/share/rmw_fastrtps_cpp/cmake/ament_cmake_export_include_directories-extras.cmake
[17.100s] -- Installing: /workspace/foxy_ws/install/share/rmw_fastrtps_cpp/cmake/ament_cmake_export_libraries-extras.cmake
[17.101s] -- Installing: /workspace/foxy_ws/install/share/rmw_fastrtps_cpp/cmake/ament_cmake_export_dependencies-extras.cmake
[17.101s] -- Installing: /workspace/foxy_ws/install/share/rmw_fastrtps_cpp/cmake/rmw_fastrtps_cpp-extras.cmake
[17.101s] -- Installing: /workspace/foxy_ws/install/share/rmw_fastrtps_cpp/cmake/rmw_fastrtps_cppConfig.cmake
[17.101s] -- Installing: /workspace/foxy_ws/install/share/rmw_fastrtps_cpp/cmake/rmw_fastrtps_cppConfig-version.cmake
[17.101s] -- Installing: /workspace/foxy_ws/install/share/rmw_fastrtps_cpp/package.xml
[17.101s] -- Up-to-date: /workspace/foxy_ws/install/include
[17.102s] -- Installing: /workspace/foxy_ws/install/include/rmw_fastrtps_cpp
[17.102s] -- Installing: /workspace/foxy_ws/install/include/rmw_fastrtps_cpp/get_participant.hpp
[17.102s] -- Installing: /workspace/foxy_ws/install/include/rmw_fastrtps_cpp/identifier.hpp
[17.102s] -- Installing: /workspace/foxy_ws/install/include/rmw_fastrtps_cpp/get_client.hpp
[17.102s] -- Installing: /workspace/foxy_ws/install/include/rmw_fastrtps_cpp/get_subscriber.hpp
[17.102s] -- Installing: /workspace/foxy_ws/install/include/rmw_fastrtps_cpp/get_publisher.hpp
[17.103s] -- Installing: /workspace/foxy_ws/install/include/rmw_fastrtps_cpp/init_rmw_context_impl.hpp
[17.103s] -- Installing: /workspace/foxy_ws/install/include/rmw_fastrtps_cpp/publisher.hpp
[17.103s] -- Installing: /workspace/foxy_ws/install/include/rmw_fastrtps_cpp/visibility_control.h
[17.103s] -- Installing: /workspace/foxy_ws/install/include/rmw_fastrtps_cpp/get_service.hpp
[17.103s] -- Installing: /workspace/foxy_ws/install/include/rmw_fastrtps_cpp/ServiceTypeSupport.hpp
[17.103s] -- Installing: /workspace/foxy_ws/install/include/rmw_fastrtps_cpp/serialization_format.hpp
[17.103s] -- Installing: /workspace/foxy_ws/install/include/rmw_fastrtps_cpp/MessageTypeSupport.hpp
[17.103s] -- Installing: /workspace/foxy_ws/install/include/rmw_fastrtps_cpp/subscription.hpp
[17.103s] -- Installing: /workspace/foxy_ws/install/include/rmw_fastrtps_cpp/TypeSupport.hpp
[17.103s] -- Installing: /workspace/foxy_ws/install/lib/librmw_fastrtps_cpp.so
[17.104s] -- Set runtime path of "/workspace/foxy_ws/install/lib/librmw_fastrtps_cpp.so" to ""
[17.106s] Invoked command in '/workspace/foxy_ws/build/rmw_fastrtps_cpp' returned '0': AMENT_PREFIX_PATH=/workspace/foxy_ws/install CMAKE_PREFIX_PATH=/workspace/foxy_ws/install LD_LIBRARY_PATH=/workspace/foxy_ws/install/lib PATH=/workspace/foxy_ws/install/bin:${PATH} PKG_CONFIG_PATH=/workspace/foxy_ws/install/lib/x86_64-linux-gnu/pkgconfig:/workspace/foxy_ws/install/lib/pkgconfig PYTHONPATH=/workspace/foxy_ws/install/lib/python3.10/site-packages /usr/bin/cmake --install /workspace/foxy_ws/build/rmw_fastrtps_cpp
