[0.094s] Invoking command in '/workspace/foxy_ws/build/fastrtps_cmake_module': AMENT_PREFIX_PATH=/workspace/foxy_ws/install CMAKE_PREFIX_PATH=/workspace/foxy_ws/install LD_LIBRARY_PATH=/workspace/foxy_ws/install/lib PATH=/workspace/foxy_ws/install/bin:${PATH} PYTHONPATH=/workspace/foxy_ws/install/lib/python3.10/site-packages /usr/bin/cmake /workspace/foxy_ws/src/rosidl_typesupport_fastrtps/fastrtps_cmake_module -DCMAKE_INSTALL_PREFIX=/workspace/foxy_ws/install
[0.186s] -- The C compiler identification is GNU 9.4.0
[0.255s] -- The CXX compiler identification is GNU 9.4.0
[0.259s] -- Check for working C compiler: /usr/bin/cc
[0.463s] -- Check for working C compiler: /usr/bin/cc -- works
[0.463s] -- Detecting C compiler ABI info
[0.689s] -- Detecting C compiler ABI info - done
[0.704s] -- Detecting C compile features
[0.704s] -- Detecting C compile features - done
[0.707s] -- Check for working CXX compiler: /usr/bin/c++
[0.994s] -- Check for working CXX compiler: /usr/bin/c++ -- works
[0.998s] -- Detecting CXX compiler ABI info
[1.236s] -- Detecting CXX compiler ABI info - done
[1.244s] -- Detecting CXX compile features
[1.245s] -- Detecting CXX compile features - done
[1.247s] -- Found ament_cmake: 0.9.12 (/workspace/foxy_ws/install/share/ament_cmake/cmake)
[1.281s] -- Found PythonInterp: /usr/bin/python3 (found suitable version "3.10.14", minimum required is "3") 
[1.285s] -- Using PYTHON_EXECUTABLE: /usr/bin/python3
[1.499s] -- Found ament_lint_auto: 0.9.8 (/workspace/foxy_ws/install/share/ament_lint_auto/cmake)
[1.619s] -- Added test 'copyright' to check source files copyright and LICENSE
[1.634s] -- Added test 'lint_cmake' to check CMake code style
[1.642s] -- Added test 'xmllint' to check XML markup files
[1.652s] -- Configuring done
[1.656s] -- Generating done
[1.656s] -- Build files have been written to: /workspace/foxy_ws/build/fastrtps_cmake_module
[1.668s] Invoked command in '/workspace/foxy_ws/build/fastrtps_cmake_module' returned '0': AMENT_PREFIX_PATH=/workspace/foxy_ws/install CMAKE_PREFIX_PATH=/workspace/foxy_ws/install LD_LIBRARY_PATH=/workspace/foxy_ws/install/lib PATH=/workspace/foxy_ws/install/bin:${PATH} PYTHONPATH=/workspace/foxy_ws/install/lib/python3.10/site-packages /usr/bin/cmake /workspace/foxy_ws/src/rosidl_typesupport_fastrtps/fastrtps_cmake_module -DCMAKE_INSTALL_PREFIX=/workspace/foxy_ws/install
[1.668s] Invoking command in '/workspace/foxy_ws/build/fastrtps_cmake_module': AMENT_PREFIX_PATH=/workspace/foxy_ws/install CMAKE_PREFIX_PATH=/workspace/foxy_ws/install LD_LIBRARY_PATH=/workspace/foxy_ws/install/lib PATH=/workspace/foxy_ws/install/bin:${PATH} PYTHONPATH=/workspace/foxy_ws/install/lib/python3.10/site-packages /usr/bin/cmake --build /workspace/foxy_ws/build/fastrtps_cmake_module -- -j12 -l12
[1.749s] Invoked command in '/workspace/foxy_ws/build/fastrtps_cmake_module' returned '0': AMENT_PREFIX_PATH=/workspace/foxy_ws/install CMAKE_PREFIX_PATH=/workspace/foxy_ws/install LD_LIBRARY_PATH=/workspace/foxy_ws/install/lib PATH=/workspace/foxy_ws/install/bin:${PATH} PYTHONPATH=/workspace/foxy_ws/install/lib/python3.10/site-packages /usr/bin/cmake --build /workspace/foxy_ws/build/fastrtps_cmake_module -- -j12 -l12
[1.772s] Invoking command in '/workspace/foxy_ws/build/fastrtps_cmake_module': AMENT_PREFIX_PATH=/workspace/foxy_ws/install CMAKE_PREFIX_PATH=/workspace/foxy_ws/install LD_LIBRARY_PATH=/workspace/foxy_ws/install/lib PATH=/workspace/foxy_ws/install/bin:${PATH} PYTHONPATH=/workspace/foxy_ws/install/lib/python3.10/site-packages /usr/bin/cmake --install /workspace/foxy_ws/build/fastrtps_cmake_module
[1.793s] -- Install configuration: ""
[1.794s] -- Installing: /workspace/foxy_ws/install/share/ament_index/resource_index/package_run_dependencies/fastrtps_cmake_module
[1.794s] -- Installing: /workspace/foxy_ws/install/share/ament_index/resource_index/parent_prefix_path/fastrtps_cmake_module
[1.794s] -- Installing: /workspace/foxy_ws/install/share/fastrtps_cmake_module/environment/ament_prefix_path.sh
[1.795s] -- Installing: /workspace/foxy_ws/install/share/fastrtps_cmake_module/environment/ament_prefix_path.dsv
[1.795s] -- Installing: /workspace/foxy_ws/install/share/fastrtps_cmake_module/environment/path.sh
[1.795s] -- Installing: /workspace/foxy_ws/install/share/fastrtps_cmake_module/environment/path.dsv
[1.796s] -- Installing: /workspace/foxy_ws/install/share/fastrtps_cmake_module/local_setup.bash
[1.796s] -- Installing: /workspace/foxy_ws/install/share/fastrtps_cmake_module/local_setup.sh
[1.796s] -- Installing: /workspace/foxy_ws/install/share/fastrtps_cmake_module/local_setup.zsh
[1.796s] -- Installing: /workspace/foxy_ws/install/share/fastrtps_cmake_module/local_setup.dsv
[1.796s] -- Installing: /workspace/foxy_ws/install/share/fastrtps_cmake_module/package.dsv
[1.796s] -- Installing: /workspace/foxy_ws/install/share/ament_index/resource_index/packages/fastrtps_cmake_module
[1.796s] -- Installing: /workspace/foxy_ws/install/share/fastrtps_cmake_module/cmake/fastrtps_cmake_module-extras.cmake
[1.796s] -- Installing: /workspace/foxy_ws/install/share/fastrtps_cmake_module/cmake/fastrtps_cmake_moduleConfig.cmake
[1.796s] -- Installing: /workspace/foxy_ws/install/share/fastrtps_cmake_module/cmake/fastrtps_cmake_moduleConfig-version.cmake
[1.796s] -- Installing: /workspace/foxy_ws/install/share/fastrtps_cmake_module/package.xml
[1.796s] -- Up-to-date: /workspace/foxy_ws/install/share/fastrtps_cmake_module/cmake
[1.796s] -- Installing: /workspace/foxy_ws/install/share/fastrtps_cmake_module/cmake/Modules
[1.796s] -- Installing: /workspace/foxy_ws/install/share/fastrtps_cmake_module/cmake/Modules/FindFastRTPS.cmake
[1.797s] Invoked command in '/workspace/foxy_ws/build/fastrtps_cmake_module' returned '0': AMENT_PREFIX_PATH=/workspace/foxy_ws/install CMAKE_PREFIX_PATH=/workspace/foxy_ws/install LD_LIBRARY_PATH=/workspace/foxy_ws/install/lib PATH=/workspace/foxy_ws/install/bin:${PATH} PYTHONPATH=/workspace/foxy_ws/install/lib/python3.10/site-packages /usr/bin/cmake --install /workspace/foxy_ws/build/fastrtps_cmake_module
