[1.098s] Invoking command in '/workspace/foxy_ws/src/ros2cli/ros2pkg': AMENT_PREFIX_PATH=/workspace/foxy_ws/install CMAKE_PREFIX_PATH=/workspace/foxy_ws/install LD_LIBRARY_PATH=/workspace/foxy_ws/install/lib PATH=/workspace/foxy_ws/install/bin:${PATH} PKG_CONFIG_PATH=/workspace/foxy_ws/install/lib/x86_64-linux-gnu/pkgconfig:/workspace/foxy_ws/install/lib/pkgconfig PYTHONPATH=/workspace/foxy_ws/build/ros2pkg/prefix_override:/workspace/foxy_ws/install/lib/python3.10/site-packages:/workspace/foxy_ws/install/lib/python3.10/site-packages /usr/bin/python3 -W ignore:setup.py install is deprecated setup.py egg_info --egg-base ../../../build/ros2pkg build --build-base /workspace/foxy_ws/build/ros2pkg/build install --record /workspace/foxy_ws/build/ros2pkg/install.log --single-version-externally-managed install_data
[1.257s] running egg_info
[1.257s] creating ../../../build/ros2pkg/ros2pkg.egg-info
[1.257s] writing ../../../build/ros2pkg/ros2pkg.egg-info/PKG-INFO
[1.257s] writing dependency_links to ../../../build/ros2pkg/ros2pkg.egg-info/dependency_links.txt
[1.258s] writing entry points to ../../../build/ros2pkg/ros2pkg.egg-info/entry_points.txt
[1.258s] writing requirements to ../../../build/ros2pkg/ros2pkg.egg-info/requires.txt
[1.258s] writing top-level names to ../../../build/ros2pkg/ros2pkg.egg-info/top_level.txt
[1.258s] writing manifest file '../../../build/ros2pkg/ros2pkg.egg-info/SOURCES.txt'
[1.260s] reading manifest file '../../../build/ros2pkg/ros2pkg.egg-info/SOURCES.txt'
[1.261s] writing manifest file '../../../build/ros2pkg/ros2pkg.egg-info/SOURCES.txt'
[1.262s] running build
[1.262s] running build_py
[1.262s] creating /workspace/foxy_ws/build/ros2pkg/build
[1.262s] creating /workspace/foxy_ws/build/ros2pkg/build/lib
[1.262s] creating /workspace/foxy_ws/build/ros2pkg/build/lib/ros2pkg
[1.262s] copying ros2pkg/__init__.py -> /workspace/foxy_ws/build/ros2pkg/build/lib/ros2pkg
[1.262s] creating /workspace/foxy_ws/build/ros2pkg/build/lib/ros2pkg/api
[1.262s] copying ros2pkg/api/__init__.py -> /workspace/foxy_ws/build/ros2pkg/build/lib/ros2pkg/api
[1.264s] copying ros2pkg/api/create.py -> /workspace/foxy_ws/build/ros2pkg/build/lib/ros2pkg/api
[1.265s] creating /workspace/foxy_ws/build/ros2pkg/build/lib/ros2pkg/verb
[1.265s] copying ros2pkg/verb/executables.py -> /workspace/foxy_ws/build/ros2pkg/build/lib/ros2pkg/verb
[1.265s] copying ros2pkg/verb/xml.py -> /workspace/foxy_ws/build/ros2pkg/build/lib/ros2pkg/verb
[1.265s] copying ros2pkg/verb/list.py -> /workspace/foxy_ws/build/ros2pkg/build/lib/ros2pkg/verb
[1.265s] copying ros2pkg/verb/prefix.py -> /workspace/foxy_ws/build/ros2pkg/build/lib/ros2pkg/verb
[1.265s] copying ros2pkg/verb/__init__.py -> /workspace/foxy_ws/build/ros2pkg/build/lib/ros2pkg/verb
[1.266s] copying ros2pkg/verb/create.py -> /workspace/foxy_ws/build/ros2pkg/build/lib/ros2pkg/verb
[1.266s] creating /workspace/foxy_ws/build/ros2pkg/build/lib/ros2pkg/command
[1.266s] copying ros2pkg/command/pkg.py -> /workspace/foxy_ws/build/ros2pkg/build/lib/ros2pkg/command
[1.266s] copying ros2pkg/command/__init__.py -> /workspace/foxy_ws/build/ros2pkg/build/lib/ros2pkg/command
[1.266s] creating /workspace/foxy_ws/build/ros2pkg/build/lib/ros2pkg/resource
[1.266s] creating /workspace/foxy_ws/build/ros2pkg/build/lib/ros2pkg/resource/package_environment
[1.267s] copying ros2pkg/resource/package_environment/package.xml.em -> /workspace/foxy_ws/build/ros2pkg/build/lib/ros2pkg/resource/package_environment
[1.267s] creating /workspace/foxy_ws/build/ros2pkg/build/lib/ros2pkg/resource/ament_python
[1.267s] copying ros2pkg/resource/ament_python/init.py.em -> /workspace/foxy_ws/build/ros2pkg/build/lib/ros2pkg/resource/ament_python
[1.267s] copying ros2pkg/resource/ament_python/setup.py.em -> /workspace/foxy_ws/build/ros2pkg/build/lib/ros2pkg/resource/ament_python
[1.267s] copying ros2pkg/resource/ament_python/resource_file.em -> /workspace/foxy_ws/build/ros2pkg/build/lib/ros2pkg/resource/ament_python
[1.267s] copying ros2pkg/resource/ament_python/test_flake8.py.em -> /workspace/foxy_ws/build/ros2pkg/build/lib/ros2pkg/resource/ament_python
[1.267s] copying ros2pkg/resource/ament_python/main.py.em -> /workspace/foxy_ws/build/ros2pkg/build/lib/ros2pkg/resource/ament_python
[1.268s] copying ros2pkg/resource/ament_python/test_pep257.py.em -> /workspace/foxy_ws/build/ros2pkg/build/lib/ros2pkg/resource/ament_python
[1.268s] copying ros2pkg/resource/ament_python/test_copyright.py.em -> /workspace/foxy_ws/build/ros2pkg/build/lib/ros2pkg/resource/ament_python
[1.268s] copying ros2pkg/resource/ament_python/setup.cfg.em -> /workspace/foxy_ws/build/ros2pkg/build/lib/ros2pkg/resource/ament_python
[1.268s] creating /workspace/foxy_ws/build/ros2pkg/build/lib/ros2pkg/resource/cpp
[1.268s] copying ros2pkg/resource/cpp/main.cpp.em -> /workspace/foxy_ws/build/ros2pkg/build/lib/ros2pkg/resource/cpp
[1.269s] copying ros2pkg/resource/cpp/library.cpp.em -> /workspace/foxy_ws/build/ros2pkg/build/lib/ros2pkg/resource/cpp
[1.269s] copying ros2pkg/resource/cpp/visibility_control.h.em -> /workspace/foxy_ws/build/ros2pkg/build/lib/ros2pkg/resource/cpp
[1.270s] copying ros2pkg/resource/cpp/header.hpp.em -> /workspace/foxy_ws/build/ros2pkg/build/lib/ros2pkg/resource/cpp
[1.270s] creating /workspace/foxy_ws/build/ros2pkg/build/lib/ros2pkg/resource/ament_cmake
[1.270s] copying ros2pkg/resource/ament_cmake/CMakeLists.txt.em -> /workspace/foxy_ws/build/ros2pkg/build/lib/ros2pkg/resource/ament_cmake
[1.270s] creating /workspace/foxy_ws/build/ros2pkg/build/lib/ros2pkg/resource/cmake
[1.270s] copying ros2pkg/resource/cmake/Config.cmake.in.em -> /workspace/foxy_ws/build/ros2pkg/build/lib/ros2pkg/resource/cmake
[1.270s] copying ros2pkg/resource/cmake/ConfigVersion.cmake.in.em -> /workspace/foxy_ws/build/ros2pkg/build/lib/ros2pkg/resource/cmake
[1.271s] copying ros2pkg/resource/cmake/CMakeLists.txt.em -> /workspace/foxy_ws/build/ros2pkg/build/lib/ros2pkg/resource/cmake
[1.271s] running install
[1.271s] running install_lib
[1.272s] creating /workspace/foxy_ws/install/lib/python3.10/site-packages/ros2pkg
[1.272s] creating /workspace/foxy_ws/install/lib/python3.10/site-packages/ros2pkg/api
[1.272s] copying /workspace/foxy_ws/build/ros2pkg/build/lib/ros2pkg/api/__init__.py -> /workspace/foxy_ws/install/lib/python3.10/site-packages/ros2pkg/api
[1.272s] copying /workspace/foxy_ws/build/ros2pkg/build/lib/ros2pkg/api/create.py -> /workspace/foxy_ws/install/lib/python3.10/site-packages/ros2pkg/api
[1.272s] creating /workspace/foxy_ws/install/lib/python3.10/site-packages/ros2pkg/resource
[1.273s] creating /workspace/foxy_ws/install/lib/python3.10/site-packages/ros2pkg/resource/package_environment
[1.273s] copying /workspace/foxy_ws/build/ros2pkg/build/lib/ros2pkg/resource/package_environment/package.xml.em -> /workspace/foxy_ws/install/lib/python3.10/site-packages/ros2pkg/resource/package_environment
[1.273s] creating /workspace/foxy_ws/install/lib/python3.10/site-packages/ros2pkg/resource/ament_python
[1.273s] copying /workspace/foxy_ws/build/ros2pkg/build/lib/ros2pkg/resource/ament_python/init.py.em -> /workspace/foxy_ws/install/lib/python3.10/site-packages/ros2pkg/resource/ament_python
[1.273s] copying /workspace/foxy_ws/build/ros2pkg/build/lib/ros2pkg/resource/ament_python/setup.py.em -> /workspace/foxy_ws/install/lib/python3.10/site-packages/ros2pkg/resource/ament_python
[1.273s] copying /workspace/foxy_ws/build/ros2pkg/build/lib/ros2pkg/resource/ament_python/resource_file.em -> /workspace/foxy_ws/install/lib/python3.10/site-packages/ros2pkg/resource/ament_python
[1.274s] copying /workspace/foxy_ws/build/ros2pkg/build/lib/ros2pkg/resource/ament_python/test_flake8.py.em -> /workspace/foxy_ws/install/lib/python3.10/site-packages/ros2pkg/resource/ament_python
[1.274s] copying /workspace/foxy_ws/build/ros2pkg/build/lib/ros2pkg/resource/ament_python/main.py.em -> /workspace/foxy_ws/install/lib/python3.10/site-packages/ros2pkg/resource/ament_python
[1.274s] copying /workspace/foxy_ws/build/ros2pkg/build/lib/ros2pkg/resource/ament_python/test_pep257.py.em -> /workspace/foxy_ws/install/lib/python3.10/site-packages/ros2pkg/resource/ament_python
[1.274s] copying /workspace/foxy_ws/build/ros2pkg/build/lib/ros2pkg/resource/ament_python/test_copyright.py.em -> /workspace/foxy_ws/install/lib/python3.10/site-packages/ros2pkg/resource/ament_python
[1.274s] copying /workspace/foxy_ws/build/ros2pkg/build/lib/ros2pkg/resource/ament_python/setup.cfg.em -> /workspace/foxy_ws/install/lib/python3.10/site-packages/ros2pkg/resource/ament_python
[1.275s] creating /workspace/foxy_ws/install/lib/python3.10/site-packages/ros2pkg/resource/cpp
[1.275s] copying /workspace/foxy_ws/build/ros2pkg/build/lib/ros2pkg/resource/cpp/main.cpp.em -> /workspace/foxy_ws/install/lib/python3.10/site-packages/ros2pkg/resource/cpp
[1.275s] copying /workspace/foxy_ws/build/ros2pkg/build/lib/ros2pkg/resource/cpp/library.cpp.em -> /workspace/foxy_ws/install/lib/python3.10/site-packages/ros2pkg/resource/cpp
[1.275s] copying /workspace/foxy_ws/build/ros2pkg/build/lib/ros2pkg/resource/cpp/visibility_control.h.em -> /workspace/foxy_ws/install/lib/python3.10/site-packages/ros2pkg/resource/cpp
[1.276s] copying /workspace/foxy_ws/build/ros2pkg/build/lib/ros2pkg/resource/cpp/header.hpp.em -> /workspace/foxy_ws/install/lib/python3.10/site-packages/ros2pkg/resource/cpp
[1.276s] creating /workspace/foxy_ws/install/lib/python3.10/site-packages/ros2pkg/resource/ament_cmake
[1.276s] copying /workspace/foxy_ws/build/ros2pkg/build/lib/ros2pkg/resource/ament_cmake/CMakeLists.txt.em -> /workspace/foxy_ws/install/lib/python3.10/site-packages/ros2pkg/resource/ament_cmake
[1.276s] creating /workspace/foxy_ws/install/lib/python3.10/site-packages/ros2pkg/resource/cmake
[1.276s] copying /workspace/foxy_ws/build/ros2pkg/build/lib/ros2pkg/resource/cmake/Config.cmake.in.em -> /workspace/foxy_ws/install/lib/python3.10/site-packages/ros2pkg/resource/cmake
[1.277s] copying /workspace/foxy_ws/build/ros2pkg/build/lib/ros2pkg/resource/cmake/ConfigVersion.cmake.in.em -> /workspace/foxy_ws/install/lib/python3.10/site-packages/ros2pkg/resource/cmake
[1.277s] copying /workspace/foxy_ws/build/ros2pkg/build/lib/ros2pkg/resource/cmake/CMakeLists.txt.em -> /workspace/foxy_ws/install/lib/python3.10/site-packages/ros2pkg/resource/cmake
[1.277s] creating /workspace/foxy_ws/install/lib/python3.10/site-packages/ros2pkg/verb
[1.277s] copying /workspace/foxy_ws/build/ros2pkg/build/lib/ros2pkg/verb/executables.py -> /workspace/foxy_ws/install/lib/python3.10/site-packages/ros2pkg/verb
[1.277s] copying /workspace/foxy_ws/build/ros2pkg/build/lib/ros2pkg/verb/xml.py -> /workspace/foxy_ws/install/lib/python3.10/site-packages/ros2pkg/verb
[1.277s] copying /workspace/foxy_ws/build/ros2pkg/build/lib/ros2pkg/verb/list.py -> /workspace/foxy_ws/install/lib/python3.10/site-packages/ros2pkg/verb
[1.277s] copying /workspace/foxy_ws/build/ros2pkg/build/lib/ros2pkg/verb/prefix.py -> /workspace/foxy_ws/install/lib/python3.10/site-packages/ros2pkg/verb
[1.277s] copying /workspace/foxy_ws/build/ros2pkg/build/lib/ros2pkg/verb/__init__.py -> /workspace/foxy_ws/install/lib/python3.10/site-packages/ros2pkg/verb
[1.278s] copying /workspace/foxy_ws/build/ros2pkg/build/lib/ros2pkg/verb/create.py -> /workspace/foxy_ws/install/lib/python3.10/site-packages/ros2pkg/verb
[1.278s] creating /workspace/foxy_ws/install/lib/python3.10/site-packages/ros2pkg/command
[1.278s] copying /workspace/foxy_ws/build/ros2pkg/build/lib/ros2pkg/command/pkg.py -> /workspace/foxy_ws/install/lib/python3.10/site-packages/ros2pkg/command
[1.278s] copying /workspace/foxy_ws/build/ros2pkg/build/lib/ros2pkg/command/__init__.py -> /workspace/foxy_ws/install/lib/python3.10/site-packages/ros2pkg/command
[1.278s] copying /workspace/foxy_ws/build/ros2pkg/build/lib/ros2pkg/__init__.py -> /workspace/foxy_ws/install/lib/python3.10/site-packages/ros2pkg
[1.279s] byte-compiling /workspace/foxy_ws/install/lib/python3.10/site-packages/ros2pkg/api/__init__.py to __init__.cpython-310.pyc
[1.279s] byte-compiling /workspace/foxy_ws/install/lib/python3.10/site-packages/ros2pkg/api/create.py to create.cpython-310.pyc
[1.280s] byte-compiling /workspace/foxy_ws/install/lib/python3.10/site-packages/ros2pkg/verb/executables.py to executables.cpython-310.pyc
[1.280s] byte-compiling /workspace/foxy_ws/install/lib/python3.10/site-packages/ros2pkg/verb/xml.py to xml.cpython-310.pyc
[1.281s] byte-compiling /workspace/foxy_ws/install/lib/python3.10/site-packages/ros2pkg/verb/list.py to list.cpython-310.pyc
[1.281s] byte-compiling /workspace/foxy_ws/install/lib/python3.10/site-packages/ros2pkg/verb/prefix.py to prefix.cpython-310.pyc
[1.281s] byte-compiling /workspace/foxy_ws/install/lib/python3.10/site-packages/ros2pkg/verb/__init__.py to __init__.cpython-310.pyc
[1.281s] byte-compiling /workspace/foxy_ws/install/lib/python3.10/site-packages/ros2pkg/verb/create.py to create.cpython-310.pyc
[1.282s] byte-compiling /workspace/foxy_ws/install/lib/python3.10/site-packages/ros2pkg/command/pkg.py to pkg.cpython-310.pyc
[1.282s] byte-compiling /workspace/foxy_ws/install/lib/python3.10/site-packages/ros2pkg/command/__init__.py to __init__.cpython-310.pyc
[1.282s] byte-compiling /workspace/foxy_ws/install/lib/python3.10/site-packages/ros2pkg/__init__.py to __init__.cpython-310.pyc
[1.282s] running install_data
[1.283s] copying package.xml -> /workspace/foxy_ws/install/share/ros2pkg
[1.283s] copying resource/ros2pkg -> /workspace/foxy_ws/install/share/ament_index/resource_index/packages
[1.283s] running install_egg_info
[1.284s] Copying ../../../build/ros2pkg/ros2pkg.egg-info to /workspace/foxy_ws/install/lib/python3.10/site-packages/ros2pkg-0.9.13-py3.10.egg-info
[1.285s] running install_scripts
[1.305s] writing list of installed files to '/workspace/foxy_ws/build/ros2pkg/install.log'
[1.338s] Invoked command in '/workspace/foxy_ws/src/ros2cli/ros2pkg' returned '0': AMENT_PREFIX_PATH=/workspace/foxy_ws/install CMAKE_PREFIX_PATH=/workspace/foxy_ws/install LD_LIBRARY_PATH=/workspace/foxy_ws/install/lib PATH=/workspace/foxy_ws/install/bin:${PATH} PKG_CONFIG_PATH=/workspace/foxy_ws/install/lib/x86_64-linux-gnu/pkgconfig:/workspace/foxy_ws/install/lib/pkgconfig PYTHONPATH=/workspace/foxy_ws/build/ros2pkg/prefix_override:/workspace/foxy_ws/install/lib/python3.10/site-packages:/workspace/foxy_ws/install/lib/python3.10/site-packages /usr/bin/python3 -W ignore:setup.py install is deprecated setup.py egg_info --egg-base ../../../build/ros2pkg build --build-base /workspace/foxy_ws/build/ros2pkg/build install --record /workspace/foxy_ws/build/ros2pkg/install.log --single-version-externally-managed install_data
