Determining if the pthread_kill exist failed with the following output:
Change Dir: /workspace/foxy_ws/build/fastrtps/CMakeFiles/CMakeTmp

Run Build Command(s):/usr/bin/make cmTC_64a15/fast && /usr/bin/make -f CMakeFiles/cmTC_64a15.dir/build.make CMakeFiles/cmTC_64a15.dir/build
make[1]: Entering directory '/workspace/foxy_ws/build/fastrtps/CMakeFiles/CMakeTmp'
Building C object CMakeFiles/cmTC_64a15.dir/CheckSymbolExists.c.o
/usr/bin/cc    -o CMakeFiles/cmTC_64a15.dir/CheckSymbolExists.c.o   -c /workspace/foxy_ws/build/fastrtps/CMakeFiles/CMakeTmp/CheckSymbolExists.c
/workspace/foxy_ws/build/fastrtps/CMakeFiles/CMakeTmp/CheckSymbolExists.c: In function ‘main’:
/workspace/foxy_ws/build/fastrtps/CMakeFiles/CMakeTmp/CheckSymbolExists.c:8:19: error: ‘pthread_kill’ undeclared (first use in this function); did you mean ‘pthread_self’?
    8 |   return ((int*)(&pthread_kill))[argc];
      |                   ^~~~~~~~~~~~
      |                   pthread_self
/workspace/foxy_ws/build/fastrtps/CMakeFiles/CMakeTmp/CheckSymbolExists.c:8:19: note: each undeclared identifier is reported only once for each function it appears in
make[1]: *** [CMakeFiles/cmTC_64a15.dir/build.make:66: CMakeFiles/cmTC_64a15.dir/CheckSymbolExists.c.o] Error 1
make[1]: Leaving directory '/workspace/foxy_ws/build/fastrtps/CMakeFiles/CMakeTmp'
make: *** [Makefile:121: cmTC_64a15/fast] Error 2


File /workspace/foxy_ws/build/fastrtps/CMakeFiles/CMakeTmp/CheckSymbolExists.c:
/* */
#include <pthread.h>

int main(int argc, char** argv)
{
  (void)argv;
#ifndef pthread_kill
  return ((int*)(&pthread_kill))[argc];
#else
  (void)argc;
  return 0;
#endif
}
Determining if the function pthread_create exists in the pthreads failed with the following output:
Change Dir: /workspace/foxy_ws/build/fastrtps/CMakeFiles/CMakeTmp

Run Build Command(s):/usr/bin/make cmTC_ae43b/fast && /usr/bin/make -f CMakeFiles/cmTC_ae43b.dir/build.make CMakeFiles/cmTC_ae43b.dir/build
make[1]: Entering directory '/workspace/foxy_ws/build/fastrtps/CMakeFiles/CMakeTmp'
Building C object CMakeFiles/cmTC_ae43b.dir/CheckFunctionExists.c.o
/usr/bin/cc   -DCHECK_FUNCTION_EXISTS=pthread_create   -o CMakeFiles/cmTC_ae43b.dir/CheckFunctionExists.c.o   -c /usr/share/cmake-3.16/Modules/CheckFunctionExists.c
Linking C executable cmTC_ae43b
/usr/bin/cmake -E cmake_link_script CMakeFiles/cmTC_ae43b.dir/link.txt --verbose=1
/usr/bin/cc  -DCHECK_FUNCTION_EXISTS=pthread_create    CMakeFiles/cmTC_ae43b.dir/CheckFunctionExists.c.o  -o cmTC_ae43b  -lpthreads 
/usr/bin/ld: cannot find -lpthreads
collect2: error: ld returned 1 exit status
make[1]: *** [CMakeFiles/cmTC_ae43b.dir/build.make:87: cmTC_ae43b] Error 1
make[1]: Leaving directory '/workspace/foxy_ws/build/fastrtps/CMakeFiles/CMakeTmp'
make: *** [Makefile:121: cmTC_ae43b/fast] Error 2



