running egg_info
creating ../../build/ament_package/ament_package.egg-info
writing ../../build/ament_package/ament_package.egg-info/PKG-INFO
writing dependency_links to ../../build/ament_package/ament_package.egg-info/dependency_links.txt
writing top-level names to ../../build/ament_package/ament_package.egg-info/top_level.txt
writing manifest file '../../build/ament_package/ament_package.egg-info/SOURCES.txt'
reading manifest file '../../build/ament_package/ament_package.egg-info/SOURCES.txt'
adding license file 'LICENSE'
writing manifest file '../../build/ament_package/ament_package.egg-info/SOURCES.txt'
running build
running build_py
creating /workspace/foxy_ws/build/ament_package/build
creating /workspace/foxy_ws/build/ament_package/build/lib
creating /workspace/foxy_ws/build/ament_package/build/lib/ament_package
copying ament_package/templates.py -> /workspace/foxy_ws/build/ament_package/build/lib/ament_package
copying ament_package/__init__.py -> /workspace/foxy_ws/build/ament_package/build/lib/ament_package
creating /workspace/foxy_ws/build/ament_package/build/lib/ament_package/template
creating /workspace/foxy_ws/build/ament_package/build/lib/ament_package/template/environment_hook
copying ament_package/template/environment_hook/path.bat -> /workspace/foxy_ws/build/ament_package/build/lib/ament_package/template/environment_hook
copying ament_package/template/environment_hook/library_path.sh -> /workspace/foxy_ws/build/ament_package/build/lib/ament_package/template/environment_hook
copying ament_package/template/environment_hook/pkg_config_path.sh -> /workspace/foxy_ws/build/ament_package/build/lib/ament_package/template/environment_hook
copying ament_package/template/environment_hook/path.sh -> /workspace/foxy_ws/build/ament_package/build/lib/ament_package/template/environment_hook
copying ament_package/template/environment_hook/pkg_config_path.bat -> /workspace/foxy_ws/build/ament_package/build/lib/ament_package/template/environment_hook
copying ament_package/template/environment_hook/pythonpath.bat.in -> /workspace/foxy_ws/build/ament_package/build/lib/ament_package/template/environment_hook
copying ament_package/template/environment_hook/ament_prefix_path.bat -> /workspace/foxy_ws/build/ament_package/build/lib/ament_package/template/environment_hook
copying ament_package/template/environment_hook/pythonpath.sh.in -> /workspace/foxy_ws/build/ament_package/build/lib/ament_package/template/environment_hook
copying ament_package/template/environment_hook/ament_prefix_path.sh -> /workspace/foxy_ws/build/ament_package/build/lib/ament_package/template/environment_hook
creating /workspace/foxy_ws/build/ament_package/build/lib/ament_package/template/isolated_prefix_level
copying ament_package/template/isolated_prefix_level/local_setup.bash -> /workspace/foxy_ws/build/ament_package/build/lib/ament_package/template/isolated_prefix_level
copying ament_package/template/isolated_prefix_level/local_setup.bat.in -> /workspace/foxy_ws/build/ament_package/build/lib/ament_package/template/isolated_prefix_level
copying ament_package/template/isolated_prefix_level/_order_isolated_packages.py -> /workspace/foxy_ws/build/ament_package/build/lib/ament_package/template/isolated_prefix_level
copying ament_package/template/isolated_prefix_level/local_setup.sh.in -> /workspace/foxy_ws/build/ament_package/build/lib/ament_package/template/isolated_prefix_level
copying ament_package/template/isolated_prefix_level/local_setup.zsh -> /workspace/foxy_ws/build/ament_package/build/lib/ament_package/template/isolated_prefix_level
creating /workspace/foxy_ws/build/ament_package/build/lib/ament_package/template/package_level
copying ament_package/template/package_level/local_setup.bat.in -> /workspace/foxy_ws/build/ament_package/build/lib/ament_package/template/package_level
copying ament_package/template/package_level/local_setup.bash.in -> /workspace/foxy_ws/build/ament_package/build/lib/ament_package/template/package_level
copying ament_package/template/package_level/local_setup.zsh.in -> /workspace/foxy_ws/build/ament_package/build/lib/ament_package/template/package_level
copying ament_package/template/package_level/local_setup.sh.in -> /workspace/foxy_ws/build/ament_package/build/lib/ament_package/template/package_level
creating /workspace/foxy_ws/build/ament_package/build/lib/ament_package/template/prefix_level
copying ament_package/template/prefix_level/setup.sh.in -> /workspace/foxy_ws/build/ament_package/build/lib/ament_package/template/prefix_level
copying ament_package/template/prefix_level/local_setup.bash -> /workspace/foxy_ws/build/ament_package/build/lib/ament_package/template/prefix_level
copying ament_package/template/prefix_level/setup.bat.in -> /workspace/foxy_ws/build/ament_package/build/lib/ament_package/template/prefix_level
copying ament_package/template/prefix_level/_local_setup_util.py -> /workspace/foxy_ws/build/ament_package/build/lib/ament_package/template/prefix_level
copying ament_package/template/prefix_level/local_setup.bat.in -> /workspace/foxy_ws/build/ament_package/build/lib/ament_package/template/prefix_level
copying ament_package/template/prefix_level/setup.zsh -> /workspace/foxy_ws/build/ament_package/build/lib/ament_package/template/prefix_level
copying ament_package/template/prefix_level/setup.bash -> /workspace/foxy_ws/build/ament_package/build/lib/ament_package/template/prefix_level
copying ament_package/template/prefix_level/local_setup.sh.in -> /workspace/foxy_ws/build/ament_package/build/lib/ament_package/template/prefix_level
copying ament_package/template/prefix_level/local_setup.zsh -> /workspace/foxy_ws/build/ament_package/build/lib/ament_package/template/prefix_level
running install
running install_lib
creating /workspace/foxy_ws/install/lib/python3.10/site-packages/ament_package
copying /workspace/foxy_ws/build/ament_package/build/lib/ament_package/templates.py -> /workspace/foxy_ws/install/lib/python3.10/site-packages/ament_package
creating /workspace/foxy_ws/install/lib/python3.10/site-packages/ament_package/template
creating /workspace/foxy_ws/install/lib/python3.10/site-packages/ament_package/template/isolated_prefix_level
copying /workspace/foxy_ws/build/ament_package/build/lib/ament_package/template/isolated_prefix_level/local_setup.bash -> /workspace/foxy_ws/install/lib/python3.10/site-packages/ament_package/template/isolated_prefix_level
copying /workspace/foxy_ws/build/ament_package/build/lib/ament_package/template/isolated_prefix_level/local_setup.bat.in -> /workspace/foxy_ws/install/lib/python3.10/site-packages/ament_package/template/isolated_prefix_level
copying /workspace/foxy_ws/build/ament_package/build/lib/ament_package/template/isolated_prefix_level/_order_isolated_packages.py -> /workspace/foxy_ws/install/lib/python3.10/site-packages/ament_package/template/isolated_prefix_level
copying /workspace/foxy_ws/build/ament_package/build/lib/ament_package/template/isolated_prefix_level/local_setup.sh.in -> /workspace/foxy_ws/install/lib/python3.10/site-packages/ament_package/template/isolated_prefix_level
copying /workspace/foxy_ws/build/ament_package/build/lib/ament_package/template/isolated_prefix_level/local_setup.zsh -> /workspace/foxy_ws/install/lib/python3.10/site-packages/ament_package/template/isolated_prefix_level
creating /workspace/foxy_ws/install/lib/python3.10/site-packages/ament_package/template/package_level
copying /workspace/foxy_ws/build/ament_package/build/lib/ament_package/template/package_level/local_setup.bat.in -> /workspace/foxy_ws/install/lib/python3.10/site-packages/ament_package/template/package_level
copying /workspace/foxy_ws/build/ament_package/build/lib/ament_package/template/package_level/local_setup.bash.in -> /workspace/foxy_ws/install/lib/python3.10/site-packages/ament_package/template/package_level
copying /workspace/foxy_ws/build/ament_package/build/lib/ament_package/template/package_level/local_setup.zsh.in -> /workspace/foxy_ws/install/lib/python3.10/site-packages/ament_package/template/package_level
copying /workspace/foxy_ws/build/ament_package/build/lib/ament_package/template/package_level/local_setup.sh.in -> /workspace/foxy_ws/install/lib/python3.10/site-packages/ament_package/template/package_level
creating /workspace/foxy_ws/install/lib/python3.10/site-packages/ament_package/template/environment_hook
copying /workspace/foxy_ws/build/ament_package/build/lib/ament_package/template/environment_hook/path.bat -> /workspace/foxy_ws/install/lib/python3.10/site-packages/ament_package/template/environment_hook
copying /workspace/foxy_ws/build/ament_package/build/lib/ament_package/template/environment_hook/library_path.sh -> /workspace/foxy_ws/install/lib/python3.10/site-packages/ament_package/template/environment_hook
copying /workspace/foxy_ws/build/ament_package/build/lib/ament_package/template/environment_hook/pkg_config_path.sh -> /workspace/foxy_ws/install/lib/python3.10/site-packages/ament_package/template/environment_hook
copying /workspace/foxy_ws/build/ament_package/build/lib/ament_package/template/environment_hook/path.sh -> /workspace/foxy_ws/install/lib/python3.10/site-packages/ament_package/template/environment_hook
copying /workspace/foxy_ws/build/ament_package/build/lib/ament_package/template/environment_hook/pkg_config_path.bat -> /workspace/foxy_ws/install/lib/python3.10/site-packages/ament_package/template/environment_hook
copying /workspace/foxy_ws/build/ament_package/build/lib/ament_package/template/environment_hook/pythonpath.bat.in -> /workspace/foxy_ws/install/lib/python3.10/site-packages/ament_package/template/environment_hook
copying /workspace/foxy_ws/build/ament_package/build/lib/ament_package/template/environment_hook/ament_prefix_path.bat -> /workspace/foxy_ws/install/lib/python3.10/site-packages/ament_package/template/environment_hook
copying /workspace/foxy_ws/build/ament_package/build/lib/ament_package/template/environment_hook/pythonpath.sh.in -> /workspace/foxy_ws/install/lib/python3.10/site-packages/ament_package/template/environment_hook
copying /workspace/foxy_ws/build/ament_package/build/lib/ament_package/template/environment_hook/ament_prefix_path.sh -> /workspace/foxy_ws/install/lib/python3.10/site-packages/ament_package/template/environment_hook
creating /workspace/foxy_ws/install/lib/python3.10/site-packages/ament_package/template/prefix_level
copying /workspace/foxy_ws/build/ament_package/build/lib/ament_package/template/prefix_level/setup.sh.in -> /workspace/foxy_ws/install/lib/python3.10/site-packages/ament_package/template/prefix_level
copying /workspace/foxy_ws/build/ament_package/build/lib/ament_package/template/prefix_level/local_setup.bash -> /workspace/foxy_ws/install/lib/python3.10/site-packages/ament_package/template/prefix_level
copying /workspace/foxy_ws/build/ament_package/build/lib/ament_package/template/prefix_level/setup.bat.in -> /workspace/foxy_ws/install/lib/python3.10/site-packages/ament_package/template/prefix_level
copying /workspace/foxy_ws/build/ament_package/build/lib/ament_package/template/prefix_level/_local_setup_util.py -> /workspace/foxy_ws/install/lib/python3.10/site-packages/ament_package/template/prefix_level
copying /workspace/foxy_ws/build/ament_package/build/lib/ament_package/template/prefix_level/local_setup.bat.in -> /workspace/foxy_ws/install/lib/python3.10/site-packages/ament_package/template/prefix_level
copying /workspace/foxy_ws/build/ament_package/build/lib/ament_package/template/prefix_level/setup.zsh -> /workspace/foxy_ws/install/lib/python3.10/site-packages/ament_package/template/prefix_level
copying /workspace/foxy_ws/build/ament_package/build/lib/ament_package/template/prefix_level/setup.bash -> /workspace/foxy_ws/install/lib/python3.10/site-packages/ament_package/template/prefix_level
copying /workspace/foxy_ws/build/ament_package/build/lib/ament_package/template/prefix_level/local_setup.sh.in -> /workspace/foxy_ws/install/lib/python3.10/site-packages/ament_package/template/prefix_level
copying /workspace/foxy_ws/build/ament_package/build/lib/ament_package/template/prefix_level/local_setup.zsh -> /workspace/foxy_ws/install/lib/python3.10/site-packages/ament_package/template/prefix_level
copying /workspace/foxy_ws/build/ament_package/build/lib/ament_package/__init__.py -> /workspace/foxy_ws/install/lib/python3.10/site-packages/ament_package
byte-compiling /workspace/foxy_ws/install/lib/python3.10/site-packages/ament_package/templates.py to templates.cpython-310.pyc
byte-compiling /workspace/foxy_ws/install/lib/python3.10/site-packages/ament_package/template/isolated_prefix_level/_order_isolated_packages.py to _order_isolated_packages.cpython-310.pyc
byte-compiling /workspace/foxy_ws/install/lib/python3.10/site-packages/ament_package/template/prefix_level/_local_setup_util.py to _local_setup_util.cpython-310.pyc
byte-compiling /workspace/foxy_ws/install/lib/python3.10/site-packages/ament_package/__init__.py to __init__.cpython-310.pyc
running install_data
copying package.xml -> /workspace/foxy_ws/install/share/ament_package
creating /workspace/foxy_ws/install/share/ament_index
creating /workspace/foxy_ws/install/share/ament_index/resource_index
creating /workspace/foxy_ws/install/share/ament_index/resource_index/packages
copying resource/ament_package -> /workspace/foxy_ws/install/share/ament_index/resource_index/packages
running install_egg_info
Copying ../../build/ament_package/ament_package.egg-info to /workspace/foxy_ws/install/lib/python3.10/site-packages/ament_package-0.9.5-py3.10.egg-info
running install_scripts
writing list of installed files to '/workspace/foxy_ws/build/ament_package/install.log'
