/workspace/foxy_ws/install/lib/python3.10/site-packages/ament_index_python/constants.py
/workspace/foxy_ws/install/lib/python3.10/site-packages/ament_index_python/search_paths.py
/workspace/foxy_ws/install/lib/python3.10/site-packages/ament_index_python/resources.py
/workspace/foxy_ws/install/lib/python3.10/site-packages/ament_index_python/cli.py
/workspace/foxy_ws/install/lib/python3.10/site-packages/ament_index_python/packages.py
/workspace/foxy_ws/install/lib/python3.10/site-packages/ament_index_python/__init__.py
/workspace/foxy_ws/install/lib/python3.10/site-packages/ament_index_python/__pycache__/constants.cpython-310.pyc
/workspace/foxy_ws/install/lib/python3.10/site-packages/ament_index_python/__pycache__/search_paths.cpython-310.pyc
/workspace/foxy_ws/install/lib/python3.10/site-packages/ament_index_python/__pycache__/resources.cpython-310.pyc
/workspace/foxy_ws/install/lib/python3.10/site-packages/ament_index_python/__pycache__/cli.cpython-310.pyc
/workspace/foxy_ws/install/lib/python3.10/site-packages/ament_index_python/__pycache__/packages.cpython-310.pyc
/workspace/foxy_ws/install/lib/python3.10/site-packages/ament_index_python/__pycache__/__init__.cpython-310.pyc
/workspace/foxy_ws/install/share/ament_index_python/package.xml
/workspace/foxy_ws/install/share/ament_index_python/environment/ament_index-argcomplete.bash
/workspace/foxy_ws/install/share/ament_index_python/environment/ament_index-argcomplete.zsh
/workspace/foxy_ws/install/share/ament_index/resource_index/packages/ament_index_python
/workspace/foxy_ws/install/lib/python3.10/site-packages/ament_index_python-1.1.0-py3.10.egg-info/entry_points.txt
/workspace/foxy_ws/install/lib/python3.10/site-packages/ament_index_python-1.1.0-py3.10.egg-info/dependency_links.txt
/workspace/foxy_ws/install/lib/python3.10/site-packages/ament_index_python-1.1.0-py3.10.egg-info/zip-safe
/workspace/foxy_ws/install/lib/python3.10/site-packages/ament_index_python-1.1.0-py3.10.egg-info/top_level.txt
/workspace/foxy_ws/install/lib/python3.10/site-packages/ament_index_python-1.1.0-py3.10.egg-info/requires.txt
/workspace/foxy_ws/install/lib/python3.10/site-packages/ament_index_python-1.1.0-py3.10.egg-info/SOURCES.txt
/workspace/foxy_ws/install/lib/python3.10/site-packages/ament_index_python-1.1.0-py3.10.egg-info/PKG-INFO
/workspace/foxy_ws/install/bin/ament_index
