-- Found ament_cmake: 0.9.12 (/workspace/foxy_ws/install/share/ament_cmake/cmake)
-- Found PythonInterp: /usr/bin/python3 (found suitable version "3.10.14", minimum required is "3") 
-- Using PYTHON_EXECUTABLE: /usr/bin/python3
<string>:1: DeprecationWarning: The distutils package is deprecated and slated for removal in Python 3.12. Use setuptools or check PEP 632 for potential alternatives
<string>:1: DeprecationWarning: The distutils.sysconfig module is deprecated, use sysconfig instead
-- Found ament_lint_auto: 0.9.8 (/workspace/foxy_ws/install/share/ament_lint_auto/cmake)
-- Added test 'copyright' to check source files copyright and LICENSE
-- Added test 'flake8' to check Python code syntax and style conventions
-- Added test 'lint_cmake' to check CMake code style
-- Added test 'pep257' to check Python code against some of the style conventions in PEP 257
-- Added test 'xmllint' to check XML markup files
-- Configuring done
-- Generating done
-- Build files have been written to: /workspace/foxy_ws/build/rosidl_cmake
-- Install configuration: ""
-- Installing: /workspace/foxy_ws/install/share/rosidl_cmake/environment/pythonpath.sh
-- Installing: /workspace/foxy_ws/install/share/rosidl_cmake/environment/pythonpath.dsv
-- Installing: /workspace/foxy_ws/install/lib/python3.10/site-packages/rosidl_cmake
-- Installing: /workspace/foxy_ws/install/lib/python3.10/site-packages/rosidl_cmake/__init__.py
Listing '/workspace/foxy_ws/install/lib/python3.10/site-packages/rosidl_cmake'...
Compiling '/workspace/foxy_ws/install/lib/python3.10/site-packages/rosidl_cmake/__init__.py'...
-- Installing: /workspace/foxy_ws/install/share/ament_index/resource_index/package_run_dependencies/rosidl_cmake
-- Installing: /workspace/foxy_ws/install/share/ament_index/resource_index/parent_prefix_path/rosidl_cmake
-- Installing: /workspace/foxy_ws/install/share/rosidl_cmake/environment/ament_prefix_path.sh
-- Installing: /workspace/foxy_ws/install/share/rosidl_cmake/environment/ament_prefix_path.dsv
-- Installing: /workspace/foxy_ws/install/share/rosidl_cmake/environment/path.sh
-- Installing: /workspace/foxy_ws/install/share/rosidl_cmake/environment/path.dsv
-- Installing: /workspace/foxy_ws/install/share/rosidl_cmake/local_setup.bash
-- Installing: /workspace/foxy_ws/install/share/rosidl_cmake/local_setup.sh
-- Installing: /workspace/foxy_ws/install/share/rosidl_cmake/local_setup.zsh
-- Installing: /workspace/foxy_ws/install/share/rosidl_cmake/local_setup.dsv
-- Installing: /workspace/foxy_ws/install/share/rosidl_cmake/package.dsv
-- Installing: /workspace/foxy_ws/install/share/ament_index/resource_index/packages/rosidl_cmake
-- Installing: /workspace/foxy_ws/install/share/rosidl_cmake/cmake/rosidl_cmake-extras.cmake
-- Installing: /workspace/foxy_ws/install/share/rosidl_cmake/cmake/rosidl_cmakeConfig.cmake
-- Installing: /workspace/foxy_ws/install/share/rosidl_cmake/cmake/rosidl_cmakeConfig-version.cmake
-- Installing: /workspace/foxy_ws/install/share/rosidl_cmake/package.xml
-- Up-to-date: /workspace/foxy_ws/install/share/rosidl_cmake/cmake
-- Installing: /workspace/foxy_ws/install/share/rosidl_cmake/cmake/rosidl_target_interfaces.cmake
-- Installing: /workspace/foxy_ws/install/share/rosidl_cmake/cmake/rosidl_export_typesupport_targets.cmake
-- Installing: /workspace/foxy_ws/install/share/rosidl_cmake/cmake/string_camel_case_to_lower_case_underscore.cmake
-- Installing: /workspace/foxy_ws/install/share/rosidl_cmake/cmake/rosidl_cmake_export_typesupport_libraries_package_hook.cmake
-- Installing: /workspace/foxy_ws/install/share/rosidl_cmake/cmake/rosidl_export_typesupport_libraries.cmake
-- Installing: /workspace/foxy_ws/install/share/rosidl_cmake/cmake/rosidl_generate_interfaces.cmake
-- Installing: /workspace/foxy_ws/install/share/rosidl_cmake/cmake/rosidl_cmake_export_typesupport_targets-extras.cmake.in
-- Installing: /workspace/foxy_ws/install/share/rosidl_cmake/cmake/rosidl_cmake_export_typesupport_libraries-extras.cmake.in
-- Installing: /workspace/foxy_ws/install/share/rosidl_cmake/cmake/rosidl_cmake-extras.cmake.in
-- Installing: /workspace/foxy_ws/install/share/rosidl_cmake/cmake/rosidl_cmake_package_hook.cmake
-- Installing: /workspace/foxy_ws/install/share/rosidl_cmake/cmake/rosidl_cmake_export_typesupport_targets_package_hook.cmake
-- Installing: /workspace/foxy_ws/install/share/rosidl_cmake/cmake/rosidl_write_generator_arguments.cmake
