[0.051s] Invoking command in '/workspace/foxy_ws/build/rosidl_cmake': AMENT_PREFIX_PATH=/workspace/foxy_ws/install CMAKE_PREFIX_PATH=/workspace/foxy_ws/install LD_LIBRARY_PATH=/workspace/foxy_ws/install/lib PATH=/workspace/foxy_ws/install/bin:${PATH} PYTHONPATH=/workspace/foxy_ws/install/lib/python3.10/site-packages /usr/bin/cmake /workspace/foxy_ws/src/rosidl/rosidl_cmake -DCMAKE_INSTALL_PREFIX=/workspace/foxy_ws/install
[0.068s] -- Found ament_cmake: 0.9.12 (/workspace/foxy_ws/install/share/ament_cmake/cmake)
[0.086s] -- Found PythonInterp: /usr/bin/python3 (found suitable version "3.10.14", minimum required is "3") 
[0.086s] -- Using PYTHON_EXECUTABLE: /usr/bin/python3
[0.309s] <string>:1: DeprecationWarning: The distutils package is deprecated and slated for removal in Python 3.12. Use setuptools or check PEP 632 for potential alternatives
[0.311s] <string>:1: DeprecationWarning: The distutils.sysconfig module is deprecated, use sysconfig instead
[0.317s] -- Found ament_lint_auto: 0.9.8 (/workspace/foxy_ws/install/share/ament_lint_auto/cmake)
[0.401s] -- Added test 'copyright' to check source files copyright and LICENSE
[0.412s] -- Added test 'flake8' to check Python code syntax and style conventions
[0.413s] -- Added test 'lint_cmake' to check CMake code style
[0.414s] -- Added test 'pep257' to check Python code against some of the style conventions in PEP 257
[0.420s] -- Added test 'xmllint' to check XML markup files
[0.425s] -- Configuring done
[0.428s] -- Generating done
[0.429s] -- Build files have been written to: /workspace/foxy_ws/build/rosidl_cmake
[0.432s] Invoked command in '/workspace/foxy_ws/build/rosidl_cmake' returned '0': AMENT_PREFIX_PATH=/workspace/foxy_ws/install CMAKE_PREFIX_PATH=/workspace/foxy_ws/install LD_LIBRARY_PATH=/workspace/foxy_ws/install/lib PATH=/workspace/foxy_ws/install/bin:${PATH} PYTHONPATH=/workspace/foxy_ws/install/lib/python3.10/site-packages /usr/bin/cmake /workspace/foxy_ws/src/rosidl/rosidl_cmake -DCMAKE_INSTALL_PREFIX=/workspace/foxy_ws/install
[0.432s] Invoking command in '/workspace/foxy_ws/build/rosidl_cmake': AMENT_PREFIX_PATH=/workspace/foxy_ws/install CMAKE_PREFIX_PATH=/workspace/foxy_ws/install LD_LIBRARY_PATH=/workspace/foxy_ws/install/lib PATH=/workspace/foxy_ws/install/bin:${PATH} PYTHONPATH=/workspace/foxy_ws/install/lib/python3.10/site-packages /usr/bin/cmake --build /workspace/foxy_ws/build/rosidl_cmake -- -j12 -l12
[0.489s] Invoked command in '/workspace/foxy_ws/build/rosidl_cmake' returned '0': AMENT_PREFIX_PATH=/workspace/foxy_ws/install CMAKE_PREFIX_PATH=/workspace/foxy_ws/install LD_LIBRARY_PATH=/workspace/foxy_ws/install/lib PATH=/workspace/foxy_ws/install/bin:${PATH} PYTHONPATH=/workspace/foxy_ws/install/lib/python3.10/site-packages /usr/bin/cmake --build /workspace/foxy_ws/build/rosidl_cmake -- -j12 -l12
[0.502s] Invoking command in '/workspace/foxy_ws/build/rosidl_cmake': AMENT_PREFIX_PATH=/workspace/foxy_ws/install CMAKE_PREFIX_PATH=/workspace/foxy_ws/install LD_LIBRARY_PATH=/workspace/foxy_ws/install/lib PATH=/workspace/foxy_ws/install/bin:${PATH} PYTHONPATH=/workspace/foxy_ws/install/lib/python3.10/site-packages /usr/bin/cmake --install /workspace/foxy_ws/build/rosidl_cmake
[0.511s] -- Install configuration: ""
[0.512s] -- Installing: /workspace/foxy_ws/install/share/rosidl_cmake/environment/pythonpath.sh
[0.512s] -- Installing: /workspace/foxy_ws/install/share/rosidl_cmake/environment/pythonpath.dsv
[0.512s] -- Installing: /workspace/foxy_ws/install/lib/python3.10/site-packages/rosidl_cmake
[0.512s] -- Installing: /workspace/foxy_ws/install/lib/python3.10/site-packages/rosidl_cmake/__init__.py
[0.539s] Listing '/workspace/foxy_ws/install/lib/python3.10/site-packages/rosidl_cmake'...
[0.540s] Compiling '/workspace/foxy_ws/install/lib/python3.10/site-packages/rosidl_cmake/__init__.py'...
[0.546s] -- Installing: /workspace/foxy_ws/install/share/ament_index/resource_index/package_run_dependencies/rosidl_cmake
[0.546s] -- Installing: /workspace/foxy_ws/install/share/ament_index/resource_index/parent_prefix_path/rosidl_cmake
[0.546s] -- Installing: /workspace/foxy_ws/install/share/rosidl_cmake/environment/ament_prefix_path.sh
[0.546s] -- Installing: /workspace/foxy_ws/install/share/rosidl_cmake/environment/ament_prefix_path.dsv
[0.546s] -- Installing: /workspace/foxy_ws/install/share/rosidl_cmake/environment/path.sh
[0.547s] -- Installing: /workspace/foxy_ws/install/share/rosidl_cmake/environment/path.dsv
[0.547s] -- Installing: /workspace/foxy_ws/install/share/rosidl_cmake/local_setup.bash
[0.547s] -- Installing: /workspace/foxy_ws/install/share/rosidl_cmake/local_setup.sh
[0.547s] -- Installing: /workspace/foxy_ws/install/share/rosidl_cmake/local_setup.zsh
[0.547s] -- Installing: /workspace/foxy_ws/install/share/rosidl_cmake/local_setup.dsv
[0.547s] -- Installing: /workspace/foxy_ws/install/share/rosidl_cmake/package.dsv
[0.547s] -- Installing: /workspace/foxy_ws/install/share/ament_index/resource_index/packages/rosidl_cmake
[0.547s] -- Installing: /workspace/foxy_ws/install/share/rosidl_cmake/cmake/rosidl_cmake-extras.cmake
[0.547s] -- Installing: /workspace/foxy_ws/install/share/rosidl_cmake/cmake/rosidl_cmakeConfig.cmake
[0.548s] -- Installing: /workspace/foxy_ws/install/share/rosidl_cmake/cmake/rosidl_cmakeConfig-version.cmake
[0.548s] -- Installing: /workspace/foxy_ws/install/share/rosidl_cmake/package.xml
[0.548s] -- Up-to-date: /workspace/foxy_ws/install/share/rosidl_cmake/cmake
[0.548s] -- Installing: /workspace/foxy_ws/install/share/rosidl_cmake/cmake/rosidl_target_interfaces.cmake
[0.548s] -- Installing: /workspace/foxy_ws/install/share/rosidl_cmake/cmake/rosidl_export_typesupport_targets.cmake
[0.548s] -- Installing: /workspace/foxy_ws/install/share/rosidl_cmake/cmake/string_camel_case_to_lower_case_underscore.cmake
[0.549s] -- Installing: /workspace/foxy_ws/install/share/rosidl_cmake/cmake/rosidl_cmake_export_typesupport_libraries_package_hook.cmake
[0.549s] -- Installing: /workspace/foxy_ws/install/share/rosidl_cmake/cmake/rosidl_export_typesupport_libraries.cmake
[0.549s] -- Installing: /workspace/foxy_ws/install/share/rosidl_cmake/cmake/rosidl_generate_interfaces.cmake
[0.549s] -- Installing: /workspace/foxy_ws/install/share/rosidl_cmake/cmake/rosidl_cmake_export_typesupport_targets-extras.cmake.in
[0.550s] -- Installing: /workspace/foxy_ws/install/share/rosidl_cmake/cmake/rosidl_cmake_export_typesupport_libraries-extras.cmake.in
[0.550s] -- Installing: /workspace/foxy_ws/install/share/rosidl_cmake/cmake/rosidl_cmake-extras.cmake.in
[0.550s] -- Installing: /workspace/foxy_ws/install/share/rosidl_cmake/cmake/rosidl_cmake_package_hook.cmake
[0.550s] -- Installing: /workspace/foxy_ws/install/share/rosidl_cmake/cmake/rosidl_cmake_export_typesupport_targets_package_hook.cmake
[0.550s] -- Installing: /workspace/foxy_ws/install/share/rosidl_cmake/cmake/rosidl_write_generator_arguments.cmake
[0.553s] Invoked command in '/workspace/foxy_ws/build/rosidl_cmake' returned '0': AMENT_PREFIX_PATH=/workspace/foxy_ws/install CMAKE_PREFIX_PATH=/workspace/foxy_ws/install LD_LIBRARY_PATH=/workspace/foxy_ws/install/lib PATH=/workspace/foxy_ws/install/bin:${PATH} PYTHONPATH=/workspace/foxy_ws/install/lib/python3.10/site-packages /usr/bin/cmake --install /workspace/foxy_ws/build/rosidl_cmake
