[0.058s] Invoking command in '/workspace/foxy_ws/build/rosidl_runtime_cpp': AMENT_PREFIX_PATH=/workspace/foxy_ws/install CMAKE_PREFIX_PATH=/workspace/foxy_ws/install LD_LIBRARY_PATH=/workspace/foxy_ws/install/lib PATH=/workspace/foxy_ws/install/bin:${PATH} PKG_CONFIG_PATH=/workspace/foxy_ws/install/lib/x86_64-linux-gnu/pkgconfig:/workspace/foxy_ws/install/lib/pkgconfig PYTHONPATH=/workspace/foxy_ws/install/lib/python3.10/site-packages /usr/bin/cmake /workspace/foxy_ws/src/rosidl/rosidl_runtime_cpp -DCMAKE_INSTALL_PREFIX=/workspace/foxy_ws/install
[0.102s] -- The C compiler identification is GNU 9.4.0
[0.154s] -- The CXX compiler identification is GNU 9.4.0
[0.158s] -- Check for working C compiler: /usr/bin/cc
[0.231s] -- Check for working C compiler: /usr/bin/cc -- works
[0.232s] -- Detecting C compiler ABI info
[0.293s] -- Detecting C compiler ABI info - done
[0.306s] -- Detecting C compile features
[0.306s] -- Detecting C compile features - done
[0.309s] -- Check for working CXX compiler: /usr/bin/c++
[0.419s] -- Check for working CXX compiler: /usr/bin/c++ -- works
[0.419s] -- Detecting CXX compiler ABI info
[0.588s] -- Detecting CXX compiler ABI info - done
[0.599s] -- Detecting CXX compile features
[0.600s] -- Detecting CXX compile features - done
[0.602s] -- Found ament_cmake: 0.9.12 (/workspace/foxy_ws/install/share/ament_cmake/cmake)
[0.623s] -- Found PythonInterp: /usr/bin/python3 (found suitable version "3.10.14", minimum required is "3") 
[0.624s] -- Using PYTHON_EXECUTABLE: /usr/bin/python3
[0.845s] -- Found ament_lint_auto: 0.9.8 (/workspace/foxy_ws/install/share/ament_lint_auto/cmake)
[0.846s] -- Found performance_test_fixture: 0.0.9 (/workspace/foxy_ws/install/share/performance_test_fixture/cmake)
[0.964s] -- Found gtest sources under '/workspace/foxy_ws/install/src/gtest_vendor': C++ tests using 'Google Test' will be built
[0.967s] -- Looking for pthread.h
[1.100s] -- Looking for pthread.h - found
[1.104s] -- Performing Test CMAKE_HAVE_LIBC_PTHREAD
[1.286s] -- Performing Test CMAKE_HAVE_LIBC_PTHREAD - Failed
[1.287s] -- Check if compiler accepts -pthread
[1.478s] -- Check if compiler accepts -pthread - yes
[1.478s] -- Found Threads: TRUE  
[1.478s] -- Performance tests are disabled by default, so Google Benchmark tests will be skipped. To enable these tests, set the CMake variable 'AMENT_RUN_PERFORMANCE_TESTS'.
[1.480s] -- Added test 'copyright' to check source files copyright and LICENSE
[1.487s] -- Added test 'cppcheck' to perform static code analysis on C / C++ code
[1.487s] -- Configured cppcheck include dirs: /workspace/foxy_ws/install/include;$<BUILD_INTERFACE:/workspace/foxy_ws/src/rosidl/rosidl_runtime_cpp/include>;/workspace/foxy_ws/src/rosidl/rosidl_runtime_cpp/include
[1.488s] -- Configured cppcheck exclude dirs and/or files: 
[1.493s] -- Added test 'cpplint' to check C / C++ code against the Google style
[1.494s] -- Configured cpplint exclude dirs and/or files: 
[1.496s] -- Added test 'lint_cmake' to check CMake code style
[1.503s] -- Added test 'uncrustify' to check C / C++ code style
[1.503s] -- Configured uncrustify additional arguments: 
[1.505s] -- Added test 'xmllint' to check XML markup files
[1.510s] -- Configuring done
[1.522s] -- Generating done
[1.524s] -- Build files have been written to: /workspace/foxy_ws/build/rosidl_runtime_cpp
[1.531s] Invoked command in '/workspace/foxy_ws/build/rosidl_runtime_cpp' returned '0': AMENT_PREFIX_PATH=/workspace/foxy_ws/install CMAKE_PREFIX_PATH=/workspace/foxy_ws/install LD_LIBRARY_PATH=/workspace/foxy_ws/install/lib PATH=/workspace/foxy_ws/install/bin:${PATH} PKG_CONFIG_PATH=/workspace/foxy_ws/install/lib/x86_64-linux-gnu/pkgconfig:/workspace/foxy_ws/install/lib/pkgconfig PYTHONPATH=/workspace/foxy_ws/install/lib/python3.10/site-packages /usr/bin/cmake /workspace/foxy_ws/src/rosidl/rosidl_runtime_cpp -DCMAKE_INSTALL_PREFIX=/workspace/foxy_ws/install
[1.531s] Invoking command in '/workspace/foxy_ws/build/rosidl_runtime_cpp': AMENT_PREFIX_PATH=/workspace/foxy_ws/install CMAKE_PREFIX_PATH=/workspace/foxy_ws/install LD_LIBRARY_PATH=/workspace/foxy_ws/install/lib PATH=/workspace/foxy_ws/install/bin:${PATH} PKG_CONFIG_PATH=/workspace/foxy_ws/install/lib/x86_64-linux-gnu/pkgconfig:/workspace/foxy_ws/install/lib/pkgconfig PYTHONPATH=/workspace/foxy_ws/install/lib/python3.10/site-packages /usr/bin/cmake --build /workspace/foxy_ws/build/rosidl_runtime_cpp -- -j12 -l12
[1.586s] Scanning dependencies of target gtest_main
[1.592s] Scanning dependencies of target gtest
[1.598s] [ 12%] Building CXX object gtest/CMakeFiles/gtest_main.dir/src/gtest_main.cc.o
[1.606s] [ 25%] Building CXX object gtest/CMakeFiles/gtest.dir/src/gtest-all.cc.o
[1.614s] Scanning dependencies of target benchmark_bounded_vector
[1.676s] [ 37%] Building CXX object CMakeFiles/benchmark_bounded_vector.dir/test/benchmark/benchmark_bounded_vector.cpp.o
[2.675s] [ 50%] Linking CXX static library libgtest_main.a
[2.841s] [ 50%] Built target gtest_main
[3.979s] [ 62%] Linking CXX executable benchmark_bounded_vector
[4.310s] [ 62%] Built target benchmark_bounded_vector
[9.255s] [ 75%] Linking CXX static library libgtest.a
[9.529s] [ 75%] Built target gtest
[9.631s] Scanning dependencies of target test_bounded_vector
[9.681s] [ 87%] Building CXX object CMakeFiles/test_bounded_vector.dir/test/test_bounded_vector.cpp.o
[13.250s] [100%] Linking CXX executable test_bounded_vector
[13.950s] [100%] Built target test_bounded_vector
[13.985s] Invoked command in '/workspace/foxy_ws/build/rosidl_runtime_cpp' returned '0': AMENT_PREFIX_PATH=/workspace/foxy_ws/install CMAKE_PREFIX_PATH=/workspace/foxy_ws/install LD_LIBRARY_PATH=/workspace/foxy_ws/install/lib PATH=/workspace/foxy_ws/install/bin:${PATH} PKG_CONFIG_PATH=/workspace/foxy_ws/install/lib/x86_64-linux-gnu/pkgconfig:/workspace/foxy_ws/install/lib/pkgconfig PYTHONPATH=/workspace/foxy_ws/install/lib/python3.10/site-packages /usr/bin/cmake --build /workspace/foxy_ws/build/rosidl_runtime_cpp -- -j12 -l12
[14.319s] Invoking command in '/workspace/foxy_ws/build/rosidl_runtime_cpp': AMENT_PREFIX_PATH=/workspace/foxy_ws/install CMAKE_PREFIX_PATH=/workspace/foxy_ws/install LD_LIBRARY_PATH=/workspace/foxy_ws/install/lib PATH=/workspace/foxy_ws/install/bin:${PATH} PKG_CONFIG_PATH=/workspace/foxy_ws/install/lib/x86_64-linux-gnu/pkgconfig:/workspace/foxy_ws/install/lib/pkgconfig PYTHONPATH=/workspace/foxy_ws/install/lib/python3.10/site-packages /usr/bin/cmake --install /workspace/foxy_ws/build/rosidl_runtime_cpp
[14.348s] -- Install configuration: ""
[14.348s] -- Installing: /workspace/foxy_ws/install/share/ament_index/resource_index/rosidl_runtime_packages/rosidl_runtime_cpp
[14.349s] -- Up-to-date: /workspace/foxy_ws/install/include
[14.349s] -- Installing: /workspace/foxy_ws/install/include/rosidl_typesupport_cpp
[14.349s] -- Installing: /workspace/foxy_ws/install/include/rosidl_typesupport_cpp/message_type_support.hpp
[14.354s] -- Installing: /workspace/foxy_ws/install/include/rosidl_typesupport_cpp/service_type_support.hpp
[14.354s] -- Installing: /workspace/foxy_ws/install/include/rosidl_typesupport_cpp/action_type_support.hpp
[14.358s] -- Installing: /workspace/foxy_ws/install/include/rosidl_runtime_cpp
[14.358s] -- Installing: /workspace/foxy_ws/install/include/rosidl_runtime_cpp/message_type_support_decl.hpp
[14.362s] -- Installing: /workspace/foxy_ws/install/include/rosidl_runtime_cpp/traits.hpp
[14.366s] -- Installing: /workspace/foxy_ws/install/include/rosidl_runtime_cpp/service_type_support_decl.hpp
[14.370s] -- Installing: /workspace/foxy_ws/install/include/rosidl_runtime_cpp/bounded_vector.hpp
[14.370s] -- Installing: /workspace/foxy_ws/install/include/rosidl_runtime_cpp/action_type_support_decl.hpp
[14.374s] -- Installing: /workspace/foxy_ws/install/include/rosidl_runtime_cpp/message_initialization.hpp
[14.378s] -- Installing: /workspace/foxy_ws/install/share/ament_index/resource_index/package_run_dependencies/rosidl_runtime_cpp
[14.378s] -- Installing: /workspace/foxy_ws/install/share/ament_index/resource_index/parent_prefix_path/rosidl_runtime_cpp
[14.379s] -- Installing: /workspace/foxy_ws/install/share/rosidl_runtime_cpp/environment/ament_prefix_path.sh
[14.380s] -- Installing: /workspace/foxy_ws/install/share/rosidl_runtime_cpp/environment/ament_prefix_path.dsv
[14.380s] -- Installing: /workspace/foxy_ws/install/share/rosidl_runtime_cpp/environment/path.sh
[14.380s] -- Installing: /workspace/foxy_ws/install/share/rosidl_runtime_cpp/environment/path.dsv
[14.381s] -- Installing: /workspace/foxy_ws/install/share/rosidl_runtime_cpp/local_setup.bash
[14.381s] -- Installing: /workspace/foxy_ws/install/share/rosidl_runtime_cpp/local_setup.sh
[14.382s] -- Installing: /workspace/foxy_ws/install/share/rosidl_runtime_cpp/local_setup.zsh
[14.382s] -- Installing: /workspace/foxy_ws/install/share/rosidl_runtime_cpp/local_setup.dsv
[14.382s] -- Installing: /workspace/foxy_ws/install/share/rosidl_runtime_cpp/package.dsv
[14.383s] -- Installing: /workspace/foxy_ws/install/share/ament_index/resource_index/packages/rosidl_runtime_cpp
[14.394s] -- Installing: /workspace/foxy_ws/install/share/rosidl_runtime_cpp/cmake/rosidl_runtime_cppExport.cmake
[14.414s] -- Installing: /workspace/foxy_ws/install/share/rosidl_runtime_cpp/cmake/ament_cmake_export_include_directories-extras.cmake
[14.414s] -- Installing: /workspace/foxy_ws/install/share/rosidl_runtime_cpp/cmake/ament_cmake_export_targets-extras.cmake
[14.414s] -- Installing: /workspace/foxy_ws/install/share/rosidl_runtime_cpp/cmake/rosidl_runtime_cppConfig.cmake
[14.414s] -- Installing: /workspace/foxy_ws/install/share/rosidl_runtime_cpp/cmake/rosidl_runtime_cppConfig-version.cmake
[14.414s] -- Installing: /workspace/foxy_ws/install/share/rosidl_runtime_cpp/package.xml
[14.414s] Invoked command in '/workspace/foxy_ws/build/rosidl_runtime_cpp' returned '0': AMENT_PREFIX_PATH=/workspace/foxy_ws/install CMAKE_PREFIX_PATH=/workspace/foxy_ws/install LD_LIBRARY_PATH=/workspace/foxy_ws/install/lib PATH=/workspace/foxy_ws/install/bin:${PATH} PKG_CONFIG_PATH=/workspace/foxy_ws/install/lib/x86_64-linux-gnu/pkgconfig:/workspace/foxy_ws/install/lib/pkgconfig PYTHONPATH=/workspace/foxy_ws/install/lib/python3.10/site-packages /usr/bin/cmake --install /workspace/foxy_ws/build/rosidl_runtime_cpp
