[0.218s] Invoking command in '/workspace/foxy_ws/build/ament_cmake_export_libraries': AMENT_PREFIX_PATH=/workspace/foxy_ws/install CMAKE_PREFIX_PATH=/workspace/foxy_ws/install PATH=/workspace/foxy_ws/install/bin:${PATH} PYTHONPATH=/workspace/foxy_ws/install/lib/python3.10/site-packages /usr/bin/cmake /workspace/foxy_ws/src/ament_cmake/ament_cmake_export_libraries -DCMAKE_INSTALL_PREFIX=/workspace/foxy_ws/install
[0.393s] -- Found ament_cmake_core: 0.9.12 (/workspace/foxy_ws/install/share/ament_cmake_core/cmake)
[0.418s] -- Found PythonInterp: /usr/bin/python3 (found suitable version "3.10.14", minimum required is "3") 
[0.418s] -- Using PYTHON_EXECUTABLE: /usr/bin/python3
[1.363s] -- Configuring done
[1.365s] -- Generating done
[1.366s] -- Build files have been written to: /workspace/foxy_ws/build/ament_cmake_export_libraries
[1.385s] Invoked command in '/workspace/foxy_ws/build/ament_cmake_export_libraries' returned '0': AMENT_PREFIX_PATH=/workspace/foxy_ws/install CMAKE_PREFIX_PATH=/workspace/foxy_ws/install PATH=/workspace/foxy_ws/install/bin:${PATH} PYTHONPATH=/workspace/foxy_ws/install/lib/python3.10/site-packages /usr/bin/cmake /workspace/foxy_ws/src/ament_cmake/ament_cmake_export_libraries -DCMAKE_INSTALL_PREFIX=/workspace/foxy_ws/install
[1.385s] Invoking command in '/workspace/foxy_ws/build/ament_cmake_export_libraries': AMENT_PREFIX_PATH=/workspace/foxy_ws/install CMAKE_PREFIX_PATH=/workspace/foxy_ws/install PATH=/workspace/foxy_ws/install/bin:${PATH} PYTHONPATH=/workspace/foxy_ws/install/lib/python3.10/site-packages /usr/bin/cmake --build /workspace/foxy_ws/build/ament_cmake_export_libraries -- -j12 -l12
[1.949s] Invoked command in '/workspace/foxy_ws/build/ament_cmake_export_libraries' returned '0': AMENT_PREFIX_PATH=/workspace/foxy_ws/install CMAKE_PREFIX_PATH=/workspace/foxy_ws/install PATH=/workspace/foxy_ws/install/bin:${PATH} PYTHONPATH=/workspace/foxy_ws/install/lib/python3.10/site-packages /usr/bin/cmake --build /workspace/foxy_ws/build/ament_cmake_export_libraries -- -j12 -l12
[2.335s] Invoking command in '/workspace/foxy_ws/build/ament_cmake_export_libraries': AMENT_PREFIX_PATH=/workspace/foxy_ws/install CMAKE_PREFIX_PATH=/workspace/foxy_ws/install PATH=/workspace/foxy_ws/install/bin:${PATH} PYTHONPATH=/workspace/foxy_ws/install/lib/python3.10/site-packages /usr/bin/cmake --install /workspace/foxy_ws/build/ament_cmake_export_libraries
[2.460s] -- Install configuration: ""
[2.460s] -- Installing: /workspace/foxy_ws/install/share/ament_index/resource_index/package_run_dependencies/ament_cmake_export_libraries
[2.460s] -- Installing: /workspace/foxy_ws/install/share/ament_index/resource_index/parent_prefix_path/ament_cmake_export_libraries
[2.460s] -- Installing: /workspace/foxy_ws/install/share/ament_cmake_export_libraries/environment/ament_prefix_path.sh
[2.460s] -- Installing: /workspace/foxy_ws/install/share/ament_cmake_export_libraries/environment/ament_prefix_path.dsv
[2.460s] -- Installing: /workspace/foxy_ws/install/share/ament_cmake_export_libraries/environment/path.sh
[2.460s] -- Installing: /workspace/foxy_ws/install/share/ament_cmake_export_libraries/environment/path.dsv
[2.460s] -- Installing: /workspace/foxy_ws/install/share/ament_cmake_export_libraries/local_setup.bash
[2.461s] -- Installing: /workspace/foxy_ws/install/share/ament_cmake_export_libraries/local_setup.sh
[2.461s] -- Installing: /workspace/foxy_ws/install/share/ament_cmake_export_libraries/local_setup.zsh
[2.461s] -- Installing: /workspace/foxy_ws/install/share/ament_cmake_export_libraries/local_setup.dsv
[2.461s] -- Installing: /workspace/foxy_ws/install/share/ament_cmake_export_libraries/package.dsv
[2.461s] -- Installing: /workspace/foxy_ws/install/share/ament_index/resource_index/packages/ament_cmake_export_libraries
[2.461s] -- Installing: /workspace/foxy_ws/install/share/ament_cmake_export_libraries/cmake/ament_cmake_export_libraries-extras.cmake
[2.461s] -- Installing: /workspace/foxy_ws/install/share/ament_cmake_export_libraries/cmake/ament_cmake_export_librariesConfig.cmake
[2.461s] -- Installing: /workspace/foxy_ws/install/share/ament_cmake_export_libraries/cmake/ament_cmake_export_librariesConfig-version.cmake
[2.461s] -- Installing: /workspace/foxy_ws/install/share/ament_cmake_export_libraries/package.xml
[2.461s] -- Up-to-date: /workspace/foxy_ws/install/share/ament_cmake_export_libraries/cmake
[2.461s] -- Installing: /workspace/foxy_ws/install/share/ament_cmake_export_libraries/cmake/ament_export_libraries.cmake
[2.461s] -- Installing: /workspace/foxy_ws/install/share/ament_cmake_export_libraries/cmake/ament_cmake_export_libraries-extras.cmake.in
[2.461s] -- Installing: /workspace/foxy_ws/install/share/ament_cmake_export_libraries/cmake/ament_cmake_export_libraries_package_hook.cmake
[2.461s] -- Installing: /workspace/foxy_ws/install/share/ament_cmake_export_libraries/cmake/ament_export_library_names.cmake
[2.552s] Invoked command in '/workspace/foxy_ws/build/ament_cmake_export_libraries' returned '0': AMENT_PREFIX_PATH=/workspace/foxy_ws/install CMAKE_PREFIX_PATH=/workspace/foxy_ws/install PATH=/workspace/foxy_ws/install/bin:${PATH} PYTHONPATH=/workspace/foxy_ws/install/lib/python3.10/site-packages /usr/bin/cmake --install /workspace/foxy_ws/build/ament_cmake_export_libraries
