[0.061s] Invoking command in '/workspace/foxy_ws/build/rmw_connext_cpp': AMENT_PREFIX_PATH=/workspace/foxy_ws/install CMAKE_PREFIX_PATH=/workspace/foxy_ws/install LD_LIBRARY_PATH=/workspace/foxy_ws/install/lib PATH=/workspace/foxy_ws/install/bin:${PATH} PYTHONPATH=/workspace/foxy_ws/install/lib/python3.10/site-packages /usr/bin/cmake /workspace/foxy_ws/src/rmw_connext/rmw_connext_cpp -DCMAKE_INSTALL_PREFIX=/workspace/foxy_ws/install
[0.102s] -- The C compiler identification is GNU 9.4.0
[0.143s] -- The CXX compiler identification is GNU 9.4.0
[0.147s] -- Check for working C compiler: /usr/bin/cc
[0.200s] -- Check for working C compiler: /usr/bin/cc -- works
[0.201s] -- Detecting C compiler ABI info
[0.259s] -- Detecting C compiler ABI info - done
[0.273s] -- Detecting C compile features
[0.274s] -- Detecting C compile features - done
[0.276s] -- Check for working CXX compiler: /usr/bin/c++
[0.340s] -- Check for working CXX compiler: /usr/bin/c++ -- works
[0.340s] -- Detecting CXX compiler ABI info
[0.402s] -- Detecting CXX compiler ABI info - done
[0.412s] -- Detecting CXX compile features
[0.412s] -- Detecting CXX compile features - done
[0.413s] -- Found ament_cmake: 0.9.12 (/workspace/foxy_ws/install/share/ament_cmake/cmake)
[0.428s] -- Found PythonInterp: /usr/bin/python3 (found suitable version "3.10.14", minimum required is "3") 
[0.428s] -- Using PYTHON_EXECUTABLE: /usr/bin/python3
[0.565s] -- Found connext_cmake_module: 1.0.3 (/workspace/foxy_ws/install/share/connext_cmake_module/cmake)
[0.628s] CMake Warning at CMakeLists.txt:32 (message):
[0.628s]   Could not find RTI Connext - skipping 'rmw_connext_cpp'
[0.628s] 
[0.628s] 
[0.629s] -- Configuring done
[0.631s] -- Generating done
[0.632s] -- Build files have been written to: /workspace/foxy_ws/build/rmw_connext_cpp
[0.634s] Invoked command in '/workspace/foxy_ws/build/rmw_connext_cpp' returned '0': AMENT_PREFIX_PATH=/workspace/foxy_ws/install CMAKE_PREFIX_PATH=/workspace/foxy_ws/install LD_LIBRARY_PATH=/workspace/foxy_ws/install/lib PATH=/workspace/foxy_ws/install/bin:${PATH} PYTHONPATH=/workspace/foxy_ws/install/lib/python3.10/site-packages /usr/bin/cmake /workspace/foxy_ws/src/rmw_connext/rmw_connext_cpp -DCMAKE_INSTALL_PREFIX=/workspace/foxy_ws/install
[0.635s] Invoking command in '/workspace/foxy_ws/build/rmw_connext_cpp': AMENT_PREFIX_PATH=/workspace/foxy_ws/install CMAKE_PREFIX_PATH=/workspace/foxy_ws/install LD_LIBRARY_PATH=/workspace/foxy_ws/install/lib PATH=/workspace/foxy_ws/install/bin:${PATH} PYTHONPATH=/workspace/foxy_ws/install/lib/python3.10/site-packages /usr/bin/cmake --build /workspace/foxy_ws/build/rmw_connext_cpp -- -j12 -l12
[0.670s] Invoked command in '/workspace/foxy_ws/build/rmw_connext_cpp' returned '0': AMENT_PREFIX_PATH=/workspace/foxy_ws/install CMAKE_PREFIX_PATH=/workspace/foxy_ws/install LD_LIBRARY_PATH=/workspace/foxy_ws/install/lib PATH=/workspace/foxy_ws/install/bin:${PATH} PYTHONPATH=/workspace/foxy_ws/install/lib/python3.10/site-packages /usr/bin/cmake --build /workspace/foxy_ws/build/rmw_connext_cpp -- -j12 -l12
[0.681s] Invoking command in '/workspace/foxy_ws/build/rmw_connext_cpp': AMENT_PREFIX_PATH=/workspace/foxy_ws/install CMAKE_PREFIX_PATH=/workspace/foxy_ws/install LD_LIBRARY_PATH=/workspace/foxy_ws/install/lib PATH=/workspace/foxy_ws/install/bin:${PATH} PYTHONPATH=/workspace/foxy_ws/install/lib/python3.10/site-packages /usr/bin/cmake --install /workspace/foxy_ws/build/rmw_connext_cpp
[0.688s] -- Install configuration: ""
[0.688s] -- Installing: /workspace/foxy_ws/install/share/ament_index/resource_index/package_run_dependencies/rmw_connext_cpp
[0.689s] -- Installing: /workspace/foxy_ws/install/share/ament_index/resource_index/parent_prefix_path/rmw_connext_cpp
[0.689s] -- Installing: /workspace/foxy_ws/install/share/rmw_connext_cpp/environment/ament_prefix_path.sh
[0.689s] -- Installing: /workspace/foxy_ws/install/share/rmw_connext_cpp/environment/ament_prefix_path.dsv
[0.689s] -- Installing: /workspace/foxy_ws/install/share/rmw_connext_cpp/environment/path.sh
[0.689s] -- Installing: /workspace/foxy_ws/install/share/rmw_connext_cpp/environment/path.dsv
[0.690s] -- Installing: /workspace/foxy_ws/install/share/rmw_connext_cpp/local_setup.bash
[0.690s] -- Installing: /workspace/foxy_ws/install/share/rmw_connext_cpp/local_setup.sh
[0.690s] -- Installing: /workspace/foxy_ws/install/share/rmw_connext_cpp/local_setup.zsh
[0.690s] -- Installing: /workspace/foxy_ws/install/share/rmw_connext_cpp/local_setup.dsv
[0.690s] -- Installing: /workspace/foxy_ws/install/share/rmw_connext_cpp/package.dsv
[0.690s] -- Installing: /workspace/foxy_ws/install/share/ament_index/resource_index/packages/rmw_connext_cpp
[0.691s] -- Installing: /workspace/foxy_ws/install/share/rmw_connext_cpp/cmake/rmw_connext_cppConfig.cmake
[0.691s] -- Installing: /workspace/foxy_ws/install/share/rmw_connext_cpp/cmake/rmw_connext_cppConfig-version.cmake
[0.691s] -- Installing: /workspace/foxy_ws/install/share/rmw_connext_cpp/package.xml
[0.693s] Invoked command in '/workspace/foxy_ws/build/rmw_connext_cpp' returned '0': AMENT_PREFIX_PATH=/workspace/foxy_ws/install CMAKE_PREFIX_PATH=/workspace/foxy_ws/install LD_LIBRARY_PATH=/workspace/foxy_ws/install/lib PATH=/workspace/foxy_ws/install/bin:${PATH} PYTHONPATH=/workspace/foxy_ws/install/lib/python3.10/site-packages /usr/bin/cmake --install /workspace/foxy_ws/build/rmw_connext_cpp
