[0.011s] Invoking command in '/workspace/foxy_ws/build/ament_cmake_gmock': AMENT_PREFIX_PATH=/workspace/foxy_ws/install CMAKE_PREFIX_PATH=/workspace/foxy_ws/install LD_LIBRARY_PATH=/workspace/foxy_ws/install/lib PATH=/workspace/foxy_ws/install/bin:${PATH} PKG_CONFIG_PATH=/workspace/foxy_ws/install/lib/x86_64-linux-gnu/pkgconfig:/workspace/foxy_ws/install/lib/pkgconfig PYTHONPATH=/workspace/foxy_ws/install/lib/python3.10/site-packages /usr/bin/cmake /workspace/foxy_ws/src/ament_cmake/ament_cmake_gmock -DCMAKE_INSTALL_PREFIX=/workspace/foxy_ws/install
[0.050s] -- Found ament_cmake_core: 0.9.12 (/workspace/foxy_ws/install/share/ament_cmake_core/cmake)
[0.051s] -- Found PythonInterp: /usr/bin/python3 (found suitable version "3.10.14", minimum required is "3") 
[0.051s] -- Using PYTHON_EXECUTABLE: /usr/bin/python3
[1.393s] -- Configuring done
[1.394s] -- Generating done
[1.394s] -- Build files have been written to: /workspace/foxy_ws/build/ament_cmake_gmock
[1.400s] Invoked command in '/workspace/foxy_ws/build/ament_cmake_gmock' returned '0': AMENT_PREFIX_PATH=/workspace/foxy_ws/install CMAKE_PREFIX_PATH=/workspace/foxy_ws/install LD_LIBRARY_PATH=/workspace/foxy_ws/install/lib PATH=/workspace/foxy_ws/install/bin:${PATH} PKG_CONFIG_PATH=/workspace/foxy_ws/install/lib/x86_64-linux-gnu/pkgconfig:/workspace/foxy_ws/install/lib/pkgconfig PYTHONPATH=/workspace/foxy_ws/install/lib/python3.10/site-packages /usr/bin/cmake /workspace/foxy_ws/src/ament_cmake/ament_cmake_gmock -DCMAKE_INSTALL_PREFIX=/workspace/foxy_ws/install
[1.400s] Invoking command in '/workspace/foxy_ws/build/ament_cmake_gmock': AMENT_PREFIX_PATH=/workspace/foxy_ws/install CMAKE_PREFIX_PATH=/workspace/foxy_ws/install LD_LIBRARY_PATH=/workspace/foxy_ws/install/lib PATH=/workspace/foxy_ws/install/bin:${PATH} PKG_CONFIG_PATH=/workspace/foxy_ws/install/lib/x86_64-linux-gnu/pkgconfig:/workspace/foxy_ws/install/lib/pkgconfig PYTHONPATH=/workspace/foxy_ws/install/lib/python3.10/site-packages /usr/bin/cmake --build /workspace/foxy_ws/build/ament_cmake_gmock -- -j12 -l12
[1.617s] Invoked command in '/workspace/foxy_ws/build/ament_cmake_gmock' returned '0': AMENT_PREFIX_PATH=/workspace/foxy_ws/install CMAKE_PREFIX_PATH=/workspace/foxy_ws/install LD_LIBRARY_PATH=/workspace/foxy_ws/install/lib PATH=/workspace/foxy_ws/install/bin:${PATH} PKG_CONFIG_PATH=/workspace/foxy_ws/install/lib/x86_64-linux-gnu/pkgconfig:/workspace/foxy_ws/install/lib/pkgconfig PYTHONPATH=/workspace/foxy_ws/install/lib/python3.10/site-packages /usr/bin/cmake --build /workspace/foxy_ws/build/ament_cmake_gmock -- -j12 -l12
[1.656s] Invoking command in '/workspace/foxy_ws/build/ament_cmake_gmock': AMENT_PREFIX_PATH=/workspace/foxy_ws/install CMAKE_PREFIX_PATH=/workspace/foxy_ws/install LD_LIBRARY_PATH=/workspace/foxy_ws/install/lib PATH=/workspace/foxy_ws/install/bin:${PATH} PKG_CONFIG_PATH=/workspace/foxy_ws/install/lib/x86_64-linux-gnu/pkgconfig:/workspace/foxy_ws/install/lib/pkgconfig PYTHONPATH=/workspace/foxy_ws/install/lib/python3.10/site-packages /usr/bin/cmake --install /workspace/foxy_ws/build/ament_cmake_gmock
[1.683s] -- Install configuration: ""
[1.683s] -- Installing: /workspace/foxy_ws/install/share/ament_index/resource_index/package_run_dependencies/ament_cmake_gmock
[1.684s] -- Installing: /workspace/foxy_ws/install/share/ament_index/resource_index/parent_prefix_path/ament_cmake_gmock
[1.684s] -- Installing: /workspace/foxy_ws/install/share/ament_cmake_gmock/environment/ament_prefix_path.sh
[1.684s] -- Installing: /workspace/foxy_ws/install/share/ament_cmake_gmock/environment/ament_prefix_path.dsv
[1.684s] -- Installing: /workspace/foxy_ws/install/share/ament_cmake_gmock/environment/path.sh
[1.685s] -- Installing: /workspace/foxy_ws/install/share/ament_cmake_gmock/environment/path.dsv
[1.685s] -- Installing: /workspace/foxy_ws/install/share/ament_cmake_gmock/local_setup.bash
[1.685s] -- Installing: /workspace/foxy_ws/install/share/ament_cmake_gmock/local_setup.sh
[1.685s] -- Installing: /workspace/foxy_ws/install/share/ament_cmake_gmock/local_setup.zsh
[1.686s] -- Installing: /workspace/foxy_ws/install/share/ament_cmake_gmock/local_setup.dsv
[1.686s] -- Installing: /workspace/foxy_ws/install/share/ament_cmake_gmock/package.dsv
[1.687s] -- Installing: /workspace/foxy_ws/install/share/ament_index/resource_index/packages/ament_cmake_gmock
[1.688s] -- Installing: /workspace/foxy_ws/install/share/ament_cmake_gmock/cmake/ament_cmake_gmock-extras.cmake
[1.688s] -- Installing: /workspace/foxy_ws/install/share/ament_cmake_gmock/cmake/ament_cmake_gmockConfig.cmake
[1.688s] -- Installing: /workspace/foxy_ws/install/share/ament_cmake_gmock/cmake/ament_cmake_gmockConfig-version.cmake
[1.688s] -- Installing: /workspace/foxy_ws/install/share/ament_cmake_gmock/package.xml
[1.688s] -- Up-to-date: /workspace/foxy_ws/install/share/ament_cmake_gmock/cmake
[1.688s] -- Installing: /workspace/foxy_ws/install/share/ament_cmake_gmock/cmake/ament_add_gmock.cmake
[1.688s] -- Installing: /workspace/foxy_ws/install/share/ament_cmake_gmock/cmake/ament_find_gmock.cmake
[1.698s] Invoked command in '/workspace/foxy_ws/build/ament_cmake_gmock' returned '0': AMENT_PREFIX_PATH=/workspace/foxy_ws/install CMAKE_PREFIX_PATH=/workspace/foxy_ws/install LD_LIBRARY_PATH=/workspace/foxy_ws/install/lib PATH=/workspace/foxy_ws/install/bin:${PATH} PKG_CONFIG_PATH=/workspace/foxy_ws/install/lib/x86_64-linux-gnu/pkgconfig:/workspace/foxy_ws/install/lib/pkgconfig PYTHONPATH=/workspace/foxy_ws/install/lib/python3.10/site-packages /usr/bin/cmake --install /workspace/foxy_ws/build/ament_cmake_gmock
