[0.699s] Invoking command in '/workspace/foxy_ws/build/ament_cmake_flake8': AMENT_PREFIX_PATH=/workspace/foxy_ws/install CMAKE_PREFIX_PATH=/workspace/foxy_ws/install LD_LIBRARY_PATH=/workspace/foxy_ws/install/lib PATH=/workspace/foxy_ws/install/bin:${PATH} PYTHONPATH=/workspace/foxy_ws/install/lib/python3.10/site-packages /usr/bin/cmake /workspace/foxy_ws/src/ament_lint/ament_cmake_flake8 -DCMAKE_INSTALL_PREFIX=/workspace/foxy_ws/install
[0.763s] -- Found ament_cmake_core: 0.9.12 (/workspace/foxy_ws/install/share/ament_cmake_core/cmake)
[0.783s] -- Found PythonInterp: /usr/bin/python3 (found suitable version "3.10.14", minimum required is "3") 
[0.783s] -- Using PYTHON_EXECUTABLE: /usr/bin/python3
[0.966s] -- Found ament_cmake_test: 0.9.12 (/workspace/foxy_ws/install/share/ament_cmake_test/cmake)
[1.056s] -- Found ament_cmake_copyright: 0.9.8 (/workspace/foxy_ws/install/share/ament_cmake_copyright/cmake)
[1.058s] -- Found ament_cmake_lint_cmake: 0.9.8 (/workspace/foxy_ws/install/share/ament_cmake_lint_cmake/cmake)
[1.059s] -- Configuring done
[1.062s] -- Generating done
[1.062s] -- Build files have been written to: /workspace/foxy_ws/build/ament_cmake_flake8
[1.066s] Invoked command in '/workspace/foxy_ws/build/ament_cmake_flake8' returned '0': AMENT_PREFIX_PATH=/workspace/foxy_ws/install CMAKE_PREFIX_PATH=/workspace/foxy_ws/install LD_LIBRARY_PATH=/workspace/foxy_ws/install/lib PATH=/workspace/foxy_ws/install/bin:${PATH} PYTHONPATH=/workspace/foxy_ws/install/lib/python3.10/site-packages /usr/bin/cmake /workspace/foxy_ws/src/ament_lint/ament_cmake_flake8 -DCMAKE_INSTALL_PREFIX=/workspace/foxy_ws/install
[1.067s] Invoking command in '/workspace/foxy_ws/build/ament_cmake_flake8': AMENT_PREFIX_PATH=/workspace/foxy_ws/install CMAKE_PREFIX_PATH=/workspace/foxy_ws/install LD_LIBRARY_PATH=/workspace/foxy_ws/install/lib PATH=/workspace/foxy_ws/install/bin:${PATH} PYTHONPATH=/workspace/foxy_ws/install/lib/python3.10/site-packages /usr/bin/cmake --build /workspace/foxy_ws/build/ament_cmake_flake8 -- -j12 -l12
[1.110s] Invoked command in '/workspace/foxy_ws/build/ament_cmake_flake8' returned '0': AMENT_PREFIX_PATH=/workspace/foxy_ws/install CMAKE_PREFIX_PATH=/workspace/foxy_ws/install LD_LIBRARY_PATH=/workspace/foxy_ws/install/lib PATH=/workspace/foxy_ws/install/bin:${PATH} PYTHONPATH=/workspace/foxy_ws/install/lib/python3.10/site-packages /usr/bin/cmake --build /workspace/foxy_ws/build/ament_cmake_flake8 -- -j12 -l12
[1.127s] Invoking command in '/workspace/foxy_ws/build/ament_cmake_flake8': AMENT_PREFIX_PATH=/workspace/foxy_ws/install CMAKE_PREFIX_PATH=/workspace/foxy_ws/install LD_LIBRARY_PATH=/workspace/foxy_ws/install/lib PATH=/workspace/foxy_ws/install/bin:${PATH} PYTHONPATH=/workspace/foxy_ws/install/lib/python3.10/site-packages /usr/bin/cmake --install /workspace/foxy_ws/build/ament_cmake_flake8
[1.136s] -- Install configuration: ""
[1.136s] -- Installing: /workspace/foxy_ws/install/share/ament_index/resource_index/package_run_dependencies/ament_cmake_flake8
[1.136s] -- Installing: /workspace/foxy_ws/install/share/ament_index/resource_index/parent_prefix_path/ament_cmake_flake8
[1.136s] -- Installing: /workspace/foxy_ws/install/share/ament_cmake_flake8/environment/ament_prefix_path.sh
[1.136s] -- Installing: /workspace/foxy_ws/install/share/ament_cmake_flake8/environment/ament_prefix_path.dsv
[1.137s] -- Installing: /workspace/foxy_ws/install/share/ament_cmake_flake8/environment/path.sh
[1.137s] -- Installing: /workspace/foxy_ws/install/share/ament_cmake_flake8/environment/path.dsv
[1.137s] -- Installing: /workspace/foxy_ws/install/share/ament_cmake_flake8/local_setup.bash
[1.137s] -- Installing: /workspace/foxy_ws/install/share/ament_cmake_flake8/local_setup.sh
[1.137s] -- Installing: /workspace/foxy_ws/install/share/ament_cmake_flake8/local_setup.zsh
[1.137s] -- Installing: /workspace/foxy_ws/install/share/ament_cmake_flake8/local_setup.dsv
[1.138s] -- Installing: /workspace/foxy_ws/install/share/ament_cmake_flake8/package.dsv
[1.138s] -- Installing: /workspace/foxy_ws/install/share/ament_index/resource_index/packages/ament_cmake_flake8
[1.138s] -- Installing: /workspace/foxy_ws/install/share/ament_cmake_flake8/cmake/ament_cmake_flake8-extras.cmake
[1.138s] -- Installing: /workspace/foxy_ws/install/share/ament_cmake_flake8/cmake/ament_cmake_flake8Config.cmake
[1.138s] -- Installing: /workspace/foxy_ws/install/share/ament_cmake_flake8/cmake/ament_cmake_flake8Config-version.cmake
[1.139s] -- Installing: /workspace/foxy_ws/install/share/ament_cmake_flake8/package.xml
[1.139s] -- Up-to-date: /workspace/foxy_ws/install/share/ament_cmake_flake8/cmake
[1.139s] -- Installing: /workspace/foxy_ws/install/share/ament_cmake_flake8/cmake/ament_flake8.cmake
[1.139s] -- Installing: /workspace/foxy_ws/install/share/ament_cmake_flake8/cmake/ament_cmake_flake8_lint_hook.cmake
[1.144s] Invoked command in '/workspace/foxy_ws/build/ament_cmake_flake8' returned '0': AMENT_PREFIX_PATH=/workspace/foxy_ws/install CMAKE_PREFIX_PATH=/workspace/foxy_ws/install LD_LIBRARY_PATH=/workspace/foxy_ws/install/lib PATH=/workspace/foxy_ws/install/bin:${PATH} PYTHONPATH=/workspace/foxy_ws/install/lib/python3.10/site-packages /usr/bin/cmake --install /workspace/foxy_ws/build/ament_cmake_flake8
