running egg_info
creating ../../../build/ament_lint/ament_lint.egg-info
writing ../../../build/ament_lint/ament_lint.egg-info/PKG-INFO
writing dependency_links to ../../../build/ament_lint/ament_lint.egg-info/dependency_links.txt
writing entry points to ../../../build/ament_lint/ament_lint.egg-info/entry_points.txt
writing requirements to ../../../build/ament_lint/ament_lint.egg-info/requires.txt
writing top-level names to ../../../build/ament_lint/ament_lint.egg-info/top_level.txt
writing manifest file '../../../build/ament_lint/ament_lint.egg-info/SOURCES.txt'
reading manifest file '../../../build/ament_lint/ament_lint.egg-info/SOURCES.txt'
writing manifest file '../../../build/ament_lint/ament_lint.egg-info/SOURCES.txt'
running build
running build_py
creating /workspace/foxy_ws/build/ament_lint/build
creating /workspace/foxy_ws/build/ament_lint/build/lib
creating /workspace/foxy_ws/build/ament_lint/build/lib/ament_lint
copying ament_lint/pytest_marker.py -> /workspace/foxy_ws/build/ament_lint/build/lib/ament_lint
copying ament_lint/__init__.py -> /workspace/foxy_ws/build/ament_lint/build/lib/ament_lint
running install
running install_lib
creating /workspace/foxy_ws/install/lib/python3.10/site-packages/ament_lint
copying /workspace/foxy_ws/build/ament_lint/build/lib/ament_lint/pytest_marker.py -> /workspace/foxy_ws/install/lib/python3.10/site-packages/ament_lint
copying /workspace/foxy_ws/build/ament_lint/build/lib/ament_lint/__init__.py -> /workspace/foxy_ws/install/lib/python3.10/site-packages/ament_lint
byte-compiling /workspace/foxy_ws/install/lib/python3.10/site-packages/ament_lint/pytest_marker.py to pytest_marker.cpython-310.pyc
byte-compiling /workspace/foxy_ws/install/lib/python3.10/site-packages/ament_lint/__init__.py to __init__.cpython-310.pyc
running install_data
copying package.xml -> /workspace/foxy_ws/install/share/ament_lint
copying resource/ament_lint -> /workspace/foxy_ws/install/share/ament_index/resource_index/packages
running install_egg_info
Copying ../../../build/ament_lint/ament_lint.egg-info to /workspace/foxy_ws/install/lib/python3.10/site-packages/ament_lint-0.9.8-py3.10.egg-info
running install_scripts
writing list of installed files to '/workspace/foxy_ws/build/ament_lint/install.log'
