[1.234s] Invoking command in '/workspace/foxy_ws/src/ament_lint/ament_lint': PYTHONPATH=/workspace/foxy_ws/build/ament_lint/prefix_override:/workspace/foxy_ws/install/lib/python3.10/site-packages: /usr/bin/python3 -W ignore:setup.py install is deprecated setup.py egg_info --egg-base ../../../build/ament_lint build --build-base /workspace/foxy_ws/build/ament_lint/build install --record /workspace/foxy_ws/build/ament_lint/install.log --single-version-externally-managed install_data
[1.424s] running egg_info
[1.424s] creating ../../../build/ament_lint/ament_lint.egg-info
[1.424s] writing ../../../build/ament_lint/ament_lint.egg-info/PKG-INFO
[1.425s] writing dependency_links to ../../../build/ament_lint/ament_lint.egg-info/dependency_links.txt
[1.425s] writing entry points to ../../../build/ament_lint/ament_lint.egg-info/entry_points.txt
[1.425s] writing requirements to ../../../build/ament_lint/ament_lint.egg-info/requires.txt
[1.425s] writing top-level names to ../../../build/ament_lint/ament_lint.egg-info/top_level.txt
[1.425s] writing manifest file '../../../build/ament_lint/ament_lint.egg-info/SOURCES.txt'
[1.427s] reading manifest file '../../../build/ament_lint/ament_lint.egg-info/SOURCES.txt'
[1.427s] writing manifest file '../../../build/ament_lint/ament_lint.egg-info/SOURCES.txt'
[1.428s] running build
[1.428s] running build_py
[1.428s] creating /workspace/foxy_ws/build/ament_lint/build
[1.428s] creating /workspace/foxy_ws/build/ament_lint/build/lib
[1.428s] creating /workspace/foxy_ws/build/ament_lint/build/lib/ament_lint
[1.429s] copying ament_lint/pytest_marker.py -> /workspace/foxy_ws/build/ament_lint/build/lib/ament_lint
[1.429s] copying ament_lint/__init__.py -> /workspace/foxy_ws/build/ament_lint/build/lib/ament_lint
[1.429s] running install
[1.429s] running install_lib
[1.429s] creating /workspace/foxy_ws/install/lib/python3.10/site-packages/ament_lint
[1.429s] copying /workspace/foxy_ws/build/ament_lint/build/lib/ament_lint/pytest_marker.py -> /workspace/foxy_ws/install/lib/python3.10/site-packages/ament_lint
[1.429s] copying /workspace/foxy_ws/build/ament_lint/build/lib/ament_lint/__init__.py -> /workspace/foxy_ws/install/lib/python3.10/site-packages/ament_lint
[1.430s] byte-compiling /workspace/foxy_ws/install/lib/python3.10/site-packages/ament_lint/pytest_marker.py to pytest_marker.cpython-310.pyc
[1.430s] byte-compiling /workspace/foxy_ws/install/lib/python3.10/site-packages/ament_lint/__init__.py to __init__.cpython-310.pyc
[1.430s] running install_data
[1.430s] copying package.xml -> /workspace/foxy_ws/install/share/ament_lint
[1.431s] copying resource/ament_lint -> /workspace/foxy_ws/install/share/ament_index/resource_index/packages
[1.431s] running install_egg_info
[1.432s] Copying ../../../build/ament_lint/ament_lint.egg-info to /workspace/foxy_ws/install/lib/python3.10/site-packages/ament_lint-0.9.8-py3.10.egg-info
[1.433s] running install_scripts
[1.453s] writing list of installed files to '/workspace/foxy_ws/build/ament_lint/install.log'
[1.521s] Invoked command in '/workspace/foxy_ws/src/ament_lint/ament_lint' returned '0': PYTHONPATH=/workspace/foxy_ws/build/ament_lint/prefix_override:/workspace/foxy_ws/install/lib/python3.10/site-packages: /usr/bin/python3 -W ignore:setup.py install is deprecated setup.py egg_info --egg-base ../../../build/ament_lint build --build-base /workspace/foxy_ws/build/ament_lint/build install --record /workspace/foxy_ws/build/ament_lint/install.log --single-version-externally-managed install_data
