[0.105s] Invoking command in '/workspace/foxy_ws/build/tf2_msgs': AMENT_PREFIX_PATH=/workspace/foxy_ws/install CMAKE_PREFIX_PATH=/workspace/foxy_ws/install LD_LIBRARY_PATH=/workspace/foxy_ws/install/lib PATH=/workspace/foxy_ws/install/bin:${PATH} PKG_CONFIG_PATH=/workspace/foxy_ws/install/lib/x86_64-linux-gnu/pkgconfig:/workspace/foxy_ws/install/lib/pkgconfig PYTHONPATH=/workspace/foxy_ws/install/lib/python3.10/site-packages /usr/bin/cmake /workspace/foxy_ws/src/geometry2/tf2_msgs -DCMAKE_INSTALL_PREFIX=/workspace/foxy_ws/install
[0.147s] -- The C compiler identification is GNU 9.4.0
[0.187s] -- The CXX compiler identification is GNU 9.4.0
[0.192s] -- Check for working C compiler: /usr/bin/cc
[0.243s] -- Check for working C compiler: /usr/bin/cc -- works
[0.244s] -- Detecting C compiler ABI info
[0.293s] -- Detecting C compiler ABI info - done
[0.307s] -- Detecting C compile features
[0.307s] -- Detecting C compile features - done
[0.310s] -- Check for working CXX compiler: /usr/bin/c++
[0.372s] -- Check for working CXX compiler: /usr/bin/c++ -- works
[0.373s] -- Detecting CXX compiler ABI info
[0.436s] -- Detecting CXX compiler ABI info - done
[0.446s] -- Detecting CXX compile features
[0.446s] -- Detecting CXX compile features - done
[0.447s] -- Found ament_cmake: 0.9.12 (/workspace/foxy_ws/install/share/ament_cmake/cmake)
[0.463s] -- Found PythonInterp: /usr/bin/python3 (found suitable version "3.10.14", minimum required is "3") 
[0.463s] -- Using PYTHON_EXECUTABLE: /usr/bin/python3
[0.603s] -- Found rosidl_default_generators: 1.0.1 (/workspace/foxy_ws/install/share/rosidl_default_generators/cmake)
[0.605s] -- Using all available rosidl_typesupport_c: rosidl_typesupport_fastrtps_c;rosidl_typesupport_introspection_c
[0.609s] -- Found rosidl_adapter: 1.3.1 (/workspace/foxy_ws/install/share/rosidl_adapter/cmake)
[0.629s] -- Found OpenSSL: /usr/lib/x86_64-linux-gnu/libcrypto.so (found version "1.1.1f")  
[0.639s] -- Found FastRTPS: /workspace/foxy_ws/install/include  
[0.682s] -- Using all available rosidl_typesupport_cpp: rosidl_typesupport_fastrtps_cpp;rosidl_typesupport_introspection_cpp
[0.700s] -- Found builtin_interfaces: 1.0.0 (/workspace/foxy_ws/install/share/builtin_interfaces/cmake)
[0.709s] -- Found action_msgs: 1.0.0 (/workspace/foxy_ws/install/share/action_msgs/cmake)
[0.740s] -- Found std_msgs: 2.0.5 (/workspace/foxy_ws/install/share/std_msgs/cmake)
[0.753s] -- Found geometry_msgs: 2.0.5 (/workspace/foxy_ws/install/share/geometry_msgs/cmake)
[0.794s] -- Found PythonInterp: /usr/bin/python3 (found version "3.10.14") 
[1.009s] -- Found ament_cmake_cppcheck: 0.9.8 (/workspace/foxy_ws/install/share/ament_cmake_cppcheck/cmake)
[1.010s] -- Found ament_cmake_cpplint: 0.9.8 (/workspace/foxy_ws/install/share/ament_cmake_cpplint/cmake)
[1.011s] -- Found ament_cmake_uncrustify: 0.9.8 (/workspace/foxy_ws/install/share/ament_cmake_uncrustify/cmake)
[1.013s] -- Found ament_cmake_ros: 0.9.2 (/workspace/foxy_ws/install/share/ament_cmake_ros/cmake)
[1.285s] -- Using all available rosidl_typesupport_c: rosidl_typesupport_fastrtps_c;rosidl_typesupport_introspection_c
[1.453s] -- Using all available rosidl_typesupport_cpp: rosidl_typesupport_fastrtps_cpp;rosidl_typesupport_introspection_cpp
[1.476s] -- Found PythonInterp: /usr/bin/python3 (found suitable version "3.10.14", minimum required is "3.5") 
[1.477s] -- Found python_cmake_module: 0.8.1 (/workspace/foxy_ws/install/share/python_cmake_module/cmake)
[1.496s] -- Found PythonLibs: /usr/lib/x86_64-linux-gnu/libpython3.10.so (found suitable version "3.10.14", minimum required is "3.5") 
[1.496s] -- Using PYTHON_EXECUTABLE: /usr/bin/python3
[1.496s] -- Using PYTHON_INCLUDE_DIRS: /usr/include/python3.10
[1.496s] -- Using PYTHON_LIBRARIES: /usr/lib/x86_64-linux-gnu/libpython3.10.so
[1.511s] -- Found PythonExtra: .so  
[1.575s] <string>:1: DeprecationWarning: The distutils package is deprecated and slated for removal in Python 3.12. Use setuptools or check PEP 632 for potential alternatives
[1.577s] <string>:1: DeprecationWarning: The distutils.sysconfig module is deprecated, use sysconfig instead
[1.691s] -- Using numpy include directory: /usr/local/lib/python3.10/dist-packages/numpy/core/include
[1.713s] -- Found ament_cmake_flake8: 0.9.8 (/workspace/foxy_ws/install/share/ament_cmake_flake8/cmake)
[1.719s] -- Found ament_cmake_pep257: 0.9.8 (/workspace/foxy_ws/install/share/ament_cmake_pep257/cmake)
[1.748s] -- Configuring done
[1.903s] -- Generating done
[1.907s] -- Build files have been written to: /workspace/foxy_ws/build/tf2_msgs
[1.916s] Invoked command in '/workspace/foxy_ws/build/tf2_msgs' returned '0': AMENT_PREFIX_PATH=/workspace/foxy_ws/install CMAKE_PREFIX_PATH=/workspace/foxy_ws/install LD_LIBRARY_PATH=/workspace/foxy_ws/install/lib PATH=/workspace/foxy_ws/install/bin:${PATH} PKG_CONFIG_PATH=/workspace/foxy_ws/install/lib/x86_64-linux-gnu/pkgconfig:/workspace/foxy_ws/install/lib/pkgconfig PYTHONPATH=/workspace/foxy_ws/install/lib/python3.10/site-packages /usr/bin/cmake /workspace/foxy_ws/src/geometry2/tf2_msgs -DCMAKE_INSTALL_PREFIX=/workspace/foxy_ws/install
[1.918s] Invoking command in '/workspace/foxy_ws/build/tf2_msgs': AMENT_PREFIX_PATH=/workspace/foxy_ws/install CMAKE_PREFIX_PATH=/workspace/foxy_ws/install LD_LIBRARY_PATH=/workspace/foxy_ws/install/lib PATH=/workspace/foxy_ws/install/bin:${PATH} PKG_CONFIG_PATH=/workspace/foxy_ws/install/lib/x86_64-linux-gnu/pkgconfig:/workspace/foxy_ws/install/lib/pkgconfig PYTHONPATH=/workspace/foxy_ws/install/lib/python3.10/site-packages /usr/bin/cmake --build /workspace/foxy_ws/build/tf2_msgs -- -j12 -l12
[1.955s] Scanning dependencies of target tf2_msgs__cpp
[1.958s] [  1%] Generating C code for ROS interfaces
[1.966s] [  3%] Generating C++ code for ROS interfaces
[2.839s] [  3%] Built target tf2_msgs__cpp
[2.839s] [  5%] Generating C++ introspection for ROS interfaces
[2.840s] [  7%] Generating C++ type support for eProsima Fast-RTPS
[2.847s] [  9%] Generating C++ type support dispatch for ROS interfaces
[3.048s] Scanning dependencies of target tf2_msgs__rosidl_generator_c
[3.093s] [ 10%] Building C object CMakeFiles/tf2_msgs__rosidl_generator_c.dir/rosidl_generator_c/tf2_msgs/msg/detail/tf2_error__functions.c.o
[3.095s] [ 12%] Building C object CMakeFiles/tf2_msgs__rosidl_generator_c.dir/rosidl_generator_c/tf2_msgs/msg/detail/tf_message__functions.c.o
[3.099s] [ 14%] Building C object CMakeFiles/tf2_msgs__rosidl_generator_c.dir/rosidl_generator_c/tf2_msgs/srv/detail/frame_graph__functions.c.o
[3.106s] [ 16%] Building C object CMakeFiles/tf2_msgs__rosidl_generator_c.dir/rosidl_generator_c/tf2_msgs/action/detail/lookup_transform__functions.c.o
[3.299s] [ 18%] Linking C shared library libtf2_msgs__rosidl_generator_c.so
[3.392s] [ 18%] Built target tf2_msgs__rosidl_generator_c
[3.419s] [ 20%] Generating C type support dispatch for ROS interfaces
[3.421s] [ 21%] Generating C introspection for ROS interfaces
[3.559s] Scanning dependencies of target tf2_msgs__rosidl_typesupport_cpp
[3.577s] [ 23%] Building CXX object CMakeFiles/tf2_msgs__rosidl_typesupport_cpp.dir/rosidl_typesupport_cpp/tf2_msgs/msg/tf2_error__type_support.cpp.o
[3.587s] [ 25%] Building CXX object CMakeFiles/tf2_msgs__rosidl_typesupport_cpp.dir/rosidl_typesupport_cpp/tf2_msgs/msg/tf_message__type_support.cpp.o
[3.607s] [ 27%] Building CXX object CMakeFiles/tf2_msgs__rosidl_typesupport_cpp.dir/rosidl_typesupport_cpp/tf2_msgs/srv/frame_graph__type_support.cpp.o
[3.661s] [ 29%] Building CXX object CMakeFiles/tf2_msgs__rosidl_typesupport_cpp.dir/rosidl_typesupport_cpp/tf2_msgs/action/lookup_transform__type_support.cpp.o
[3.796s] Scanning dependencies of target tf2_msgs__rosidl_typesupport_introspection_cpp
[3.849s] [ 30%] Building CXX object CMakeFiles/tf2_msgs__rosidl_typesupport_introspection_cpp.dir/rosidl_typesupport_introspection_cpp/tf2_msgs/msg/detail/tf2_error__type_support.cpp.o
[3.856s] [ 32%] Building CXX object CMakeFiles/tf2_msgs__rosidl_typesupport_introspection_cpp.dir/rosidl_typesupport_introspection_cpp/tf2_msgs/msg/detail/tf_message__type_support.cpp.o
[3.880s] [ 34%] Building CXX object CMakeFiles/tf2_msgs__rosidl_typesupport_introspection_cpp.dir/rosidl_typesupport_introspection_cpp/tf2_msgs/srv/detail/frame_graph__type_support.cpp.o
[3.889s] [ 36%] Building CXX object CMakeFiles/tf2_msgs__rosidl_typesupport_introspection_cpp.dir/rosidl_typesupport_introspection_cpp/tf2_msgs/action/detail/lookup_transform__type_support.cpp.o
[3.905s] Scanning dependencies of target tf2_msgs__rosidl_typesupport_fastrtps_cpp
[4.010s] [ 38%] Building CXX object CMakeFiles/tf2_msgs__rosidl_typesupport_fastrtps_cpp.dir/rosidl_typesupport_fastrtps_cpp/tf2_msgs/msg/detail/dds_fastrtps/tf2_error__type_support.cpp.o
[4.017s] [ 40%] Building CXX object CMakeFiles/tf2_msgs__rosidl_typesupport_fastrtps_cpp.dir/rosidl_typesupport_fastrtps_cpp/tf2_msgs/msg/detail/dds_fastrtps/tf_message__type_support.cpp.o
[4.103s] [ 41%] Building CXX object CMakeFiles/tf2_msgs__rosidl_typesupport_fastrtps_cpp.dir/rosidl_typesupport_fastrtps_cpp/tf2_msgs/srv/detail/dds_fastrtps/frame_graph__type_support.cpp.o
[4.158s] [ 43%] Building CXX object CMakeFiles/tf2_msgs__rosidl_typesupport_fastrtps_cpp.dir/rosidl_typesupport_fastrtps_cpp/tf2_msgs/action/detail/dds_fastrtps/lookup_transform__type_support.cpp.o
[4.373s] Scanning dependencies of target tf2_msgs__rosidl_typesupport_c
[4.427s] [ 45%] Building CXX object CMakeFiles/tf2_msgs__rosidl_typesupport_c.dir/rosidl_typesupport_c/tf2_msgs/msg/tf_message__type_support.cpp.o
[4.428s] [ 47%] Building CXX object CMakeFiles/tf2_msgs__rosidl_typesupport_c.dir/rosidl_typesupport_c/tf2_msgs/msg/tf2_error__type_support.cpp.o
[4.446s] [ 49%] Building CXX object CMakeFiles/tf2_msgs__rosidl_typesupport_c.dir/rosidl_typesupport_c/tf2_msgs/srv/frame_graph__type_support.cpp.o
[4.519s] [ 50%] Building CXX object CMakeFiles/tf2_msgs__rosidl_typesupport_c.dir/rosidl_typesupport_c/tf2_msgs/action/lookup_transform__type_support.cpp.o
[4.667s] [ 52%] Linking CXX shared library libtf2_msgs__rosidl_typesupport_c.so
[4.673s] Scanning dependencies of target tf2_msgs__rosidl_typesupport_introspection_c
[4.700s] [ 54%] Building C object CMakeFiles/tf2_msgs__rosidl_typesupport_introspection_c.dir/rosidl_typesupport_introspection_c/tf2_msgs/srv/detail/frame_graph__type_support.c.o
[4.711s] [ 56%] Building C object CMakeFiles/tf2_msgs__rosidl_typesupport_introspection_c.dir/rosidl_typesupport_introspection_c/tf2_msgs/msg/detail/tf2_error__type_support.c.o
[4.713s] [ 58%] Building C object CMakeFiles/tf2_msgs__rosidl_typesupport_introspection_c.dir/rosidl_typesupport_introspection_c/tf2_msgs/action/detail/lookup_transform__type_support.c.o
[4.720s] [ 60%] Linking CXX shared library libtf2_msgs__rosidl_typesupport_cpp.so
[4.721s] [ 61%] Building C object CMakeFiles/tf2_msgs__rosidl_typesupport_introspection_c.dir/rosidl_typesupport_introspection_c/tf2_msgs/msg/detail/tf_message__type_support.c.o
[5.111s] [ 63%] Linking CXX shared library libtf2_msgs__rosidl_typesupport_introspection_cpp.so
[5.111s] [ 63%] Built target tf2_msgs__rosidl_typesupport_cpp
[5.111s] [ 63%] Built target tf2_msgs__rosidl_typesupport_c
[5.111s] [ 63%] Built target tf2_msgs__rosidl_typesupport_introspection_cpp
[5.112s] [ 65%] Linking C shared library libtf2_msgs__rosidl_typesupport_introspection_c.so
[5.112s] [ 65%] Built target tf2_msgs__rosidl_typesupport_introspection_c
[5.200s] [ 67%] Linking CXX shared library libtf2_msgs__rosidl_typesupport_fastrtps_cpp.so
[5.345s] [ 67%] Built target tf2_msgs__rosidl_typesupport_fastrtps_cpp
[5.407s] [ 69%] Generating C type support for eProsima Fast-RTPS
[6.791s] Scanning dependencies of target tf2_msgs__rosidl_typesupport_fastrtps_c
[6.825s] [ 70%] Building CXX object CMakeFiles/tf2_msgs__rosidl_typesupport_fastrtps_c.dir/rosidl_typesupport_fastrtps_c/tf2_msgs/msg/detail/tf2_error__type_support_c.cpp.o
[6.839s] [ 72%] Building CXX object CMakeFiles/tf2_msgs__rosidl_typesupport_fastrtps_c.dir/rosidl_typesupport_fastrtps_c/tf2_msgs/msg/detail/tf_message__type_support_c.cpp.o
[6.863s] [ 74%] Building CXX object CMakeFiles/tf2_msgs__rosidl_typesupport_fastrtps_c.dir/rosidl_typesupport_fastrtps_c/tf2_msgs/srv/detail/frame_graph__type_support_c.cpp.o
[6.917s] [ 76%] Building CXX object CMakeFiles/tf2_msgs__rosidl_typesupport_fastrtps_c.dir/rosidl_typesupport_fastrtps_c/tf2_msgs/action/detail/lookup_transform__type_support_c.cpp.o
[7.577s] [ 78%] Linking CXX shared library libtf2_msgs__rosidl_typesupport_fastrtps_c.so
[7.701s] [ 78%] Built target tf2_msgs__rosidl_typesupport_fastrtps_c
[7.709s] Scanning dependencies of target tf2_msgs
[7.720s] [ 78%] Built target tf2_msgs
[7.727s] Scanning dependencies of target tf2_msgs__py
[7.735s] [ 80%] Generating Python code for ROS interfaces
[9.629s] [ 80%] Built target tf2_msgs__py
[9.720s] Scanning dependencies of target tf2_msgs__python
[9.808s] [ 81%] Building C object CMakeFiles/tf2_msgs__python.dir/rosidl_generator_py/tf2_msgs/msg/_tf2_error_s.c.o
[9.814s] [ 83%] Building C object CMakeFiles/tf2_msgs__python.dir/rosidl_generator_py/tf2_msgs/msg/_tf_message_s.c.o
[9.853s] [ 85%] Building C object CMakeFiles/tf2_msgs__python.dir/rosidl_generator_py/tf2_msgs/srv/_frame_graph_s.c.o
[9.862s] [ 87%] Building C object CMakeFiles/tf2_msgs__python.dir/rosidl_generator_py/tf2_msgs/action/_lookup_transform_s.c.o
[10.357s] [ 89%] Linking C shared library rosidl_generator_py/tf2_msgs/libtf2_msgs__python.so
[10.429s] [ 89%] Built target tf2_msgs__python
[10.456s] Scanning dependencies of target tf2_msgs__rosidl_typesupport_introspection_c__pyext
[10.482s] [ 90%] Building C object CMakeFiles/tf2_msgs__rosidl_typesupport_introspection_c__pyext.dir/rosidl_generator_py/tf2_msgs/_tf2_msgs_s.ep.rosidl_typesupport_introspection_c.c.o
[10.671s] [ 92%] Linking C shared library rosidl_generator_py/tf2_msgs/tf2_msgs_s__rosidl_typesupport_introspection_c.cpython-310-x86_64-linux-gnu.so
[10.735s] [ 92%] Built target tf2_msgs__rosidl_typesupport_introspection_c__pyext
[10.757s] Scanning dependencies of target tf2_msgs__rosidl_typesupport_c__pyext
[10.776s] [ 94%] Building C object CMakeFiles/tf2_msgs__rosidl_typesupport_c__pyext.dir/rosidl_generator_py/tf2_msgs/_tf2_msgs_s.ep.rosidl_typesupport_c.c.o
[10.934s] [ 96%] Linking C shared library rosidl_generator_py/tf2_msgs/tf2_msgs_s__rosidl_typesupport_c.cpython-310-x86_64-linux-gnu.so
[10.980s] [ 96%] Built target tf2_msgs__rosidl_typesupport_c__pyext
[11.001s] Scanning dependencies of target tf2_msgs__rosidl_typesupport_fastrtps_c__pyext
[11.015s] [ 98%] Building C object CMakeFiles/tf2_msgs__rosidl_typesupport_fastrtps_c__pyext.dir/rosidl_generator_py/tf2_msgs/_tf2_msgs_s.ep.rosidl_typesupport_fastrtps_c.c.o
[11.157s] [100%] Linking CXX shared library rosidl_generator_py/tf2_msgs/tf2_msgs_s__rosidl_typesupport_fastrtps_c.cpython-310-x86_64-linux-gnu.so
[11.226s] [100%] Built target tf2_msgs__rosidl_typesupport_fastrtps_c__pyext
[11.244s] Invoked command in '/workspace/foxy_ws/build/tf2_msgs' returned '0': AMENT_PREFIX_PATH=/workspace/foxy_ws/install CMAKE_PREFIX_PATH=/workspace/foxy_ws/install LD_LIBRARY_PATH=/workspace/foxy_ws/install/lib PATH=/workspace/foxy_ws/install/bin:${PATH} PKG_CONFIG_PATH=/workspace/foxy_ws/install/lib/x86_64-linux-gnu/pkgconfig:/workspace/foxy_ws/install/lib/pkgconfig PYTHONPATH=/workspace/foxy_ws/install/lib/python3.10/site-packages /usr/bin/cmake --build /workspace/foxy_ws/build/tf2_msgs -- -j12 -l12
[11.373s] Invoking command in '/workspace/foxy_ws/build/tf2_msgs': AMENT_PREFIX_PATH=/workspace/foxy_ws/install CMAKE_PREFIX_PATH=/workspace/foxy_ws/install LD_LIBRARY_PATH=/workspace/foxy_ws/install/lib PATH=/workspace/foxy_ws/install/bin:${PATH} PKG_CONFIG_PATH=/workspace/foxy_ws/install/lib/x86_64-linux-gnu/pkgconfig:/workspace/foxy_ws/install/lib/pkgconfig PYTHONPATH=/workspace/foxy_ws/install/lib/python3.10/site-packages /usr/bin/cmake --install /workspace/foxy_ws/build/tf2_msgs
[11.383s] -- Install configuration: ""
[11.383s] -- Installing: /workspace/foxy_ws/install/share/ament_index/resource_index/rosidl_interfaces/tf2_msgs
[11.383s] -- Installing: /workspace/foxy_ws/install/include/tf2_msgs
[11.383s] -- Installing: /workspace/foxy_ws/install/include/tf2_msgs/msg
[11.384s] -- Installing: /workspace/foxy_ws/install/include/tf2_msgs/msg/tf_message.h
[11.384s] -- Installing: /workspace/foxy_ws/install/include/tf2_msgs/msg/tf2_error.h
[11.384s] -- Installing: /workspace/foxy_ws/install/include/tf2_msgs/msg/rosidl_generator_c__visibility_control.h
[11.384s] -- Installing: /workspace/foxy_ws/install/include/tf2_msgs/msg/detail
[11.384s] -- Installing: /workspace/foxy_ws/install/include/tf2_msgs/msg/detail/tf2_error__struct.h
[11.384s] -- Installing: /workspace/foxy_ws/install/include/tf2_msgs/msg/detail/tf_message__functions.c
[11.384s] -- Installing: /workspace/foxy_ws/install/include/tf2_msgs/msg/detail/tf_message__functions.h
[11.385s] -- Installing: /workspace/foxy_ws/install/include/tf2_msgs/msg/detail/tf2_error__functions.h
[11.385s] -- Installing: /workspace/foxy_ws/install/include/tf2_msgs/msg/detail/tf2_error__functions.c
[11.385s] -- Installing: /workspace/foxy_ws/install/include/tf2_msgs/msg/detail/tf_message__type_support.h
[11.385s] -- Installing: /workspace/foxy_ws/install/include/tf2_msgs/msg/detail/tf_message__struct.h
[11.385s] -- Installing: /workspace/foxy_ws/install/include/tf2_msgs/msg/detail/tf2_error__type_support.h
[11.386s] -- Installing: /workspace/foxy_ws/install/include/tf2_msgs/action
[11.386s] -- Installing: /workspace/foxy_ws/install/include/tf2_msgs/action/lookup_transform.h
[11.386s] -- Installing: /workspace/foxy_ws/install/include/tf2_msgs/action/detail
[11.386s] -- Installing: /workspace/foxy_ws/install/include/tf2_msgs/action/detail/lookup_transform__type_support.h
[11.386s] -- Installing: /workspace/foxy_ws/install/include/tf2_msgs/action/detail/lookup_transform__struct.h
[11.386s] -- Installing: /workspace/foxy_ws/install/include/tf2_msgs/action/detail/lookup_transform__functions.c
[11.386s] -- Installing: /workspace/foxy_ws/install/include/tf2_msgs/action/detail/lookup_transform__functions.h
[11.387s] -- Installing: /workspace/foxy_ws/install/include/tf2_msgs/srv
[11.387s] -- Installing: /workspace/foxy_ws/install/include/tf2_msgs/srv/frame_graph.h
[11.387s] -- Installing: /workspace/foxy_ws/install/include/tf2_msgs/srv/detail
[11.387s] -- Installing: /workspace/foxy_ws/install/include/tf2_msgs/srv/detail/frame_graph__struct.h
[11.387s] -- Installing: /workspace/foxy_ws/install/include/tf2_msgs/srv/detail/frame_graph__functions.h
[11.388s] -- Installing: /workspace/foxy_ws/install/include/tf2_msgs/srv/detail/frame_graph__functions.c
[11.388s] -- Installing: /workspace/foxy_ws/install/include/tf2_msgs/srv/detail/frame_graph__type_support.h
[11.389s] -- Installing: /workspace/foxy_ws/install/share/tf2_msgs/environment/library_path.sh
[11.389s] -- Installing: /workspace/foxy_ws/install/share/tf2_msgs/environment/library_path.dsv
[11.389s] -- Installing: /workspace/foxy_ws/install/lib/libtf2_msgs__rosidl_generator_c.so
[11.390s] -- Set runtime path of "/workspace/foxy_ws/install/lib/libtf2_msgs__rosidl_generator_c.so" to ""
[11.390s] -- Up-to-date: /workspace/foxy_ws/install/include/tf2_msgs
[11.390s] -- Up-to-date: /workspace/foxy_ws/install/include/tf2_msgs/msg
[11.390s] -- Installing: /workspace/foxy_ws/install/include/tf2_msgs/msg/rosidl_typesupport_fastrtps_c__visibility_control.h
[11.390s] -- Up-to-date: /workspace/foxy_ws/install/include/tf2_msgs/msg/detail
[11.390s] -- Installing: /workspace/foxy_ws/install/include/tf2_msgs/msg/detail/tf_message__rosidl_typesupport_fastrtps_c.h
[11.390s] -- Installing: /workspace/foxy_ws/install/include/tf2_msgs/msg/detail/tf2_error__rosidl_typesupport_fastrtps_c.h
[11.390s] -- Up-to-date: /workspace/foxy_ws/install/include/tf2_msgs/action
[11.390s] -- Up-to-date: /workspace/foxy_ws/install/include/tf2_msgs/action/detail
[11.391s] -- Installing: /workspace/foxy_ws/install/include/tf2_msgs/action/detail/lookup_transform__rosidl_typesupport_fastrtps_c.h
[11.391s] -- Up-to-date: /workspace/foxy_ws/install/include/tf2_msgs/srv
[11.391s] -- Up-to-date: /workspace/foxy_ws/install/include/tf2_msgs/srv/detail
[11.391s] -- Installing: /workspace/foxy_ws/install/include/tf2_msgs/srv/detail/frame_graph__rosidl_typesupport_fastrtps_c.h
[11.391s] -- Installing: /workspace/foxy_ws/install/lib/libtf2_msgs__rosidl_typesupport_fastrtps_c.so
[11.391s] -- Set runtime path of "/workspace/foxy_ws/install/lib/libtf2_msgs__rosidl_typesupport_fastrtps_c.so" to ""
[11.391s] -- Up-to-date: /workspace/foxy_ws/install/include/tf2_msgs
[11.391s] -- Up-to-date: /workspace/foxy_ws/install/include/tf2_msgs/msg
[11.392s] -- Installing: /workspace/foxy_ws/install/include/tf2_msgs/msg/rosidl_typesupport_fastrtps_cpp__visibility_control.h
[11.392s] -- Up-to-date: /workspace/foxy_ws/install/include/tf2_msgs/msg/detail
[11.392s] -- Installing: /workspace/foxy_ws/install/include/tf2_msgs/msg/detail/tf2_error__rosidl_typesupport_fastrtps_cpp.hpp
[11.392s] -- Installing: /workspace/foxy_ws/install/include/tf2_msgs/msg/detail/tf_message__rosidl_typesupport_fastrtps_cpp.hpp
[11.392s] -- Installing: /workspace/foxy_ws/install/include/tf2_msgs/msg/detail/dds_fastrtps
[11.392s] -- Up-to-date: /workspace/foxy_ws/install/include/tf2_msgs/action
[11.392s] -- Up-to-date: /workspace/foxy_ws/install/include/tf2_msgs/action/detail
[11.392s] -- Installing: /workspace/foxy_ws/install/include/tf2_msgs/action/detail/lookup_transform__rosidl_typesupport_fastrtps_cpp.hpp
[11.393s] -- Installing: /workspace/foxy_ws/install/include/tf2_msgs/action/detail/dds_fastrtps
[11.393s] -- Up-to-date: /workspace/foxy_ws/install/include/tf2_msgs/srv
[11.393s] -- Up-to-date: /workspace/foxy_ws/install/include/tf2_msgs/srv/detail
[11.393s] -- Installing: /workspace/foxy_ws/install/include/tf2_msgs/srv/detail/frame_graph__rosidl_typesupport_fastrtps_cpp.hpp
[11.393s] -- Installing: /workspace/foxy_ws/install/include/tf2_msgs/srv/detail/dds_fastrtps
[11.393s] -- Installing: /workspace/foxy_ws/install/lib/libtf2_msgs__rosidl_typesupport_fastrtps_cpp.so
[11.393s] -- Set runtime path of "/workspace/foxy_ws/install/lib/libtf2_msgs__rosidl_typesupport_fastrtps_cpp.so" to ""
[11.394s] -- Up-to-date: /workspace/foxy_ws/install/include/tf2_msgs
[11.394s] -- Up-to-date: /workspace/foxy_ws/install/include/tf2_msgs/msg
[11.394s] -- Installing: /workspace/foxy_ws/install/include/tf2_msgs/msg/rosidl_typesupport_introspection_c__visibility_control.h
[11.394s] -- Up-to-date: /workspace/foxy_ws/install/include/tf2_msgs/msg/detail
[11.394s] -- Installing: /workspace/foxy_ws/install/include/tf2_msgs/msg/detail/tf_message__rosidl_typesupport_introspection_c.h
[11.395s] -- Installing: /workspace/foxy_ws/install/include/tf2_msgs/msg/detail/tf2_error__rosidl_typesupport_introspection_c.h
[11.395s] -- Installing: /workspace/foxy_ws/install/include/tf2_msgs/msg/detail/tf_message__type_support.c
[11.395s] -- Installing: /workspace/foxy_ws/install/include/tf2_msgs/msg/detail/tf2_error__type_support.c
[11.395s] -- Up-to-date: /workspace/foxy_ws/install/include/tf2_msgs/action
[11.395s] -- Up-to-date: /workspace/foxy_ws/install/include/tf2_msgs/action/detail
[11.396s] -- Installing: /workspace/foxy_ws/install/include/tf2_msgs/action/detail/lookup_transform__rosidl_typesupport_introspection_c.h
[11.396s] -- Installing: /workspace/foxy_ws/install/include/tf2_msgs/action/detail/lookup_transform__type_support.c
[11.396s] -- Up-to-date: /workspace/foxy_ws/install/include/tf2_msgs/srv
[11.396s] -- Up-to-date: /workspace/foxy_ws/install/include/tf2_msgs/srv/detail
[11.396s] -- Installing: /workspace/foxy_ws/install/include/tf2_msgs/srv/detail/frame_graph__rosidl_typesupport_introspection_c.h
[11.396s] -- Installing: /workspace/foxy_ws/install/include/tf2_msgs/srv/detail/frame_graph__type_support.c
[11.396s] -- Installing: /workspace/foxy_ws/install/lib/libtf2_msgs__rosidl_typesupport_introspection_c.so
[11.396s] -- Set runtime path of "/workspace/foxy_ws/install/lib/libtf2_msgs__rosidl_typesupport_introspection_c.so" to ""
[11.397s] -- Installing: /workspace/foxy_ws/install/lib/libtf2_msgs__rosidl_typesupport_c.so
[11.397s] -- Set runtime path of "/workspace/foxy_ws/install/lib/libtf2_msgs__rosidl_typesupport_c.so" to ""
[11.397s] -- Up-to-date: /workspace/foxy_ws/install/include/tf2_msgs
[11.397s] -- Up-to-date: /workspace/foxy_ws/install/include/tf2_msgs/msg
[11.398s] -- Installing: /workspace/foxy_ws/install/include/tf2_msgs/msg/tf_message.hpp
[11.398s] -- Installing: /workspace/foxy_ws/install/include/tf2_msgs/msg/rosidl_generator_cpp__visibility_control.hpp
[11.398s] -- Up-to-date: /workspace/foxy_ws/install/include/tf2_msgs/msg/detail
[11.398s] -- Installing: /workspace/foxy_ws/install/include/tf2_msgs/msg/detail/tf_message__builder.hpp
[11.398s] -- Installing: /workspace/foxy_ws/install/include/tf2_msgs/msg/detail/tf2_error__type_support.hpp
[11.399s] -- Installing: /workspace/foxy_ws/install/include/tf2_msgs/msg/detail/tf2_error__builder.hpp
[11.399s] -- Installing: /workspace/foxy_ws/install/include/tf2_msgs/msg/detail/tf2_error__traits.hpp
[11.399s] -- Installing: /workspace/foxy_ws/install/include/tf2_msgs/msg/detail/tf_message__type_support.hpp
[11.399s] -- Installing: /workspace/foxy_ws/install/include/tf2_msgs/msg/detail/tf2_error__struct.hpp
[11.399s] -- Installing: /workspace/foxy_ws/install/include/tf2_msgs/msg/detail/tf_message__traits.hpp
[11.399s] -- Installing: /workspace/foxy_ws/install/include/tf2_msgs/msg/detail/tf_message__struct.hpp
[11.400s] -- Installing: /workspace/foxy_ws/install/include/tf2_msgs/msg/tf2_error.hpp
[11.400s] -- Up-to-date: /workspace/foxy_ws/install/include/tf2_msgs/action
[11.400s] -- Installing: /workspace/foxy_ws/install/include/tf2_msgs/action/lookup_transform.hpp
[11.400s] -- Up-to-date: /workspace/foxy_ws/install/include/tf2_msgs/action/detail
[11.401s] -- Installing: /workspace/foxy_ws/install/include/tf2_msgs/action/detail/lookup_transform__traits.hpp
[11.401s] -- Installing: /workspace/foxy_ws/install/include/tf2_msgs/action/detail/lookup_transform__builder.hpp
[11.401s] -- Installing: /workspace/foxy_ws/install/include/tf2_msgs/action/detail/lookup_transform__type_support.hpp
[11.401s] -- Installing: /workspace/foxy_ws/install/include/tf2_msgs/action/detail/lookup_transform__struct.hpp
[11.401s] -- Up-to-date: /workspace/foxy_ws/install/include/tf2_msgs/srv
[11.402s] -- Installing: /workspace/foxy_ws/install/include/tf2_msgs/srv/frame_graph.hpp
[11.402s] -- Up-to-date: /workspace/foxy_ws/install/include/tf2_msgs/srv/detail
[11.402s] -- Installing: /workspace/foxy_ws/install/include/tf2_msgs/srv/detail/frame_graph__traits.hpp
[11.402s] -- Installing: /workspace/foxy_ws/install/include/tf2_msgs/srv/detail/frame_graph__struct.hpp
[11.402s] -- Installing: /workspace/foxy_ws/install/include/tf2_msgs/srv/detail/frame_graph__type_support.hpp
[11.402s] -- Installing: /workspace/foxy_ws/install/include/tf2_msgs/srv/detail/frame_graph__builder.hpp
[11.403s] -- Up-to-date: /workspace/foxy_ws/install/include/tf2_msgs
[11.403s] -- Up-to-date: /workspace/foxy_ws/install/include/tf2_msgs/msg
[11.403s] -- Up-to-date: /workspace/foxy_ws/install/include/tf2_msgs/msg/detail
[11.403s] -- Installing: /workspace/foxy_ws/install/include/tf2_msgs/msg/detail/tf_message__rosidl_typesupport_introspection_cpp.hpp
[11.403s] -- Installing: /workspace/foxy_ws/install/include/tf2_msgs/msg/detail/tf2_error__type_support.cpp
[11.403s] -- Installing: /workspace/foxy_ws/install/include/tf2_msgs/msg/detail/tf2_error__rosidl_typesupport_introspection_cpp.hpp
[11.403s] -- Installing: /workspace/foxy_ws/install/include/tf2_msgs/msg/detail/tf_message__type_support.cpp
[11.403s] -- Up-to-date: /workspace/foxy_ws/install/include/tf2_msgs/action
[11.404s] -- Up-to-date: /workspace/foxy_ws/install/include/tf2_msgs/action/detail
[11.404s] -- Installing: /workspace/foxy_ws/install/include/tf2_msgs/action/detail/lookup_transform__rosidl_typesupport_introspection_cpp.hpp
[11.404s] -- Installing: /workspace/foxy_ws/install/include/tf2_msgs/action/detail/lookup_transform__type_support.cpp
[11.404s] -- Up-to-date: /workspace/foxy_ws/install/include/tf2_msgs/srv
[11.404s] -- Up-to-date: /workspace/foxy_ws/install/include/tf2_msgs/srv/detail
[11.404s] -- Installing: /workspace/foxy_ws/install/include/tf2_msgs/srv/detail/frame_graph__type_support.cpp
[11.404s] -- Installing: /workspace/foxy_ws/install/include/tf2_msgs/srv/detail/frame_graph__rosidl_typesupport_introspection_cpp.hpp
[11.404s] -- Installing: /workspace/foxy_ws/install/lib/libtf2_msgs__rosidl_typesupport_introspection_cpp.so
[11.405s] -- Set runtime path of "/workspace/foxy_ws/install/lib/libtf2_msgs__rosidl_typesupport_introspection_cpp.so" to ""
[11.405s] -- Installing: /workspace/foxy_ws/install/lib/libtf2_msgs__rosidl_typesupport_cpp.so
[11.405s] -- Set runtime path of "/workspace/foxy_ws/install/lib/libtf2_msgs__rosidl_typesupport_cpp.so" to ""
[11.406s] -- Installing: /workspace/foxy_ws/install/share/tf2_msgs/environment/pythonpath.sh
[11.406s] -- Installing: /workspace/foxy_ws/install/share/tf2_msgs/environment/pythonpath.dsv
[11.407s] -- Installing: /workspace/foxy_ws/install/lib/python3.10/site-packages/tf2_msgs/__init__.py
[11.436s] Compiling '/workspace/foxy_ws/install/lib/python3.10/site-packages/tf2_msgs/__init__.py'...
[11.443s] -- Installing: /workspace/foxy_ws/install/lib/python3.10/site-packages/tf2_msgs/msg
[11.444s] -- Installing: /workspace/foxy_ws/install/lib/python3.10/site-packages/tf2_msgs/msg/_tf2_error_s.c
[11.444s] -- Installing: /workspace/foxy_ws/install/lib/python3.10/site-packages/tf2_msgs/msg/_tf_message.py
[11.444s] -- Installing: /workspace/foxy_ws/install/lib/python3.10/site-packages/tf2_msgs/msg/_tf_message_s.c
[11.444s] -- Installing: /workspace/foxy_ws/install/lib/python3.10/site-packages/tf2_msgs/msg/__init__.py
[11.444s] -- Installing: /workspace/foxy_ws/install/lib/python3.10/site-packages/tf2_msgs/msg/_tf2_error.py
[11.444s] -- Installing: /workspace/foxy_ws/install/lib/python3.10/site-packages/tf2_msgs/srv
[11.444s] -- Installing: /workspace/foxy_ws/install/lib/python3.10/site-packages/tf2_msgs/srv/_frame_graph.py
[11.444s] -- Installing: /workspace/foxy_ws/install/lib/python3.10/site-packages/tf2_msgs/srv/_frame_graph_s.c
[11.444s] -- Installing: /workspace/foxy_ws/install/lib/python3.10/site-packages/tf2_msgs/srv/__init__.py
[11.444s] -- Installing: /workspace/foxy_ws/install/lib/python3.10/site-packages/tf2_msgs/action
[11.445s] -- Installing: /workspace/foxy_ws/install/lib/python3.10/site-packages/tf2_msgs/action/_lookup_transform_s.c
[11.445s] -- Installing: /workspace/foxy_ws/install/lib/python3.10/site-packages/tf2_msgs/action/_lookup_transform.py
[11.445s] -- Installing: /workspace/foxy_ws/install/lib/python3.10/site-packages/tf2_msgs/action/__init__.py
[11.445s] -- Installing: /workspace/foxy_ws/install/lib/python3.10/site-packages/tf2_msgs/tf2_msgs_s__rosidl_typesupport_fastrtps_c.cpython-310-x86_64-linux-gnu.so
[11.445s] -- Set runtime path of "/workspace/foxy_ws/install/lib/python3.10/site-packages/tf2_msgs/tf2_msgs_s__rosidl_typesupport_fastrtps_c.cpython-310-x86_64-linux-gnu.so" to ""
[11.445s] -- Installing: /workspace/foxy_ws/install/lib/python3.10/site-packages/tf2_msgs/tf2_msgs_s__rosidl_typesupport_introspection_c.cpython-310-x86_64-linux-gnu.so
[11.445s] -- Set runtime path of "/workspace/foxy_ws/install/lib/python3.10/site-packages/tf2_msgs/tf2_msgs_s__rosidl_typesupport_introspection_c.cpython-310-x86_64-linux-gnu.so" to ""
[11.446s] -- Installing: /workspace/foxy_ws/install/lib/python3.10/site-packages/tf2_msgs/tf2_msgs_s__rosidl_typesupport_c.cpython-310-x86_64-linux-gnu.so
[11.446s] -- Set runtime path of "/workspace/foxy_ws/install/lib/python3.10/site-packages/tf2_msgs/tf2_msgs_s__rosidl_typesupport_c.cpython-310-x86_64-linux-gnu.so" to ""
[11.446s] -- Installing: /workspace/foxy_ws/install/lib/libtf2_msgs__python.so
[11.447s] -- Set runtime path of "/workspace/foxy_ws/install/lib/libtf2_msgs__python.so" to ""
[11.447s] -- Installing: /workspace/foxy_ws/install/share/tf2_msgs/msg/TF2Error.idl
[11.447s] -- Installing: /workspace/foxy_ws/install/share/tf2_msgs/msg/TFMessage.idl
[11.448s] -- Installing: /workspace/foxy_ws/install/share/tf2_msgs/srv/FrameGraph.idl
[11.448s] -- Installing: /workspace/foxy_ws/install/share/tf2_msgs/action/LookupTransform.idl
[11.448s] -- Installing: /workspace/foxy_ws/install/share/tf2_msgs/msg/TF2Error.msg
[11.448s] -- Installing: /workspace/foxy_ws/install/share/tf2_msgs/msg/TFMessage.msg
[11.448s] -- Installing: /workspace/foxy_ws/install/share/tf2_msgs/srv/FrameGraph.srv
[11.449s] -- Installing: /workspace/foxy_ws/install/share/tf2_msgs/srv/FrameGraph_Request.msg
[11.449s] -- Installing: /workspace/foxy_ws/install/share/tf2_msgs/srv/FrameGraph_Response.msg
[11.449s] -- Installing: /workspace/foxy_ws/install/share/tf2_msgs/action/LookupTransform.action
[11.449s] -- Installing: /workspace/foxy_ws/install/share/tf2_msgs/tfmessage_bridge_mapping_rule.yaml
[11.450s] -- Installing: /workspace/foxy_ws/install/share/ament_index/resource_index/package_run_dependencies/tf2_msgs
[11.450s] -- Installing: /workspace/foxy_ws/install/share/ament_index/resource_index/parent_prefix_path/tf2_msgs
[11.450s] -- Installing: /workspace/foxy_ws/install/share/tf2_msgs/environment/ament_prefix_path.sh
[11.451s] -- Installing: /workspace/foxy_ws/install/share/tf2_msgs/environment/ament_prefix_path.dsv
[11.451s] -- Installing: /workspace/foxy_ws/install/share/tf2_msgs/environment/path.sh
[11.451s] -- Installing: /workspace/foxy_ws/install/share/tf2_msgs/environment/path.dsv
[11.451s] -- Installing: /workspace/foxy_ws/install/share/tf2_msgs/local_setup.bash
[11.451s] -- Installing: /workspace/foxy_ws/install/share/tf2_msgs/local_setup.sh
[11.452s] -- Installing: /workspace/foxy_ws/install/share/tf2_msgs/local_setup.zsh
[11.452s] -- Installing: /workspace/foxy_ws/install/share/tf2_msgs/local_setup.dsv
[11.452s] -- Installing: /workspace/foxy_ws/install/share/tf2_msgs/package.dsv
[11.453s] -- Installing: /workspace/foxy_ws/install/share/ament_index/resource_index/packages/tf2_msgs
[11.453s] -- Installing: /workspace/foxy_ws/install/share/tf2_msgs/cmake/tf2_msgs__rosidl_generator_cExport.cmake
[11.454s] -- Installing: /workspace/foxy_ws/install/share/tf2_msgs/cmake/tf2_msgs__rosidl_generator_cExport-noconfig.cmake
[11.454s] -- Installing: /workspace/foxy_ws/install/share/tf2_msgs/cmake/tf2_msgs__rosidl_typesupport_introspection_cExport.cmake
[11.454s] -- Installing: /workspace/foxy_ws/install/share/tf2_msgs/cmake/tf2_msgs__rosidl_typesupport_introspection_cExport-noconfig.cmake
[11.455s] -- Installing: /workspace/foxy_ws/install/share/tf2_msgs/cmake/tf2_msgs__rosidl_typesupport_cExport.cmake
[11.455s] -- Installing: /workspace/foxy_ws/install/share/tf2_msgs/cmake/tf2_msgs__rosidl_typesupport_cExport-noconfig.cmake
[11.455s] -- Installing: /workspace/foxy_ws/install/share/tf2_msgs/cmake/tf2_msgs__rosidl_generator_cppExport.cmake
[11.456s] -- Installing: /workspace/foxy_ws/install/share/tf2_msgs/cmake/tf2_msgs__rosidl_typesupport_introspection_cppExport.cmake
[11.456s] -- Installing: /workspace/foxy_ws/install/share/tf2_msgs/cmake/tf2_msgs__rosidl_typesupport_introspection_cppExport-noconfig.cmake
[11.456s] -- Installing: /workspace/foxy_ws/install/share/tf2_msgs/cmake/tf2_msgs__rosidl_typesupport_cppExport.cmake
[11.457s] -- Installing: /workspace/foxy_ws/install/share/tf2_msgs/cmake/tf2_msgs__rosidl_typesupport_cppExport-noconfig.cmake
[11.457s] -- Installing: /workspace/foxy_ws/install/share/tf2_msgs/cmake/rosidl_cmake-extras.cmake
[11.457s] -- Installing: /workspace/foxy_ws/install/share/tf2_msgs/cmake/ament_cmake_export_dependencies-extras.cmake
[11.458s] -- Installing: /workspace/foxy_ws/install/share/tf2_msgs/cmake/ament_cmake_export_libraries-extras.cmake
[11.458s] -- Installing: /workspace/foxy_ws/install/share/tf2_msgs/cmake/ament_cmake_export_targets-extras.cmake
[11.458s] -- Installing: /workspace/foxy_ws/install/share/tf2_msgs/cmake/ament_cmake_export_include_directories-extras.cmake
[11.459s] -- Installing: /workspace/foxy_ws/install/share/tf2_msgs/cmake/rosidl_cmake_export_typesupport_libraries-extras.cmake
[11.459s] -- Installing: /workspace/foxy_ws/install/share/tf2_msgs/cmake/rosidl_cmake_export_typesupport_targets-extras.cmake
[11.459s] -- Installing: /workspace/foxy_ws/install/share/tf2_msgs/cmake/tf2_msgsConfig.cmake
[11.459s] -- Installing: /workspace/foxy_ws/install/share/tf2_msgs/cmake/tf2_msgsConfig-version.cmake
[11.460s] -- Installing: /workspace/foxy_ws/install/share/tf2_msgs/package.xml
[11.473s] Invoked command in '/workspace/foxy_ws/build/tf2_msgs' returned '0': AMENT_PREFIX_PATH=/workspace/foxy_ws/install CMAKE_PREFIX_PATH=/workspace/foxy_ws/install LD_LIBRARY_PATH=/workspace/foxy_ws/install/lib PATH=/workspace/foxy_ws/install/bin:${PATH} PKG_CONFIG_PATH=/workspace/foxy_ws/install/lib/x86_64-linux-gnu/pkgconfig:/workspace/foxy_ws/install/lib/pkgconfig PYTHONPATH=/workspace/foxy_ws/install/lib/python3.10/site-packages /usr/bin/cmake --install /workspace/foxy_ws/build/tf2_msgs
