-- The C compiler identification is GNU 9.4.0
-- The CXX compiler identification is GNU 9.4.0
-- Check for working C compiler: /usr/bin/cc
-- Check for working C compiler: /usr/bin/cc -- works
-- Detecting C compiler ABI info
-- Detecting C compiler ABI info - done
-- Detecting C compile features
-- Detecting C compile features - done
-- Check for working CXX compiler: /usr/bin/c++
-- Check for working CXX compiler: /usr/bin/c++ -- works
-- Detecting CXX compiler ABI info
-- Detecting CXX compiler ABI info - done
-- Detecting CXX compile features
-- Detecting CXX compile features - done
-- Found ament_cmake: 0.9.12 (/workspace/foxy_ws/install/share/ament_cmake/cmake)
-- Found PythonInterp: /usr/bin/python3 (found suitable version "3.10.14", minimum required is "3") 
-- Using PYTHON_EXECUTABLE: /usr/bin/python3
-- Found rosidl_default_generators: 1.0.1 (/workspace/foxy_ws/install/share/rosidl_default_generators/cmake)
-- Using all available rosidl_typesupport_c: rosidl_typesupport_fastrtps_c;rosidl_typesupport_introspection_c
-- Found rosidl_adapter: 1.3.1 (/workspace/foxy_ws/install/share/rosidl_adapter/cmake)
-- Found OpenSSL: /usr/lib/x86_64-linux-gnu/libcrypto.so (found version "1.1.1f")  
-- Found FastRTPS: /workspace/foxy_ws/install/include  
-- Using all available rosidl_typesupport_cpp: rosidl_typesupport_fastrtps_cpp;rosidl_typesupport_introspection_cpp
-- Found PythonInterp: /usr/bin/python3 (found version "3.10.14") 
-- Found ament_cmake_cppcheck: 0.9.8 (/workspace/foxy_ws/install/share/ament_cmake_cppcheck/cmake)
-- Found ament_cmake_cpplint: 0.9.8 (/workspace/foxy_ws/install/share/ament_cmake_cpplint/cmake)
-- Found ament_cmake_uncrustify: 0.9.8 (/workspace/foxy_ws/install/share/ament_cmake_uncrustify/cmake)
-- Found ament_cmake_ros: 0.9.2 (/workspace/foxy_ws/install/share/ament_cmake_ros/cmake)
-- Using all available rosidl_typesupport_c: rosidl_typesupport_fastrtps_c;rosidl_typesupport_introspection_c
-- Using all available rosidl_typesupport_cpp: rosidl_typesupport_fastrtps_cpp;rosidl_typesupport_introspection_cpp
-- Found PythonInterp: /usr/bin/python3 (found suitable version "3.10.14", minimum required is "3.5") 
-- Found python_cmake_module: 0.8.1 (/workspace/foxy_ws/install/share/python_cmake_module/cmake)
-- Found PythonLibs: /usr/lib/x86_64-linux-gnu/libpython3.10.so (found suitable version "3.10.14", minimum required is "3.5") 
-- Using PYTHON_EXECUTABLE: /usr/bin/python3
-- Using PYTHON_INCLUDE_DIRS: /usr/include/python3.10
-- Using PYTHON_LIBRARIES: /usr/lib/x86_64-linux-gnu/libpython3.10.so
-- Found PythonExtra: .so  
-- Using numpy include directory: /usr/local/lib/python3.10/dist-packages/numpy/core/include
-- Found ament_cmake_flake8: 0.9.8 (/workspace/foxy_ws/install/share/ament_cmake_flake8/cmake)
-- Found ament_cmake_pep257: 0.9.8 (/workspace/foxy_ws/install/share/ament_cmake_pep257/cmake)
-- Found ament_lint_auto: 0.9.8 (/workspace/foxy_ws/install/share/ament_lint_auto/cmake)
-- Added test 'copyright' to check source files copyright and LICENSE
-- Added test 'lint_cmake' to check CMake code style
-- Added test 'xmllint' to check XML markup files
-- Configuring done
-- Generating done
-- Build files have been written to: /workspace/foxy_ws/build/lifecycle_msgs
Scanning dependencies of target lifecycle_msgs__cpp
[  1%] Generating C code for ROS interfaces
[  2%] Generating C++ code for ROS interfaces
[  2%] Built target lifecycle_msgs__cpp
[  3%] Generating C++ introspection for ROS interfaces
[  4%] Generating C++ type support for eProsima Fast-RTPS
[  5%] Generating C++ type support dispatch for ROS interfaces
Scanning dependencies of target lifecycle_msgs__rosidl_generator_c
[  6%] Building C object CMakeFiles/lifecycle_msgs__rosidl_generator_c.dir/rosidl_generator_c/lifecycle_msgs/msg/detail/state__functions.c.o
[  8%] Building C object CMakeFiles/lifecycle_msgs__rosidl_generator_c.dir/rosidl_generator_c/lifecycle_msgs/msg/detail/transition__functions.c.o
[  9%] Building C object CMakeFiles/lifecycle_msgs__rosidl_generator_c.dir/rosidl_generator_c/lifecycle_msgs/srv/detail/change_state__functions.c.o
[ 10%] Building C object CMakeFiles/lifecycle_msgs__rosidl_generator_c.dir/rosidl_generator_c/lifecycle_msgs/msg/detail/transition_description__functions.c.o
[ 11%] Building C object CMakeFiles/lifecycle_msgs__rosidl_generator_c.dir/rosidl_generator_c/lifecycle_msgs/msg/detail/transition_event__functions.c.o
[ 12%] Building C object CMakeFiles/lifecycle_msgs__rosidl_generator_c.dir/rosidl_generator_c/lifecycle_msgs/srv/detail/get_state__functions.c.o
[ 13%] Building C object CMakeFiles/lifecycle_msgs__rosidl_generator_c.dir/rosidl_generator_c/lifecycle_msgs/srv/detail/get_available_states__functions.c.o
[ 14%] Building C object CMakeFiles/lifecycle_msgs__rosidl_generator_c.dir/rosidl_generator_c/lifecycle_msgs/srv/detail/get_available_transitions__functions.c.o
[ 16%] Linking C shared library liblifecycle_msgs__rosidl_generator_c.so
[ 16%] Built target lifecycle_msgs__rosidl_generator_c
[ 17%] Generating C type support dispatch for ROS interfaces
[ 18%] Generating C introspection for ROS interfaces
Scanning dependencies of target lifecycle_msgs__rosidl_typesupport_cpp
[ 19%] Building CXX object CMakeFiles/lifecycle_msgs__rosidl_typesupport_cpp.dir/rosidl_typesupport_cpp/lifecycle_msgs/msg/state__type_support.cpp.o
[ 20%] Building CXX object CMakeFiles/lifecycle_msgs__rosidl_typesupport_cpp.dir/rosidl_typesupport_cpp/lifecycle_msgs/msg/transition__type_support.cpp.o
[ 21%] Building CXX object CMakeFiles/lifecycle_msgs__rosidl_typesupport_cpp.dir/rosidl_typesupport_cpp/lifecycle_msgs/msg/transition_description__type_support.cpp.o
[ 22%] Building CXX object CMakeFiles/lifecycle_msgs__rosidl_typesupport_cpp.dir/rosidl_typesupport_cpp/lifecycle_msgs/msg/transition_event__type_support.cpp.o
[ 24%] Building CXX object CMakeFiles/lifecycle_msgs__rosidl_typesupport_cpp.dir/rosidl_typesupport_cpp/lifecycle_msgs/srv/change_state__type_support.cpp.o
[ 25%] Building CXX object CMakeFiles/lifecycle_msgs__rosidl_typesupport_cpp.dir/rosidl_typesupport_cpp/lifecycle_msgs/srv/get_available_states__type_support.cpp.o
[ 26%] Building CXX object CMakeFiles/lifecycle_msgs__rosidl_typesupport_cpp.dir/rosidl_typesupport_cpp/lifecycle_msgs/srv/get_available_transitions__type_support.cpp.o
Scanning dependencies of target lifecycle_msgs__rosidl_typesupport_introspection_cpp
[ 27%] Building CXX object CMakeFiles/lifecycle_msgs__rosidl_typesupport_cpp.dir/rosidl_typesupport_cpp/lifecycle_msgs/srv/get_state__type_support.cpp.o
[ 28%] Building CXX object CMakeFiles/lifecycle_msgs__rosidl_typesupport_introspection_cpp.dir/rosidl_typesupport_introspection_cpp/lifecycle_msgs/msg/detail/state__type_support.cpp.o
[ 29%] Building CXX object CMakeFiles/lifecycle_msgs__rosidl_typesupport_introspection_cpp.dir/rosidl_typesupport_introspection_cpp/lifecycle_msgs/msg/detail/transition__type_support.cpp.o
[ 31%] Building CXX object CMakeFiles/lifecycle_msgs__rosidl_typesupport_introspection_cpp.dir/rosidl_typesupport_introspection_cpp/lifecycle_msgs/msg/detail/transition_description__type_support.cpp.o
Scanning dependencies of target lifecycle_msgs__rosidl_typesupport_fastrtps_cpp
[ 32%] Building CXX object CMakeFiles/lifecycle_msgs__rosidl_typesupport_introspection_cpp.dir/rosidl_typesupport_introspection_cpp/lifecycle_msgs/msg/detail/transition_event__type_support.cpp.o
Scanning dependencies of target lifecycle_msgs__rosidl_typesupport_c
[ 33%] Building CXX object CMakeFiles/lifecycle_msgs__rosidl_typesupport_introspection_cpp.dir/rosidl_typesupport_introspection_cpp/lifecycle_msgs/srv/detail/change_state__type_support.cpp.o
[ 34%] Building CXX object CMakeFiles/lifecycle_msgs__rosidl_typesupport_fastrtps_cpp.dir/rosidl_typesupport_fastrtps_cpp/lifecycle_msgs/msg/detail/dds_fastrtps/state__type_support.cpp.o
[ 35%] Building CXX object CMakeFiles/lifecycle_msgs__rosidl_typesupport_c.dir/rosidl_typesupport_c/lifecycle_msgs/msg/state__type_support.cpp.o
[ 36%] Building CXX object CMakeFiles/lifecycle_msgs__rosidl_typesupport_introspection_cpp.dir/rosidl_typesupport_introspection_cpp/lifecycle_msgs/srv/detail/get_available_states__type_support.cpp.o
[ 37%] Building CXX object CMakeFiles/lifecycle_msgs__rosidl_typesupport_c.dir/rosidl_typesupport_c/lifecycle_msgs/msg/transition__type_support.cpp.o
[ 39%] Building CXX object CMakeFiles/lifecycle_msgs__rosidl_typesupport_introspection_cpp.dir/rosidl_typesupport_introspection_cpp/lifecycle_msgs/srv/detail/get_available_transitions__type_support.cpp.o
[ 40%] Building CXX object CMakeFiles/lifecycle_msgs__rosidl_typesupport_c.dir/rosidl_typesupport_c/lifecycle_msgs/msg/transition_description__type_support.cpp.o
[ 41%] Building CXX object CMakeFiles/lifecycle_msgs__rosidl_typesupport_c.dir/rosidl_typesupport_c/lifecycle_msgs/msg/transition_event__type_support.cpp.o
[ 42%] Building CXX object CMakeFiles/lifecycle_msgs__rosidl_typesupport_c.dir/rosidl_typesupport_c/lifecycle_msgs/srv/change_state__type_support.cpp.o
[ 43%] Building CXX object CMakeFiles/lifecycle_msgs__rosidl_typesupport_c.dir/rosidl_typesupport_c/lifecycle_msgs/srv/get_available_states__type_support.cpp.o
[ 44%] Building CXX object CMakeFiles/lifecycle_msgs__rosidl_typesupport_c.dir/rosidl_typesupport_c/lifecycle_msgs/srv/get_available_transitions__type_support.cpp.o
[ 45%] Building CXX object CMakeFiles/lifecycle_msgs__rosidl_typesupport_c.dir/rosidl_typesupport_c/lifecycle_msgs/srv/get_state__type_support.cpp.o
[ 47%] Building CXX object CMakeFiles/lifecycle_msgs__rosidl_typesupport_introspection_cpp.dir/rosidl_typesupport_introspection_cpp/lifecycle_msgs/srv/detail/get_state__type_support.cpp.o
[ 48%] Linking CXX shared library liblifecycle_msgs__rosidl_typesupport_cpp.so
[ 50%] Linking CXX shared library liblifecycle_msgs__rosidl_typesupport_c.so
[ 50%] Building CXX object CMakeFiles/lifecycle_msgs__rosidl_typesupport_fastrtps_cpp.dir/rosidl_typesupport_fastrtps_cpp/lifecycle_msgs/msg/detail/dds_fastrtps/transition__type_support.cpp.o
[ 51%] Building CXX object CMakeFiles/lifecycle_msgs__rosidl_typesupport_fastrtps_cpp.dir/rosidl_typesupport_fastrtps_cpp/lifecycle_msgs/msg/detail/dds_fastrtps/transition_event__type_support.cpp.o
[ 51%] Built target lifecycle_msgs__rosidl_typesupport_c
[ 52%] Building CXX object CMakeFiles/lifecycle_msgs__rosidl_typesupport_fastrtps_cpp.dir/rosidl_typesupport_fastrtps_cpp/lifecycle_msgs/srv/detail/dds_fastrtps/change_state__type_support.cpp.o
[ 55%] Building CXX object CMakeFiles/lifecycle_msgs__rosidl_typesupport_fastrtps_cpp.dir/rosidl_typesupport_fastrtps_cpp/lifecycle_msgs/msg/detail/dds_fastrtps/transition_description__type_support.cpp.o
[ 55%] Building CXX object CMakeFiles/lifecycle_msgs__rosidl_typesupport_fastrtps_cpp.dir/rosidl_typesupport_fastrtps_cpp/lifecycle_msgs/srv/detail/dds_fastrtps/get_available_states__type_support.cpp.o
[ 55%] Built target lifecycle_msgs__rosidl_typesupport_cpp
Scanning dependencies of target lifecycle_msgs__rosidl_typesupport_introspection_c
[ 56%] Building CXX object CMakeFiles/lifecycle_msgs__rosidl_typesupport_fastrtps_cpp.dir/rosidl_typesupport_fastrtps_cpp/lifecycle_msgs/srv/detail/dds_fastrtps/get_available_transitions__type_support.cpp.o
[ 57%] Building C object CMakeFiles/lifecycle_msgs__rosidl_typesupport_introspection_c.dir/rosidl_typesupport_introspection_c/lifecycle_msgs/msg/detail/state__type_support.c.o
[ 58%] Building C object CMakeFiles/lifecycle_msgs__rosidl_typesupport_introspection_c.dir/rosidl_typesupport_introspection_c/lifecycle_msgs/msg/detail/transition__type_support.c.o
[ 59%] Building C object CMakeFiles/lifecycle_msgs__rosidl_typesupport_introspection_c.dir/rosidl_typesupport_introspection_c/lifecycle_msgs/msg/detail/transition_description__type_support.c.o
[ 60%] Building C object CMakeFiles/lifecycle_msgs__rosidl_typesupport_introspection_c.dir/rosidl_typesupport_introspection_c/lifecycle_msgs/msg/detail/transition_event__type_support.c.o
[ 62%] Building C object CMakeFiles/lifecycle_msgs__rosidl_typesupport_introspection_c.dir/rosidl_typesupport_introspection_c/lifecycle_msgs/srv/detail/change_state__type_support.c.o
[ 63%] Building C object CMakeFiles/lifecycle_msgs__rosidl_typesupport_introspection_c.dir/rosidl_typesupport_introspection_c/lifecycle_msgs/srv/detail/get_available_states__type_support.c.o
[ 64%] Building CXX object CMakeFiles/lifecycle_msgs__rosidl_typesupport_fastrtps_cpp.dir/rosidl_typesupport_fastrtps_cpp/lifecycle_msgs/srv/detail/dds_fastrtps/get_state__type_support.cpp.o
[ 65%] Building C object CMakeFiles/lifecycle_msgs__rosidl_typesupport_introspection_c.dir/rosidl_typesupport_introspection_c/lifecycle_msgs/srv/detail/get_available_transitions__type_support.c.o
[ 66%] Building C object CMakeFiles/lifecycle_msgs__rosidl_typesupport_introspection_c.dir/rosidl_typesupport_introspection_c/lifecycle_msgs/srv/detail/get_state__type_support.c.o
[ 67%] Linking CXX shared library liblifecycle_msgs__rosidl_typesupport_introspection_cpp.so
[ 68%] Linking C shared library liblifecycle_msgs__rosidl_typesupport_introspection_c.so
[ 68%] Built target lifecycle_msgs__rosidl_typesupport_introspection_c
[ 68%] Built target lifecycle_msgs__rosidl_typesupport_introspection_cpp
[ 70%] Linking CXX shared library liblifecycle_msgs__rosidl_typesupport_fastrtps_cpp.so
[ 70%] Built target lifecycle_msgs__rosidl_typesupport_fastrtps_cpp
[ 71%] Generating C type support for eProsima Fast-RTPS
Scanning dependencies of target lifecycle_msgs__rosidl_typesupport_fastrtps_c
[ 72%] Building CXX object CMakeFiles/lifecycle_msgs__rosidl_typesupport_fastrtps_c.dir/rosidl_typesupport_fastrtps_c/lifecycle_msgs/msg/detail/state__type_support_c.cpp.o
[ 73%] Building CXX object CMakeFiles/lifecycle_msgs__rosidl_typesupport_fastrtps_c.dir/rosidl_typesupport_fastrtps_c/lifecycle_msgs/msg/detail/transition__type_support_c.cpp.o
[ 74%] Building CXX object CMakeFiles/lifecycle_msgs__rosidl_typesupport_fastrtps_c.dir/rosidl_typesupport_fastrtps_c/lifecycle_msgs/srv/detail/get_state__type_support_c.cpp.o
[ 75%] Building CXX object CMakeFiles/lifecycle_msgs__rosidl_typesupport_fastrtps_c.dir/rosidl_typesupport_fastrtps_c/lifecycle_msgs/srv/detail/get_available_transitions__type_support_c.cpp.o
[ 77%] Building CXX object CMakeFiles/lifecycle_msgs__rosidl_typesupport_fastrtps_c.dir/rosidl_typesupport_fastrtps_c/lifecycle_msgs/srv/detail/get_available_states__type_support_c.cpp.o
[ 78%] Building CXX object CMakeFiles/lifecycle_msgs__rosidl_typesupport_fastrtps_c.dir/rosidl_typesupport_fastrtps_c/lifecycle_msgs/srv/detail/change_state__type_support_c.cpp.o
[ 79%] Building CXX object CMakeFiles/lifecycle_msgs__rosidl_typesupport_fastrtps_c.dir/rosidl_typesupport_fastrtps_c/lifecycle_msgs/msg/detail/transition_event__type_support_c.cpp.o
[ 80%] Building CXX object CMakeFiles/lifecycle_msgs__rosidl_typesupport_fastrtps_c.dir/rosidl_typesupport_fastrtps_c/lifecycle_msgs/msg/detail/transition_description__type_support_c.cpp.o
[ 81%] Linking CXX shared library liblifecycle_msgs__rosidl_typesupport_fastrtps_c.so
[ 81%] Built target lifecycle_msgs__rosidl_typesupport_fastrtps_c
Scanning dependencies of target lifecycle_msgs
[ 81%] Built target lifecycle_msgs
Scanning dependencies of target lifecycle_msgs__py
[ 82%] Generating Python code for ROS interfaces
[ 82%] Built target lifecycle_msgs__py
Scanning dependencies of target lifecycle_msgs__python
[ 83%] Building C object CMakeFiles/lifecycle_msgs__python.dir/rosidl_generator_py/lifecycle_msgs/msg/_state_s.c.o
[ 85%] Building C object CMakeFiles/lifecycle_msgs__python.dir/rosidl_generator_py/lifecycle_msgs/srv/_get_state_s.c.o
[ 86%] Building C object CMakeFiles/lifecycle_msgs__python.dir/rosidl_generator_py/lifecycle_msgs/srv/_get_available_transitions_s.c.o
[ 87%] Building C object CMakeFiles/lifecycle_msgs__python.dir/rosidl_generator_py/lifecycle_msgs/srv/_get_available_states_s.c.o
[ 88%] Building C object CMakeFiles/lifecycle_msgs__python.dir/rosidl_generator_py/lifecycle_msgs/srv/_change_state_s.c.o
[ 89%] Building C object CMakeFiles/lifecycle_msgs__python.dir/rosidl_generator_py/lifecycle_msgs/msg/_transition_event_s.c.o
[ 90%] Building C object CMakeFiles/lifecycle_msgs__python.dir/rosidl_generator_py/lifecycle_msgs/msg/_transition_description_s.c.o
[ 91%] Building C object CMakeFiles/lifecycle_msgs__python.dir/rosidl_generator_py/lifecycle_msgs/msg/_transition_s.c.o
[ 93%] Linking C shared library rosidl_generator_py/lifecycle_msgs/liblifecycle_msgs__python.so
[ 93%] Built target lifecycle_msgs__python
Scanning dependencies of target lifecycle_msgs__rosidl_typesupport_fastrtps_c__pyext
[ 94%] Building C object CMakeFiles/lifecycle_msgs__rosidl_typesupport_fastrtps_c__pyext.dir/rosidl_generator_py/lifecycle_msgs/_lifecycle_msgs_s.ep.rosidl_typesupport_fastrtps_c.c.o
[ 95%] Linking CXX shared library rosidl_generator_py/lifecycle_msgs/lifecycle_msgs_s__rosidl_typesupport_fastrtps_c.cpython-310-x86_64-linux-gnu.so
[ 95%] Built target lifecycle_msgs__rosidl_typesupport_fastrtps_c__pyext
Scanning dependencies of target lifecycle_msgs__rosidl_typesupport_introspection_c__pyext
[ 96%] Building C object CMakeFiles/lifecycle_msgs__rosidl_typesupport_introspection_c__pyext.dir/rosidl_generator_py/lifecycle_msgs/_lifecycle_msgs_s.ep.rosidl_typesupport_introspection_c.c.o
[ 97%] Linking C shared library rosidl_generator_py/lifecycle_msgs/lifecycle_msgs_s__rosidl_typesupport_introspection_c.cpython-310-x86_64-linux-gnu.so
[ 97%] Built target lifecycle_msgs__rosidl_typesupport_introspection_c__pyext
Scanning dependencies of target lifecycle_msgs__rosidl_typesupport_c__pyext
[ 98%] Building C object CMakeFiles/lifecycle_msgs__rosidl_typesupport_c__pyext.dir/rosidl_generator_py/lifecycle_msgs/_lifecycle_msgs_s.ep.rosidl_typesupport_c.c.o
[100%] Linking C shared library rosidl_generator_py/lifecycle_msgs/lifecycle_msgs_s__rosidl_typesupport_c.cpython-310-x86_64-linux-gnu.so
[100%] Built target lifecycle_msgs__rosidl_typesupport_c__pyext
-- Install configuration: ""
-- Installing: /workspace/foxy_ws/install/share/ament_index/resource_index/rosidl_interfaces/lifecycle_msgs
-- Installing: /workspace/foxy_ws/install/include/lifecycle_msgs
-- Installing: /workspace/foxy_ws/install/include/lifecycle_msgs/msg
-- Installing: /workspace/foxy_ws/install/include/lifecycle_msgs/msg/transition.h
-- Installing: /workspace/foxy_ws/install/include/lifecycle_msgs/msg/transition_event.h
-- Installing: /workspace/foxy_ws/install/include/lifecycle_msgs/msg/transition_description.h
-- Installing: /workspace/foxy_ws/install/include/lifecycle_msgs/msg/rosidl_generator_c__visibility_control.h
-- Installing: /workspace/foxy_ws/install/include/lifecycle_msgs/msg/state.h
-- Installing: /workspace/foxy_ws/install/include/lifecycle_msgs/msg/detail
-- Installing: /workspace/foxy_ws/install/include/lifecycle_msgs/msg/detail/transition_event__type_support.h
-- Installing: /workspace/foxy_ws/install/include/lifecycle_msgs/msg/detail/transition_description__struct.h
-- Installing: /workspace/foxy_ws/install/include/lifecycle_msgs/msg/detail/transition_description__functions.c
-- Installing: /workspace/foxy_ws/install/include/lifecycle_msgs/msg/detail/transition__functions.h
-- Installing: /workspace/foxy_ws/install/include/lifecycle_msgs/msg/detail/state__functions.c
-- Installing: /workspace/foxy_ws/install/include/lifecycle_msgs/msg/detail/transition_event__struct.h
-- Installing: /workspace/foxy_ws/install/include/lifecycle_msgs/msg/detail/state__struct.h
-- Installing: /workspace/foxy_ws/install/include/lifecycle_msgs/msg/detail/state__type_support.h
-- Installing: /workspace/foxy_ws/install/include/lifecycle_msgs/msg/detail/transition_event__functions.h
-- Installing: /workspace/foxy_ws/install/include/lifecycle_msgs/msg/detail/transition_description__functions.h
-- Installing: /workspace/foxy_ws/install/include/lifecycle_msgs/msg/detail/transition__type_support.h
-- Installing: /workspace/foxy_ws/install/include/lifecycle_msgs/msg/detail/transition__functions.c
-- Installing: /workspace/foxy_ws/install/include/lifecycle_msgs/msg/detail/transition_event__functions.c
-- Installing: /workspace/foxy_ws/install/include/lifecycle_msgs/msg/detail/transition_description__type_support.h
-- Installing: /workspace/foxy_ws/install/include/lifecycle_msgs/msg/detail/transition__struct.h
-- Installing: /workspace/foxy_ws/install/include/lifecycle_msgs/msg/detail/state__functions.h
-- Installing: /workspace/foxy_ws/install/include/lifecycle_msgs/srv
-- Installing: /workspace/foxy_ws/install/include/lifecycle_msgs/srv/get_state.h
-- Installing: /workspace/foxy_ws/install/include/lifecycle_msgs/srv/change_state.h
-- Installing: /workspace/foxy_ws/install/include/lifecycle_msgs/srv/get_available_states.h
-- Installing: /workspace/foxy_ws/install/include/lifecycle_msgs/srv/get_available_transitions.h
-- Installing: /workspace/foxy_ws/install/include/lifecycle_msgs/srv/detail
-- Installing: /workspace/foxy_ws/install/include/lifecycle_msgs/srv/detail/get_available_states__struct.h
-- Installing: /workspace/foxy_ws/install/include/lifecycle_msgs/srv/detail/change_state__type_support.h
-- Installing: /workspace/foxy_ws/install/include/lifecycle_msgs/srv/detail/get_state__type_support.h
-- Installing: /workspace/foxy_ws/install/include/lifecycle_msgs/srv/detail/get_state__struct.h
-- Installing: /workspace/foxy_ws/install/include/lifecycle_msgs/srv/detail/get_available_states__functions.h
-- Installing: /workspace/foxy_ws/install/include/lifecycle_msgs/srv/detail/get_state__functions.h
-- Installing: /workspace/foxy_ws/install/include/lifecycle_msgs/srv/detail/get_state__functions.c
-- Installing: /workspace/foxy_ws/install/include/lifecycle_msgs/srv/detail/get_available_transitions__type_support.h
-- Installing: /workspace/foxy_ws/install/include/lifecycle_msgs/srv/detail/change_state__functions.c
-- Installing: /workspace/foxy_ws/install/include/lifecycle_msgs/srv/detail/change_state__functions.h
-- Installing: /workspace/foxy_ws/install/include/lifecycle_msgs/srv/detail/change_state__struct.h
-- Installing: /workspace/foxy_ws/install/include/lifecycle_msgs/srv/detail/get_available_transitions__functions.h
-- Installing: /workspace/foxy_ws/install/include/lifecycle_msgs/srv/detail/get_available_states__type_support.h
-- Installing: /workspace/foxy_ws/install/include/lifecycle_msgs/srv/detail/get_available_transitions__struct.h
-- Installing: /workspace/foxy_ws/install/include/lifecycle_msgs/srv/detail/get_available_transitions__functions.c
-- Installing: /workspace/foxy_ws/install/include/lifecycle_msgs/srv/detail/get_available_states__functions.c
-- Installing: /workspace/foxy_ws/install/share/lifecycle_msgs/environment/library_path.sh
-- Installing: /workspace/foxy_ws/install/share/lifecycle_msgs/environment/library_path.dsv
-- Installing: /workspace/foxy_ws/install/lib/liblifecycle_msgs__rosidl_generator_c.so
-- Set runtime path of "/workspace/foxy_ws/install/lib/liblifecycle_msgs__rosidl_generator_c.so" to ""
-- Up-to-date: /workspace/foxy_ws/install/include/lifecycle_msgs
-- Up-to-date: /workspace/foxy_ws/install/include/lifecycle_msgs/msg
-- Installing: /workspace/foxy_ws/install/include/lifecycle_msgs/msg/rosidl_typesupport_fastrtps_c__visibility_control.h
-- Up-to-date: /workspace/foxy_ws/install/include/lifecycle_msgs/msg/detail
-- Installing: /workspace/foxy_ws/install/include/lifecycle_msgs/msg/detail/state__rosidl_typesupport_fastrtps_c.h
-- Installing: /workspace/foxy_ws/install/include/lifecycle_msgs/msg/detail/transition_description__rosidl_typesupport_fastrtps_c.h
-- Installing: /workspace/foxy_ws/install/include/lifecycle_msgs/msg/detail/transition__rosidl_typesupport_fastrtps_c.h
-- Installing: /workspace/foxy_ws/install/include/lifecycle_msgs/msg/detail/transition_event__rosidl_typesupport_fastrtps_c.h
-- Up-to-date: /workspace/foxy_ws/install/include/lifecycle_msgs/srv
-- Up-to-date: /workspace/foxy_ws/install/include/lifecycle_msgs/srv/detail
-- Installing: /workspace/foxy_ws/install/include/lifecycle_msgs/srv/detail/get_available_states__rosidl_typesupport_fastrtps_c.h
-- Installing: /workspace/foxy_ws/install/include/lifecycle_msgs/srv/detail/get_available_transitions__rosidl_typesupport_fastrtps_c.h
-- Installing: /workspace/foxy_ws/install/include/lifecycle_msgs/srv/detail/get_state__rosidl_typesupport_fastrtps_c.h
-- Installing: /workspace/foxy_ws/install/include/lifecycle_msgs/srv/detail/change_state__rosidl_typesupport_fastrtps_c.h
-- Installing: /workspace/foxy_ws/install/lib/liblifecycle_msgs__rosidl_typesupport_fastrtps_c.so
-- Set runtime path of "/workspace/foxy_ws/install/lib/liblifecycle_msgs__rosidl_typesupport_fastrtps_c.so" to ""
-- Up-to-date: /workspace/foxy_ws/install/include/lifecycle_msgs
-- Up-to-date: /workspace/foxy_ws/install/include/lifecycle_msgs/msg
-- Installing: /workspace/foxy_ws/install/include/lifecycle_msgs/msg/rosidl_typesupport_fastrtps_cpp__visibility_control.h
-- Up-to-date: /workspace/foxy_ws/install/include/lifecycle_msgs/msg/detail
-- Installing: /workspace/foxy_ws/install/include/lifecycle_msgs/msg/detail/transition_event__rosidl_typesupport_fastrtps_cpp.hpp
-- Installing: /workspace/foxy_ws/install/include/lifecycle_msgs/msg/detail/dds_fastrtps
-- Installing: /workspace/foxy_ws/install/include/lifecycle_msgs/msg/detail/state__rosidl_typesupport_fastrtps_cpp.hpp
-- Installing: /workspace/foxy_ws/install/include/lifecycle_msgs/msg/detail/transition_description__rosidl_typesupport_fastrtps_cpp.hpp
-- Installing: /workspace/foxy_ws/install/include/lifecycle_msgs/msg/detail/transition__rosidl_typesupport_fastrtps_cpp.hpp
-- Up-to-date: /workspace/foxy_ws/install/include/lifecycle_msgs/srv
-- Up-to-date: /workspace/foxy_ws/install/include/lifecycle_msgs/srv/detail
-- Installing: /workspace/foxy_ws/install/include/lifecycle_msgs/srv/detail/dds_fastrtps
-- Installing: /workspace/foxy_ws/install/include/lifecycle_msgs/srv/detail/get_state__rosidl_typesupport_fastrtps_cpp.hpp
-- Installing: /workspace/foxy_ws/install/include/lifecycle_msgs/srv/detail/change_state__rosidl_typesupport_fastrtps_cpp.hpp
-- Installing: /workspace/foxy_ws/install/include/lifecycle_msgs/srv/detail/get_available_transitions__rosidl_typesupport_fastrtps_cpp.hpp
-- Installing: /workspace/foxy_ws/install/include/lifecycle_msgs/srv/detail/get_available_states__rosidl_typesupport_fastrtps_cpp.hpp
-- Installing: /workspace/foxy_ws/install/lib/liblifecycle_msgs__rosidl_typesupport_fastrtps_cpp.so
-- Set runtime path of "/workspace/foxy_ws/install/lib/liblifecycle_msgs__rosidl_typesupport_fastrtps_cpp.so" to ""
-- Up-to-date: /workspace/foxy_ws/install/include/lifecycle_msgs
-- Up-to-date: /workspace/foxy_ws/install/include/lifecycle_msgs/msg
-- Installing: /workspace/foxy_ws/install/include/lifecycle_msgs/msg/rosidl_typesupport_introspection_c__visibility_control.h
-- Up-to-date: /workspace/foxy_ws/install/include/lifecycle_msgs/msg/detail
-- Installing: /workspace/foxy_ws/install/include/lifecycle_msgs/msg/detail/state__type_support.c
-- Installing: /workspace/foxy_ws/install/include/lifecycle_msgs/msg/detail/transition_event__rosidl_typesupport_introspection_c.h
-- Installing: /workspace/foxy_ws/install/include/lifecycle_msgs/msg/detail/transition_event__type_support.c
-- Installing: /workspace/foxy_ws/install/include/lifecycle_msgs/msg/detail/transition__rosidl_typesupport_introspection_c.h
-- Installing: /workspace/foxy_ws/install/include/lifecycle_msgs/msg/detail/state__rosidl_typesupport_introspection_c.h
-- Installing: /workspace/foxy_ws/install/include/lifecycle_msgs/msg/detail/transition_description__type_support.c
-- Installing: /workspace/foxy_ws/install/include/lifecycle_msgs/msg/detail/transition_description__rosidl_typesupport_introspection_c.h
-- Installing: /workspace/foxy_ws/install/include/lifecycle_msgs/msg/detail/transition__type_support.c
-- Up-to-date: /workspace/foxy_ws/install/include/lifecycle_msgs/srv
-- Up-to-date: /workspace/foxy_ws/install/include/lifecycle_msgs/srv/detail
-- Installing: /workspace/foxy_ws/install/include/lifecycle_msgs/srv/detail/get_state__rosidl_typesupport_introspection_c.h
-- Installing: /workspace/foxy_ws/install/include/lifecycle_msgs/srv/detail/get_available_transitions__rosidl_typesupport_introspection_c.h
-- Installing: /workspace/foxy_ws/install/include/lifecycle_msgs/srv/detail/get_state__type_support.c
-- Installing: /workspace/foxy_ws/install/include/lifecycle_msgs/srv/detail/get_available_states__type_support.c
-- Installing: /workspace/foxy_ws/install/include/lifecycle_msgs/srv/detail/change_state__rosidl_typesupport_introspection_c.h
-- Installing: /workspace/foxy_ws/install/include/lifecycle_msgs/srv/detail/change_state__type_support.c
-- Installing: /workspace/foxy_ws/install/include/lifecycle_msgs/srv/detail/get_available_transitions__type_support.c
-- Installing: /workspace/foxy_ws/install/include/lifecycle_msgs/srv/detail/get_available_states__rosidl_typesupport_introspection_c.h
-- Installing: /workspace/foxy_ws/install/lib/liblifecycle_msgs__rosidl_typesupport_introspection_c.so
-- Set runtime path of "/workspace/foxy_ws/install/lib/liblifecycle_msgs__rosidl_typesupport_introspection_c.so" to ""
-- Installing: /workspace/foxy_ws/install/lib/liblifecycle_msgs__rosidl_typesupport_c.so
-- Set runtime path of "/workspace/foxy_ws/install/lib/liblifecycle_msgs__rosidl_typesupport_c.so" to ""
-- Up-to-date: /workspace/foxy_ws/install/include/lifecycle_msgs
-- Up-to-date: /workspace/foxy_ws/install/include/lifecycle_msgs/msg
-- Installing: /workspace/foxy_ws/install/include/lifecycle_msgs/msg/rosidl_generator_cpp__visibility_control.hpp
-- Installing: /workspace/foxy_ws/install/include/lifecycle_msgs/msg/state.hpp
-- Installing: /workspace/foxy_ws/install/include/lifecycle_msgs/msg/transition_description.hpp
-- Installing: /workspace/foxy_ws/install/include/lifecycle_msgs/msg/transition.hpp
-- Up-to-date: /workspace/foxy_ws/install/include/lifecycle_msgs/msg/detail
-- Installing: /workspace/foxy_ws/install/include/lifecycle_msgs/msg/detail/transition_event__builder.hpp
-- Installing: /workspace/foxy_ws/install/include/lifecycle_msgs/msg/detail/transition_description__struct.hpp
-- Installing: /workspace/foxy_ws/install/include/lifecycle_msgs/msg/detail/transition_event__traits.hpp
-- Installing: /workspace/foxy_ws/install/include/lifecycle_msgs/msg/detail/transition_event__struct.hpp
-- Installing: /workspace/foxy_ws/install/include/lifecycle_msgs/msg/detail/state__struct.hpp
-- Installing: /workspace/foxy_ws/install/include/lifecycle_msgs/msg/detail/state__type_support.hpp
-- Installing: /workspace/foxy_ws/install/include/lifecycle_msgs/msg/detail/transition_event__type_support.hpp
-- Installing: /workspace/foxy_ws/install/include/lifecycle_msgs/msg/detail/transition_description__type_support.hpp
-- Installing: /workspace/foxy_ws/install/include/lifecycle_msgs/msg/detail/transition__type_support.hpp
-- Installing: /workspace/foxy_ws/install/include/lifecycle_msgs/msg/detail/transition_description__builder.hpp
-- Installing: /workspace/foxy_ws/install/include/lifecycle_msgs/msg/detail/transition__struct.hpp
-- Installing: /workspace/foxy_ws/install/include/lifecycle_msgs/msg/detail/transition__traits.hpp
-- Installing: /workspace/foxy_ws/install/include/lifecycle_msgs/msg/detail/state__builder.hpp
-- Installing: /workspace/foxy_ws/install/include/lifecycle_msgs/msg/detail/transition_description__traits.hpp
-- Installing: /workspace/foxy_ws/install/include/lifecycle_msgs/msg/detail/state__traits.hpp
-- Installing: /workspace/foxy_ws/install/include/lifecycle_msgs/msg/detail/transition__builder.hpp
-- Installing: /workspace/foxy_ws/install/include/lifecycle_msgs/msg/transition_event.hpp
-- Up-to-date: /workspace/foxy_ws/install/include/lifecycle_msgs/srv
-- Installing: /workspace/foxy_ws/install/include/lifecycle_msgs/srv/get_available_states.hpp
-- Installing: /workspace/foxy_ws/install/include/lifecycle_msgs/srv/change_state.hpp
-- Installing: /workspace/foxy_ws/install/include/lifecycle_msgs/srv/get_available_transitions.hpp
-- Installing: /workspace/foxy_ws/install/include/lifecycle_msgs/srv/get_state.hpp
-- Up-to-date: /workspace/foxy_ws/install/include/lifecycle_msgs/srv/detail
-- Installing: /workspace/foxy_ws/install/include/lifecycle_msgs/srv/detail/get_available_states__type_support.hpp
-- Installing: /workspace/foxy_ws/install/include/lifecycle_msgs/srv/detail/change_state__type_support.hpp
-- Installing: /workspace/foxy_ws/install/include/lifecycle_msgs/srv/detail/get_available_transitions__struct.hpp
-- Installing: /workspace/foxy_ws/install/include/lifecycle_msgs/srv/detail/get_available_states__struct.hpp
-- Installing: /workspace/foxy_ws/install/include/lifecycle_msgs/srv/detail/get_available_transitions__traits.hpp
-- Installing: /workspace/foxy_ws/install/include/lifecycle_msgs/srv/detail/get_state__type_support.hpp
-- Installing: /workspace/foxy_ws/install/include/lifecycle_msgs/srv/detail/get_available_states__builder.hpp
-- Installing: /workspace/foxy_ws/install/include/lifecycle_msgs/srv/detail/change_state__struct.hpp
-- Installing: /workspace/foxy_ws/install/include/lifecycle_msgs/srv/detail/get_state__builder.hpp
-- Installing: /workspace/foxy_ws/install/include/lifecycle_msgs/srv/detail/change_state__traits.hpp
-- Installing: /workspace/foxy_ws/install/include/lifecycle_msgs/srv/detail/get_available_states__traits.hpp
-- Installing: /workspace/foxy_ws/install/include/lifecycle_msgs/srv/detail/get_available_transitions__builder.hpp
-- Installing: /workspace/foxy_ws/install/include/lifecycle_msgs/srv/detail/change_state__builder.hpp
-- Installing: /workspace/foxy_ws/install/include/lifecycle_msgs/srv/detail/get_state__struct.hpp
-- Installing: /workspace/foxy_ws/install/include/lifecycle_msgs/srv/detail/get_available_transitions__type_support.hpp
-- Installing: /workspace/foxy_ws/install/include/lifecycle_msgs/srv/detail/get_state__traits.hpp
-- Up-to-date: /workspace/foxy_ws/install/include/lifecycle_msgs
-- Up-to-date: /workspace/foxy_ws/install/include/lifecycle_msgs/msg
-- Up-to-date: /workspace/foxy_ws/install/include/lifecycle_msgs/msg/detail
-- Installing: /workspace/foxy_ws/install/include/lifecycle_msgs/msg/detail/state__rosidl_typesupport_introspection_cpp.hpp
-- Installing: /workspace/foxy_ws/install/include/lifecycle_msgs/msg/detail/transition__type_support.cpp
-- Installing: /workspace/foxy_ws/install/include/lifecycle_msgs/msg/detail/transition_description__rosidl_typesupport_introspection_cpp.hpp
-- Installing: /workspace/foxy_ws/install/include/lifecycle_msgs/msg/detail/transition_description__type_support.cpp
-- Installing: /workspace/foxy_ws/install/include/lifecycle_msgs/msg/detail/transition_event__rosidl_typesupport_introspection_cpp.hpp
-- Installing: /workspace/foxy_ws/install/include/lifecycle_msgs/msg/detail/transition__rosidl_typesupport_introspection_cpp.hpp
-- Installing: /workspace/foxy_ws/install/include/lifecycle_msgs/msg/detail/transition_event__type_support.cpp
-- Installing: /workspace/foxy_ws/install/include/lifecycle_msgs/msg/detail/state__type_support.cpp
-- Up-to-date: /workspace/foxy_ws/install/include/lifecycle_msgs/srv
-- Up-to-date: /workspace/foxy_ws/install/include/lifecycle_msgs/srv/detail
-- Installing: /workspace/foxy_ws/install/include/lifecycle_msgs/srv/detail/get_available_states__type_support.cpp
-- Installing: /workspace/foxy_ws/install/include/lifecycle_msgs/srv/detail/change_state__type_support.cpp
-- Installing: /workspace/foxy_ws/install/include/lifecycle_msgs/srv/detail/get_available_transitions__type_support.cpp
-- Installing: /workspace/foxy_ws/install/include/lifecycle_msgs/srv/detail/get_state__rosidl_typesupport_introspection_cpp.hpp
-- Installing: /workspace/foxy_ws/install/include/lifecycle_msgs/srv/detail/get_state__type_support.cpp
-- Installing: /workspace/foxy_ws/install/include/lifecycle_msgs/srv/detail/get_available_transitions__rosidl_typesupport_introspection_cpp.hpp
-- Installing: /workspace/foxy_ws/install/include/lifecycle_msgs/srv/detail/change_state__rosidl_typesupport_introspection_cpp.hpp
-- Installing: /workspace/foxy_ws/install/include/lifecycle_msgs/srv/detail/get_available_states__rosidl_typesupport_introspection_cpp.hpp
-- Installing: /workspace/foxy_ws/install/lib/liblifecycle_msgs__rosidl_typesupport_introspection_cpp.so
-- Set runtime path of "/workspace/foxy_ws/install/lib/liblifecycle_msgs__rosidl_typesupport_introspection_cpp.so" to ""
-- Installing: /workspace/foxy_ws/install/lib/liblifecycle_msgs__rosidl_typesupport_cpp.so
-- Set runtime path of "/workspace/foxy_ws/install/lib/liblifecycle_msgs__rosidl_typesupport_cpp.so" to ""
-- Installing: /workspace/foxy_ws/install/share/lifecycle_msgs/environment/pythonpath.sh
-- Installing: /workspace/foxy_ws/install/share/lifecycle_msgs/environment/pythonpath.dsv
-- Installing: /workspace/foxy_ws/install/lib/python3.10/site-packages/lifecycle_msgs/__init__.py
Compiling '/workspace/foxy_ws/install/lib/python3.10/site-packages/lifecycle_msgs/__init__.py'...
-- Installing: /workspace/foxy_ws/install/lib/python3.10/site-packages/lifecycle_msgs/msg
-- Installing: /workspace/foxy_ws/install/lib/python3.10/site-packages/lifecycle_msgs/msg/_state.py
-- Installing: /workspace/foxy_ws/install/lib/python3.10/site-packages/lifecycle_msgs/msg/_transition_event_s.c
-- Installing: /workspace/foxy_ws/install/lib/python3.10/site-packages/lifecycle_msgs/msg/_transition_event.py
-- Installing: /workspace/foxy_ws/install/lib/python3.10/site-packages/lifecycle_msgs/msg/_transition_description_s.c
-- Installing: /workspace/foxy_ws/install/lib/python3.10/site-packages/lifecycle_msgs/msg/_transition.py
-- Installing: /workspace/foxy_ws/install/lib/python3.10/site-packages/lifecycle_msgs/msg/_transition_description.py
-- Installing: /workspace/foxy_ws/install/lib/python3.10/site-packages/lifecycle_msgs/msg/_state_s.c
-- Installing: /workspace/foxy_ws/install/lib/python3.10/site-packages/lifecycle_msgs/msg/__init__.py
-- Installing: /workspace/foxy_ws/install/lib/python3.10/site-packages/lifecycle_msgs/msg/_transition_s.c
-- Installing: /workspace/foxy_ws/install/lib/python3.10/site-packages/lifecycle_msgs/srv
-- Installing: /workspace/foxy_ws/install/lib/python3.10/site-packages/lifecycle_msgs/srv/_get_state.py
-- Installing: /workspace/foxy_ws/install/lib/python3.10/site-packages/lifecycle_msgs/srv/_change_state_s.c
-- Installing: /workspace/foxy_ws/install/lib/python3.10/site-packages/lifecycle_msgs/srv/_get_available_transitions.py
-- Installing: /workspace/foxy_ws/install/lib/python3.10/site-packages/lifecycle_msgs/srv/_change_state.py
-- Installing: /workspace/foxy_ws/install/lib/python3.10/site-packages/lifecycle_msgs/srv/_get_state_s.c
-- Installing: /workspace/foxy_ws/install/lib/python3.10/site-packages/lifecycle_msgs/srv/_get_available_states_s.c
-- Installing: /workspace/foxy_ws/install/lib/python3.10/site-packages/lifecycle_msgs/srv/_get_available_states.py
-- Installing: /workspace/foxy_ws/install/lib/python3.10/site-packages/lifecycle_msgs/srv/__init__.py
-- Installing: /workspace/foxy_ws/install/lib/python3.10/site-packages/lifecycle_msgs/srv/_get_available_transitions_s.c
-- Installing: /workspace/foxy_ws/install/lib/python3.10/site-packages/lifecycle_msgs/lifecycle_msgs_s__rosidl_typesupport_fastrtps_c.cpython-310-x86_64-linux-gnu.so
-- Set runtime path of "/workspace/foxy_ws/install/lib/python3.10/site-packages/lifecycle_msgs/lifecycle_msgs_s__rosidl_typesupport_fastrtps_c.cpython-310-x86_64-linux-gnu.so" to ""
-- Installing: /workspace/foxy_ws/install/lib/python3.10/site-packages/lifecycle_msgs/lifecycle_msgs_s__rosidl_typesupport_introspection_c.cpython-310-x86_64-linux-gnu.so
-- Set runtime path of "/workspace/foxy_ws/install/lib/python3.10/site-packages/lifecycle_msgs/lifecycle_msgs_s__rosidl_typesupport_introspection_c.cpython-310-x86_64-linux-gnu.so" to ""
-- Installing: /workspace/foxy_ws/install/lib/python3.10/site-packages/lifecycle_msgs/lifecycle_msgs_s__rosidl_typesupport_c.cpython-310-x86_64-linux-gnu.so
-- Set runtime path of "/workspace/foxy_ws/install/lib/python3.10/site-packages/lifecycle_msgs/lifecycle_msgs_s__rosidl_typesupport_c.cpython-310-x86_64-linux-gnu.so" to ""
-- Installing: /workspace/foxy_ws/install/lib/liblifecycle_msgs__python.so
-- Set runtime path of "/workspace/foxy_ws/install/lib/liblifecycle_msgs__python.so" to ""
-- Installing: /workspace/foxy_ws/install/share/lifecycle_msgs/msg/State.idl
-- Installing: /workspace/foxy_ws/install/share/lifecycle_msgs/msg/Transition.idl
-- Installing: /workspace/foxy_ws/install/share/lifecycle_msgs/msg/TransitionDescription.idl
-- Installing: /workspace/foxy_ws/install/share/lifecycle_msgs/msg/TransitionEvent.idl
-- Installing: /workspace/foxy_ws/install/share/lifecycle_msgs/srv/ChangeState.idl
-- Installing: /workspace/foxy_ws/install/share/lifecycle_msgs/srv/GetAvailableStates.idl
-- Installing: /workspace/foxy_ws/install/share/lifecycle_msgs/srv/GetAvailableTransitions.idl
-- Installing: /workspace/foxy_ws/install/share/lifecycle_msgs/srv/GetState.idl
-- Installing: /workspace/foxy_ws/install/share/lifecycle_msgs/msg/State.msg
-- Installing: /workspace/foxy_ws/install/share/lifecycle_msgs/msg/Transition.msg
-- Installing: /workspace/foxy_ws/install/share/lifecycle_msgs/msg/TransitionDescription.msg
-- Installing: /workspace/foxy_ws/install/share/lifecycle_msgs/msg/TransitionEvent.msg
-- Installing: /workspace/foxy_ws/install/share/lifecycle_msgs/srv/ChangeState.srv
-- Installing: /workspace/foxy_ws/install/share/lifecycle_msgs/srv/ChangeState_Request.msg
-- Installing: /workspace/foxy_ws/install/share/lifecycle_msgs/srv/ChangeState_Response.msg
-- Installing: /workspace/foxy_ws/install/share/lifecycle_msgs/srv/GetAvailableStates.srv
-- Installing: /workspace/foxy_ws/install/share/lifecycle_msgs/srv/GetAvailableStates_Request.msg
-- Installing: /workspace/foxy_ws/install/share/lifecycle_msgs/srv/GetAvailableStates_Response.msg
-- Installing: /workspace/foxy_ws/install/share/lifecycle_msgs/srv/GetAvailableTransitions.srv
-- Installing: /workspace/foxy_ws/install/share/lifecycle_msgs/srv/GetAvailableTransitions_Request.msg
-- Installing: /workspace/foxy_ws/install/share/lifecycle_msgs/srv/GetAvailableTransitions_Response.msg
-- Installing: /workspace/foxy_ws/install/share/lifecycle_msgs/srv/GetState.srv
-- Installing: /workspace/foxy_ws/install/share/lifecycle_msgs/srv/GetState_Request.msg
-- Installing: /workspace/foxy_ws/install/share/lifecycle_msgs/srv/GetState_Response.msg
-- Installing: /workspace/foxy_ws/install/share/ament_index/resource_index/package_run_dependencies/lifecycle_msgs
-- Installing: /workspace/foxy_ws/install/share/ament_index/resource_index/parent_prefix_path/lifecycle_msgs
-- Installing: /workspace/foxy_ws/install/share/lifecycle_msgs/environment/ament_prefix_path.sh
-- Installing: /workspace/foxy_ws/install/share/lifecycle_msgs/environment/ament_prefix_path.dsv
-- Installing: /workspace/foxy_ws/install/share/lifecycle_msgs/environment/path.sh
-- Installing: /workspace/foxy_ws/install/share/lifecycle_msgs/environment/path.dsv
-- Installing: /workspace/foxy_ws/install/share/lifecycle_msgs/local_setup.bash
-- Installing: /workspace/foxy_ws/install/share/lifecycle_msgs/local_setup.sh
-- Installing: /workspace/foxy_ws/install/share/lifecycle_msgs/local_setup.zsh
-- Installing: /workspace/foxy_ws/install/share/lifecycle_msgs/local_setup.dsv
-- Installing: /workspace/foxy_ws/install/share/lifecycle_msgs/package.dsv
-- Installing: /workspace/foxy_ws/install/share/ament_index/resource_index/packages/lifecycle_msgs
-- Installing: /workspace/foxy_ws/install/share/lifecycle_msgs/cmake/lifecycle_msgs__rosidl_generator_cExport.cmake
-- Installing: /workspace/foxy_ws/install/share/lifecycle_msgs/cmake/lifecycle_msgs__rosidl_generator_cExport-noconfig.cmake
-- Installing: /workspace/foxy_ws/install/share/lifecycle_msgs/cmake/lifecycle_msgs__rosidl_typesupport_introspection_cExport.cmake
-- Installing: /workspace/foxy_ws/install/share/lifecycle_msgs/cmake/lifecycle_msgs__rosidl_typesupport_introspection_cExport-noconfig.cmake
-- Installing: /workspace/foxy_ws/install/share/lifecycle_msgs/cmake/lifecycle_msgs__rosidl_typesupport_cExport.cmake
-- Installing: /workspace/foxy_ws/install/share/lifecycle_msgs/cmake/lifecycle_msgs__rosidl_typesupport_cExport-noconfig.cmake
-- Installing: /workspace/foxy_ws/install/share/lifecycle_msgs/cmake/lifecycle_msgs__rosidl_generator_cppExport.cmake
-- Installing: /workspace/foxy_ws/install/share/lifecycle_msgs/cmake/lifecycle_msgs__rosidl_typesupport_introspection_cppExport.cmake
-- Installing: /workspace/foxy_ws/install/share/lifecycle_msgs/cmake/lifecycle_msgs__rosidl_typesupport_introspection_cppExport-noconfig.cmake
-- Installing: /workspace/foxy_ws/install/share/lifecycle_msgs/cmake/lifecycle_msgs__rosidl_typesupport_cppExport.cmake
-- Installing: /workspace/foxy_ws/install/share/lifecycle_msgs/cmake/lifecycle_msgs__rosidl_typesupport_cppExport-noconfig.cmake
-- Installing: /workspace/foxy_ws/install/share/lifecycle_msgs/cmake/rosidl_cmake-extras.cmake
-- Installing: /workspace/foxy_ws/install/share/lifecycle_msgs/cmake/ament_cmake_export_dependencies-extras.cmake
-- Installing: /workspace/foxy_ws/install/share/lifecycle_msgs/cmake/ament_cmake_export_libraries-extras.cmake
-- Installing: /workspace/foxy_ws/install/share/lifecycle_msgs/cmake/ament_cmake_export_targets-extras.cmake
-- Installing: /workspace/foxy_ws/install/share/lifecycle_msgs/cmake/ament_cmake_export_include_directories-extras.cmake
-- Installing: /workspace/foxy_ws/install/share/lifecycle_msgs/cmake/rosidl_cmake_export_typesupport_libraries-extras.cmake
-- Installing: /workspace/foxy_ws/install/share/lifecycle_msgs/cmake/rosidl_cmake_export_typesupport_targets-extras.cmake
-- Installing: /workspace/foxy_ws/install/share/lifecycle_msgs/cmake/lifecycle_msgsConfig.cmake
-- Installing: /workspace/foxy_ws/install/share/lifecycle_msgs/cmake/lifecycle_msgsConfig-version.cmake
-- Installing: /workspace/foxy_ws/install/share/lifecycle_msgs/package.xml
