[0.113s] Invoking command in '/workspace/foxy_ws/build/lifecycle_msgs': AMENT_PREFIX_PATH=/workspace/foxy_ws/install CMAKE_PREFIX_PATH=/workspace/foxy_ws/install LD_LIBRARY_PATH=/workspace/foxy_ws/install/lib PATH=/workspace/foxy_ws/install/bin:${PATH} PKG_CONFIG_PATH=/workspace/foxy_ws/install/lib/x86_64-linux-gnu/pkgconfig:/workspace/foxy_ws/install/lib/pkgconfig PYTHONPATH=/workspace/foxy_ws/install/lib/python3.10/site-packages /usr/bin/cmake /workspace/foxy_ws/src/rcl_interfaces/lifecycle_msgs -DCMAKE_INSTALL_PREFIX=/workspace/foxy_ws/install
[0.163s] -- The C compiler identification is GNU 9.4.0
[0.209s] -- The CXX compiler identification is GNU 9.4.0
[0.215s] -- Check for working C compiler: /usr/bin/cc
[0.280s] -- Check for working C compiler: /usr/bin/cc -- works
[0.280s] -- Detecting C compiler ABI info
[0.349s] -- Detecting C compiler ABI info - done
[0.367s] -- Detecting C compile features
[0.367s] -- Detecting C compile features - done
[0.375s] -- Check for working CXX compiler: /usr/bin/c++
[0.463s] -- Check for working CXX compiler: /usr/bin/c++ -- works
[0.464s] -- Detecting CXX compiler ABI info
[0.539s] -- Detecting CXX compiler ABI info - done
[0.552s] -- Detecting CXX compile features
[0.552s] -- Detecting CXX compile features - done
[0.554s] -- Found ament_cmake: 0.9.12 (/workspace/foxy_ws/install/share/ament_cmake/cmake)
[0.571s] -- Found PythonInterp: /usr/bin/python3 (found suitable version "3.10.14", minimum required is "3") 
[0.572s] -- Using PYTHON_EXECUTABLE: /usr/bin/python3
[0.730s] -- Found rosidl_default_generators: 1.0.1 (/workspace/foxy_ws/install/share/rosidl_default_generators/cmake)
[0.732s] -- Using all available rosidl_typesupport_c: rosidl_typesupport_fastrtps_c;rosidl_typesupport_introspection_c
[0.735s] -- Found rosidl_adapter: 1.3.1 (/workspace/foxy_ws/install/share/rosidl_adapter/cmake)
[0.755s] -- Found OpenSSL: /usr/lib/x86_64-linux-gnu/libcrypto.so (found version "1.1.1f")  
[0.767s] -- Found FastRTPS: /workspace/foxy_ws/install/include  
[0.811s] -- Using all available rosidl_typesupport_cpp: rosidl_typesupport_fastrtps_cpp;rosidl_typesupport_introspection_cpp
[0.843s] -- Found PythonInterp: /usr/bin/python3 (found version "3.10.14") 
[0.998s] -- Found ament_cmake_cppcheck: 0.9.8 (/workspace/foxy_ws/install/share/ament_cmake_cppcheck/cmake)
[0.999s] -- Found ament_cmake_cpplint: 0.9.8 (/workspace/foxy_ws/install/share/ament_cmake_cpplint/cmake)
[1.000s] -- Found ament_cmake_uncrustify: 0.9.8 (/workspace/foxy_ws/install/share/ament_cmake_uncrustify/cmake)
[1.001s] -- Found ament_cmake_ros: 0.9.2 (/workspace/foxy_ws/install/share/ament_cmake_ros/cmake)
[1.054s] -- Using all available rosidl_typesupport_c: rosidl_typesupport_fastrtps_c;rosidl_typesupport_introspection_c
[1.065s] -- Using all available rosidl_typesupport_cpp: rosidl_typesupport_fastrtps_cpp;rosidl_typesupport_introspection_cpp
[1.080s] -- Found PythonInterp: /usr/bin/python3 (found suitable version "3.10.14", minimum required is "3.5") 
[1.081s] -- Found python_cmake_module: 0.8.1 (/workspace/foxy_ws/install/share/python_cmake_module/cmake)
[1.100s] -- Found PythonLibs: /usr/lib/x86_64-linux-gnu/libpython3.10.so (found suitable version "3.10.14", minimum required is "3.5") 
[1.101s] -- Using PYTHON_EXECUTABLE: /usr/bin/python3
[1.101s] -- Using PYTHON_INCLUDE_DIRS: /usr/include/python3.10
[1.101s] -- Using PYTHON_LIBRARIES: /usr/lib/x86_64-linux-gnu/libpython3.10.so
[1.139s] -- Found PythonExtra: .so  
[1.175s] <string>:1: DeprecationWarning: The distutils package is deprecated and slated for removal in Python 3.12. Use setuptools or check PEP 632 for potential alternatives
[1.177s] <string>:1: DeprecationWarning: The distutils.sysconfig module is deprecated, use sysconfig instead
[1.338s] -- Using numpy include directory: /usr/local/lib/python3.10/dist-packages/numpy/core/include
[1.346s] -- Found ament_cmake_flake8: 0.9.8 (/workspace/foxy_ws/install/share/ament_cmake_flake8/cmake)
[1.347s] -- Found ament_cmake_pep257: 0.9.8 (/workspace/foxy_ws/install/share/ament_cmake_pep257/cmake)
[1.350s] -- Found ament_lint_auto: 0.9.8 (/workspace/foxy_ws/install/share/ament_lint_auto/cmake)
[1.369s] -- Added test 'copyright' to check source files copyright and LICENSE
[1.369s] -- Added test 'lint_cmake' to check CMake code style
[1.370s] -- Added test 'xmllint' to check XML markup files
[1.374s] -- Configuring done
[1.415s] -- Generating done
[1.417s] -- Build files have been written to: /workspace/foxy_ws/build/lifecycle_msgs
[1.430s] Invoked command in '/workspace/foxy_ws/build/lifecycle_msgs' returned '0': AMENT_PREFIX_PATH=/workspace/foxy_ws/install CMAKE_PREFIX_PATH=/workspace/foxy_ws/install LD_LIBRARY_PATH=/workspace/foxy_ws/install/lib PATH=/workspace/foxy_ws/install/bin:${PATH} PKG_CONFIG_PATH=/workspace/foxy_ws/install/lib/x86_64-linux-gnu/pkgconfig:/workspace/foxy_ws/install/lib/pkgconfig PYTHONPATH=/workspace/foxy_ws/install/lib/python3.10/site-packages /usr/bin/cmake /workspace/foxy_ws/src/rcl_interfaces/lifecycle_msgs -DCMAKE_INSTALL_PREFIX=/workspace/foxy_ws/install
[1.430s] Invoking command in '/workspace/foxy_ws/build/lifecycle_msgs': AMENT_PREFIX_PATH=/workspace/foxy_ws/install CMAKE_PREFIX_PATH=/workspace/foxy_ws/install LD_LIBRARY_PATH=/workspace/foxy_ws/install/lib PATH=/workspace/foxy_ws/install/bin:${PATH} PKG_CONFIG_PATH=/workspace/foxy_ws/install/lib/x86_64-linux-gnu/pkgconfig:/workspace/foxy_ws/install/lib/pkgconfig PYTHONPATH=/workspace/foxy_ws/install/lib/python3.10/site-packages /usr/bin/cmake --build /workspace/foxy_ws/build/lifecycle_msgs -- -j12 -l12
[1.502s] Scanning dependencies of target lifecycle_msgs__cpp
[1.503s] [  1%] Generating C code for ROS interfaces
[1.533s] [  2%] Generating C++ code for ROS interfaces
[5.547s] [  2%] Built target lifecycle_msgs__cpp
[5.590s] [  3%] Generating C++ introspection for ROS interfaces
[5.611s] [  4%] Generating C++ type support for eProsima Fast-RTPS
[5.616s] [  5%] Generating C++ type support dispatch for ROS interfaces
[6.028s] Scanning dependencies of target lifecycle_msgs__rosidl_generator_c
[6.071s] [  6%] Building C object CMakeFiles/lifecycle_msgs__rosidl_generator_c.dir/rosidl_generator_c/lifecycle_msgs/msg/detail/state__functions.c.o
[6.085s] [  8%] Building C object CMakeFiles/lifecycle_msgs__rosidl_generator_c.dir/rosidl_generator_c/lifecycle_msgs/msg/detail/transition__functions.c.o
[6.098s] [  9%] Building C object CMakeFiles/lifecycle_msgs__rosidl_generator_c.dir/rosidl_generator_c/lifecycle_msgs/srv/detail/change_state__functions.c.o
[6.108s] [ 10%] Building C object CMakeFiles/lifecycle_msgs__rosidl_generator_c.dir/rosidl_generator_c/lifecycle_msgs/msg/detail/transition_description__functions.c.o
[6.116s] [ 11%] Building C object CMakeFiles/lifecycle_msgs__rosidl_generator_c.dir/rosidl_generator_c/lifecycle_msgs/msg/detail/transition_event__functions.c.o
[6.116s] [ 12%] Building C object CMakeFiles/lifecycle_msgs__rosidl_generator_c.dir/rosidl_generator_c/lifecycle_msgs/srv/detail/get_state__functions.c.o
[6.117s] [ 13%] Building C object CMakeFiles/lifecycle_msgs__rosidl_generator_c.dir/rosidl_generator_c/lifecycle_msgs/srv/detail/get_available_states__functions.c.o
[6.132s] [ 14%] Building C object CMakeFiles/lifecycle_msgs__rosidl_generator_c.dir/rosidl_generator_c/lifecycle_msgs/srv/detail/get_available_transitions__functions.c.o
[6.267s] [ 16%] Linking C shared library liblifecycle_msgs__rosidl_generator_c.so
[6.324s] [ 16%] Built target lifecycle_msgs__rosidl_generator_c
[6.339s] [ 17%] Generating C type support dispatch for ROS interfaces
[6.341s] [ 18%] Generating C introspection for ROS interfaces
[7.189s] Scanning dependencies of target lifecycle_msgs__rosidl_typesupport_cpp
[7.204s] [ 19%] Building CXX object CMakeFiles/lifecycle_msgs__rosidl_typesupport_cpp.dir/rosidl_typesupport_cpp/lifecycle_msgs/msg/state__type_support.cpp.o
[7.228s] [ 20%] Building CXX object CMakeFiles/lifecycle_msgs__rosidl_typesupport_cpp.dir/rosidl_typesupport_cpp/lifecycle_msgs/msg/transition__type_support.cpp.o
[7.253s] [ 21%] Building CXX object CMakeFiles/lifecycle_msgs__rosidl_typesupport_cpp.dir/rosidl_typesupport_cpp/lifecycle_msgs/msg/transition_description__type_support.cpp.o
[7.256s] [ 22%] Building CXX object CMakeFiles/lifecycle_msgs__rosidl_typesupport_cpp.dir/rosidl_typesupport_cpp/lifecycle_msgs/msg/transition_event__type_support.cpp.o
[7.278s] [ 24%] Building CXX object CMakeFiles/lifecycle_msgs__rosidl_typesupport_cpp.dir/rosidl_typesupport_cpp/lifecycle_msgs/srv/change_state__type_support.cpp.o
[7.283s] [ 25%] Building CXX object CMakeFiles/lifecycle_msgs__rosidl_typesupport_cpp.dir/rosidl_typesupport_cpp/lifecycle_msgs/srv/get_available_states__type_support.cpp.o
[7.419s] [ 26%] Building CXX object CMakeFiles/lifecycle_msgs__rosidl_typesupport_cpp.dir/rosidl_typesupport_cpp/lifecycle_msgs/srv/get_available_transitions__type_support.cpp.o
[7.438s] Scanning dependencies of target lifecycle_msgs__rosidl_typesupport_introspection_cpp
[7.445s] [ 27%] Building CXX object CMakeFiles/lifecycle_msgs__rosidl_typesupport_cpp.dir/rosidl_typesupport_cpp/lifecycle_msgs/srv/get_state__type_support.cpp.o
[7.470s] [ 28%] Building CXX object CMakeFiles/lifecycle_msgs__rosidl_typesupport_introspection_cpp.dir/rosidl_typesupport_introspection_cpp/lifecycle_msgs/msg/detail/state__type_support.cpp.o
[7.911s] [ 29%] Building CXX object CMakeFiles/lifecycle_msgs__rosidl_typesupport_introspection_cpp.dir/rosidl_typesupport_introspection_cpp/lifecycle_msgs/msg/detail/transition__type_support.cpp.o
[7.966s] [ 31%] Building CXX object CMakeFiles/lifecycle_msgs__rosidl_typesupport_introspection_cpp.dir/rosidl_typesupport_introspection_cpp/lifecycle_msgs/msg/detail/transition_description__type_support.cpp.o
[7.970s] Scanning dependencies of target lifecycle_msgs__rosidl_typesupport_fastrtps_cpp
[7.977s] [ 32%] Building CXX object CMakeFiles/lifecycle_msgs__rosidl_typesupport_introspection_cpp.dir/rosidl_typesupport_introspection_cpp/lifecycle_msgs/msg/detail/transition_event__type_support.cpp.o
[8.010s] Scanning dependencies of target lifecycle_msgs__rosidl_typesupport_c
[8.016s] [ 33%] Building CXX object CMakeFiles/lifecycle_msgs__rosidl_typesupport_introspection_cpp.dir/rosidl_typesupport_introspection_cpp/lifecycle_msgs/srv/detail/change_state__type_support.cpp.o
[8.027s] [ 34%] Building CXX object CMakeFiles/lifecycle_msgs__rosidl_typesupport_fastrtps_cpp.dir/rosidl_typesupport_fastrtps_cpp/lifecycle_msgs/msg/detail/dds_fastrtps/state__type_support.cpp.o
[8.055s] [ 35%] Building CXX object CMakeFiles/lifecycle_msgs__rosidl_typesupport_c.dir/rosidl_typesupport_c/lifecycle_msgs/msg/state__type_support.cpp.o
[8.055s] [ 36%] Building CXX object CMakeFiles/lifecycle_msgs__rosidl_typesupport_introspection_cpp.dir/rosidl_typesupport_introspection_cpp/lifecycle_msgs/srv/detail/get_available_states__type_support.cpp.o
[8.136s] [ 37%] Building CXX object CMakeFiles/lifecycle_msgs__rosidl_typesupport_c.dir/rosidl_typesupport_c/lifecycle_msgs/msg/transition__type_support.cpp.o
[8.168s] [ 39%] Building CXX object CMakeFiles/lifecycle_msgs__rosidl_typesupport_introspection_cpp.dir/rosidl_typesupport_introspection_cpp/lifecycle_msgs/srv/detail/get_available_transitions__type_support.cpp.o
[8.201s] [ 40%] Building CXX object CMakeFiles/lifecycle_msgs__rosidl_typesupport_c.dir/rosidl_typesupport_c/lifecycle_msgs/msg/transition_description__type_support.cpp.o
[8.349s] [ 41%] Building CXX object CMakeFiles/lifecycle_msgs__rosidl_typesupport_c.dir/rosidl_typesupport_c/lifecycle_msgs/msg/transition_event__type_support.cpp.o
[8.351s] [ 42%] Building CXX object CMakeFiles/lifecycle_msgs__rosidl_typesupport_c.dir/rosidl_typesupport_c/lifecycle_msgs/srv/change_state__type_support.cpp.o
[8.394s] [ 43%] Building CXX object CMakeFiles/lifecycle_msgs__rosidl_typesupport_c.dir/rosidl_typesupport_c/lifecycle_msgs/srv/get_available_states__type_support.cpp.o
[8.508s] [ 44%] Building CXX object CMakeFiles/lifecycle_msgs__rosidl_typesupport_c.dir/rosidl_typesupport_c/lifecycle_msgs/srv/get_available_transitions__type_support.cpp.o
[8.538s] [ 45%] Building CXX object CMakeFiles/lifecycle_msgs__rosidl_typesupport_c.dir/rosidl_typesupport_c/lifecycle_msgs/srv/get_state__type_support.cpp.o
[8.600s] [ 47%] Building CXX object CMakeFiles/lifecycle_msgs__rosidl_typesupport_introspection_cpp.dir/rosidl_typesupport_introspection_cpp/lifecycle_msgs/srv/detail/get_state__type_support.cpp.o
[8.602s] [ 48%] Linking CXX shared library liblifecycle_msgs__rosidl_typesupport_cpp.so
[8.615s] [ 50%] Linking CXX shared library liblifecycle_msgs__rosidl_typesupport_c.so
[8.616s] [ 50%] Building CXX object CMakeFiles/lifecycle_msgs__rosidl_typesupport_fastrtps_cpp.dir/rosidl_typesupport_fastrtps_cpp/lifecycle_msgs/msg/detail/dds_fastrtps/transition__type_support.cpp.o
[8.750s] [ 51%] Building CXX object CMakeFiles/lifecycle_msgs__rosidl_typesupport_fastrtps_cpp.dir/rosidl_typesupport_fastrtps_cpp/lifecycle_msgs/msg/detail/dds_fastrtps/transition_event__type_support.cpp.o
[8.758s] [ 51%] Built target lifecycle_msgs__rosidl_typesupport_c
[8.763s] [ 52%] Building CXX object CMakeFiles/lifecycle_msgs__rosidl_typesupport_fastrtps_cpp.dir/rosidl_typesupport_fastrtps_cpp/lifecycle_msgs/srv/detail/dds_fastrtps/change_state__type_support.cpp.o
[8.769s] [ 55%] Building CXX object CMakeFiles/lifecycle_msgs__rosidl_typesupport_fastrtps_cpp.dir/rosidl_typesupport_fastrtps_cpp/lifecycle_msgs/msg/detail/dds_fastrtps/transition_description__type_support.cpp.o
[8.769s] [ 55%] Building CXX object CMakeFiles/lifecycle_msgs__rosidl_typesupport_fastrtps_cpp.dir/rosidl_typesupport_fastrtps_cpp/lifecycle_msgs/srv/detail/dds_fastrtps/get_available_states__type_support.cpp.o
[8.791s] [ 55%] Built target lifecycle_msgs__rosidl_typesupport_cpp
[8.801s] Scanning dependencies of target lifecycle_msgs__rosidl_typesupport_introspection_c
[8.804s] [ 56%] Building CXX object CMakeFiles/lifecycle_msgs__rosidl_typesupport_fastrtps_cpp.dir/rosidl_typesupport_fastrtps_cpp/lifecycle_msgs/srv/detail/dds_fastrtps/get_available_transitions__type_support.cpp.o
[8.862s] [ 57%] Building C object CMakeFiles/lifecycle_msgs__rosidl_typesupport_introspection_c.dir/rosidl_typesupport_introspection_c/lifecycle_msgs/msg/detail/state__type_support.c.o
[8.894s] [ 58%] Building C object CMakeFiles/lifecycle_msgs__rosidl_typesupport_introspection_c.dir/rosidl_typesupport_introspection_c/lifecycle_msgs/msg/detail/transition__type_support.c.o
[8.993s] [ 59%] Building C object CMakeFiles/lifecycle_msgs__rosidl_typesupport_introspection_c.dir/rosidl_typesupport_introspection_c/lifecycle_msgs/msg/detail/transition_description__type_support.c.o
[9.002s] [ 60%] Building C object CMakeFiles/lifecycle_msgs__rosidl_typesupport_introspection_c.dir/rosidl_typesupport_introspection_c/lifecycle_msgs/msg/detail/transition_event__type_support.c.o
[9.071s] [ 62%] Building C object CMakeFiles/lifecycle_msgs__rosidl_typesupport_introspection_c.dir/rosidl_typesupport_introspection_c/lifecycle_msgs/srv/detail/change_state__type_support.c.o
[9.131s] [ 63%] Building C object CMakeFiles/lifecycle_msgs__rosidl_typesupport_introspection_c.dir/rosidl_typesupport_introspection_c/lifecycle_msgs/srv/detail/get_available_states__type_support.c.o
[9.195s] [ 64%] Building CXX object CMakeFiles/lifecycle_msgs__rosidl_typesupport_fastrtps_cpp.dir/rosidl_typesupport_fastrtps_cpp/lifecycle_msgs/srv/detail/dds_fastrtps/get_state__type_support.cpp.o
[9.205s] [ 65%] Building C object CMakeFiles/lifecycle_msgs__rosidl_typesupport_introspection_c.dir/rosidl_typesupport_introspection_c/lifecycle_msgs/srv/detail/get_available_transitions__type_support.c.o
[9.243s] [ 66%] Building C object CMakeFiles/lifecycle_msgs__rosidl_typesupport_introspection_c.dir/rosidl_typesupport_introspection_c/lifecycle_msgs/srv/detail/get_state__type_support.c.o
[9.381s] [ 67%] Linking CXX shared library liblifecycle_msgs__rosidl_typesupport_introspection_cpp.so
[9.391s] [ 68%] Linking C shared library liblifecycle_msgs__rosidl_typesupport_introspection_c.so
[9.513s] [ 68%] Built target lifecycle_msgs__rosidl_typesupport_introspection_c
[9.522s] [ 68%] Built target lifecycle_msgs__rosidl_typesupport_introspection_cpp
[9.847s] [ 70%] Linking CXX shared library liblifecycle_msgs__rosidl_typesupport_fastrtps_cpp.so
[9.942s] [ 70%] Built target lifecycle_msgs__rosidl_typesupport_fastrtps_cpp
[9.955s] [ 71%] Generating C type support for eProsima Fast-RTPS
[11.445s] Scanning dependencies of target lifecycle_msgs__rosidl_typesupport_fastrtps_c
[11.464s] [ 72%] Building CXX object CMakeFiles/lifecycle_msgs__rosidl_typesupport_fastrtps_c.dir/rosidl_typesupport_fastrtps_c/lifecycle_msgs/msg/detail/state__type_support_c.cpp.o
[11.482s] [ 73%] Building CXX object CMakeFiles/lifecycle_msgs__rosidl_typesupport_fastrtps_c.dir/rosidl_typesupport_fastrtps_c/lifecycle_msgs/msg/detail/transition__type_support_c.cpp.o
[11.943s] [ 74%] Building CXX object CMakeFiles/lifecycle_msgs__rosidl_typesupport_fastrtps_c.dir/rosidl_typesupport_fastrtps_c/lifecycle_msgs/srv/detail/get_state__type_support_c.cpp.o
[12.103s] [ 75%] Building CXX object CMakeFiles/lifecycle_msgs__rosidl_typesupport_fastrtps_c.dir/rosidl_typesupport_fastrtps_c/lifecycle_msgs/srv/detail/get_available_transitions__type_support_c.cpp.o
[12.483s] [ 77%] Building CXX object CMakeFiles/lifecycle_msgs__rosidl_typesupport_fastrtps_c.dir/rosidl_typesupport_fastrtps_c/lifecycle_msgs/srv/detail/get_available_states__type_support_c.cpp.o
[12.692s] [ 78%] Building CXX object CMakeFiles/lifecycle_msgs__rosidl_typesupport_fastrtps_c.dir/rosidl_typesupport_fastrtps_c/lifecycle_msgs/srv/detail/change_state__type_support_c.cpp.o
[12.975s] [ 79%] Building CXX object CMakeFiles/lifecycle_msgs__rosidl_typesupport_fastrtps_c.dir/rosidl_typesupport_fastrtps_c/lifecycle_msgs/msg/detail/transition_event__type_support_c.cpp.o
[13.113s] [ 80%] Building CXX object CMakeFiles/lifecycle_msgs__rosidl_typesupport_fastrtps_c.dir/rosidl_typesupport_fastrtps_c/lifecycle_msgs/msg/detail/transition_description__type_support_c.cpp.o
[13.620s] [ 81%] Linking CXX shared library liblifecycle_msgs__rosidl_typesupport_fastrtps_c.so
[13.750s] [ 81%] Built target lifecycle_msgs__rosidl_typesupport_fastrtps_c
[13.763s] Scanning dependencies of target lifecycle_msgs
[13.776s] [ 81%] Built target lifecycle_msgs
[13.787s] Scanning dependencies of target lifecycle_msgs__py
[13.799s] [ 82%] Generating Python code for ROS interfaces
[17.006s] [ 82%] Built target lifecycle_msgs__py
[17.032s] Scanning dependencies of target lifecycle_msgs__python
[17.047s] [ 83%] Building C object CMakeFiles/lifecycle_msgs__python.dir/rosidl_generator_py/lifecycle_msgs/msg/_state_s.c.o
[17.125s] [ 85%] Building C object CMakeFiles/lifecycle_msgs__python.dir/rosidl_generator_py/lifecycle_msgs/srv/_get_state_s.c.o
[17.203s] [ 86%] Building C object CMakeFiles/lifecycle_msgs__python.dir/rosidl_generator_py/lifecycle_msgs/srv/_get_available_transitions_s.c.o
[17.298s] [ 87%] Building C object CMakeFiles/lifecycle_msgs__python.dir/rosidl_generator_py/lifecycle_msgs/srv/_get_available_states_s.c.o
[17.381s] [ 88%] Building C object CMakeFiles/lifecycle_msgs__python.dir/rosidl_generator_py/lifecycle_msgs/srv/_change_state_s.c.o
[17.468s] [ 89%] Building C object CMakeFiles/lifecycle_msgs__python.dir/rosidl_generator_py/lifecycle_msgs/msg/_transition_event_s.c.o
[17.542s] [ 90%] Building C object CMakeFiles/lifecycle_msgs__python.dir/rosidl_generator_py/lifecycle_msgs/msg/_transition_description_s.c.o
[17.615s] [ 91%] Building C object CMakeFiles/lifecycle_msgs__python.dir/rosidl_generator_py/lifecycle_msgs/msg/_transition_s.c.o
[17.695s] [ 93%] Linking C shared library rosidl_generator_py/lifecycle_msgs/liblifecycle_msgs__python.so
[17.731s] [ 93%] Built target lifecycle_msgs__python
[17.746s] Scanning dependencies of target lifecycle_msgs__rosidl_typesupport_fastrtps_c__pyext
[17.759s] [ 94%] Building C object CMakeFiles/lifecycle_msgs__rosidl_typesupport_fastrtps_c__pyext.dir/rosidl_generator_py/lifecycle_msgs/_lifecycle_msgs_s.ep.rosidl_typesupport_fastrtps_c.c.o
[17.857s] [ 95%] Linking CXX shared library rosidl_generator_py/lifecycle_msgs/lifecycle_msgs_s__rosidl_typesupport_fastrtps_c.cpython-310-x86_64-linux-gnu.so
[17.905s] [ 95%] Built target lifecycle_msgs__rosidl_typesupport_fastrtps_c__pyext
[17.918s] Scanning dependencies of target lifecycle_msgs__rosidl_typesupport_introspection_c__pyext
[17.929s] [ 96%] Building C object CMakeFiles/lifecycle_msgs__rosidl_typesupport_introspection_c__pyext.dir/rosidl_generator_py/lifecycle_msgs/_lifecycle_msgs_s.ep.rosidl_typesupport_introspection_c.c.o
[18.024s] [ 97%] Linking C shared library rosidl_generator_py/lifecycle_msgs/lifecycle_msgs_s__rosidl_typesupport_introspection_c.cpython-310-x86_64-linux-gnu.so
[18.052s] [ 97%] Built target lifecycle_msgs__rosidl_typesupport_introspection_c__pyext
[18.066s] Scanning dependencies of target lifecycle_msgs__rosidl_typesupport_c__pyext
[18.078s] [ 98%] Building C object CMakeFiles/lifecycle_msgs__rosidl_typesupport_c__pyext.dir/rosidl_generator_py/lifecycle_msgs/_lifecycle_msgs_s.ep.rosidl_typesupport_c.c.o
[18.178s] [100%] Linking C shared library rosidl_generator_py/lifecycle_msgs/lifecycle_msgs_s__rosidl_typesupport_c.cpython-310-x86_64-linux-gnu.so
[18.205s] [100%] Built target lifecycle_msgs__rosidl_typesupport_c__pyext
[18.214s] Invoked command in '/workspace/foxy_ws/build/lifecycle_msgs' returned '0': AMENT_PREFIX_PATH=/workspace/foxy_ws/install CMAKE_PREFIX_PATH=/workspace/foxy_ws/install LD_LIBRARY_PATH=/workspace/foxy_ws/install/lib PATH=/workspace/foxy_ws/install/bin:${PATH} PKG_CONFIG_PATH=/workspace/foxy_ws/install/lib/x86_64-linux-gnu/pkgconfig:/workspace/foxy_ws/install/lib/pkgconfig PYTHONPATH=/workspace/foxy_ws/install/lib/python3.10/site-packages /usr/bin/cmake --build /workspace/foxy_ws/build/lifecycle_msgs -- -j12 -l12
[18.298s] Invoking command in '/workspace/foxy_ws/build/lifecycle_msgs': AMENT_PREFIX_PATH=/workspace/foxy_ws/install CMAKE_PREFIX_PATH=/workspace/foxy_ws/install LD_LIBRARY_PATH=/workspace/foxy_ws/install/lib PATH=/workspace/foxy_ws/install/bin:${PATH} PKG_CONFIG_PATH=/workspace/foxy_ws/install/lib/x86_64-linux-gnu/pkgconfig:/workspace/foxy_ws/install/lib/pkgconfig PYTHONPATH=/workspace/foxy_ws/install/lib/python3.10/site-packages /usr/bin/cmake --install /workspace/foxy_ws/build/lifecycle_msgs
[18.306s] -- Install configuration: ""
[18.306s] -- Installing: /workspace/foxy_ws/install/share/ament_index/resource_index/rosidl_interfaces/lifecycle_msgs
[18.306s] -- Installing: /workspace/foxy_ws/install/include/lifecycle_msgs
[18.307s] -- Installing: /workspace/foxy_ws/install/include/lifecycle_msgs/msg
[18.307s] -- Installing: /workspace/foxy_ws/install/include/lifecycle_msgs/msg/transition.h
[18.307s] -- Installing: /workspace/foxy_ws/install/include/lifecycle_msgs/msg/transition_event.h
[18.307s] -- Installing: /workspace/foxy_ws/install/include/lifecycle_msgs/msg/transition_description.h
[18.307s] -- Installing: /workspace/foxy_ws/install/include/lifecycle_msgs/msg/rosidl_generator_c__visibility_control.h
[18.307s] -- Installing: /workspace/foxy_ws/install/include/lifecycle_msgs/msg/state.h
[18.308s] -- Installing: /workspace/foxy_ws/install/include/lifecycle_msgs/msg/detail
[18.308s] -- Installing: /workspace/foxy_ws/install/include/lifecycle_msgs/msg/detail/transition_event__type_support.h
[18.308s] -- Installing: /workspace/foxy_ws/install/include/lifecycle_msgs/msg/detail/transition_description__struct.h
[18.308s] -- Installing: /workspace/foxy_ws/install/include/lifecycle_msgs/msg/detail/transition_description__functions.c
[18.308s] -- Installing: /workspace/foxy_ws/install/include/lifecycle_msgs/msg/detail/transition__functions.h
[18.308s] -- Installing: /workspace/foxy_ws/install/include/lifecycle_msgs/msg/detail/state__functions.c
[18.308s] -- Installing: /workspace/foxy_ws/install/include/lifecycle_msgs/msg/detail/transition_event__struct.h
[18.309s] -- Installing: /workspace/foxy_ws/install/include/lifecycle_msgs/msg/detail/state__struct.h
[18.309s] -- Installing: /workspace/foxy_ws/install/include/lifecycle_msgs/msg/detail/state__type_support.h
[18.309s] -- Installing: /workspace/foxy_ws/install/include/lifecycle_msgs/msg/detail/transition_event__functions.h
[18.309s] -- Installing: /workspace/foxy_ws/install/include/lifecycle_msgs/msg/detail/transition_description__functions.h
[18.309s] -- Installing: /workspace/foxy_ws/install/include/lifecycle_msgs/msg/detail/transition__type_support.h
[18.309s] -- Installing: /workspace/foxy_ws/install/include/lifecycle_msgs/msg/detail/transition__functions.c
[18.309s] -- Installing: /workspace/foxy_ws/install/include/lifecycle_msgs/msg/detail/transition_event__functions.c
[18.310s] -- Installing: /workspace/foxy_ws/install/include/lifecycle_msgs/msg/detail/transition_description__type_support.h
[18.310s] -- Installing: /workspace/foxy_ws/install/include/lifecycle_msgs/msg/detail/transition__struct.h
[18.310s] -- Installing: /workspace/foxy_ws/install/include/lifecycle_msgs/msg/detail/state__functions.h
[18.310s] -- Installing: /workspace/foxy_ws/install/include/lifecycle_msgs/srv
[18.310s] -- Installing: /workspace/foxy_ws/install/include/lifecycle_msgs/srv/get_state.h
[18.310s] -- Installing: /workspace/foxy_ws/install/include/lifecycle_msgs/srv/change_state.h
[18.310s] -- Installing: /workspace/foxy_ws/install/include/lifecycle_msgs/srv/get_available_states.h
[18.311s] -- Installing: /workspace/foxy_ws/install/include/lifecycle_msgs/srv/get_available_transitions.h
[18.311s] -- Installing: /workspace/foxy_ws/install/include/lifecycle_msgs/srv/detail
[18.311s] -- Installing: /workspace/foxy_ws/install/include/lifecycle_msgs/srv/detail/get_available_states__struct.h
[18.311s] -- Installing: /workspace/foxy_ws/install/include/lifecycle_msgs/srv/detail/change_state__type_support.h
[18.311s] -- Installing: /workspace/foxy_ws/install/include/lifecycle_msgs/srv/detail/get_state__type_support.h
[18.311s] -- Installing: /workspace/foxy_ws/install/include/lifecycle_msgs/srv/detail/get_state__struct.h
[18.312s] -- Installing: /workspace/foxy_ws/install/include/lifecycle_msgs/srv/detail/get_available_states__functions.h
[18.312s] -- Installing: /workspace/foxy_ws/install/include/lifecycle_msgs/srv/detail/get_state__functions.h
[18.312s] -- Installing: /workspace/foxy_ws/install/include/lifecycle_msgs/srv/detail/get_state__functions.c
[18.312s] -- Installing: /workspace/foxy_ws/install/include/lifecycle_msgs/srv/detail/get_available_transitions__type_support.h
[18.312s] -- Installing: /workspace/foxy_ws/install/include/lifecycle_msgs/srv/detail/change_state__functions.c
[18.312s] -- Installing: /workspace/foxy_ws/install/include/lifecycle_msgs/srv/detail/change_state__functions.h
[18.313s] -- Installing: /workspace/foxy_ws/install/include/lifecycle_msgs/srv/detail/change_state__struct.h
[18.313s] -- Installing: /workspace/foxy_ws/install/include/lifecycle_msgs/srv/detail/get_available_transitions__functions.h
[18.313s] -- Installing: /workspace/foxy_ws/install/include/lifecycle_msgs/srv/detail/get_available_states__type_support.h
[18.313s] -- Installing: /workspace/foxy_ws/install/include/lifecycle_msgs/srv/detail/get_available_transitions__struct.h
[18.314s] -- Installing: /workspace/foxy_ws/install/include/lifecycle_msgs/srv/detail/get_available_transitions__functions.c
[18.314s] -- Installing: /workspace/foxy_ws/install/include/lifecycle_msgs/srv/detail/get_available_states__functions.c
[18.314s] -- Installing: /workspace/foxy_ws/install/share/lifecycle_msgs/environment/library_path.sh
[18.314s] -- Installing: /workspace/foxy_ws/install/share/lifecycle_msgs/environment/library_path.dsv
[18.314s] -- Installing: /workspace/foxy_ws/install/lib/liblifecycle_msgs__rosidl_generator_c.so
[18.314s] -- Set runtime path of "/workspace/foxy_ws/install/lib/liblifecycle_msgs__rosidl_generator_c.so" to ""
[18.314s] -- Up-to-date: /workspace/foxy_ws/install/include/lifecycle_msgs
[18.314s] -- Up-to-date: /workspace/foxy_ws/install/include/lifecycle_msgs/msg
[18.315s] -- Installing: /workspace/foxy_ws/install/include/lifecycle_msgs/msg/rosidl_typesupport_fastrtps_c__visibility_control.h
[18.315s] -- Up-to-date: /workspace/foxy_ws/install/include/lifecycle_msgs/msg/detail
[18.315s] -- Installing: /workspace/foxy_ws/install/include/lifecycle_msgs/msg/detail/state__rosidl_typesupport_fastrtps_c.h
[18.315s] -- Installing: /workspace/foxy_ws/install/include/lifecycle_msgs/msg/detail/transition_description__rosidl_typesupport_fastrtps_c.h
[18.316s] -- Installing: /workspace/foxy_ws/install/include/lifecycle_msgs/msg/detail/transition__rosidl_typesupport_fastrtps_c.h
[18.316s] -- Installing: /workspace/foxy_ws/install/include/lifecycle_msgs/msg/detail/transition_event__rosidl_typesupport_fastrtps_c.h
[18.316s] -- Up-to-date: /workspace/foxy_ws/install/include/lifecycle_msgs/srv
[18.316s] -- Up-to-date: /workspace/foxy_ws/install/include/lifecycle_msgs/srv/detail
[18.316s] -- Installing: /workspace/foxy_ws/install/include/lifecycle_msgs/srv/detail/get_available_states__rosidl_typesupport_fastrtps_c.h
[18.317s] -- Installing: /workspace/foxy_ws/install/include/lifecycle_msgs/srv/detail/get_available_transitions__rosidl_typesupport_fastrtps_c.h
[18.317s] -- Installing: /workspace/foxy_ws/install/include/lifecycle_msgs/srv/detail/get_state__rosidl_typesupport_fastrtps_c.h
[18.317s] -- Installing: /workspace/foxy_ws/install/include/lifecycle_msgs/srv/detail/change_state__rosidl_typesupport_fastrtps_c.h
[18.317s] -- Installing: /workspace/foxy_ws/install/lib/liblifecycle_msgs__rosidl_typesupport_fastrtps_c.so
[18.317s] -- Set runtime path of "/workspace/foxy_ws/install/lib/liblifecycle_msgs__rosidl_typesupport_fastrtps_c.so" to ""
[18.317s] -- Up-to-date: /workspace/foxy_ws/install/include/lifecycle_msgs
[18.318s] -- Up-to-date: /workspace/foxy_ws/install/include/lifecycle_msgs/msg
[18.318s] -- Installing: /workspace/foxy_ws/install/include/lifecycle_msgs/msg/rosidl_typesupport_fastrtps_cpp__visibility_control.h
[18.318s] -- Up-to-date: /workspace/foxy_ws/install/include/lifecycle_msgs/msg/detail
[18.318s] -- Installing: /workspace/foxy_ws/install/include/lifecycle_msgs/msg/detail/transition_event__rosidl_typesupport_fastrtps_cpp.hpp
[18.319s] -- Installing: /workspace/foxy_ws/install/include/lifecycle_msgs/msg/detail/dds_fastrtps
[18.319s] -- Installing: /workspace/foxy_ws/install/include/lifecycle_msgs/msg/detail/state__rosidl_typesupport_fastrtps_cpp.hpp
[18.319s] -- Installing: /workspace/foxy_ws/install/include/lifecycle_msgs/msg/detail/transition_description__rosidl_typesupport_fastrtps_cpp.hpp
[18.319s] -- Installing: /workspace/foxy_ws/install/include/lifecycle_msgs/msg/detail/transition__rosidl_typesupport_fastrtps_cpp.hpp
[18.319s] -- Up-to-date: /workspace/foxy_ws/install/include/lifecycle_msgs/srv
[18.320s] -- Up-to-date: /workspace/foxy_ws/install/include/lifecycle_msgs/srv/detail
[18.320s] -- Installing: /workspace/foxy_ws/install/include/lifecycle_msgs/srv/detail/dds_fastrtps
[18.320s] -- Installing: /workspace/foxy_ws/install/include/lifecycle_msgs/srv/detail/get_state__rosidl_typesupport_fastrtps_cpp.hpp
[18.320s] -- Installing: /workspace/foxy_ws/install/include/lifecycle_msgs/srv/detail/change_state__rosidl_typesupport_fastrtps_cpp.hpp
[18.320s] -- Installing: /workspace/foxy_ws/install/include/lifecycle_msgs/srv/detail/get_available_transitions__rosidl_typesupport_fastrtps_cpp.hpp
[18.321s] -- Installing: /workspace/foxy_ws/install/include/lifecycle_msgs/srv/detail/get_available_states__rosidl_typesupport_fastrtps_cpp.hpp
[18.321s] -- Installing: /workspace/foxy_ws/install/lib/liblifecycle_msgs__rosidl_typesupport_fastrtps_cpp.so
[18.321s] -- Set runtime path of "/workspace/foxy_ws/install/lib/liblifecycle_msgs__rosidl_typesupport_fastrtps_cpp.so" to ""
[18.321s] -- Up-to-date: /workspace/foxy_ws/install/include/lifecycle_msgs
[18.321s] -- Up-to-date: /workspace/foxy_ws/install/include/lifecycle_msgs/msg
[18.321s] -- Installing: /workspace/foxy_ws/install/include/lifecycle_msgs/msg/rosidl_typesupport_introspection_c__visibility_control.h
[18.322s] -- Up-to-date: /workspace/foxy_ws/install/include/lifecycle_msgs/msg/detail
[18.322s] -- Installing: /workspace/foxy_ws/install/include/lifecycle_msgs/msg/detail/state__type_support.c
[18.322s] -- Installing: /workspace/foxy_ws/install/include/lifecycle_msgs/msg/detail/transition_event__rosidl_typesupport_introspection_c.h
[18.322s] -- Installing: /workspace/foxy_ws/install/include/lifecycle_msgs/msg/detail/transition_event__type_support.c
[18.322s] -- Installing: /workspace/foxy_ws/install/include/lifecycle_msgs/msg/detail/transition__rosidl_typesupport_introspection_c.h
[18.322s] -- Installing: /workspace/foxy_ws/install/include/lifecycle_msgs/msg/detail/state__rosidl_typesupport_introspection_c.h
[18.322s] -- Installing: /workspace/foxy_ws/install/include/lifecycle_msgs/msg/detail/transition_description__type_support.c
[18.323s] -- Installing: /workspace/foxy_ws/install/include/lifecycle_msgs/msg/detail/transition_description__rosidl_typesupport_introspection_c.h
[18.323s] -- Installing: /workspace/foxy_ws/install/include/lifecycle_msgs/msg/detail/transition__type_support.c
[18.323s] -- Up-to-date: /workspace/foxy_ws/install/include/lifecycle_msgs/srv
[18.323s] -- Up-to-date: /workspace/foxy_ws/install/include/lifecycle_msgs/srv/detail
[18.323s] -- Installing: /workspace/foxy_ws/install/include/lifecycle_msgs/srv/detail/get_state__rosidl_typesupport_introspection_c.h
[18.323s] -- Installing: /workspace/foxy_ws/install/include/lifecycle_msgs/srv/detail/get_available_transitions__rosidl_typesupport_introspection_c.h
[18.323s] -- Installing: /workspace/foxy_ws/install/include/lifecycle_msgs/srv/detail/get_state__type_support.c
[18.324s] -- Installing: /workspace/foxy_ws/install/include/lifecycle_msgs/srv/detail/get_available_states__type_support.c
[18.324s] -- Installing: /workspace/foxy_ws/install/include/lifecycle_msgs/srv/detail/change_state__rosidl_typesupport_introspection_c.h
[18.324s] -- Installing: /workspace/foxy_ws/install/include/lifecycle_msgs/srv/detail/change_state__type_support.c
[18.324s] -- Installing: /workspace/foxy_ws/install/include/lifecycle_msgs/srv/detail/get_available_transitions__type_support.c
[18.324s] -- Installing: /workspace/foxy_ws/install/include/lifecycle_msgs/srv/detail/get_available_states__rosidl_typesupport_introspection_c.h
[18.324s] -- Installing: /workspace/foxy_ws/install/lib/liblifecycle_msgs__rosidl_typesupport_introspection_c.so
[18.324s] -- Set runtime path of "/workspace/foxy_ws/install/lib/liblifecycle_msgs__rosidl_typesupport_introspection_c.so" to ""
[18.324s] -- Installing: /workspace/foxy_ws/install/lib/liblifecycle_msgs__rosidl_typesupport_c.so
[18.324s] -- Set runtime path of "/workspace/foxy_ws/install/lib/liblifecycle_msgs__rosidl_typesupport_c.so" to ""
[18.324s] -- Up-to-date: /workspace/foxy_ws/install/include/lifecycle_msgs
[18.325s] -- Up-to-date: /workspace/foxy_ws/install/include/lifecycle_msgs/msg
[18.325s] -- Installing: /workspace/foxy_ws/install/include/lifecycle_msgs/msg/rosidl_generator_cpp__visibility_control.hpp
[18.325s] -- Installing: /workspace/foxy_ws/install/include/lifecycle_msgs/msg/state.hpp
[18.325s] -- Installing: /workspace/foxy_ws/install/include/lifecycle_msgs/msg/transition_description.hpp
[18.325s] -- Installing: /workspace/foxy_ws/install/include/lifecycle_msgs/msg/transition.hpp
[18.325s] -- Up-to-date: /workspace/foxy_ws/install/include/lifecycle_msgs/msg/detail
[18.325s] -- Installing: /workspace/foxy_ws/install/include/lifecycle_msgs/msg/detail/transition_event__builder.hpp
[18.325s] -- Installing: /workspace/foxy_ws/install/include/lifecycle_msgs/msg/detail/transition_description__struct.hpp
[18.325s] -- Installing: /workspace/foxy_ws/install/include/lifecycle_msgs/msg/detail/transition_event__traits.hpp
[18.325s] -- Installing: /workspace/foxy_ws/install/include/lifecycle_msgs/msg/detail/transition_event__struct.hpp
[18.325s] -- Installing: /workspace/foxy_ws/install/include/lifecycle_msgs/msg/detail/state__struct.hpp
[18.327s] -- Installing: /workspace/foxy_ws/install/include/lifecycle_msgs/msg/detail/state__type_support.hpp
[18.327s] -- Installing: /workspace/foxy_ws/install/include/lifecycle_msgs/msg/detail/transition_event__type_support.hpp
[18.327s] -- Installing: /workspace/foxy_ws/install/include/lifecycle_msgs/msg/detail/transition_description__type_support.hpp
[18.327s] -- Installing: /workspace/foxy_ws/install/include/lifecycle_msgs/msg/detail/transition__type_support.hpp
[18.327s] -- Installing: /workspace/foxy_ws/install/include/lifecycle_msgs/msg/detail/transition_description__builder.hpp
[18.327s] -- Installing: /workspace/foxy_ws/install/include/lifecycle_msgs/msg/detail/transition__struct.hpp
[18.327s] -- Installing: /workspace/foxy_ws/install/include/lifecycle_msgs/msg/detail/transition__traits.hpp
[18.327s] -- Installing: /workspace/foxy_ws/install/include/lifecycle_msgs/msg/detail/state__builder.hpp
[18.327s] -- Installing: /workspace/foxy_ws/install/include/lifecycle_msgs/msg/detail/transition_description__traits.hpp
[18.327s] -- Installing: /workspace/foxy_ws/install/include/lifecycle_msgs/msg/detail/state__traits.hpp
[18.327s] -- Installing: /workspace/foxy_ws/install/include/lifecycle_msgs/msg/detail/transition__builder.hpp
[18.327s] -- Installing: /workspace/foxy_ws/install/include/lifecycle_msgs/msg/transition_event.hpp
[18.327s] -- Up-to-date: /workspace/foxy_ws/install/include/lifecycle_msgs/srv
[18.327s] -- Installing: /workspace/foxy_ws/install/include/lifecycle_msgs/srv/get_available_states.hpp
[18.328s] -- Installing: /workspace/foxy_ws/install/include/lifecycle_msgs/srv/change_state.hpp
[18.328s] -- Installing: /workspace/foxy_ws/install/include/lifecycle_msgs/srv/get_available_transitions.hpp
[18.328s] -- Installing: /workspace/foxy_ws/install/include/lifecycle_msgs/srv/get_state.hpp
[18.328s] -- Up-to-date: /workspace/foxy_ws/install/include/lifecycle_msgs/srv/detail
[18.328s] -- Installing: /workspace/foxy_ws/install/include/lifecycle_msgs/srv/detail/get_available_states__type_support.hpp
[18.328s] -- Installing: /workspace/foxy_ws/install/include/lifecycle_msgs/srv/detail/change_state__type_support.hpp
[18.328s] -- Installing: /workspace/foxy_ws/install/include/lifecycle_msgs/srv/detail/get_available_transitions__struct.hpp
[18.328s] -- Installing: /workspace/foxy_ws/install/include/lifecycle_msgs/srv/detail/get_available_states__struct.hpp
[18.328s] -- Installing: /workspace/foxy_ws/install/include/lifecycle_msgs/srv/detail/get_available_transitions__traits.hpp
[18.329s] -- Installing: /workspace/foxy_ws/install/include/lifecycle_msgs/srv/detail/get_state__type_support.hpp
[18.329s] -- Installing: /workspace/foxy_ws/install/include/lifecycle_msgs/srv/detail/get_available_states__builder.hpp
[18.329s] -- Installing: /workspace/foxy_ws/install/include/lifecycle_msgs/srv/detail/change_state__struct.hpp
[18.329s] -- Installing: /workspace/foxy_ws/install/include/lifecycle_msgs/srv/detail/get_state__builder.hpp
[18.329s] -- Installing: /workspace/foxy_ws/install/include/lifecycle_msgs/srv/detail/change_state__traits.hpp
[18.329s] -- Installing: /workspace/foxy_ws/install/include/lifecycle_msgs/srv/detail/get_available_states__traits.hpp
[18.329s] -- Installing: /workspace/foxy_ws/install/include/lifecycle_msgs/srv/detail/get_available_transitions__builder.hpp
[18.329s] -- Installing: /workspace/foxy_ws/install/include/lifecycle_msgs/srv/detail/change_state__builder.hpp
[18.329s] -- Installing: /workspace/foxy_ws/install/include/lifecycle_msgs/srv/detail/get_state__struct.hpp
[18.329s] -- Installing: /workspace/foxy_ws/install/include/lifecycle_msgs/srv/detail/get_available_transitions__type_support.hpp
[18.329s] -- Installing: /workspace/foxy_ws/install/include/lifecycle_msgs/srv/detail/get_state__traits.hpp
[18.329s] -- Up-to-date: /workspace/foxy_ws/install/include/lifecycle_msgs
[18.329s] -- Up-to-date: /workspace/foxy_ws/install/include/lifecycle_msgs/msg
[18.329s] -- Up-to-date: /workspace/foxy_ws/install/include/lifecycle_msgs/msg/detail
[18.329s] -- Installing: /workspace/foxy_ws/install/include/lifecycle_msgs/msg/detail/state__rosidl_typesupport_introspection_cpp.hpp
[18.329s] -- Installing: /workspace/foxy_ws/install/include/lifecycle_msgs/msg/detail/transition__type_support.cpp
[18.329s] -- Installing: /workspace/foxy_ws/install/include/lifecycle_msgs/msg/detail/transition_description__rosidl_typesupport_introspection_cpp.hpp
[18.329s] -- Installing: /workspace/foxy_ws/install/include/lifecycle_msgs/msg/detail/transition_description__type_support.cpp
[18.330s] -- Installing: /workspace/foxy_ws/install/include/lifecycle_msgs/msg/detail/transition_event__rosidl_typesupport_introspection_cpp.hpp
[18.330s] -- Installing: /workspace/foxy_ws/install/include/lifecycle_msgs/msg/detail/transition__rosidl_typesupport_introspection_cpp.hpp
[18.330s] -- Installing: /workspace/foxy_ws/install/include/lifecycle_msgs/msg/detail/transition_event__type_support.cpp
[18.330s] -- Installing: /workspace/foxy_ws/install/include/lifecycle_msgs/msg/detail/state__type_support.cpp
[18.330s] -- Up-to-date: /workspace/foxy_ws/install/include/lifecycle_msgs/srv
[18.330s] -- Up-to-date: /workspace/foxy_ws/install/include/lifecycle_msgs/srv/detail
[18.330s] -- Installing: /workspace/foxy_ws/install/include/lifecycle_msgs/srv/detail/get_available_states__type_support.cpp
[18.330s] -- Installing: /workspace/foxy_ws/install/include/lifecycle_msgs/srv/detail/change_state__type_support.cpp
[18.330s] -- Installing: /workspace/foxy_ws/install/include/lifecycle_msgs/srv/detail/get_available_transitions__type_support.cpp
[18.330s] -- Installing: /workspace/foxy_ws/install/include/lifecycle_msgs/srv/detail/get_state__rosidl_typesupport_introspection_cpp.hpp
[18.330s] -- Installing: /workspace/foxy_ws/install/include/lifecycle_msgs/srv/detail/get_state__type_support.cpp
[18.330s] -- Installing: /workspace/foxy_ws/install/include/lifecycle_msgs/srv/detail/get_available_transitions__rosidl_typesupport_introspection_cpp.hpp
[18.330s] -- Installing: /workspace/foxy_ws/install/include/lifecycle_msgs/srv/detail/change_state__rosidl_typesupport_introspection_cpp.hpp
[18.330s] -- Installing: /workspace/foxy_ws/install/include/lifecycle_msgs/srv/detail/get_available_states__rosidl_typesupport_introspection_cpp.hpp
[18.330s] -- Installing: /workspace/foxy_ws/install/lib/liblifecycle_msgs__rosidl_typesupport_introspection_cpp.so
[18.331s] -- Set runtime path of "/workspace/foxy_ws/install/lib/liblifecycle_msgs__rosidl_typesupport_introspection_cpp.so" to ""
[18.331s] -- Installing: /workspace/foxy_ws/install/lib/liblifecycle_msgs__rosidl_typesupport_cpp.so
[18.331s] -- Set runtime path of "/workspace/foxy_ws/install/lib/liblifecycle_msgs__rosidl_typesupport_cpp.so" to ""
[18.331s] -- Installing: /workspace/foxy_ws/install/share/lifecycle_msgs/environment/pythonpath.sh
[18.331s] -- Installing: /workspace/foxy_ws/install/share/lifecycle_msgs/environment/pythonpath.dsv
[18.331s] -- Installing: /workspace/foxy_ws/install/lib/python3.10/site-packages/lifecycle_msgs/__init__.py
[18.356s] Compiling '/workspace/foxy_ws/install/lib/python3.10/site-packages/lifecycle_msgs/__init__.py'...
[18.360s] -- Installing: /workspace/foxy_ws/install/lib/python3.10/site-packages/lifecycle_msgs/msg
[18.361s] -- Installing: /workspace/foxy_ws/install/lib/python3.10/site-packages/lifecycle_msgs/msg/_state.py
[18.361s] -- Installing: /workspace/foxy_ws/install/lib/python3.10/site-packages/lifecycle_msgs/msg/_transition_event_s.c
[18.361s] -- Installing: /workspace/foxy_ws/install/lib/python3.10/site-packages/lifecycle_msgs/msg/_transition_event.py
[18.361s] -- Installing: /workspace/foxy_ws/install/lib/python3.10/site-packages/lifecycle_msgs/msg/_transition_description_s.c
[18.361s] -- Installing: /workspace/foxy_ws/install/lib/python3.10/site-packages/lifecycle_msgs/msg/_transition.py
[18.361s] -- Installing: /workspace/foxy_ws/install/lib/python3.10/site-packages/lifecycle_msgs/msg/_transition_description.py
[18.361s] -- Installing: /workspace/foxy_ws/install/lib/python3.10/site-packages/lifecycle_msgs/msg/_state_s.c
[18.362s] -- Installing: /workspace/foxy_ws/install/lib/python3.10/site-packages/lifecycle_msgs/msg/__init__.py
[18.362s] -- Installing: /workspace/foxy_ws/install/lib/python3.10/site-packages/lifecycle_msgs/msg/_transition_s.c
[18.362s] -- Installing: /workspace/foxy_ws/install/lib/python3.10/site-packages/lifecycle_msgs/srv
[18.362s] -- Installing: /workspace/foxy_ws/install/lib/python3.10/site-packages/lifecycle_msgs/srv/_get_state.py
[18.362s] -- Installing: /workspace/foxy_ws/install/lib/python3.10/site-packages/lifecycle_msgs/srv/_change_state_s.c
[18.362s] -- Installing: /workspace/foxy_ws/install/lib/python3.10/site-packages/lifecycle_msgs/srv/_get_available_transitions.py
[18.363s] -- Installing: /workspace/foxy_ws/install/lib/python3.10/site-packages/lifecycle_msgs/srv/_change_state.py
[18.363s] -- Installing: /workspace/foxy_ws/install/lib/python3.10/site-packages/lifecycle_msgs/srv/_get_state_s.c
[18.363s] -- Installing: /workspace/foxy_ws/install/lib/python3.10/site-packages/lifecycle_msgs/srv/_get_available_states_s.c
[18.363s] -- Installing: /workspace/foxy_ws/install/lib/python3.10/site-packages/lifecycle_msgs/srv/_get_available_states.py
[18.363s] -- Installing: /workspace/foxy_ws/install/lib/python3.10/site-packages/lifecycle_msgs/srv/__init__.py
[18.363s] -- Installing: /workspace/foxy_ws/install/lib/python3.10/site-packages/lifecycle_msgs/srv/_get_available_transitions_s.c
[18.364s] -- Installing: /workspace/foxy_ws/install/lib/python3.10/site-packages/lifecycle_msgs/lifecycle_msgs_s__rosidl_typesupport_fastrtps_c.cpython-310-x86_64-linux-gnu.so
[18.364s] -- Set runtime path of "/workspace/foxy_ws/install/lib/python3.10/site-packages/lifecycle_msgs/lifecycle_msgs_s__rosidl_typesupport_fastrtps_c.cpython-310-x86_64-linux-gnu.so" to ""
[18.365s] -- Installing: /workspace/foxy_ws/install/lib/python3.10/site-packages/lifecycle_msgs/lifecycle_msgs_s__rosidl_typesupport_introspection_c.cpython-310-x86_64-linux-gnu.so
[18.365s] -- Set runtime path of "/workspace/foxy_ws/install/lib/python3.10/site-packages/lifecycle_msgs/lifecycle_msgs_s__rosidl_typesupport_introspection_c.cpython-310-x86_64-linux-gnu.so" to ""
[18.366s] -- Installing: /workspace/foxy_ws/install/lib/python3.10/site-packages/lifecycle_msgs/lifecycle_msgs_s__rosidl_typesupport_c.cpython-310-x86_64-linux-gnu.so
[18.366s] -- Set runtime path of "/workspace/foxy_ws/install/lib/python3.10/site-packages/lifecycle_msgs/lifecycle_msgs_s__rosidl_typesupport_c.cpython-310-x86_64-linux-gnu.so" to ""
[18.366s] -- Installing: /workspace/foxy_ws/install/lib/liblifecycle_msgs__python.so
[18.367s] -- Set runtime path of "/workspace/foxy_ws/install/lib/liblifecycle_msgs__python.so" to ""
[18.367s] -- Installing: /workspace/foxy_ws/install/share/lifecycle_msgs/msg/State.idl
[18.367s] -- Installing: /workspace/foxy_ws/install/share/lifecycle_msgs/msg/Transition.idl
[18.367s] -- Installing: /workspace/foxy_ws/install/share/lifecycle_msgs/msg/TransitionDescription.idl
[18.368s] -- Installing: /workspace/foxy_ws/install/share/lifecycle_msgs/msg/TransitionEvent.idl
[18.368s] -- Installing: /workspace/foxy_ws/install/share/lifecycle_msgs/srv/ChangeState.idl
[18.368s] -- Installing: /workspace/foxy_ws/install/share/lifecycle_msgs/srv/GetAvailableStates.idl
[18.368s] -- Installing: /workspace/foxy_ws/install/share/lifecycle_msgs/srv/GetAvailableTransitions.idl
[18.368s] -- Installing: /workspace/foxy_ws/install/share/lifecycle_msgs/srv/GetState.idl
[18.369s] -- Installing: /workspace/foxy_ws/install/share/lifecycle_msgs/msg/State.msg
[18.369s] -- Installing: /workspace/foxy_ws/install/share/lifecycle_msgs/msg/Transition.msg
[18.369s] -- Installing: /workspace/foxy_ws/install/share/lifecycle_msgs/msg/TransitionDescription.msg
[18.369s] -- Installing: /workspace/foxy_ws/install/share/lifecycle_msgs/msg/TransitionEvent.msg
[18.369s] -- Installing: /workspace/foxy_ws/install/share/lifecycle_msgs/srv/ChangeState.srv
[18.370s] -- Installing: /workspace/foxy_ws/install/share/lifecycle_msgs/srv/ChangeState_Request.msg
[18.370s] -- Installing: /workspace/foxy_ws/install/share/lifecycle_msgs/srv/ChangeState_Response.msg
[18.370s] -- Installing: /workspace/foxy_ws/install/share/lifecycle_msgs/srv/GetAvailableStates.srv
[18.370s] -- Installing: /workspace/foxy_ws/install/share/lifecycle_msgs/srv/GetAvailableStates_Request.msg
[18.370s] -- Installing: /workspace/foxy_ws/install/share/lifecycle_msgs/srv/GetAvailableStates_Response.msg
[18.371s] -- Installing: /workspace/foxy_ws/install/share/lifecycle_msgs/srv/GetAvailableTransitions.srv
[18.371s] -- Installing: /workspace/foxy_ws/install/share/lifecycle_msgs/srv/GetAvailableTransitions_Request.msg
[18.371s] -- Installing: /workspace/foxy_ws/install/share/lifecycle_msgs/srv/GetAvailableTransitions_Response.msg
[18.371s] -- Installing: /workspace/foxy_ws/install/share/lifecycle_msgs/srv/GetState.srv
[18.371s] -- Installing: /workspace/foxy_ws/install/share/lifecycle_msgs/srv/GetState_Request.msg
[18.371s] -- Installing: /workspace/foxy_ws/install/share/lifecycle_msgs/srv/GetState_Response.msg
[18.372s] -- Installing: /workspace/foxy_ws/install/share/ament_index/resource_index/package_run_dependencies/lifecycle_msgs
[18.372s] -- Installing: /workspace/foxy_ws/install/share/ament_index/resource_index/parent_prefix_path/lifecycle_msgs
[18.372s] -- Installing: /workspace/foxy_ws/install/share/lifecycle_msgs/environment/ament_prefix_path.sh
[18.372s] -- Installing: /workspace/foxy_ws/install/share/lifecycle_msgs/environment/ament_prefix_path.dsv
[18.373s] -- Installing: /workspace/foxy_ws/install/share/lifecycle_msgs/environment/path.sh
[18.373s] -- Installing: /workspace/foxy_ws/install/share/lifecycle_msgs/environment/path.dsv
[18.373s] -- Installing: /workspace/foxy_ws/install/share/lifecycle_msgs/local_setup.bash
[18.373s] -- Installing: /workspace/foxy_ws/install/share/lifecycle_msgs/local_setup.sh
[18.373s] -- Installing: /workspace/foxy_ws/install/share/lifecycle_msgs/local_setup.zsh
[18.374s] -- Installing: /workspace/foxy_ws/install/share/lifecycle_msgs/local_setup.dsv
[18.374s] -- Installing: /workspace/foxy_ws/install/share/lifecycle_msgs/package.dsv
[18.374s] -- Installing: /workspace/foxy_ws/install/share/ament_index/resource_index/packages/lifecycle_msgs
[18.374s] -- Installing: /workspace/foxy_ws/install/share/lifecycle_msgs/cmake/lifecycle_msgs__rosidl_generator_cExport.cmake
[18.375s] -- Installing: /workspace/foxy_ws/install/share/lifecycle_msgs/cmake/lifecycle_msgs__rosidl_generator_cExport-noconfig.cmake
[18.375s] -- Installing: /workspace/foxy_ws/install/share/lifecycle_msgs/cmake/lifecycle_msgs__rosidl_typesupport_introspection_cExport.cmake
[18.375s] -- Installing: /workspace/foxy_ws/install/share/lifecycle_msgs/cmake/lifecycle_msgs__rosidl_typesupport_introspection_cExport-noconfig.cmake
[18.375s] -- Installing: /workspace/foxy_ws/install/share/lifecycle_msgs/cmake/lifecycle_msgs__rosidl_typesupport_cExport.cmake
[18.375s] -- Installing: /workspace/foxy_ws/install/share/lifecycle_msgs/cmake/lifecycle_msgs__rosidl_typesupport_cExport-noconfig.cmake
[18.376s] -- Installing: /workspace/foxy_ws/install/share/lifecycle_msgs/cmake/lifecycle_msgs__rosidl_generator_cppExport.cmake
[18.376s] -- Installing: /workspace/foxy_ws/install/share/lifecycle_msgs/cmake/lifecycle_msgs__rosidl_typesupport_introspection_cppExport.cmake
[18.376s] -- Installing: /workspace/foxy_ws/install/share/lifecycle_msgs/cmake/lifecycle_msgs__rosidl_typesupport_introspection_cppExport-noconfig.cmake
[18.376s] -- Installing: /workspace/foxy_ws/install/share/lifecycle_msgs/cmake/lifecycle_msgs__rosidl_typesupport_cppExport.cmake
[18.377s] -- Installing: /workspace/foxy_ws/install/share/lifecycle_msgs/cmake/lifecycle_msgs__rosidl_typesupport_cppExport-noconfig.cmake
[18.377s] -- Installing: /workspace/foxy_ws/install/share/lifecycle_msgs/cmake/rosidl_cmake-extras.cmake
[18.377s] -- Installing: /workspace/foxy_ws/install/share/lifecycle_msgs/cmake/ament_cmake_export_dependencies-extras.cmake
[18.377s] -- Installing: /workspace/foxy_ws/install/share/lifecycle_msgs/cmake/ament_cmake_export_libraries-extras.cmake
[18.377s] -- Installing: /workspace/foxy_ws/install/share/lifecycle_msgs/cmake/ament_cmake_export_targets-extras.cmake
[18.378s] -- Installing: /workspace/foxy_ws/install/share/lifecycle_msgs/cmake/ament_cmake_export_include_directories-extras.cmake
[18.378s] -- Installing: /workspace/foxy_ws/install/share/lifecycle_msgs/cmake/rosidl_cmake_export_typesupport_libraries-extras.cmake
[18.378s] -- Installing: /workspace/foxy_ws/install/share/lifecycle_msgs/cmake/rosidl_cmake_export_typesupport_targets-extras.cmake
[18.378s] -- Installing: /workspace/foxy_ws/install/share/lifecycle_msgs/cmake/lifecycle_msgsConfig.cmake
[18.378s] -- Installing: /workspace/foxy_ws/install/share/lifecycle_msgs/cmake/lifecycle_msgsConfig-version.cmake
[18.379s] -- Installing: /workspace/foxy_ws/install/share/lifecycle_msgs/package.xml
[18.382s] Invoked command in '/workspace/foxy_ws/build/lifecycle_msgs' returned '0': AMENT_PREFIX_PATH=/workspace/foxy_ws/install CMAKE_PREFIX_PATH=/workspace/foxy_ws/install LD_LIBRARY_PATH=/workspace/foxy_ws/install/lib PATH=/workspace/foxy_ws/install/bin:${PATH} PKG_CONFIG_PATH=/workspace/foxy_ws/install/lib/x86_64-linux-gnu/pkgconfig:/workspace/foxy_ws/install/lib/pkgconfig PYTHONPATH=/workspace/foxy_ws/install/lib/python3.10/site-packages /usr/bin/cmake --install /workspace/foxy_ws/build/lifecycle_msgs
