[0.028s] Invoking command in '/workspace/foxy_ws/build/ament_lint_common': AMENT_PREFIX_PATH=/workspace/foxy_ws/install CMAKE_PREFIX_PATH=/workspace/foxy_ws/install LD_LIBRARY_PATH=/workspace/foxy_ws/install/lib PATH=/workspace/foxy_ws/install/bin:${PATH} PYTHONPATH=/workspace/foxy_ws/install/lib/python3.10/site-packages /usr/bin/cmake /workspace/foxy_ws/src/ament_lint/ament_lint_common -DCMAKE_INSTALL_PREFIX=/workspace/foxy_ws/install
[0.039s] -- Found ament_cmake_core: 0.9.12 (/workspace/foxy_ws/install/share/ament_cmake_core/cmake)
[0.054s] -- Found PythonInterp: /usr/bin/python3 (found suitable version "3.10.14", minimum required is "3") 
[0.054s] -- Using PYTHON_EXECUTABLE: /usr/bin/python3
[0.177s] -- Found ament_cmake_export_dependencies: 0.9.12 (/workspace/foxy_ws/install/share/ament_cmake_export_dependencies/cmake)
[0.235s] -- Configuring done
[0.236s] -- Generating done
[0.237s] -- Build files have been written to: /workspace/foxy_ws/build/ament_lint_common
[0.240s] Invoked command in '/workspace/foxy_ws/build/ament_lint_common' returned '0': AMENT_PREFIX_PATH=/workspace/foxy_ws/install CMAKE_PREFIX_PATH=/workspace/foxy_ws/install LD_LIBRARY_PATH=/workspace/foxy_ws/install/lib PATH=/workspace/foxy_ws/install/bin:${PATH} PYTHONPATH=/workspace/foxy_ws/install/lib/python3.10/site-packages /usr/bin/cmake /workspace/foxy_ws/src/ament_lint/ament_lint_common -DCMAKE_INSTALL_PREFIX=/workspace/foxy_ws/install
[0.240s] Invoking command in '/workspace/foxy_ws/build/ament_lint_common': AMENT_PREFIX_PATH=/workspace/foxy_ws/install CMAKE_PREFIX_PATH=/workspace/foxy_ws/install LD_LIBRARY_PATH=/workspace/foxy_ws/install/lib PATH=/workspace/foxy_ws/install/bin:${PATH} PYTHONPATH=/workspace/foxy_ws/install/lib/python3.10/site-packages /usr/bin/cmake --build /workspace/foxy_ws/build/ament_lint_common -- -j12 -l12
[0.269s] Invoked command in '/workspace/foxy_ws/build/ament_lint_common' returned '0': AMENT_PREFIX_PATH=/workspace/foxy_ws/install CMAKE_PREFIX_PATH=/workspace/foxy_ws/install LD_LIBRARY_PATH=/workspace/foxy_ws/install/lib PATH=/workspace/foxy_ws/install/bin:${PATH} PYTHONPATH=/workspace/foxy_ws/install/lib/python3.10/site-packages /usr/bin/cmake --build /workspace/foxy_ws/build/ament_lint_common -- -j12 -l12
[0.282s] Invoking command in '/workspace/foxy_ws/build/ament_lint_common': AMENT_PREFIX_PATH=/workspace/foxy_ws/install CMAKE_PREFIX_PATH=/workspace/foxy_ws/install LD_LIBRARY_PATH=/workspace/foxy_ws/install/lib PATH=/workspace/foxy_ws/install/bin:${PATH} PYTHONPATH=/workspace/foxy_ws/install/lib/python3.10/site-packages /usr/bin/cmake --install /workspace/foxy_ws/build/ament_lint_common
[0.289s] -- Install configuration: ""
[0.289s] -- Installing: /workspace/foxy_ws/install/share/ament_index/resource_index/package_run_dependencies/ament_lint_common
[0.289s] -- Installing: /workspace/foxy_ws/install/share/ament_index/resource_index/parent_prefix_path/ament_lint_common
[0.289s] -- Installing: /workspace/foxy_ws/install/share/ament_lint_common/environment/ament_prefix_path.sh
[0.289s] -- Installing: /workspace/foxy_ws/install/share/ament_lint_common/environment/ament_prefix_path.dsv
[0.289s] -- Installing: /workspace/foxy_ws/install/share/ament_lint_common/environment/path.sh
[0.290s] -- Installing: /workspace/foxy_ws/install/share/ament_lint_common/environment/path.dsv
[0.290s] -- Installing: /workspace/foxy_ws/install/share/ament_lint_common/local_setup.bash
[0.290s] -- Installing: /workspace/foxy_ws/install/share/ament_lint_common/local_setup.sh
[0.290s] -- Installing: /workspace/foxy_ws/install/share/ament_lint_common/local_setup.zsh
[0.290s] -- Installing: /workspace/foxy_ws/install/share/ament_lint_common/local_setup.dsv
[0.290s] -- Installing: /workspace/foxy_ws/install/share/ament_lint_common/package.dsv
[0.290s] -- Installing: /workspace/foxy_ws/install/share/ament_index/resource_index/packages/ament_lint_common
[0.291s] -- Installing: /workspace/foxy_ws/install/share/ament_lint_common/cmake/ament_cmake_export_dependencies-extras.cmake
[0.291s] -- Installing: /workspace/foxy_ws/install/share/ament_lint_common/cmake/ament_lint_commonConfig.cmake
[0.291s] -- Installing: /workspace/foxy_ws/install/share/ament_lint_common/cmake/ament_lint_commonConfig-version.cmake
[0.291s] -- Installing: /workspace/foxy_ws/install/share/ament_lint_common/package.xml
[0.292s] Invoked command in '/workspace/foxy_ws/build/ament_lint_common' returned '0': AMENT_PREFIX_PATH=/workspace/foxy_ws/install CMAKE_PREFIX_PATH=/workspace/foxy_ws/install LD_LIBRARY_PATH=/workspace/foxy_ws/install/lib PATH=/workspace/foxy_ws/install/bin:${PATH} PYTHONPATH=/workspace/foxy_ws/install/lib/python3.10/site-packages /usr/bin/cmake --install /workspace/foxy_ws/build/ament_lint_common
