running egg_info
creating ../../../build/ament_flake8/ament_flake8.egg-info
writing ../../../build/ament_flake8/ament_flake8.egg-info/PKG-INFO
writing dependency_links to ../../../build/ament_flake8/ament_flake8.egg-info/dependency_links.txt
writing entry points to ../../../build/ament_flake8/ament_flake8.egg-info/entry_points.txt
writing requirements to ../../../build/ament_flake8/ament_flake8.egg-info/requires.txt
writing top-level names to ../../../build/ament_flake8/ament_flake8.egg-info/top_level.txt
writing manifest file '../../../build/ament_flake8/ament_flake8.egg-info/SOURCES.txt'
reading manifest file '../../../build/ament_flake8/ament_flake8.egg-info/SOURCES.txt'
writing manifest file '../../../build/ament_flake8/ament_flake8.egg-info/SOURCES.txt'
running build
running build_py
creating /workspace/foxy_ws/build/ament_flake8/build
creating /workspace/foxy_ws/build/ament_flake8/build/lib
creating /workspace/foxy_ws/build/ament_flake8/build/lib/ament_flake8
copying ament_flake8/main.py -> /workspace/foxy_ws/build/ament_flake8/build/lib/ament_flake8
copying ament_flake8/legacy.py -> /workspace/foxy_ws/build/ament_flake8/build/lib/ament_flake8
copying ament_flake8/pytest_marker.py -> /workspace/foxy_ws/build/ament_flake8/build/lib/ament_flake8
copying ament_flake8/__init__.py -> /workspace/foxy_ws/build/ament_flake8/build/lib/ament_flake8
creating /workspace/foxy_ws/build/ament_flake8/build/lib/ament_flake8/configuration
copying ament_flake8/configuration/ament_flake8.ini -> /workspace/foxy_ws/build/ament_flake8/build/lib/ament_flake8/configuration
running install
running install_lib
creating /workspace/foxy_ws/install/lib/python3.10/site-packages/ament_flake8
copying /workspace/foxy_ws/build/ament_flake8/build/lib/ament_flake8/main.py -> /workspace/foxy_ws/install/lib/python3.10/site-packages/ament_flake8
copying /workspace/foxy_ws/build/ament_flake8/build/lib/ament_flake8/legacy.py -> /workspace/foxy_ws/install/lib/python3.10/site-packages/ament_flake8
copying /workspace/foxy_ws/build/ament_flake8/build/lib/ament_flake8/pytest_marker.py -> /workspace/foxy_ws/install/lib/python3.10/site-packages/ament_flake8
copying /workspace/foxy_ws/build/ament_flake8/build/lib/ament_flake8/__init__.py -> /workspace/foxy_ws/install/lib/python3.10/site-packages/ament_flake8
creating /workspace/foxy_ws/install/lib/python3.10/site-packages/ament_flake8/configuration
copying /workspace/foxy_ws/build/ament_flake8/build/lib/ament_flake8/configuration/ament_flake8.ini -> /workspace/foxy_ws/install/lib/python3.10/site-packages/ament_flake8/configuration
byte-compiling /workspace/foxy_ws/install/lib/python3.10/site-packages/ament_flake8/main.py to main.cpython-310.pyc
byte-compiling /workspace/foxy_ws/install/lib/python3.10/site-packages/ament_flake8/legacy.py to legacy.cpython-310.pyc
byte-compiling /workspace/foxy_ws/install/lib/python3.10/site-packages/ament_flake8/pytest_marker.py to pytest_marker.cpython-310.pyc
byte-compiling /workspace/foxy_ws/install/lib/python3.10/site-packages/ament_flake8/__init__.py to __init__.cpython-310.pyc
running install_data
copying package.xml -> /workspace/foxy_ws/install/share/ament_flake8
copying resource/ament_flake8 -> /workspace/foxy_ws/install/share/ament_index/resource_index/packages
running install_egg_info
Copying ../../../build/ament_flake8/ament_flake8.egg-info to /workspace/foxy_ws/install/lib/python3.10/site-packages/ament_flake8-0.9.8-py3.10.egg-info
running install_scripts
Installing ament_flake8 script to /workspace/foxy_ws/install/bin
writing list of installed files to '/workspace/foxy_ws/build/ament_flake8/install.log'
