[0.835s] Invoking command in '/workspace/foxy_ws/src/ament_lint/ament_flake8': AMENT_PREFIX_PATH=/workspace/foxy_ws/install CMAKE_PREFIX_PATH=/workspace/foxy_ws/install PATH=/workspace/foxy_ws/install/bin:${PATH} PYTHONPATH=/workspace/foxy_ws/build/ament_flake8/prefix_override:/workspace/foxy_ws/install/lib/python3.10/site-packages:/workspace/foxy_ws/install/lib/python3.10/site-packages /usr/bin/python3 -W ignore:setup.py install is deprecated setup.py egg_info --egg-base ../../../build/ament_flake8 build --build-base /workspace/foxy_ws/build/ament_flake8/build install --record /workspace/foxy_ws/build/ament_flake8/install.log --single-version-externally-managed install_data
[1.530s] running egg_info
[1.532s] creating ../../../build/ament_flake8/ament_flake8.egg-info
[1.532s] writing ../../../build/ament_flake8/ament_flake8.egg-info/PKG-INFO
[1.533s] writing dependency_links to ../../../build/ament_flake8/ament_flake8.egg-info/dependency_links.txt
[1.534s] writing entry points to ../../../build/ament_flake8/ament_flake8.egg-info/entry_points.txt
[1.534s] writing requirements to ../../../build/ament_flake8/ament_flake8.egg-info/requires.txt
[1.534s] writing top-level names to ../../../build/ament_flake8/ament_flake8.egg-info/top_level.txt
[1.535s] writing manifest file '../../../build/ament_flake8/ament_flake8.egg-info/SOURCES.txt'
[1.538s] reading manifest file '../../../build/ament_flake8/ament_flake8.egg-info/SOURCES.txt'
[1.546s] writing manifest file '../../../build/ament_flake8/ament_flake8.egg-info/SOURCES.txt'
[1.548s] running build
[1.548s] running build_py
[1.549s] creating /workspace/foxy_ws/build/ament_flake8/build
[1.549s] creating /workspace/foxy_ws/build/ament_flake8/build/lib
[1.550s] creating /workspace/foxy_ws/build/ament_flake8/build/lib/ament_flake8
[1.550s] copying ament_flake8/main.py -> /workspace/foxy_ws/build/ament_flake8/build/lib/ament_flake8
[1.558s] copying ament_flake8/legacy.py -> /workspace/foxy_ws/build/ament_flake8/build/lib/ament_flake8
[1.562s] copying ament_flake8/pytest_marker.py -> /workspace/foxy_ws/build/ament_flake8/build/lib/ament_flake8
[1.563s] copying ament_flake8/__init__.py -> /workspace/foxy_ws/build/ament_flake8/build/lib/ament_flake8
[1.563s] creating /workspace/foxy_ws/build/ament_flake8/build/lib/ament_flake8/configuration
[1.563s] copying ament_flake8/configuration/ament_flake8.ini -> /workspace/foxy_ws/build/ament_flake8/build/lib/ament_flake8/configuration
[1.564s] running install
[1.565s] running install_lib
[1.567s] creating /workspace/foxy_ws/install/lib/python3.10/site-packages/ament_flake8
[1.567s] copying /workspace/foxy_ws/build/ament_flake8/build/lib/ament_flake8/main.py -> /workspace/foxy_ws/install/lib/python3.10/site-packages/ament_flake8
[1.568s] copying /workspace/foxy_ws/build/ament_flake8/build/lib/ament_flake8/legacy.py -> /workspace/foxy_ws/install/lib/python3.10/site-packages/ament_flake8
[1.568s] copying /workspace/foxy_ws/build/ament_flake8/build/lib/ament_flake8/pytest_marker.py -> /workspace/foxy_ws/install/lib/python3.10/site-packages/ament_flake8
[1.568s] copying /workspace/foxy_ws/build/ament_flake8/build/lib/ament_flake8/__init__.py -> /workspace/foxy_ws/install/lib/python3.10/site-packages/ament_flake8
[1.569s] creating /workspace/foxy_ws/install/lib/python3.10/site-packages/ament_flake8/configuration
[1.569s] copying /workspace/foxy_ws/build/ament_flake8/build/lib/ament_flake8/configuration/ament_flake8.ini -> /workspace/foxy_ws/install/lib/python3.10/site-packages/ament_flake8/configuration
[1.570s] byte-compiling /workspace/foxy_ws/install/lib/python3.10/site-packages/ament_flake8/main.py to main.cpython-310.pyc
[1.573s] byte-compiling /workspace/foxy_ws/install/lib/python3.10/site-packages/ament_flake8/legacy.py to legacy.cpython-310.pyc
[1.583s] byte-compiling /workspace/foxy_ws/install/lib/python3.10/site-packages/ament_flake8/pytest_marker.py to pytest_marker.cpython-310.pyc
[1.584s] byte-compiling /workspace/foxy_ws/install/lib/python3.10/site-packages/ament_flake8/__init__.py to __init__.cpython-310.pyc
[1.584s] running install_data
[1.584s] copying package.xml -> /workspace/foxy_ws/install/share/ament_flake8
[1.585s] copying resource/ament_flake8 -> /workspace/foxy_ws/install/share/ament_index/resource_index/packages
[1.585s] running install_egg_info
[1.595s] Copying ../../../build/ament_flake8/ament_flake8.egg-info to /workspace/foxy_ws/install/lib/python3.10/site-packages/ament_flake8-0.9.8-py3.10.egg-info
[1.597s] running install_scripts
[1.653s] Installing ament_flake8 script to /workspace/foxy_ws/install/bin
[1.658s] writing list of installed files to '/workspace/foxy_ws/build/ament_flake8/install.log'
[1.890s] Invoked command in '/workspace/foxy_ws/src/ament_lint/ament_flake8' returned '0': AMENT_PREFIX_PATH=/workspace/foxy_ws/install CMAKE_PREFIX_PATH=/workspace/foxy_ws/install PATH=/workspace/foxy_ws/install/bin:${PATH} PYTHONPATH=/workspace/foxy_ws/build/ament_flake8/prefix_override:/workspace/foxy_ws/install/lib/python3.10/site-packages:/workspace/foxy_ws/install/lib/python3.10/site-packages /usr/bin/python3 -W ignore:setup.py install is deprecated setup.py egg_info --egg-base ../../../build/ament_flake8 build --build-base /workspace/foxy_ws/build/ament_flake8/build install --record /workspace/foxy_ws/build/ament_flake8/install.log --single-version-externally-managed install_data
