-- The C compiler identification is GNU 9.4.0
-- The CXX compiler identification is GNU 9.4.0
-- Check for working C compiler: /usr/bin/cc
-- Check for working C compiler: /usr/bin/cc -- works
-- Detecting C compiler ABI info
-- Detecting C compiler ABI info - done
-- Detecting C compile features
-- Detecting C compile features - done
-- Check for working CXX compiler: /usr/bin/c++
-- Check for working CXX compiler: /usr/bin/c++ -- works
-- Detecting CXX compiler ABI info
-- Detecting CXX compiler ABI info - done
-- Detecting CXX compile features
-- Detecting CXX compile features - done
-- Found ament_cmake: 0.9.12 (/workspace/foxy_ws/install/share/ament_cmake/cmake)
-- Found PythonInterp: /usr/bin/python3 (found suitable version "3.10.14", minimum required is "3") 
-- Using PYTHON_EXECUTABLE: /usr/bin/python3
-- Found rosidl_default_generators: 1.0.1 (/workspace/foxy_ws/install/share/rosidl_default_generators/cmake)
-- Using all available rosidl_typesupport_c: rosidl_typesupport_fastrtps_c;rosidl_typesupport_introspection_c
-- Found rosidl_adapter: 1.3.1 (/workspace/foxy_ws/install/share/rosidl_adapter/cmake)
-- Found OpenSSL: /usr/lib/x86_64-linux-gnu/libcrypto.so (found version "1.1.1f")  
-- Found FastRTPS: /workspace/foxy_ws/install/include  
-- Using all available rosidl_typesupport_cpp: rosidl_typesupport_fastrtps_cpp;rosidl_typesupport_introspection_cpp
-- Found rcl_interfaces: 1.0.0 (/workspace/foxy_ws/install/share/rcl_interfaces/cmake)
-- Found PythonInterp: /usr/bin/python3 (found version "3.10.14") 
-- Found ament_cmake_cppcheck: 0.9.8 (/workspace/foxy_ws/install/share/ament_cmake_cppcheck/cmake)
-- Found ament_cmake_cpplint: 0.9.8 (/workspace/foxy_ws/install/share/ament_cmake_cpplint/cmake)
-- Found ament_cmake_uncrustify: 0.9.8 (/workspace/foxy_ws/install/share/ament_cmake_uncrustify/cmake)
-- Found ament_cmake_ros: 0.9.2 (/workspace/foxy_ws/install/share/ament_cmake_ros/cmake)
-- Using all available rosidl_typesupport_c: rosidl_typesupport_fastrtps_c;rosidl_typesupport_introspection_c
-- Using all available rosidl_typesupport_cpp: rosidl_typesupport_fastrtps_cpp;rosidl_typesupport_introspection_cpp
-- Found PythonInterp: /usr/bin/python3 (found suitable version "3.10.14", minimum required is "3.5") 
-- Found python_cmake_module: 0.8.1 (/workspace/foxy_ws/install/share/python_cmake_module/cmake)
-- Found PythonLibs: /usr/lib/x86_64-linux-gnu/libpython3.10.so (found suitable version "3.10.14", minimum required is "3.5") 
-- Using PYTHON_EXECUTABLE: /usr/bin/python3
-- Using PYTHON_INCLUDE_DIRS: /usr/include/python3.10
-- Using PYTHON_LIBRARIES: /usr/lib/x86_64-linux-gnu/libpython3.10.so
-- Found PythonExtra: .so  
<string>:1: DeprecationWarning: The distutils package is deprecated and slated for removal in Python 3.12. Use setuptools or check PEP 632 for potential alternatives
<string>:1: DeprecationWarning: The distutils.sysconfig module is deprecated, use sysconfig instead
-- Using numpy include directory: /usr/local/lib/python3.10/dist-packages/numpy/core/include
-- Found ament_cmake_flake8: 0.9.8 (/workspace/foxy_ws/install/share/ament_cmake_flake8/cmake)
-- Found ament_cmake_pep257: 0.9.8 (/workspace/foxy_ws/install/share/ament_cmake_pep257/cmake)
-- Configuring done
-- Generating done
-- Build files have been written to: /workspace/foxy_ws/build/composition_interfaces
[  2%] Generating C code for ROS interfaces
Scanning dependencies of target composition_interfaces__rosidl_generator_c
[  4%] Building C object CMakeFiles/composition_interfaces__rosidl_generator_c.dir/rosidl_generator_c/composition_interfaces/srv/detail/load_node__functions.c.o
[  6%] Building C object CMakeFiles/composition_interfaces__rosidl_generator_c.dir/rosidl_generator_c/composition_interfaces/srv/detail/unload_node__functions.c.o
[  8%] Building C object CMakeFiles/composition_interfaces__rosidl_generator_c.dir/rosidl_generator_c/composition_interfaces/srv/detail/list_nodes__functions.c.o
[ 10%] Linking C shared library libcomposition_interfaces__rosidl_generator_c.so
[ 10%] Built target composition_interfaces__rosidl_generator_c
Scanning dependencies of target composition_interfaces__cpp
[ 12%] Generating C++ code for ROS interfaces
[ 12%] Built target composition_interfaces__cpp
[ 14%] Generating C introspection for ROS interfaces
Scanning dependencies of target composition_interfaces__rosidl_typesupport_introspection_c
[ 19%] Building C object CMakeFiles/composition_interfaces__rosidl_typesupport_introspection_c.dir/rosidl_typesupport_introspection_c/composition_interfaces/srv/detail/load_node__type_support.c.o
[ 19%] Building C object CMakeFiles/composition_interfaces__rosidl_typesupport_introspection_c.dir/rosidl_typesupport_introspection_c/composition_interfaces/srv/detail/list_nodes__type_support.c.o
[ 21%] Building C object CMakeFiles/composition_interfaces__rosidl_typesupport_introspection_c.dir/rosidl_typesupport_introspection_c/composition_interfaces/srv/detail/unload_node__type_support.c.o
[ 23%] Linking C shared library libcomposition_interfaces__rosidl_typesupport_introspection_c.so
[ 23%] Built target composition_interfaces__rosidl_typesupport_introspection_c
[ 25%] Generating C++ type support dispatch for ROS interfaces
Scanning dependencies of target composition_interfaces__rosidl_typesupport_cpp
[ 27%] Building CXX object CMakeFiles/composition_interfaces__rosidl_typesupport_cpp.dir/rosidl_typesupport_cpp/composition_interfaces/srv/list_nodes__type_support.cpp.o
[ 29%] Building CXX object CMakeFiles/composition_interfaces__rosidl_typesupport_cpp.dir/rosidl_typesupport_cpp/composition_interfaces/srv/load_node__type_support.cpp.o
[ 31%] Building CXX object CMakeFiles/composition_interfaces__rosidl_typesupport_cpp.dir/rosidl_typesupport_cpp/composition_interfaces/srv/unload_node__type_support.cpp.o
[ 34%] Linking CXX shared library libcomposition_interfaces__rosidl_typesupport_cpp.so
[ 34%] Built target composition_interfaces__rosidl_typesupport_cpp
[ 36%] Generating C++ introspection for ROS interfaces
Scanning dependencies of target composition_interfaces__rosidl_typesupport_introspection_cpp
[ 38%] Building CXX object CMakeFiles/composition_interfaces__rosidl_typesupport_introspection_cpp.dir/rosidl_typesupport_introspection_cpp/composition_interfaces/srv/detail/list_nodes__type_support.cpp.o
[ 40%] Building CXX object CMakeFiles/composition_interfaces__rosidl_typesupport_introspection_cpp.dir/rosidl_typesupport_introspection_cpp/composition_interfaces/srv/detail/load_node__type_support.cpp.o
[ 42%] Building CXX object CMakeFiles/composition_interfaces__rosidl_typesupport_introspection_cpp.dir/rosidl_typesupport_introspection_cpp/composition_interfaces/srv/detail/unload_node__type_support.cpp.o
[ 44%] Linking CXX shared library libcomposition_interfaces__rosidl_typesupport_introspection_cpp.so
[ 44%] Built target composition_interfaces__rosidl_typesupport_introspection_cpp
[ 46%] Generating C++ type support for eProsima Fast-RTPS
Scanning dependencies of target composition_interfaces__rosidl_typesupport_fastrtps_cpp
[ 51%] Building CXX object CMakeFiles/composition_interfaces__rosidl_typesupport_fastrtps_cpp.dir/rosidl_typesupport_fastrtps_cpp/composition_interfaces/srv/detail/dds_fastrtps/load_node__type_support.cpp.o
[ 51%] Building CXX object CMakeFiles/composition_interfaces__rosidl_typesupport_fastrtps_cpp.dir/rosidl_typesupport_fastrtps_cpp/composition_interfaces/srv/detail/dds_fastrtps/list_nodes__type_support.cpp.o
[ 53%] Building CXX object CMakeFiles/composition_interfaces__rosidl_typesupport_fastrtps_cpp.dir/rosidl_typesupport_fastrtps_cpp/composition_interfaces/srv/detail/dds_fastrtps/unload_node__type_support.cpp.o
[ 55%] Linking CXX shared library libcomposition_interfaces__rosidl_typesupport_fastrtps_cpp.so
[ 55%] Built target composition_interfaces__rosidl_typesupport_fastrtps_cpp
[ 59%] Generating C type support dispatch for ROS interfaces
[ 59%] Generating C type support for eProsima Fast-RTPS
Scanning dependencies of target composition_interfaces__rosidl_typesupport_c
[ 61%] Building CXX object CMakeFiles/composition_interfaces__rosidl_typesupport_c.dir/rosidl_typesupport_c/composition_interfaces/srv/unload_node__type_support.cpp.o
[ 63%] Building CXX object CMakeFiles/composition_interfaces__rosidl_typesupport_c.dir/rosidl_typesupport_c/composition_interfaces/srv/load_node__type_support.cpp.o
[ 65%] Building CXX object CMakeFiles/composition_interfaces__rosidl_typesupport_c.dir/rosidl_typesupport_c/composition_interfaces/srv/list_nodes__type_support.cpp.o
[ 68%] Linking CXX shared library libcomposition_interfaces__rosidl_typesupport_c.so
[ 68%] Built target composition_interfaces__rosidl_typesupport_c
Scanning dependencies of target composition_interfaces__rosidl_typesupport_fastrtps_c
[ 72%] Building CXX object CMakeFiles/composition_interfaces__rosidl_typesupport_fastrtps_c.dir/rosidl_typesupport_fastrtps_c/composition_interfaces/srv/detail/unload_node__type_support_c.cpp.o
[ 72%] Building CXX object CMakeFiles/composition_interfaces__rosidl_typesupport_fastrtps_c.dir/rosidl_typesupport_fastrtps_c/composition_interfaces/srv/detail/load_node__type_support_c.cpp.o
[ 74%] Building CXX object CMakeFiles/composition_interfaces__rosidl_typesupport_fastrtps_c.dir/rosidl_typesupport_fastrtps_c/composition_interfaces/srv/detail/list_nodes__type_support_c.cpp.o
[ 76%] Linking CXX shared library libcomposition_interfaces__rosidl_typesupport_fastrtps_c.so
[ 76%] Built target composition_interfaces__rosidl_typesupport_fastrtps_c
Scanning dependencies of target composition_interfaces
[ 76%] Built target composition_interfaces
Scanning dependencies of target composition_interfaces__py
[ 78%] Generating Python code for ROS interfaces
[ 78%] Built target composition_interfaces__py
Scanning dependencies of target composition_interfaces__python
[ 85%] Building C object CMakeFiles/composition_interfaces__python.dir/rosidl_generator_py/composition_interfaces/srv/_list_nodes_s.c.o
[ 85%] Building C object CMakeFiles/composition_interfaces__python.dir/rosidl_generator_py/composition_interfaces/srv/_unload_node_s.c.o
[ 85%] Building C object CMakeFiles/composition_interfaces__python.dir/rosidl_generator_py/composition_interfaces/srv/_load_node_s.c.o
[ 87%] Linking C shared library rosidl_generator_py/composition_interfaces/libcomposition_interfaces__python.so
[ 87%] Built target composition_interfaces__python
Scanning dependencies of target composition_interfaces__rosidl_typesupport_introspection_c__pyext
Scanning dependencies of target composition_interfaces__rosidl_typesupport_c__pyext
Scanning dependencies of target composition_interfaces__rosidl_typesupport_fastrtps_c__pyext
[ 89%] Building C object CMakeFiles/composition_interfaces__rosidl_typesupport_introspection_c__pyext.dir/rosidl_generator_py/composition_interfaces/_composition_interfaces_s.ep.rosidl_typesupport_introspection_c.c.o
[ 91%] Building C object CMakeFiles/composition_interfaces__rosidl_typesupport_c__pyext.dir/rosidl_generator_py/composition_interfaces/_composition_interfaces_s.ep.rosidl_typesupport_c.c.o
[ 93%] Building C object CMakeFiles/composition_interfaces__rosidl_typesupport_fastrtps_c__pyext.dir/rosidl_generator_py/composition_interfaces/_composition_interfaces_s.ep.rosidl_typesupport_fastrtps_c.c.o
[ 95%] Linking C shared library rosidl_generator_py/composition_interfaces/composition_interfaces_s__rosidl_typesupport_introspection_c.cpython-310-x86_64-linux-gnu.so
[ 97%] Linking CXX shared library rosidl_generator_py/composition_interfaces/composition_interfaces_s__rosidl_typesupport_fastrtps_c.cpython-310-x86_64-linux-gnu.so
[100%] Linking C shared library rosidl_generator_py/composition_interfaces/composition_interfaces_s__rosidl_typesupport_c.cpython-310-x86_64-linux-gnu.so
[100%] Built target composition_interfaces__rosidl_typesupport_introspection_c__pyext
[100%] Built target composition_interfaces__rosidl_typesupport_c__pyext
[100%] Built target composition_interfaces__rosidl_typesupport_fastrtps_c__pyext
-- Install configuration: ""
-- Installing: /workspace/foxy_ws/install/share/ament_index/resource_index/rosidl_interfaces/composition_interfaces
-- Installing: /workspace/foxy_ws/install/include/composition_interfaces
-- Installing: /workspace/foxy_ws/install/include/composition_interfaces/msg
-- Installing: /workspace/foxy_ws/install/include/composition_interfaces/msg/rosidl_generator_c__visibility_control.h
-- Installing: /workspace/foxy_ws/install/include/composition_interfaces/srv
-- Installing: /workspace/foxy_ws/install/include/composition_interfaces/srv/load_node.h
-- Installing: /workspace/foxy_ws/install/include/composition_interfaces/srv/list_nodes.h
-- Installing: /workspace/foxy_ws/install/include/composition_interfaces/srv/unload_node.h
-- Installing: /workspace/foxy_ws/install/include/composition_interfaces/srv/detail
-- Installing: /workspace/foxy_ws/install/include/composition_interfaces/srv/detail/unload_node__functions.c
-- Installing: /workspace/foxy_ws/install/include/composition_interfaces/srv/detail/list_nodes__type_support.h
-- Installing: /workspace/foxy_ws/install/include/composition_interfaces/srv/detail/unload_node__struct.h
-- Installing: /workspace/foxy_ws/install/include/composition_interfaces/srv/detail/unload_node__type_support.h
-- Installing: /workspace/foxy_ws/install/include/composition_interfaces/srv/detail/load_node__type_support.h
-- Installing: /workspace/foxy_ws/install/include/composition_interfaces/srv/detail/list_nodes__functions.c
-- Installing: /workspace/foxy_ws/install/include/composition_interfaces/srv/detail/load_node__functions.c
-- Installing: /workspace/foxy_ws/install/include/composition_interfaces/srv/detail/list_nodes__functions.h
-- Installing: /workspace/foxy_ws/install/include/composition_interfaces/srv/detail/load_node__struct.h
-- Installing: /workspace/foxy_ws/install/include/composition_interfaces/srv/detail/unload_node__functions.h
-- Installing: /workspace/foxy_ws/install/include/composition_interfaces/srv/detail/load_node__functions.h
-- Installing: /workspace/foxy_ws/install/include/composition_interfaces/srv/detail/list_nodes__struct.h
-- Installing: /workspace/foxy_ws/install/share/composition_interfaces/environment/library_path.sh
-- Installing: /workspace/foxy_ws/install/share/composition_interfaces/environment/library_path.dsv
-- Installing: /workspace/foxy_ws/install/lib/libcomposition_interfaces__rosidl_generator_c.so
-- Set runtime path of "/workspace/foxy_ws/install/lib/libcomposition_interfaces__rosidl_generator_c.so" to ""
-- Up-to-date: /workspace/foxy_ws/install/include/composition_interfaces
-- Up-to-date: /workspace/foxy_ws/install/include/composition_interfaces/msg
-- Installing: /workspace/foxy_ws/install/include/composition_interfaces/msg/rosidl_typesupport_fastrtps_c__visibility_control.h
-- Up-to-date: /workspace/foxy_ws/install/include/composition_interfaces/srv
-- Up-to-date: /workspace/foxy_ws/install/include/composition_interfaces/srv/detail
-- Installing: /workspace/foxy_ws/install/include/composition_interfaces/srv/detail/load_node__rosidl_typesupport_fastrtps_c.h
-- Installing: /workspace/foxy_ws/install/include/composition_interfaces/srv/detail/list_nodes__rosidl_typesupport_fastrtps_c.h
-- Installing: /workspace/foxy_ws/install/include/composition_interfaces/srv/detail/unload_node__rosidl_typesupport_fastrtps_c.h
-- Installing: /workspace/foxy_ws/install/lib/libcomposition_interfaces__rosidl_typesupport_fastrtps_c.so
-- Set runtime path of "/workspace/foxy_ws/install/lib/libcomposition_interfaces__rosidl_typesupport_fastrtps_c.so" to ""
-- Up-to-date: /workspace/foxy_ws/install/include/composition_interfaces
-- Up-to-date: /workspace/foxy_ws/install/include/composition_interfaces/msg
-- Installing: /workspace/foxy_ws/install/include/composition_interfaces/msg/rosidl_typesupport_fastrtps_cpp__visibility_control.h
-- Up-to-date: /workspace/foxy_ws/install/include/composition_interfaces/srv
-- Up-to-date: /workspace/foxy_ws/install/include/composition_interfaces/srv/detail
-- Installing: /workspace/foxy_ws/install/include/composition_interfaces/srv/detail/list_nodes__rosidl_typesupport_fastrtps_cpp.hpp
-- Installing: /workspace/foxy_ws/install/include/composition_interfaces/srv/detail/dds_fastrtps
-- Installing: /workspace/foxy_ws/install/include/composition_interfaces/srv/detail/load_node__rosidl_typesupport_fastrtps_cpp.hpp
-- Installing: /workspace/foxy_ws/install/include/composition_interfaces/srv/detail/unload_node__rosidl_typesupport_fastrtps_cpp.hpp
-- Installing: /workspace/foxy_ws/install/lib/libcomposition_interfaces__rosidl_typesupport_fastrtps_cpp.so
-- Set runtime path of "/workspace/foxy_ws/install/lib/libcomposition_interfaces__rosidl_typesupport_fastrtps_cpp.so" to ""
-- Up-to-date: /workspace/foxy_ws/install/include/composition_interfaces
-- Up-to-date: /workspace/foxy_ws/install/include/composition_interfaces/msg
-- Installing: /workspace/foxy_ws/install/include/composition_interfaces/msg/rosidl_typesupport_introspection_c__visibility_control.h
-- Up-to-date: /workspace/foxy_ws/install/include/composition_interfaces/srv
-- Up-to-date: /workspace/foxy_ws/install/include/composition_interfaces/srv/detail
-- Installing: /workspace/foxy_ws/install/include/composition_interfaces/srv/detail/unload_node__rosidl_typesupport_introspection_c.h
-- Installing: /workspace/foxy_ws/install/include/composition_interfaces/srv/detail/load_node__rosidl_typesupport_introspection_c.h
-- Installing: /workspace/foxy_ws/install/include/composition_interfaces/srv/detail/list_nodes__rosidl_typesupport_introspection_c.h
-- Installing: /workspace/foxy_ws/install/include/composition_interfaces/srv/detail/unload_node__type_support.c
-- Installing: /workspace/foxy_ws/install/include/composition_interfaces/srv/detail/list_nodes__type_support.c
-- Installing: /workspace/foxy_ws/install/include/composition_interfaces/srv/detail/load_node__type_support.c
-- Installing: /workspace/foxy_ws/install/lib/libcomposition_interfaces__rosidl_typesupport_introspection_c.so
-- Set runtime path of "/workspace/foxy_ws/install/lib/libcomposition_interfaces__rosidl_typesupport_introspection_c.so" to ""
-- Installing: /workspace/foxy_ws/install/lib/libcomposition_interfaces__rosidl_typesupport_c.so
-- Set runtime path of "/workspace/foxy_ws/install/lib/libcomposition_interfaces__rosidl_typesupport_c.so" to ""
-- Up-to-date: /workspace/foxy_ws/install/include/composition_interfaces
-- Up-to-date: /workspace/foxy_ws/install/include/composition_interfaces/msg
-- Installing: /workspace/foxy_ws/install/include/composition_interfaces/msg/rosidl_generator_cpp__visibility_control.hpp
-- Up-to-date: /workspace/foxy_ws/install/include/composition_interfaces/srv
-- Installing: /workspace/foxy_ws/install/include/composition_interfaces/srv/load_node.hpp
-- Installing: /workspace/foxy_ws/install/include/composition_interfaces/srv/list_nodes.hpp
-- Installing: /workspace/foxy_ws/install/include/composition_interfaces/srv/unload_node.hpp
-- Up-to-date: /workspace/foxy_ws/install/include/composition_interfaces/srv/detail
-- Installing: /workspace/foxy_ws/install/include/composition_interfaces/srv/detail/load_node__type_support.hpp
-- Installing: /workspace/foxy_ws/install/include/composition_interfaces/srv/detail/load_node__struct.hpp
-- Installing: /workspace/foxy_ws/install/include/composition_interfaces/srv/detail/list_nodes__type_support.hpp
-- Installing: /workspace/foxy_ws/install/include/composition_interfaces/srv/detail/unload_node__traits.hpp
-- Installing: /workspace/foxy_ws/install/include/composition_interfaces/srv/detail/unload_node__type_support.hpp
-- Installing: /workspace/foxy_ws/install/include/composition_interfaces/srv/detail/load_node__builder.hpp
-- Installing: /workspace/foxy_ws/install/include/composition_interfaces/srv/detail/unload_node__builder.hpp
-- Installing: /workspace/foxy_ws/install/include/composition_interfaces/srv/detail/unload_node__struct.hpp
-- Installing: /workspace/foxy_ws/install/include/composition_interfaces/srv/detail/load_node__traits.hpp
-- Installing: /workspace/foxy_ws/install/include/composition_interfaces/srv/detail/list_nodes__struct.hpp
-- Installing: /workspace/foxy_ws/install/include/composition_interfaces/srv/detail/list_nodes__traits.hpp
-- Installing: /workspace/foxy_ws/install/include/composition_interfaces/srv/detail/list_nodes__builder.hpp
-- Up-to-date: /workspace/foxy_ws/install/include/composition_interfaces
-- Up-to-date: /workspace/foxy_ws/install/include/composition_interfaces/srv
-- Up-to-date: /workspace/foxy_ws/install/include/composition_interfaces/srv/detail
-- Installing: /workspace/foxy_ws/install/include/composition_interfaces/srv/detail/unload_node__type_support.cpp
-- Installing: /workspace/foxy_ws/install/include/composition_interfaces/srv/detail/list_nodes__type_support.cpp
-- Installing: /workspace/foxy_ws/install/include/composition_interfaces/srv/detail/unload_node__rosidl_typesupport_introspection_cpp.hpp
-- Installing: /workspace/foxy_ws/install/include/composition_interfaces/srv/detail/load_node__type_support.cpp
-- Installing: /workspace/foxy_ws/install/include/composition_interfaces/srv/detail/load_node__rosidl_typesupport_introspection_cpp.hpp
-- Installing: /workspace/foxy_ws/install/include/composition_interfaces/srv/detail/list_nodes__rosidl_typesupport_introspection_cpp.hpp
-- Installing: /workspace/foxy_ws/install/lib/libcomposition_interfaces__rosidl_typesupport_introspection_cpp.so
-- Set runtime path of "/workspace/foxy_ws/install/lib/libcomposition_interfaces__rosidl_typesupport_introspection_cpp.so" to ""
-- Installing: /workspace/foxy_ws/install/lib/libcomposition_interfaces__rosidl_typesupport_cpp.so
-- Set runtime path of "/workspace/foxy_ws/install/lib/libcomposition_interfaces__rosidl_typesupport_cpp.so" to ""
-- Installing: /workspace/foxy_ws/install/share/composition_interfaces/environment/pythonpath.sh
-- Installing: /workspace/foxy_ws/install/share/composition_interfaces/environment/pythonpath.dsv
-- Installing: /workspace/foxy_ws/install/lib/python3.10/site-packages/composition_interfaces/__init__.py
Compiling '/workspace/foxy_ws/install/lib/python3.10/site-packages/composition_interfaces/__init__.py'...
-- Installing: /workspace/foxy_ws/install/lib/python3.10/site-packages/composition_interfaces/srv
-- Installing: /workspace/foxy_ws/install/lib/python3.10/site-packages/composition_interfaces/srv/_unload_node_s.c
-- Installing: /workspace/foxy_ws/install/lib/python3.10/site-packages/composition_interfaces/srv/_unload_node.py
-- Installing: /workspace/foxy_ws/install/lib/python3.10/site-packages/composition_interfaces/srv/_load_node.py
-- Installing: /workspace/foxy_ws/install/lib/python3.10/site-packages/composition_interfaces/srv/_list_nodes_s.c
-- Installing: /workspace/foxy_ws/install/lib/python3.10/site-packages/composition_interfaces/srv/__init__.py
-- Installing: /workspace/foxy_ws/install/lib/python3.10/site-packages/composition_interfaces/srv/_list_nodes.py
-- Installing: /workspace/foxy_ws/install/lib/python3.10/site-packages/composition_interfaces/srv/_load_node_s.c
-- Installing: /workspace/foxy_ws/install/lib/python3.10/site-packages/composition_interfaces/composition_interfaces_s__rosidl_typesupport_fastrtps_c.cpython-310-x86_64-linux-gnu.so
-- Set runtime path of "/workspace/foxy_ws/install/lib/python3.10/site-packages/composition_interfaces/composition_interfaces_s__rosidl_typesupport_fastrtps_c.cpython-310-x86_64-linux-gnu.so" to ""
-- Installing: /workspace/foxy_ws/install/lib/python3.10/site-packages/composition_interfaces/composition_interfaces_s__rosidl_typesupport_introspection_c.cpython-310-x86_64-linux-gnu.so
-- Set runtime path of "/workspace/foxy_ws/install/lib/python3.10/site-packages/composition_interfaces/composition_interfaces_s__rosidl_typesupport_introspection_c.cpython-310-x86_64-linux-gnu.so" to ""
-- Installing: /workspace/foxy_ws/install/lib/python3.10/site-packages/composition_interfaces/composition_interfaces_s__rosidl_typesupport_c.cpython-310-x86_64-linux-gnu.so
-- Set runtime path of "/workspace/foxy_ws/install/lib/python3.10/site-packages/composition_interfaces/composition_interfaces_s__rosidl_typesupport_c.cpython-310-x86_64-linux-gnu.so" to ""
-- Installing: /workspace/foxy_ws/install/lib/libcomposition_interfaces__python.so
-- Set runtime path of "/workspace/foxy_ws/install/lib/libcomposition_interfaces__python.so" to ""
-- Installing: /workspace/foxy_ws/install/share/composition_interfaces/srv/LoadNode.idl
-- Installing: /workspace/foxy_ws/install/share/composition_interfaces/srv/ListNodes.idl
-- Installing: /workspace/foxy_ws/install/share/composition_interfaces/srv/UnloadNode.idl
-- Installing: /workspace/foxy_ws/install/share/composition_interfaces/srv/LoadNode.srv
-- Installing: /workspace/foxy_ws/install/share/composition_interfaces/srv/LoadNode_Request.msg
-- Installing: /workspace/foxy_ws/install/share/composition_interfaces/srv/LoadNode_Response.msg
-- Installing: /workspace/foxy_ws/install/share/composition_interfaces/srv/ListNodes.srv
-- Installing: /workspace/foxy_ws/install/share/composition_interfaces/srv/ListNodes_Request.msg
-- Installing: /workspace/foxy_ws/install/share/composition_interfaces/srv/ListNodes_Response.msg
-- Installing: /workspace/foxy_ws/install/share/composition_interfaces/srv/UnloadNode.srv
-- Installing: /workspace/foxy_ws/install/share/composition_interfaces/srv/UnloadNode_Request.msg
-- Installing: /workspace/foxy_ws/install/share/composition_interfaces/srv/UnloadNode_Response.msg
-- Installing: /workspace/foxy_ws/install/share/ament_index/resource_index/package_run_dependencies/composition_interfaces
-- Installing: /workspace/foxy_ws/install/share/ament_index/resource_index/parent_prefix_path/composition_interfaces
-- Installing: /workspace/foxy_ws/install/share/composition_interfaces/environment/ament_prefix_path.sh
-- Installing: /workspace/foxy_ws/install/share/composition_interfaces/environment/ament_prefix_path.dsv
-- Installing: /workspace/foxy_ws/install/share/composition_interfaces/environment/path.sh
-- Installing: /workspace/foxy_ws/install/share/composition_interfaces/environment/path.dsv
-- Installing: /workspace/foxy_ws/install/share/composition_interfaces/local_setup.bash
-- Installing: /workspace/foxy_ws/install/share/composition_interfaces/local_setup.sh
-- Installing: /workspace/foxy_ws/install/share/composition_interfaces/local_setup.zsh
-- Installing: /workspace/foxy_ws/install/share/composition_interfaces/local_setup.dsv
-- Installing: /workspace/foxy_ws/install/share/composition_interfaces/package.dsv
-- Installing: /workspace/foxy_ws/install/share/ament_index/resource_index/packages/composition_interfaces
-- Installing: /workspace/foxy_ws/install/share/composition_interfaces/cmake/composition_interfaces__rosidl_generator_cExport.cmake
-- Installing: /workspace/foxy_ws/install/share/composition_interfaces/cmake/composition_interfaces__rosidl_generator_cExport-noconfig.cmake
-- Installing: /workspace/foxy_ws/install/share/composition_interfaces/cmake/composition_interfaces__rosidl_typesupport_introspection_cExport.cmake
-- Installing: /workspace/foxy_ws/install/share/composition_interfaces/cmake/composition_interfaces__rosidl_typesupport_introspection_cExport-noconfig.cmake
-- Installing: /workspace/foxy_ws/install/share/composition_interfaces/cmake/composition_interfaces__rosidl_typesupport_cExport.cmake
-- Installing: /workspace/foxy_ws/install/share/composition_interfaces/cmake/composition_interfaces__rosidl_typesupport_cExport-noconfig.cmake
-- Installing: /workspace/foxy_ws/install/share/composition_interfaces/cmake/composition_interfaces__rosidl_generator_cppExport.cmake
-- Installing: /workspace/foxy_ws/install/share/composition_interfaces/cmake/composition_interfaces__rosidl_typesupport_introspection_cppExport.cmake
-- Installing: /workspace/foxy_ws/install/share/composition_interfaces/cmake/composition_interfaces__rosidl_typesupport_introspection_cppExport-noconfig.cmake
-- Installing: /workspace/foxy_ws/install/share/composition_interfaces/cmake/composition_interfaces__rosidl_typesupport_cppExport.cmake
-- Installing: /workspace/foxy_ws/install/share/composition_interfaces/cmake/composition_interfaces__rosidl_typesupport_cppExport-noconfig.cmake
-- Installing: /workspace/foxy_ws/install/share/composition_interfaces/cmake/rosidl_cmake-extras.cmake
-- Installing: /workspace/foxy_ws/install/share/composition_interfaces/cmake/ament_cmake_export_dependencies-extras.cmake
-- Installing: /workspace/foxy_ws/install/share/composition_interfaces/cmake/ament_cmake_export_libraries-extras.cmake
-- Installing: /workspace/foxy_ws/install/share/composition_interfaces/cmake/ament_cmake_export_targets-extras.cmake
-- Installing: /workspace/foxy_ws/install/share/composition_interfaces/cmake/ament_cmake_export_include_directories-extras.cmake
-- Installing: /workspace/foxy_ws/install/share/composition_interfaces/cmake/rosidl_cmake_export_typesupport_libraries-extras.cmake
-- Installing: /workspace/foxy_ws/install/share/composition_interfaces/cmake/rosidl_cmake_export_typesupport_targets-extras.cmake
-- Installing: /workspace/foxy_ws/install/share/composition_interfaces/cmake/composition_interfacesConfig.cmake
-- Installing: /workspace/foxy_ws/install/share/composition_interfaces/cmake/composition_interfacesConfig-version.cmake
-- Installing: /workspace/foxy_ws/install/share/composition_interfaces/package.xml
