[0.090s] Invoking command in '/workspace/foxy_ws/build/composition_interfaces': AMENT_PREFIX_PATH=/workspace/foxy_ws/install CMAKE_PREFIX_PATH=/workspace/foxy_ws/install LD_LIBRARY_PATH=/workspace/foxy_ws/install/lib PATH=/workspace/foxy_ws/install/bin:${PATH} PKG_CONFIG_PATH=/workspace/foxy_ws/install/lib/x86_64-linux-gnu/pkgconfig:/workspace/foxy_ws/install/lib/pkgconfig PYTHONPATH=/workspace/foxy_ws/install/lib/python3.10/site-packages /usr/bin/cmake /workspace/foxy_ws/src/rcl_interfaces/composition_interfaces -DCMAKE_INSTALL_PREFIX=/workspace/foxy_ws/install
[0.132s] -- The C compiler identification is GNU 9.4.0
[0.175s] -- The CXX compiler identification is GNU 9.4.0
[0.178s] -- Check for working C compiler: /usr/bin/cc
[0.228s] -- Check for working C compiler: /usr/bin/cc -- works
[0.229s] -- Detecting C compiler ABI info
[0.284s] -- Detecting C compiler ABI info - done
[0.293s] -- Detecting C compile features
[0.293s] -- Detecting C compile features - done
[0.295s] -- Check for working CXX compiler: /usr/bin/c++
[0.354s] -- Check for working CXX compiler: /usr/bin/c++ -- works
[0.355s] -- Detecting CXX compiler ABI info
[0.414s] -- Detecting CXX compiler ABI info - done
[0.428s] -- Detecting CXX compile features
[0.429s] -- Detecting CXX compile features - done
[0.431s] -- Found ament_cmake: 0.9.12 (/workspace/foxy_ws/install/share/ament_cmake/cmake)
[0.447s] -- Found PythonInterp: /usr/bin/python3 (found suitable version "3.10.14", minimum required is "3") 
[0.447s] -- Using PYTHON_EXECUTABLE: /usr/bin/python3
[0.594s] -- Found rosidl_default_generators: 1.0.1 (/workspace/foxy_ws/install/share/rosidl_default_generators/cmake)
[0.597s] -- Using all available rosidl_typesupport_c: rosidl_typesupport_fastrtps_c;rosidl_typesupport_introspection_c
[0.602s] -- Found rosidl_adapter: 1.3.1 (/workspace/foxy_ws/install/share/rosidl_adapter/cmake)
[0.633s] -- Found OpenSSL: /usr/lib/x86_64-linux-gnu/libcrypto.so (found version "1.1.1f")  
[0.650s] -- Found FastRTPS: /workspace/foxy_ws/install/include  
[0.699s] -- Using all available rosidl_typesupport_cpp: rosidl_typesupport_fastrtps_cpp;rosidl_typesupport_introspection_cpp
[0.719s] -- Found rcl_interfaces: 1.0.0 (/workspace/foxy_ws/install/share/rcl_interfaces/cmake)
[0.761s] -- Found PythonInterp: /usr/bin/python3 (found version "3.10.14") 
[0.913s] -- Found ament_cmake_cppcheck: 0.9.8 (/workspace/foxy_ws/install/share/ament_cmake_cppcheck/cmake)
[0.914s] -- Found ament_cmake_cpplint: 0.9.8 (/workspace/foxy_ws/install/share/ament_cmake_cpplint/cmake)
[0.915s] -- Found ament_cmake_uncrustify: 0.9.8 (/workspace/foxy_ws/install/share/ament_cmake_uncrustify/cmake)
[0.917s] -- Found ament_cmake_ros: 0.9.2 (/workspace/foxy_ws/install/share/ament_cmake_ros/cmake)
[1.050s] -- Using all available rosidl_typesupport_c: rosidl_typesupport_fastrtps_c;rosidl_typesupport_introspection_c
[1.087s] -- Using all available rosidl_typesupport_cpp: rosidl_typesupport_fastrtps_cpp;rosidl_typesupport_introspection_cpp
[1.105s] -- Found PythonInterp: /usr/bin/python3 (found suitable version "3.10.14", minimum required is "3.5") 
[1.106s] -- Found python_cmake_module: 0.8.1 (/workspace/foxy_ws/install/share/python_cmake_module/cmake)
[1.122s] -- Found PythonLibs: /usr/lib/x86_64-linux-gnu/libpython3.10.so (found suitable version "3.10.14", minimum required is "3.5") 
[1.123s] -- Using PYTHON_EXECUTABLE: /usr/bin/python3
[1.123s] -- Using PYTHON_INCLUDE_DIRS: /usr/include/python3.10
[1.123s] -- Using PYTHON_LIBRARIES: /usr/lib/x86_64-linux-gnu/libpython3.10.so
[1.136s] -- Found PythonExtra: .so  
[1.164s] <string>:1: DeprecationWarning: The distutils package is deprecated and slated for removal in Python 3.12. Use setuptools or check PEP 632 for potential alternatives
[1.165s] <string>:1: DeprecationWarning: The distutils.sysconfig module is deprecated, use sysconfig instead
[1.279s] -- Using numpy include directory: /usr/local/lib/python3.10/dist-packages/numpy/core/include
[1.288s] -- Found ament_cmake_flake8: 0.9.8 (/workspace/foxy_ws/install/share/ament_cmake_flake8/cmake)
[1.289s] -- Found ament_cmake_pep257: 0.9.8 (/workspace/foxy_ws/install/share/ament_cmake_pep257/cmake)
[1.298s] -- Configuring done
[1.343s] -- Generating done
[1.345s] -- Build files have been written to: /workspace/foxy_ws/build/composition_interfaces
[1.353s] Invoked command in '/workspace/foxy_ws/build/composition_interfaces' returned '0': AMENT_PREFIX_PATH=/workspace/foxy_ws/install CMAKE_PREFIX_PATH=/workspace/foxy_ws/install LD_LIBRARY_PATH=/workspace/foxy_ws/install/lib PATH=/workspace/foxy_ws/install/bin:${PATH} PKG_CONFIG_PATH=/workspace/foxy_ws/install/lib/x86_64-linux-gnu/pkgconfig:/workspace/foxy_ws/install/lib/pkgconfig PYTHONPATH=/workspace/foxy_ws/install/lib/python3.10/site-packages /usr/bin/cmake /workspace/foxy_ws/src/rcl_interfaces/composition_interfaces -DCMAKE_INSTALL_PREFIX=/workspace/foxy_ws/install
[1.354s] Invoking command in '/workspace/foxy_ws/build/composition_interfaces': AMENT_PREFIX_PATH=/workspace/foxy_ws/install CMAKE_PREFIX_PATH=/workspace/foxy_ws/install LD_LIBRARY_PATH=/workspace/foxy_ws/install/lib PATH=/workspace/foxy_ws/install/bin:${PATH} PKG_CONFIG_PATH=/workspace/foxy_ws/install/lib/x86_64-linux-gnu/pkgconfig:/workspace/foxy_ws/install/lib/pkgconfig PYTHONPATH=/workspace/foxy_ws/install/lib/python3.10/site-packages /usr/bin/cmake --build /workspace/foxy_ws/build/composition_interfaces -- -j12 -l12
[1.384s] [  2%] Generating C code for ROS interfaces
[2.076s] Scanning dependencies of target composition_interfaces__rosidl_generator_c
[2.084s] [  4%] Building C object CMakeFiles/composition_interfaces__rosidl_generator_c.dir/rosidl_generator_c/composition_interfaces/srv/detail/load_node__functions.c.o
[2.135s] [  6%] Building C object CMakeFiles/composition_interfaces__rosidl_generator_c.dir/rosidl_generator_c/composition_interfaces/srv/detail/unload_node__functions.c.o
[2.178s] [  8%] Building C object CMakeFiles/composition_interfaces__rosidl_generator_c.dir/rosidl_generator_c/composition_interfaces/srv/detail/list_nodes__functions.c.o
[2.222s] [ 10%] Linking C shared library libcomposition_interfaces__rosidl_generator_c.so
[2.254s] [ 10%] Built target composition_interfaces__rosidl_generator_c
[2.262s] Scanning dependencies of target composition_interfaces__cpp
[2.270s] [ 12%] Generating C++ code for ROS interfaces
[3.022s] [ 12%] Built target composition_interfaces__cpp
[3.030s] [ 14%] Generating C introspection for ROS interfaces
[3.617s] Scanning dependencies of target composition_interfaces__rosidl_typesupport_introspection_c
[3.627s] [ 19%] Building C object CMakeFiles/composition_interfaces__rosidl_typesupport_introspection_c.dir/rosidl_typesupport_introspection_c/composition_interfaces/srv/detail/load_node__type_support.c.o
[3.627s] [ 19%] Building C object CMakeFiles/composition_interfaces__rosidl_typesupport_introspection_c.dir/rosidl_typesupport_introspection_c/composition_interfaces/srv/detail/list_nodes__type_support.c.o
[3.667s] [ 21%] Building C object CMakeFiles/composition_interfaces__rosidl_typesupport_introspection_c.dir/rosidl_typesupport_introspection_c/composition_interfaces/srv/detail/unload_node__type_support.c.o
[3.703s] [ 23%] Linking C shared library libcomposition_interfaces__rosidl_typesupport_introspection_c.so
[3.731s] [ 23%] Built target composition_interfaces__rosidl_typesupport_introspection_c
[3.740s] [ 25%] Generating C++ type support dispatch for ROS interfaces
[4.298s] Scanning dependencies of target composition_interfaces__rosidl_typesupport_cpp
[4.309s] [ 27%] Building CXX object CMakeFiles/composition_interfaces__rosidl_typesupport_cpp.dir/rosidl_typesupport_cpp/composition_interfaces/srv/list_nodes__type_support.cpp.o
[4.309s] [ 29%] Building CXX object CMakeFiles/composition_interfaces__rosidl_typesupport_cpp.dir/rosidl_typesupport_cpp/composition_interfaces/srv/load_node__type_support.cpp.o
[4.600s] [ 31%] Building CXX object CMakeFiles/composition_interfaces__rosidl_typesupport_cpp.dir/rosidl_typesupport_cpp/composition_interfaces/srv/unload_node__type_support.cpp.o
[4.825s] [ 34%] Linking CXX shared library libcomposition_interfaces__rosidl_typesupport_cpp.so
[4.861s] [ 34%] Built target composition_interfaces__rosidl_typesupport_cpp
[4.868s] [ 36%] Generating C++ introspection for ROS interfaces
[5.438s] Scanning dependencies of target composition_interfaces__rosidl_typesupport_introspection_cpp
[5.447s] [ 38%] Building CXX object CMakeFiles/composition_interfaces__rosidl_typesupport_introspection_cpp.dir/rosidl_typesupport_introspection_cpp/composition_interfaces/srv/detail/list_nodes__type_support.cpp.o
[5.448s] [ 40%] Building CXX object CMakeFiles/composition_interfaces__rosidl_typesupport_introspection_cpp.dir/rosidl_typesupport_introspection_cpp/composition_interfaces/srv/detail/load_node__type_support.cpp.o
[5.776s] [ 42%] Building CXX object CMakeFiles/composition_interfaces__rosidl_typesupport_introspection_cpp.dir/rosidl_typesupport_introspection_cpp/composition_interfaces/srv/detail/unload_node__type_support.cpp.o
[6.015s] [ 44%] Linking CXX shared library libcomposition_interfaces__rosidl_typesupport_introspection_cpp.so
[6.081s] [ 44%] Built target composition_interfaces__rosidl_typesupport_introspection_cpp
[6.092s] [ 46%] Generating C++ type support for eProsima Fast-RTPS
[6.769s] Scanning dependencies of target composition_interfaces__rosidl_typesupport_fastrtps_cpp
[6.781s] [ 51%] Building CXX object CMakeFiles/composition_interfaces__rosidl_typesupport_fastrtps_cpp.dir/rosidl_typesupport_fastrtps_cpp/composition_interfaces/srv/detail/dds_fastrtps/load_node__type_support.cpp.o
[6.781s] [ 51%] Building CXX object CMakeFiles/composition_interfaces__rosidl_typesupport_fastrtps_cpp.dir/rosidl_typesupport_fastrtps_cpp/composition_interfaces/srv/detail/dds_fastrtps/list_nodes__type_support.cpp.o
[7.321s] [ 53%] Building CXX object CMakeFiles/composition_interfaces__rosidl_typesupport_fastrtps_cpp.dir/rosidl_typesupport_fastrtps_cpp/composition_interfaces/srv/detail/dds_fastrtps/unload_node__type_support.cpp.o
[7.680s] [ 55%] Linking CXX shared library libcomposition_interfaces__rosidl_typesupport_fastrtps_cpp.so
[7.769s] [ 55%] Built target composition_interfaces__rosidl_typesupport_fastrtps_cpp
[7.780s] [ 59%] Generating C type support dispatch for ROS interfaces
[7.780s] [ 59%] Generating C type support for eProsima Fast-RTPS
[8.482s] Scanning dependencies of target composition_interfaces__rosidl_typesupport_c
[8.492s] [ 61%] Building CXX object CMakeFiles/composition_interfaces__rosidl_typesupport_c.dir/rosidl_typesupport_c/composition_interfaces/srv/unload_node__type_support.cpp.o
[8.492s] [ 63%] Building CXX object CMakeFiles/composition_interfaces__rosidl_typesupport_c.dir/rosidl_typesupport_c/composition_interfaces/srv/load_node__type_support.cpp.o
[8.492s] [ 65%] Building CXX object CMakeFiles/composition_interfaces__rosidl_typesupport_c.dir/rosidl_typesupport_c/composition_interfaces/srv/list_nodes__type_support.cpp.o
[8.524s] [ 68%] Linking CXX shared library libcomposition_interfaces__rosidl_typesupport_c.so
[8.562s] [ 68%] Built target composition_interfaces__rosidl_typesupport_c
[8.588s] Scanning dependencies of target composition_interfaces__rosidl_typesupport_fastrtps_c
[8.597s] [ 72%] Building CXX object CMakeFiles/composition_interfaces__rosidl_typesupport_fastrtps_c.dir/rosidl_typesupport_fastrtps_c/composition_interfaces/srv/detail/unload_node__type_support_c.cpp.o
[8.597s] [ 72%] Building CXX object CMakeFiles/composition_interfaces__rosidl_typesupport_fastrtps_c.dir/rosidl_typesupport_fastrtps_c/composition_interfaces/srv/detail/load_node__type_support_c.cpp.o
[8.598s] [ 74%] Building CXX object CMakeFiles/composition_interfaces__rosidl_typesupport_fastrtps_c.dir/rosidl_typesupport_fastrtps_c/composition_interfaces/srv/detail/list_nodes__type_support_c.cpp.o
[8.997s] [ 76%] Linking CXX shared library libcomposition_interfaces__rosidl_typesupport_fastrtps_c.so
[9.065s] [ 76%] Built target composition_interfaces__rosidl_typesupport_fastrtps_c
[9.074s] Scanning dependencies of target composition_interfaces
[9.082s] [ 76%] Built target composition_interfaces
[9.091s] Scanning dependencies of target composition_interfaces__py
[9.100s] [ 78%] Generating Python code for ROS interfaces
[10.496s] [ 78%] Built target composition_interfaces__py
[10.521s] Scanning dependencies of target composition_interfaces__python
[10.535s] [ 85%] Building C object CMakeFiles/composition_interfaces__python.dir/rosidl_generator_py/composition_interfaces/srv/_list_nodes_s.c.o
[10.535s] [ 85%] Building C object CMakeFiles/composition_interfaces__python.dir/rosidl_generator_py/composition_interfaces/srv/_unload_node_s.c.o
[10.536s] [ 85%] Building C object CMakeFiles/composition_interfaces__python.dir/rosidl_generator_py/composition_interfaces/srv/_load_node_s.c.o
[10.701s] [ 87%] Linking C shared library rosidl_generator_py/composition_interfaces/libcomposition_interfaces__python.so
[10.751s] [ 87%] Built target composition_interfaces__python
[10.766s] Scanning dependencies of target composition_interfaces__rosidl_typesupport_introspection_c__pyext
[10.770s] Scanning dependencies of target composition_interfaces__rosidl_typesupport_c__pyext
[10.775s] Scanning dependencies of target composition_interfaces__rosidl_typesupport_fastrtps_c__pyext
[10.777s] [ 89%] Building C object CMakeFiles/composition_interfaces__rosidl_typesupport_introspection_c__pyext.dir/rosidl_generator_py/composition_interfaces/_composition_interfaces_s.ep.rosidl_typesupport_introspection_c.c.o
[10.786s] [ 91%] Building C object CMakeFiles/composition_interfaces__rosidl_typesupport_c__pyext.dir/rosidl_generator_py/composition_interfaces/_composition_interfaces_s.ep.rosidl_typesupport_c.c.o
[10.789s] [ 93%] Building C object CMakeFiles/composition_interfaces__rosidl_typesupport_fastrtps_c__pyext.dir/rosidl_generator_py/composition_interfaces/_composition_interfaces_s.ep.rosidl_typesupport_fastrtps_c.c.o
[10.893s] [ 95%] Linking C shared library rosidl_generator_py/composition_interfaces/composition_interfaces_s__rosidl_typesupport_introspection_c.cpython-310-x86_64-linux-gnu.so
[10.914s] [ 97%] Linking CXX shared library rosidl_generator_py/composition_interfaces/composition_interfaces_s__rosidl_typesupport_fastrtps_c.cpython-310-x86_64-linux-gnu.so
[10.923s] [100%] Linking C shared library rosidl_generator_py/composition_interfaces/composition_interfaces_s__rosidl_typesupport_c.cpython-310-x86_64-linux-gnu.so
[10.933s] [100%] Built target composition_interfaces__rosidl_typesupport_introspection_c__pyext
[10.960s] [100%] Built target composition_interfaces__rosidl_typesupport_c__pyext
[10.974s] [100%] Built target composition_interfaces__rosidl_typesupport_fastrtps_c__pyext
[10.984s] Invoked command in '/workspace/foxy_ws/build/composition_interfaces' returned '0': AMENT_PREFIX_PATH=/workspace/foxy_ws/install CMAKE_PREFIX_PATH=/workspace/foxy_ws/install LD_LIBRARY_PATH=/workspace/foxy_ws/install/lib PATH=/workspace/foxy_ws/install/bin:${PATH} PKG_CONFIG_PATH=/workspace/foxy_ws/install/lib/x86_64-linux-gnu/pkgconfig:/workspace/foxy_ws/install/lib/pkgconfig PYTHONPATH=/workspace/foxy_ws/install/lib/python3.10/site-packages /usr/bin/cmake --build /workspace/foxy_ws/build/composition_interfaces -- -j12 -l12
[11.027s] Invoking command in '/workspace/foxy_ws/build/composition_interfaces': AMENT_PREFIX_PATH=/workspace/foxy_ws/install CMAKE_PREFIX_PATH=/workspace/foxy_ws/install LD_LIBRARY_PATH=/workspace/foxy_ws/install/lib PATH=/workspace/foxy_ws/install/bin:${PATH} PKG_CONFIG_PATH=/workspace/foxy_ws/install/lib/x86_64-linux-gnu/pkgconfig:/workspace/foxy_ws/install/lib/pkgconfig PYTHONPATH=/workspace/foxy_ws/install/lib/python3.10/site-packages /usr/bin/cmake --install /workspace/foxy_ws/build/composition_interfaces
[11.035s] -- Install configuration: ""
[11.035s] -- Installing: /workspace/foxy_ws/install/share/ament_index/resource_index/rosidl_interfaces/composition_interfaces
[11.035s] -- Installing: /workspace/foxy_ws/install/include/composition_interfaces
[11.035s] -- Installing: /workspace/foxy_ws/install/include/composition_interfaces/msg
[11.035s] -- Installing: /workspace/foxy_ws/install/include/composition_interfaces/msg/rosidl_generator_c__visibility_control.h
[11.035s] -- Installing: /workspace/foxy_ws/install/include/composition_interfaces/srv
[11.035s] -- Installing: /workspace/foxy_ws/install/include/composition_interfaces/srv/load_node.h
[11.036s] -- Installing: /workspace/foxy_ws/install/include/composition_interfaces/srv/list_nodes.h
[11.036s] -- Installing: /workspace/foxy_ws/install/include/composition_interfaces/srv/unload_node.h
[11.036s] -- Installing: /workspace/foxy_ws/install/include/composition_interfaces/srv/detail
[11.036s] -- Installing: /workspace/foxy_ws/install/include/composition_interfaces/srv/detail/unload_node__functions.c
[11.036s] -- Installing: /workspace/foxy_ws/install/include/composition_interfaces/srv/detail/list_nodes__type_support.h
[11.036s] -- Installing: /workspace/foxy_ws/install/include/composition_interfaces/srv/detail/unload_node__struct.h
[11.036s] -- Installing: /workspace/foxy_ws/install/include/composition_interfaces/srv/detail/unload_node__type_support.h
[11.036s] -- Installing: /workspace/foxy_ws/install/include/composition_interfaces/srv/detail/load_node__type_support.h
[11.037s] -- Installing: /workspace/foxy_ws/install/include/composition_interfaces/srv/detail/list_nodes__functions.c
[11.037s] -- Installing: /workspace/foxy_ws/install/include/composition_interfaces/srv/detail/load_node__functions.c
[11.039s] -- Installing: /workspace/foxy_ws/install/include/composition_interfaces/srv/detail/list_nodes__functions.h
[11.039s] -- Installing: /workspace/foxy_ws/install/include/composition_interfaces/srv/detail/load_node__struct.h
[11.039s] -- Installing: /workspace/foxy_ws/install/include/composition_interfaces/srv/detail/unload_node__functions.h
[11.039s] -- Installing: /workspace/foxy_ws/install/include/composition_interfaces/srv/detail/load_node__functions.h
[11.039s] -- Installing: /workspace/foxy_ws/install/include/composition_interfaces/srv/detail/list_nodes__struct.h
[11.039s] -- Installing: /workspace/foxy_ws/install/share/composition_interfaces/environment/library_path.sh
[11.039s] -- Installing: /workspace/foxy_ws/install/share/composition_interfaces/environment/library_path.dsv
[11.040s] -- Installing: /workspace/foxy_ws/install/lib/libcomposition_interfaces__rosidl_generator_c.so
[11.040s] -- Set runtime path of "/workspace/foxy_ws/install/lib/libcomposition_interfaces__rosidl_generator_c.so" to ""
[11.040s] -- Up-to-date: /workspace/foxy_ws/install/include/composition_interfaces
[11.040s] -- Up-to-date: /workspace/foxy_ws/install/include/composition_interfaces/msg
[11.040s] -- Installing: /workspace/foxy_ws/install/include/composition_interfaces/msg/rosidl_typesupport_fastrtps_c__visibility_control.h
[11.040s] -- Up-to-date: /workspace/foxy_ws/install/include/composition_interfaces/srv
[11.041s] -- Up-to-date: /workspace/foxy_ws/install/include/composition_interfaces/srv/detail
[11.041s] -- Installing: /workspace/foxy_ws/install/include/composition_interfaces/srv/detail/load_node__rosidl_typesupport_fastrtps_c.h
[11.041s] -- Installing: /workspace/foxy_ws/install/include/composition_interfaces/srv/detail/list_nodes__rosidl_typesupport_fastrtps_c.h
[11.041s] -- Installing: /workspace/foxy_ws/install/include/composition_interfaces/srv/detail/unload_node__rosidl_typesupport_fastrtps_c.h
[11.041s] -- Installing: /workspace/foxy_ws/install/lib/libcomposition_interfaces__rosidl_typesupport_fastrtps_c.so
[11.041s] -- Set runtime path of "/workspace/foxy_ws/install/lib/libcomposition_interfaces__rosidl_typesupport_fastrtps_c.so" to ""
[11.042s] -- Up-to-date: /workspace/foxy_ws/install/include/composition_interfaces
[11.042s] -- Up-to-date: /workspace/foxy_ws/install/include/composition_interfaces/msg
[11.042s] -- Installing: /workspace/foxy_ws/install/include/composition_interfaces/msg/rosidl_typesupport_fastrtps_cpp__visibility_control.h
[11.042s] -- Up-to-date: /workspace/foxy_ws/install/include/composition_interfaces/srv
[11.042s] -- Up-to-date: /workspace/foxy_ws/install/include/composition_interfaces/srv/detail
[11.042s] -- Installing: /workspace/foxy_ws/install/include/composition_interfaces/srv/detail/list_nodes__rosidl_typesupport_fastrtps_cpp.hpp
[11.042s] -- Installing: /workspace/foxy_ws/install/include/composition_interfaces/srv/detail/dds_fastrtps
[11.042s] -- Installing: /workspace/foxy_ws/install/include/composition_interfaces/srv/detail/load_node__rosidl_typesupport_fastrtps_cpp.hpp
[11.043s] -- Installing: /workspace/foxy_ws/install/include/composition_interfaces/srv/detail/unload_node__rosidl_typesupport_fastrtps_cpp.hpp
[11.043s] -- Installing: /workspace/foxy_ws/install/lib/libcomposition_interfaces__rosidl_typesupport_fastrtps_cpp.so
[11.043s] -- Set runtime path of "/workspace/foxy_ws/install/lib/libcomposition_interfaces__rosidl_typesupport_fastrtps_cpp.so" to ""
[11.043s] -- Up-to-date: /workspace/foxy_ws/install/include/composition_interfaces
[11.044s] -- Up-to-date: /workspace/foxy_ws/install/include/composition_interfaces/msg
[11.044s] -- Installing: /workspace/foxy_ws/install/include/composition_interfaces/msg/rosidl_typesupport_introspection_c__visibility_control.h
[11.044s] -- Up-to-date: /workspace/foxy_ws/install/include/composition_interfaces/srv
[11.044s] -- Up-to-date: /workspace/foxy_ws/install/include/composition_interfaces/srv/detail
[11.044s] -- Installing: /workspace/foxy_ws/install/include/composition_interfaces/srv/detail/unload_node__rosidl_typesupport_introspection_c.h
[11.044s] -- Installing: /workspace/foxy_ws/install/include/composition_interfaces/srv/detail/load_node__rosidl_typesupport_introspection_c.h
[11.044s] -- Installing: /workspace/foxy_ws/install/include/composition_interfaces/srv/detail/list_nodes__rosidl_typesupport_introspection_c.h
[11.044s] -- Installing: /workspace/foxy_ws/install/include/composition_interfaces/srv/detail/unload_node__type_support.c
[11.045s] -- Installing: /workspace/foxy_ws/install/include/composition_interfaces/srv/detail/list_nodes__type_support.c
[11.045s] -- Installing: /workspace/foxy_ws/install/include/composition_interfaces/srv/detail/load_node__type_support.c
[11.045s] -- Installing: /workspace/foxy_ws/install/lib/libcomposition_interfaces__rosidl_typesupport_introspection_c.so
[11.045s] -- Set runtime path of "/workspace/foxy_ws/install/lib/libcomposition_interfaces__rosidl_typesupport_introspection_c.so" to ""
[11.046s] -- Installing: /workspace/foxy_ws/install/lib/libcomposition_interfaces__rosidl_typesupport_c.so
[11.046s] -- Set runtime path of "/workspace/foxy_ws/install/lib/libcomposition_interfaces__rosidl_typesupport_c.so" to ""
[11.046s] -- Up-to-date: /workspace/foxy_ws/install/include/composition_interfaces
[11.046s] -- Up-to-date: /workspace/foxy_ws/install/include/composition_interfaces/msg
[11.046s] -- Installing: /workspace/foxy_ws/install/include/composition_interfaces/msg/rosidl_generator_cpp__visibility_control.hpp
[11.046s] -- Up-to-date: /workspace/foxy_ws/install/include/composition_interfaces/srv
[11.047s] -- Installing: /workspace/foxy_ws/install/include/composition_interfaces/srv/load_node.hpp
[11.047s] -- Installing: /workspace/foxy_ws/install/include/composition_interfaces/srv/list_nodes.hpp
[11.047s] -- Installing: /workspace/foxy_ws/install/include/composition_interfaces/srv/unload_node.hpp
[11.047s] -- Up-to-date: /workspace/foxy_ws/install/include/composition_interfaces/srv/detail
[11.047s] -- Installing: /workspace/foxy_ws/install/include/composition_interfaces/srv/detail/load_node__type_support.hpp
[11.048s] -- Installing: /workspace/foxy_ws/install/include/composition_interfaces/srv/detail/load_node__struct.hpp
[11.048s] -- Installing: /workspace/foxy_ws/install/include/composition_interfaces/srv/detail/list_nodes__type_support.hpp
[11.048s] -- Installing: /workspace/foxy_ws/install/include/composition_interfaces/srv/detail/unload_node__traits.hpp
[11.048s] -- Installing: /workspace/foxy_ws/install/include/composition_interfaces/srv/detail/unload_node__type_support.hpp
[11.048s] -- Installing: /workspace/foxy_ws/install/include/composition_interfaces/srv/detail/load_node__builder.hpp
[11.048s] -- Installing: /workspace/foxy_ws/install/include/composition_interfaces/srv/detail/unload_node__builder.hpp
[11.048s] -- Installing: /workspace/foxy_ws/install/include/composition_interfaces/srv/detail/unload_node__struct.hpp
[11.049s] -- Installing: /workspace/foxy_ws/install/include/composition_interfaces/srv/detail/load_node__traits.hpp
[11.049s] -- Installing: /workspace/foxy_ws/install/include/composition_interfaces/srv/detail/list_nodes__struct.hpp
[11.049s] -- Installing: /workspace/foxy_ws/install/include/composition_interfaces/srv/detail/list_nodes__traits.hpp
[11.049s] -- Installing: /workspace/foxy_ws/install/include/composition_interfaces/srv/detail/list_nodes__builder.hpp
[11.049s] -- Up-to-date: /workspace/foxy_ws/install/include/composition_interfaces
[11.049s] -- Up-to-date: /workspace/foxy_ws/install/include/composition_interfaces/srv
[11.049s] -- Up-to-date: /workspace/foxy_ws/install/include/composition_interfaces/srv/detail
[11.050s] -- Installing: /workspace/foxy_ws/install/include/composition_interfaces/srv/detail/unload_node__type_support.cpp
[11.050s] -- Installing: /workspace/foxy_ws/install/include/composition_interfaces/srv/detail/list_nodes__type_support.cpp
[11.050s] -- Installing: /workspace/foxy_ws/install/include/composition_interfaces/srv/detail/unload_node__rosidl_typesupport_introspection_cpp.hpp
[11.050s] -- Installing: /workspace/foxy_ws/install/include/composition_interfaces/srv/detail/load_node__type_support.cpp
[11.050s] -- Installing: /workspace/foxy_ws/install/include/composition_interfaces/srv/detail/load_node__rosidl_typesupport_introspection_cpp.hpp
[11.050s] -- Installing: /workspace/foxy_ws/install/include/composition_interfaces/srv/detail/list_nodes__rosidl_typesupport_introspection_cpp.hpp
[11.050s] -- Installing: /workspace/foxy_ws/install/lib/libcomposition_interfaces__rosidl_typesupport_introspection_cpp.so
[11.050s] -- Set runtime path of "/workspace/foxy_ws/install/lib/libcomposition_interfaces__rosidl_typesupport_introspection_cpp.so" to ""
[11.051s] -- Installing: /workspace/foxy_ws/install/lib/libcomposition_interfaces__rosidl_typesupport_cpp.so
[11.051s] -- Set runtime path of "/workspace/foxy_ws/install/lib/libcomposition_interfaces__rosidl_typesupport_cpp.so" to ""
[11.051s] -- Installing: /workspace/foxy_ws/install/share/composition_interfaces/environment/pythonpath.sh
[11.051s] -- Installing: /workspace/foxy_ws/install/share/composition_interfaces/environment/pythonpath.dsv
[11.051s] -- Installing: /workspace/foxy_ws/install/lib/python3.10/site-packages/composition_interfaces/__init__.py
[11.083s] Compiling '/workspace/foxy_ws/install/lib/python3.10/site-packages/composition_interfaces/__init__.py'...
[11.090s] -- Installing: /workspace/foxy_ws/install/lib/python3.10/site-packages/composition_interfaces/srv
[11.090s] -- Installing: /workspace/foxy_ws/install/lib/python3.10/site-packages/composition_interfaces/srv/_unload_node_s.c
[11.090s] -- Installing: /workspace/foxy_ws/install/lib/python3.10/site-packages/composition_interfaces/srv/_unload_node.py
[11.090s] -- Installing: /workspace/foxy_ws/install/lib/python3.10/site-packages/composition_interfaces/srv/_load_node.py
[11.097s] -- Installing: /workspace/foxy_ws/install/lib/python3.10/site-packages/composition_interfaces/srv/_list_nodes_s.c
[11.097s] -- Installing: /workspace/foxy_ws/install/lib/python3.10/site-packages/composition_interfaces/srv/__init__.py
[11.098s] -- Installing: /workspace/foxy_ws/install/lib/python3.10/site-packages/composition_interfaces/srv/_list_nodes.py
[11.098s] -- Installing: /workspace/foxy_ws/install/lib/python3.10/site-packages/composition_interfaces/srv/_load_node_s.c
[11.098s] -- Installing: /workspace/foxy_ws/install/lib/python3.10/site-packages/composition_interfaces/composition_interfaces_s__rosidl_typesupport_fastrtps_c.cpython-310-x86_64-linux-gnu.so
[11.098s] -- Set runtime path of "/workspace/foxy_ws/install/lib/python3.10/site-packages/composition_interfaces/composition_interfaces_s__rosidl_typesupport_fastrtps_c.cpython-310-x86_64-linux-gnu.so" to ""
[11.098s] -- Installing: /workspace/foxy_ws/install/lib/python3.10/site-packages/composition_interfaces/composition_interfaces_s__rosidl_typesupport_introspection_c.cpython-310-x86_64-linux-gnu.so
[11.098s] -- Set runtime path of "/workspace/foxy_ws/install/lib/python3.10/site-packages/composition_interfaces/composition_interfaces_s__rosidl_typesupport_introspection_c.cpython-310-x86_64-linux-gnu.so" to ""
[11.098s] -- Installing: /workspace/foxy_ws/install/lib/python3.10/site-packages/composition_interfaces/composition_interfaces_s__rosidl_typesupport_c.cpython-310-x86_64-linux-gnu.so
[11.098s] -- Set runtime path of "/workspace/foxy_ws/install/lib/python3.10/site-packages/composition_interfaces/composition_interfaces_s__rosidl_typesupport_c.cpython-310-x86_64-linux-gnu.so" to ""
[11.099s] -- Installing: /workspace/foxy_ws/install/lib/libcomposition_interfaces__python.so
[11.099s] -- Set runtime path of "/workspace/foxy_ws/install/lib/libcomposition_interfaces__python.so" to ""
[11.099s] -- Installing: /workspace/foxy_ws/install/share/composition_interfaces/srv/LoadNode.idl
[11.099s] -- Installing: /workspace/foxy_ws/install/share/composition_interfaces/srv/ListNodes.idl
[11.099s] -- Installing: /workspace/foxy_ws/install/share/composition_interfaces/srv/UnloadNode.idl
[11.099s] -- Installing: /workspace/foxy_ws/install/share/composition_interfaces/srv/LoadNode.srv
[11.099s] -- Installing: /workspace/foxy_ws/install/share/composition_interfaces/srv/LoadNode_Request.msg
[11.099s] -- Installing: /workspace/foxy_ws/install/share/composition_interfaces/srv/LoadNode_Response.msg
[11.100s] -- Installing: /workspace/foxy_ws/install/share/composition_interfaces/srv/ListNodes.srv
[11.100s] -- Installing: /workspace/foxy_ws/install/share/composition_interfaces/srv/ListNodes_Request.msg
[11.100s] -- Installing: /workspace/foxy_ws/install/share/composition_interfaces/srv/ListNodes_Response.msg
[11.100s] -- Installing: /workspace/foxy_ws/install/share/composition_interfaces/srv/UnloadNode.srv
[11.100s] -- Installing: /workspace/foxy_ws/install/share/composition_interfaces/srv/UnloadNode_Request.msg
[11.100s] -- Installing: /workspace/foxy_ws/install/share/composition_interfaces/srv/UnloadNode_Response.msg
[11.100s] -- Installing: /workspace/foxy_ws/install/share/ament_index/resource_index/package_run_dependencies/composition_interfaces
[11.100s] -- Installing: /workspace/foxy_ws/install/share/ament_index/resource_index/parent_prefix_path/composition_interfaces
[11.101s] -- Installing: /workspace/foxy_ws/install/share/composition_interfaces/environment/ament_prefix_path.sh
[11.101s] -- Installing: /workspace/foxy_ws/install/share/composition_interfaces/environment/ament_prefix_path.dsv
[11.101s] -- Installing: /workspace/foxy_ws/install/share/composition_interfaces/environment/path.sh
[11.101s] -- Installing: /workspace/foxy_ws/install/share/composition_interfaces/environment/path.dsv
[11.101s] -- Installing: /workspace/foxy_ws/install/share/composition_interfaces/local_setup.bash
[11.101s] -- Installing: /workspace/foxy_ws/install/share/composition_interfaces/local_setup.sh
[11.101s] -- Installing: /workspace/foxy_ws/install/share/composition_interfaces/local_setup.zsh
[11.101s] -- Installing: /workspace/foxy_ws/install/share/composition_interfaces/local_setup.dsv
[11.102s] -- Installing: /workspace/foxy_ws/install/share/composition_interfaces/package.dsv
[11.102s] -- Installing: /workspace/foxy_ws/install/share/ament_index/resource_index/packages/composition_interfaces
[11.102s] -- Installing: /workspace/foxy_ws/install/share/composition_interfaces/cmake/composition_interfaces__rosidl_generator_cExport.cmake
[11.102s] -- Installing: /workspace/foxy_ws/install/share/composition_interfaces/cmake/composition_interfaces__rosidl_generator_cExport-noconfig.cmake
[11.102s] -- Installing: /workspace/foxy_ws/install/share/composition_interfaces/cmake/composition_interfaces__rosidl_typesupport_introspection_cExport.cmake
[11.102s] -- Installing: /workspace/foxy_ws/install/share/composition_interfaces/cmake/composition_interfaces__rosidl_typesupport_introspection_cExport-noconfig.cmake
[11.102s] -- Installing: /workspace/foxy_ws/install/share/composition_interfaces/cmake/composition_interfaces__rosidl_typesupport_cExport.cmake
[11.102s] -- Installing: /workspace/foxy_ws/install/share/composition_interfaces/cmake/composition_interfaces__rosidl_typesupport_cExport-noconfig.cmake
[11.102s] -- Installing: /workspace/foxy_ws/install/share/composition_interfaces/cmake/composition_interfaces__rosidl_generator_cppExport.cmake
[11.102s] -- Installing: /workspace/foxy_ws/install/share/composition_interfaces/cmake/composition_interfaces__rosidl_typesupport_introspection_cppExport.cmake
[11.102s] -- Installing: /workspace/foxy_ws/install/share/composition_interfaces/cmake/composition_interfaces__rosidl_typesupport_introspection_cppExport-noconfig.cmake
[11.103s] -- Installing: /workspace/foxy_ws/install/share/composition_interfaces/cmake/composition_interfaces__rosidl_typesupport_cppExport.cmake
[11.103s] -- Installing: /workspace/foxy_ws/install/share/composition_interfaces/cmake/composition_interfaces__rosidl_typesupport_cppExport-noconfig.cmake
[11.103s] -- Installing: /workspace/foxy_ws/install/share/composition_interfaces/cmake/rosidl_cmake-extras.cmake
[11.103s] -- Installing: /workspace/foxy_ws/install/share/composition_interfaces/cmake/ament_cmake_export_dependencies-extras.cmake
[11.103s] -- Installing: /workspace/foxy_ws/install/share/composition_interfaces/cmake/ament_cmake_export_libraries-extras.cmake
[11.103s] -- Installing: /workspace/foxy_ws/install/share/composition_interfaces/cmake/ament_cmake_export_targets-extras.cmake
[11.103s] -- Installing: /workspace/foxy_ws/install/share/composition_interfaces/cmake/ament_cmake_export_include_directories-extras.cmake
[11.104s] -- Installing: /workspace/foxy_ws/install/share/composition_interfaces/cmake/rosidl_cmake_export_typesupport_libraries-extras.cmake
[11.104s] -- Installing: /workspace/foxy_ws/install/share/composition_interfaces/cmake/rosidl_cmake_export_typesupport_targets-extras.cmake
[11.104s] -- Installing: /workspace/foxy_ws/install/share/composition_interfaces/cmake/composition_interfacesConfig.cmake
[11.104s] -- Installing: /workspace/foxy_ws/install/share/composition_interfaces/cmake/composition_interfacesConfig-version.cmake
[11.104s] -- Installing: /workspace/foxy_ws/install/share/composition_interfaces/package.xml
[11.107s] Invoked command in '/workspace/foxy_ws/build/composition_interfaces' returned '0': AMENT_PREFIX_PATH=/workspace/foxy_ws/install CMAKE_PREFIX_PATH=/workspace/foxy_ws/install LD_LIBRARY_PATH=/workspace/foxy_ws/install/lib PATH=/workspace/foxy_ws/install/bin:${PATH} PKG_CONFIG_PATH=/workspace/foxy_ws/install/lib/x86_64-linux-gnu/pkgconfig:/workspace/foxy_ws/install/lib/pkgconfig PYTHONPATH=/workspace/foxy_ws/install/lib/python3.10/site-packages /usr/bin/cmake --install /workspace/foxy_ws/build/composition_interfaces
