-- The C compiler identification is GNU 9.4.0
-- The CXX compiler identification is GNU 9.4.0
-- Check for working C compiler: /usr/bin/cc
-- Check for working C compiler: /usr/bin/cc -- works
-- Detecting C compiler ABI info
-- Detecting C compiler ABI info - done
-- Detecting C compile features
-- Detecting C compile features - done
-- Check for working CXX compiler: /usr/bin/c++
-- Check for working CXX compiler: /usr/bin/c++ -- works
-- Detecting CXX compiler ABI info
-- Detecting CXX compiler ABI info - done
-- Detecting CXX compile features
-- Detecting CXX compile features - done
-- Found ament_cmake: 0.9.12 (/workspace/foxy_ws/install/share/ament_cmake/cmake)
-- Found PythonInterp: /usr/bin/python3 (found suitable version "3.10.14", minimum required is "3") 
-- Using PYTHON_EXECUTABLE: /usr/bin/python3
-- Found ament_lint_auto: 0.9.8 (/workspace/foxy_ws/install/share/ament_lint_auto/cmake)
-- Found gtest sources under '/workspace/foxy_ws/install/src/gtest_vendor': C++ tests using 'Google Test' will be built
-- Looking for pthread.h
-- Looking for pthread.h - found
-- Performing Test CMAKE_HAVE_LIBC_PTHREAD
-- Performing Test CMAKE_HAVE_LIBC_PTHREAD - Failed
-- Check if compiler accepts -pthread
-- Check if compiler accepts -pthread - yes
-- Found Threads: TRUE  
-- Performance tests are disabled by default, so Google Benchmark tests will be skipped. To enable these tests, set the CMake variable 'AMENT_RUN_PERFORMANCE_TESTS'.
-- Added test 'copyright' to check source files copyright and LICENSE
-- Added test 'cppcheck' to perform static code analysis on C / C++ code
-- Configured cppcheck include dirs: /workspace/foxy_ws/install/include
-- Configured cppcheck exclude dirs and/or files: 
-- Added test 'cpplint' to check C / C++ code against the Google style
-- Configured cpplint exclude dirs and/or files: 
-- Added test 'lint_cmake' to check CMake code style
-- Added test 'uncrustify' to check C / C++ code style
-- Configured uncrustify additional arguments: 
-- Added test 'xmllint' to check XML markup files
-- Configuring done
-- Generating done
-- Build files have been written to: /workspace/foxy_ws/build/libyaml_vendor
Scanning dependencies of target libyaml-10c9078
[  6%] Creating directories for 'libyaml-10c9078'
[ 12%] Performing download step (download, verify and extract) for 'libyaml-10c9078'
-- Downloading...
   dst='/workspace/foxy_ws/build/libyaml_vendor/libyaml-10c9078-prefix/src/10c907871f1ccd779c7fccf6b81a62762b5c4e7b.zip'
   timeout='60 seconds'
-- Using src='https://github.com/yaml/libyaml/archive/10c907871f1ccd779c7fccf6b81a62762b5c4e7b.zip'
-- verifying file...
       file='/workspace/foxy_ws/build/libyaml_vendor/libyaml-10c9078-prefix/src/10c907871f1ccd779c7fccf6b81a62762b5c4e7b.zip'
-- Downloading... done
-- extracting...
     src='/workspace/foxy_ws/build/libyaml_vendor/libyaml-10c9078-prefix/src/10c907871f1ccd779c7fccf6b81a62762b5c4e7b.zip'
     dst='/workspace/foxy_ws/build/libyaml_vendor/libyaml-10c9078-prefix/src/libyaml-10c9078'
-- extracting... [tar xfz]
-- extracting... [analysis]
-- extracting... [rename]
-- extracting... [clean up]
-- extracting... done
[ 18%] No patch step for 'libyaml-10c9078'
[ 25%] No update step for 'libyaml-10c9078'
[ 31%] Performing configure step for 'libyaml-10c9078'
-- The C compiler identification is GNU 9.4.0
-- Check for working C compiler: /usr/bin/cc
-- Check for working C compiler: /usr/bin/cc -- works
-- Detecting C compiler ABI info
-- Detecting C compiler ABI info - done
-- Detecting C compile features
-- Detecting C compile features - done
-- Configuring done
-- Generating done
-- Build files have been written to: /workspace/foxy_ws/build/libyaml_vendor/libyaml-10c9078-prefix/src/libyaml-10c9078-build
[ 37%] Performing build step for 'libyaml-10c9078'
Scanning dependencies of target yaml
[ 11%] Building C object CMakeFiles/yaml.dir/src/api.c.o
[ 22%] Building C object CMakeFiles/yaml.dir/src/writer.c.o
[ 33%] Building C object CMakeFiles/yaml.dir/src/scanner.c.o
[ 44%] Building C object CMakeFiles/yaml.dir/src/reader.c.o
[ 55%] Building C object CMakeFiles/yaml.dir/src/parser.c.o
[ 66%] Building C object CMakeFiles/yaml.dir/src/loader.c.o
[ 77%] Building C object CMakeFiles/yaml.dir/src/emitter.c.o
[ 88%] Building C object CMakeFiles/yaml.dir/src/dumper.c.o
[100%] Linking C shared library libyaml.so
[100%] Built target yaml
[ 43%] Performing install step for 'libyaml-10c9078'
[100%] Built target yaml
Install the project...
-- Install configuration: ""
-- Installing: /workspace/foxy_ws/build/libyaml_vendor/libyaml_install/include/yaml.h
-- Installing: /workspace/foxy_ws/build/libyaml_vendor/libyaml_install/include/config.h
-- Installing: /workspace/foxy_ws/build/libyaml_vendor/libyaml_install/lib/libyaml.so
-- Installing: /workspace/foxy_ws/build/libyaml_vendor/libyaml_install/cmake/yamlConfig.cmake
-- Installing: /workspace/foxy_ws/build/libyaml_vendor/libyaml_install/cmake/yamlTargets.cmake
-- Installing: /workspace/foxy_ws/build/libyaml_vendor/libyaml_install/cmake/yamlTargets-noconfig.cmake
-- Installing: /workspace/foxy_ws/build/libyaml_vendor/libyaml_install/cmake/yamlConfigVersion.cmake
[ 50%] Completed 'libyaml-10c9078'
[ 50%] Built target libyaml-10c9078
Scanning dependencies of target gtest_main
Scanning dependencies of target gtest
[ 56%] Building CXX object gtest/CMakeFiles/gtest_main.dir/src/gtest_main.cc.o
[ 62%] Building CXX object gtest/CMakeFiles/gtest.dir/src/gtest-all.cc.o
[ 68%] Linking CXX static library libgtest_main.a
[ 68%] Built target gtest_main
Scanning dependencies of target benchmark_reader
[ 75%] Building CXX object CMakeFiles/benchmark_reader.dir/test/benchmark/benchmark_reader.cpp.o
[ 81%] Linking CXX executable benchmark_reader
[ 81%] Built target benchmark_reader
[ 87%] Linking CXX static library libgtest.a
[ 87%] Built target gtest
Scanning dependencies of target test_yaml_reader
[ 93%] Building CXX object CMakeFiles/test_yaml_reader.dir/test/test_reader.cpp.o
[100%] Linking CXX executable test_yaml_reader
[100%] Built target test_yaml_reader
-- Install configuration: ""
-- Up-to-date: /workspace/foxy_ws/install
-- Up-to-date: /workspace/foxy_ws/install/include
-- Installing: /workspace/foxy_ws/install/include/yaml.h
-- Up-to-date: /workspace/foxy_ws/install/lib
-- Installing: /workspace/foxy_ws/install/lib/libyaml.so
-- Installing: /workspace/foxy_ws/install/cmake
-- Installing: /workspace/foxy_ws/install/cmake/yamlTargets.cmake
-- Installing: /workspace/foxy_ws/install/cmake/yamlConfig.cmake
-- Installing: /workspace/foxy_ws/install/cmake/yamlConfigVersion.cmake
-- Installing: /workspace/foxy_ws/install/cmake/yamlTargets-noconfig.cmake
-- Installing: /workspace/foxy_ws/install/share/libyaml_vendor/environment/library_path.sh
-- Installing: /workspace/foxy_ws/install/share/libyaml_vendor/environment/library_path.dsv
-- Installing: /workspace/foxy_ws/install/share/ament_index/resource_index/package_run_dependencies/libyaml_vendor
-- Installing: /workspace/foxy_ws/install/share/ament_index/resource_index/parent_prefix_path/libyaml_vendor
-- Installing: /workspace/foxy_ws/install/share/libyaml_vendor/environment/ament_prefix_path.sh
-- Installing: /workspace/foxy_ws/install/share/libyaml_vendor/environment/ament_prefix_path.dsv
-- Installing: /workspace/foxy_ws/install/share/libyaml_vendor/environment/path.sh
-- Installing: /workspace/foxy_ws/install/share/libyaml_vendor/environment/path.dsv
-- Installing: /workspace/foxy_ws/install/share/libyaml_vendor/local_setup.bash
-- Installing: /workspace/foxy_ws/install/share/libyaml_vendor/local_setup.sh
-- Installing: /workspace/foxy_ws/install/share/libyaml_vendor/local_setup.zsh
-- Installing: /workspace/foxy_ws/install/share/libyaml_vendor/local_setup.dsv
-- Installing: /workspace/foxy_ws/install/share/libyaml_vendor/package.dsv
-- Installing: /workspace/foxy_ws/install/share/ament_index/resource_index/packages/libyaml_vendor
-- Installing: /workspace/foxy_ws/install/share/libyaml_vendor/cmake/libyaml_vendor-extras.cmake
-- Installing: /workspace/foxy_ws/install/share/libyaml_vendor/cmake/ament_cmake_export_libraries-extras.cmake
-- Installing: /workspace/foxy_ws/install/share/libyaml_vendor/cmake/ament_cmake_export_dependencies-extras.cmake
-- Installing: /workspace/foxy_ws/install/share/libyaml_vendor/cmake/libyaml_vendorConfig.cmake
-- Installing: /workspace/foxy_ws/install/share/libyaml_vendor/cmake/libyaml_vendorConfig-version.cmake
-- Installing: /workspace/foxy_ws/install/share/libyaml_vendor/package.xml
