[0.064s] Invoking command in '/workspace/foxy_ws/build/libyaml_vendor': AMENT_PREFIX_PATH=/workspace/foxy_ws/install CMAKE_PREFIX_PATH=/workspace/foxy_ws/install LD_LIBRARY_PATH=/workspace/foxy_ws/install/lib PATH=/workspace/foxy_ws/install/bin:${PATH} PKG_CONFIG_PATH=/workspace/foxy_ws/install/lib/x86_64-linux-gnu/pkgconfig:/workspace/foxy_ws/install/lib/pkgconfig PYTHONPATH=/workspace/foxy_ws/install/lib/python3.10/site-packages /usr/bin/cmake /workspace/foxy_ws/src/libyaml_vendor -DCMAKE_INSTALL_PREFIX=/workspace/foxy_ws/install
[0.113s] -- The C compiler identification is GNU 9.4.0
[0.153s] -- The CXX compiler identification is GNU 9.4.0
[0.156s] -- Check for working C compiler: /usr/bin/cc
[0.210s] -- Check for working C compiler: /usr/bin/cc -- works
[0.210s] -- Detecting C compiler ABI info
[0.264s] -- Detecting C compiler ABI info - done
[0.273s] -- Detecting C compile features
[0.273s] -- Detecting C compile features - done
[0.275s] -- Check for working CXX compiler: /usr/bin/c++
[0.333s] -- Check for working CXX compiler: /usr/bin/c++ -- works
[0.333s] -- Detecting CXX compiler ABI info
[0.397s] -- Detecting CXX compiler ABI info - done
[0.412s] -- Detecting CXX compile features
[0.412s] -- Detecting CXX compile features - done
[0.414s] -- Found ament_cmake: 0.9.12 (/workspace/foxy_ws/install/share/ament_cmake/cmake)
[0.430s] -- Found PythonInterp: /usr/bin/python3 (found suitable version "3.10.14", minimum required is "3") 
[0.430s] -- Using PYTHON_EXECUTABLE: /usr/bin/python3
[0.600s] -- Found ament_lint_auto: 0.9.8 (/workspace/foxy_ws/install/share/ament_lint_auto/cmake)
[0.689s] -- Found gtest sources under '/workspace/foxy_ws/install/src/gtest_vendor': C++ tests using 'Google Test' will be built
[0.691s] -- Looking for pthread.h
[0.748s] -- Looking for pthread.h - found
[0.749s] -- Performing Test CMAKE_HAVE_LIBC_PTHREAD
[0.803s] -- Performing Test CMAKE_HAVE_LIBC_PTHREAD - Failed
[0.803s] -- Check if compiler accepts -pthread
[0.863s] -- Check if compiler accepts -pthread - yes
[0.864s] -- Found Threads: TRUE  
[0.865s] -- Performance tests are disabled by default, so Google Benchmark tests will be skipped. To enable these tests, set the CMake variable 'AMENT_RUN_PERFORMANCE_TESTS'.
[0.871s] -- Added test 'copyright' to check source files copyright and LICENSE
[0.874s] -- Added test 'cppcheck' to perform static code analysis on C / C++ code
[0.874s] -- Configured cppcheck include dirs: /workspace/foxy_ws/install/include
[0.874s] -- Configured cppcheck exclude dirs and/or files: 
[0.877s] -- Added test 'cpplint' to check C / C++ code against the Google style
[0.877s] -- Configured cpplint exclude dirs and/or files: 
[0.879s] -- Added test 'lint_cmake' to check CMake code style
[0.881s] -- Added test 'uncrustify' to check C / C++ code style
[0.882s] -- Configured uncrustify additional arguments: 
[0.882s] -- Added test 'xmllint' to check XML markup files
[0.888s] -- Configuring done
[0.899s] -- Generating done
[0.900s] -- Build files have been written to: /workspace/foxy_ws/build/libyaml_vendor
[0.906s] Invoked command in '/workspace/foxy_ws/build/libyaml_vendor' returned '0': AMENT_PREFIX_PATH=/workspace/foxy_ws/install CMAKE_PREFIX_PATH=/workspace/foxy_ws/install LD_LIBRARY_PATH=/workspace/foxy_ws/install/lib PATH=/workspace/foxy_ws/install/bin:${PATH} PKG_CONFIG_PATH=/workspace/foxy_ws/install/lib/x86_64-linux-gnu/pkgconfig:/workspace/foxy_ws/install/lib/pkgconfig PYTHONPATH=/workspace/foxy_ws/install/lib/python3.10/site-packages /usr/bin/cmake /workspace/foxy_ws/src/libyaml_vendor -DCMAKE_INSTALL_PREFIX=/workspace/foxy_ws/install
[0.907s] Invoking command in '/workspace/foxy_ws/build/libyaml_vendor': AMENT_PREFIX_PATH=/workspace/foxy_ws/install CMAKE_PREFIX_PATH=/workspace/foxy_ws/install LD_LIBRARY_PATH=/workspace/foxy_ws/install/lib PATH=/workspace/foxy_ws/install/bin:${PATH} PKG_CONFIG_PATH=/workspace/foxy_ws/install/lib/x86_64-linux-gnu/pkgconfig:/workspace/foxy_ws/install/lib/pkgconfig PYTHONPATH=/workspace/foxy_ws/install/lib/python3.10/site-packages /usr/bin/cmake --build /workspace/foxy_ws/build/libyaml_vendor -- -j12 -l12
[0.936s] Scanning dependencies of target libyaml-10c9078
[0.942s] [  6%] Creating directories for 'libyaml-10c9078'
[0.991s] [ 12%] Performing download step (download, verify and extract) for 'libyaml-10c9078'
[0.997s] -- Downloading...
[0.997s]    dst='/workspace/foxy_ws/build/libyaml_vendor/libyaml-10c9078-prefix/src/10c907871f1ccd779c7fccf6b81a62762b5c4e7b.zip'
[0.997s]    timeout='60 seconds'
[0.997s] -- Using src='https://github.com/yaml/libyaml/archive/10c907871f1ccd779c7fccf6b81a62762b5c4e7b.zip'
[2.063s] -- verifying file...
[2.063s]        file='/workspace/foxy_ws/build/libyaml_vendor/libyaml-10c9078-prefix/src/10c907871f1ccd779c7fccf6b81a62762b5c4e7b.zip'
[2.063s] -- Downloading... done
[2.078s] -- extracting...
[2.078s]      src='/workspace/foxy_ws/build/libyaml_vendor/libyaml-10c9078-prefix/src/10c907871f1ccd779c7fccf6b81a62762b5c4e7b.zip'
[2.078s]      dst='/workspace/foxy_ws/build/libyaml_vendor/libyaml-10c9078-prefix/src/libyaml-10c9078'
[2.078s] -- extracting... [tar xfz]
[2.093s] -- extracting... [analysis]
[2.093s] -- extracting... [rename]
[2.093s] -- extracting... [clean up]
[2.093s] -- extracting... done
[2.107s] [ 18%] No patch step for 'libyaml-10c9078'
[2.125s] [ 25%] No update step for 'libyaml-10c9078'
[2.151s] [ 31%] Performing configure step for 'libyaml-10c9078'
[2.199s] -- The C compiler identification is GNU 9.4.0
[2.207s] -- Check for working C compiler: /usr/bin/cc
[2.276s] -- Check for working C compiler: /usr/bin/cc -- works
[2.277s] -- Detecting C compiler ABI info
[2.334s] -- Detecting C compiler ABI info - done
[2.350s] -- Detecting C compile features
[2.351s] -- Detecting C compile features - done
[2.355s] -- Configuring done
[2.359s] -- Generating done
[2.360s] -- Build files have been written to: /workspace/foxy_ws/build/libyaml_vendor/libyaml-10c9078-prefix/src/libyaml-10c9078-build
[2.379s] [ 37%] Performing build step for 'libyaml-10c9078'
[2.405s] Scanning dependencies of target yaml
[2.415s] [ 11%] Building C object CMakeFiles/yaml.dir/src/api.c.o
[2.503s] [ 22%] Building C object CMakeFiles/yaml.dir/src/writer.c.o
[2.532s] [ 33%] Building C object CMakeFiles/yaml.dir/src/scanner.c.o
[2.722s] [ 44%] Building C object CMakeFiles/yaml.dir/src/reader.c.o
[2.758s] [ 55%] Building C object CMakeFiles/yaml.dir/src/parser.c.o
[2.837s] [ 66%] Building C object CMakeFiles/yaml.dir/src/loader.c.o
[2.890s] [ 77%] Building C object CMakeFiles/yaml.dir/src/emitter.c.o
[3.105s] [ 88%] Building C object CMakeFiles/yaml.dir/src/dumper.c.o
[3.149s] [100%] Linking C shared library libyaml.so
[3.179s] [100%] Built target yaml
[3.198s] [ 43%] Performing install step for 'libyaml-10c9078'
[3.230s] [100%] Built target yaml
[3.245s] Install the project...
[3.253s] -- Install configuration: ""
[3.253s] -- Installing: /workspace/foxy_ws/build/libyaml_vendor/libyaml_install/include/yaml.h
[3.253s] -- Installing: /workspace/foxy_ws/build/libyaml_vendor/libyaml_install/include/config.h
[3.253s] -- Installing: /workspace/foxy_ws/build/libyaml_vendor/libyaml_install/lib/libyaml.so
[3.253s] -- Installing: /workspace/foxy_ws/build/libyaml_vendor/libyaml_install/cmake/yamlConfig.cmake
[3.253s] -- Installing: /workspace/foxy_ws/build/libyaml_vendor/libyaml_install/cmake/yamlTargets.cmake
[3.254s] -- Installing: /workspace/foxy_ws/build/libyaml_vendor/libyaml_install/cmake/yamlTargets-noconfig.cmake
[3.254s] -- Installing: /workspace/foxy_ws/build/libyaml_vendor/libyaml_install/cmake/yamlConfigVersion.cmake
[3.265s] [ 50%] Completed 'libyaml-10c9078'
[3.285s] [ 50%] Built target libyaml-10c9078
[3.297s] Scanning dependencies of target gtest_main
[3.301s] Scanning dependencies of target gtest
[3.304s] [ 56%] Building CXX object gtest/CMakeFiles/gtest_main.dir/src/gtest_main.cc.o
[3.310s] [ 62%] Building CXX object gtest/CMakeFiles/gtest.dir/src/gtest-all.cc.o
[3.912s] [ 68%] Linking CXX static library libgtest_main.a
[3.939s] [ 68%] Built target gtest_main
[3.949s] Scanning dependencies of target benchmark_reader
[3.957s] [ 75%] Building CXX object CMakeFiles/benchmark_reader.dir/test/benchmark/benchmark_reader.cpp.o
[4.738s] [ 81%] Linking CXX executable benchmark_reader
[4.832s] [ 81%] Built target benchmark_reader
[6.285s] [ 87%] Linking CXX static library libgtest.a
[6.333s] [ 87%] Built target gtest
[6.346s] Scanning dependencies of target test_yaml_reader
[6.354s] [ 93%] Building CXX object CMakeFiles/test_yaml_reader.dir/test/test_reader.cpp.o
[7.259s] [100%] Linking CXX executable test_yaml_reader
[7.359s] [100%] Built target test_yaml_reader
[7.367s] Invoked command in '/workspace/foxy_ws/build/libyaml_vendor' returned '0': AMENT_PREFIX_PATH=/workspace/foxy_ws/install CMAKE_PREFIX_PATH=/workspace/foxy_ws/install LD_LIBRARY_PATH=/workspace/foxy_ws/install/lib PATH=/workspace/foxy_ws/install/bin:${PATH} PKG_CONFIG_PATH=/workspace/foxy_ws/install/lib/x86_64-linux-gnu/pkgconfig:/workspace/foxy_ws/install/lib/pkgconfig PYTHONPATH=/workspace/foxy_ws/install/lib/python3.10/site-packages /usr/bin/cmake --build /workspace/foxy_ws/build/libyaml_vendor -- -j12 -l12
[7.386s] Invoking command in '/workspace/foxy_ws/build/libyaml_vendor': AMENT_PREFIX_PATH=/workspace/foxy_ws/install CMAKE_PREFIX_PATH=/workspace/foxy_ws/install LD_LIBRARY_PATH=/workspace/foxy_ws/install/lib PATH=/workspace/foxy_ws/install/bin:${PATH} PKG_CONFIG_PATH=/workspace/foxy_ws/install/lib/x86_64-linux-gnu/pkgconfig:/workspace/foxy_ws/install/lib/pkgconfig PYTHONPATH=/workspace/foxy_ws/install/lib/python3.10/site-packages /usr/bin/cmake --install /workspace/foxy_ws/build/libyaml_vendor
[7.393s] -- Install configuration: ""
[7.394s] -- Up-to-date: /workspace/foxy_ws/install
[7.394s] -- Up-to-date: /workspace/foxy_ws/install/include
[7.394s] -- Installing: /workspace/foxy_ws/install/include/yaml.h
[7.394s] -- Up-to-date: /workspace/foxy_ws/install/lib
[7.394s] -- Installing: /workspace/foxy_ws/install/lib/libyaml.so
[7.394s] -- Installing: /workspace/foxy_ws/install/cmake
[7.394s] -- Installing: /workspace/foxy_ws/install/cmake/yamlTargets.cmake
[7.395s] -- Installing: /workspace/foxy_ws/install/cmake/yamlConfig.cmake
[7.395s] -- Installing: /workspace/foxy_ws/install/cmake/yamlConfigVersion.cmake
[7.395s] -- Installing: /workspace/foxy_ws/install/cmake/yamlTargets-noconfig.cmake
[7.395s] -- Installing: /workspace/foxy_ws/install/share/libyaml_vendor/environment/library_path.sh
[7.395s] -- Installing: /workspace/foxy_ws/install/share/libyaml_vendor/environment/library_path.dsv
[7.396s] -- Installing: /workspace/foxy_ws/install/share/ament_index/resource_index/package_run_dependencies/libyaml_vendor
[7.396s] -- Installing: /workspace/foxy_ws/install/share/ament_index/resource_index/parent_prefix_path/libyaml_vendor
[7.396s] -- Installing: /workspace/foxy_ws/install/share/libyaml_vendor/environment/ament_prefix_path.sh
[7.396s] -- Installing: /workspace/foxy_ws/install/share/libyaml_vendor/environment/ament_prefix_path.dsv
[7.396s] -- Installing: /workspace/foxy_ws/install/share/libyaml_vendor/environment/path.sh
[7.396s] -- Installing: /workspace/foxy_ws/install/share/libyaml_vendor/environment/path.dsv
[7.396s] -- Installing: /workspace/foxy_ws/install/share/libyaml_vendor/local_setup.bash
[7.397s] -- Installing: /workspace/foxy_ws/install/share/libyaml_vendor/local_setup.sh
[7.397s] -- Installing: /workspace/foxy_ws/install/share/libyaml_vendor/local_setup.zsh
[7.397s] -- Installing: /workspace/foxy_ws/install/share/libyaml_vendor/local_setup.dsv
[7.397s] -- Installing: /workspace/foxy_ws/install/share/libyaml_vendor/package.dsv
[7.397s] -- Installing: /workspace/foxy_ws/install/share/ament_index/resource_index/packages/libyaml_vendor
[7.397s] -- Installing: /workspace/foxy_ws/install/share/libyaml_vendor/cmake/libyaml_vendor-extras.cmake
[7.397s] -- Installing: /workspace/foxy_ws/install/share/libyaml_vendor/cmake/ament_cmake_export_libraries-extras.cmake
[7.398s] -- Installing: /workspace/foxy_ws/install/share/libyaml_vendor/cmake/ament_cmake_export_dependencies-extras.cmake
[7.398s] -- Installing: /workspace/foxy_ws/install/share/libyaml_vendor/cmake/libyaml_vendorConfig.cmake
[7.398s] -- Installing: /workspace/foxy_ws/install/share/libyaml_vendor/cmake/libyaml_vendorConfig-version.cmake
[7.398s] -- Installing: /workspace/foxy_ws/install/share/libyaml_vendor/package.xml
[7.400s] Invoked command in '/workspace/foxy_ws/build/libyaml_vendor' returned '0': AMENT_PREFIX_PATH=/workspace/foxy_ws/install CMAKE_PREFIX_PATH=/workspace/foxy_ws/install LD_LIBRARY_PATH=/workspace/foxy_ws/install/lib PATH=/workspace/foxy_ws/install/bin:${PATH} PKG_CONFIG_PATH=/workspace/foxy_ws/install/lib/x86_64-linux-gnu/pkgconfig:/workspace/foxy_ws/install/lib/pkgconfig PYTHONPATH=/workspace/foxy_ws/install/lib/python3.10/site-packages /usr/bin/cmake --install /workspace/foxy_ws/build/libyaml_vendor
