[0.105s] Invoking command in '/workspace/foxy_ws/build/unique_identifier_msgs': AMENT_PREFIX_PATH=/workspace/foxy_ws/install CMAKE_PREFIX_PATH=/workspace/foxy_ws/install LD_LIBRARY_PATH=/workspace/foxy_ws/install/lib PATH=/workspace/foxy_ws/install/bin:${PATH} PKG_CONFIG_PATH=/workspace/foxy_ws/install/lib/x86_64-linux-gnu/pkgconfig:/workspace/foxy_ws/install/lib/pkgconfig PYTHONPATH=/workspace/foxy_ws/install/lib/python3.10/site-packages /usr/bin/cmake /workspace/foxy_ws/src/unique_identifier_msgs -DCMAKE_INSTALL_PREFIX=/workspace/foxy_ws/install
[0.154s] -- The C compiler identification is GNU 9.4.0
[0.211s] -- The CXX compiler identification is GNU 9.4.0
[0.216s] -- Check for working C compiler: /usr/bin/cc
[0.290s] -- Check for working C compiler: /usr/bin/cc -- works
[0.290s] -- Detecting C compiler ABI info
[0.358s] -- Detecting C compiler ABI info - done
[0.363s] -- Detecting C compile features
[0.363s] -- Detecting C compile features - done
[0.366s] -- Check for working CXX compiler: /usr/bin/c++
[0.459s] -- Check for working CXX compiler: /usr/bin/c++ -- works
[0.460s] -- Detecting CXX compiler ABI info
[0.538s] -- Detecting CXX compiler ABI info - done
[0.548s] -- Detecting CXX compile features
[0.548s] -- Detecting CXX compile features - done
[0.550s] -- Found ament_cmake: 0.9.12 (/workspace/foxy_ws/install/share/ament_cmake/cmake)
[0.567s] -- Found PythonInterp: /usr/bin/python3 (found suitable version "3.10.14", minimum required is "3") 
[0.567s] -- Using PYTHON_EXECUTABLE: /usr/bin/python3
[0.752s] -- Found rosidl_default_generators: 1.0.1 (/workspace/foxy_ws/install/share/rosidl_default_generators/cmake)
[0.754s] -- Using all available rosidl_typesupport_c: rosidl_typesupport_fastrtps_c;rosidl_typesupport_introspection_c
[0.759s] -- Found rosidl_adapter: 1.3.1 (/workspace/foxy_ws/install/share/rosidl_adapter/cmake)
[0.782s] -- Found OpenSSL: /usr/lib/x86_64-linux-gnu/libcrypto.so (found version "1.1.1f")  
[0.794s] -- Found FastRTPS: /workspace/foxy_ws/install/include  
[0.835s] -- Using all available rosidl_typesupport_cpp: rosidl_typesupport_fastrtps_cpp;rosidl_typesupport_introspection_cpp
[0.866s] -- Found PythonInterp: /usr/bin/python3 (found version "3.10.14") 
[0.977s] -- Found ament_cmake_ros: 0.9.2 (/workspace/foxy_ws/install/share/ament_cmake_ros/cmake)
[1.022s] -- Using all available rosidl_typesupport_c: rosidl_typesupport_fastrtps_c;rosidl_typesupport_introspection_c
[1.031s] -- Using all available rosidl_typesupport_cpp: rosidl_typesupport_fastrtps_cpp;rosidl_typesupport_introspection_cpp
[1.048s] -- Found PythonInterp: /usr/bin/python3 (found suitable version "3.10.14", minimum required is "3.5") 
[1.049s] -- Found python_cmake_module: 0.8.1 (/workspace/foxy_ws/install/share/python_cmake_module/cmake)
[1.064s] -- Found PythonLibs: /usr/lib/x86_64-linux-gnu/libpython3.10.so (found suitable version "3.10.14", minimum required is "3.5") 
[1.064s] -- Using PYTHON_EXECUTABLE: /usr/bin/python3
[1.065s] -- Using PYTHON_INCLUDE_DIRS: /usr/include/python3.10
[1.065s] -- Using PYTHON_LIBRARIES: /usr/lib/x86_64-linux-gnu/libpython3.10.so
[1.078s] -- Found PythonExtra: .so  
[1.096s] <string>:1: DeprecationWarning: The distutils package is deprecated and slated for removal in Python 3.12. Use setuptools or check PEP 632 for potential alternatives
[1.098s] <string>:1: DeprecationWarning: The distutils.sysconfig module is deprecated, use sysconfig instead
[1.333s] -- Using numpy include directory: /usr/local/lib/python3.10/dist-packages/numpy/core/include
[1.343s] -- Found ament_lint_auto: 0.9.8 (/workspace/foxy_ws/install/share/ament_lint_auto/cmake)
[1.359s] -- Added test 'copyright' to check source files copyright and LICENSE
[1.370s] -- Added test 'lint_cmake' to check CMake code style
[1.376s] -- Added test 'xmllint' to check XML markup files
[1.383s] -- Configuring done
[1.424s] -- Generating done
[1.428s] -- Build files have been written to: /workspace/foxy_ws/build/unique_identifier_msgs
[1.442s] Invoked command in '/workspace/foxy_ws/build/unique_identifier_msgs' returned '0': AMENT_PREFIX_PATH=/workspace/foxy_ws/install CMAKE_PREFIX_PATH=/workspace/foxy_ws/install LD_LIBRARY_PATH=/workspace/foxy_ws/install/lib PATH=/workspace/foxy_ws/install/bin:${PATH} PKG_CONFIG_PATH=/workspace/foxy_ws/install/lib/x86_64-linux-gnu/pkgconfig:/workspace/foxy_ws/install/lib/pkgconfig PYTHONPATH=/workspace/foxy_ws/install/lib/python3.10/site-packages /usr/bin/cmake /workspace/foxy_ws/src/unique_identifier_msgs -DCMAKE_INSTALL_PREFIX=/workspace/foxy_ws/install
[1.443s] Invoking command in '/workspace/foxy_ws/build/unique_identifier_msgs': AMENT_PREFIX_PATH=/workspace/foxy_ws/install CMAKE_PREFIX_PATH=/workspace/foxy_ws/install LD_LIBRARY_PATH=/workspace/foxy_ws/install/lib PATH=/workspace/foxy_ws/install/bin:${PATH} PKG_CONFIG_PATH=/workspace/foxy_ws/install/lib/x86_64-linux-gnu/pkgconfig:/workspace/foxy_ws/install/lib/pkgconfig PYTHONPATH=/workspace/foxy_ws/install/lib/python3.10/site-packages /usr/bin/cmake --build /workspace/foxy_ws/build/unique_identifier_msgs -- -j12 -l12
[1.473s] Scanning dependencies of target unique_identifier_msgs__cpp
[1.475s] [  3%] Generating C code for ROS interfaces
[1.483s] [  6%] Generating C++ code for ROS interfaces
[1.954s] Scanning dependencies of target unique_identifier_msgs__rosidl_generator_c
[1.992s] [  9%] Building C object CMakeFiles/unique_identifier_msgs__rosidl_generator_c.dir/rosidl_generator_c/unique_identifier_msgs/msg/detail/uuid__functions.c.o
[2.069s] [  9%] Built target unique_identifier_msgs__cpp
[2.075s] [ 12%] Linking C shared library libunique_identifier_msgs__rosidl_generator_c.so
[2.096s] [ 16%] Generating C++ introspection for ROS interfaces
[2.102s] [ 19%] Generating C++ type support dispatch for ROS interfaces
[2.137s] [ 22%] Generating C++ type support for eProsima Fast-RTPS
[2.183s] [ 22%] Built target unique_identifier_msgs__rosidl_generator_c
[2.270s] [ 25%] Generating C type support dispatch for ROS interfaces
[2.274s] [ 29%] Generating C introspection for ROS interfaces
[3.007s] Scanning dependencies of target unique_identifier_msgs__rosidl_typesupport_fastrtps_cpp
[3.048s] Scanning dependencies of target unique_identifier_msgs__rosidl_typesupport_cpp
[3.122s] [ 35%] Building CXX object CMakeFiles/unique_identifier_msgs__rosidl_typesupport_fastrtps_cpp.dir/rosidl_typesupport_fastrtps_cpp/unique_identifier_msgs/msg/detail/dds_fastrtps/uuid__type_support.cpp.o
[3.122s] [ 35%] Building CXX object CMakeFiles/unique_identifier_msgs__rosidl_typesupport_cpp.dir/rosidl_typesupport_cpp/unique_identifier_msgs/msg/uuid__type_support.cpp.o
[3.306s] Scanning dependencies of target unique_identifier_msgs__rosidl_typesupport_introspection_cpp
[3.378s] [ 38%] Building CXX object CMakeFiles/unique_identifier_msgs__rosidl_typesupport_introspection_cpp.dir/rosidl_typesupport_introspection_cpp/unique_identifier_msgs/msg/detail/uuid__type_support.cpp.o
[3.382s] Scanning dependencies of target unique_identifier_msgs__rosidl_typesupport_c
[3.460s] [ 41%] Building CXX object CMakeFiles/unique_identifier_msgs__rosidl_typesupport_c.dir/rosidl_typesupport_c/unique_identifier_msgs/msg/uuid__type_support.cpp.o
[3.611s] Scanning dependencies of target unique_identifier_msgs__rosidl_typesupport_introspection_c
[3.639s] [ 45%] Linking CXX shared library libunique_identifier_msgs__rosidl_typesupport_c.so
[3.708s] [ 48%] Building C object CMakeFiles/unique_identifier_msgs__rosidl_typesupport_introspection_c.dir/rosidl_typesupport_introspection_c/unique_identifier_msgs/msg/detail/uuid__type_support.c.o
[3.926s] [ 51%] Linking C shared library libunique_identifier_msgs__rosidl_typesupport_introspection_c.so
[3.989s] [ 51%] Built target unique_identifier_msgs__rosidl_typesupport_c
[4.089s] [ 51%] Built target unique_identifier_msgs__rosidl_typesupport_introspection_c
[4.281s] [ 54%] Linking CXX shared library libunique_identifier_msgs__rosidl_typesupport_cpp.so
[4.570s] [ 54%] Built target unique_identifier_msgs__rosidl_typesupport_cpp
[4.574s] [ 58%] Linking CXX shared library libunique_identifier_msgs__rosidl_typesupport_introspection_cpp.so
[4.744s] [ 61%] Linking CXX shared library libunique_identifier_msgs__rosidl_typesupport_fastrtps_cpp.so
[5.053s] [ 61%] Built target unique_identifier_msgs__rosidl_typesupport_fastrtps_cpp
[5.122s] [ 61%] Built target unique_identifier_msgs__rosidl_typesupport_introspection_cpp
[5.157s] [ 64%] Generating C type support for eProsima Fast-RTPS
[5.762s] Scanning dependencies of target unique_identifier_msgs__rosidl_typesupport_fastrtps_c
[5.801s] [ 67%] Building CXX object CMakeFiles/unique_identifier_msgs__rosidl_typesupport_fastrtps_c.dir/rosidl_typesupport_fastrtps_c/unique_identifier_msgs/msg/detail/uuid__type_support_c.cpp.o
[6.396s] [ 70%] Linking CXX shared library libunique_identifier_msgs__rosidl_typesupport_fastrtps_c.so
[6.515s] [ 70%] Built target unique_identifier_msgs__rosidl_typesupport_fastrtps_c
[6.556s] Scanning dependencies of target unique_identifier_msgs
[6.594s] [ 70%] Built target unique_identifier_msgs
[6.605s] Scanning dependencies of target unique_identifier_msgs__py
[6.624s] [ 74%] Generating Python code for ROS interfaces
[7.466s] [ 74%] Built target unique_identifier_msgs__py
[7.531s] Scanning dependencies of target unique_identifier_msgs__python
[7.607s] [ 77%] Building C object CMakeFiles/unique_identifier_msgs__python.dir/rosidl_generator_py/unique_identifier_msgs/msg/_uuid_s.c.o
[7.920s] [ 80%] Linking C shared library rosidl_generator_py/unique_identifier_msgs/libunique_identifier_msgs__python.so
[8.065s] [ 80%] Built target unique_identifier_msgs__python
[8.118s] Scanning dependencies of target unique_identifier_msgs__rosidl_typesupport_introspection_c__pyext
[8.135s] [ 83%] Building C object CMakeFiles/unique_identifier_msgs__rosidl_typesupport_introspection_c__pyext.dir/rosidl_generator_py/unique_identifier_msgs/_unique_identifier_msgs_s.ep.rosidl_typesupport_introspection_c.c.o
[8.161s] Scanning dependencies of target unique_identifier_msgs__rosidl_typesupport_fastrtps_c__pyext
[8.166s] Scanning dependencies of target unique_identifier_msgs__rosidl_typesupport_c__pyext
[8.231s] [ 87%] Building C object CMakeFiles/unique_identifier_msgs__rosidl_typesupport_fastrtps_c__pyext.dir/rosidl_generator_py/unique_identifier_msgs/_unique_identifier_msgs_s.ep.rosidl_typesupport_fastrtps_c.c.o
[8.254s] [ 90%] Linking C shared library rosidl_generator_py/unique_identifier_msgs/unique_identifier_msgs_s__rosidl_typesupport_introspection_c.cpython-310-x86_64-linux-gnu.so
[8.300s] [ 93%] Building C object CMakeFiles/unique_identifier_msgs__rosidl_typesupport_c__pyext.dir/rosidl_generator_py/unique_identifier_msgs/_unique_identifier_msgs_s.ep.rosidl_typesupport_c.c.o
[8.301s] [ 93%] Built target unique_identifier_msgs__rosidl_typesupport_introspection_c__pyext
[8.559s] [ 96%] Linking CXX shared library rosidl_generator_py/unique_identifier_msgs/unique_identifier_msgs_s__rosidl_typesupport_fastrtps_c.cpython-310-x86_64-linux-gnu.so
[8.573s] [100%] Linking C shared library rosidl_generator_py/unique_identifier_msgs/unique_identifier_msgs_s__rosidl_typesupport_c.cpython-310-x86_64-linux-gnu.so
[8.782s] [100%] Built target unique_identifier_msgs__rosidl_typesupport_fastrtps_c__pyext
[8.801s] [100%] Built target unique_identifier_msgs__rosidl_typesupport_c__pyext
[8.861s] Invoked command in '/workspace/foxy_ws/build/unique_identifier_msgs' returned '0': AMENT_PREFIX_PATH=/workspace/foxy_ws/install CMAKE_PREFIX_PATH=/workspace/foxy_ws/install LD_LIBRARY_PATH=/workspace/foxy_ws/install/lib PATH=/workspace/foxy_ws/install/bin:${PATH} PKG_CONFIG_PATH=/workspace/foxy_ws/install/lib/x86_64-linux-gnu/pkgconfig:/workspace/foxy_ws/install/lib/pkgconfig PYTHONPATH=/workspace/foxy_ws/install/lib/python3.10/site-packages /usr/bin/cmake --build /workspace/foxy_ws/build/unique_identifier_msgs -- -j12 -l12
[9.543s] Invoking command in '/workspace/foxy_ws/build/unique_identifier_msgs': AMENT_PREFIX_PATH=/workspace/foxy_ws/install CMAKE_PREFIX_PATH=/workspace/foxy_ws/install LD_LIBRARY_PATH=/workspace/foxy_ws/install/lib PATH=/workspace/foxy_ws/install/bin:${PATH} PKG_CONFIG_PATH=/workspace/foxy_ws/install/lib/x86_64-linux-gnu/pkgconfig:/workspace/foxy_ws/install/lib/pkgconfig PYTHONPATH=/workspace/foxy_ws/install/lib/python3.10/site-packages /usr/bin/cmake --install /workspace/foxy_ws/build/unique_identifier_msgs
[9.579s] -- Install configuration: ""
[9.579s] -- Installing: /workspace/foxy_ws/install/share/ament_index/resource_index/rosidl_interfaces/unique_identifier_msgs
[9.579s] -- Installing: /workspace/foxy_ws/install/include/unique_identifier_msgs
[9.580s] -- Installing: /workspace/foxy_ws/install/include/unique_identifier_msgs/msg
[9.580s] -- Installing: /workspace/foxy_ws/install/include/unique_identifier_msgs/msg/uuid.h
[9.580s] -- Installing: /workspace/foxy_ws/install/include/unique_identifier_msgs/msg/rosidl_generator_c__visibility_control.h
[9.580s] -- Installing: /workspace/foxy_ws/install/include/unique_identifier_msgs/msg/detail
[9.580s] -- Installing: /workspace/foxy_ws/install/include/unique_identifier_msgs/msg/detail/uuid__struct.h
[9.580s] -- Installing: /workspace/foxy_ws/install/include/unique_identifier_msgs/msg/detail/uuid__type_support.h
[9.580s] -- Installing: /workspace/foxy_ws/install/include/unique_identifier_msgs/msg/detail/uuid__functions.c
[9.580s] -- Installing: /workspace/foxy_ws/install/include/unique_identifier_msgs/msg/detail/uuid__functions.h
[9.580s] -- Installing: /workspace/foxy_ws/install/share/unique_identifier_msgs/environment/library_path.sh
[9.580s] -- Installing: /workspace/foxy_ws/install/share/unique_identifier_msgs/environment/library_path.dsv
[9.580s] -- Installing: /workspace/foxy_ws/install/lib/libunique_identifier_msgs__rosidl_generator_c.so
[9.581s] -- Set runtime path of "/workspace/foxy_ws/install/lib/libunique_identifier_msgs__rosidl_generator_c.so" to ""
[9.581s] -- Up-to-date: /workspace/foxy_ws/install/include/unique_identifier_msgs
[9.581s] -- Up-to-date: /workspace/foxy_ws/install/include/unique_identifier_msgs/msg
[9.581s] -- Installing: /workspace/foxy_ws/install/include/unique_identifier_msgs/msg/rosidl_typesupport_fastrtps_c__visibility_control.h
[9.581s] -- Up-to-date: /workspace/foxy_ws/install/include/unique_identifier_msgs/msg/detail
[9.581s] -- Installing: /workspace/foxy_ws/install/include/unique_identifier_msgs/msg/detail/uuid__rosidl_typesupport_fastrtps_c.h
[9.581s] -- Installing: /workspace/foxy_ws/install/lib/libunique_identifier_msgs__rosidl_typesupport_fastrtps_c.so
[9.581s] -- Set runtime path of "/workspace/foxy_ws/install/lib/libunique_identifier_msgs__rosidl_typesupport_fastrtps_c.so" to ""
[9.581s] -- Up-to-date: /workspace/foxy_ws/install/include/unique_identifier_msgs
[9.581s] -- Up-to-date: /workspace/foxy_ws/install/include/unique_identifier_msgs/msg
[9.581s] -- Installing: /workspace/foxy_ws/install/include/unique_identifier_msgs/msg/rosidl_typesupport_fastrtps_cpp__visibility_control.h
[9.581s] -- Up-to-date: /workspace/foxy_ws/install/include/unique_identifier_msgs/msg/detail
[9.582s] -- Installing: /workspace/foxy_ws/install/include/unique_identifier_msgs/msg/detail/dds_fastrtps
[9.582s] -- Installing: /workspace/foxy_ws/install/include/unique_identifier_msgs/msg/detail/uuid__rosidl_typesupport_fastrtps_cpp.hpp
[9.582s] -- Installing: /workspace/foxy_ws/install/lib/libunique_identifier_msgs__rosidl_typesupport_fastrtps_cpp.so
[9.582s] -- Set runtime path of "/workspace/foxy_ws/install/lib/libunique_identifier_msgs__rosidl_typesupport_fastrtps_cpp.so" to ""
[9.582s] -- Up-to-date: /workspace/foxy_ws/install/include/unique_identifier_msgs
[9.582s] -- Up-to-date: /workspace/foxy_ws/install/include/unique_identifier_msgs/msg
[9.582s] -- Installing: /workspace/foxy_ws/install/include/unique_identifier_msgs/msg/rosidl_typesupport_introspection_c__visibility_control.h
[9.582s] -- Up-to-date: /workspace/foxy_ws/install/include/unique_identifier_msgs/msg/detail
[9.582s] -- Installing: /workspace/foxy_ws/install/include/unique_identifier_msgs/msg/detail/uuid__type_support.c
[9.582s] -- Installing: /workspace/foxy_ws/install/include/unique_identifier_msgs/msg/detail/uuid__rosidl_typesupport_introspection_c.h
[9.582s] -- Installing: /workspace/foxy_ws/install/lib/libunique_identifier_msgs__rosidl_typesupport_introspection_c.so
[9.583s] -- Set runtime path of "/workspace/foxy_ws/install/lib/libunique_identifier_msgs__rosidl_typesupport_introspection_c.so" to ""
[9.583s] -- Installing: /workspace/foxy_ws/install/lib/libunique_identifier_msgs__rosidl_typesupport_c.so
[9.583s] -- Set runtime path of "/workspace/foxy_ws/install/lib/libunique_identifier_msgs__rosidl_typesupport_c.so" to ""
[9.583s] -- Up-to-date: /workspace/foxy_ws/install/include/unique_identifier_msgs
[9.583s] -- Up-to-date: /workspace/foxy_ws/install/include/unique_identifier_msgs/msg
[9.583s] -- Installing: /workspace/foxy_ws/install/include/unique_identifier_msgs/msg/uuid.hpp
[9.583s] -- Installing: /workspace/foxy_ws/install/include/unique_identifier_msgs/msg/rosidl_generator_cpp__visibility_control.hpp
[9.583s] -- Up-to-date: /workspace/foxy_ws/install/include/unique_identifier_msgs/msg/detail
[9.583s] -- Installing: /workspace/foxy_ws/install/include/unique_identifier_msgs/msg/detail/uuid__builder.hpp
[9.583s] -- Installing: /workspace/foxy_ws/install/include/unique_identifier_msgs/msg/detail/uuid__type_support.hpp
[9.583s] -- Installing: /workspace/foxy_ws/install/include/unique_identifier_msgs/msg/detail/uuid__traits.hpp
[9.588s] -- Installing: /workspace/foxy_ws/install/include/unique_identifier_msgs/msg/detail/uuid__struct.hpp
[9.588s] -- Up-to-date: /workspace/foxy_ws/install/include/unique_identifier_msgs
[9.588s] -- Up-to-date: /workspace/foxy_ws/install/include/unique_identifier_msgs/msg
[9.588s] -- Up-to-date: /workspace/foxy_ws/install/include/unique_identifier_msgs/msg/detail
[9.588s] -- Installing: /workspace/foxy_ws/install/include/unique_identifier_msgs/msg/detail/uuid__type_support.cpp
[9.588s] -- Installing: /workspace/foxy_ws/install/include/unique_identifier_msgs/msg/detail/uuid__rosidl_typesupport_introspection_cpp.hpp
[9.588s] -- Installing: /workspace/foxy_ws/install/lib/libunique_identifier_msgs__rosidl_typesupport_introspection_cpp.so
[9.589s] -- Set runtime path of "/workspace/foxy_ws/install/lib/libunique_identifier_msgs__rosidl_typesupport_introspection_cpp.so" to ""
[9.589s] -- Installing: /workspace/foxy_ws/install/lib/libunique_identifier_msgs__rosidl_typesupport_cpp.so
[9.595s] -- Set runtime path of "/workspace/foxy_ws/install/lib/libunique_identifier_msgs__rosidl_typesupport_cpp.so" to ""
[9.595s] -- Installing: /workspace/foxy_ws/install/share/unique_identifier_msgs/environment/pythonpath.sh
[9.596s] -- Installing: /workspace/foxy_ws/install/share/unique_identifier_msgs/environment/pythonpath.dsv
[9.596s] -- Installing: /workspace/foxy_ws/install/lib/python3.10/site-packages/unique_identifier_msgs/__init__.py
[9.644s] Compiling '/workspace/foxy_ws/install/lib/python3.10/site-packages/unique_identifier_msgs/__init__.py'...
[9.662s] -- Installing: /workspace/foxy_ws/install/lib/python3.10/site-packages/unique_identifier_msgs/msg
[9.662s] -- Installing: /workspace/foxy_ws/install/lib/python3.10/site-packages/unique_identifier_msgs/msg/__init__.py
[9.662s] -- Installing: /workspace/foxy_ws/install/lib/python3.10/site-packages/unique_identifier_msgs/msg/_uuid_s.c
[9.663s] -- Installing: /workspace/foxy_ws/install/lib/python3.10/site-packages/unique_identifier_msgs/msg/_uuid.py
[9.663s] -- Installing: /workspace/foxy_ws/install/lib/python3.10/site-packages/unique_identifier_msgs/unique_identifier_msgs_s__rosidl_typesupport_fastrtps_c.cpython-310-x86_64-linux-gnu.so
[9.663s] -- Set runtime path of "/workspace/foxy_ws/install/lib/python3.10/site-packages/unique_identifier_msgs/unique_identifier_msgs_s__rosidl_typesupport_fastrtps_c.cpython-310-x86_64-linux-gnu.so" to ""
[9.663s] -- Installing: /workspace/foxy_ws/install/lib/python3.10/site-packages/unique_identifier_msgs/unique_identifier_msgs_s__rosidl_typesupport_introspection_c.cpython-310-x86_64-linux-gnu.so
[9.663s] -- Set runtime path of "/workspace/foxy_ws/install/lib/python3.10/site-packages/unique_identifier_msgs/unique_identifier_msgs_s__rosidl_typesupport_introspection_c.cpython-310-x86_64-linux-gnu.so" to ""
[9.663s] -- Installing: /workspace/foxy_ws/install/lib/python3.10/site-packages/unique_identifier_msgs/unique_identifier_msgs_s__rosidl_typesupport_c.cpython-310-x86_64-linux-gnu.so
[9.664s] -- Set runtime path of "/workspace/foxy_ws/install/lib/python3.10/site-packages/unique_identifier_msgs/unique_identifier_msgs_s__rosidl_typesupport_c.cpython-310-x86_64-linux-gnu.so" to ""
[9.664s] -- Installing: /workspace/foxy_ws/install/lib/libunique_identifier_msgs__python.so
[9.664s] -- Set runtime path of "/workspace/foxy_ws/install/lib/libunique_identifier_msgs__python.so" to ""
[9.664s] -- Installing: /workspace/foxy_ws/install/share/unique_identifier_msgs/msg/UUID.idl
[9.664s] -- Installing: /workspace/foxy_ws/install/share/unique_identifier_msgs/msg/UUID.msg
[9.665s] -- Installing: /workspace/foxy_ws/install/share/ament_index/resource_index/package_run_dependencies/unique_identifier_msgs
[9.665s] -- Installing: /workspace/foxy_ws/install/share/ament_index/resource_index/parent_prefix_path/unique_identifier_msgs
[9.665s] -- Installing: /workspace/foxy_ws/install/share/unique_identifier_msgs/environment/ament_prefix_path.sh
[9.665s] -- Installing: /workspace/foxy_ws/install/share/unique_identifier_msgs/environment/ament_prefix_path.dsv
[9.665s] -- Installing: /workspace/foxy_ws/install/share/unique_identifier_msgs/environment/path.sh
[9.665s] -- Installing: /workspace/foxy_ws/install/share/unique_identifier_msgs/environment/path.dsv
[9.665s] -- Installing: /workspace/foxy_ws/install/share/unique_identifier_msgs/local_setup.bash
[9.666s] -- Installing: /workspace/foxy_ws/install/share/unique_identifier_msgs/local_setup.sh
[9.666s] -- Installing: /workspace/foxy_ws/install/share/unique_identifier_msgs/local_setup.zsh
[9.666s] -- Installing: /workspace/foxy_ws/install/share/unique_identifier_msgs/local_setup.dsv
[9.666s] -- Installing: /workspace/foxy_ws/install/share/unique_identifier_msgs/package.dsv
[9.666s] -- Installing: /workspace/foxy_ws/install/share/ament_index/resource_index/packages/unique_identifier_msgs
[9.666s] -- Installing: /workspace/foxy_ws/install/share/unique_identifier_msgs/cmake/unique_identifier_msgs__rosidl_generator_cExport.cmake
[9.666s] -- Installing: /workspace/foxy_ws/install/share/unique_identifier_msgs/cmake/unique_identifier_msgs__rosidl_generator_cExport-noconfig.cmake
[9.666s] -- Installing: /workspace/foxy_ws/install/share/unique_identifier_msgs/cmake/unique_identifier_msgs__rosidl_typesupport_introspection_cExport.cmake
[9.667s] -- Installing: /workspace/foxy_ws/install/share/unique_identifier_msgs/cmake/unique_identifier_msgs__rosidl_typesupport_introspection_cExport-noconfig.cmake
[9.667s] -- Installing: /workspace/foxy_ws/install/share/unique_identifier_msgs/cmake/unique_identifier_msgs__rosidl_typesupport_cExport.cmake
[9.667s] -- Installing: /workspace/foxy_ws/install/share/unique_identifier_msgs/cmake/unique_identifier_msgs__rosidl_typesupport_cExport-noconfig.cmake
[9.667s] -- Installing: /workspace/foxy_ws/install/share/unique_identifier_msgs/cmake/unique_identifier_msgs__rosidl_generator_cppExport.cmake
[9.667s] -- Installing: /workspace/foxy_ws/install/share/unique_identifier_msgs/cmake/unique_identifier_msgs__rosidl_typesupport_introspection_cppExport.cmake
[9.667s] -- Installing: /workspace/foxy_ws/install/share/unique_identifier_msgs/cmake/unique_identifier_msgs__rosidl_typesupport_introspection_cppExport-noconfig.cmake
[9.667s] -- Installing: /workspace/foxy_ws/install/share/unique_identifier_msgs/cmake/unique_identifier_msgs__rosidl_typesupport_cppExport.cmake
[9.669s] -- Installing: /workspace/foxy_ws/install/share/unique_identifier_msgs/cmake/unique_identifier_msgs__rosidl_typesupport_cppExport-noconfig.cmake
[9.669s] -- Installing: /workspace/foxy_ws/install/share/unique_identifier_msgs/cmake/rosidl_cmake-extras.cmake
[9.669s] -- Installing: /workspace/foxy_ws/install/share/unique_identifier_msgs/cmake/ament_cmake_export_dependencies-extras.cmake
[9.669s] -- Installing: /workspace/foxy_ws/install/share/unique_identifier_msgs/cmake/ament_cmake_export_libraries-extras.cmake
[9.669s] -- Installing: /workspace/foxy_ws/install/share/unique_identifier_msgs/cmake/ament_cmake_export_targets-extras.cmake
[9.669s] -- Installing: /workspace/foxy_ws/install/share/unique_identifier_msgs/cmake/ament_cmake_export_include_directories-extras.cmake
[9.670s] -- Installing: /workspace/foxy_ws/install/share/unique_identifier_msgs/cmake/rosidl_cmake_export_typesupport_libraries-extras.cmake
[9.670s] -- Installing: /workspace/foxy_ws/install/share/unique_identifier_msgs/cmake/rosidl_cmake_export_typesupport_targets-extras.cmake
[9.670s] -- Installing: /workspace/foxy_ws/install/share/unique_identifier_msgs/cmake/unique_identifier_msgsConfig.cmake
[9.670s] -- Installing: /workspace/foxy_ws/install/share/unique_identifier_msgs/cmake/unique_identifier_msgsConfig-version.cmake
[9.670s] -- Installing: /workspace/foxy_ws/install/share/unique_identifier_msgs/package.xml
[9.670s] -- Installing: /workspace/foxy_ws/install/share/unique_identifier_msgs/mapping_rules.yaml
[9.670s] Invoked command in '/workspace/foxy_ws/build/unique_identifier_msgs' returned '0': AMENT_PREFIX_PATH=/workspace/foxy_ws/install CMAKE_PREFIX_PATH=/workspace/foxy_ws/install LD_LIBRARY_PATH=/workspace/foxy_ws/install/lib PATH=/workspace/foxy_ws/install/bin:${PATH} PKG_CONFIG_PATH=/workspace/foxy_ws/install/lib/x86_64-linux-gnu/pkgconfig:/workspace/foxy_ws/install/lib/pkgconfig PYTHONPATH=/workspace/foxy_ws/install/lib/python3.10/site-packages /usr/bin/cmake --install /workspace/foxy_ws/build/unique_identifier_msgs
