-- The C compiler identification is GNU 9.4.0
-- The CXX compiler identification is GNU 9.4.0
-- Check for working C compiler: /usr/bin/cc
-- Check for working C compiler: /usr/bin/cc -- works
-- Detecting C compiler ABI info
-- Detecting C compiler ABI info - done
-- Detecting C compile features
-- Detecting C compile features - done
-- Check for working CXX compiler: /usr/bin/c++
-- Check for working CXX compiler: /usr/bin/c++ -- works
-- Detecting CXX compiler ABI info
-- Detecting CXX compiler ABI info - done
-- Detecting CXX compile features
-- Detecting CXX compile features - done
-- Found ament_cmake: 0.9.12 (/workspace/foxy_ws/install/share/ament_cmake/cmake)
-- Found PythonInterp: /usr/bin/python3 (found suitable version "3.10.14", minimum required is "3") 
-- Using PYTHON_EXECUTABLE: /usr/bin/python3
-- Found rmw_implementation_cmake: 1.0.4 (/workspace/foxy_ws/install/share/rmw_implementation_cmake/cmake)
-- Found ament_lint_auto: 0.9.8 (/workspace/foxy_ws/install/share/ament_lint_auto/cmake)
-- Found rmw_fastrtps_cpp: 1.3.2 (/workspace/foxy_ws/install/share/rmw_fastrtps_cpp/cmake)
-- Using all available rosidl_typesupport_c: rosidl_typesupport_fastrtps_c;rosidl_typesupport_introspection_c
-- Found rosidl_adapter: 1.3.1 (/workspace/foxy_ws/install/share/rosidl_adapter/cmake)
-- Found OpenSSL: /usr/lib/x86_64-linux-gnu/libcrypto.so (found version "1.1.1f")  
-- Found FastRTPS: /workspace/foxy_ws/install/include  
-- Using all available rosidl_typesupport_cpp: rosidl_typesupport_fastrtps_cpp;rosidl_typesupport_introspection_cpp
-- 
-- Default rmw implementation: 'rmw_fastrtps_cpp'
-- 
-- Runtime selection of RMW enabled
-- Found gtest sources under '/workspace/foxy_ws/install/src/gtest_vendor': C++ tests using 'Google Test' will be built
-- Looking for pthread.h
-- Looking for pthread.h - found
-- Performing Test CMAKE_HAVE_LIBC_PTHREAD
-- Performing Test CMAKE_HAVE_LIBC_PTHREAD - Failed
-- Check if compiler accepts -pthread
-- Check if compiler accepts -pthread - yes
-- Found Threads: TRUE  
-- Creating API tests for 'rmw_cyclonedds_cpp'
-- Performance tests are disabled by default, so Google Benchmark tests will be skipped. To enable these tests, set the CMake variable 'AMENT_RUN_PERFORMANCE_TESTS'.
-- Creating API tests for 'rmw_fastrtps_cpp'
-- Added test 'copyright' to check source files copyright and LICENSE
-- Added test 'cppcheck' to perform static code analysis on C / C++ code
-- Configured cppcheck include dirs: /workspace/foxy_ws/install/include
-- Configured cppcheck exclude dirs and/or files: 
-- Added test 'cpplint' to check C / C++ code against the Google style
-- Configured cpplint exclude dirs and/or files: 
-- Added test 'lint_cmake' to check CMake code style
-- Added test 'uncrustify' to check C / C++ code style
-- Configured uncrustify additional arguments: 
-- Added test 'xmllint' to check XML markup files
-- Configuring done
-- Generating done
-- Build files have been written to: /workspace/foxy_ws/build/rmw_implementation
Scanning dependencies of target gtest_main
Scanning dependencies of target rmw_implementation
[  8%] Building CXX object gtest/CMakeFiles/gtest_main.dir/src/gtest_main.cc.o
Scanning dependencies of target gtest
[ 16%] Building CXX object gtest/CMakeFiles/gtest.dir/src/gtest-all.cc.o
[ 25%] Building CXX object CMakeFiles/rmw_implementation.dir/src/functions.cpp.o
[ 33%] Linking CXX shared library librmw_implementation.so
[ 33%] Built target rmw_implementation
Scanning dependencies of target benchmark_symbols__rmw_cyclonedds_cpp
Scanning dependencies of target benchmark_symbols__rmw_fastrtps_cpp
[ 50%] Building CXX object CMakeFiles/benchmark_symbols__rmw_cyclonedds_cpp.dir/test/benchmark/benchmark_symbols.cpp.o
[ 50%] Building CXX object CMakeFiles/benchmark_symbols__rmw_fastrtps_cpp.dir/test/benchmark/benchmark_symbols.cpp.o
[ 58%] Linking CXX static library libgtest_main.a
[ 58%] Built target gtest_main
[ 66%] Linking CXX executable benchmark_symbols__rmw_fastrtps_cpp
[ 75%] Linking CXX executable benchmark_symbols__rmw_cyclonedds_cpp
[ 75%] Built target benchmark_symbols__rmw_fastrtps_cpp
[ 75%] Built target benchmark_symbols__rmw_cyclonedds_cpp
[ 83%] Linking CXX static library libgtest.a
[ 83%] Built target gtest
Scanning dependencies of target test_functions
[ 91%] Building CXX object CMakeFiles/test_functions.dir/test/test_functions.cpp.o
[100%] Linking CXX executable test_functions
[100%] Built target test_functions
-- Install configuration: ""
-- Installing: /workspace/foxy_ws/install/share/rmw_implementation/environment/library_path.sh
-- Installing: /workspace/foxy_ws/install/share/rmw_implementation/environment/library_path.dsv
-- Installing: /workspace/foxy_ws/install/lib/librmw_implementation.so
-- Set runtime path of "/workspace/foxy_ws/install/lib/librmw_implementation.so" to ""
-- Installing: /workspace/foxy_ws/install/share/ament_index/resource_index/rmw_typesupport_c/rmw_implementation
-- Installing: /workspace/foxy_ws/install/share/ament_index/resource_index/rmw_typesupport_cpp/rmw_implementation
-- Installing: /workspace/foxy_ws/install/share/ament_index/resource_index/rmw_typesupport/rmw_implementation
-- Installing: /workspace/foxy_ws/install/share/ament_index/resource_index/package_run_dependencies/rmw_implementation
-- Installing: /workspace/foxy_ws/install/share/ament_index/resource_index/parent_prefix_path/rmw_implementation
-- Installing: /workspace/foxy_ws/install/share/rmw_implementation/environment/ament_prefix_path.sh
-- Installing: /workspace/foxy_ws/install/share/rmw_implementation/environment/ament_prefix_path.dsv
-- Installing: /workspace/foxy_ws/install/share/rmw_implementation/environment/path.sh
-- Installing: /workspace/foxy_ws/install/share/rmw_implementation/environment/path.dsv
-- Installing: /workspace/foxy_ws/install/share/rmw_implementation/local_setup.bash
-- Installing: /workspace/foxy_ws/install/share/rmw_implementation/local_setup.sh
-- Installing: /workspace/foxy_ws/install/share/rmw_implementation/local_setup.zsh
-- Installing: /workspace/foxy_ws/install/share/rmw_implementation/local_setup.dsv
-- Installing: /workspace/foxy_ws/install/share/rmw_implementation/package.dsv
-- Installing: /workspace/foxy_ws/install/share/ament_index/resource_index/packages/rmw_implementation
-- Installing: /workspace/foxy_ws/install/share/rmw_implementation/cmake/rmw_implementationExport.cmake
-- Installing: /workspace/foxy_ws/install/share/rmw_implementation/cmake/rmw_implementationExport-noconfig.cmake
-- Installing: /workspace/foxy_ws/install/share/rmw_implementation/cmake/rmw_implementation-extras.cmake
-- Installing: /workspace/foxy_ws/install/share/rmw_implementation/cmake/ament_cmake_export_libraries-extras.cmake
-- Installing: /workspace/foxy_ws/install/share/rmw_implementation/cmake/ament_cmake_export_targets-extras.cmake
-- Installing: /workspace/foxy_ws/install/share/rmw_implementation/cmake/ament_cmake_export_dependencies-extras.cmake
-- Installing: /workspace/foxy_ws/install/share/rmw_implementation/cmake/rmw_implementationConfig.cmake
-- Installing: /workspace/foxy_ws/install/share/rmw_implementation/cmake/rmw_implementationConfig-version.cmake
-- Installing: /workspace/foxy_ws/install/share/rmw_implementation/package.xml
