[0.116s] Invoking command in '/workspace/foxy_ws/build/rmw_implementation': AMENT_PREFIX_PATH=/workspace/foxy_ws/install CMAKE_PREFIX_PATH=/workspace/foxy_ws/install LD_LIBRARY_PATH=/workspace/foxy_ws/install/lib PATH=/workspace/foxy_ws/install/bin:${PATH} PKG_CONFIG_PATH=/workspace/foxy_ws/install/lib/x86_64-linux-gnu/pkgconfig:/workspace/foxy_ws/install/lib/pkgconfig PYTHONPATH=/workspace/foxy_ws/install/lib/python3.10/site-packages /usr/bin/cmake /workspace/foxy_ws/src/rmw_implementation/rmw_implementation -DCMAKE_INSTALL_PREFIX=/workspace/foxy_ws/install
[0.165s] -- The C compiler identification is GNU 9.4.0
[0.212s] -- The CXX compiler identification is GNU 9.4.0
[0.216s] -- Check for working C compiler: /usr/bin/cc
[0.270s] -- Check for working C compiler: /usr/bin/cc -- works
[0.271s] -- Detecting C compiler ABI info
[0.321s] -- Detecting C compiler ABI info - done
[0.329s] -- Detecting C compile features
[0.329s] -- Detecting C compile features - done
[0.331s] -- Check for working CXX compiler: /usr/bin/c++
[0.393s] -- Check for working CXX compiler: /usr/bin/c++ -- works
[0.394s] -- Detecting CXX compiler ABI info
[0.453s] -- Detecting CXX compiler ABI info - done
[0.467s] -- Detecting CXX compile features
[0.467s] -- Detecting CXX compile features - done
[0.469s] -- Found ament_cmake: 0.9.12 (/workspace/foxy_ws/install/share/ament_cmake/cmake)
[0.485s] -- Found PythonInterp: /usr/bin/python3 (found suitable version "3.10.14", minimum required is "3") 
[0.485s] -- Using PYTHON_EXECUTABLE: /usr/bin/python3
[0.624s] -- Found rmw_implementation_cmake: 1.0.4 (/workspace/foxy_ws/install/share/rmw_implementation_cmake/cmake)
[0.625s] -- Found ament_lint_auto: 0.9.8 (/workspace/foxy_ws/install/share/ament_lint_auto/cmake)
[0.700s] -- Found rmw_fastrtps_cpp: 1.3.2 (/workspace/foxy_ws/install/share/rmw_fastrtps_cpp/cmake)
[0.732s] -- Using all available rosidl_typesupport_c: rosidl_typesupport_fastrtps_c;rosidl_typesupport_introspection_c
[0.737s] -- Found rosidl_adapter: 1.3.1 (/workspace/foxy_ws/install/share/rosidl_adapter/cmake)
[0.754s] -- Found OpenSSL: /usr/lib/x86_64-linux-gnu/libcrypto.so (found version "1.1.1f")  
[0.771s] -- Found FastRTPS: /workspace/foxy_ws/install/include  
[0.825s] -- Using all available rosidl_typesupport_cpp: rosidl_typesupport_fastrtps_cpp;rosidl_typesupport_introspection_cpp
[0.916s] -- 
[0.916s] -- Default rmw implementation: 'rmw_fastrtps_cpp'
[0.916s] -- 
[0.916s] -- Runtime selection of RMW enabled
[0.921s] -- Found gtest sources under '/workspace/foxy_ws/install/src/gtest_vendor': C++ tests using 'Google Test' will be built
[0.923s] -- Looking for pthread.h
[0.987s] -- Looking for pthread.h - found
[0.987s] -- Performing Test CMAKE_HAVE_LIBC_PTHREAD
[1.042s] -- Performing Test CMAKE_HAVE_LIBC_PTHREAD - Failed
[1.042s] -- Check if compiler accepts -pthread
[1.108s] -- Check if compiler accepts -pthread - yes
[1.109s] -- Found Threads: TRUE  
[1.120s] -- Creating API tests for 'rmw_cyclonedds_cpp'
[1.121s] -- Performance tests are disabled by default, so Google Benchmark tests will be skipped. To enable these tests, set the CMake variable 'AMENT_RUN_PERFORMANCE_TESTS'.
[1.123s] -- Creating API tests for 'rmw_fastrtps_cpp'
[1.127s] -- Added test 'copyright' to check source files copyright and LICENSE
[1.132s] -- Added test 'cppcheck' to perform static code analysis on C / C++ code
[1.133s] -- Configured cppcheck include dirs: /workspace/foxy_ws/install/include
[1.133s] -- Configured cppcheck exclude dirs and/or files: 
[1.137s] -- Added test 'cpplint' to check C / C++ code against the Google style
[1.138s] -- Configured cpplint exclude dirs and/or files: 
[1.140s] -- Added test 'lint_cmake' to check CMake code style
[1.143s] -- Added test 'uncrustify' to check C / C++ code style
[1.143s] -- Configured uncrustify additional arguments: 
[1.144s] -- Added test 'xmllint' to check XML markup files
[1.148s] -- Configuring done
[1.158s] -- Generating done
[1.160s] -- Build files have been written to: /workspace/foxy_ws/build/rmw_implementation
[1.164s] Invoked command in '/workspace/foxy_ws/build/rmw_implementation' returned '0': AMENT_PREFIX_PATH=/workspace/foxy_ws/install CMAKE_PREFIX_PATH=/workspace/foxy_ws/install LD_LIBRARY_PATH=/workspace/foxy_ws/install/lib PATH=/workspace/foxy_ws/install/bin:${PATH} PKG_CONFIG_PATH=/workspace/foxy_ws/install/lib/x86_64-linux-gnu/pkgconfig:/workspace/foxy_ws/install/lib/pkgconfig PYTHONPATH=/workspace/foxy_ws/install/lib/python3.10/site-packages /usr/bin/cmake /workspace/foxy_ws/src/rmw_implementation/rmw_implementation -DCMAKE_INSTALL_PREFIX=/workspace/foxy_ws/install
[1.165s] Invoking command in '/workspace/foxy_ws/build/rmw_implementation': AMENT_PREFIX_PATH=/workspace/foxy_ws/install CMAKE_PREFIX_PATH=/workspace/foxy_ws/install LD_LIBRARY_PATH=/workspace/foxy_ws/install/lib PATH=/workspace/foxy_ws/install/bin:${PATH} PKG_CONFIG_PATH=/workspace/foxy_ws/install/lib/x86_64-linux-gnu/pkgconfig:/workspace/foxy_ws/install/lib/pkgconfig PYTHONPATH=/workspace/foxy_ws/install/lib/python3.10/site-packages /usr/bin/cmake --build /workspace/foxy_ws/build/rmw_implementation -- -j12 -l12
[1.198s] Scanning dependencies of target gtest_main
[1.202s] Scanning dependencies of target rmw_implementation
[1.205s] [  8%] Building CXX object gtest/CMakeFiles/gtest_main.dir/src/gtest_main.cc.o
[1.205s] Scanning dependencies of target gtest
[1.213s] [ 16%] Building CXX object gtest/CMakeFiles/gtest.dir/src/gtest-all.cc.o
[1.213s] [ 25%] Building CXX object CMakeFiles/rmw_implementation.dir/src/functions.cpp.o
[1.635s] [ 33%] Linking CXX shared library librmw_implementation.so
[1.711s] [ 33%] Built target rmw_implementation
[1.726s] Scanning dependencies of target benchmark_symbols__rmw_cyclonedds_cpp
[1.727s] Scanning dependencies of target benchmark_symbols__rmw_fastrtps_cpp
[1.737s] [ 50%] Building CXX object CMakeFiles/benchmark_symbols__rmw_cyclonedds_cpp.dir/test/benchmark/benchmark_symbols.cpp.o
[1.737s] [ 50%] Building CXX object CMakeFiles/benchmark_symbols__rmw_fastrtps_cpp.dir/test/benchmark/benchmark_symbols.cpp.o
[1.993s] [ 58%] Linking CXX static library libgtest_main.a
[2.030s] [ 58%] Built target gtest_main
[2.565s] [ 66%] Linking CXX executable benchmark_symbols__rmw_fastrtps_cpp
[2.625s] [ 75%] Linking CXX executable benchmark_symbols__rmw_cyclonedds_cpp
[2.659s] [ 75%] Built target benchmark_symbols__rmw_fastrtps_cpp
[2.718s] [ 75%] Built target benchmark_symbols__rmw_cyclonedds_cpp
[4.550s] [ 83%] Linking CXX static library libgtest.a
[4.733s] [ 83%] Built target gtest
[4.783s] Scanning dependencies of target test_functions
[4.809s] [ 91%] Building CXX object CMakeFiles/test_functions.dir/test/test_functions.cpp.o
[5.844s] [100%] Linking CXX executable test_functions
[5.934s] [100%] Built target test_functions
[5.942s] Invoked command in '/workspace/foxy_ws/build/rmw_implementation' returned '0': AMENT_PREFIX_PATH=/workspace/foxy_ws/install CMAKE_PREFIX_PATH=/workspace/foxy_ws/install LD_LIBRARY_PATH=/workspace/foxy_ws/install/lib PATH=/workspace/foxy_ws/install/bin:${PATH} PKG_CONFIG_PATH=/workspace/foxy_ws/install/lib/x86_64-linux-gnu/pkgconfig:/workspace/foxy_ws/install/lib/pkgconfig PYTHONPATH=/workspace/foxy_ws/install/lib/python3.10/site-packages /usr/bin/cmake --build /workspace/foxy_ws/build/rmw_implementation -- -j12 -l12
[5.959s] Invoking command in '/workspace/foxy_ws/build/rmw_implementation': AMENT_PREFIX_PATH=/workspace/foxy_ws/install CMAKE_PREFIX_PATH=/workspace/foxy_ws/install LD_LIBRARY_PATH=/workspace/foxy_ws/install/lib PATH=/workspace/foxy_ws/install/bin:${PATH} PKG_CONFIG_PATH=/workspace/foxy_ws/install/lib/x86_64-linux-gnu/pkgconfig:/workspace/foxy_ws/install/lib/pkgconfig PYTHONPATH=/workspace/foxy_ws/install/lib/python3.10/site-packages /usr/bin/cmake --install /workspace/foxy_ws/build/rmw_implementation
[5.965s] -- Install configuration: ""
[5.965s] -- Installing: /workspace/foxy_ws/install/share/rmw_implementation/environment/library_path.sh
[5.965s] -- Installing: /workspace/foxy_ws/install/share/rmw_implementation/environment/library_path.dsv
[5.966s] -- Installing: /workspace/foxy_ws/install/lib/librmw_implementation.so
[5.966s] -- Set runtime path of "/workspace/foxy_ws/install/lib/librmw_implementation.so" to ""
[5.966s] -- Installing: /workspace/foxy_ws/install/share/ament_index/resource_index/rmw_typesupport_c/rmw_implementation
[5.966s] -- Installing: /workspace/foxy_ws/install/share/ament_index/resource_index/rmw_typesupport_cpp/rmw_implementation
[5.966s] -- Installing: /workspace/foxy_ws/install/share/ament_index/resource_index/rmw_typesupport/rmw_implementation
[5.966s] -- Installing: /workspace/foxy_ws/install/share/ament_index/resource_index/package_run_dependencies/rmw_implementation
[5.966s] -- Installing: /workspace/foxy_ws/install/share/ament_index/resource_index/parent_prefix_path/rmw_implementation
[5.967s] -- Installing: /workspace/foxy_ws/install/share/rmw_implementation/environment/ament_prefix_path.sh
[5.967s] -- Installing: /workspace/foxy_ws/install/share/rmw_implementation/environment/ament_prefix_path.dsv
[5.967s] -- Installing: /workspace/foxy_ws/install/share/rmw_implementation/environment/path.sh
[5.967s] -- Installing: /workspace/foxy_ws/install/share/rmw_implementation/environment/path.dsv
[5.967s] -- Installing: /workspace/foxy_ws/install/share/rmw_implementation/local_setup.bash
[5.967s] -- Installing: /workspace/foxy_ws/install/share/rmw_implementation/local_setup.sh
[5.967s] -- Installing: /workspace/foxy_ws/install/share/rmw_implementation/local_setup.zsh
[5.968s] -- Installing: /workspace/foxy_ws/install/share/rmw_implementation/local_setup.dsv
[5.968s] -- Installing: /workspace/foxy_ws/install/share/rmw_implementation/package.dsv
[5.968s] -- Installing: /workspace/foxy_ws/install/share/ament_index/resource_index/packages/rmw_implementation
[5.968s] -- Installing: /workspace/foxy_ws/install/share/rmw_implementation/cmake/rmw_implementationExport.cmake
[5.968s] -- Installing: /workspace/foxy_ws/install/share/rmw_implementation/cmake/rmw_implementationExport-noconfig.cmake
[5.968s] -- Installing: /workspace/foxy_ws/install/share/rmw_implementation/cmake/rmw_implementation-extras.cmake
[5.968s] -- Installing: /workspace/foxy_ws/install/share/rmw_implementation/cmake/ament_cmake_export_libraries-extras.cmake
[5.968s] -- Installing: /workspace/foxy_ws/install/share/rmw_implementation/cmake/ament_cmake_export_targets-extras.cmake
[5.969s] -- Installing: /workspace/foxy_ws/install/share/rmw_implementation/cmake/ament_cmake_export_dependencies-extras.cmake
[5.969s] -- Installing: /workspace/foxy_ws/install/share/rmw_implementation/cmake/rmw_implementationConfig.cmake
[5.969s] -- Installing: /workspace/foxy_ws/install/share/rmw_implementation/cmake/rmw_implementationConfig-version.cmake
[5.969s] -- Installing: /workspace/foxy_ws/install/share/rmw_implementation/package.xml
[5.970s] Invoked command in '/workspace/foxy_ws/build/rmw_implementation' returned '0': AMENT_PREFIX_PATH=/workspace/foxy_ws/install CMAKE_PREFIX_PATH=/workspace/foxy_ws/install LD_LIBRARY_PATH=/workspace/foxy_ws/install/lib PATH=/workspace/foxy_ws/install/bin:${PATH} PKG_CONFIG_PATH=/workspace/foxy_ws/install/lib/x86_64-linux-gnu/pkgconfig:/workspace/foxy_ws/install/lib/pkgconfig PYTHONPATH=/workspace/foxy_ws/install/lib/python3.10/site-packages /usr/bin/cmake --install /workspace/foxy_ws/build/rmw_implementation
