-- The C compiler identification is GNU 9.4.0
-- The CXX compiler identification is GNU 9.4.0
-- Check for working C compiler: /usr/bin/cc
-- Check for working C compiler: /usr/bin/cc -- works
-- Detecting C compiler ABI info
-- Detecting C compiler ABI info - done
-- Detecting C compile features
-- Detecting C compile features - done
-- Check for working CXX compiler: /usr/bin/c++
-- Check for working CXX compiler: /usr/bin/c++ -- works
-- Detecting CXX compiler ABI info
-- Detecting CXX compiler ABI info - done
-- Detecting CXX compile features
-- Detecting CXX compile features - done
-- Found ament_cmake: 0.9.12 (/workspace/foxy_ws/install/share/ament_cmake/cmake)
-- Found PythonInterp: /usr/bin/python3 (found suitable version "3.10.14", minimum required is "3") 
-- Using PYTHON_EXECUTABLE: /usr/bin/python3
-- Found ament_lint_auto: 0.9.8 (/workspace/foxy_ws/install/share/ament_lint_auto/cmake)
-- Added test 'copyright' to check source files copyright and LICENSE
-- Added test 'cppcheck' to perform static code analysis on C / C++ code
-- Configured cppcheck include dirs: 
-- Configured cppcheck exclude dirs and/or files: 
-- Added test 'cpplint' to check C / C++ code against the Google style
-- Configured cpplint exclude dirs and/or files: 
-- Added test 'lint_cmake' to check CMake code style
-- Added test 'uncrustify' to check C / C++ code style
-- Configured uncrustify additional arguments: 
-- Added test 'xmllint' to check XML markup files
-- Configuring done
-- Generating done
-- Build files have been written to: /workspace/foxy_ws/build/connext_cmake_module
-- Install configuration: ""
-- Installing: /workspace/foxy_ws/install/share/ament_index/resource_index/package_run_dependencies/connext_cmake_module
-- Installing: /workspace/foxy_ws/install/share/ament_index/resource_index/parent_prefix_path/connext_cmake_module
-- Installing: /workspace/foxy_ws/install/share/connext_cmake_module/environment/ament_prefix_path.sh
-- Installing: /workspace/foxy_ws/install/share/connext_cmake_module/environment/ament_prefix_path.dsv
-- Installing: /workspace/foxy_ws/install/share/connext_cmake_module/environment/path.sh
-- Installing: /workspace/foxy_ws/install/share/connext_cmake_module/environment/path.dsv
-- Installing: /workspace/foxy_ws/install/share/connext_cmake_module/local_setup.bash
-- Installing: /workspace/foxy_ws/install/share/connext_cmake_module/local_setup.sh
-- Installing: /workspace/foxy_ws/install/share/connext_cmake_module/local_setup.zsh
-- Installing: /workspace/foxy_ws/install/share/connext_cmake_module/local_setup.dsv
-- Installing: /workspace/foxy_ws/install/share/connext_cmake_module/package.dsv
-- Installing: /workspace/foxy_ws/install/share/ament_index/resource_index/packages/connext_cmake_module
-- Installing: /workspace/foxy_ws/install/share/connext_cmake_module/cmake/connext_cmake_module-extras.cmake
-- Installing: /workspace/foxy_ws/install/share/connext_cmake_module/cmake/connext_cmake_moduleConfig.cmake
-- Installing: /workspace/foxy_ws/install/share/connext_cmake_module/cmake/connext_cmake_moduleConfig-version.cmake
-- Installing: /workspace/foxy_ws/install/share/connext_cmake_module/package.xml
-- Up-to-date: /workspace/foxy_ws/install/share/connext_cmake_module/cmake
-- Installing: /workspace/foxy_ws/install/share/connext_cmake_module/cmake/check_abi.cmake
-- Installing: /workspace/foxy_ws/install/share/connext_cmake_module/cmake/Modules
-- Installing: /workspace/foxy_ws/install/share/connext_cmake_module/cmake/Modules/FindConnext.cmake
-- Installing: /workspace/foxy_ws/install/share/connext_cmake_module/cmake/check_abi.cpp
