[0.060s] Invoking command in '/workspace/foxy_ws/build/connext_cmake_module': AMENT_PREFIX_PATH=/workspace/foxy_ws/install CMAKE_PREFIX_PATH=/workspace/foxy_ws/install LD_LIBRARY_PATH=/workspace/foxy_ws/install/lib PATH=/workspace/foxy_ws/install/bin:${PATH} PYTHONPATH=/workspace/foxy_ws/install/lib/python3.10/site-packages /usr/bin/cmake /workspace/foxy_ws/src/rosidl_typesupport_connext/connext_cmake_module -DCMAKE_INSTALL_PREFIX=/workspace/foxy_ws/install
[0.130s] -- The C compiler identification is GNU 9.4.0
[0.190s] -- The CXX compiler identification is GNU 9.4.0
[0.208s] -- Check for working C compiler: /usr/bin/cc
[0.451s] -- Check for working C compiler: /usr/bin/cc -- works
[0.451s] -- Detecting C compiler ABI info
[0.806s] -- Detecting C compiler ABI info - done
[0.894s] -- Detecting C compile features
[0.894s] -- Detecting C compile features - done
[0.894s] -- Check for working CXX compiler: /usr/bin/c++
[1.094s] -- Check for working CXX compiler: /usr/bin/c++ -- works
[1.094s] -- Detecting CXX compiler ABI info
[1.283s] -- Detecting CXX compiler ABI info - done
[1.294s] -- Detecting CXX compile features
[1.294s] -- Detecting CXX compile features - done
[1.296s] -- Found ament_cmake: 0.9.12 (/workspace/foxy_ws/install/share/ament_cmake/cmake)
[1.316s] -- Found PythonInterp: /usr/bin/python3 (found suitable version "3.10.14", minimum required is "3") 
[1.316s] -- Using PYTHON_EXECUTABLE: /usr/bin/python3
[1.539s] -- Found ament_lint_auto: 0.9.8 (/workspace/foxy_ws/install/share/ament_lint_auto/cmake)
[1.626s] -- Added test 'copyright' to check source files copyright and LICENSE
[1.631s] -- Added test 'cppcheck' to perform static code analysis on C / C++ code
[1.631s] -- Configured cppcheck include dirs: 
[1.631s] -- Configured cppcheck exclude dirs and/or files: 
[1.635s] -- Added test 'cpplint' to check C / C++ code against the Google style
[1.636s] -- Configured cpplint exclude dirs and/or files: 
[1.638s] -- Added test 'lint_cmake' to check CMake code style
[1.646s] -- Added test 'uncrustify' to check C / C++ code style
[1.646s] -- Configured uncrustify additional arguments: 
[1.646s] -- Added test 'xmllint' to check XML markup files
[1.647s] -- Configuring done
[1.649s] -- Generating done
[1.650s] -- Build files have been written to: /workspace/foxy_ws/build/connext_cmake_module
[1.656s] Invoked command in '/workspace/foxy_ws/build/connext_cmake_module' returned '0': AMENT_PREFIX_PATH=/workspace/foxy_ws/install CMAKE_PREFIX_PATH=/workspace/foxy_ws/install LD_LIBRARY_PATH=/workspace/foxy_ws/install/lib PATH=/workspace/foxy_ws/install/bin:${PATH} PYTHONPATH=/workspace/foxy_ws/install/lib/python3.10/site-packages /usr/bin/cmake /workspace/foxy_ws/src/rosidl_typesupport_connext/connext_cmake_module -DCMAKE_INSTALL_PREFIX=/workspace/foxy_ws/install
[1.658s] Invoking command in '/workspace/foxy_ws/build/connext_cmake_module': AMENT_PREFIX_PATH=/workspace/foxy_ws/install CMAKE_PREFIX_PATH=/workspace/foxy_ws/install LD_LIBRARY_PATH=/workspace/foxy_ws/install/lib PATH=/workspace/foxy_ws/install/bin:${PATH} PYTHONPATH=/workspace/foxy_ws/install/lib/python3.10/site-packages /usr/bin/cmake --build /workspace/foxy_ws/build/connext_cmake_module -- -j12 -l12
[1.753s] Invoked command in '/workspace/foxy_ws/build/connext_cmake_module' returned '0': AMENT_PREFIX_PATH=/workspace/foxy_ws/install CMAKE_PREFIX_PATH=/workspace/foxy_ws/install LD_LIBRARY_PATH=/workspace/foxy_ws/install/lib PATH=/workspace/foxy_ws/install/bin:${PATH} PYTHONPATH=/workspace/foxy_ws/install/lib/python3.10/site-packages /usr/bin/cmake --build /workspace/foxy_ws/build/connext_cmake_module -- -j12 -l12
[1.766s] Invoking command in '/workspace/foxy_ws/build/connext_cmake_module': AMENT_PREFIX_PATH=/workspace/foxy_ws/install CMAKE_PREFIX_PATH=/workspace/foxy_ws/install LD_LIBRARY_PATH=/workspace/foxy_ws/install/lib PATH=/workspace/foxy_ws/install/bin:${PATH} PYTHONPATH=/workspace/foxy_ws/install/lib/python3.10/site-packages /usr/bin/cmake --install /workspace/foxy_ws/build/connext_cmake_module
[1.780s] -- Install configuration: ""
[1.781s] -- Installing: /workspace/foxy_ws/install/share/ament_index/resource_index/package_run_dependencies/connext_cmake_module
[1.789s] -- Installing: /workspace/foxy_ws/install/share/ament_index/resource_index/parent_prefix_path/connext_cmake_module
[1.790s] -- Installing: /workspace/foxy_ws/install/share/connext_cmake_module/environment/ament_prefix_path.sh
[1.790s] -- Installing: /workspace/foxy_ws/install/share/connext_cmake_module/environment/ament_prefix_path.dsv
[1.790s] -- Installing: /workspace/foxy_ws/install/share/connext_cmake_module/environment/path.sh
[1.791s] -- Installing: /workspace/foxy_ws/install/share/connext_cmake_module/environment/path.dsv
[1.791s] -- Installing: /workspace/foxy_ws/install/share/connext_cmake_module/local_setup.bash
[1.791s] -- Installing: /workspace/foxy_ws/install/share/connext_cmake_module/local_setup.sh
[1.791s] -- Installing: /workspace/foxy_ws/install/share/connext_cmake_module/local_setup.zsh
[1.791s] -- Installing: /workspace/foxy_ws/install/share/connext_cmake_module/local_setup.dsv
[1.791s] -- Installing: /workspace/foxy_ws/install/share/connext_cmake_module/package.dsv
[1.791s] -- Installing: /workspace/foxy_ws/install/share/ament_index/resource_index/packages/connext_cmake_module
[1.792s] -- Installing: /workspace/foxy_ws/install/share/connext_cmake_module/cmake/connext_cmake_module-extras.cmake
[1.792s] -- Installing: /workspace/foxy_ws/install/share/connext_cmake_module/cmake/connext_cmake_moduleConfig.cmake
[1.792s] -- Installing: /workspace/foxy_ws/install/share/connext_cmake_module/cmake/connext_cmake_moduleConfig-version.cmake
[1.792s] -- Installing: /workspace/foxy_ws/install/share/connext_cmake_module/package.xml
[1.792s] -- Up-to-date: /workspace/foxy_ws/install/share/connext_cmake_module/cmake
[1.792s] -- Installing: /workspace/foxy_ws/install/share/connext_cmake_module/cmake/check_abi.cmake
[1.792s] -- Installing: /workspace/foxy_ws/install/share/connext_cmake_module/cmake/Modules
[1.792s] -- Installing: /workspace/foxy_ws/install/share/connext_cmake_module/cmake/Modules/FindConnext.cmake
[1.792s] -- Installing: /workspace/foxy_ws/install/share/connext_cmake_module/cmake/check_abi.cpp
[1.792s] Invoked command in '/workspace/foxy_ws/build/connext_cmake_module' returned '0': AMENT_PREFIX_PATH=/workspace/foxy_ws/install CMAKE_PREFIX_PATH=/workspace/foxy_ws/install LD_LIBRARY_PATH=/workspace/foxy_ws/install/lib PATH=/workspace/foxy_ws/install/bin:${PATH} PYTHONPATH=/workspace/foxy_ws/install/lib/python3.10/site-packages /usr/bin/cmake --install /workspace/foxy_ws/build/connext_cmake_module
