-- The C compiler identification is GNU 9.4.0
-- Check for working C compiler: /usr/bin/cc
-- Check for working C compiler: /usr/bin/cc -- works
-- Detecting C compiler ABI info
-- Detecting C compiler ABI info - done
-- Detecting C compile features
-- Detecting C compile features - done
-- Found ament_cmake_python: 0.9.12 (/workspace/foxy_ws/install/share/ament_cmake_python/cmake)
-- Found ament_cmake_ros: 0.9.2 (/workspace/foxy_ws/install/share/ament_cmake_ros/cmake)
-- Found PythonInterp: /usr/bin/python3 (found suitable version "3.10.14", minimum required is "3") 
-- Using PYTHON_EXECUTABLE: /usr/bin/python3
<string>:1: DeprecationWarning: The distutils package is deprecated and slated for removal in Python 3.12. Use setuptools or check PEP 632 for potential alternatives
<string>:1: DeprecationWarning: The distutils.sysconfig module is deprecated, use sysconfig instead
-- Found ament_lint_auto: 0.9.8 (/workspace/foxy_ws/install/share/ament_lint_auto/cmake)
-- Found test_interface_files: 0.8.1 (/workspace/foxy_ws/install/share/test_interface_files/cmake)
-- Found rosidl_runtime_c: 1.3.1 (/workspace/foxy_ws/install/share/rosidl_runtime_c/cmake)
-- Found rosidl_adapter: 1.3.1 (/workspace/foxy_ws/install/share/rosidl_adapter/cmake)
-- Found PythonInterp: /usr/bin/python3 (found version "3.10.14") 
-- Added test 'copyright' to check source files copyright and LICENSE
-- Added test 'cppcheck' to perform static code analysis on C / C++ code
-- Configured cppcheck include dirs: 
-- Configured cppcheck exclude dirs and/or files: 
-- Added test 'cpplint' to check C / C++ code against the Google style
-- Configured cpplint exclude dirs and/or files: 
-- Added test 'flake8' to check Python code syntax and style conventions
-- Added test 'lint_cmake' to check CMake code style
-- Added test 'pep257' to check Python code against some of the style conventions in PEP 257
-- Added test 'uncrustify' to check C / C++ code style
-- Configured uncrustify additional arguments: 
-- Added test 'xmllint' to check XML markup files
-- Configuring done
-- Generating done
-- Build files have been written to: /workspace/foxy_ws/build/rosidl_generator_c
[  5%] Generating C code for ROS interfaces
Scanning dependencies of target rosidl_generator_c_interfaces__rosidl_generator_c
[ 10%] Building C object CMakeFiles/rosidl_generator_c_interfaces__rosidl_generator_c.dir/rosidl_generator_c/rosidl_generator_c/msg/detail/arrays__functions.c.o
[ 15%] Building C object CMakeFiles/rosidl_generator_c_interfaces__rosidl_generator_c.dir/rosidl_generator_c/rosidl_generator_c/msg/detail/w_strings__functions.c.o
[ 20%] Building C object CMakeFiles/rosidl_generator_c_interfaces__rosidl_generator_c.dir/rosidl_generator_c/rosidl_generator_c/msg/detail/unbounded_sequences__functions.c.o
[ 25%] Building C object CMakeFiles/rosidl_generator_c_interfaces__rosidl_generator_c.dir/rosidl_generator_c/rosidl_generator_c/msg/detail/strings__functions.c.o
[ 30%] Building C object CMakeFiles/rosidl_generator_c_interfaces__rosidl_generator_c.dir/rosidl_generator_c/rosidl_generator_c/msg/detail/nested__functions.c.o
[ 35%] Building C object CMakeFiles/rosidl_generator_c_interfaces__rosidl_generator_c.dir/rosidl_generator_c/rosidl_generator_c/msg/detail/multi_nested__functions.c.o
[ 40%] Building C object CMakeFiles/rosidl_generator_c_interfaces__rosidl_generator_c.dir/rosidl_generator_c/rosidl_generator_c/msg/detail/empty__functions.c.o
[ 45%] Building C object CMakeFiles/rosidl_generator_c_interfaces__rosidl_generator_c.dir/rosidl_generator_c/rosidl_generator_c/msg/detail/defaults__functions.c.o
[ 50%] Building C object CMakeFiles/rosidl_generator_c_interfaces__rosidl_generator_c.dir/rosidl_generator_c/rosidl_generator_c/msg/detail/constants__functions.c.o
[ 55%] Building C object CMakeFiles/rosidl_generator_c_interfaces__rosidl_generator_c.dir/rosidl_generator_c/rosidl_generator_c/msg/detail/bounded_sequences__functions.c.o
[ 60%] Building C object CMakeFiles/rosidl_generator_c_interfaces__rosidl_generator_c.dir/rosidl_generator_c/rosidl_generator_c/msg/detail/basic_types__functions.c.o
[ 65%] Linking C shared library librosidl_generator_c_interfaces__rosidl_generator_c.so
[ 65%] Built target rosidl_generator_c_interfaces__rosidl_generator_c
Scanning dependencies of target test_interfaces_c
[ 70%] Building C object CMakeFiles/test_interfaces_c.dir/test/test_interfaces.c.o
[ 75%] Linking C executable test_interfaces_c
[ 75%] Built target test_interfaces_c
Scanning dependencies of target test_compilation_c
[ 80%] Building C object CMakeFiles/test_compilation_c.dir/test/test_compilation.c.o
[ 85%] Building C object CMakeFiles/test_compilation_c.dir/test/separate_compilation.c.o
[ 90%] Linking C executable test_compilation_c
[ 90%] Built target test_compilation_c
Scanning dependencies of target test_invalid_initialization_c
[ 95%] Building C object CMakeFiles/test_invalid_initialization_c.dir/test/test_invalid_initialization.c.o
[100%] Linking C executable test_invalid_initialization_c
[100%] Built target test_invalid_initialization_c
Scanning dependencies of target rosidl_generator_c_interfaces
[100%] Built target rosidl_generator_c_interfaces
-- Install configuration: ""
-- Installing: /workspace/foxy_ws/install/share/ament_index/resource_index/rosidl_generator_packages/rosidl_generator_c
-- Installing: /workspace/foxy_ws/install/share/rosidl_generator_c/environment/pythonpath.sh
-- Installing: /workspace/foxy_ws/install/share/rosidl_generator_c/environment/pythonpath.dsv
-- Installing: /workspace/foxy_ws/install/lib/python3.10/site-packages/rosidl_generator_c
-- Installing: /workspace/foxy_ws/install/lib/python3.10/site-packages/rosidl_generator_c/__init__.py
Listing '/workspace/foxy_ws/install/lib/python3.10/site-packages/rosidl_generator_c'...
Compiling '/workspace/foxy_ws/install/lib/python3.10/site-packages/rosidl_generator_c/__init__.py'...
-- Installing: /workspace/foxy_ws/install/share/ament_index/resource_index/package_run_dependencies/rosidl_generator_c
-- Installing: /workspace/foxy_ws/install/share/ament_index/resource_index/parent_prefix_path/rosidl_generator_c
-- Installing: /workspace/foxy_ws/install/share/rosidl_generator_c/environment/ament_prefix_path.sh
-- Installing: /workspace/foxy_ws/install/share/rosidl_generator_c/environment/ament_prefix_path.dsv
-- Installing: /workspace/foxy_ws/install/share/rosidl_generator_c/environment/path.sh
-- Installing: /workspace/foxy_ws/install/share/rosidl_generator_c/environment/path.dsv
-- Installing: /workspace/foxy_ws/install/share/rosidl_generator_c/local_setup.bash
-- Installing: /workspace/foxy_ws/install/share/rosidl_generator_c/local_setup.sh
-- Installing: /workspace/foxy_ws/install/share/rosidl_generator_c/local_setup.zsh
-- Installing: /workspace/foxy_ws/install/share/rosidl_generator_c/local_setup.dsv
-- Installing: /workspace/foxy_ws/install/share/rosidl_generator_c/package.dsv
-- Installing: /workspace/foxy_ws/install/share/ament_index/resource_index/packages/rosidl_generator_c
-- Installing: /workspace/foxy_ws/install/share/rosidl_generator_c/cmake/rosidl_generator_c-extras.cmake
-- Installing: /workspace/foxy_ws/install/share/rosidl_generator_c/cmake/ament_cmake_export_dependencies-extras.cmake
-- Installing: /workspace/foxy_ws/install/share/rosidl_generator_c/cmake/rosidl_cmake-extras.cmake
-- Installing: /workspace/foxy_ws/install/share/rosidl_generator_c/cmake/rosidl_generator_cConfig.cmake
-- Installing: /workspace/foxy_ws/install/share/rosidl_generator_c/cmake/rosidl_generator_cConfig-version.cmake
-- Installing: /workspace/foxy_ws/install/share/rosidl_generator_c/package.xml
-- Installing: /workspace/foxy_ws/install/lib/rosidl_generator_c/rosidl_generator_c
-- Up-to-date: /workspace/foxy_ws/install/share/rosidl_generator_c/cmake
-- Installing: /workspace/foxy_ws/install/share/rosidl_generator_c/cmake/register_c.cmake
-- Installing: /workspace/foxy_ws/install/share/rosidl_generator_c/cmake/rosidl_generator_c_generate_interfaces.cmake
-- Installing: /workspace/foxy_ws/install/share/rosidl_generator_c/resource
-- Installing: /workspace/foxy_ws/install/share/rosidl_generator_c/resource/msg__functions.h.em
-- Installing: /workspace/foxy_ws/install/share/rosidl_generator_c/resource/idl__struct.h.em
-- Installing: /workspace/foxy_ws/install/share/rosidl_generator_c/resource/idl__functions.h.em
-- Installing: /workspace/foxy_ws/install/share/rosidl_generator_c/resource/srv__type_support.h.em
-- Installing: /workspace/foxy_ws/install/share/rosidl_generator_c/resource/msg__type_support.h.em
-- Installing: /workspace/foxy_ws/install/share/rosidl_generator_c/resource/rosidl_generator_c__visibility_control.h.in
-- Installing: /workspace/foxy_ws/install/share/rosidl_generator_c/resource/msg__functions.c.em
-- Installing: /workspace/foxy_ws/install/share/rosidl_generator_c/resource/idl.h.em
-- Installing: /workspace/foxy_ws/install/share/rosidl_generator_c/resource/msg__struct.h.em
-- Installing: /workspace/foxy_ws/install/share/rosidl_generator_c/resource/action__type_support.h.em
-- Installing: /workspace/foxy_ws/install/share/rosidl_generator_c/resource/idl__functions.c.em
-- Installing: /workspace/foxy_ws/install/share/rosidl_generator_c/resource/idl__type_support.h.em
