[0.170s] Invoking command in '/workspace/foxy_ws/build/rosidl_generator_c': AMENT_PREFIX_PATH=/workspace/foxy_ws/install CMAKE_PREFIX_PATH=/workspace/foxy_ws/install LD_LIBRARY_PATH=/workspace/foxy_ws/install/lib PATH=/workspace/foxy_ws/install/bin:${PATH} PKG_CONFIG_PATH=/workspace/foxy_ws/install/lib/x86_64-linux-gnu/pkgconfig:/workspace/foxy_ws/install/lib/pkgconfig PYTHONPATH=/workspace/foxy_ws/install/lib/python3.10/site-packages /usr/bin/cmake /workspace/foxy_ws/src/rosidl/rosidl_generator_c -DCMAKE_INSTALL_PREFIX=/workspace/foxy_ws/install
[0.224s] -- The C compiler identification is GNU 9.4.0
[0.229s] -- Check for working C compiler: /usr/bin/cc
[0.308s] -- Check for working C compiler: /usr/bin/cc -- works
[0.308s] -- Detecting C compiler ABI info
[0.382s] -- Detecting C compiler ABI info - done
[0.392s] -- Detecting C compile features
[0.393s] -- Detecting C compile features - done
[0.394s] -- Found ament_cmake_python: 0.9.12 (/workspace/foxy_ws/install/share/ament_cmake_python/cmake)
[0.395s] -- Found ament_cmake_ros: 0.9.2 (/workspace/foxy_ws/install/share/ament_cmake_ros/cmake)
[0.417s] -- Found PythonInterp: /usr/bin/python3 (found suitable version "3.10.14", minimum required is "3") 
[0.417s] -- Using PYTHON_EXECUTABLE: /usr/bin/python3
[0.588s] <string>:1: DeprecationWarning: The distutils package is deprecated and slated for removal in Python 3.12. Use setuptools or check PEP 632 for potential alternatives
[0.589s] <string>:1: DeprecationWarning: The distutils.sysconfig module is deprecated, use sysconfig instead
[0.593s] -- Found ament_lint_auto: 0.9.8 (/workspace/foxy_ws/install/share/ament_lint_auto/cmake)
[0.594s] -- Found test_interface_files: 0.8.1 (/workspace/foxy_ws/install/share/test_interface_files/cmake)
[0.595s] -- Found rosidl_runtime_c: 1.3.1 (/workspace/foxy_ws/install/share/rosidl_runtime_c/cmake)
[0.673s] -- Found rosidl_adapter: 1.3.1 (/workspace/foxy_ws/install/share/rosidl_adapter/cmake)
[0.696s] -- Found PythonInterp: /usr/bin/python3 (found version "3.10.14") 
[0.861s] -- Added test 'copyright' to check source files copyright and LICENSE
[0.868s] -- Added test 'cppcheck' to perform static code analysis on C / C++ code
[0.868s] -- Configured cppcheck include dirs: 
[0.868s] -- Configured cppcheck exclude dirs and/or files: 
[0.873s] -- Added test 'cpplint' to check C / C++ code against the Google style
[0.873s] -- Configured cpplint exclude dirs and/or files: 
[0.874s] -- Added test 'flake8' to check Python code syntax and style conventions
[0.876s] -- Added test 'lint_cmake' to check CMake code style
[0.877s] -- Added test 'pep257' to check Python code against some of the style conventions in PEP 257
[0.883s] -- Added test 'uncrustify' to check C / C++ code style
[0.883s] -- Configured uncrustify additional arguments: 
[0.884s] -- Added test 'xmllint' to check XML markup files
[0.888s] -- Configuring done
[0.905s] -- Generating done
[0.906s] -- Build files have been written to: /workspace/foxy_ws/build/rosidl_generator_c
[0.914s] Invoked command in '/workspace/foxy_ws/build/rosidl_generator_c' returned '0': AMENT_PREFIX_PATH=/workspace/foxy_ws/install CMAKE_PREFIX_PATH=/workspace/foxy_ws/install LD_LIBRARY_PATH=/workspace/foxy_ws/install/lib PATH=/workspace/foxy_ws/install/bin:${PATH} PKG_CONFIG_PATH=/workspace/foxy_ws/install/lib/x86_64-linux-gnu/pkgconfig:/workspace/foxy_ws/install/lib/pkgconfig PYTHONPATH=/workspace/foxy_ws/install/lib/python3.10/site-packages /usr/bin/cmake /workspace/foxy_ws/src/rosidl/rosidl_generator_c -DCMAKE_INSTALL_PREFIX=/workspace/foxy_ws/install
[0.915s] Invoking command in '/workspace/foxy_ws/build/rosidl_generator_c': AMENT_PREFIX_PATH=/workspace/foxy_ws/install CMAKE_PREFIX_PATH=/workspace/foxy_ws/install LD_LIBRARY_PATH=/workspace/foxy_ws/install/lib PATH=/workspace/foxy_ws/install/bin:${PATH} PKG_CONFIG_PATH=/workspace/foxy_ws/install/lib/x86_64-linux-gnu/pkgconfig:/workspace/foxy_ws/install/lib/pkgconfig PYTHONPATH=/workspace/foxy_ws/install/lib/python3.10/site-packages /usr/bin/cmake --build /workspace/foxy_ws/build/rosidl_generator_c -- -j12 -l12
[0.956s] [  5%] Generating C code for ROS interfaces
[3.410s] Scanning dependencies of target rosidl_generator_c_interfaces__rosidl_generator_c
[3.420s] [ 10%] Building C object CMakeFiles/rosidl_generator_c_interfaces__rosidl_generator_c.dir/rosidl_generator_c/rosidl_generator_c/msg/detail/arrays__functions.c.o
[3.471s] [ 15%] Building C object CMakeFiles/rosidl_generator_c_interfaces__rosidl_generator_c.dir/rosidl_generator_c/rosidl_generator_c/msg/detail/w_strings__functions.c.o
[3.510s] [ 20%] Building C object CMakeFiles/rosidl_generator_c_interfaces__rosidl_generator_c.dir/rosidl_generator_c/rosidl_generator_c/msg/detail/unbounded_sequences__functions.c.o
[3.562s] [ 25%] Building C object CMakeFiles/rosidl_generator_c_interfaces__rosidl_generator_c.dir/rosidl_generator_c/rosidl_generator_c/msg/detail/strings__functions.c.o
[3.605s] [ 30%] Building C object CMakeFiles/rosidl_generator_c_interfaces__rosidl_generator_c.dir/rosidl_generator_c/rosidl_generator_c/msg/detail/nested__functions.c.o
[3.648s] [ 35%] Building C object CMakeFiles/rosidl_generator_c_interfaces__rosidl_generator_c.dir/rosidl_generator_c/rosidl_generator_c/msg/detail/multi_nested__functions.c.o
[3.689s] [ 40%] Building C object CMakeFiles/rosidl_generator_c_interfaces__rosidl_generator_c.dir/rosidl_generator_c/rosidl_generator_c/msg/detail/empty__functions.c.o
[3.723s] [ 45%] Building C object CMakeFiles/rosidl_generator_c_interfaces__rosidl_generator_c.dir/rosidl_generator_c/rosidl_generator_c/msg/detail/defaults__functions.c.o
[3.760s] [ 50%] Building C object CMakeFiles/rosidl_generator_c_interfaces__rosidl_generator_c.dir/rosidl_generator_c/rosidl_generator_c/msg/detail/constants__functions.c.o
[3.793s] [ 55%] Building C object CMakeFiles/rosidl_generator_c_interfaces__rosidl_generator_c.dir/rosidl_generator_c/rosidl_generator_c/msg/detail/bounded_sequences__functions.c.o
[3.856s] [ 60%] Building C object CMakeFiles/rosidl_generator_c_interfaces__rosidl_generator_c.dir/rosidl_generator_c/rosidl_generator_c/msg/detail/basic_types__functions.c.o
[3.895s] [ 65%] Linking C shared library librosidl_generator_c_interfaces__rosidl_generator_c.so
[3.924s] [ 65%] Built target rosidl_generator_c_interfaces__rosidl_generator_c
[3.937s] Scanning dependencies of target test_interfaces_c
[3.946s] [ 70%] Building C object CMakeFiles/test_interfaces_c.dir/test/test_interfaces.c.o
[4.049s] [ 75%] Linking C executable test_interfaces_c
[4.078s] [ 75%] Built target test_interfaces_c
[4.089s] Scanning dependencies of target test_compilation_c
[4.098s] [ 80%] Building C object CMakeFiles/test_compilation_c.dir/test/test_compilation.c.o
[4.123s] [ 85%] Building C object CMakeFiles/test_compilation_c.dir/test/separate_compilation.c.o
[4.151s] [ 90%] Linking C executable test_compilation_c
[4.179s] [ 90%] Built target test_compilation_c
[4.187s] Scanning dependencies of target test_invalid_initialization_c
[4.193s] [ 95%] Building C object CMakeFiles/test_invalid_initialization_c.dir/test/test_invalid_initialization.c.o
[4.233s] [100%] Linking C executable test_invalid_initialization_c
[4.263s] [100%] Built target test_invalid_initialization_c
[4.270s] Scanning dependencies of target rosidl_generator_c_interfaces
[4.278s] [100%] Built target rosidl_generator_c_interfaces
[4.286s] Invoked command in '/workspace/foxy_ws/build/rosidl_generator_c' returned '0': AMENT_PREFIX_PATH=/workspace/foxy_ws/install CMAKE_PREFIX_PATH=/workspace/foxy_ws/install LD_LIBRARY_PATH=/workspace/foxy_ws/install/lib PATH=/workspace/foxy_ws/install/bin:${PATH} PKG_CONFIG_PATH=/workspace/foxy_ws/install/lib/x86_64-linux-gnu/pkgconfig:/workspace/foxy_ws/install/lib/pkgconfig PYTHONPATH=/workspace/foxy_ws/install/lib/python3.10/site-packages /usr/bin/cmake --build /workspace/foxy_ws/build/rosidl_generator_c -- -j12 -l12
[4.312s] Invoking command in '/workspace/foxy_ws/build/rosidl_generator_c': AMENT_PREFIX_PATH=/workspace/foxy_ws/install CMAKE_PREFIX_PATH=/workspace/foxy_ws/install LD_LIBRARY_PATH=/workspace/foxy_ws/install/lib PATH=/workspace/foxy_ws/install/bin:${PATH} PKG_CONFIG_PATH=/workspace/foxy_ws/install/lib/x86_64-linux-gnu/pkgconfig:/workspace/foxy_ws/install/lib/pkgconfig PYTHONPATH=/workspace/foxy_ws/install/lib/python3.10/site-packages /usr/bin/cmake --install /workspace/foxy_ws/build/rosidl_generator_c
[4.318s] -- Install configuration: ""
[4.318s] -- Installing: /workspace/foxy_ws/install/share/ament_index/resource_index/rosidl_generator_packages/rosidl_generator_c
[4.318s] -- Installing: /workspace/foxy_ws/install/share/rosidl_generator_c/environment/pythonpath.sh
[4.319s] -- Installing: /workspace/foxy_ws/install/share/rosidl_generator_c/environment/pythonpath.dsv
[4.319s] -- Installing: /workspace/foxy_ws/install/lib/python3.10/site-packages/rosidl_generator_c
[4.319s] -- Installing: /workspace/foxy_ws/install/lib/python3.10/site-packages/rosidl_generator_c/__init__.py
[4.344s] Listing '/workspace/foxy_ws/install/lib/python3.10/site-packages/rosidl_generator_c'...
[4.344s] Compiling '/workspace/foxy_ws/install/lib/python3.10/site-packages/rosidl_generator_c/__init__.py'...
[4.348s] -- Installing: /workspace/foxy_ws/install/share/ament_index/resource_index/package_run_dependencies/rosidl_generator_c
[4.349s] -- Installing: /workspace/foxy_ws/install/share/ament_index/resource_index/parent_prefix_path/rosidl_generator_c
[4.349s] -- Installing: /workspace/foxy_ws/install/share/rosidl_generator_c/environment/ament_prefix_path.sh
[4.349s] -- Installing: /workspace/foxy_ws/install/share/rosidl_generator_c/environment/ament_prefix_path.dsv
[4.349s] -- Installing: /workspace/foxy_ws/install/share/rosidl_generator_c/environment/path.sh
[4.349s] -- Installing: /workspace/foxy_ws/install/share/rosidl_generator_c/environment/path.dsv
[4.349s] -- Installing: /workspace/foxy_ws/install/share/rosidl_generator_c/local_setup.bash
[4.350s] -- Installing: /workspace/foxy_ws/install/share/rosidl_generator_c/local_setup.sh
[4.350s] -- Installing: /workspace/foxy_ws/install/share/rosidl_generator_c/local_setup.zsh
[4.350s] -- Installing: /workspace/foxy_ws/install/share/rosidl_generator_c/local_setup.dsv
[4.350s] -- Installing: /workspace/foxy_ws/install/share/rosidl_generator_c/package.dsv
[4.350s] -- Installing: /workspace/foxy_ws/install/share/ament_index/resource_index/packages/rosidl_generator_c
[4.350s] -- Installing: /workspace/foxy_ws/install/share/rosidl_generator_c/cmake/rosidl_generator_c-extras.cmake
[4.350s] -- Installing: /workspace/foxy_ws/install/share/rosidl_generator_c/cmake/ament_cmake_export_dependencies-extras.cmake
[4.351s] -- Installing: /workspace/foxy_ws/install/share/rosidl_generator_c/cmake/rosidl_cmake-extras.cmake
[4.351s] -- Installing: /workspace/foxy_ws/install/share/rosidl_generator_c/cmake/rosidl_generator_cConfig.cmake
[4.351s] -- Installing: /workspace/foxy_ws/install/share/rosidl_generator_c/cmake/rosidl_generator_cConfig-version.cmake
[4.351s] -- Installing: /workspace/foxy_ws/install/share/rosidl_generator_c/package.xml
[4.351s] -- Installing: /workspace/foxy_ws/install/lib/rosidl_generator_c/rosidl_generator_c
[4.351s] -- Up-to-date: /workspace/foxy_ws/install/share/rosidl_generator_c/cmake
[4.351s] -- Installing: /workspace/foxy_ws/install/share/rosidl_generator_c/cmake/register_c.cmake
[4.352s] -- Installing: /workspace/foxy_ws/install/share/rosidl_generator_c/cmake/rosidl_generator_c_generate_interfaces.cmake
[4.352s] -- Installing: /workspace/foxy_ws/install/share/rosidl_generator_c/resource
[4.352s] -- Installing: /workspace/foxy_ws/install/share/rosidl_generator_c/resource/msg__functions.h.em
[4.352s] -- Installing: /workspace/foxy_ws/install/share/rosidl_generator_c/resource/idl__struct.h.em
[4.353s] -- Installing: /workspace/foxy_ws/install/share/rosidl_generator_c/resource/idl__functions.h.em
[4.353s] -- Installing: /workspace/foxy_ws/install/share/rosidl_generator_c/resource/srv__type_support.h.em
[4.353s] -- Installing: /workspace/foxy_ws/install/share/rosidl_generator_c/resource/msg__type_support.h.em
[4.353s] -- Installing: /workspace/foxy_ws/install/share/rosidl_generator_c/resource/rosidl_generator_c__visibility_control.h.in
[4.353s] -- Installing: /workspace/foxy_ws/install/share/rosidl_generator_c/resource/msg__functions.c.em
[4.353s] -- Installing: /workspace/foxy_ws/install/share/rosidl_generator_c/resource/idl.h.em
[4.353s] -- Installing: /workspace/foxy_ws/install/share/rosidl_generator_c/resource/msg__struct.h.em
[4.353s] -- Installing: /workspace/foxy_ws/install/share/rosidl_generator_c/resource/action__type_support.h.em
[4.353s] -- Installing: /workspace/foxy_ws/install/share/rosidl_generator_c/resource/idl__functions.c.em
[4.353s] -- Installing: /workspace/foxy_ws/install/share/rosidl_generator_c/resource/idl__type_support.h.em
[4.355s] Invoked command in '/workspace/foxy_ws/build/rosidl_generator_c' returned '0': AMENT_PREFIX_PATH=/workspace/foxy_ws/install CMAKE_PREFIX_PATH=/workspace/foxy_ws/install LD_LIBRARY_PATH=/workspace/foxy_ws/install/lib PATH=/workspace/foxy_ws/install/bin:${PATH} PKG_CONFIG_PATH=/workspace/foxy_ws/install/lib/x86_64-linux-gnu/pkgconfig:/workspace/foxy_ws/install/lib/pkgconfig PYTHONPATH=/workspace/foxy_ws/install/lib/python3.10/site-packages /usr/bin/cmake --install /workspace/foxy_ws/build/rosidl_generator_c
