[0.089s] Invoking command in '/workspace/foxy_ws/build/rosidl_default_runtime': AMENT_PREFIX_PATH=/workspace/foxy_ws/install CMAKE_PREFIX_PATH=/workspace/foxy_ws/install LD_LIBRARY_PATH=/workspace/foxy_ws/install/lib PATH=/workspace/foxy_ws/install/bin:${PATH} PKG_CONFIG_PATH=/workspace/foxy_ws/install/lib/x86_64-linux-gnu/pkgconfig:/workspace/foxy_ws/install/lib/pkgconfig PYTHONPATH=/workspace/foxy_ws/install/lib/python3.10/site-packages /usr/bin/cmake /workspace/foxy_ws/src/rosidl_defaults/rosidl_default_runtime -DCMAKE_INSTALL_PREFIX=/workspace/foxy_ws/install
[0.103s] -- Found ament_cmake: 0.9.12 (/workspace/foxy_ws/install/share/ament_cmake/cmake)
[0.119s] -- Found PythonInterp: /usr/bin/python3 (found suitable version "3.10.14", minimum required is "3") 
[0.119s] -- Using PYTHON_EXECUTABLE: /usr/bin/python3
[0.281s] -- Found ament_lint_auto: 0.9.8 (/workspace/foxy_ws/install/share/ament_lint_auto/cmake)
[0.343s] -- Added test 'copyright' to check source files copyright and LICENSE
[0.349s] -- Added test 'lint_cmake' to check CMake code style
[0.352s] -- Added test 'xmllint' to check XML markup files
[0.356s] -- Configuring done
[0.358s] -- Generating done
[0.359s] -- Build files have been written to: /workspace/foxy_ws/build/rosidl_default_runtime
[0.360s] Invoked command in '/workspace/foxy_ws/build/rosidl_default_runtime' returned '0': AMENT_PREFIX_PATH=/workspace/foxy_ws/install CMAKE_PREFIX_PATH=/workspace/foxy_ws/install LD_LIBRARY_PATH=/workspace/foxy_ws/install/lib PATH=/workspace/foxy_ws/install/bin:${PATH} PKG_CONFIG_PATH=/workspace/foxy_ws/install/lib/x86_64-linux-gnu/pkgconfig:/workspace/foxy_ws/install/lib/pkgconfig PYTHONPATH=/workspace/foxy_ws/install/lib/python3.10/site-packages /usr/bin/cmake /workspace/foxy_ws/src/rosidl_defaults/rosidl_default_runtime -DCMAKE_INSTALL_PREFIX=/workspace/foxy_ws/install
[0.361s] Invoking command in '/workspace/foxy_ws/build/rosidl_default_runtime': AMENT_PREFIX_PATH=/workspace/foxy_ws/install CMAKE_PREFIX_PATH=/workspace/foxy_ws/install LD_LIBRARY_PATH=/workspace/foxy_ws/install/lib PATH=/workspace/foxy_ws/install/bin:${PATH} PKG_CONFIG_PATH=/workspace/foxy_ws/install/lib/x86_64-linux-gnu/pkgconfig:/workspace/foxy_ws/install/lib/pkgconfig PYTHONPATH=/workspace/foxy_ws/install/lib/python3.10/site-packages /usr/bin/cmake --build /workspace/foxy_ws/build/rosidl_default_runtime -- -j12 -l12
[0.389s] Invoked command in '/workspace/foxy_ws/build/rosidl_default_runtime' returned '0': AMENT_PREFIX_PATH=/workspace/foxy_ws/install CMAKE_PREFIX_PATH=/workspace/foxy_ws/install LD_LIBRARY_PATH=/workspace/foxy_ws/install/lib PATH=/workspace/foxy_ws/install/bin:${PATH} PKG_CONFIG_PATH=/workspace/foxy_ws/install/lib/x86_64-linux-gnu/pkgconfig:/workspace/foxy_ws/install/lib/pkgconfig PYTHONPATH=/workspace/foxy_ws/install/lib/python3.10/site-packages /usr/bin/cmake --build /workspace/foxy_ws/build/rosidl_default_runtime -- -j12 -l12
[0.399s] Invoking command in '/workspace/foxy_ws/build/rosidl_default_runtime': AMENT_PREFIX_PATH=/workspace/foxy_ws/install CMAKE_PREFIX_PATH=/workspace/foxy_ws/install LD_LIBRARY_PATH=/workspace/foxy_ws/install/lib PATH=/workspace/foxy_ws/install/bin:${PATH} PKG_CONFIG_PATH=/workspace/foxy_ws/install/lib/x86_64-linux-gnu/pkgconfig:/workspace/foxy_ws/install/lib/pkgconfig PYTHONPATH=/workspace/foxy_ws/install/lib/python3.10/site-packages /usr/bin/cmake --install /workspace/foxy_ws/build/rosidl_default_runtime
[0.406s] -- Install configuration: ""
[0.406s] -- Installing: /workspace/foxy_ws/install/share/ament_index/resource_index/package_run_dependencies/rosidl_default_runtime
[0.406s] -- Installing: /workspace/foxy_ws/install/share/ament_index/resource_index/parent_prefix_path/rosidl_default_runtime
[0.406s] -- Installing: /workspace/foxy_ws/install/share/rosidl_default_runtime/environment/ament_prefix_path.sh
[0.406s] -- Installing: /workspace/foxy_ws/install/share/rosidl_default_runtime/environment/ament_prefix_path.dsv
[0.406s] -- Installing: /workspace/foxy_ws/install/share/rosidl_default_runtime/environment/path.sh
[0.406s] -- Installing: /workspace/foxy_ws/install/share/rosidl_default_runtime/environment/path.dsv
[0.407s] -- Installing: /workspace/foxy_ws/install/share/rosidl_default_runtime/local_setup.bash
[0.407s] -- Installing: /workspace/foxy_ws/install/share/rosidl_default_runtime/local_setup.sh
[0.407s] -- Installing: /workspace/foxy_ws/install/share/rosidl_default_runtime/local_setup.zsh
[0.407s] -- Installing: /workspace/foxy_ws/install/share/rosidl_default_runtime/local_setup.dsv
[0.407s] -- Installing: /workspace/foxy_ws/install/share/rosidl_default_runtime/package.dsv
[0.407s] -- Installing: /workspace/foxy_ws/install/share/ament_index/resource_index/packages/rosidl_default_runtime
[0.407s] -- Installing: /workspace/foxy_ws/install/share/rosidl_default_runtime/cmake/rosidl_default_runtime-extras.cmake
[0.407s] -- Installing: /workspace/foxy_ws/install/share/rosidl_default_runtime/cmake/rosidl_default_runtimeConfig.cmake
[0.407s] -- Installing: /workspace/foxy_ws/install/share/rosidl_default_runtime/cmake/rosidl_default_runtimeConfig-version.cmake
[0.407s] -- Installing: /workspace/foxy_ws/install/share/rosidl_default_runtime/package.xml
[0.408s] Invoked command in '/workspace/foxy_ws/build/rosidl_default_runtime' returned '0': AMENT_PREFIX_PATH=/workspace/foxy_ws/install CMAKE_PREFIX_PATH=/workspace/foxy_ws/install LD_LIBRARY_PATH=/workspace/foxy_ws/install/lib PATH=/workspace/foxy_ws/install/bin:${PATH} PKG_CONFIG_PATH=/workspace/foxy_ws/install/lib/x86_64-linux-gnu/pkgconfig:/workspace/foxy_ws/install/lib/pkgconfig PYTHONPATH=/workspace/foxy_ws/install/lib/python3.10/site-packages /usr/bin/cmake --install /workspace/foxy_ws/build/rosidl_default_runtime
