[0.892s] Invoking command in '/workspace/foxy_ws/src/launch/launch': AMENT_PREFIX_PATH=/workspace/foxy_ws/install CMAKE_PREFIX_PATH=/workspace/foxy_ws/install LD_LIBRARY_PATH=/workspace/foxy_ws/install/lib PATH=/workspace/foxy_ws/install/bin:${PATH} PYTHONPATH=/workspace/foxy_ws/build/launch/prefix_override:/workspace/foxy_ws/install/lib/python3.10/site-packages:/workspace/foxy_ws/install/lib/python3.10/site-packages /usr/bin/python3 -W ignore:setup.py install is deprecated setup.py egg_info --egg-base ../../../build/launch build --build-base /workspace/foxy_ws/build/launch/build install --record /workspace/foxy_ws/build/launch/install.log --single-version-externally-managed install_data
[1.311s] running egg_info
[1.311s] creating ../../../build/launch/launch.egg-info
[1.311s] writing ../../../build/launch/launch.egg-info/PKG-INFO
[1.311s] writing dependency_links to ../../../build/launch/launch.egg-info/dependency_links.txt
[1.311s] writing requirements to ../../../build/launch/launch.egg-info/requires.txt
[1.311s] writing top-level names to ../../../build/launch/launch.egg-info/top_level.txt
[1.311s] writing manifest file '../../../build/launch/launch.egg-info/SOURCES.txt'
[1.311s] reading manifest file '../../../build/launch/launch.egg-info/SOURCES.txt'
[1.501s] writing manifest file '../../../build/launch/launch.egg-info/SOURCES.txt'
[1.501s] running build
[1.501s] running build_py
[1.502s] creating /workspace/foxy_ws/build/launch/build
[1.502s] creating /workspace/foxy_ws/build/launch/build/lib
[1.502s] creating /workspace/foxy_ws/build/launch/build/lib/launch
[1.502s] copying launch/launch_context.py -> /workspace/foxy_ws/build/launch/build/lib/launch
[1.502s] copying launch/launch_introspector.py -> /workspace/foxy_ws/build/launch/build/lib/launch
[1.502s] copying launch/condition.py -> /workspace/foxy_ws/build/launch/build/lib/launch
[1.502s] copying launch/action.py -> /workspace/foxy_ws/build/launch/build/lib/launch
[1.502s] copying launch/launch_description_source.py -> /workspace/foxy_ws/build/launch/build/lib/launch
[1.502s] copying launch/event_handler.py -> /workspace/foxy_ws/build/launch/build/lib/launch
[1.502s] copying launch/launch_description_entity.py -> /workspace/foxy_ws/build/launch/build/lib/launch
[1.502s] copying launch/substitution.py -> /workspace/foxy_ws/build/launch/build/lib/launch
[1.502s] copying launch/launch_service.py -> /workspace/foxy_ws/build/launch/build/lib/launch
[1.502s] copying launch/launch_description.py -> /workspace/foxy_ws/build/launch/build/lib/launch
[1.503s] copying launch/event.py -> /workspace/foxy_ws/build/launch/build/lib/launch
[1.503s] copying launch/invalid_launch_file_error.py -> /workspace/foxy_ws/build/launch/build/lib/launch
[1.503s] copying launch/some_substitutions_type.py -> /workspace/foxy_ws/build/launch/build/lib/launch
[1.503s] copying launch/__init__.py -> /workspace/foxy_ws/build/launch/build/lib/launch
[1.503s] copying launch/some_actions_type.py -> /workspace/foxy_ws/build/launch/build/lib/launch
[1.503s] creating /workspace/foxy_ws/build/launch/build/lib/launch/utilities
[1.503s] copying launch/utilities/perform_substitutions_impl.py -> /workspace/foxy_ws/build/launch/build/lib/launch/utilities
[1.503s] copying launch/utilities/ensure_argument_type_impl.py -> /workspace/foxy_ws/build/launch/build/lib/launch/utilities
[1.503s] copying launch/utilities/visit_all_entities_and_collect_futures_impl.py -> /workspace/foxy_ws/build/launch/build/lib/launch/utilities
[1.503s] copying launch/utilities/normalize_to_list_of_substitutions_impl.py -> /workspace/foxy_ws/build/launch/build/lib/launch/utilities
[1.503s] copying launch/utilities/class_tools_impl.py -> /workspace/foxy_ws/build/launch/build/lib/launch/utilities
[1.503s] copying launch/utilities/typing_file_path.py -> /workspace/foxy_ws/build/launch/build/lib/launch/utilities
[1.503s] copying launch/utilities/signal_management.py -> /workspace/foxy_ws/build/launch/build/lib/launch/utilities
[1.503s] copying launch/utilities/__init__.py -> /workspace/foxy_ws/build/launch/build/lib/launch/utilities
[1.503s] copying launch/utilities/type_utils.py -> /workspace/foxy_ws/build/launch/build/lib/launch/utilities
[1.504s] copying launch/utilities/create_future_impl.py -> /workspace/foxy_ws/build/launch/build/lib/launch/utilities
[1.504s] creating /workspace/foxy_ws/build/launch/build/lib/launch/logging
[1.504s] copying launch/logging/__init__.py -> /workspace/foxy_ws/build/launch/build/lib/launch/logging
[1.504s] copying launch/logging/handlers.py -> /workspace/foxy_ws/build/launch/build/lib/launch/logging
[1.504s] creating /workspace/foxy_ws/build/launch/build/lib/launch/event_handlers
[1.504s] copying launch/event_handlers/on_process_start.py -> /workspace/foxy_ws/build/launch/build/lib/launch/event_handlers
[1.504s] copying launch/event_handlers/on_execution_complete.py -> /workspace/foxy_ws/build/launch/build/lib/launch/event_handlers
[1.504s] copying launch/event_handlers/on_shutdown.py -> /workspace/foxy_ws/build/launch/build/lib/launch/event_handlers
[1.504s] copying launch/event_handlers/on_process_io.py -> /workspace/foxy_ws/build/launch/build/lib/launch/event_handlers
[1.504s] copying launch/event_handlers/on_process_exit.py -> /workspace/foxy_ws/build/launch/build/lib/launch/event_handlers
[1.504s] copying launch/event_handlers/__init__.py -> /workspace/foxy_ws/build/launch/build/lib/launch/event_handlers
[1.504s] copying launch/event_handlers/event_named.py -> /workspace/foxy_ws/build/launch/build/lib/launch/event_handlers
[1.504s] copying launch/event_handlers/on_include_launch_description.py -> /workspace/foxy_ws/build/launch/build/lib/launch/event_handlers
[1.504s] creating /workspace/foxy_ws/build/launch/build/lib/launch/frontend
[1.505s] copying launch/frontend/parser.py -> /workspace/foxy_ws/build/launch/build/lib/launch/frontend
[1.505s] copying launch/frontend/entity.py -> /workspace/foxy_ws/build/launch/build/lib/launch/frontend
[1.505s] copying launch/frontend/expose.py -> /workspace/foxy_ws/build/launch/build/lib/launch/frontend
[1.505s] copying launch/frontend/parse_substitution.py -> /workspace/foxy_ws/build/launch/build/lib/launch/frontend
[1.505s] copying launch/frontend/__init__.py -> /workspace/foxy_ws/build/launch/build/lib/launch/frontend
[1.505s] copying launch/frontend/type_utils.py -> /workspace/foxy_ws/build/launch/build/lib/launch/frontend
[1.505s] creating /workspace/foxy_ws/build/launch/build/lib/launch/conditions
[1.505s] copying launch/conditions/unless_condition.py -> /workspace/foxy_ws/build/launch/build/lib/launch/conditions
[1.505s] copying launch/conditions/if_condition.py -> /workspace/foxy_ws/build/launch/build/lib/launch/conditions
[1.505s] copying launch/conditions/invalid_condition_expression_error.py -> /workspace/foxy_ws/build/launch/build/lib/launch/conditions
[1.506s] copying launch/conditions/evaluate_condition_expression_impl.py -> /workspace/foxy_ws/build/launch/build/lib/launch/conditions
[1.506s] copying launch/conditions/launch_configuration_equals.py -> /workspace/foxy_ws/build/launch/build/lib/launch/conditions
[1.506s] copying launch/conditions/__init__.py -> /workspace/foxy_ws/build/launch/build/lib/launch/conditions
[1.506s] copying launch/conditions/launch_configuration_not_equals.py -> /workspace/foxy_ws/build/launch/build/lib/launch/conditions
[1.506s] creating /workspace/foxy_ws/build/launch/build/lib/launch/actions
[1.506s] copying launch/actions/emit_event.py -> /workspace/foxy_ws/build/launch/build/lib/launch/actions
[1.506s] copying launch/actions/unset_launch_configuration.py -> /workspace/foxy_ws/build/launch/build/lib/launch/actions
[1.506s] copying launch/actions/include_launch_description.py -> /workspace/foxy_ws/build/launch/build/lib/launch/actions
[1.506s] copying launch/actions/opaque_function.py -> /workspace/foxy_ws/build/launch/build/lib/launch/actions
[1.506s] copying launch/actions/shutdown_action.py -> /workspace/foxy_ws/build/launch/build/lib/launch/actions
[1.506s] copying launch/actions/pop_environment.py -> /workspace/foxy_ws/build/launch/build/lib/launch/actions
[1.506s] copying launch/actions/execute_process.py -> /workspace/foxy_ws/build/launch/build/lib/launch/actions
[1.506s] copying launch/actions/unregister_event_handler.py -> /workspace/foxy_ws/build/launch/build/lib/launch/actions
[1.506s] copying launch/actions/push_environment.py -> /workspace/foxy_ws/build/launch/build/lib/launch/actions
[1.507s] copying launch/actions/reset_environment.py -> /workspace/foxy_ws/build/launch/build/lib/launch/actions
[1.507s] copying launch/actions/register_event_handler.py -> /workspace/foxy_ws/build/launch/build/lib/launch/actions
[1.507s] copying launch/actions/group_action.py -> /workspace/foxy_ws/build/launch/build/lib/launch/actions
[1.507s] copying launch/actions/declare_launch_argument.py -> /workspace/foxy_ws/build/launch/build/lib/launch/actions
[1.507s] copying launch/actions/timer_action.py -> /workspace/foxy_ws/build/launch/build/lib/launch/actions
[1.507s] copying launch/actions/opaque_coroutine.py -> /workspace/foxy_ws/build/launch/build/lib/launch/actions
[1.507s] copying launch/actions/__init__.py -> /workspace/foxy_ws/build/launch/build/lib/launch/actions
[1.507s] copying launch/actions/log_info.py -> /workspace/foxy_ws/build/launch/build/lib/launch/actions
[1.507s] copying launch/actions/push_launch_configurations.py -> /workspace/foxy_ws/build/launch/build/lib/launch/actions
[1.507s] copying launch/actions/set_launch_configuration.py -> /workspace/foxy_ws/build/launch/build/lib/launch/actions
[1.507s] copying launch/actions/set_environment_variable.py -> /workspace/foxy_ws/build/launch/build/lib/launch/actions
[1.507s] copying launch/actions/unset_environment_variable.py -> /workspace/foxy_ws/build/launch/build/lib/launch/actions
[1.507s] copying launch/actions/pop_launch_configurations.py -> /workspace/foxy_ws/build/launch/build/lib/launch/actions
[1.508s] creating /workspace/foxy_ws/build/launch/build/lib/launch/events
[1.508s] copying launch/events/include_launch_description.py -> /workspace/foxy_ws/build/launch/build/lib/launch/events
[1.508s] copying launch/events/execution_complete.py -> /workspace/foxy_ws/build/launch/build/lib/launch/events
[1.508s] copying launch/events/timer_event.py -> /workspace/foxy_ws/build/launch/build/lib/launch/events
[1.508s] copying launch/events/matchers.py -> /workspace/foxy_ws/build/launch/build/lib/launch/events
[1.508s] copying launch/events/shutdown.py -> /workspace/foxy_ws/build/launch/build/lib/launch/events
[1.508s] copying launch/events/__init__.py -> /workspace/foxy_ws/build/launch/build/lib/launch/events
[1.508s] creating /workspace/foxy_ws/build/launch/build/lib/launch/substitutions
[1.508s] copying launch/substitutions/text_substitution.py -> /workspace/foxy_ws/build/launch/build/lib/launch/substitutions
[1.508s] copying launch/substitutions/this_launch_file_dir.py -> /workspace/foxy_ws/build/launch/build/lib/launch/substitutions
[1.508s] copying launch/substitutions/substitution_failure.py -> /workspace/foxy_ws/build/launch/build/lib/launch/substitutions
[1.508s] copying launch/substitutions/local_substitution.py -> /workspace/foxy_ws/build/launch/build/lib/launch/substitutions
[1.508s] copying launch/substitutions/python_expression.py -> /workspace/foxy_ws/build/launch/build/lib/launch/substitutions
[1.509s] copying launch/substitutions/command.py -> /workspace/foxy_ws/build/launch/build/lib/launch/substitutions
[1.509s] copying launch/substitutions/path_join_substitution.py -> /workspace/foxy_ws/build/launch/build/lib/launch/substitutions
[1.509s] copying launch/substitutions/find_executable.py -> /workspace/foxy_ws/build/launch/build/lib/launch/substitutions
[1.509s] copying launch/substitutions/environment_variable.py -> /workspace/foxy_ws/build/launch/build/lib/launch/substitutions
[1.509s] copying launch/substitutions/launch_configuration.py -> /workspace/foxy_ws/build/launch/build/lib/launch/substitutions
[1.509s] copying launch/substitutions/anon_name.py -> /workspace/foxy_ws/build/launch/build/lib/launch/substitutions
[1.509s] copying launch/substitutions/__init__.py -> /workspace/foxy_ws/build/launch/build/lib/launch/substitutions
[1.509s] copying launch/substitutions/this_launch_file.py -> /workspace/foxy_ws/build/launch/build/lib/launch/substitutions
[1.509s] creating /workspace/foxy_ws/build/launch/build/lib/launch/launch_description_sources
[1.509s] copying launch/launch_description_sources/any_launch_description_source.py -> /workspace/foxy_ws/build/launch/build/lib/launch/launch_description_sources
[1.509s] copying launch/launch_description_sources/frontend_launch_description_source.py -> /workspace/foxy_ws/build/launch/build/lib/launch/launch_description_sources
[1.509s] copying launch/launch_description_sources/any_launch_file_utilities.py -> /workspace/foxy_ws/build/launch/build/lib/launch/launch_description_sources
[1.510s] copying launch/launch_description_sources/python_launch_description_source.py -> /workspace/foxy_ws/build/launch/build/lib/launch/launch_description_sources
[1.510s] copying launch/launch_description_sources/__init__.py -> /workspace/foxy_ws/build/launch/build/lib/launch/launch_description_sources
[1.510s] copying launch/launch_description_sources/python_launch_file_utilities.py -> /workspace/foxy_ws/build/launch/build/lib/launch/launch_description_sources
[1.510s] copying launch/launch_description_sources/frontend_launch_file_utilities.py -> /workspace/foxy_ws/build/launch/build/lib/launch/launch_description_sources
[1.510s] creating /workspace/foxy_ws/build/launch/build/lib/launch/events/process
[1.510s] copying launch/events/process/process_exited.py -> /workspace/foxy_ws/build/launch/build/lib/launch/events/process
[1.510s] copying launch/events/process/running_process_event.py -> /workspace/foxy_ws/build/launch/build/lib/launch/events/process
[1.510s] copying launch/events/process/process_io.py -> /workspace/foxy_ws/build/launch/build/lib/launch/events/process
[1.510s] copying launch/events/process/shutdown_process.py -> /workspace/foxy_ws/build/launch/build/lib/launch/events/process
[1.510s] copying launch/events/process/process_stdin.py -> /workspace/foxy_ws/build/launch/build/lib/launch/events/process
[1.510s] copying launch/events/process/signal_process.py -> /workspace/foxy_ws/build/launch/build/lib/launch/events/process
[1.510s] copying launch/events/process/process_matchers.py -> /workspace/foxy_ws/build/launch/build/lib/launch/events/process
[1.511s] copying launch/events/process/process_started.py -> /workspace/foxy_ws/build/launch/build/lib/launch/events/process
[1.511s] copying launch/events/process/process_stdout.py -> /workspace/foxy_ws/build/launch/build/lib/launch/events/process
[1.511s] copying launch/events/process/__init__.py -> /workspace/foxy_ws/build/launch/build/lib/launch/events/process
[1.511s] copying launch/events/process/process_targeted_event.py -> /workspace/foxy_ws/build/launch/build/lib/launch/events/process
[1.511s] copying launch/events/process/process_stderr.py -> /workspace/foxy_ws/build/launch/build/lib/launch/events/process
[1.511s] running install
[1.511s] running install_lib
[1.511s] creating /workspace/foxy_ws/install/lib/python3.10/site-packages/launch
[1.511s] copying /workspace/foxy_ws/build/launch/build/lib/launch/launch_context.py -> /workspace/foxy_ws/install/lib/python3.10/site-packages/launch
[1.511s] creating /workspace/foxy_ws/install/lib/python3.10/site-packages/launch/utilities
[1.511s] copying /workspace/foxy_ws/build/launch/build/lib/launch/utilities/perform_substitutions_impl.py -> /workspace/foxy_ws/install/lib/python3.10/site-packages/launch/utilities
[1.511s] copying /workspace/foxy_ws/build/launch/build/lib/launch/utilities/ensure_argument_type_impl.py -> /workspace/foxy_ws/install/lib/python3.10/site-packages/launch/utilities
[1.511s] copying /workspace/foxy_ws/build/launch/build/lib/launch/utilities/visit_all_entities_and_collect_futures_impl.py -> /workspace/foxy_ws/install/lib/python3.10/site-packages/launch/utilities
[1.512s] copying /workspace/foxy_ws/build/launch/build/lib/launch/utilities/normalize_to_list_of_substitutions_impl.py -> /workspace/foxy_ws/install/lib/python3.10/site-packages/launch/utilities
[1.512s] copying /workspace/foxy_ws/build/launch/build/lib/launch/utilities/class_tools_impl.py -> /workspace/foxy_ws/install/lib/python3.10/site-packages/launch/utilities
[1.512s] copying /workspace/foxy_ws/build/launch/build/lib/launch/utilities/typing_file_path.py -> /workspace/foxy_ws/install/lib/python3.10/site-packages/launch/utilities
[1.512s] copying /workspace/foxy_ws/build/launch/build/lib/launch/utilities/signal_management.py -> /workspace/foxy_ws/install/lib/python3.10/site-packages/launch/utilities
[1.512s] copying /workspace/foxy_ws/build/launch/build/lib/launch/utilities/__init__.py -> /workspace/foxy_ws/install/lib/python3.10/site-packages/launch/utilities
[1.512s] copying /workspace/foxy_ws/build/launch/build/lib/launch/utilities/type_utils.py -> /workspace/foxy_ws/install/lib/python3.10/site-packages/launch/utilities
[1.512s] copying /workspace/foxy_ws/build/launch/build/lib/launch/utilities/create_future_impl.py -> /workspace/foxy_ws/install/lib/python3.10/site-packages/launch/utilities
[1.512s] copying /workspace/foxy_ws/build/launch/build/lib/launch/launch_introspector.py -> /workspace/foxy_ws/install/lib/python3.10/site-packages/launch
[1.512s] copying /workspace/foxy_ws/build/launch/build/lib/launch/condition.py -> /workspace/foxy_ws/install/lib/python3.10/site-packages/launch
[1.512s] creating /workspace/foxy_ws/install/lib/python3.10/site-packages/launch/logging
[1.512s] copying /workspace/foxy_ws/build/launch/build/lib/launch/logging/__init__.py -> /workspace/foxy_ws/install/lib/python3.10/site-packages/launch/logging
[1.512s] copying /workspace/foxy_ws/build/launch/build/lib/launch/logging/handlers.py -> /workspace/foxy_ws/install/lib/python3.10/site-packages/launch/logging
[1.512s] creating /workspace/foxy_ws/install/lib/python3.10/site-packages/launch/event_handlers
[1.513s] copying /workspace/foxy_ws/build/launch/build/lib/launch/event_handlers/on_process_start.py -> /workspace/foxy_ws/install/lib/python3.10/site-packages/launch/event_handlers
[1.513s] copying /workspace/foxy_ws/build/launch/build/lib/launch/event_handlers/on_execution_complete.py -> /workspace/foxy_ws/install/lib/python3.10/site-packages/launch/event_handlers
[1.513s] copying /workspace/foxy_ws/build/launch/build/lib/launch/event_handlers/on_shutdown.py -> /workspace/foxy_ws/install/lib/python3.10/site-packages/launch/event_handlers
[1.513s] copying /workspace/foxy_ws/build/launch/build/lib/launch/event_handlers/on_process_io.py -> /workspace/foxy_ws/install/lib/python3.10/site-packages/launch/event_handlers
[1.513s] copying /workspace/foxy_ws/build/launch/build/lib/launch/event_handlers/on_process_exit.py -> /workspace/foxy_ws/install/lib/python3.10/site-packages/launch/event_handlers
[1.513s] copying /workspace/foxy_ws/build/launch/build/lib/launch/event_handlers/__init__.py -> /workspace/foxy_ws/install/lib/python3.10/site-packages/launch/event_handlers
[1.513s] copying /workspace/foxy_ws/build/launch/build/lib/launch/event_handlers/event_named.py -> /workspace/foxy_ws/install/lib/python3.10/site-packages/launch/event_handlers
[1.513s] copying /workspace/foxy_ws/build/launch/build/lib/launch/event_handlers/on_include_launch_description.py -> /workspace/foxy_ws/install/lib/python3.10/site-packages/launch/event_handlers
[1.513s] copying /workspace/foxy_ws/build/launch/build/lib/launch/action.py -> /workspace/foxy_ws/install/lib/python3.10/site-packages/launch
[1.514s] copying /workspace/foxy_ws/build/launch/build/lib/launch/launch_description_source.py -> /workspace/foxy_ws/install/lib/python3.10/site-packages/launch
[1.514s] creating /workspace/foxy_ws/install/lib/python3.10/site-packages/launch/frontend
[1.514s] copying /workspace/foxy_ws/build/launch/build/lib/launch/frontend/parser.py -> /workspace/foxy_ws/install/lib/python3.10/site-packages/launch/frontend
[1.514s] copying /workspace/foxy_ws/build/launch/build/lib/launch/frontend/entity.py -> /workspace/foxy_ws/install/lib/python3.10/site-packages/launch/frontend
[1.514s] copying /workspace/foxy_ws/build/launch/build/lib/launch/frontend/expose.py -> /workspace/foxy_ws/install/lib/python3.10/site-packages/launch/frontend
[1.514s] copying /workspace/foxy_ws/build/launch/build/lib/launch/frontend/parse_substitution.py -> /workspace/foxy_ws/install/lib/python3.10/site-packages/launch/frontend
[1.514s] copying /workspace/foxy_ws/build/launch/build/lib/launch/frontend/__init__.py -> /workspace/foxy_ws/install/lib/python3.10/site-packages/launch/frontend
[1.514s] copying /workspace/foxy_ws/build/launch/build/lib/launch/frontend/type_utils.py -> /workspace/foxy_ws/install/lib/python3.10/site-packages/launch/frontend
[1.514s] copying /workspace/foxy_ws/build/launch/build/lib/launch/event_handler.py -> /workspace/foxy_ws/install/lib/python3.10/site-packages/launch
[1.514s] copying /workspace/foxy_ws/build/launch/build/lib/launch/launch_description_entity.py -> /workspace/foxy_ws/install/lib/python3.10/site-packages/launch
[1.514s] creating /workspace/foxy_ws/install/lib/python3.10/site-packages/launch/conditions
[1.514s] copying /workspace/foxy_ws/build/launch/build/lib/launch/conditions/unless_condition.py -> /workspace/foxy_ws/install/lib/python3.10/site-packages/launch/conditions
[1.515s] copying /workspace/foxy_ws/build/launch/build/lib/launch/conditions/if_condition.py -> /workspace/foxy_ws/install/lib/python3.10/site-packages/launch/conditions
[1.515s] copying /workspace/foxy_ws/build/launch/build/lib/launch/conditions/invalid_condition_expression_error.py -> /workspace/foxy_ws/install/lib/python3.10/site-packages/launch/conditions
[1.515s] copying /workspace/foxy_ws/build/launch/build/lib/launch/conditions/evaluate_condition_expression_impl.py -> /workspace/foxy_ws/install/lib/python3.10/site-packages/launch/conditions
[1.515s] copying /workspace/foxy_ws/build/launch/build/lib/launch/conditions/launch_configuration_equals.py -> /workspace/foxy_ws/install/lib/python3.10/site-packages/launch/conditions
[1.515s] copying /workspace/foxy_ws/build/launch/build/lib/launch/conditions/__init__.py -> /workspace/foxy_ws/install/lib/python3.10/site-packages/launch/conditions
[1.515s] copying /workspace/foxy_ws/build/launch/build/lib/launch/conditions/launch_configuration_not_equals.py -> /workspace/foxy_ws/install/lib/python3.10/site-packages/launch/conditions
[1.515s] copying /workspace/foxy_ws/build/launch/build/lib/launch/substitution.py -> /workspace/foxy_ws/install/lib/python3.10/site-packages/launch
[1.515s] copying /workspace/foxy_ws/build/launch/build/lib/launch/launch_service.py -> /workspace/foxy_ws/install/lib/python3.10/site-packages/launch
[1.515s] creating /workspace/foxy_ws/install/lib/python3.10/site-packages/launch/actions
[1.515s] copying /workspace/foxy_ws/build/launch/build/lib/launch/actions/emit_event.py -> /workspace/foxy_ws/install/lib/python3.10/site-packages/launch/actions
[1.515s] copying /workspace/foxy_ws/build/launch/build/lib/launch/actions/unset_launch_configuration.py -> /workspace/foxy_ws/install/lib/python3.10/site-packages/launch/actions
[1.516s] copying /workspace/foxy_ws/build/launch/build/lib/launch/actions/include_launch_description.py -> /workspace/foxy_ws/install/lib/python3.10/site-packages/launch/actions
[1.516s] copying /workspace/foxy_ws/build/launch/build/lib/launch/actions/opaque_function.py -> /workspace/foxy_ws/install/lib/python3.10/site-packages/launch/actions
[1.516s] copying /workspace/foxy_ws/build/launch/build/lib/launch/actions/shutdown_action.py -> /workspace/foxy_ws/install/lib/python3.10/site-packages/launch/actions
[1.516s] copying /workspace/foxy_ws/build/launch/build/lib/launch/actions/pop_environment.py -> /workspace/foxy_ws/install/lib/python3.10/site-packages/launch/actions
[1.516s] copying /workspace/foxy_ws/build/launch/build/lib/launch/actions/execute_process.py -> /workspace/foxy_ws/install/lib/python3.10/site-packages/launch/actions
[1.516s] copying /workspace/foxy_ws/build/launch/build/lib/launch/actions/unregister_event_handler.py -> /workspace/foxy_ws/install/lib/python3.10/site-packages/launch/actions
[1.516s] copying /workspace/foxy_ws/build/launch/build/lib/launch/actions/push_environment.py -> /workspace/foxy_ws/install/lib/python3.10/site-packages/launch/actions
[1.516s] copying /workspace/foxy_ws/build/launch/build/lib/launch/actions/reset_environment.py -> /workspace/foxy_ws/install/lib/python3.10/site-packages/launch/actions
[1.516s] copying /workspace/foxy_ws/build/launch/build/lib/launch/actions/register_event_handler.py -> /workspace/foxy_ws/install/lib/python3.10/site-packages/launch/actions
[1.516s] copying /workspace/foxy_ws/build/launch/build/lib/launch/actions/group_action.py -> /workspace/foxy_ws/install/lib/python3.10/site-packages/launch/actions
[1.516s] copying /workspace/foxy_ws/build/launch/build/lib/launch/actions/declare_launch_argument.py -> /workspace/foxy_ws/install/lib/python3.10/site-packages/launch/actions
[1.516s] copying /workspace/foxy_ws/build/launch/build/lib/launch/actions/timer_action.py -> /workspace/foxy_ws/install/lib/python3.10/site-packages/launch/actions
[1.517s] copying /workspace/foxy_ws/build/launch/build/lib/launch/actions/opaque_coroutine.py -> /workspace/foxy_ws/install/lib/python3.10/site-packages/launch/actions
[1.517s] copying /workspace/foxy_ws/build/launch/build/lib/launch/actions/__init__.py -> /workspace/foxy_ws/install/lib/python3.10/site-packages/launch/actions
[1.517s] copying /workspace/foxy_ws/build/launch/build/lib/launch/actions/log_info.py -> /workspace/foxy_ws/install/lib/python3.10/site-packages/launch/actions
[1.517s] copying /workspace/foxy_ws/build/launch/build/lib/launch/actions/push_launch_configurations.py -> /workspace/foxy_ws/install/lib/python3.10/site-packages/launch/actions
[1.517s] copying /workspace/foxy_ws/build/launch/build/lib/launch/actions/set_launch_configuration.py -> /workspace/foxy_ws/install/lib/python3.10/site-packages/launch/actions
[1.517s] copying /workspace/foxy_ws/build/launch/build/lib/launch/actions/set_environment_variable.py -> /workspace/foxy_ws/install/lib/python3.10/site-packages/launch/actions
[1.517s] copying /workspace/foxy_ws/build/launch/build/lib/launch/actions/unset_environment_variable.py -> /workspace/foxy_ws/install/lib/python3.10/site-packages/launch/actions
[1.517s] copying /workspace/foxy_ws/build/launch/build/lib/launch/actions/pop_launch_configurations.py -> /workspace/foxy_ws/install/lib/python3.10/site-packages/launch/actions
[1.517s] copying /workspace/foxy_ws/build/launch/build/lib/launch/launch_description.py -> /workspace/foxy_ws/install/lib/python3.10/site-packages/launch
[1.517s] copying /workspace/foxy_ws/build/launch/build/lib/launch/event.py -> /workspace/foxy_ws/install/lib/python3.10/site-packages/launch
[1.517s] copying /workspace/foxy_ws/build/launch/build/lib/launch/invalid_launch_file_error.py -> /workspace/foxy_ws/install/lib/python3.10/site-packages/launch
[1.518s] copying /workspace/foxy_ws/build/launch/build/lib/launch/some_substitutions_type.py -> /workspace/foxy_ws/install/lib/python3.10/site-packages/launch
[1.518s] copying /workspace/foxy_ws/build/launch/build/lib/launch/__init__.py -> /workspace/foxy_ws/install/lib/python3.10/site-packages/launch
[1.518s] creating /workspace/foxy_ws/install/lib/python3.10/site-packages/launch/events
[1.518s] copying /workspace/foxy_ws/build/launch/build/lib/launch/events/include_launch_description.py -> /workspace/foxy_ws/install/lib/python3.10/site-packages/launch/events
[1.518s] copying /workspace/foxy_ws/build/launch/build/lib/launch/events/execution_complete.py -> /workspace/foxy_ws/install/lib/python3.10/site-packages/launch/events
[1.518s] copying /workspace/foxy_ws/build/launch/build/lib/launch/events/timer_event.py -> /workspace/foxy_ws/install/lib/python3.10/site-packages/launch/events
[1.518s] copying /workspace/foxy_ws/build/launch/build/lib/launch/events/matchers.py -> /workspace/foxy_ws/install/lib/python3.10/site-packages/launch/events
[1.518s] copying /workspace/foxy_ws/build/launch/build/lib/launch/events/shutdown.py -> /workspace/foxy_ws/install/lib/python3.10/site-packages/launch/events
[1.518s] copying /workspace/foxy_ws/build/launch/build/lib/launch/events/__init__.py -> /workspace/foxy_ws/install/lib/python3.10/site-packages/launch/events
[1.518s] creating /workspace/foxy_ws/install/lib/python3.10/site-packages/launch/events/process
[1.518s] copying /workspace/foxy_ws/build/launch/build/lib/launch/events/process/process_exited.py -> /workspace/foxy_ws/install/lib/python3.10/site-packages/launch/events/process
[1.519s] copying /workspace/foxy_ws/build/launch/build/lib/launch/events/process/running_process_event.py -> /workspace/foxy_ws/install/lib/python3.10/site-packages/launch/events/process
[1.519s] copying /workspace/foxy_ws/build/launch/build/lib/launch/events/process/process_io.py -> /workspace/foxy_ws/install/lib/python3.10/site-packages/launch/events/process
[1.519s] copying /workspace/foxy_ws/build/launch/build/lib/launch/events/process/shutdown_process.py -> /workspace/foxy_ws/install/lib/python3.10/site-packages/launch/events/process
[1.519s] copying /workspace/foxy_ws/build/launch/build/lib/launch/events/process/process_stdin.py -> /workspace/foxy_ws/install/lib/python3.10/site-packages/launch/events/process
[1.519s] copying /workspace/foxy_ws/build/launch/build/lib/launch/events/process/signal_process.py -> /workspace/foxy_ws/install/lib/python3.10/site-packages/launch/events/process
[1.519s] copying /workspace/foxy_ws/build/launch/build/lib/launch/events/process/process_matchers.py -> /workspace/foxy_ws/install/lib/python3.10/site-packages/launch/events/process
[1.519s] copying /workspace/foxy_ws/build/launch/build/lib/launch/events/process/process_started.py -> /workspace/foxy_ws/install/lib/python3.10/site-packages/launch/events/process
[1.519s] copying /workspace/foxy_ws/build/launch/build/lib/launch/events/process/process_stdout.py -> /workspace/foxy_ws/install/lib/python3.10/site-packages/launch/events/process
[1.519s] copying /workspace/foxy_ws/build/launch/build/lib/launch/events/process/__init__.py -> /workspace/foxy_ws/install/lib/python3.10/site-packages/launch/events/process
[1.519s] copying /workspace/foxy_ws/build/launch/build/lib/launch/events/process/process_targeted_event.py -> /workspace/foxy_ws/install/lib/python3.10/site-packages/launch/events/process
[1.519s] copying /workspace/foxy_ws/build/launch/build/lib/launch/events/process/process_stderr.py -> /workspace/foxy_ws/install/lib/python3.10/site-packages/launch/events/process
[1.519s] copying /workspace/foxy_ws/build/launch/build/lib/launch/some_actions_type.py -> /workspace/foxy_ws/install/lib/python3.10/site-packages/launch
[1.519s] creating /workspace/foxy_ws/install/lib/python3.10/site-packages/launch/substitutions
[1.520s] copying /workspace/foxy_ws/build/launch/build/lib/launch/substitutions/text_substitution.py -> /workspace/foxy_ws/install/lib/python3.10/site-packages/launch/substitutions
[1.520s] copying /workspace/foxy_ws/build/launch/build/lib/launch/substitutions/this_launch_file_dir.py -> /workspace/foxy_ws/install/lib/python3.10/site-packages/launch/substitutions
[1.520s] copying /workspace/foxy_ws/build/launch/build/lib/launch/substitutions/substitution_failure.py -> /workspace/foxy_ws/install/lib/python3.10/site-packages/launch/substitutions
[1.520s] copying /workspace/foxy_ws/build/launch/build/lib/launch/substitutions/local_substitution.py -> /workspace/foxy_ws/install/lib/python3.10/site-packages/launch/substitutions
[1.520s] copying /workspace/foxy_ws/build/launch/build/lib/launch/substitutions/python_expression.py -> /workspace/foxy_ws/install/lib/python3.10/site-packages/launch/substitutions
[1.520s] copying /workspace/foxy_ws/build/launch/build/lib/launch/substitutions/command.py -> /workspace/foxy_ws/install/lib/python3.10/site-packages/launch/substitutions
[1.520s] copying /workspace/foxy_ws/build/launch/build/lib/launch/substitutions/path_join_substitution.py -> /workspace/foxy_ws/install/lib/python3.10/site-packages/launch/substitutions
[1.520s] copying /workspace/foxy_ws/build/launch/build/lib/launch/substitutions/find_executable.py -> /workspace/foxy_ws/install/lib/python3.10/site-packages/launch/substitutions
[1.537s] copying /workspace/foxy_ws/build/launch/build/lib/launch/substitutions/environment_variable.py -> /workspace/foxy_ws/install/lib/python3.10/site-packages/launch/substitutions
[1.537s] copying /workspace/foxy_ws/build/launch/build/lib/launch/substitutions/launch_configuration.py -> /workspace/foxy_ws/install/lib/python3.10/site-packages/launch/substitutions
[1.538s] copying /workspace/foxy_ws/build/launch/build/lib/launch/substitutions/anon_name.py -> /workspace/foxy_ws/install/lib/python3.10/site-packages/launch/substitutions
[1.538s] copying /workspace/foxy_ws/build/launch/build/lib/launch/substitutions/__init__.py -> /workspace/foxy_ws/install/lib/python3.10/site-packages/launch/substitutions
[1.538s] copying /workspace/foxy_ws/build/launch/build/lib/launch/substitutions/this_launch_file.py -> /workspace/foxy_ws/install/lib/python3.10/site-packages/launch/substitutions
[1.538s] creating /workspace/foxy_ws/install/lib/python3.10/site-packages/launch/launch_description_sources
[1.538s] copying /workspace/foxy_ws/build/launch/build/lib/launch/launch_description_sources/any_launch_description_source.py -> /workspace/foxy_ws/install/lib/python3.10/site-packages/launch/launch_description_sources
[1.538s] copying /workspace/foxy_ws/build/launch/build/lib/launch/launch_description_sources/frontend_launch_description_source.py -> /workspace/foxy_ws/install/lib/python3.10/site-packages/launch/launch_description_sources
[1.538s] copying /workspace/foxy_ws/build/launch/build/lib/launch/launch_description_sources/any_launch_file_utilities.py -> /workspace/foxy_ws/install/lib/python3.10/site-packages/launch/launch_description_sources
[1.538s] copying /workspace/foxy_ws/build/launch/build/lib/launch/launch_description_sources/python_launch_description_source.py -> /workspace/foxy_ws/install/lib/python3.10/site-packages/launch/launch_description_sources
[1.538s] copying /workspace/foxy_ws/build/launch/build/lib/launch/launch_description_sources/__init__.py -> /workspace/foxy_ws/install/lib/python3.10/site-packages/launch/launch_description_sources
[1.538s] copying /workspace/foxy_ws/build/launch/build/lib/launch/launch_description_sources/python_launch_file_utilities.py -> /workspace/foxy_ws/install/lib/python3.10/site-packages/launch/launch_description_sources
[1.538s] copying /workspace/foxy_ws/build/launch/build/lib/launch/launch_description_sources/frontend_launch_file_utilities.py -> /workspace/foxy_ws/install/lib/python3.10/site-packages/launch/launch_description_sources
[1.538s] byte-compiling /workspace/foxy_ws/install/lib/python3.10/site-packages/launch/launch_context.py to launch_context.cpython-310.pyc
[1.539s] byte-compiling /workspace/foxy_ws/install/lib/python3.10/site-packages/launch/utilities/perform_substitutions_impl.py to perform_substitutions_impl.cpython-310.pyc
[1.539s] byte-compiling /workspace/foxy_ws/install/lib/python3.10/site-packages/launch/utilities/ensure_argument_type_impl.py to ensure_argument_type_impl.cpython-310.pyc
[1.539s] byte-compiling /workspace/foxy_ws/install/lib/python3.10/site-packages/launch/utilities/visit_all_entities_and_collect_futures_impl.py to visit_all_entities_and_collect_futures_impl.cpython-310.pyc
[1.539s] byte-compiling /workspace/foxy_ws/install/lib/python3.10/site-packages/launch/utilities/normalize_to_list_of_substitutions_impl.py to normalize_to_list_of_substitutions_impl.cpython-310.pyc
[1.539s] byte-compiling /workspace/foxy_ws/install/lib/python3.10/site-packages/launch/utilities/class_tools_impl.py to class_tools_impl.cpython-310.pyc
[1.539s] byte-compiling /workspace/foxy_ws/install/lib/python3.10/site-packages/launch/utilities/typing_file_path.py to typing_file_path.cpython-310.pyc
[1.539s] byte-compiling /workspace/foxy_ws/install/lib/python3.10/site-packages/launch/utilities/signal_management.py to signal_management.cpython-310.pyc
[1.539s] byte-compiling /workspace/foxy_ws/install/lib/python3.10/site-packages/launch/utilities/__init__.py to __init__.cpython-310.pyc
[1.539s] byte-compiling /workspace/foxy_ws/install/lib/python3.10/site-packages/launch/utilities/type_utils.py to type_utils.cpython-310.pyc
[1.539s] byte-compiling /workspace/foxy_ws/install/lib/python3.10/site-packages/launch/utilities/create_future_impl.py to create_future_impl.cpython-310.pyc
[1.539s] byte-compiling /workspace/foxy_ws/install/lib/python3.10/site-packages/launch/launch_introspector.py to launch_introspector.cpython-310.pyc
[1.539s] byte-compiling /workspace/foxy_ws/install/lib/python3.10/site-packages/launch/condition.py to condition.cpython-310.pyc
[1.540s] byte-compiling /workspace/foxy_ws/install/lib/python3.10/site-packages/launch/logging/__init__.py to __init__.cpython-310.pyc
[1.540s] byte-compiling /workspace/foxy_ws/install/lib/python3.10/site-packages/launch/logging/handlers.py to handlers.cpython-310.pyc
[1.540s] byte-compiling /workspace/foxy_ws/install/lib/python3.10/site-packages/launch/event_handlers/on_process_start.py to on_process_start.cpython-310.pyc
[1.540s] byte-compiling /workspace/foxy_ws/install/lib/python3.10/site-packages/launch/event_handlers/on_execution_complete.py to on_execution_complete.cpython-310.pyc
[1.540s] byte-compiling /workspace/foxy_ws/install/lib/python3.10/site-packages/launch/event_handlers/on_shutdown.py to on_shutdown.cpython-310.pyc
[1.540s] byte-compiling /workspace/foxy_ws/install/lib/python3.10/site-packages/launch/event_handlers/on_process_io.py to on_process_io.cpython-310.pyc
[1.540s] byte-compiling /workspace/foxy_ws/install/lib/python3.10/site-packages/launch/event_handlers/on_process_exit.py to on_process_exit.cpython-310.pyc
[1.540s] byte-compiling /workspace/foxy_ws/install/lib/python3.10/site-packages/launch/event_handlers/__init__.py to __init__.cpython-310.pyc
[1.540s] byte-compiling /workspace/foxy_ws/install/lib/python3.10/site-packages/launch/event_handlers/event_named.py to event_named.cpython-310.pyc
[1.540s] byte-compiling /workspace/foxy_ws/install/lib/python3.10/site-packages/launch/event_handlers/on_include_launch_description.py to on_include_launch_description.cpython-310.pyc
[1.540s] byte-compiling /workspace/foxy_ws/install/lib/python3.10/site-packages/launch/action.py to action.cpython-310.pyc
[1.540s] byte-compiling /workspace/foxy_ws/install/lib/python3.10/site-packages/launch/launch_description_source.py to launch_description_source.cpython-310.pyc
[1.540s] byte-compiling /workspace/foxy_ws/install/lib/python3.10/site-packages/launch/frontend/parser.py to parser.cpython-310.pyc
[1.541s] byte-compiling /workspace/foxy_ws/install/lib/python3.10/site-packages/launch/frontend/entity.py to entity.cpython-310.pyc
[1.541s] byte-compiling /workspace/foxy_ws/install/lib/python3.10/site-packages/launch/frontend/expose.py to expose.cpython-310.pyc
[1.541s] byte-compiling /workspace/foxy_ws/install/lib/python3.10/site-packages/launch/frontend/parse_substitution.py to parse_substitution.cpython-310.pyc
[1.541s] byte-compiling /workspace/foxy_ws/install/lib/python3.10/site-packages/launch/frontend/__init__.py to __init__.cpython-310.pyc
[1.541s] byte-compiling /workspace/foxy_ws/install/lib/python3.10/site-packages/launch/frontend/type_utils.py to type_utils.cpython-310.pyc
[1.541s] byte-compiling /workspace/foxy_ws/install/lib/python3.10/site-packages/launch/event_handler.py to event_handler.cpython-310.pyc
[1.541s] byte-compiling /workspace/foxy_ws/install/lib/python3.10/site-packages/launch/launch_description_entity.py to launch_description_entity.cpython-310.pyc
[1.541s] byte-compiling /workspace/foxy_ws/install/lib/python3.10/site-packages/launch/conditions/unless_condition.py to unless_condition.cpython-310.pyc
[1.541s] byte-compiling /workspace/foxy_ws/install/lib/python3.10/site-packages/launch/conditions/if_condition.py to if_condition.cpython-310.pyc
[1.541s] byte-compiling /workspace/foxy_ws/install/lib/python3.10/site-packages/launch/conditions/invalid_condition_expression_error.py to invalid_condition_expression_error.cpython-310.pyc
[1.541s] byte-compiling /workspace/foxy_ws/install/lib/python3.10/site-packages/launch/conditions/evaluate_condition_expression_impl.py to evaluate_condition_expression_impl.cpython-310.pyc
[1.541s] byte-compiling /workspace/foxy_ws/install/lib/python3.10/site-packages/launch/conditions/launch_configuration_equals.py to launch_configuration_equals.cpython-310.pyc
[1.541s] byte-compiling /workspace/foxy_ws/install/lib/python3.10/site-packages/launch/conditions/__init__.py to __init__.cpython-310.pyc
[1.542s] byte-compiling /workspace/foxy_ws/install/lib/python3.10/site-packages/launch/conditions/launch_configuration_not_equals.py to launch_configuration_not_equals.cpython-310.pyc
[1.542s] byte-compiling /workspace/foxy_ws/install/lib/python3.10/site-packages/launch/substitution.py to substitution.cpython-310.pyc
[1.542s] byte-compiling /workspace/foxy_ws/install/lib/python3.10/site-packages/launch/launch_service.py to launch_service.cpython-310.pyc
[1.542s] byte-compiling /workspace/foxy_ws/install/lib/python3.10/site-packages/launch/actions/emit_event.py to emit_event.cpython-310.pyc
[1.542s] byte-compiling /workspace/foxy_ws/install/lib/python3.10/site-packages/launch/actions/unset_launch_configuration.py to unset_launch_configuration.cpython-310.pyc
[1.542s] byte-compiling /workspace/foxy_ws/install/lib/python3.10/site-packages/launch/actions/include_launch_description.py to include_launch_description.cpython-310.pyc
[1.542s] byte-compiling /workspace/foxy_ws/install/lib/python3.10/site-packages/launch/actions/opaque_function.py to opaque_function.cpython-310.pyc
[1.542s] byte-compiling /workspace/foxy_ws/install/lib/python3.10/site-packages/launch/actions/shutdown_action.py to shutdown_action.cpython-310.pyc
[1.542s] byte-compiling /workspace/foxy_ws/install/lib/python3.10/site-packages/launch/actions/pop_environment.py to pop_environment.cpython-310.pyc
[1.542s] byte-compiling /workspace/foxy_ws/install/lib/python3.10/site-packages/launch/actions/execute_process.py to execute_process.cpython-310.pyc
[1.542s] byte-compiling /workspace/foxy_ws/install/lib/python3.10/site-packages/launch/actions/unregister_event_handler.py to unregister_event_handler.cpython-310.pyc
[1.542s] byte-compiling /workspace/foxy_ws/install/lib/python3.10/site-packages/launch/actions/push_environment.py to push_environment.cpython-310.pyc
[1.543s] byte-compiling /workspace/foxy_ws/install/lib/python3.10/site-packages/launch/actions/reset_environment.py to reset_environment.cpython-310.pyc
[1.543s] byte-compiling /workspace/foxy_ws/install/lib/python3.10/site-packages/launch/actions/register_event_handler.py to register_event_handler.cpython-310.pyc
[1.543s] byte-compiling /workspace/foxy_ws/install/lib/python3.10/site-packages/launch/actions/group_action.py to group_action.cpython-310.pyc
[1.543s] byte-compiling /workspace/foxy_ws/install/lib/python3.10/site-packages/launch/actions/declare_launch_argument.py to declare_launch_argument.cpython-310.pyc
[1.543s] byte-compiling /workspace/foxy_ws/install/lib/python3.10/site-packages/launch/actions/timer_action.py to timer_action.cpython-310.pyc
[1.543s] byte-compiling /workspace/foxy_ws/install/lib/python3.10/site-packages/launch/actions/opaque_coroutine.py to opaque_coroutine.cpython-310.pyc
[1.543s] byte-compiling /workspace/foxy_ws/install/lib/python3.10/site-packages/launch/actions/__init__.py to __init__.cpython-310.pyc
[1.543s] byte-compiling /workspace/foxy_ws/install/lib/python3.10/site-packages/launch/actions/log_info.py to log_info.cpython-310.pyc
[1.543s] byte-compiling /workspace/foxy_ws/install/lib/python3.10/site-packages/launch/actions/push_launch_configurations.py to push_launch_configurations.cpython-310.pyc
[1.543s] byte-compiling /workspace/foxy_ws/install/lib/python3.10/site-packages/launch/actions/set_launch_configuration.py to set_launch_configuration.cpython-310.pyc
[1.543s] byte-compiling /workspace/foxy_ws/install/lib/python3.10/site-packages/launch/actions/set_environment_variable.py to set_environment_variable.cpython-310.pyc
[1.543s] byte-compiling /workspace/foxy_ws/install/lib/python3.10/site-packages/launch/actions/unset_environment_variable.py to unset_environment_variable.cpython-310.pyc
[1.544s] byte-compiling /workspace/foxy_ws/install/lib/python3.10/site-packages/launch/actions/pop_launch_configurations.py to pop_launch_configurations.cpython-310.pyc
[1.544s] byte-compiling /workspace/foxy_ws/install/lib/python3.10/site-packages/launch/launch_description.py to launch_description.cpython-310.pyc
[1.544s] byte-compiling /workspace/foxy_ws/install/lib/python3.10/site-packages/launch/event.py to event.cpython-310.pyc
[1.544s] byte-compiling /workspace/foxy_ws/install/lib/python3.10/site-packages/launch/invalid_launch_file_error.py to invalid_launch_file_error.cpython-310.pyc
[1.544s] byte-compiling /workspace/foxy_ws/install/lib/python3.10/site-packages/launch/some_substitutions_type.py to some_substitutions_type.cpython-310.pyc
[1.544s] byte-compiling /workspace/foxy_ws/install/lib/python3.10/site-packages/launch/__init__.py to __init__.cpython-310.pyc
[1.544s] byte-compiling /workspace/foxy_ws/install/lib/python3.10/site-packages/launch/events/include_launch_description.py to include_launch_description.cpython-310.pyc
[1.544s] byte-compiling /workspace/foxy_ws/install/lib/python3.10/site-packages/launch/events/execution_complete.py to execution_complete.cpython-310.pyc
[1.544s] byte-compiling /workspace/foxy_ws/install/lib/python3.10/site-packages/launch/events/timer_event.py to timer_event.cpython-310.pyc
[1.544s] byte-compiling /workspace/foxy_ws/install/lib/python3.10/site-packages/launch/events/matchers.py to matchers.cpython-310.pyc
[1.544s] byte-compiling /workspace/foxy_ws/install/lib/python3.10/site-packages/launch/events/shutdown.py to shutdown.cpython-310.pyc
[1.544s] byte-compiling /workspace/foxy_ws/install/lib/python3.10/site-packages/launch/events/__init__.py to __init__.cpython-310.pyc
[1.545s] byte-compiling /workspace/foxy_ws/install/lib/python3.10/site-packages/launch/events/process/process_exited.py to process_exited.cpython-310.pyc
[1.545s] byte-compiling /workspace/foxy_ws/install/lib/python3.10/site-packages/launch/events/process/running_process_event.py to running_process_event.cpython-310.pyc
[1.545s] byte-compiling /workspace/foxy_ws/install/lib/python3.10/site-packages/launch/events/process/process_io.py to process_io.cpython-310.pyc
[1.545s] byte-compiling /workspace/foxy_ws/install/lib/python3.10/site-packages/launch/events/process/shutdown_process.py to shutdown_process.cpython-310.pyc
[1.545s] byte-compiling /workspace/foxy_ws/install/lib/python3.10/site-packages/launch/events/process/process_stdin.py to process_stdin.cpython-310.pyc
[1.545s] byte-compiling /workspace/foxy_ws/install/lib/python3.10/site-packages/launch/events/process/signal_process.py to signal_process.cpython-310.pyc
[1.545s] byte-compiling /workspace/foxy_ws/install/lib/python3.10/site-packages/launch/events/process/process_matchers.py to process_matchers.cpython-310.pyc
[1.545s] byte-compiling /workspace/foxy_ws/install/lib/python3.10/site-packages/launch/events/process/process_started.py to process_started.cpython-310.pyc
[1.545s] byte-compiling /workspace/foxy_ws/install/lib/python3.10/site-packages/launch/events/process/process_stdout.py to process_stdout.cpython-310.pyc
[1.545s] byte-compiling /workspace/foxy_ws/install/lib/python3.10/site-packages/launch/events/process/__init__.py to __init__.cpython-310.pyc
[1.545s] byte-compiling /workspace/foxy_ws/install/lib/python3.10/site-packages/launch/events/process/process_targeted_event.py to process_targeted_event.cpython-310.pyc
[1.545s] byte-compiling /workspace/foxy_ws/install/lib/python3.10/site-packages/launch/events/process/process_stderr.py to process_stderr.cpython-310.pyc
[1.545s] byte-compiling /workspace/foxy_ws/install/lib/python3.10/site-packages/launch/some_actions_type.py to some_actions_type.cpython-310.pyc
[1.546s] byte-compiling /workspace/foxy_ws/install/lib/python3.10/site-packages/launch/substitutions/text_substitution.py to text_substitution.cpython-310.pyc
[1.546s] byte-compiling /workspace/foxy_ws/install/lib/python3.10/site-packages/launch/substitutions/this_launch_file_dir.py to this_launch_file_dir.cpython-310.pyc
[1.546s] byte-compiling /workspace/foxy_ws/install/lib/python3.10/site-packages/launch/substitutions/substitution_failure.py to substitution_failure.cpython-310.pyc
[1.546s] byte-compiling /workspace/foxy_ws/install/lib/python3.10/site-packages/launch/substitutions/local_substitution.py to local_substitution.cpython-310.pyc
[1.546s] byte-compiling /workspace/foxy_ws/install/lib/python3.10/site-packages/launch/substitutions/python_expression.py to python_expression.cpython-310.pyc
[1.546s] byte-compiling /workspace/foxy_ws/install/lib/python3.10/site-packages/launch/substitutions/command.py to command.cpython-310.pyc
[1.546s] byte-compiling /workspace/foxy_ws/install/lib/python3.10/site-packages/launch/substitutions/path_join_substitution.py to path_join_substitution.cpython-310.pyc
[1.546s] byte-compiling /workspace/foxy_ws/install/lib/python3.10/site-packages/launch/substitutions/find_executable.py to find_executable.cpython-310.pyc
[1.546s] byte-compiling /workspace/foxy_ws/install/lib/python3.10/site-packages/launch/substitutions/environment_variable.py to environment_variable.cpython-310.pyc
[1.546s] byte-compiling /workspace/foxy_ws/install/lib/python3.10/site-packages/launch/substitutions/launch_configuration.py to launch_configuration.cpython-310.pyc
[1.546s] byte-compiling /workspace/foxy_ws/install/lib/python3.10/site-packages/launch/substitutions/anon_name.py to anon_name.cpython-310.pyc
[1.546s] byte-compiling /workspace/foxy_ws/install/lib/python3.10/site-packages/launch/substitutions/__init__.py to __init__.cpython-310.pyc
[1.546s] byte-compiling /workspace/foxy_ws/install/lib/python3.10/site-packages/launch/substitutions/this_launch_file.py to this_launch_file.cpython-310.pyc
[1.547s] byte-compiling /workspace/foxy_ws/install/lib/python3.10/site-packages/launch/launch_description_sources/any_launch_description_source.py to any_launch_description_source.cpython-310.pyc
[1.547s] byte-compiling /workspace/foxy_ws/install/lib/python3.10/site-packages/launch/launch_description_sources/frontend_launch_description_source.py to frontend_launch_description_source.cpython-310.pyc
[1.547s] byte-compiling /workspace/foxy_ws/install/lib/python3.10/site-packages/launch/launch_description_sources/any_launch_file_utilities.py to any_launch_file_utilities.cpython-310.pyc
[1.547s] byte-compiling /workspace/foxy_ws/install/lib/python3.10/site-packages/launch/launch_description_sources/python_launch_description_source.py to python_launch_description_source.cpython-310.pyc
[1.547s] byte-compiling /workspace/foxy_ws/install/lib/python3.10/site-packages/launch/launch_description_sources/__init__.py to __init__.cpython-310.pyc
[1.547s] byte-compiling /workspace/foxy_ws/install/lib/python3.10/site-packages/launch/launch_description_sources/python_launch_file_utilities.py to python_launch_file_utilities.cpython-310.pyc
[1.547s] byte-compiling /workspace/foxy_ws/install/lib/python3.10/site-packages/launch/launch_description_sources/frontend_launch_file_utilities.py to frontend_launch_file_utilities.cpython-310.pyc
[1.547s] running install_data
[1.547s] copying package.xml -> /workspace/foxy_ws/install/share/launch
[1.547s] copying resource/launch -> /workspace/foxy_ws/install/share/ament_index/resource_index/packages
[1.547s] creating /workspace/foxy_ws/install/share/launch/frontend
[1.547s] copying share/launch/frontend/grammar.lark -> /workspace/foxy_ws/install/share/launch/frontend
[1.547s] running install_egg_info
[1.548s] Copying ../../../build/launch/launch.egg-info to /workspace/foxy_ws/install/lib/python3.10/site-packages/launch-0.10.10-py3.10.egg-info
[1.548s] running install_scripts
[1.548s] writing list of installed files to '/workspace/foxy_ws/build/launch/install.log'
[1.548s] Invoked command in '/workspace/foxy_ws/src/launch/launch' returned '0': AMENT_PREFIX_PATH=/workspace/foxy_ws/install CMAKE_PREFIX_PATH=/workspace/foxy_ws/install LD_LIBRARY_PATH=/workspace/foxy_ws/install/lib PATH=/workspace/foxy_ws/install/bin:${PATH} PYTHONPATH=/workspace/foxy_ws/build/launch/prefix_override:/workspace/foxy_ws/install/lib/python3.10/site-packages:/workspace/foxy_ws/install/lib/python3.10/site-packages /usr/bin/python3 -W ignore:setup.py install is deprecated setup.py egg_info --egg-base ../../../build/launch build --build-base /workspace/foxy_ws/build/launch/build install --record /workspace/foxy_ws/build/launch/install.log --single-version-externally-managed install_data
