-- The C compiler identification is GNU 9.4.0
-- The CXX compiler identification is GNU 9.4.0
-- Check for working C compiler: /usr/bin/cc
-- Check for working C compiler: /usr/bin/cc -- works
-- Detecting C compiler ABI info
-- Detecting C compiler ABI info - done
-- Detecting C compile features
-- Detecting C compile features - done
-- Check for working CXX compiler: /usr/bin/c++
-- Check for working CXX compiler: /usr/bin/c++ -- works
-- Detecting CXX compiler ABI info
-- Detecting CXX compiler ABI info - done
-- Detecting CXX compile features
-- Detecting CXX compile features - done
-- Found ament_cmake: 0.9.12 (/workspace/foxy_ws/install/share/ament_cmake/cmake)
-- Found PythonInterp: /usr/bin/python3 (found suitable version "3.10.14", minimum required is "3") 
-- Using PYTHON_EXECUTABLE: /usr/bin/python3
-- Found rosidl_default_generators: 1.0.1 (/workspace/foxy_ws/install/share/rosidl_default_generators/cmake)
-- Using all available rosidl_typesupport_c: rosidl_typesupport_fastrtps_c;rosidl_typesupport_introspection_c
-- Found rosidl_adapter: 1.3.1 (/workspace/foxy_ws/install/share/rosidl_adapter/cmake)
-- Found OpenSSL: /usr/lib/x86_64-linux-gnu/libcrypto.so (found version "1.1.1f")  
-- Found FastRTPS: /workspace/foxy_ws/install/include  
-- Using all available rosidl_typesupport_cpp: rosidl_typesupport_fastrtps_cpp;rosidl_typesupport_introspection_cpp
-- Found PythonInterp: /usr/bin/python3 (found version "3.10.14") 
-- Found ament_cmake_cppcheck: 0.9.8 (/workspace/foxy_ws/install/share/ament_cmake_cppcheck/cmake)
-- Found ament_cmake_cpplint: 0.9.8 (/workspace/foxy_ws/install/share/ament_cmake_cpplint/cmake)
-- Found ament_cmake_uncrustify: 0.9.8 (/workspace/foxy_ws/install/share/ament_cmake_uncrustify/cmake)
-- Found ament_cmake_ros: 0.9.2 (/workspace/foxy_ws/install/share/ament_cmake_ros/cmake)
-- Using all available rosidl_typesupport_c: rosidl_typesupport_fastrtps_c;rosidl_typesupport_introspection_c
-- Using all available rosidl_typesupport_cpp: rosidl_typesupport_fastrtps_cpp;rosidl_typesupport_introspection_cpp
-- Found PythonInterp: /usr/bin/python3 (found suitable version "3.10.14", minimum required is "3.5") 
-- Found python_cmake_module: 0.8.1 (/workspace/foxy_ws/install/share/python_cmake_module/cmake)
-- Found PythonLibs: /usr/lib/x86_64-linux-gnu/libpython3.10.so (found suitable version "3.10.14", minimum required is "3.5") 
-- Using PYTHON_EXECUTABLE: /usr/bin/python3
-- Using PYTHON_INCLUDE_DIRS: /usr/include/python3.10
-- Using PYTHON_LIBRARIES: /usr/lib/x86_64-linux-gnu/libpython3.10.so
-- Found PythonExtra: .so  
-- Using numpy include directory: /usr/local/lib/python3.10/dist-packages/numpy/core/include
-- Found ament_cmake_flake8: 0.9.8 (/workspace/foxy_ws/install/share/ament_cmake_flake8/cmake)
-- Found ament_cmake_pep257: 0.9.8 (/workspace/foxy_ws/install/share/ament_cmake_pep257/cmake)
-- Configuring done
-- Generating done
-- Build files have been written to: /workspace/foxy_ws/build/builtin_interfaces
[  2%] Generating C code for ROS interfaces
Scanning dependencies of target builtin_interfaces__cpp
[  5%] Generating C++ code for ROS interfaces
[  5%] Built target builtin_interfaces__cpp
[  7%] Generating C++ type support for eProsima Fast-RTPS
[ 10%] Generating C++ introspection for ROS interfaces
[ 12%] Generating C++ type support dispatch for ROS interfaces
Scanning dependencies of target builtin_interfaces__rosidl_generator_c
[ 15%] Building C object CMakeFiles/builtin_interfaces__rosidl_generator_c.dir/rosidl_generator_c/builtin_interfaces/msg/detail/duration__functions.c.o
[ 17%] Building C object CMakeFiles/builtin_interfaces__rosidl_generator_c.dir/rosidl_generator_c/builtin_interfaces/msg/detail/time__functions.c.o
[ 20%] Linking C shared library libbuiltin_interfaces__rosidl_generator_c.so
[ 20%] Built target builtin_interfaces__rosidl_generator_c
[ 23%] Generating C introspection for ROS interfaces
[ 25%] Generating C type support dispatch for ROS interfaces
Scanning dependencies of target builtin_interfaces__rosidl_typesupport_introspection_cpp
[ 28%] Building CXX object CMakeFiles/builtin_interfaces__rosidl_typesupport_introspection_cpp.dir/rosidl_typesupport_introspection_cpp/builtin_interfaces/msg/detail/duration__type_support.cpp.o
[ 30%] Building CXX object CMakeFiles/builtin_interfaces__rosidl_typesupport_introspection_cpp.dir/rosidl_typesupport_introspection_cpp/builtin_interfaces/msg/detail/time__type_support.cpp.o
Scanning dependencies of target builtin_interfaces__rosidl_typesupport_fastrtps_cpp
[ 33%] Building CXX object CMakeFiles/builtin_interfaces__rosidl_typesupport_fastrtps_cpp.dir/rosidl_typesupport_fastrtps_cpp/builtin_interfaces/msg/detail/dds_fastrtps/time__type_support.cpp.o
[ 35%] Building CXX object CMakeFiles/builtin_interfaces__rosidl_typesupport_fastrtps_cpp.dir/rosidl_typesupport_fastrtps_cpp/builtin_interfaces/msg/detail/dds_fastrtps/duration__type_support.cpp.o
Scanning dependencies of target builtin_interfaces__rosidl_typesupport_cpp
[ 38%] Building CXX object CMakeFiles/builtin_interfaces__rosidl_typesupport_cpp.dir/rosidl_typesupport_cpp/builtin_interfaces/msg/duration__type_support.cpp.o
[ 41%] Building CXX object CMakeFiles/builtin_interfaces__rosidl_typesupport_cpp.dir/rosidl_typesupport_cpp/builtin_interfaces/msg/time__type_support.cpp.o
Scanning dependencies of target builtin_interfaces__rosidl_typesupport_introspection_c
[ 43%] Building C object CMakeFiles/builtin_interfaces__rosidl_typesupport_introspection_c.dir/rosidl_typesupport_introspection_c/builtin_interfaces/msg/detail/duration__type_support.c.o
[ 46%] Building C object CMakeFiles/builtin_interfaces__rosidl_typesupport_introspection_c.dir/rosidl_typesupport_introspection_c/builtin_interfaces/msg/detail/time__type_support.c.o
Scanning dependencies of target builtin_interfaces__rosidl_typesupport_c
[ 48%] Linking C shared library libbuiltin_interfaces__rosidl_typesupport_introspection_c.so
[ 51%] Building CXX object CMakeFiles/builtin_interfaces__rosidl_typesupport_c.dir/rosidl_typesupport_c/builtin_interfaces/msg/time__type_support.cpp.o
[ 53%] Building CXX object CMakeFiles/builtin_interfaces__rosidl_typesupport_c.dir/rosidl_typesupport_c/builtin_interfaces/msg/duration__type_support.cpp.o
[ 56%] Linking CXX shared library libbuiltin_interfaces__rosidl_typesupport_introspection_cpp.so
[ 56%] Built target builtin_interfaces__rosidl_typesupport_introspection_c
[ 58%] Linking CXX shared library libbuiltin_interfaces__rosidl_typesupport_c.so
[ 58%] Built target builtin_interfaces__rosidl_typesupport_introspection_cpp
[ 61%] Linking CXX shared library libbuiltin_interfaces__rosidl_typesupport_cpp.so
[ 61%] Built target builtin_interfaces__rosidl_typesupport_c
[ 64%] Linking CXX shared library libbuiltin_interfaces__rosidl_typesupport_fastrtps_cpp.so
[ 64%] Built target builtin_interfaces__rosidl_typesupport_cpp
[ 64%] Built target builtin_interfaces__rosidl_typesupport_fastrtps_cpp
[ 66%] Generating C type support for eProsima Fast-RTPS
Scanning dependencies of target builtin_interfaces__rosidl_typesupport_fastrtps_c
[ 69%] Building CXX object CMakeFiles/builtin_interfaces__rosidl_typesupport_fastrtps_c.dir/rosidl_typesupport_fastrtps_c/builtin_interfaces/msg/detail/duration__type_support_c.cpp.o
[ 71%] Building CXX object CMakeFiles/builtin_interfaces__rosidl_typesupport_fastrtps_c.dir/rosidl_typesupport_fastrtps_c/builtin_interfaces/msg/detail/time__type_support_c.cpp.o
[ 74%] Linking CXX shared library libbuiltin_interfaces__rosidl_typesupport_fastrtps_c.so
[ 74%] Built target builtin_interfaces__rosidl_typesupport_fastrtps_c
Scanning dependencies of target builtin_interfaces
[ 74%] Built target builtin_interfaces
Scanning dependencies of target builtin_interfaces__py
[ 76%] Generating Python code for ROS interfaces
[ 76%] Built target builtin_interfaces__py
Scanning dependencies of target builtin_interfaces__python
[ 79%] Building C object CMakeFiles/builtin_interfaces__python.dir/rosidl_generator_py/builtin_interfaces/msg/_duration_s.c.o
[ 82%] Building C object CMakeFiles/builtin_interfaces__python.dir/rosidl_generator_py/builtin_interfaces/msg/_time_s.c.o
[ 84%] Linking C shared library rosidl_generator_py/builtin_interfaces/libbuiltin_interfaces__python.so
[ 84%] Built target builtin_interfaces__python
Scanning dependencies of target builtin_interfaces__rosidl_typesupport_c__pyext
Scanning dependencies of target builtin_interfaces__rosidl_typesupport_introspection_c__pyext
[ 87%] Building C object CMakeFiles/builtin_interfaces__rosidl_typesupport_c__pyext.dir/rosidl_generator_py/builtin_interfaces/_builtin_interfaces_s.ep.rosidl_typesupport_c.c.o
Scanning dependencies of target builtin_interfaces__rosidl_typesupport_fastrtps_c__pyext
[ 89%] Building C object CMakeFiles/builtin_interfaces__rosidl_typesupport_introspection_c__pyext.dir/rosidl_generator_py/builtin_interfaces/_builtin_interfaces_s.ep.rosidl_typesupport_introspection_c.c.o
[ 92%] Building C object CMakeFiles/builtin_interfaces__rosidl_typesupport_fastrtps_c__pyext.dir/rosidl_generator_py/builtin_interfaces/_builtin_interfaces_s.ep.rosidl_typesupport_fastrtps_c.c.o
[ 94%] Linking C shared library rosidl_generator_py/builtin_interfaces/builtin_interfaces_s__rosidl_typesupport_c.cpython-310-x86_64-linux-gnu.so
[ 97%] Linking C shared library rosidl_generator_py/builtin_interfaces/builtin_interfaces_s__rosidl_typesupport_introspection_c.cpython-310-x86_64-linux-gnu.so
[100%] Linking CXX shared library rosidl_generator_py/builtin_interfaces/builtin_interfaces_s__rosidl_typesupport_fastrtps_c.cpython-310-x86_64-linux-gnu.so
[100%] Built target builtin_interfaces__rosidl_typesupport_c__pyext
[100%] Built target builtin_interfaces__rosidl_typesupport_introspection_c__pyext
[100%] Built target builtin_interfaces__rosidl_typesupport_fastrtps_c__pyext
-- Install configuration: ""
-- Installing: /workspace/foxy_ws/install/share/ament_index/resource_index/rosidl_interfaces/builtin_interfaces
-- Installing: /workspace/foxy_ws/install/include/builtin_interfaces
-- Installing: /workspace/foxy_ws/install/include/builtin_interfaces/msg
-- Installing: /workspace/foxy_ws/install/include/builtin_interfaces/msg/duration.h
-- Installing: /workspace/foxy_ws/install/include/builtin_interfaces/msg/rosidl_generator_c__visibility_control.h
-- Installing: /workspace/foxy_ws/install/include/builtin_interfaces/msg/detail
-- Installing: /workspace/foxy_ws/install/include/builtin_interfaces/msg/detail/time__functions.h
-- Installing: /workspace/foxy_ws/install/include/builtin_interfaces/msg/detail/duration__functions.c
-- Installing: /workspace/foxy_ws/install/include/builtin_interfaces/msg/detail/time__type_support.h
-- Installing: /workspace/foxy_ws/install/include/builtin_interfaces/msg/detail/duration__functions.h
-- Installing: /workspace/foxy_ws/install/include/builtin_interfaces/msg/detail/duration__type_support.h
-- Installing: /workspace/foxy_ws/install/include/builtin_interfaces/msg/detail/time__struct.h
-- Installing: /workspace/foxy_ws/install/include/builtin_interfaces/msg/detail/time__functions.c
-- Installing: /workspace/foxy_ws/install/include/builtin_interfaces/msg/detail/duration__struct.h
-- Installing: /workspace/foxy_ws/install/include/builtin_interfaces/msg/time.h
-- Installing: /workspace/foxy_ws/install/share/builtin_interfaces/environment/library_path.sh
-- Installing: /workspace/foxy_ws/install/share/builtin_interfaces/environment/library_path.dsv
-- Installing: /workspace/foxy_ws/install/lib/libbuiltin_interfaces__rosidl_generator_c.so
-- Set runtime path of "/workspace/foxy_ws/install/lib/libbuiltin_interfaces__rosidl_generator_c.so" to ""
-- Up-to-date: /workspace/foxy_ws/install/include/builtin_interfaces
-- Up-to-date: /workspace/foxy_ws/install/include/builtin_interfaces/msg
-- Installing: /workspace/foxy_ws/install/include/builtin_interfaces/msg/rosidl_typesupport_fastrtps_c__visibility_control.h
-- Up-to-date: /workspace/foxy_ws/install/include/builtin_interfaces/msg/detail
-- Installing: /workspace/foxy_ws/install/include/builtin_interfaces/msg/detail/time__rosidl_typesupport_fastrtps_c.h
-- Installing: /workspace/foxy_ws/install/include/builtin_interfaces/msg/detail/duration__rosidl_typesupport_fastrtps_c.h
-- Installing: /workspace/foxy_ws/install/lib/libbuiltin_interfaces__rosidl_typesupport_fastrtps_c.so
-- Set runtime path of "/workspace/foxy_ws/install/lib/libbuiltin_interfaces__rosidl_typesupport_fastrtps_c.so" to ""
-- Up-to-date: /workspace/foxy_ws/install/include/builtin_interfaces
-- Up-to-date: /workspace/foxy_ws/install/include/builtin_interfaces/msg
-- Installing: /workspace/foxy_ws/install/include/builtin_interfaces/msg/rosidl_typesupport_fastrtps_cpp__visibility_control.h
-- Up-to-date: /workspace/foxy_ws/install/include/builtin_interfaces/msg/detail
-- Installing: /workspace/foxy_ws/install/include/builtin_interfaces/msg/detail/dds_fastrtps
-- Installing: /workspace/foxy_ws/install/include/builtin_interfaces/msg/detail/duration__rosidl_typesupport_fastrtps_cpp.hpp
-- Installing: /workspace/foxy_ws/install/include/builtin_interfaces/msg/detail/time__rosidl_typesupport_fastrtps_cpp.hpp
-- Installing: /workspace/foxy_ws/install/lib/libbuiltin_interfaces__rosidl_typesupport_fastrtps_cpp.so
-- Set runtime path of "/workspace/foxy_ws/install/lib/libbuiltin_interfaces__rosidl_typesupport_fastrtps_cpp.so" to ""
-- Up-to-date: /workspace/foxy_ws/install/include/builtin_interfaces
-- Up-to-date: /workspace/foxy_ws/install/include/builtin_interfaces/msg
-- Installing: /workspace/foxy_ws/install/include/builtin_interfaces/msg/rosidl_typesupport_introspection_c__visibility_control.h
-- Up-to-date: /workspace/foxy_ws/install/include/builtin_interfaces/msg/detail
-- Installing: /workspace/foxy_ws/install/include/builtin_interfaces/msg/detail/duration__rosidl_typesupport_introspection_c.h
-- Installing: /workspace/foxy_ws/install/include/builtin_interfaces/msg/detail/time__rosidl_typesupport_introspection_c.h
-- Installing: /workspace/foxy_ws/install/include/builtin_interfaces/msg/detail/duration__type_support.c
-- Installing: /workspace/foxy_ws/install/include/builtin_interfaces/msg/detail/time__type_support.c
-- Installing: /workspace/foxy_ws/install/lib/libbuiltin_interfaces__rosidl_typesupport_introspection_c.so
-- Set runtime path of "/workspace/foxy_ws/install/lib/libbuiltin_interfaces__rosidl_typesupport_introspection_c.so" to ""
-- Installing: /workspace/foxy_ws/install/lib/libbuiltin_interfaces__rosidl_typesupport_c.so
-- Set runtime path of "/workspace/foxy_ws/install/lib/libbuiltin_interfaces__rosidl_typesupport_c.so" to ""
-- Up-to-date: /workspace/foxy_ws/install/include/builtin_interfaces
-- Up-to-date: /workspace/foxy_ws/install/include/builtin_interfaces/msg
-- Installing: /workspace/foxy_ws/install/include/builtin_interfaces/msg/rosidl_generator_cpp__visibility_control.hpp
-- Installing: /workspace/foxy_ws/install/include/builtin_interfaces/msg/time.hpp
-- Installing: /workspace/foxy_ws/install/include/builtin_interfaces/msg/duration.hpp
-- Up-to-date: /workspace/foxy_ws/install/include/builtin_interfaces/msg/detail
-- Installing: /workspace/foxy_ws/install/include/builtin_interfaces/msg/detail/duration__builder.hpp
-- Installing: /workspace/foxy_ws/install/include/builtin_interfaces/msg/detail/duration__traits.hpp
-- Installing: /workspace/foxy_ws/install/include/builtin_interfaces/msg/detail/time__struct.hpp
-- Installing: /workspace/foxy_ws/install/include/builtin_interfaces/msg/detail/time__traits.hpp
-- Installing: /workspace/foxy_ws/install/include/builtin_interfaces/msg/detail/duration__struct.hpp
-- Installing: /workspace/foxy_ws/install/include/builtin_interfaces/msg/detail/time__builder.hpp
-- Installing: /workspace/foxy_ws/install/include/builtin_interfaces/msg/detail/duration__type_support.hpp
-- Installing: /workspace/foxy_ws/install/include/builtin_interfaces/msg/detail/time__type_support.hpp
-- Up-to-date: /workspace/foxy_ws/install/include/builtin_interfaces
-- Up-to-date: /workspace/foxy_ws/install/include/builtin_interfaces/msg
-- Up-to-date: /workspace/foxy_ws/install/include/builtin_interfaces/msg/detail
-- Installing: /workspace/foxy_ws/install/include/builtin_interfaces/msg/detail/duration__type_support.cpp
-- Installing: /workspace/foxy_ws/install/include/builtin_interfaces/msg/detail/time__rosidl_typesupport_introspection_cpp.hpp
-- Installing: /workspace/foxy_ws/install/include/builtin_interfaces/msg/detail/time__type_support.cpp
-- Installing: /workspace/foxy_ws/install/include/builtin_interfaces/msg/detail/duration__rosidl_typesupport_introspection_cpp.hpp
-- Installing: /workspace/foxy_ws/install/lib/libbuiltin_interfaces__rosidl_typesupport_introspection_cpp.so
-- Set runtime path of "/workspace/foxy_ws/install/lib/libbuiltin_interfaces__rosidl_typesupport_introspection_cpp.so" to ""
-- Installing: /workspace/foxy_ws/install/lib/libbuiltin_interfaces__rosidl_typesupport_cpp.so
-- Set runtime path of "/workspace/foxy_ws/install/lib/libbuiltin_interfaces__rosidl_typesupport_cpp.so" to ""
-- Installing: /workspace/foxy_ws/install/share/builtin_interfaces/environment/pythonpath.sh
-- Installing: /workspace/foxy_ws/install/share/builtin_interfaces/environment/pythonpath.dsv
-- Installing: /workspace/foxy_ws/install/lib/python3.10/site-packages/builtin_interfaces/__init__.py
Compiling '/workspace/foxy_ws/install/lib/python3.10/site-packages/builtin_interfaces/__init__.py'...
-- Installing: /workspace/foxy_ws/install/lib/python3.10/site-packages/builtin_interfaces/msg
-- Installing: /workspace/foxy_ws/install/lib/python3.10/site-packages/builtin_interfaces/msg/_duration_s.c
-- Installing: /workspace/foxy_ws/install/lib/python3.10/site-packages/builtin_interfaces/msg/_time_s.c
-- Installing: /workspace/foxy_ws/install/lib/python3.10/site-packages/builtin_interfaces/msg/__init__.py
-- Installing: /workspace/foxy_ws/install/lib/python3.10/site-packages/builtin_interfaces/msg/_duration.py
-- Installing: /workspace/foxy_ws/install/lib/python3.10/site-packages/builtin_interfaces/msg/_time.py
-- Installing: /workspace/foxy_ws/install/lib/python3.10/site-packages/builtin_interfaces/builtin_interfaces_s__rosidl_typesupport_fastrtps_c.cpython-310-x86_64-linux-gnu.so
-- Set runtime path of "/workspace/foxy_ws/install/lib/python3.10/site-packages/builtin_interfaces/builtin_interfaces_s__rosidl_typesupport_fastrtps_c.cpython-310-x86_64-linux-gnu.so" to ""
-- Installing: /workspace/foxy_ws/install/lib/python3.10/site-packages/builtin_interfaces/builtin_interfaces_s__rosidl_typesupport_introspection_c.cpython-310-x86_64-linux-gnu.so
-- Set runtime path of "/workspace/foxy_ws/install/lib/python3.10/site-packages/builtin_interfaces/builtin_interfaces_s__rosidl_typesupport_introspection_c.cpython-310-x86_64-linux-gnu.so" to ""
-- Installing: /workspace/foxy_ws/install/lib/python3.10/site-packages/builtin_interfaces/builtin_interfaces_s__rosidl_typesupport_c.cpython-310-x86_64-linux-gnu.so
-- Set runtime path of "/workspace/foxy_ws/install/lib/python3.10/site-packages/builtin_interfaces/builtin_interfaces_s__rosidl_typesupport_c.cpython-310-x86_64-linux-gnu.so" to ""
-- Installing: /workspace/foxy_ws/install/lib/libbuiltin_interfaces__python.so
-- Set runtime path of "/workspace/foxy_ws/install/lib/libbuiltin_interfaces__python.so" to ""
-- Installing: /workspace/foxy_ws/install/share/builtin_interfaces/msg/Duration.idl
-- Installing: /workspace/foxy_ws/install/share/builtin_interfaces/msg/Time.idl
-- Installing: /workspace/foxy_ws/install/share/builtin_interfaces/msg/Duration.msg
-- Installing: /workspace/foxy_ws/install/share/builtin_interfaces/msg/Time.msg
-- Installing: /workspace/foxy_ws/install/share/ament_index/resource_index/package_run_dependencies/builtin_interfaces
-- Installing: /workspace/foxy_ws/install/share/ament_index/resource_index/parent_prefix_path/builtin_interfaces
-- Installing: /workspace/foxy_ws/install/share/builtin_interfaces/environment/ament_prefix_path.sh
-- Installing: /workspace/foxy_ws/install/share/builtin_interfaces/environment/ament_prefix_path.dsv
-- Installing: /workspace/foxy_ws/install/share/builtin_interfaces/environment/path.sh
-- Installing: /workspace/foxy_ws/install/share/builtin_interfaces/environment/path.dsv
-- Installing: /workspace/foxy_ws/install/share/builtin_interfaces/local_setup.bash
-- Installing: /workspace/foxy_ws/install/share/builtin_interfaces/local_setup.sh
-- Installing: /workspace/foxy_ws/install/share/builtin_interfaces/local_setup.zsh
-- Installing: /workspace/foxy_ws/install/share/builtin_interfaces/local_setup.dsv
-- Installing: /workspace/foxy_ws/install/share/builtin_interfaces/package.dsv
-- Installing: /workspace/foxy_ws/install/share/ament_index/resource_index/packages/builtin_interfaces
-- Installing: /workspace/foxy_ws/install/share/builtin_interfaces/cmake/builtin_interfaces__rosidl_generator_cExport.cmake
-- Installing: /workspace/foxy_ws/install/share/builtin_interfaces/cmake/builtin_interfaces__rosidl_generator_cExport-noconfig.cmake
-- Installing: /workspace/foxy_ws/install/share/builtin_interfaces/cmake/builtin_interfaces__rosidl_typesupport_introspection_cExport.cmake
-- Installing: /workspace/foxy_ws/install/share/builtin_interfaces/cmake/builtin_interfaces__rosidl_typesupport_introspection_cExport-noconfig.cmake
-- Installing: /workspace/foxy_ws/install/share/builtin_interfaces/cmake/builtin_interfaces__rosidl_typesupport_cExport.cmake
-- Installing: /workspace/foxy_ws/install/share/builtin_interfaces/cmake/builtin_interfaces__rosidl_typesupport_cExport-noconfig.cmake
-- Installing: /workspace/foxy_ws/install/share/builtin_interfaces/cmake/builtin_interfaces__rosidl_generator_cppExport.cmake
-- Installing: /workspace/foxy_ws/install/share/builtin_interfaces/cmake/builtin_interfaces__rosidl_typesupport_introspection_cppExport.cmake
-- Installing: /workspace/foxy_ws/install/share/builtin_interfaces/cmake/builtin_interfaces__rosidl_typesupport_introspection_cppExport-noconfig.cmake
-- Installing: /workspace/foxy_ws/install/share/builtin_interfaces/cmake/builtin_interfaces__rosidl_typesupport_cppExport.cmake
-- Installing: /workspace/foxy_ws/install/share/builtin_interfaces/cmake/builtin_interfaces__rosidl_typesupport_cppExport-noconfig.cmake
-- Installing: /workspace/foxy_ws/install/share/builtin_interfaces/cmake/rosidl_cmake-extras.cmake
-- Installing: /workspace/foxy_ws/install/share/builtin_interfaces/cmake/ament_cmake_export_dependencies-extras.cmake
-- Installing: /workspace/foxy_ws/install/share/builtin_interfaces/cmake/ament_cmake_export_libraries-extras.cmake
-- Installing: /workspace/foxy_ws/install/share/builtin_interfaces/cmake/ament_cmake_export_targets-extras.cmake
-- Installing: /workspace/foxy_ws/install/share/builtin_interfaces/cmake/ament_cmake_export_include_directories-extras.cmake
-- Installing: /workspace/foxy_ws/install/share/builtin_interfaces/cmake/rosidl_cmake_export_typesupport_libraries-extras.cmake
-- Installing: /workspace/foxy_ws/install/share/builtin_interfaces/cmake/rosidl_cmake_export_typesupport_targets-extras.cmake
-- Installing: /workspace/foxy_ws/install/share/builtin_interfaces/cmake/builtin_interfacesConfig.cmake
-- Installing: /workspace/foxy_ws/install/share/builtin_interfaces/cmake/builtin_interfacesConfig-version.cmake
-- Installing: /workspace/foxy_ws/install/share/builtin_interfaces/package.xml
