running egg_info
creating ../../../build/ament_pep257/ament_pep257.egg-info
writing ../../../build/ament_pep257/ament_pep257.egg-info/PKG-INFO
writing dependency_links to ../../../build/ament_pep257/ament_pep257.egg-info/dependency_links.txt
writing entry points to ../../../build/ament_pep257/ament_pep257.egg-info/entry_points.txt
writing requirements to ../../../build/ament_pep257/ament_pep257.egg-info/requires.txt
writing top-level names to ../../../build/ament_pep257/ament_pep257.egg-info/top_level.txt
writing manifest file '../../../build/ament_pep257/ament_pep257.egg-info/SOURCES.txt'
reading manifest file '../../../build/ament_pep257/ament_pep257.egg-info/SOURCES.txt'
writing manifest file '../../../build/ament_pep257/ament_pep257.egg-info/SOURCES.txt'
running build
running build_py
creating /workspace/foxy_ws/build/ament_pep257/build
creating /workspace/foxy_ws/build/ament_pep257/build/lib
creating /workspace/foxy_ws/build/ament_pep257/build/lib/ament_pep257
copying ament_pep257/main.py -> /workspace/foxy_ws/build/ament_pep257/build/lib/ament_pep257
copying ament_pep257/pytest_marker.py -> /workspace/foxy_ws/build/ament_pep257/build/lib/ament_pep257
copying ament_pep257/__init__.py -> /workspace/foxy_ws/build/ament_pep257/build/lib/ament_pep257
running install
running install_lib
creating /workspace/foxy_ws/install/lib/python3.10/site-packages/ament_pep257
copying /workspace/foxy_ws/build/ament_pep257/build/lib/ament_pep257/main.py -> /workspace/foxy_ws/install/lib/python3.10/site-packages/ament_pep257
copying /workspace/foxy_ws/build/ament_pep257/build/lib/ament_pep257/pytest_marker.py -> /workspace/foxy_ws/install/lib/python3.10/site-packages/ament_pep257
copying /workspace/foxy_ws/build/ament_pep257/build/lib/ament_pep257/__init__.py -> /workspace/foxy_ws/install/lib/python3.10/site-packages/ament_pep257
byte-compiling /workspace/foxy_ws/install/lib/python3.10/site-packages/ament_pep257/main.py to main.cpython-310.pyc
byte-compiling /workspace/foxy_ws/install/lib/python3.10/site-packages/ament_pep257/pytest_marker.py to pytest_marker.cpython-310.pyc
byte-compiling /workspace/foxy_ws/install/lib/python3.10/site-packages/ament_pep257/__init__.py to __init__.cpython-310.pyc
running install_data
copying package.xml -> /workspace/foxy_ws/install/share/ament_pep257
copying resource/ament_pep257 -> /workspace/foxy_ws/install/share/ament_index/resource_index/packages
running install_egg_info
Copying ../../../build/ament_pep257/ament_pep257.egg-info to /workspace/foxy_ws/install/lib/python3.10/site-packages/ament_pep257-0.9.8-py3.10.egg-info
running install_scripts
Installing ament_pep257 script to /workspace/foxy_ws/install/bin
writing list of installed files to '/workspace/foxy_ws/build/ament_pep257/install.log'
