[2.127s] Invoking command in '/workspace/foxy_ws/src/ament_lint/ament_pep257': AMENT_PREFIX_PATH=/workspace/foxy_ws/install CMAKE_PREFIX_PATH=/workspace/foxy_ws/install PATH=/workspace/foxy_ws/install/bin:${PATH} PYTHONPATH=/workspace/foxy_ws/build/ament_pep257/prefix_override:/workspace/foxy_ws/install/lib/python3.10/site-packages:/workspace/foxy_ws/install/lib/python3.10/site-packages /usr/bin/python3 -W ignore:setup.py install is deprecated setup.py egg_info --egg-base ../../../build/ament_pep257 build --build-base /workspace/foxy_ws/build/ament_pep257/build install --record /workspace/foxy_ws/build/ament_pep257/install.log --single-version-externally-managed install_data
[2.646s] running egg_info
[2.646s] creating ../../../build/ament_pep257/ament_pep257.egg-info
[2.646s] writing ../../../build/ament_pep257/ament_pep257.egg-info/PKG-INFO
[2.646s] writing dependency_links to ../../../build/ament_pep257/ament_pep257.egg-info/dependency_links.txt
[2.646s] writing entry points to ../../../build/ament_pep257/ament_pep257.egg-info/entry_points.txt
[2.646s] writing requirements to ../../../build/ament_pep257/ament_pep257.egg-info/requires.txt
[2.646s] writing top-level names to ../../../build/ament_pep257/ament_pep257.egg-info/top_level.txt
[2.646s] writing manifest file '../../../build/ament_pep257/ament_pep257.egg-info/SOURCES.txt'
[2.646s] reading manifest file '../../../build/ament_pep257/ament_pep257.egg-info/SOURCES.txt'
[2.646s] writing manifest file '../../../build/ament_pep257/ament_pep257.egg-info/SOURCES.txt'
[2.646s] running build
[2.646s] running build_py
[2.646s] creating /workspace/foxy_ws/build/ament_pep257/build
[2.646s] creating /workspace/foxy_ws/build/ament_pep257/build/lib
[2.647s] creating /workspace/foxy_ws/build/ament_pep257/build/lib/ament_pep257
[2.647s] copying ament_pep257/main.py -> /workspace/foxy_ws/build/ament_pep257/build/lib/ament_pep257
[2.647s] copying ament_pep257/pytest_marker.py -> /workspace/foxy_ws/build/ament_pep257/build/lib/ament_pep257
[2.647s] copying ament_pep257/__init__.py -> /workspace/foxy_ws/build/ament_pep257/build/lib/ament_pep257
[2.647s] running install
[2.647s] running install_lib
[2.647s] creating /workspace/foxy_ws/install/lib/python3.10/site-packages/ament_pep257
[2.647s] copying /workspace/foxy_ws/build/ament_pep257/build/lib/ament_pep257/main.py -> /workspace/foxy_ws/install/lib/python3.10/site-packages/ament_pep257
[2.647s] copying /workspace/foxy_ws/build/ament_pep257/build/lib/ament_pep257/pytest_marker.py -> /workspace/foxy_ws/install/lib/python3.10/site-packages/ament_pep257
[2.647s] copying /workspace/foxy_ws/build/ament_pep257/build/lib/ament_pep257/__init__.py -> /workspace/foxy_ws/install/lib/python3.10/site-packages/ament_pep257
[2.647s] byte-compiling /workspace/foxy_ws/install/lib/python3.10/site-packages/ament_pep257/main.py to main.cpython-310.pyc
[2.647s] byte-compiling /workspace/foxy_ws/install/lib/python3.10/site-packages/ament_pep257/pytest_marker.py to pytest_marker.cpython-310.pyc
[2.647s] byte-compiling /workspace/foxy_ws/install/lib/python3.10/site-packages/ament_pep257/__init__.py to __init__.cpython-310.pyc
[2.647s] running install_data
[2.647s] copying package.xml -> /workspace/foxy_ws/install/share/ament_pep257
[2.648s] copying resource/ament_pep257 -> /workspace/foxy_ws/install/share/ament_index/resource_index/packages
[2.648s] running install_egg_info
[2.648s] Copying ../../../build/ament_pep257/ament_pep257.egg-info to /workspace/foxy_ws/install/lib/python3.10/site-packages/ament_pep257-0.9.8-py3.10.egg-info
[2.648s] running install_scripts
[2.648s] Installing ament_pep257 script to /workspace/foxy_ws/install/bin
[2.648s] writing list of installed files to '/workspace/foxy_ws/build/ament_pep257/install.log'
[2.728s] Invoked command in '/workspace/foxy_ws/src/ament_lint/ament_pep257' returned '0': AMENT_PREFIX_PATH=/workspace/foxy_ws/install CMAKE_PREFIX_PATH=/workspace/foxy_ws/install PATH=/workspace/foxy_ws/install/bin:${PATH} PYTHONPATH=/workspace/foxy_ws/build/ament_pep257/prefix_override:/workspace/foxy_ws/install/lib/python3.10/site-packages:/workspace/foxy_ws/install/lib/python3.10/site-packages /usr/bin/python3 -W ignore:setup.py install is deprecated setup.py egg_info --egg-base ../../../build/ament_pep257 build --build-base /workspace/foxy_ws/build/ament_pep257/build install --record /workspace/foxy_ws/build/ament_pep257/install.log --single-version-externally-managed install_data
