[1.204s] Invoking command in '/workspace/foxy_ws/src/ros2cli/ros2topic': AMENT_PREFIX_PATH=/workspace/foxy_ws/install CMAKE_PREFIX_PATH=/workspace/foxy_ws/install LD_LIBRARY_PATH=/workspace/foxy_ws/install/lib PATH=/workspace/foxy_ws/install/bin:${PATH} PKG_CONFIG_PATH=/workspace/foxy_ws/install/lib/x86_64-linux-gnu/pkgconfig:/workspace/foxy_ws/install/lib/pkgconfig PYTHONPATH=/workspace/foxy_ws/build/ros2topic/prefix_override:/workspace/foxy_ws/install/lib/python3.10/site-packages:/workspace/foxy_ws/install/lib/python3.10/site-packages /usr/bin/python3 -W ignore:setup.py install is deprecated setup.py egg_info --egg-base ../../../build/ros2topic build --build-base /workspace/foxy_ws/build/ros2topic/build install --record /workspace/foxy_ws/build/ros2topic/install.log --single-version-externally-managed install_data
[1.369s] running egg_info
[1.369s] creating ../../../build/ros2topic/ros2topic.egg-info
[1.369s] writing ../../../build/ros2topic/ros2topic.egg-info/PKG-INFO
[1.369s] writing dependency_links to ../../../build/ros2topic/ros2topic.egg-info/dependency_links.txt
[1.370s] writing entry points to ../../../build/ros2topic/ros2topic.egg-info/entry_points.txt
[1.370s] writing requirements to ../../../build/ros2topic/ros2topic.egg-info/requires.txt
[1.370s] writing top-level names to ../../../build/ros2topic/ros2topic.egg-info/top_level.txt
[1.370s] writing manifest file '../../../build/ros2topic/ros2topic.egg-info/SOURCES.txt'
[1.371s] reading manifest file '../../../build/ros2topic/ros2topic.egg-info/SOURCES.txt'
[1.372s] writing manifest file '../../../build/ros2topic/ros2topic.egg-info/SOURCES.txt'
[1.372s] running build
[1.373s] running build_py
[1.373s] creating /workspace/foxy_ws/build/ros2topic/build
[1.373s] creating /workspace/foxy_ws/build/ros2topic/build/lib
[1.373s] creating /workspace/foxy_ws/build/ros2topic/build/lib/ros2topic
[1.373s] copying ros2topic/__init__.py -> /workspace/foxy_ws/build/ros2topic/build/lib/ros2topic
[1.373s] creating /workspace/foxy_ws/build/ros2topic/build/lib/ros2topic/api
[1.373s] copying ros2topic/api/__init__.py -> /workspace/foxy_ws/build/ros2topic/build/lib/ros2topic/api
[1.375s] creating /workspace/foxy_ws/build/ros2topic/build/lib/ros2topic/verb
[1.375s] copying ros2topic/verb/bw.py -> /workspace/foxy_ws/build/ros2topic/build/lib/ros2topic/verb
[1.376s] copying ros2topic/verb/type.py -> /workspace/foxy_ws/build/ros2topic/build/lib/ros2topic/verb
[1.376s] copying ros2topic/verb/echo.py -> /workspace/foxy_ws/build/ros2topic/build/lib/ros2topic/verb
[1.376s] copying ros2topic/verb/list.py -> /workspace/foxy_ws/build/ros2topic/build/lib/ros2topic/verb
[1.376s] copying ros2topic/verb/hz.py -> /workspace/foxy_ws/build/ros2topic/build/lib/ros2topic/verb
[1.377s] copying ros2topic/verb/delay.py -> /workspace/foxy_ws/build/ros2topic/build/lib/ros2topic/verb
[1.377s] copying ros2topic/verb/__init__.py -> /workspace/foxy_ws/build/ros2topic/build/lib/ros2topic/verb
[1.377s] copying ros2topic/verb/pub.py -> /workspace/foxy_ws/build/ros2topic/build/lib/ros2topic/verb
[1.377s] copying ros2topic/verb/find.py -> /workspace/foxy_ws/build/ros2topic/build/lib/ros2topic/verb
[1.377s] copying ros2topic/verb/info.py -> /workspace/foxy_ws/build/ros2topic/build/lib/ros2topic/verb
[1.378s] creating /workspace/foxy_ws/build/ros2topic/build/lib/ros2topic/command
[1.378s] copying ros2topic/command/topic.py -> /workspace/foxy_ws/build/ros2topic/build/lib/ros2topic/command
[1.378s] copying ros2topic/command/__init__.py -> /workspace/foxy_ws/build/ros2topic/build/lib/ros2topic/command
[1.378s] running install
[1.379s] running install_lib
[1.379s] creating /workspace/foxy_ws/install/lib/python3.10/site-packages/ros2topic
[1.379s] creating /workspace/foxy_ws/install/lib/python3.10/site-packages/ros2topic/api
[1.379s] copying /workspace/foxy_ws/build/ros2topic/build/lib/ros2topic/api/__init__.py -> /workspace/foxy_ws/install/lib/python3.10/site-packages/ros2topic/api
[1.380s] creating /workspace/foxy_ws/install/lib/python3.10/site-packages/ros2topic/verb
[1.380s] copying /workspace/foxy_ws/build/ros2topic/build/lib/ros2topic/verb/bw.py -> /workspace/foxy_ws/install/lib/python3.10/site-packages/ros2topic/verb
[1.380s] copying /workspace/foxy_ws/build/ros2topic/build/lib/ros2topic/verb/type.py -> /workspace/foxy_ws/install/lib/python3.10/site-packages/ros2topic/verb
[1.380s] copying /workspace/foxy_ws/build/ros2topic/build/lib/ros2topic/verb/echo.py -> /workspace/foxy_ws/install/lib/python3.10/site-packages/ros2topic/verb
[1.380s] copying /workspace/foxy_ws/build/ros2topic/build/lib/ros2topic/verb/list.py -> /workspace/foxy_ws/install/lib/python3.10/site-packages/ros2topic/verb
[1.380s] copying /workspace/foxy_ws/build/ros2topic/build/lib/ros2topic/verb/hz.py -> /workspace/foxy_ws/install/lib/python3.10/site-packages/ros2topic/verb
[1.380s] copying /workspace/foxy_ws/build/ros2topic/build/lib/ros2topic/verb/delay.py -> /workspace/foxy_ws/install/lib/python3.10/site-packages/ros2topic/verb
[1.380s] copying /workspace/foxy_ws/build/ros2topic/build/lib/ros2topic/verb/__init__.py -> /workspace/foxy_ws/install/lib/python3.10/site-packages/ros2topic/verb
[1.381s] copying /workspace/foxy_ws/build/ros2topic/build/lib/ros2topic/verb/pub.py -> /workspace/foxy_ws/install/lib/python3.10/site-packages/ros2topic/verb
[1.381s] copying /workspace/foxy_ws/build/ros2topic/build/lib/ros2topic/verb/find.py -> /workspace/foxy_ws/install/lib/python3.10/site-packages/ros2topic/verb
[1.381s] copying /workspace/foxy_ws/build/ros2topic/build/lib/ros2topic/verb/info.py -> /workspace/foxy_ws/install/lib/python3.10/site-packages/ros2topic/verb
[1.381s] creating /workspace/foxy_ws/install/lib/python3.10/site-packages/ros2topic/command
[1.381s] copying /workspace/foxy_ws/build/ros2topic/build/lib/ros2topic/command/topic.py -> /workspace/foxy_ws/install/lib/python3.10/site-packages/ros2topic/command
[1.381s] copying /workspace/foxy_ws/build/ros2topic/build/lib/ros2topic/command/__init__.py -> /workspace/foxy_ws/install/lib/python3.10/site-packages/ros2topic/command
[1.381s] copying /workspace/foxy_ws/build/ros2topic/build/lib/ros2topic/__init__.py -> /workspace/foxy_ws/install/lib/python3.10/site-packages/ros2topic
[1.382s] byte-compiling /workspace/foxy_ws/install/lib/python3.10/site-packages/ros2topic/api/__init__.py to __init__.cpython-310.pyc
[1.383s] byte-compiling /workspace/foxy_ws/install/lib/python3.10/site-packages/ros2topic/verb/bw.py to bw.cpython-310.pyc
[1.384s] byte-compiling /workspace/foxy_ws/install/lib/python3.10/site-packages/ros2topic/verb/type.py to type.cpython-310.pyc
[1.385s] byte-compiling /workspace/foxy_ws/install/lib/python3.10/site-packages/ros2topic/verb/echo.py to echo.cpython-310.pyc
[1.385s] byte-compiling /workspace/foxy_ws/install/lib/python3.10/site-packages/ros2topic/verb/list.py to list.cpython-310.pyc
[1.386s] byte-compiling /workspace/foxy_ws/install/lib/python3.10/site-packages/ros2topic/verb/hz.py to hz.cpython-310.pyc
[1.388s] byte-compiling /workspace/foxy_ws/install/lib/python3.10/site-packages/ros2topic/verb/delay.py to delay.cpython-310.pyc
[1.389s] byte-compiling /workspace/foxy_ws/install/lib/python3.10/site-packages/ros2topic/verb/__init__.py to __init__.cpython-310.pyc
[1.389s] byte-compiling /workspace/foxy_ws/install/lib/python3.10/site-packages/ros2topic/verb/pub.py to pub.cpython-310.pyc
[1.390s] byte-compiling /workspace/foxy_ws/install/lib/python3.10/site-packages/ros2topic/verb/find.py to find.cpython-310.pyc
[1.390s] byte-compiling /workspace/foxy_ws/install/lib/python3.10/site-packages/ros2topic/verb/info.py to info.cpython-310.pyc
[1.391s] byte-compiling /workspace/foxy_ws/install/lib/python3.10/site-packages/ros2topic/command/topic.py to topic.cpython-310.pyc
[1.391s] byte-compiling /workspace/foxy_ws/install/lib/python3.10/site-packages/ros2topic/command/__init__.py to __init__.cpython-310.pyc
[1.391s] byte-compiling /workspace/foxy_ws/install/lib/python3.10/site-packages/ros2topic/__init__.py to __init__.cpython-310.pyc
[1.391s] running install_data
[1.391s] copying package.xml -> /workspace/foxy_ws/install/share/ros2topic
[1.391s] copying resource/ros2topic -> /workspace/foxy_ws/install/share/ament_index/resource_index/packages
[1.392s] running install_egg_info
[1.393s] Copying ../../../build/ros2topic/ros2topic.egg-info to /workspace/foxy_ws/install/lib/python3.10/site-packages/ros2topic-0.9.13-py3.10.egg-info
[1.393s] running install_scripts
[1.408s] writing list of installed files to '/workspace/foxy_ws/build/ros2topic/install.log'
[1.427s] Invoked command in '/workspace/foxy_ws/src/ros2cli/ros2topic' returned '0': AMENT_PREFIX_PATH=/workspace/foxy_ws/install CMAKE_PREFIX_PATH=/workspace/foxy_ws/install LD_LIBRARY_PATH=/workspace/foxy_ws/install/lib PATH=/workspace/foxy_ws/install/bin:${PATH} PKG_CONFIG_PATH=/workspace/foxy_ws/install/lib/x86_64-linux-gnu/pkgconfig:/workspace/foxy_ws/install/lib/pkgconfig PYTHONPATH=/workspace/foxy_ws/build/ros2topic/prefix_override:/workspace/foxy_ws/install/lib/python3.10/site-packages:/workspace/foxy_ws/install/lib/python3.10/site-packages /usr/bin/python3 -W ignore:setup.py install is deprecated setup.py egg_info --egg-base ../../../build/ros2topic build --build-base /workspace/foxy_ws/build/ros2topic/build install --record /workspace/foxy_ws/build/ros2topic/install.log --single-version-externally-managed install_data
