-- The C compiler identification is GNU 9.4.0
-- The CXX compiler identification is GNU 9.4.0
-- Check for working C compiler: /usr/bin/cc
-- Check for working C compiler: /usr/bin/cc -- works
-- Detecting C compiler ABI info
-- Detecting C compiler ABI info - done
-- Detecting C compile features
-- Detecting C compile features - done
-- Check for working CXX compiler: /usr/bin/c++
-- Check for working CXX compiler: /usr/bin/c++ -- works
-- Detecting CXX compiler ABI info
-- Detecting CXX compiler ABI info - done
-- Detecting CXX compile features
-- Detecting CXX compile features - done
-- Found ament_cmake: 0.9.12 (/workspace/foxy_ws/install/share/ament_cmake/cmake)
-- Found PythonInterp: /usr/bin/python3 (found suitable version "3.10.14", minimum required is "3") 
-- Using PYTHON_EXECUTABLE: /usr/bin/python3
-- Found rosidl_default_generators: 1.0.1 (/workspace/foxy_ws/install/share/rosidl_default_generators/cmake)
-- Using all available rosidl_typesupport_c: rosidl_typesupport_fastrtps_c;rosidl_typesupport_introspection_c
-- Found rosidl_adapter: 1.3.1 (/workspace/foxy_ws/install/share/rosidl_adapter/cmake)
-- Found OpenSSL: /usr/lib/x86_64-linux-gnu/libcrypto.so (found version "1.1.1f")  
-- Found FastRTPS: /workspace/foxy_ws/install/include  
-- Using all available rosidl_typesupport_cpp: rosidl_typesupport_fastrtps_cpp;rosidl_typesupport_introspection_cpp
-- Found PythonInterp: /usr/bin/python3 (found version "3.10.14") 
-- Found ament_cmake_cppcheck: 0.9.8 (/workspace/foxy_ws/install/share/ament_cmake_cppcheck/cmake)
-- Found ament_cmake_cpplint: 0.9.8 (/workspace/foxy_ws/install/share/ament_cmake_cpplint/cmake)
-- Found ament_cmake_uncrustify: 0.9.8 (/workspace/foxy_ws/install/share/ament_cmake_uncrustify/cmake)
-- Found ament_cmake_ros: 0.9.2 (/workspace/foxy_ws/install/share/ament_cmake_ros/cmake)
-- Using all available rosidl_typesupport_c: rosidl_typesupport_fastrtps_c;rosidl_typesupport_introspection_c
-- Using all available rosidl_typesupport_cpp: rosidl_typesupport_fastrtps_cpp;rosidl_typesupport_introspection_cpp
-- Found PythonInterp: /usr/bin/python3 (found suitable version "3.10.14", minimum required is "3.5") 
-- Found python_cmake_module: 0.8.1 (/workspace/foxy_ws/install/share/python_cmake_module/cmake)
-- Found PythonLibs: /usr/lib/x86_64-linux-gnu/libpython3.10.so (found suitable version "3.10.14", minimum required is "3.5") 
-- Using PYTHON_EXECUTABLE: /usr/bin/python3
-- Using PYTHON_INCLUDE_DIRS: /usr/include/python3.10
-- Using PYTHON_LIBRARIES: /usr/lib/x86_64-linux-gnu/libpython3.10.so
-- Found PythonExtra: .so  
<string>:1: DeprecationWarning: The distutils package is deprecated and slated for removal in Python 3.12. Use setuptools or check PEP 632 for potential alternatives
<string>:1: DeprecationWarning: The distutils.sysconfig module is deprecated, use sysconfig instead
-- Using numpy include directory: /usr/local/lib/python3.10/dist-packages/numpy/core/include
-- Found ament_cmake_flake8: 0.9.8 (/workspace/foxy_ws/install/share/ament_cmake_flake8/cmake)
-- Found ament_cmake_pep257: 0.9.8 (/workspace/foxy_ws/install/share/ament_cmake_pep257/cmake)
-- Configuring done
-- Generating done
-- Build files have been written to: /workspace/foxy_ws/build/std_srvs
[  2%] Generating C code for ROS interfaces
Scanning dependencies of target std_srvs__cpp
[  4%] Generating C++ code for ROS interfaces
[  4%] Built target std_srvs__cpp
[  6%] Generating C++ type support for eProsima Fast-RTPS
[  8%] Generating C++ type support dispatch for ROS interfaces
Scanning dependencies of target std_srvs__rosidl_generator_c
[ 10%] Generating C++ introspection for ROS interfaces
[ 12%] Building C object CMakeFiles/std_srvs__rosidl_generator_c.dir/rosidl_generator_c/std_srvs/srv/detail/empty__functions.c.o
[ 14%] Building C object CMakeFiles/std_srvs__rosidl_generator_c.dir/rosidl_generator_c/std_srvs/srv/detail/set_bool__functions.c.o
[ 17%] Building C object CMakeFiles/std_srvs__rosidl_generator_c.dir/rosidl_generator_c/std_srvs/srv/detail/trigger__functions.c.o
[ 19%] Linking C shared library libstd_srvs__rosidl_generator_c.so
[ 19%] Built target std_srvs__rosidl_generator_c
[ 21%] Generating C type support dispatch for ROS interfaces
[ 23%] Generating C introspection for ROS interfaces
Scanning dependencies of target std_srvs__rosidl_typesupport_cpp
[ 25%] Building CXX object CMakeFiles/std_srvs__rosidl_typesupport_cpp.dir/rosidl_typesupport_cpp/std_srvs/srv/empty__type_support.cpp.o
[ 27%] Building CXX object CMakeFiles/std_srvs__rosidl_typesupport_cpp.dir/rosidl_typesupport_cpp/std_srvs/srv/set_bool__type_support.cpp.o
Scanning dependencies of target std_srvs__rosidl_typesupport_introspection_cpp
[ 29%] Building CXX object CMakeFiles/std_srvs__rosidl_typesupport_cpp.dir/rosidl_typesupport_cpp/std_srvs/srv/trigger__type_support.cpp.o
[ 31%] Building CXX object CMakeFiles/std_srvs__rosidl_typesupport_introspection_cpp.dir/rosidl_typesupport_introspection_cpp/std_srvs/srv/detail/empty__type_support.cpp.o
[ 34%] Building CXX object CMakeFiles/std_srvs__rosidl_typesupport_introspection_cpp.dir/rosidl_typesupport_introspection_cpp/std_srvs/srv/detail/set_bool__type_support.cpp.o
[ 36%] Building CXX object CMakeFiles/std_srvs__rosidl_typesupport_introspection_cpp.dir/rosidl_typesupport_introspection_cpp/std_srvs/srv/detail/trigger__type_support.cpp.o
Scanning dependencies of target std_srvs__rosidl_typesupport_introspection_c
[ 38%] Building C object CMakeFiles/std_srvs__rosidl_typesupport_introspection_c.dir/rosidl_typesupport_introspection_c/std_srvs/srv/detail/empty__type_support.c.o
[ 40%] Building C object CMakeFiles/std_srvs__rosidl_typesupport_introspection_c.dir/rosidl_typesupport_introspection_c/std_srvs/srv/detail/set_bool__type_support.c.o
[ 42%] Building C object CMakeFiles/std_srvs__rosidl_typesupport_introspection_c.dir/rosidl_typesupport_introspection_c/std_srvs/srv/detail/trigger__type_support.c.o
[ 44%] Linking C shared library libstd_srvs__rosidl_typesupport_introspection_c.so
[ 44%] Built target std_srvs__rosidl_typesupport_introspection_c
[ 46%] Linking CXX shared library libstd_srvs__rosidl_typesupport_cpp.so
Scanning dependencies of target std_srvs__rosidl_typesupport_c
Scanning dependencies of target std_srvs__rosidl_typesupport_fastrtps_cpp
[ 48%] Building CXX object CMakeFiles/std_srvs__rosidl_typesupport_c.dir/rosidl_typesupport_c/std_srvs/srv/empty__type_support.cpp.o
[ 51%] Building CXX object CMakeFiles/std_srvs__rosidl_typesupport_c.dir/rosidl_typesupport_c/std_srvs/srv/trigger__type_support.cpp.o
[ 53%] Building CXX object CMakeFiles/std_srvs__rosidl_typesupport_fastrtps_cpp.dir/rosidl_typesupport_fastrtps_cpp/std_srvs/srv/detail/dds_fastrtps/set_bool__type_support.cpp.o
[ 55%] Building CXX object CMakeFiles/std_srvs__rosidl_typesupport_fastrtps_cpp.dir/rosidl_typesupport_fastrtps_cpp/std_srvs/srv/detail/dds_fastrtps/empty__type_support.cpp.o
[ 57%] Building CXX object CMakeFiles/std_srvs__rosidl_typesupport_c.dir/rosidl_typesupport_c/std_srvs/srv/set_bool__type_support.cpp.o
[ 59%] Building CXX object CMakeFiles/std_srvs__rosidl_typesupport_fastrtps_cpp.dir/rosidl_typesupport_fastrtps_cpp/std_srvs/srv/detail/dds_fastrtps/trigger__type_support.cpp.o
[ 61%] Linking CXX shared library libstd_srvs__rosidl_typesupport_c.so
[ 61%] Built target std_srvs__rosidl_typesupport_cpp
[ 61%] Built target std_srvs__rosidl_typesupport_c
[ 63%] Linking CXX shared library libstd_srvs__rosidl_typesupport_introspection_cpp.so
[ 63%] Built target std_srvs__rosidl_typesupport_introspection_cpp
[ 65%] Linking CXX shared library libstd_srvs__rosidl_typesupport_fastrtps_cpp.so
[ 65%] Built target std_srvs__rosidl_typesupport_fastrtps_cpp
[ 68%] Generating C type support for eProsima Fast-RTPS
Scanning dependencies of target std_srvs__rosidl_typesupport_fastrtps_c
[ 70%] Building CXX object CMakeFiles/std_srvs__rosidl_typesupport_fastrtps_c.dir/rosidl_typesupport_fastrtps_c/std_srvs/srv/detail/empty__type_support_c.cpp.o
[ 72%] Building CXX object CMakeFiles/std_srvs__rosidl_typesupport_fastrtps_c.dir/rosidl_typesupport_fastrtps_c/std_srvs/srv/detail/set_bool__type_support_c.cpp.o
[ 74%] Building CXX object CMakeFiles/std_srvs__rosidl_typesupport_fastrtps_c.dir/rosidl_typesupport_fastrtps_c/std_srvs/srv/detail/trigger__type_support_c.cpp.o
[ 76%] Linking CXX shared library libstd_srvs__rosidl_typesupport_fastrtps_c.so
[ 76%] Built target std_srvs__rosidl_typesupport_fastrtps_c
Scanning dependencies of target std_srvs
[ 76%] Built target std_srvs
Scanning dependencies of target std_srvs__py
[ 78%] Generating Python code for ROS interfaces
[ 78%] Built target std_srvs__py
Scanning dependencies of target std_srvs__python
[ 80%] Building C object CMakeFiles/std_srvs__python.dir/rosidl_generator_py/std_srvs/srv/_set_bool_s.c.o
[ 82%] Building C object CMakeFiles/std_srvs__python.dir/rosidl_generator_py/std_srvs/srv/_empty_s.c.o
[ 85%] Building C object CMakeFiles/std_srvs__python.dir/rosidl_generator_py/std_srvs/srv/_trigger_s.c.o
[ 87%] Linking C shared library rosidl_generator_py/std_srvs/libstd_srvs__python.so
[ 87%] Built target std_srvs__python
Scanning dependencies of target std_srvs__rosidl_typesupport_fastrtps_c__pyext
Scanning dependencies of target std_srvs__rosidl_typesupport_introspection_c__pyext
[ 89%] Building C object CMakeFiles/std_srvs__rosidl_typesupport_fastrtps_c__pyext.dir/rosidl_generator_py/std_srvs/_std_srvs_s.ep.rosidl_typesupport_fastrtps_c.c.o
[ 91%] Building C object CMakeFiles/std_srvs__rosidl_typesupport_introspection_c__pyext.dir/rosidl_generator_py/std_srvs/_std_srvs_s.ep.rosidl_typesupport_introspection_c.c.o
[ 93%] Linking C shared library rosidl_generator_py/std_srvs/std_srvs_s__rosidl_typesupport_introspection_c.cpython-310-x86_64-linux-gnu.so
[ 95%] Linking CXX shared library rosidl_generator_py/std_srvs/std_srvs_s__rosidl_typesupport_fastrtps_c.cpython-310-x86_64-linux-gnu.so
[ 95%] Built target std_srvs__rosidl_typesupport_introspection_c__pyext
Scanning dependencies of target std_srvs__rosidl_typesupport_c__pyext
[ 97%] Building C object CMakeFiles/std_srvs__rosidl_typesupport_c__pyext.dir/rosidl_generator_py/std_srvs/_std_srvs_s.ep.rosidl_typesupport_c.c.o
[ 97%] Built target std_srvs__rosidl_typesupport_fastrtps_c__pyext
[100%] Linking C shared library rosidl_generator_py/std_srvs/std_srvs_s__rosidl_typesupport_c.cpython-310-x86_64-linux-gnu.so
[100%] Built target std_srvs__rosidl_typesupport_c__pyext
-- Install configuration: ""
-- Installing: /workspace/foxy_ws/install/share/ament_index/resource_index/rosidl_interfaces/std_srvs
-- Installing: /workspace/foxy_ws/install/include/std_srvs
-- Installing: /workspace/foxy_ws/install/include/std_srvs/msg
-- Installing: /workspace/foxy_ws/install/include/std_srvs/msg/rosidl_generator_c__visibility_control.h
-- Installing: /workspace/foxy_ws/install/include/std_srvs/srv
-- Installing: /workspace/foxy_ws/install/include/std_srvs/srv/set_bool.h
-- Installing: /workspace/foxy_ws/install/include/std_srvs/srv/empty.h
-- Installing: /workspace/foxy_ws/install/include/std_srvs/srv/trigger.h
-- Installing: /workspace/foxy_ws/install/include/std_srvs/srv/detail
-- Installing: /workspace/foxy_ws/install/include/std_srvs/srv/detail/trigger__type_support.h
-- Installing: /workspace/foxy_ws/install/include/std_srvs/srv/detail/trigger__functions.c
-- Installing: /workspace/foxy_ws/install/include/std_srvs/srv/detail/set_bool__type_support.h
-- Installing: /workspace/foxy_ws/install/include/std_srvs/srv/detail/empty__struct.h
-- Installing: /workspace/foxy_ws/install/include/std_srvs/srv/detail/empty__functions.h
-- Installing: /workspace/foxy_ws/install/include/std_srvs/srv/detail/set_bool__functions.h
-- Installing: /workspace/foxy_ws/install/include/std_srvs/srv/detail/set_bool__struct.h
-- Installing: /workspace/foxy_ws/install/include/std_srvs/srv/detail/empty__functions.c
-- Installing: /workspace/foxy_ws/install/include/std_srvs/srv/detail/empty__type_support.h
-- Installing: /workspace/foxy_ws/install/include/std_srvs/srv/detail/trigger__struct.h
-- Installing: /workspace/foxy_ws/install/include/std_srvs/srv/detail/trigger__functions.h
-- Installing: /workspace/foxy_ws/install/include/std_srvs/srv/detail/set_bool__functions.c
-- Installing: /workspace/foxy_ws/install/share/std_srvs/environment/library_path.sh
-- Installing: /workspace/foxy_ws/install/share/std_srvs/environment/library_path.dsv
-- Installing: /workspace/foxy_ws/install/lib/libstd_srvs__rosidl_generator_c.so
-- Set runtime path of "/workspace/foxy_ws/install/lib/libstd_srvs__rosidl_generator_c.so" to ""
-- Up-to-date: /workspace/foxy_ws/install/include/std_srvs
-- Up-to-date: /workspace/foxy_ws/install/include/std_srvs/msg
-- Installing: /workspace/foxy_ws/install/include/std_srvs/msg/rosidl_typesupport_fastrtps_c__visibility_control.h
-- Up-to-date: /workspace/foxy_ws/install/include/std_srvs/srv
-- Up-to-date: /workspace/foxy_ws/install/include/std_srvs/srv/detail
-- Installing: /workspace/foxy_ws/install/include/std_srvs/srv/detail/trigger__rosidl_typesupport_fastrtps_c.h
-- Installing: /workspace/foxy_ws/install/include/std_srvs/srv/detail/empty__rosidl_typesupport_fastrtps_c.h
-- Installing: /workspace/foxy_ws/install/include/std_srvs/srv/detail/set_bool__rosidl_typesupport_fastrtps_c.h
-- Installing: /workspace/foxy_ws/install/lib/libstd_srvs__rosidl_typesupport_fastrtps_c.so
-- Set runtime path of "/workspace/foxy_ws/install/lib/libstd_srvs__rosidl_typesupport_fastrtps_c.so" to ""
-- Up-to-date: /workspace/foxy_ws/install/include/std_srvs
-- Up-to-date: /workspace/foxy_ws/install/include/std_srvs/msg
-- Installing: /workspace/foxy_ws/install/include/std_srvs/msg/rosidl_typesupport_fastrtps_cpp__visibility_control.h
-- Up-to-date: /workspace/foxy_ws/install/include/std_srvs/srv
-- Up-to-date: /workspace/foxy_ws/install/include/std_srvs/srv/detail
-- Installing: /workspace/foxy_ws/install/include/std_srvs/srv/detail/dds_fastrtps
-- Installing: /workspace/foxy_ws/install/include/std_srvs/srv/detail/set_bool__rosidl_typesupport_fastrtps_cpp.hpp
-- Installing: /workspace/foxy_ws/install/include/std_srvs/srv/detail/empty__rosidl_typesupport_fastrtps_cpp.hpp
-- Installing: /workspace/foxy_ws/install/include/std_srvs/srv/detail/trigger__rosidl_typesupport_fastrtps_cpp.hpp
-- Installing: /workspace/foxy_ws/install/lib/libstd_srvs__rosidl_typesupport_fastrtps_cpp.so
-- Set runtime path of "/workspace/foxy_ws/install/lib/libstd_srvs__rosidl_typesupport_fastrtps_cpp.so" to ""
-- Up-to-date: /workspace/foxy_ws/install/include/std_srvs
-- Up-to-date: /workspace/foxy_ws/install/include/std_srvs/msg
-- Installing: /workspace/foxy_ws/install/include/std_srvs/msg/rosidl_typesupport_introspection_c__visibility_control.h
-- Up-to-date: /workspace/foxy_ws/install/include/std_srvs/srv
-- Up-to-date: /workspace/foxy_ws/install/include/std_srvs/srv/detail
-- Installing: /workspace/foxy_ws/install/include/std_srvs/srv/detail/empty__type_support.c
-- Installing: /workspace/foxy_ws/install/include/std_srvs/srv/detail/empty__rosidl_typesupport_introspection_c.h
-- Installing: /workspace/foxy_ws/install/include/std_srvs/srv/detail/trigger__type_support.c
-- Installing: /workspace/foxy_ws/install/include/std_srvs/srv/detail/trigger__rosidl_typesupport_introspection_c.h
-- Installing: /workspace/foxy_ws/install/include/std_srvs/srv/detail/set_bool__type_support.c
-- Installing: /workspace/foxy_ws/install/include/std_srvs/srv/detail/set_bool__rosidl_typesupport_introspection_c.h
-- Installing: /workspace/foxy_ws/install/lib/libstd_srvs__rosidl_typesupport_introspection_c.so
-- Set runtime path of "/workspace/foxy_ws/install/lib/libstd_srvs__rosidl_typesupport_introspection_c.so" to ""
-- Installing: /workspace/foxy_ws/install/lib/libstd_srvs__rosidl_typesupport_c.so
-- Set runtime path of "/workspace/foxy_ws/install/lib/libstd_srvs__rosidl_typesupport_c.so" to ""
-- Up-to-date: /workspace/foxy_ws/install/include/std_srvs
-- Up-to-date: /workspace/foxy_ws/install/include/std_srvs/msg
-- Installing: /workspace/foxy_ws/install/include/std_srvs/msg/rosidl_generator_cpp__visibility_control.hpp
-- Up-to-date: /workspace/foxy_ws/install/include/std_srvs/srv
-- Installing: /workspace/foxy_ws/install/include/std_srvs/srv/empty.hpp
-- Installing: /workspace/foxy_ws/install/include/std_srvs/srv/trigger.hpp
-- Up-to-date: /workspace/foxy_ws/install/include/std_srvs/srv/detail
-- Installing: /workspace/foxy_ws/install/include/std_srvs/srv/detail/set_bool__traits.hpp
-- Installing: /workspace/foxy_ws/install/include/std_srvs/srv/detail/empty__traits.hpp
-- Installing: /workspace/foxy_ws/install/include/std_srvs/srv/detail/empty__builder.hpp
-- Installing: /workspace/foxy_ws/install/include/std_srvs/srv/detail/set_bool__type_support.hpp
-- Installing: /workspace/foxy_ws/install/include/std_srvs/srv/detail/set_bool__builder.hpp
-- Installing: /workspace/foxy_ws/install/include/std_srvs/srv/detail/trigger__traits.hpp
-- Installing: /workspace/foxy_ws/install/include/std_srvs/srv/detail/set_bool__struct.hpp
-- Installing: /workspace/foxy_ws/install/include/std_srvs/srv/detail/empty__struct.hpp
-- Installing: /workspace/foxy_ws/install/include/std_srvs/srv/detail/empty__type_support.hpp
-- Installing: /workspace/foxy_ws/install/include/std_srvs/srv/detail/trigger__builder.hpp
-- Installing: /workspace/foxy_ws/install/include/std_srvs/srv/detail/trigger__type_support.hpp
-- Installing: /workspace/foxy_ws/install/include/std_srvs/srv/detail/trigger__struct.hpp
-- Installing: /workspace/foxy_ws/install/include/std_srvs/srv/set_bool.hpp
-- Up-to-date: /workspace/foxy_ws/install/include/std_srvs
-- Up-to-date: /workspace/foxy_ws/install/include/std_srvs/srv
-- Up-to-date: /workspace/foxy_ws/install/include/std_srvs/srv/detail
-- Installing: /workspace/foxy_ws/install/include/std_srvs/srv/detail/empty__type_support.cpp
-- Installing: /workspace/foxy_ws/install/include/std_srvs/srv/detail/trigger__type_support.cpp
-- Installing: /workspace/foxy_ws/install/include/std_srvs/srv/detail/set_bool__type_support.cpp
-- Installing: /workspace/foxy_ws/install/include/std_srvs/srv/detail/set_bool__rosidl_typesupport_introspection_cpp.hpp
-- Installing: /workspace/foxy_ws/install/include/std_srvs/srv/detail/empty__rosidl_typesupport_introspection_cpp.hpp
-- Installing: /workspace/foxy_ws/install/include/std_srvs/srv/detail/trigger__rosidl_typesupport_introspection_cpp.hpp
-- Installing: /workspace/foxy_ws/install/lib/libstd_srvs__rosidl_typesupport_introspection_cpp.so
-- Set runtime path of "/workspace/foxy_ws/install/lib/libstd_srvs__rosidl_typesupport_introspection_cpp.so" to ""
-- Installing: /workspace/foxy_ws/install/lib/libstd_srvs__rosidl_typesupport_cpp.so
-- Set runtime path of "/workspace/foxy_ws/install/lib/libstd_srvs__rosidl_typesupport_cpp.so" to ""
-- Installing: /workspace/foxy_ws/install/share/std_srvs/environment/pythonpath.sh
-- Installing: /workspace/foxy_ws/install/share/std_srvs/environment/pythonpath.dsv
-- Installing: /workspace/foxy_ws/install/lib/python3.10/site-packages/std_srvs/__init__.py
Compiling '/workspace/foxy_ws/install/lib/python3.10/site-packages/std_srvs/__init__.py'...
-- Installing: /workspace/foxy_ws/install/lib/python3.10/site-packages/std_srvs/srv
-- Installing: /workspace/foxy_ws/install/lib/python3.10/site-packages/std_srvs/srv/_empty.py
-- Installing: /workspace/foxy_ws/install/lib/python3.10/site-packages/std_srvs/srv/_empty_s.c
-- Installing: /workspace/foxy_ws/install/lib/python3.10/site-packages/std_srvs/srv/_set_bool_s.c
-- Installing: /workspace/foxy_ws/install/lib/python3.10/site-packages/std_srvs/srv/_set_bool.py
-- Installing: /workspace/foxy_ws/install/lib/python3.10/site-packages/std_srvs/srv/_trigger_s.c
-- Installing: /workspace/foxy_ws/install/lib/python3.10/site-packages/std_srvs/srv/_trigger.py
-- Installing: /workspace/foxy_ws/install/lib/python3.10/site-packages/std_srvs/srv/__init__.py
-- Installing: /workspace/foxy_ws/install/lib/python3.10/site-packages/std_srvs/std_srvs_s__rosidl_typesupport_fastrtps_c.cpython-310-x86_64-linux-gnu.so
-- Set runtime path of "/workspace/foxy_ws/install/lib/python3.10/site-packages/std_srvs/std_srvs_s__rosidl_typesupport_fastrtps_c.cpython-310-x86_64-linux-gnu.so" to ""
-- Installing: /workspace/foxy_ws/install/lib/python3.10/site-packages/std_srvs/std_srvs_s__rosidl_typesupport_introspection_c.cpython-310-x86_64-linux-gnu.so
-- Set runtime path of "/workspace/foxy_ws/install/lib/python3.10/site-packages/std_srvs/std_srvs_s__rosidl_typesupport_introspection_c.cpython-310-x86_64-linux-gnu.so" to ""
-- Installing: /workspace/foxy_ws/install/lib/python3.10/site-packages/std_srvs/std_srvs_s__rosidl_typesupport_c.cpython-310-x86_64-linux-gnu.so
-- Set runtime path of "/workspace/foxy_ws/install/lib/python3.10/site-packages/std_srvs/std_srvs_s__rosidl_typesupport_c.cpython-310-x86_64-linux-gnu.so" to ""
-- Installing: /workspace/foxy_ws/install/lib/libstd_srvs__python.so
-- Set runtime path of "/workspace/foxy_ws/install/lib/libstd_srvs__python.so" to ""
-- Installing: /workspace/foxy_ws/install/share/std_srvs/srv/Empty.idl
-- Installing: /workspace/foxy_ws/install/share/std_srvs/srv/SetBool.idl
-- Installing: /workspace/foxy_ws/install/share/std_srvs/srv/Trigger.idl
-- Installing: /workspace/foxy_ws/install/share/std_srvs/srv/Empty.srv
-- Installing: /workspace/foxy_ws/install/share/std_srvs/srv/Empty_Request.msg
-- Installing: /workspace/foxy_ws/install/share/std_srvs/srv/Empty_Response.msg
-- Installing: /workspace/foxy_ws/install/share/std_srvs/srv/SetBool.srv
-- Installing: /workspace/foxy_ws/install/share/std_srvs/srv/SetBool_Request.msg
-- Installing: /workspace/foxy_ws/install/share/std_srvs/srv/SetBool_Response.msg
-- Installing: /workspace/foxy_ws/install/share/std_srvs/srv/Trigger.srv
-- Installing: /workspace/foxy_ws/install/share/std_srvs/srv/Trigger_Request.msg
-- Installing: /workspace/foxy_ws/install/share/std_srvs/srv/Trigger_Response.msg
-- Installing: /workspace/foxy_ws/install/share/ament_index/resource_index/package_run_dependencies/std_srvs
-- Installing: /workspace/foxy_ws/install/share/ament_index/resource_index/parent_prefix_path/std_srvs
-- Installing: /workspace/foxy_ws/install/share/std_srvs/environment/ament_prefix_path.sh
-- Installing: /workspace/foxy_ws/install/share/std_srvs/environment/ament_prefix_path.dsv
-- Installing: /workspace/foxy_ws/install/share/std_srvs/environment/path.sh
-- Installing: /workspace/foxy_ws/install/share/std_srvs/environment/path.dsv
-- Installing: /workspace/foxy_ws/install/share/std_srvs/local_setup.bash
-- Installing: /workspace/foxy_ws/install/share/std_srvs/local_setup.sh
-- Installing: /workspace/foxy_ws/install/share/std_srvs/local_setup.zsh
-- Installing: /workspace/foxy_ws/install/share/std_srvs/local_setup.dsv
-- Installing: /workspace/foxy_ws/install/share/std_srvs/package.dsv
-- Installing: /workspace/foxy_ws/install/share/ament_index/resource_index/packages/std_srvs
-- Installing: /workspace/foxy_ws/install/share/std_srvs/cmake/std_srvs__rosidl_generator_cExport.cmake
-- Installing: /workspace/foxy_ws/install/share/std_srvs/cmake/std_srvs__rosidl_generator_cExport-noconfig.cmake
-- Installing: /workspace/foxy_ws/install/share/std_srvs/cmake/std_srvs__rosidl_typesupport_introspection_cExport.cmake
-- Installing: /workspace/foxy_ws/install/share/std_srvs/cmake/std_srvs__rosidl_typesupport_introspection_cExport-noconfig.cmake
-- Installing: /workspace/foxy_ws/install/share/std_srvs/cmake/std_srvs__rosidl_typesupport_cExport.cmake
-- Installing: /workspace/foxy_ws/install/share/std_srvs/cmake/std_srvs__rosidl_typesupport_cExport-noconfig.cmake
-- Installing: /workspace/foxy_ws/install/share/std_srvs/cmake/std_srvs__rosidl_generator_cppExport.cmake
-- Installing: /workspace/foxy_ws/install/share/std_srvs/cmake/std_srvs__rosidl_typesupport_introspection_cppExport.cmake
-- Installing: /workspace/foxy_ws/install/share/std_srvs/cmake/std_srvs__rosidl_typesupport_introspection_cppExport-noconfig.cmake
-- Installing: /workspace/foxy_ws/install/share/std_srvs/cmake/std_srvs__rosidl_typesupport_cppExport.cmake
-- Installing: /workspace/foxy_ws/install/share/std_srvs/cmake/std_srvs__rosidl_typesupport_cppExport-noconfig.cmake
-- Installing: /workspace/foxy_ws/install/share/std_srvs/cmake/rosidl_cmake-extras.cmake
-- Installing: /workspace/foxy_ws/install/share/std_srvs/cmake/ament_cmake_export_dependencies-extras.cmake
-- Installing: /workspace/foxy_ws/install/share/std_srvs/cmake/ament_cmake_export_libraries-extras.cmake
-- Installing: /workspace/foxy_ws/install/share/std_srvs/cmake/ament_cmake_export_targets-extras.cmake
-- Installing: /workspace/foxy_ws/install/share/std_srvs/cmake/ament_cmake_export_include_directories-extras.cmake
-- Installing: /workspace/foxy_ws/install/share/std_srvs/cmake/rosidl_cmake_export_typesupport_libraries-extras.cmake
-- Installing: /workspace/foxy_ws/install/share/std_srvs/cmake/rosidl_cmake_export_typesupport_targets-extras.cmake
-- Installing: /workspace/foxy_ws/install/share/std_srvs/cmake/std_srvsConfig.cmake
-- Installing: /workspace/foxy_ws/install/share/std_srvs/cmake/std_srvsConfig-version.cmake
-- Installing: /workspace/foxy_ws/install/share/std_srvs/package.xml
