[0.108s] Invoking command in '/workspace/foxy_ws/build/std_srvs': AMENT_PREFIX_PATH=/workspace/foxy_ws/install CMAKE_PREFIX_PATH=/workspace/foxy_ws/install LD_LIBRARY_PATH=/workspace/foxy_ws/install/lib PATH=/workspace/foxy_ws/install/bin:${PATH} PKG_CONFIG_PATH=/workspace/foxy_ws/install/lib/x86_64-linux-gnu/pkgconfig:/workspace/foxy_ws/install/lib/pkgconfig PYTHONPATH=/workspace/foxy_ws/install/lib/python3.10/site-packages /usr/bin/cmake /workspace/foxy_ws/src/common_interfaces/std_srvs -DCMAKE_INSTALL_PREFIX=/workspace/foxy_ws/install
[0.155s] -- The C compiler identification is GNU 9.4.0
[0.203s] -- The CXX compiler identification is GNU 9.4.0
[0.207s] -- Check for working C compiler: /usr/bin/cc
[0.265s] -- Check for working C compiler: /usr/bin/cc -- works
[0.266s] -- Detecting C compiler ABI info
[0.340s] -- Detecting C compiler ABI info - done
[0.346s] -- Detecting C compile features
[0.347s] -- Detecting C compile features - done
[0.349s] -- Check for working CXX compiler: /usr/bin/c++
[0.441s] -- Check for working CXX compiler: /usr/bin/c++ -- works
[0.442s] -- Detecting CXX compiler ABI info
[0.521s] -- Detecting CXX compiler ABI info - done
[0.535s] -- Detecting CXX compile features
[0.536s] -- Detecting CXX compile features - done
[0.538s] -- Found ament_cmake: 0.9.12 (/workspace/foxy_ws/install/share/ament_cmake/cmake)
[0.554s] -- Found PythonInterp: /usr/bin/python3 (found suitable version "3.10.14", minimum required is "3") 
[0.554s] -- Using PYTHON_EXECUTABLE: /usr/bin/python3
[0.735s] -- Found rosidl_default_generators: 1.0.1 (/workspace/foxy_ws/install/share/rosidl_default_generators/cmake)
[0.737s] -- Using all available rosidl_typesupport_c: rosidl_typesupport_fastrtps_c;rosidl_typesupport_introspection_c
[0.740s] -- Found rosidl_adapter: 1.3.1 (/workspace/foxy_ws/install/share/rosidl_adapter/cmake)
[0.758s] -- Found OpenSSL: /usr/lib/x86_64-linux-gnu/libcrypto.so (found version "1.1.1f")  
[0.769s] -- Found FastRTPS: /workspace/foxy_ws/install/include  
[0.811s] -- Using all available rosidl_typesupport_cpp: rosidl_typesupport_fastrtps_cpp;rosidl_typesupport_introspection_cpp
[0.841s] -- Found PythonInterp: /usr/bin/python3 (found version "3.10.14") 
[0.962s] -- Found ament_cmake_cppcheck: 0.9.8 (/workspace/foxy_ws/install/share/ament_cmake_cppcheck/cmake)
[0.964s] -- Found ament_cmake_cpplint: 0.9.8 (/workspace/foxy_ws/install/share/ament_cmake_cpplint/cmake)
[0.965s] -- Found ament_cmake_uncrustify: 0.9.8 (/workspace/foxy_ws/install/share/ament_cmake_uncrustify/cmake)
[0.966s] -- Found ament_cmake_ros: 0.9.2 (/workspace/foxy_ws/install/share/ament_cmake_ros/cmake)
[1.018s] -- Using all available rosidl_typesupport_c: rosidl_typesupport_fastrtps_c;rosidl_typesupport_introspection_c
[1.027s] -- Using all available rosidl_typesupport_cpp: rosidl_typesupport_fastrtps_cpp;rosidl_typesupport_introspection_cpp
[1.047s] -- Found PythonInterp: /usr/bin/python3 (found suitable version "3.10.14", minimum required is "3.5") 
[1.047s] -- Found python_cmake_module: 0.8.1 (/workspace/foxy_ws/install/share/python_cmake_module/cmake)
[1.061s] -- Found PythonLibs: /usr/lib/x86_64-linux-gnu/libpython3.10.so (found suitable version "3.10.14", minimum required is "3.5") 
[1.062s] -- Using PYTHON_EXECUTABLE: /usr/bin/python3
[1.062s] -- Using PYTHON_INCLUDE_DIRS: /usr/include/python3.10
[1.062s] -- Using PYTHON_LIBRARIES: /usr/lib/x86_64-linux-gnu/libpython3.10.so
[1.077s] -- Found PythonExtra: .so  
[1.123s] <string>:1: DeprecationWarning: The distutils package is deprecated and slated for removal in Python 3.12. Use setuptools or check PEP 632 for potential alternatives
[1.130s] <string>:1: DeprecationWarning: The distutils.sysconfig module is deprecated, use sysconfig instead
[1.318s] -- Using numpy include directory: /usr/local/lib/python3.10/dist-packages/numpy/core/include
[1.329s] -- Found ament_cmake_flake8: 0.9.8 (/workspace/foxy_ws/install/share/ament_cmake_flake8/cmake)
[1.331s] -- Found ament_cmake_pep257: 0.9.8 (/workspace/foxy_ws/install/share/ament_cmake_pep257/cmake)
[1.341s] -- Configuring done
[1.375s] -- Generating done
[1.378s] -- Build files have been written to: /workspace/foxy_ws/build/std_srvs
[1.383s] Invoked command in '/workspace/foxy_ws/build/std_srvs' returned '0': AMENT_PREFIX_PATH=/workspace/foxy_ws/install CMAKE_PREFIX_PATH=/workspace/foxy_ws/install LD_LIBRARY_PATH=/workspace/foxy_ws/install/lib PATH=/workspace/foxy_ws/install/bin:${PATH} PKG_CONFIG_PATH=/workspace/foxy_ws/install/lib/x86_64-linux-gnu/pkgconfig:/workspace/foxy_ws/install/lib/pkgconfig PYTHONPATH=/workspace/foxy_ws/install/lib/python3.10/site-packages /usr/bin/cmake /workspace/foxy_ws/src/common_interfaces/std_srvs -DCMAKE_INSTALL_PREFIX=/workspace/foxy_ws/install
[1.384s] Invoking command in '/workspace/foxy_ws/build/std_srvs': AMENT_PREFIX_PATH=/workspace/foxy_ws/install CMAKE_PREFIX_PATH=/workspace/foxy_ws/install LD_LIBRARY_PATH=/workspace/foxy_ws/install/lib PATH=/workspace/foxy_ws/install/bin:${PATH} PKG_CONFIG_PATH=/workspace/foxy_ws/install/lib/x86_64-linux-gnu/pkgconfig:/workspace/foxy_ws/install/lib/pkgconfig PYTHONPATH=/workspace/foxy_ws/install/lib/python3.10/site-packages /usr/bin/cmake --build /workspace/foxy_ws/build/std_srvs -- -j12 -l12
[1.421s] [  2%] Generating C code for ROS interfaces
[1.424s] Scanning dependencies of target std_srvs__cpp
[1.434s] [  4%] Generating C++ code for ROS interfaces
[2.252s] [  4%] Built target std_srvs__cpp
[2.328s] [  6%] Generating C++ type support for eProsima Fast-RTPS
[2.333s] [  8%] Generating C++ type support dispatch for ROS interfaces
[2.334s] Scanning dependencies of target std_srvs__rosidl_generator_c
[2.356s] [ 10%] Generating C++ introspection for ROS interfaces
[2.416s] [ 12%] Building C object CMakeFiles/std_srvs__rosidl_generator_c.dir/rosidl_generator_c/std_srvs/srv/detail/empty__functions.c.o
[2.417s] [ 14%] Building C object CMakeFiles/std_srvs__rosidl_generator_c.dir/rosidl_generator_c/std_srvs/srv/detail/set_bool__functions.c.o
[2.465s] [ 17%] Building C object CMakeFiles/std_srvs__rosidl_generator_c.dir/rosidl_generator_c/std_srvs/srv/detail/trigger__functions.c.o
[2.706s] [ 19%] Linking C shared library libstd_srvs__rosidl_generator_c.so
[2.912s] [ 19%] Built target std_srvs__rosidl_generator_c
[2.993s] [ 21%] Generating C type support dispatch for ROS interfaces
[3.018s] [ 23%] Generating C introspection for ROS interfaces
[4.319s] Scanning dependencies of target std_srvs__rosidl_typesupport_cpp
[4.422s] [ 25%] Building CXX object CMakeFiles/std_srvs__rosidl_typesupport_cpp.dir/rosidl_typesupport_cpp/std_srvs/srv/empty__type_support.cpp.o
[4.438s] [ 27%] Building CXX object CMakeFiles/std_srvs__rosidl_typesupport_cpp.dir/rosidl_typesupport_cpp/std_srvs/srv/set_bool__type_support.cpp.o
[4.458s] Scanning dependencies of target std_srvs__rosidl_typesupport_introspection_cpp
[4.467s] [ 29%] Building CXX object CMakeFiles/std_srvs__rosidl_typesupport_cpp.dir/rosidl_typesupport_cpp/std_srvs/srv/trigger__type_support.cpp.o
[4.511s] [ 31%] Building CXX object CMakeFiles/std_srvs__rosidl_typesupport_introspection_cpp.dir/rosidl_typesupport_introspection_cpp/std_srvs/srv/detail/empty__type_support.cpp.o
[4.539s] [ 34%] Building CXX object CMakeFiles/std_srvs__rosidl_typesupport_introspection_cpp.dir/rosidl_typesupport_introspection_cpp/std_srvs/srv/detail/set_bool__type_support.cpp.o
[4.614s] [ 36%] Building CXX object CMakeFiles/std_srvs__rosidl_typesupport_introspection_cpp.dir/rosidl_typesupport_introspection_cpp/std_srvs/srv/detail/trigger__type_support.cpp.o
[4.732s] Scanning dependencies of target std_srvs__rosidl_typesupport_introspection_c
[4.804s] [ 38%] Building C object CMakeFiles/std_srvs__rosidl_typesupport_introspection_c.dir/rosidl_typesupport_introspection_c/std_srvs/srv/detail/empty__type_support.c.o
[4.806s] [ 40%] Building C object CMakeFiles/std_srvs__rosidl_typesupport_introspection_c.dir/rosidl_typesupport_introspection_c/std_srvs/srv/detail/set_bool__type_support.c.o
[4.849s] [ 42%] Building C object CMakeFiles/std_srvs__rosidl_typesupport_introspection_c.dir/rosidl_typesupport_introspection_c/std_srvs/srv/detail/trigger__type_support.c.o
[5.080s] [ 44%] Linking C shared library libstd_srvs__rosidl_typesupport_introspection_c.so
[5.247s] [ 44%] Built target std_srvs__rosidl_typesupport_introspection_c
[5.271s] [ 46%] Linking CXX shared library libstd_srvs__rosidl_typesupport_cpp.so
[5.304s] Scanning dependencies of target std_srvs__rosidl_typesupport_c
[5.309s] Scanning dependencies of target std_srvs__rosidl_typesupport_fastrtps_cpp
[5.358s] [ 48%] Building CXX object CMakeFiles/std_srvs__rosidl_typesupport_c.dir/rosidl_typesupport_c/std_srvs/srv/empty__type_support.cpp.o
[5.370s] [ 51%] Building CXX object CMakeFiles/std_srvs__rosidl_typesupport_c.dir/rosidl_typesupport_c/std_srvs/srv/trigger__type_support.cpp.o
[5.373s] [ 53%] Building CXX object CMakeFiles/std_srvs__rosidl_typesupport_fastrtps_cpp.dir/rosidl_typesupport_fastrtps_cpp/std_srvs/srv/detail/dds_fastrtps/set_bool__type_support.cpp.o
[5.378s] [ 55%] Building CXX object CMakeFiles/std_srvs__rosidl_typesupport_fastrtps_cpp.dir/rosidl_typesupport_fastrtps_cpp/std_srvs/srv/detail/dds_fastrtps/empty__type_support.cpp.o
[5.395s] [ 57%] Building CXX object CMakeFiles/std_srvs__rosidl_typesupport_c.dir/rosidl_typesupport_c/std_srvs/srv/set_bool__type_support.cpp.o
[5.416s] [ 59%] Building CXX object CMakeFiles/std_srvs__rosidl_typesupport_fastrtps_cpp.dir/rosidl_typesupport_fastrtps_cpp/std_srvs/srv/detail/dds_fastrtps/trigger__type_support.cpp.o
[5.475s] [ 61%] Linking CXX shared library libstd_srvs__rosidl_typesupport_c.so
[5.477s] [ 61%] Built target std_srvs__rosidl_typesupport_cpp
[5.579s] [ 61%] Built target std_srvs__rosidl_typesupport_c
[5.619s] [ 63%] Linking CXX shared library libstd_srvs__rosidl_typesupport_introspection_cpp.so
[5.796s] [ 63%] Built target std_srvs__rosidl_typesupport_introspection_cpp
[6.212s] [ 65%] Linking CXX shared library libstd_srvs__rosidl_typesupport_fastrtps_cpp.so
[6.345s] [ 65%] Built target std_srvs__rosidl_typesupport_fastrtps_cpp
[6.387s] [ 68%] Generating C type support for eProsima Fast-RTPS
[7.204s] Scanning dependencies of target std_srvs__rosidl_typesupport_fastrtps_c
[7.249s] [ 70%] Building CXX object CMakeFiles/std_srvs__rosidl_typesupport_fastrtps_c.dir/rosidl_typesupport_fastrtps_c/std_srvs/srv/detail/empty__type_support_c.cpp.o
[7.267s] [ 72%] Building CXX object CMakeFiles/std_srvs__rosidl_typesupport_fastrtps_c.dir/rosidl_typesupport_fastrtps_c/std_srvs/srv/detail/set_bool__type_support_c.cpp.o
[7.283s] [ 74%] Building CXX object CMakeFiles/std_srvs__rosidl_typesupport_fastrtps_c.dir/rosidl_typesupport_fastrtps_c/std_srvs/srv/detail/trigger__type_support_c.cpp.o
[8.559s] [ 76%] Linking CXX shared library libstd_srvs__rosidl_typesupport_fastrtps_c.so
[8.887s] [ 76%] Built target std_srvs__rosidl_typesupport_fastrtps_c
[8.978s] Scanning dependencies of target std_srvs
[9.009s] [ 76%] Built target std_srvs
[9.073s] Scanning dependencies of target std_srvs__py
[9.120s] [ 78%] Generating Python code for ROS interfaces
[10.407s] [ 78%] Built target std_srvs__py
[10.430s] Scanning dependencies of target std_srvs__python
[10.445s] [ 80%] Building C object CMakeFiles/std_srvs__python.dir/rosidl_generator_py/std_srvs/srv/_set_bool_s.c.o
[10.445s] [ 82%] Building C object CMakeFiles/std_srvs__python.dir/rosidl_generator_py/std_srvs/srv/_empty_s.c.o
[10.553s] [ 85%] Building C object CMakeFiles/std_srvs__python.dir/rosidl_generator_py/std_srvs/srv/_trigger_s.c.o
[10.657s] [ 87%] Linking C shared library rosidl_generator_py/std_srvs/libstd_srvs__python.so
[10.695s] [ 87%] Built target std_srvs__python
[10.714s] Scanning dependencies of target std_srvs__rosidl_typesupport_fastrtps_c__pyext
[10.714s] Scanning dependencies of target std_srvs__rosidl_typesupport_introspection_c__pyext
[10.728s] [ 89%] Building C object CMakeFiles/std_srvs__rosidl_typesupport_fastrtps_c__pyext.dir/rosidl_generator_py/std_srvs/_std_srvs_s.ep.rosidl_typesupport_fastrtps_c.c.o
[10.730s] [ 91%] Building C object CMakeFiles/std_srvs__rosidl_typesupport_introspection_c__pyext.dir/rosidl_generator_py/std_srvs/_std_srvs_s.ep.rosidl_typesupport_introspection_c.c.o
[10.857s] [ 93%] Linking C shared library rosidl_generator_py/std_srvs/std_srvs_s__rosidl_typesupport_introspection_c.cpython-310-x86_64-linux-gnu.so
[10.865s] [ 95%] Linking CXX shared library rosidl_generator_py/std_srvs/std_srvs_s__rosidl_typesupport_fastrtps_c.cpython-310-x86_64-linux-gnu.so
[10.896s] [ 95%] Built target std_srvs__rosidl_typesupport_introspection_c__pyext
[10.917s] Scanning dependencies of target std_srvs__rosidl_typesupport_c__pyext
[10.934s] [ 97%] Building C object CMakeFiles/std_srvs__rosidl_typesupport_c__pyext.dir/rosidl_generator_py/std_srvs/_std_srvs_s.ep.rosidl_typesupport_c.c.o
[10.938s] [ 97%] Built target std_srvs__rosidl_typesupport_fastrtps_c__pyext
[11.065s] [100%] Linking C shared library rosidl_generator_py/std_srvs/std_srvs_s__rosidl_typesupport_c.cpython-310-x86_64-linux-gnu.so
[11.105s] [100%] Built target std_srvs__rosidl_typesupport_c__pyext
[11.115s] Invoked command in '/workspace/foxy_ws/build/std_srvs' returned '0': AMENT_PREFIX_PATH=/workspace/foxy_ws/install CMAKE_PREFIX_PATH=/workspace/foxy_ws/install LD_LIBRARY_PATH=/workspace/foxy_ws/install/lib PATH=/workspace/foxy_ws/install/bin:${PATH} PKG_CONFIG_PATH=/workspace/foxy_ws/install/lib/x86_64-linux-gnu/pkgconfig:/workspace/foxy_ws/install/lib/pkgconfig PYTHONPATH=/workspace/foxy_ws/install/lib/python3.10/site-packages /usr/bin/cmake --build /workspace/foxy_ws/build/std_srvs -- -j12 -l12
[11.184s] Invoking command in '/workspace/foxy_ws/build/std_srvs': AMENT_PREFIX_PATH=/workspace/foxy_ws/install CMAKE_PREFIX_PATH=/workspace/foxy_ws/install LD_LIBRARY_PATH=/workspace/foxy_ws/install/lib PATH=/workspace/foxy_ws/install/bin:${PATH} PKG_CONFIG_PATH=/workspace/foxy_ws/install/lib/x86_64-linux-gnu/pkgconfig:/workspace/foxy_ws/install/lib/pkgconfig PYTHONPATH=/workspace/foxy_ws/install/lib/python3.10/site-packages /usr/bin/cmake --install /workspace/foxy_ws/build/std_srvs
[11.191s] -- Install configuration: ""
[11.191s] -- Installing: /workspace/foxy_ws/install/share/ament_index/resource_index/rosidl_interfaces/std_srvs
[11.193s] -- Installing: /workspace/foxy_ws/install/include/std_srvs
[11.193s] -- Installing: /workspace/foxy_ws/install/include/std_srvs/msg
[11.193s] -- Installing: /workspace/foxy_ws/install/include/std_srvs/msg/rosidl_generator_c__visibility_control.h
[11.193s] -- Installing: /workspace/foxy_ws/install/include/std_srvs/srv
[11.193s] -- Installing: /workspace/foxy_ws/install/include/std_srvs/srv/set_bool.h
[11.194s] -- Installing: /workspace/foxy_ws/install/include/std_srvs/srv/empty.h
[11.194s] -- Installing: /workspace/foxy_ws/install/include/std_srvs/srv/trigger.h
[11.194s] -- Installing: /workspace/foxy_ws/install/include/std_srvs/srv/detail
[11.194s] -- Installing: /workspace/foxy_ws/install/include/std_srvs/srv/detail/trigger__type_support.h
[11.194s] -- Installing: /workspace/foxy_ws/install/include/std_srvs/srv/detail/trigger__functions.c
[11.194s] -- Installing: /workspace/foxy_ws/install/include/std_srvs/srv/detail/set_bool__type_support.h
[11.195s] -- Installing: /workspace/foxy_ws/install/include/std_srvs/srv/detail/empty__struct.h
[11.195s] -- Installing: /workspace/foxy_ws/install/include/std_srvs/srv/detail/empty__functions.h
[11.195s] -- Installing: /workspace/foxy_ws/install/include/std_srvs/srv/detail/set_bool__functions.h
[11.195s] -- Installing: /workspace/foxy_ws/install/include/std_srvs/srv/detail/set_bool__struct.h
[11.195s] -- Installing: /workspace/foxy_ws/install/include/std_srvs/srv/detail/empty__functions.c
[11.196s] -- Installing: /workspace/foxy_ws/install/include/std_srvs/srv/detail/empty__type_support.h
[11.196s] -- Installing: /workspace/foxy_ws/install/include/std_srvs/srv/detail/trigger__struct.h
[11.196s] -- Installing: /workspace/foxy_ws/install/include/std_srvs/srv/detail/trigger__functions.h
[11.196s] -- Installing: /workspace/foxy_ws/install/include/std_srvs/srv/detail/set_bool__functions.c
[11.196s] -- Installing: /workspace/foxy_ws/install/share/std_srvs/environment/library_path.sh
[11.196s] -- Installing: /workspace/foxy_ws/install/share/std_srvs/environment/library_path.dsv
[11.197s] -- Installing: /workspace/foxy_ws/install/lib/libstd_srvs__rosidl_generator_c.so
[11.197s] -- Set runtime path of "/workspace/foxy_ws/install/lib/libstd_srvs__rosidl_generator_c.so" to ""
[11.197s] -- Up-to-date: /workspace/foxy_ws/install/include/std_srvs
[11.197s] -- Up-to-date: /workspace/foxy_ws/install/include/std_srvs/msg
[11.197s] -- Installing: /workspace/foxy_ws/install/include/std_srvs/msg/rosidl_typesupport_fastrtps_c__visibility_control.h
[11.197s] -- Up-to-date: /workspace/foxy_ws/install/include/std_srvs/srv
[11.198s] -- Up-to-date: /workspace/foxy_ws/install/include/std_srvs/srv/detail
[11.198s] -- Installing: /workspace/foxy_ws/install/include/std_srvs/srv/detail/trigger__rosidl_typesupport_fastrtps_c.h
[11.198s] -- Installing: /workspace/foxy_ws/install/include/std_srvs/srv/detail/empty__rosidl_typesupport_fastrtps_c.h
[11.198s] -- Installing: /workspace/foxy_ws/install/include/std_srvs/srv/detail/set_bool__rosidl_typesupport_fastrtps_c.h
[11.198s] -- Installing: /workspace/foxy_ws/install/lib/libstd_srvs__rosidl_typesupport_fastrtps_c.so
[11.198s] -- Set runtime path of "/workspace/foxy_ws/install/lib/libstd_srvs__rosidl_typesupport_fastrtps_c.so" to ""
[11.199s] -- Up-to-date: /workspace/foxy_ws/install/include/std_srvs
[11.199s] -- Up-to-date: /workspace/foxy_ws/install/include/std_srvs/msg
[11.199s] -- Installing: /workspace/foxy_ws/install/include/std_srvs/msg/rosidl_typesupport_fastrtps_cpp__visibility_control.h
[11.199s] -- Up-to-date: /workspace/foxy_ws/install/include/std_srvs/srv
[11.199s] -- Up-to-date: /workspace/foxy_ws/install/include/std_srvs/srv/detail
[11.199s] -- Installing: /workspace/foxy_ws/install/include/std_srvs/srv/detail/dds_fastrtps
[11.199s] -- Installing: /workspace/foxy_ws/install/include/std_srvs/srv/detail/set_bool__rosidl_typesupport_fastrtps_cpp.hpp
[11.199s] -- Installing: /workspace/foxy_ws/install/include/std_srvs/srv/detail/empty__rosidl_typesupport_fastrtps_cpp.hpp
[11.200s] -- Installing: /workspace/foxy_ws/install/include/std_srvs/srv/detail/trigger__rosidl_typesupport_fastrtps_cpp.hpp
[11.200s] -- Installing: /workspace/foxy_ws/install/lib/libstd_srvs__rosidl_typesupport_fastrtps_cpp.so
[11.200s] -- Set runtime path of "/workspace/foxy_ws/install/lib/libstd_srvs__rosidl_typesupport_fastrtps_cpp.so" to ""
[11.200s] -- Up-to-date: /workspace/foxy_ws/install/include/std_srvs
[11.200s] -- Up-to-date: /workspace/foxy_ws/install/include/std_srvs/msg
[11.200s] -- Installing: /workspace/foxy_ws/install/include/std_srvs/msg/rosidl_typesupport_introspection_c__visibility_control.h
[11.200s] -- Up-to-date: /workspace/foxy_ws/install/include/std_srvs/srv
[11.200s] -- Up-to-date: /workspace/foxy_ws/install/include/std_srvs/srv/detail
[11.200s] -- Installing: /workspace/foxy_ws/install/include/std_srvs/srv/detail/empty__type_support.c
[11.200s] -- Installing: /workspace/foxy_ws/install/include/std_srvs/srv/detail/empty__rosidl_typesupport_introspection_c.h
[11.200s] -- Installing: /workspace/foxy_ws/install/include/std_srvs/srv/detail/trigger__type_support.c
[11.200s] -- Installing: /workspace/foxy_ws/install/include/std_srvs/srv/detail/trigger__rosidl_typesupport_introspection_c.h
[11.201s] -- Installing: /workspace/foxy_ws/install/include/std_srvs/srv/detail/set_bool__type_support.c
[11.201s] -- Installing: /workspace/foxy_ws/install/include/std_srvs/srv/detail/set_bool__rosidl_typesupport_introspection_c.h
[11.201s] -- Installing: /workspace/foxy_ws/install/lib/libstd_srvs__rosidl_typesupport_introspection_c.so
[11.201s] -- Set runtime path of "/workspace/foxy_ws/install/lib/libstd_srvs__rosidl_typesupport_introspection_c.so" to ""
[11.201s] -- Installing: /workspace/foxy_ws/install/lib/libstd_srvs__rosidl_typesupport_c.so
[11.201s] -- Set runtime path of "/workspace/foxy_ws/install/lib/libstd_srvs__rosidl_typesupport_c.so" to ""
[11.201s] -- Up-to-date: /workspace/foxy_ws/install/include/std_srvs
[11.201s] -- Up-to-date: /workspace/foxy_ws/install/include/std_srvs/msg
[11.201s] -- Installing: /workspace/foxy_ws/install/include/std_srvs/msg/rosidl_generator_cpp__visibility_control.hpp
[11.202s] -- Up-to-date: /workspace/foxy_ws/install/include/std_srvs/srv
[11.202s] -- Installing: /workspace/foxy_ws/install/include/std_srvs/srv/empty.hpp
[11.202s] -- Installing: /workspace/foxy_ws/install/include/std_srvs/srv/trigger.hpp
[11.202s] -- Up-to-date: /workspace/foxy_ws/install/include/std_srvs/srv/detail
[11.202s] -- Installing: /workspace/foxy_ws/install/include/std_srvs/srv/detail/set_bool__traits.hpp
[11.202s] -- Installing: /workspace/foxy_ws/install/include/std_srvs/srv/detail/empty__traits.hpp
[11.202s] -- Installing: /workspace/foxy_ws/install/include/std_srvs/srv/detail/empty__builder.hpp
[11.202s] -- Installing: /workspace/foxy_ws/install/include/std_srvs/srv/detail/set_bool__type_support.hpp
[11.203s] -- Installing: /workspace/foxy_ws/install/include/std_srvs/srv/detail/set_bool__builder.hpp
[11.203s] -- Installing: /workspace/foxy_ws/install/include/std_srvs/srv/detail/trigger__traits.hpp
[11.203s] -- Installing: /workspace/foxy_ws/install/include/std_srvs/srv/detail/set_bool__struct.hpp
[11.203s] -- Installing: /workspace/foxy_ws/install/include/std_srvs/srv/detail/empty__struct.hpp
[11.203s] -- Installing: /workspace/foxy_ws/install/include/std_srvs/srv/detail/empty__type_support.hpp
[11.203s] -- Installing: /workspace/foxy_ws/install/include/std_srvs/srv/detail/trigger__builder.hpp
[11.203s] -- Installing: /workspace/foxy_ws/install/include/std_srvs/srv/detail/trigger__type_support.hpp
[11.203s] -- Installing: /workspace/foxy_ws/install/include/std_srvs/srv/detail/trigger__struct.hpp
[11.203s] -- Installing: /workspace/foxy_ws/install/include/std_srvs/srv/set_bool.hpp
[11.203s] -- Up-to-date: /workspace/foxy_ws/install/include/std_srvs
[11.203s] -- Up-to-date: /workspace/foxy_ws/install/include/std_srvs/srv
[11.204s] -- Up-to-date: /workspace/foxy_ws/install/include/std_srvs/srv/detail
[11.204s] -- Installing: /workspace/foxy_ws/install/include/std_srvs/srv/detail/empty__type_support.cpp
[11.204s] -- Installing: /workspace/foxy_ws/install/include/std_srvs/srv/detail/trigger__type_support.cpp
[11.204s] -- Installing: /workspace/foxy_ws/install/include/std_srvs/srv/detail/set_bool__type_support.cpp
[11.204s] -- Installing: /workspace/foxy_ws/install/include/std_srvs/srv/detail/set_bool__rosidl_typesupport_introspection_cpp.hpp
[11.204s] -- Installing: /workspace/foxy_ws/install/include/std_srvs/srv/detail/empty__rosidl_typesupport_introspection_cpp.hpp
[11.204s] -- Installing: /workspace/foxy_ws/install/include/std_srvs/srv/detail/trigger__rosidl_typesupport_introspection_cpp.hpp
[11.204s] -- Installing: /workspace/foxy_ws/install/lib/libstd_srvs__rosidl_typesupport_introspection_cpp.so
[11.204s] -- Set runtime path of "/workspace/foxy_ws/install/lib/libstd_srvs__rosidl_typesupport_introspection_cpp.so" to ""
[11.204s] -- Installing: /workspace/foxy_ws/install/lib/libstd_srvs__rosidl_typesupport_cpp.so
[11.204s] -- Set runtime path of "/workspace/foxy_ws/install/lib/libstd_srvs__rosidl_typesupport_cpp.so" to ""
[11.204s] -- Installing: /workspace/foxy_ws/install/share/std_srvs/environment/pythonpath.sh
[11.204s] -- Installing: /workspace/foxy_ws/install/share/std_srvs/environment/pythonpath.dsv
[11.205s] -- Installing: /workspace/foxy_ws/install/lib/python3.10/site-packages/std_srvs/__init__.py
[11.238s] Compiling '/workspace/foxy_ws/install/lib/python3.10/site-packages/std_srvs/__init__.py'...
[11.244s] -- Installing: /workspace/foxy_ws/install/lib/python3.10/site-packages/std_srvs/srv
[11.244s] -- Installing: /workspace/foxy_ws/install/lib/python3.10/site-packages/std_srvs/srv/_empty.py
[11.244s] -- Installing: /workspace/foxy_ws/install/lib/python3.10/site-packages/std_srvs/srv/_empty_s.c
[11.244s] -- Installing: /workspace/foxy_ws/install/lib/python3.10/site-packages/std_srvs/srv/_set_bool_s.c
[11.244s] -- Installing: /workspace/foxy_ws/install/lib/python3.10/site-packages/std_srvs/srv/_set_bool.py
[11.245s] -- Installing: /workspace/foxy_ws/install/lib/python3.10/site-packages/std_srvs/srv/_trigger_s.c
[11.245s] -- Installing: /workspace/foxy_ws/install/lib/python3.10/site-packages/std_srvs/srv/_trigger.py
[11.245s] -- Installing: /workspace/foxy_ws/install/lib/python3.10/site-packages/std_srvs/srv/__init__.py
[11.245s] -- Installing: /workspace/foxy_ws/install/lib/python3.10/site-packages/std_srvs/std_srvs_s__rosidl_typesupport_fastrtps_c.cpython-310-x86_64-linux-gnu.so
[11.246s] -- Set runtime path of "/workspace/foxy_ws/install/lib/python3.10/site-packages/std_srvs/std_srvs_s__rosidl_typesupport_fastrtps_c.cpython-310-x86_64-linux-gnu.so" to ""
[11.246s] -- Installing: /workspace/foxy_ws/install/lib/python3.10/site-packages/std_srvs/std_srvs_s__rosidl_typesupport_introspection_c.cpython-310-x86_64-linux-gnu.so
[11.247s] -- Set runtime path of "/workspace/foxy_ws/install/lib/python3.10/site-packages/std_srvs/std_srvs_s__rosidl_typesupport_introspection_c.cpython-310-x86_64-linux-gnu.so" to ""
[11.247s] -- Installing: /workspace/foxy_ws/install/lib/python3.10/site-packages/std_srvs/std_srvs_s__rosidl_typesupport_c.cpython-310-x86_64-linux-gnu.so
[11.248s] -- Set runtime path of "/workspace/foxy_ws/install/lib/python3.10/site-packages/std_srvs/std_srvs_s__rosidl_typesupport_c.cpython-310-x86_64-linux-gnu.so" to ""
[11.248s] -- Installing: /workspace/foxy_ws/install/lib/libstd_srvs__python.so
[11.249s] -- Set runtime path of "/workspace/foxy_ws/install/lib/libstd_srvs__python.so" to ""
[11.249s] -- Installing: /workspace/foxy_ws/install/share/std_srvs/srv/Empty.idl
[11.249s] -- Installing: /workspace/foxy_ws/install/share/std_srvs/srv/SetBool.idl
[11.250s] -- Installing: /workspace/foxy_ws/install/share/std_srvs/srv/Trigger.idl
[11.250s] -- Installing: /workspace/foxy_ws/install/share/std_srvs/srv/Empty.srv
[11.250s] -- Installing: /workspace/foxy_ws/install/share/std_srvs/srv/Empty_Request.msg
[11.250s] -- Installing: /workspace/foxy_ws/install/share/std_srvs/srv/Empty_Response.msg
[11.250s] -- Installing: /workspace/foxy_ws/install/share/std_srvs/srv/SetBool.srv
[11.251s] -- Installing: /workspace/foxy_ws/install/share/std_srvs/srv/SetBool_Request.msg
[11.251s] -- Installing: /workspace/foxy_ws/install/share/std_srvs/srv/SetBool_Response.msg
[11.251s] -- Installing: /workspace/foxy_ws/install/share/std_srvs/srv/Trigger.srv
[11.251s] -- Installing: /workspace/foxy_ws/install/share/std_srvs/srv/Trigger_Request.msg
[11.251s] -- Installing: /workspace/foxy_ws/install/share/std_srvs/srv/Trigger_Response.msg
[11.252s] -- Installing: /workspace/foxy_ws/install/share/ament_index/resource_index/package_run_dependencies/std_srvs
[11.252s] -- Installing: /workspace/foxy_ws/install/share/ament_index/resource_index/parent_prefix_path/std_srvs
[11.252s] -- Installing: /workspace/foxy_ws/install/share/std_srvs/environment/ament_prefix_path.sh
[11.252s] -- Installing: /workspace/foxy_ws/install/share/std_srvs/environment/ament_prefix_path.dsv
[11.252s] -- Installing: /workspace/foxy_ws/install/share/std_srvs/environment/path.sh
[11.253s] -- Installing: /workspace/foxy_ws/install/share/std_srvs/environment/path.dsv
[11.253s] -- Installing: /workspace/foxy_ws/install/share/std_srvs/local_setup.bash
[11.253s] -- Installing: /workspace/foxy_ws/install/share/std_srvs/local_setup.sh
[11.253s] -- Installing: /workspace/foxy_ws/install/share/std_srvs/local_setup.zsh
[11.253s] -- Installing: /workspace/foxy_ws/install/share/std_srvs/local_setup.dsv
[11.253s] -- Installing: /workspace/foxy_ws/install/share/std_srvs/package.dsv
[11.254s] -- Installing: /workspace/foxy_ws/install/share/ament_index/resource_index/packages/std_srvs
[11.254s] -- Installing: /workspace/foxy_ws/install/share/std_srvs/cmake/std_srvs__rosidl_generator_cExport.cmake
[11.254s] -- Installing: /workspace/foxy_ws/install/share/std_srvs/cmake/std_srvs__rosidl_generator_cExport-noconfig.cmake
[11.255s] -- Installing: /workspace/foxy_ws/install/share/std_srvs/cmake/std_srvs__rosidl_typesupport_introspection_cExport.cmake
[11.255s] -- Installing: /workspace/foxy_ws/install/share/std_srvs/cmake/std_srvs__rosidl_typesupport_introspection_cExport-noconfig.cmake
[11.255s] -- Installing: /workspace/foxy_ws/install/share/std_srvs/cmake/std_srvs__rosidl_typesupport_cExport.cmake
[11.255s] -- Installing: /workspace/foxy_ws/install/share/std_srvs/cmake/std_srvs__rosidl_typesupport_cExport-noconfig.cmake
[11.255s] -- Installing: /workspace/foxy_ws/install/share/std_srvs/cmake/std_srvs__rosidl_generator_cppExport.cmake
[11.256s] -- Installing: /workspace/foxy_ws/install/share/std_srvs/cmake/std_srvs__rosidl_typesupport_introspection_cppExport.cmake
[11.256s] -- Installing: /workspace/foxy_ws/install/share/std_srvs/cmake/std_srvs__rosidl_typesupport_introspection_cppExport-noconfig.cmake
[11.256s] -- Installing: /workspace/foxy_ws/install/share/std_srvs/cmake/std_srvs__rosidl_typesupport_cppExport.cmake
[11.256s] -- Installing: /workspace/foxy_ws/install/share/std_srvs/cmake/std_srvs__rosidl_typesupport_cppExport-noconfig.cmake
[11.256s] -- Installing: /workspace/foxy_ws/install/share/std_srvs/cmake/rosidl_cmake-extras.cmake
[11.257s] -- Installing: /workspace/foxy_ws/install/share/std_srvs/cmake/ament_cmake_export_dependencies-extras.cmake
[11.257s] -- Installing: /workspace/foxy_ws/install/share/std_srvs/cmake/ament_cmake_export_libraries-extras.cmake
[11.257s] -- Installing: /workspace/foxy_ws/install/share/std_srvs/cmake/ament_cmake_export_targets-extras.cmake
[11.257s] -- Installing: /workspace/foxy_ws/install/share/std_srvs/cmake/ament_cmake_export_include_directories-extras.cmake
[11.257s] -- Installing: /workspace/foxy_ws/install/share/std_srvs/cmake/rosidl_cmake_export_typesupport_libraries-extras.cmake
[11.258s] -- Installing: /workspace/foxy_ws/install/share/std_srvs/cmake/rosidl_cmake_export_typesupport_targets-extras.cmake
[11.258s] -- Installing: /workspace/foxy_ws/install/share/std_srvs/cmake/std_srvsConfig.cmake
[11.258s] -- Installing: /workspace/foxy_ws/install/share/std_srvs/cmake/std_srvsConfig-version.cmake
[11.258s] -- Installing: /workspace/foxy_ws/install/share/std_srvs/package.xml
[11.271s] Invoked command in '/workspace/foxy_ws/build/std_srvs' returned '0': AMENT_PREFIX_PATH=/workspace/foxy_ws/install CMAKE_PREFIX_PATH=/workspace/foxy_ws/install LD_LIBRARY_PATH=/workspace/foxy_ws/install/lib PATH=/workspace/foxy_ws/install/bin:${PATH} PKG_CONFIG_PATH=/workspace/foxy_ws/install/lib/x86_64-linux-gnu/pkgconfig:/workspace/foxy_ws/install/lib/pkgconfig PYTHONPATH=/workspace/foxy_ws/install/lib/python3.10/site-packages /usr/bin/cmake --install /workspace/foxy_ws/build/std_srvs
