[0.071s] Invoking command in '/workspace/foxy_ws/build/rosidl_typesupport_interface': AMENT_PREFIX_PATH=/workspace/foxy_ws/install CMAKE_PREFIX_PATH=/workspace/foxy_ws/install LD_LIBRARY_PATH=/workspace/foxy_ws/install/lib PATH=/workspace/foxy_ws/install/bin:${PATH} PKG_CONFIG_PATH=/workspace/foxy_ws/install/lib/x86_64-linux-gnu/pkgconfig:/workspace/foxy_ws/install/lib/pkgconfig PYTHONPATH=/workspace/foxy_ws/install/lib/python3.10/site-packages /usr/bin/cmake /workspace/foxy_ws/src/rosidl/rosidl_typesupport_interface -DCMAKE_INSTALL_PREFIX=/workspace/foxy_ws/install
[0.101s] -- Found ament_cmake: 0.9.12 (/workspace/foxy_ws/install/share/ament_cmake/cmake)
[0.117s] -- Found PythonInterp: /usr/bin/python3 (found suitable version "3.10.14", minimum required is "3") 
[0.117s] -- Using PYTHON_EXECUTABLE: /usr/bin/python3
[0.341s] -- Found ament_lint_auto: 0.9.8 (/workspace/foxy_ws/install/share/ament_lint_auto/cmake)
[0.693s] -- The C compiler identification is GNU 9.4.0
[0.795s] -- The CXX compiler identification is GNU 9.4.0
[0.810s] -- Check for working C compiler: /usr/bin/cc
[1.073s] -- Check for working C compiler: /usr/bin/cc -- works
[1.073s] -- Detecting C compiler ABI info
[1.212s] -- Detecting C compiler ABI info - done
[1.243s] -- Detecting C compile features
[1.243s] -- Detecting C compile features - done
[1.243s] -- Check for working CXX compiler: /usr/bin/c++
[1.366s] -- Check for working CXX compiler: /usr/bin/c++ -- works
[1.367s] -- Detecting CXX compiler ABI info
[1.469s] -- Detecting CXX compiler ABI info - done
[1.490s] -- Detecting CXX compile features
[1.490s] -- Detecting CXX compile features - done
[1.495s] -- Found gtest sources under '/workspace/foxy_ws/install/src/gtest_vendor': C++ tests using 'Google Test' will be built
[1.499s] -- Looking for pthread.h
[1.616s] -- Looking for pthread.h - found
[1.617s] -- Performing Test CMAKE_HAVE_LIBC_PTHREAD
[1.756s] -- Performing Test CMAKE_HAVE_LIBC_PTHREAD - Failed
[1.756s] -- Check if compiler accepts -pthread
[1.838s] -- Check if compiler accepts -pthread - yes
[1.838s] -- Found Threads: TRUE  
[1.853s] -- Added test 'copyright' to check source files copyright and LICENSE
[1.853s] -- Added test 'cppcheck' to perform static code analysis on C / C++ code
[1.853s] -- Configured cppcheck include dirs: /workspace/foxy_ws/src/rosidl/rosidl_typesupport_interface/include
[1.853s] -- Configured cppcheck exclude dirs and/or files: 
[1.853s] -- Added test 'cpplint' to check C / C++ code against the Google style
[1.854s] -- Configured cpplint exclude dirs and/or files: 
[1.854s] -- Added test 'lint_cmake' to check CMake code style
[1.871s] -- Added test 'uncrustify' to check C / C++ code style
[1.872s] -- Configured uncrustify additional arguments: 
[1.872s] -- Added test 'xmllint' to check XML markup files
[1.872s] -- Configuring done
[1.872s] -- Generating done
[1.872s] -- Build files have been written to: /workspace/foxy_ws/build/rosidl_typesupport_interface
[1.890s] Invoked command in '/workspace/foxy_ws/build/rosidl_typesupport_interface' returned '0': AMENT_PREFIX_PATH=/workspace/foxy_ws/install CMAKE_PREFIX_PATH=/workspace/foxy_ws/install LD_LIBRARY_PATH=/workspace/foxy_ws/install/lib PATH=/workspace/foxy_ws/install/bin:${PATH} PKG_CONFIG_PATH=/workspace/foxy_ws/install/lib/x86_64-linux-gnu/pkgconfig:/workspace/foxy_ws/install/lib/pkgconfig PYTHONPATH=/workspace/foxy_ws/install/lib/python3.10/site-packages /usr/bin/cmake /workspace/foxy_ws/src/rosidl/rosidl_typesupport_interface -DCMAKE_INSTALL_PREFIX=/workspace/foxy_ws/install
[1.891s] Invoking command in '/workspace/foxy_ws/build/rosidl_typesupport_interface': AMENT_PREFIX_PATH=/workspace/foxy_ws/install CMAKE_PREFIX_PATH=/workspace/foxy_ws/install LD_LIBRARY_PATH=/workspace/foxy_ws/install/lib PATH=/workspace/foxy_ws/install/bin:${PATH} PKG_CONFIG_PATH=/workspace/foxy_ws/install/lib/x86_64-linux-gnu/pkgconfig:/workspace/foxy_ws/install/lib/pkgconfig PYTHONPATH=/workspace/foxy_ws/install/lib/python3.10/site-packages /usr/bin/cmake --build /workspace/foxy_ws/build/rosidl_typesupport_interface -- -j12 -l12
[1.933s] Scanning dependencies of target gtest_main
[1.934s] Scanning dependencies of target gtest
[1.949s] [ 16%] Building CXX object gtest/CMakeFiles/gtest_main.dir/src/gtest_main.cc.o
[1.949s] [ 33%] Building CXX object gtest/CMakeFiles/gtest.dir/src/gtest-all.cc.o
[2.575s] [ 50%] Linking CXX static library libgtest_main.a
[2.607s] [ 50%] Built target gtest_main
[5.610s] [ 66%] Linking CXX static library libgtest.a
[5.723s] [ 66%] Built target gtest
[5.788s] Scanning dependencies of target test_macros
[5.819s] [ 83%] Building CXX object CMakeFiles/test_macros.dir/test/test_macros.cpp.o
[8.231s] [100%] Linking CXX executable test_macros
[8.794s] [100%] Built target test_macros
[8.829s] Invoked command in '/workspace/foxy_ws/build/rosidl_typesupport_interface' returned '0': AMENT_PREFIX_PATH=/workspace/foxy_ws/install CMAKE_PREFIX_PATH=/workspace/foxy_ws/install LD_LIBRARY_PATH=/workspace/foxy_ws/install/lib PATH=/workspace/foxy_ws/install/bin:${PATH} PKG_CONFIG_PATH=/workspace/foxy_ws/install/lib/x86_64-linux-gnu/pkgconfig:/workspace/foxy_ws/install/lib/pkgconfig PYTHONPATH=/workspace/foxy_ws/install/lib/python3.10/site-packages /usr/bin/cmake --build /workspace/foxy_ws/build/rosidl_typesupport_interface -- -j12 -l12
[9.265s] Invoking command in '/workspace/foxy_ws/build/rosidl_typesupport_interface': AMENT_PREFIX_PATH=/workspace/foxy_ws/install CMAKE_PREFIX_PATH=/workspace/foxy_ws/install LD_LIBRARY_PATH=/workspace/foxy_ws/install/lib PATH=/workspace/foxy_ws/install/bin:${PATH} PKG_CONFIG_PATH=/workspace/foxy_ws/install/lib/x86_64-linux-gnu/pkgconfig:/workspace/foxy_ws/install/lib/pkgconfig PYTHONPATH=/workspace/foxy_ws/install/lib/python3.10/site-packages /usr/bin/cmake --install /workspace/foxy_ws/build/rosidl_typesupport_interface
[9.289s] -- Install configuration: ""
[9.289s] -- Installing: /workspace/foxy_ws/install/share/ament_index/resource_index/package_run_dependencies/rosidl_typesupport_interface
[9.289s] -- Installing: /workspace/foxy_ws/install/share/ament_index/resource_index/parent_prefix_path/rosidl_typesupport_interface
[9.289s] -- Installing: /workspace/foxy_ws/install/share/rosidl_typesupport_interface/environment/ament_prefix_path.sh
[9.289s] -- Installing: /workspace/foxy_ws/install/share/rosidl_typesupport_interface/environment/ament_prefix_path.dsv
[9.290s] -- Installing: /workspace/foxy_ws/install/share/rosidl_typesupport_interface/environment/path.sh
[9.290s] -- Installing: /workspace/foxy_ws/install/share/rosidl_typesupport_interface/environment/path.dsv
[9.290s] -- Installing: /workspace/foxy_ws/install/share/rosidl_typesupport_interface/local_setup.bash
[9.290s] -- Installing: /workspace/foxy_ws/install/share/rosidl_typesupport_interface/local_setup.sh
[9.291s] -- Installing: /workspace/foxy_ws/install/share/rosidl_typesupport_interface/local_setup.zsh
[9.291s] -- Installing: /workspace/foxy_ws/install/share/rosidl_typesupport_interface/local_setup.dsv
[9.291s] -- Installing: /workspace/foxy_ws/install/share/rosidl_typesupport_interface/package.dsv
[9.291s] -- Installing: /workspace/foxy_ws/install/share/ament_index/resource_index/packages/rosidl_typesupport_interface
[9.292s] -- Installing: /workspace/foxy_ws/install/share/rosidl_typesupport_interface/cmake/rosidl_typesupport_interfaceExport.cmake
[9.292s] -- Installing: /workspace/foxy_ws/install/share/rosidl_typesupport_interface/cmake/ament_cmake_export_include_directories-extras.cmake
[9.292s] -- Installing: /workspace/foxy_ws/install/share/rosidl_typesupport_interface/cmake/ament_cmake_export_targets-extras.cmake
[9.292s] -- Installing: /workspace/foxy_ws/install/share/rosidl_typesupport_interface/cmake/rosidl_typesupport_interfaceConfig.cmake
[9.292s] -- Installing: /workspace/foxy_ws/install/share/rosidl_typesupport_interface/cmake/rosidl_typesupport_interfaceConfig-version.cmake
[9.293s] -- Installing: /workspace/foxy_ws/install/share/rosidl_typesupport_interface/package.xml
[9.293s] -- Up-to-date: /workspace/foxy_ws/install/include
[9.293s] -- Installing: /workspace/foxy_ws/install/include/rosidl_typesupport_interface
[9.293s] -- Installing: /workspace/foxy_ws/install/include/rosidl_typesupport_interface/macros.h
[9.305s] Invoked command in '/workspace/foxy_ws/build/rosidl_typesupport_interface' returned '0': AMENT_PREFIX_PATH=/workspace/foxy_ws/install CMAKE_PREFIX_PATH=/workspace/foxy_ws/install LD_LIBRARY_PATH=/workspace/foxy_ws/install/lib PATH=/workspace/foxy_ws/install/bin:${PATH} PKG_CONFIG_PATH=/workspace/foxy_ws/install/lib/x86_64-linux-gnu/pkgconfig:/workspace/foxy_ws/install/lib/pkgconfig PYTHONPATH=/workspace/foxy_ws/install/lib/python3.10/site-packages /usr/bin/cmake --install /workspace/foxy_ws/build/rosidl_typesupport_interface
