[0.068s] Invoking command in '/workspace/foxy_ws/build/rosidl_typesupport_introspection_cpp': AMENT_PREFIX_PATH=/workspace/foxy_ws/install CMAKE_PREFIX_PATH=/workspace/foxy_ws/install LD_LIBRARY_PATH=/workspace/foxy_ws/install/lib PATH=/workspace/foxy_ws/install/bin:${PATH} PKG_CONFIG_PATH=/workspace/foxy_ws/install/lib/x86_64-linux-gnu/pkgconfig:/workspace/foxy_ws/install/lib/pkgconfig PYTHONPATH=/workspace/foxy_ws/install/lib/python3.10/site-packages /usr/bin/cmake /workspace/foxy_ws/src/rosidl/rosidl_typesupport_introspection_cpp -DCMAKE_INSTALL_PREFIX=/workspace/foxy_ws/install
[0.116s] -- The C compiler identification is GNU 9.4.0
[0.169s] -- The CXX compiler identification is GNU 9.4.0
[0.176s] -- Check for working C compiler: /usr/bin/cc
[0.233s] -- Check for working C compiler: /usr/bin/cc -- works
[0.234s] -- Detecting C compiler ABI info
[0.303s] -- Detecting C compiler ABI info - done
[0.312s] -- Detecting C compile features
[0.312s] -- Detecting C compile features - done
[0.315s] -- Check for working CXX compiler: /usr/bin/c++
[0.383s] -- Check for working CXX compiler: /usr/bin/c++ -- works
[0.384s] -- Detecting CXX compiler ABI info
[0.456s] -- Detecting CXX compiler ABI info - done
[0.469s] -- Detecting CXX compile features
[0.469s] -- Detecting CXX compile features - done
[0.470s] -- Found ament_cmake_python: 0.9.12 (/workspace/foxy_ws/install/share/ament_cmake_python/cmake)
[0.471s] -- Found ament_cmake_ros: 0.9.2 (/workspace/foxy_ws/install/share/ament_cmake_ros/cmake)
[0.487s] -- Found PythonInterp: /usr/bin/python3 (found suitable version "3.10.14", minimum required is "3") 
[0.487s] -- Using PYTHON_EXECUTABLE: /usr/bin/python3
[0.642s] -- Found rosidl_runtime_cpp: 1.3.1 (/workspace/foxy_ws/install/share/rosidl_runtime_cpp/cmake)
[0.644s] -- Found rosidl_typesupport_introspection_c: 1.3.1 (/workspace/foxy_ws/install/share/rosidl_typesupport_introspection_c/cmake)
[0.653s] -- Found rosidl_adapter: 1.3.1 (/workspace/foxy_ws/install/share/rosidl_adapter/cmake)
[0.692s] <string>:1: DeprecationWarning: The distutils package is deprecated and slated for removal in Python 3.12. Use setuptools or check PEP 632 for potential alternatives
[0.695s] <string>:1: DeprecationWarning: The distutils.sysconfig module is deprecated, use sysconfig instead
[0.702s] -- Found ament_lint_auto: 0.9.8 (/workspace/foxy_ws/install/share/ament_lint_auto/cmake)
[0.762s] -- Added test 'copyright' to check source files copyright and LICENSE
[0.769s] -- Added test 'cppcheck' to perform static code analysis on C / C++ code
[0.769s] -- Configured cppcheck include dirs: $<BUILD_INTERFACE:/workspace/foxy_ws/src/rosidl/rosidl_typesupport_introspection_cpp/include>
[0.769s] -- Configured cppcheck exclude dirs and/or files: 
[0.775s] -- Added test 'cpplint' to check C / C++ code against the Google style
[0.775s] -- Configured cpplint exclude dirs and/or files: 
[0.776s] -- Added test 'flake8' to check Python code syntax and style conventions
[0.778s] -- Added test 'lint_cmake' to check CMake code style
[0.779s] -- Added test 'pep257' to check Python code against some of the style conventions in PEP 257
[0.786s] -- Added test 'uncrustify' to check C / C++ code style
[0.786s] -- Configured uncrustify additional arguments: 
[0.787s] -- Added test 'xmllint' to check XML markup files
[0.795s] -- Configuring done
[0.800s] -- Generating done
[0.802s] -- Build files have been written to: /workspace/foxy_ws/build/rosidl_typesupport_introspection_cpp
[0.806s] Invoked command in '/workspace/foxy_ws/build/rosidl_typesupport_introspection_cpp' returned '0': AMENT_PREFIX_PATH=/workspace/foxy_ws/install CMAKE_PREFIX_PATH=/workspace/foxy_ws/install LD_LIBRARY_PATH=/workspace/foxy_ws/install/lib PATH=/workspace/foxy_ws/install/bin:${PATH} PKG_CONFIG_PATH=/workspace/foxy_ws/install/lib/x86_64-linux-gnu/pkgconfig:/workspace/foxy_ws/install/lib/pkgconfig PYTHONPATH=/workspace/foxy_ws/install/lib/python3.10/site-packages /usr/bin/cmake /workspace/foxy_ws/src/rosidl/rosidl_typesupport_introspection_cpp -DCMAKE_INSTALL_PREFIX=/workspace/foxy_ws/install
[0.808s] Invoking command in '/workspace/foxy_ws/build/rosidl_typesupport_introspection_cpp': AMENT_PREFIX_PATH=/workspace/foxy_ws/install CMAKE_PREFIX_PATH=/workspace/foxy_ws/install LD_LIBRARY_PATH=/workspace/foxy_ws/install/lib PATH=/workspace/foxy_ws/install/bin:${PATH} PKG_CONFIG_PATH=/workspace/foxy_ws/install/lib/x86_64-linux-gnu/pkgconfig:/workspace/foxy_ws/install/lib/pkgconfig PYTHONPATH=/workspace/foxy_ws/install/lib/python3.10/site-packages /usr/bin/cmake --build /workspace/foxy_ws/build/rosidl_typesupport_introspection_cpp -- -j12 -l12
[0.840s] Scanning dependencies of target rosidl_typesupport_introspection_cpp
[0.846s] [ 50%] Building CXX object CMakeFiles/rosidl_typesupport_introspection_cpp.dir/src/identifier.cpp.o
[0.861s] [100%] Linking CXX shared library librosidl_typesupport_introspection_cpp.so
[0.900s] [100%] Built target rosidl_typesupport_introspection_cpp
[0.909s] Invoked command in '/workspace/foxy_ws/build/rosidl_typesupport_introspection_cpp' returned '0': AMENT_PREFIX_PATH=/workspace/foxy_ws/install CMAKE_PREFIX_PATH=/workspace/foxy_ws/install LD_LIBRARY_PATH=/workspace/foxy_ws/install/lib PATH=/workspace/foxy_ws/install/bin:${PATH} PKG_CONFIG_PATH=/workspace/foxy_ws/install/lib/x86_64-linux-gnu/pkgconfig:/workspace/foxy_ws/install/lib/pkgconfig PYTHONPATH=/workspace/foxy_ws/install/lib/python3.10/site-packages /usr/bin/cmake --build /workspace/foxy_ws/build/rosidl_typesupport_introspection_cpp -- -j12 -l12
[0.924s] Invoking command in '/workspace/foxy_ws/build/rosidl_typesupport_introspection_cpp': AMENT_PREFIX_PATH=/workspace/foxy_ws/install CMAKE_PREFIX_PATH=/workspace/foxy_ws/install LD_LIBRARY_PATH=/workspace/foxy_ws/install/lib PATH=/workspace/foxy_ws/install/bin:${PATH} PKG_CONFIG_PATH=/workspace/foxy_ws/install/lib/x86_64-linux-gnu/pkgconfig:/workspace/foxy_ws/install/lib/pkgconfig PYTHONPATH=/workspace/foxy_ws/install/lib/python3.10/site-packages /usr/bin/cmake --install /workspace/foxy_ws/build/rosidl_typesupport_introspection_cpp
[0.930s] -- Install configuration: ""
[0.930s] -- Installing: /workspace/foxy_ws/install/share/rosidl_typesupport_introspection_cpp/environment/pythonpath.sh
[0.931s] -- Installing: /workspace/foxy_ws/install/share/rosidl_typesupport_introspection_cpp/environment/pythonpath.dsv
[0.931s] -- Installing: /workspace/foxy_ws/install/lib/python3.10/site-packages/rosidl_typesupport_introspection_cpp
[0.931s] -- Installing: /workspace/foxy_ws/install/lib/python3.10/site-packages/rosidl_typesupport_introspection_cpp/__init__.py
[0.956s] Listing '/workspace/foxy_ws/install/lib/python3.10/site-packages/rosidl_typesupport_introspection_cpp'...
[0.956s] Compiling '/workspace/foxy_ws/install/lib/python3.10/site-packages/rosidl_typesupport_introspection_cpp/__init__.py'...
[0.960s] -- Installing: /workspace/foxy_ws/install/share/rosidl_typesupport_introspection_cpp/environment/library_path.sh
[0.960s] -- Installing: /workspace/foxy_ws/install/share/rosidl_typesupport_introspection_cpp/environment/library_path.dsv
[0.960s] -- Installing: /workspace/foxy_ws/install/share/ament_index/resource_index/rosidl_typesupport_cpp/rosidl_typesupport_introspection_cpp
[0.960s] -- Installing: /workspace/foxy_ws/install/share/ament_index/resource_index/rosidl_runtime_packages/rosidl_typesupport_introspection_cpp
[0.960s] -- Installing: /workspace/foxy_ws/install/share/ament_index/resource_index/package_run_dependencies/rosidl_typesupport_introspection_cpp
[0.961s] -- Installing: /workspace/foxy_ws/install/share/ament_index/resource_index/parent_prefix_path/rosidl_typesupport_introspection_cpp
[0.961s] -- Installing: /workspace/foxy_ws/install/share/rosidl_typesupport_introspection_cpp/environment/ament_prefix_path.sh
[0.961s] -- Installing: /workspace/foxy_ws/install/share/rosidl_typesupport_introspection_cpp/environment/ament_prefix_path.dsv
[0.961s] -- Installing: /workspace/foxy_ws/install/share/rosidl_typesupport_introspection_cpp/environment/path.sh
[0.962s] -- Installing: /workspace/foxy_ws/install/share/rosidl_typesupport_introspection_cpp/environment/path.dsv
[0.962s] -- Installing: /workspace/foxy_ws/install/share/rosidl_typesupport_introspection_cpp/local_setup.bash
[0.962s] -- Installing: /workspace/foxy_ws/install/share/rosidl_typesupport_introspection_cpp/local_setup.sh
[0.962s] -- Installing: /workspace/foxy_ws/install/share/rosidl_typesupport_introspection_cpp/local_setup.zsh
[0.962s] -- Installing: /workspace/foxy_ws/install/share/rosidl_typesupport_introspection_cpp/local_setup.dsv
[0.962s] -- Installing: /workspace/foxy_ws/install/share/rosidl_typesupport_introspection_cpp/package.dsv
[0.963s] -- Installing: /workspace/foxy_ws/install/share/ament_index/resource_index/packages/rosidl_typesupport_introspection_cpp
[0.963s] -- Installing: /workspace/foxy_ws/install/share/rosidl_typesupport_introspection_cpp/cmake/rosidl_typesupport_introspection_cppExport.cmake
[0.963s] -- Installing: /workspace/foxy_ws/install/share/rosidl_typesupport_introspection_cpp/cmake/rosidl_typesupport_introspection_cppExport-noconfig.cmake
[0.963s] -- Installing: /workspace/foxy_ws/install/share/rosidl_typesupport_introspection_cpp/cmake/rosidl_typesupport_introspection_cpp-extras.cmake
[0.963s] -- Installing: /workspace/foxy_ws/install/share/rosidl_typesupport_introspection_cpp/cmake/ament_cmake_export_dependencies-extras.cmake
[0.964s] -- Installing: /workspace/foxy_ws/install/share/rosidl_typesupport_introspection_cpp/cmake/ament_cmake_export_include_directories-extras.cmake
[0.964s] -- Installing: /workspace/foxy_ws/install/share/rosidl_typesupport_introspection_cpp/cmake/ament_cmake_export_libraries-extras.cmake
[0.964s] -- Installing: /workspace/foxy_ws/install/share/rosidl_typesupport_introspection_cpp/cmake/ament_cmake_export_targets-extras.cmake
[0.964s] -- Installing: /workspace/foxy_ws/install/share/rosidl_typesupport_introspection_cpp/cmake/rosidl_typesupport_introspection_cppConfig.cmake
[0.964s] -- Installing: /workspace/foxy_ws/install/share/rosidl_typesupport_introspection_cpp/cmake/rosidl_typesupport_introspection_cppConfig-version.cmake
[0.964s] -- Installing: /workspace/foxy_ws/install/share/rosidl_typesupport_introspection_cpp/package.xml
[0.965s] -- Installing: /workspace/foxy_ws/install/lib/rosidl_typesupport_introspection_cpp/rosidl_typesupport_introspection_cpp
[0.965s] -- Up-to-date: /workspace/foxy_ws/install/share/rosidl_typesupport_introspection_cpp/cmake
[0.965s] -- Installing: /workspace/foxy_ws/install/share/rosidl_typesupport_introspection_cpp/cmake/rosidl_typesupport_introspection_cpp_generate_interfaces.cmake
[0.965s] -- Installing: /workspace/foxy_ws/install/share/rosidl_typesupport_introspection_cpp/resource
[0.966s] -- Installing: /workspace/foxy_ws/install/share/rosidl_typesupport_introspection_cpp/resource/idl__type_support.cpp.em
[0.966s] -- Installing: /workspace/foxy_ws/install/share/rosidl_typesupport_introspection_cpp/resource/idl__rosidl_typesupport_introspection_cpp.hpp.em
[0.966s] -- Installing: /workspace/foxy_ws/install/share/rosidl_typesupport_introspection_cpp/resource/srv__type_support.cpp.em
[0.966s] -- Installing: /workspace/foxy_ws/install/share/rosidl_typesupport_introspection_cpp/resource/srv__rosidl_typesupport_introspection_cpp.hpp.em
[0.967s] -- Installing: /workspace/foxy_ws/install/share/rosidl_typesupport_introspection_cpp/resource/msg__type_support.cpp.em
[0.967s] -- Installing: /workspace/foxy_ws/install/share/rosidl_typesupport_introspection_cpp/resource/msg__rosidl_typesupport_introspection_cpp.hpp.em
[0.967s] -- Up-to-date: /workspace/foxy_ws/install/include
[0.967s] -- Installing: /workspace/foxy_ws/install/include/rosidl_typesupport_introspection_cpp
[0.967s] -- Installing: /workspace/foxy_ws/install/include/rosidl_typesupport_introspection_cpp/message_type_support_decl.hpp
[0.967s] -- Installing: /workspace/foxy_ws/install/include/rosidl_typesupport_introspection_cpp/message_introspection.hpp
[0.968s] -- Installing: /workspace/foxy_ws/install/include/rosidl_typesupport_introspection_cpp/service_introspection.hpp
[0.968s] -- Installing: /workspace/foxy_ws/install/include/rosidl_typesupport_introspection_cpp/identifier.hpp
[0.968s] -- Installing: /workspace/foxy_ws/install/include/rosidl_typesupport_introspection_cpp/service_type_support_decl.hpp
[0.968s] -- Installing: /workspace/foxy_ws/install/include/rosidl_typesupport_introspection_cpp/field_types.hpp
[0.969s] -- Installing: /workspace/foxy_ws/install/include/rosidl_typesupport_introspection_cpp/visibility_control.h
[0.969s] -- Installing: /workspace/foxy_ws/install/lib/librosidl_typesupport_introspection_cpp.so
[0.969s] -- Set runtime path of "/workspace/foxy_ws/install/lib/librosidl_typesupport_introspection_cpp.so" to ""
[0.972s] Invoked command in '/workspace/foxy_ws/build/rosidl_typesupport_introspection_cpp' returned '0': AMENT_PREFIX_PATH=/workspace/foxy_ws/install CMAKE_PREFIX_PATH=/workspace/foxy_ws/install LD_LIBRARY_PATH=/workspace/foxy_ws/install/lib PATH=/workspace/foxy_ws/install/bin:${PATH} PKG_CONFIG_PATH=/workspace/foxy_ws/install/lib/x86_64-linux-gnu/pkgconfig:/workspace/foxy_ws/install/lib/pkgconfig PYTHONPATH=/workspace/foxy_ws/install/lib/python3.10/site-packages /usr/bin/cmake --install /workspace/foxy_ws/build/rosidl_typesupport_introspection_cpp
