[0.264s] Invoking command in '/workspace/foxy_ws/build/ros_environment': AMENT_PREFIX_PATH=/workspace/foxy_ws/install CMAKE_PREFIX_PATH=/workspace/foxy_ws/install PATH=/workspace/foxy_ws/install/bin:${PATH} PYTHONPATH=/workspace/foxy_ws/install/lib/python3.10/site-packages /usr/bin/cmake /workspace/foxy_ws/src/ros_environment -DCMAKE_INSTALL_PREFIX=/workspace/foxy_ws/install
[0.484s] -- Found ament_cmake_core: 0.9.12 (/workspace/foxy_ws/install/share/ament_cmake_core/cmake)
[0.484s] -- Found PythonInterp: /usr/bin/python3 (found suitable version "3.10.14", minimum required is "3") 
[0.485s] -- Using PYTHON_EXECUTABLE: /usr/bin/python3
[1.048s] -- Configuring done
[1.051s] -- Generating done
[1.052s] -- Build files have been written to: /workspace/foxy_ws/build/ros_environment
[1.067s] Invoked command in '/workspace/foxy_ws/build/ros_environment' returned '0': AMENT_PREFIX_PATH=/workspace/foxy_ws/install CMAKE_PREFIX_PATH=/workspace/foxy_ws/install PATH=/workspace/foxy_ws/install/bin:${PATH} PYTHONPATH=/workspace/foxy_ws/install/lib/python3.10/site-packages /usr/bin/cmake /workspace/foxy_ws/src/ros_environment -DCMAKE_INSTALL_PREFIX=/workspace/foxy_ws/install
[1.068s] Invoking command in '/workspace/foxy_ws/build/ros_environment': AMENT_PREFIX_PATH=/workspace/foxy_ws/install CMAKE_PREFIX_PATH=/workspace/foxy_ws/install PATH=/workspace/foxy_ws/install/bin:${PATH} PYTHONPATH=/workspace/foxy_ws/install/lib/python3.10/site-packages /usr/bin/cmake --build /workspace/foxy_ws/build/ros_environment -- -j12 -l12
[1.303s] Invoked command in '/workspace/foxy_ws/build/ros_environment' returned '0': AMENT_PREFIX_PATH=/workspace/foxy_ws/install CMAKE_PREFIX_PATH=/workspace/foxy_ws/install PATH=/workspace/foxy_ws/install/bin:${PATH} PYTHONPATH=/workspace/foxy_ws/install/lib/python3.10/site-packages /usr/bin/cmake --build /workspace/foxy_ws/build/ros_environment -- -j12 -l12
[1.663s] Invoking command in '/workspace/foxy_ws/build/ros_environment': AMENT_PREFIX_PATH=/workspace/foxy_ws/install CMAKE_PREFIX_PATH=/workspace/foxy_ws/install PATH=/workspace/foxy_ws/install/bin:${PATH} PYTHONPATH=/workspace/foxy_ws/install/lib/python3.10/site-packages /usr/bin/cmake --install /workspace/foxy_ws/build/ros_environment
[1.795s] -- Install configuration: ""
[1.795s] -- Installing: /workspace/foxy_ws/install/share/ros_environment/environment/1.ros_distro.dsv
[1.795s] -- Installing: /workspace/foxy_ws/install/share/ros_environment/environment/1.ros_distro.sh
[1.796s] -- Installing: /workspace/foxy_ws/install/share/ros_environment/environment/1.ros_localhost_only.dsv
[1.796s] -- Installing: /workspace/foxy_ws/install/share/ros_environment/environment/1.ros_localhost_only.sh
[1.796s] -- Installing: /workspace/foxy_ws/install/share/ros_environment/environment/1.ros_python_version.dsv
[1.796s] -- Installing: /workspace/foxy_ws/install/share/ros_environment/environment/1.ros_python_version.sh
[1.796s] -- Installing: /workspace/foxy_ws/install/share/ros_environment/environment/1.ros_version.dsv
[1.796s] -- Installing: /workspace/foxy_ws/install/share/ros_environment/environment/1.ros_version.sh
[1.796s] -- Installing: /workspace/foxy_ws/install/share/ros_environment/environment/0.ros_distro_check.sh
[1.796s] -- Installing: /workspace/foxy_ws/install/share/ament_index/resource_index/package_run_dependencies/ros_environment
[1.796s] -- Installing: /workspace/foxy_ws/install/share/ament_index/resource_index/parent_prefix_path/ros_environment
[1.796s] -- Installing: /workspace/foxy_ws/install/share/ros_environment/environment/ament_prefix_path.sh
[1.796s] -- Installing: /workspace/foxy_ws/install/share/ros_environment/environment/ament_prefix_path.dsv
[1.796s] -- Installing: /workspace/foxy_ws/install/share/ros_environment/environment/path.sh
[1.796s] -- Installing: /workspace/foxy_ws/install/share/ros_environment/environment/path.dsv
[1.797s] -- Installing: /workspace/foxy_ws/install/share/ros_environment/local_setup.bash
[1.797s] -- Installing: /workspace/foxy_ws/install/share/ros_environment/local_setup.sh
[1.797s] -- Installing: /workspace/foxy_ws/install/share/ros_environment/local_setup.zsh
[1.797s] -- Installing: /workspace/foxy_ws/install/share/ros_environment/local_setup.dsv
[1.797s] -- Installing: /workspace/foxy_ws/install/share/ros_environment/package.dsv
[1.797s] -- Installing: /workspace/foxy_ws/install/share/ament_index/resource_index/packages/ros_environment
[1.797s] -- Installing: /workspace/foxy_ws/install/share/ros_environment/cmake/ros_environmentConfig.cmake
[1.797s] -- Installing: /workspace/foxy_ws/install/share/ros_environment/cmake/ros_environmentConfig-version.cmake
[1.797s] -- Installing: /workspace/foxy_ws/install/share/ros_environment/package.xml
[1.864s] Invoked command in '/workspace/foxy_ws/build/ros_environment' returned '0': AMENT_PREFIX_PATH=/workspace/foxy_ws/install CMAKE_PREFIX_PATH=/workspace/foxy_ws/install PATH=/workspace/foxy_ws/install/bin:${PATH} PYTHONPATH=/workspace/foxy_ws/install/lib/python3.10/site-packages /usr/bin/cmake --install /workspace/foxy_ws/build/ros_environment
