running egg_info
creating ../../build/rosidl_runtime_py/rosidl_runtime_py.egg-info
writing ../../build/rosidl_runtime_py/rosidl_runtime_py.egg-info/PKG-INFO
writing dependency_links to ../../build/rosidl_runtime_py/rosidl_runtime_py.egg-info/dependency_links.txt
writing top-level names to ../../build/rosidl_runtime_py/rosidl_runtime_py.egg-info/top_level.txt
writing manifest file '../../build/rosidl_runtime_py/rosidl_runtime_py.egg-info/SOURCES.txt'
reading manifest file '../../build/rosidl_runtime_py/rosidl_runtime_py.egg-info/SOURCES.txt'
adding license file 'LICENSE'
writing manifest file '../../build/rosidl_runtime_py/rosidl_runtime_py.egg-info/SOURCES.txt'
running build
running build_py
creating /workspace/foxy_ws/build/rosidl_runtime_py/build
creating /workspace/foxy_ws/build/rosidl_runtime_py/build/lib
creating /workspace/foxy_ws/build/rosidl_runtime_py/build/lib/rosidl_runtime_py
copying rosidl_runtime_py/convert.py -> /workspace/foxy_ws/build/rosidl_runtime_py/build/lib/rosidl_runtime_py
copying rosidl_runtime_py/set_message.py -> /workspace/foxy_ws/build/rosidl_runtime_py/build/lib/rosidl_runtime_py
copying rosidl_runtime_py/import_message.py -> /workspace/foxy_ws/build/rosidl_runtime_py/build/lib/rosidl_runtime_py
copying rosidl_runtime_py/get_interfaces.py -> /workspace/foxy_ws/build/rosidl_runtime_py/build/lib/rosidl_runtime_py
copying rosidl_runtime_py/__init__.py -> /workspace/foxy_ws/build/rosidl_runtime_py/build/lib/rosidl_runtime_py
copying rosidl_runtime_py/utilities.py -> /workspace/foxy_ws/build/rosidl_runtime_py/build/lib/rosidl_runtime_py
running install
running install_lib
creating /workspace/foxy_ws/install/lib/python3.10/site-packages/rosidl_runtime_py
copying /workspace/foxy_ws/build/rosidl_runtime_py/build/lib/rosidl_runtime_py/convert.py -> /workspace/foxy_ws/install/lib/python3.10/site-packages/rosidl_runtime_py
copying /workspace/foxy_ws/build/rosidl_runtime_py/build/lib/rosidl_runtime_py/set_message.py -> /workspace/foxy_ws/install/lib/python3.10/site-packages/rosidl_runtime_py
copying /workspace/foxy_ws/build/rosidl_runtime_py/build/lib/rosidl_runtime_py/import_message.py -> /workspace/foxy_ws/install/lib/python3.10/site-packages/rosidl_runtime_py
copying /workspace/foxy_ws/build/rosidl_runtime_py/build/lib/rosidl_runtime_py/get_interfaces.py -> /workspace/foxy_ws/install/lib/python3.10/site-packages/rosidl_runtime_py
copying /workspace/foxy_ws/build/rosidl_runtime_py/build/lib/rosidl_runtime_py/__init__.py -> /workspace/foxy_ws/install/lib/python3.10/site-packages/rosidl_runtime_py
copying /workspace/foxy_ws/build/rosidl_runtime_py/build/lib/rosidl_runtime_py/utilities.py -> /workspace/foxy_ws/install/lib/python3.10/site-packages/rosidl_runtime_py
byte-compiling /workspace/foxy_ws/install/lib/python3.10/site-packages/rosidl_runtime_py/convert.py to convert.cpython-310.pyc
byte-compiling /workspace/foxy_ws/install/lib/python3.10/site-packages/rosidl_runtime_py/set_message.py to set_message.cpython-310.pyc
byte-compiling /workspace/foxy_ws/install/lib/python3.10/site-packages/rosidl_runtime_py/import_message.py to import_message.cpython-310.pyc
byte-compiling /workspace/foxy_ws/install/lib/python3.10/site-packages/rosidl_runtime_py/get_interfaces.py to get_interfaces.cpython-310.pyc
byte-compiling /workspace/foxy_ws/install/lib/python3.10/site-packages/rosidl_runtime_py/__init__.py to __init__.cpython-310.pyc
byte-compiling /workspace/foxy_ws/install/lib/python3.10/site-packages/rosidl_runtime_py/utilities.py to utilities.cpython-310.pyc
running install_data
copying package.xml -> /workspace/foxy_ws/install/share/rosidl_runtime_py
copying resource/rosidl_runtime_py -> /workspace/foxy_ws/install/share/ament_index/resource_index/packages
running install_egg_info
Copying ../../build/rosidl_runtime_py/rosidl_runtime_py.egg-info to /workspace/foxy_ws/install/lib/python3.10/site-packages/rosidl_runtime_py-0.9.1-py3.10.egg-info
running install_scripts
writing list of installed files to '/workspace/foxy_ws/build/rosidl_runtime_py/install.log'
