[0.782s] Invoking command in '/workspace/foxy_ws/build/ament_cmake_cpplint': AMENT_PREFIX_PATH=/workspace/foxy_ws/install CMAKE_PREFIX_PATH=/workspace/foxy_ws/install LD_LIBRARY_PATH=/workspace/foxy_ws/install/lib PATH=/workspace/foxy_ws/install/bin:${PATH} PYTHONPATH=/workspace/foxy_ws/install/lib/python3.10/site-packages /usr/bin/cmake /workspace/foxy_ws/src/ament_lint/ament_cmake_cpplint -DCMAKE_INSTALL_PREFIX=/workspace/foxy_ws/install
[0.849s] -- Found ament_cmake_core: 0.9.12 (/workspace/foxy_ws/install/share/ament_cmake_core/cmake)
[0.876s] -- Found PythonInterp: /usr/bin/python3 (found suitable version "3.10.14", minimum required is "3") 
[0.876s] -- Using PYTHON_EXECUTABLE: /usr/bin/python3
[1.084s] -- Found ament_cmake_test: 0.9.12 (/workspace/foxy_ws/install/share/ament_cmake_test/cmake)
[1.169s] -- Found ament_cmake_copyright: 0.9.8 (/workspace/foxy_ws/install/share/ament_cmake_copyright/cmake)
[1.171s] -- Found ament_cmake_lint_cmake: 0.9.8 (/workspace/foxy_ws/install/share/ament_cmake_lint_cmake/cmake)
[1.171s] -- Configuring done
[1.174s] -- Generating done
[1.174s] -- Build files have been written to: /workspace/foxy_ws/build/ament_cmake_cpplint
[1.179s] Invoked command in '/workspace/foxy_ws/build/ament_cmake_cpplint' returned '0': AMENT_PREFIX_PATH=/workspace/foxy_ws/install CMAKE_PREFIX_PATH=/workspace/foxy_ws/install LD_LIBRARY_PATH=/workspace/foxy_ws/install/lib PATH=/workspace/foxy_ws/install/bin:${PATH} PYTHONPATH=/workspace/foxy_ws/install/lib/python3.10/site-packages /usr/bin/cmake /workspace/foxy_ws/src/ament_lint/ament_cmake_cpplint -DCMAKE_INSTALL_PREFIX=/workspace/foxy_ws/install
[1.179s] Invoking command in '/workspace/foxy_ws/build/ament_cmake_cpplint': AMENT_PREFIX_PATH=/workspace/foxy_ws/install CMAKE_PREFIX_PATH=/workspace/foxy_ws/install LD_LIBRARY_PATH=/workspace/foxy_ws/install/lib PATH=/workspace/foxy_ws/install/bin:${PATH} PYTHONPATH=/workspace/foxy_ws/install/lib/python3.10/site-packages /usr/bin/cmake --build /workspace/foxy_ws/build/ament_cmake_cpplint -- -j12 -l12
[1.216s] Invoked command in '/workspace/foxy_ws/build/ament_cmake_cpplint' returned '0': AMENT_PREFIX_PATH=/workspace/foxy_ws/install CMAKE_PREFIX_PATH=/workspace/foxy_ws/install LD_LIBRARY_PATH=/workspace/foxy_ws/install/lib PATH=/workspace/foxy_ws/install/bin:${PATH} PYTHONPATH=/workspace/foxy_ws/install/lib/python3.10/site-packages /usr/bin/cmake --build /workspace/foxy_ws/build/ament_cmake_cpplint -- -j12 -l12
[1.245s] Invoking command in '/workspace/foxy_ws/build/ament_cmake_cpplint': AMENT_PREFIX_PATH=/workspace/foxy_ws/install CMAKE_PREFIX_PATH=/workspace/foxy_ws/install LD_LIBRARY_PATH=/workspace/foxy_ws/install/lib PATH=/workspace/foxy_ws/install/bin:${PATH} PYTHONPATH=/workspace/foxy_ws/install/lib/python3.10/site-packages /usr/bin/cmake --install /workspace/foxy_ws/build/ament_cmake_cpplint
[1.254s] -- Install configuration: ""
[1.255s] -- Installing: /workspace/foxy_ws/install/share/ament_index/resource_index/package_run_dependencies/ament_cmake_cpplint
[1.255s] -- Installing: /workspace/foxy_ws/install/share/ament_index/resource_index/parent_prefix_path/ament_cmake_cpplint
[1.256s] -- Installing: /workspace/foxy_ws/install/share/ament_cmake_cpplint/environment/ament_prefix_path.sh
[1.256s] -- Installing: /workspace/foxy_ws/install/share/ament_cmake_cpplint/environment/ament_prefix_path.dsv
[1.256s] -- Installing: /workspace/foxy_ws/install/share/ament_cmake_cpplint/environment/path.sh
[1.256s] -- Installing: /workspace/foxy_ws/install/share/ament_cmake_cpplint/environment/path.dsv
[1.256s] -- Installing: /workspace/foxy_ws/install/share/ament_cmake_cpplint/local_setup.bash
[1.257s] -- Installing: /workspace/foxy_ws/install/share/ament_cmake_cpplint/local_setup.sh
[1.257s] -- Installing: /workspace/foxy_ws/install/share/ament_cmake_cpplint/local_setup.zsh
[1.257s] -- Installing: /workspace/foxy_ws/install/share/ament_cmake_cpplint/local_setup.dsv
[1.258s] -- Installing: /workspace/foxy_ws/install/share/ament_cmake_cpplint/package.dsv
[1.258s] -- Installing: /workspace/foxy_ws/install/share/ament_index/resource_index/packages/ament_cmake_cpplint
[1.258s] -- Installing: /workspace/foxy_ws/install/share/ament_cmake_cpplint/cmake/ament_cmake_cpplint-extras.cmake
[1.259s] -- Installing: /workspace/foxy_ws/install/share/ament_cmake_cpplint/cmake/ament_cmake_cpplintConfig.cmake
[1.259s] -- Installing: /workspace/foxy_ws/install/share/ament_cmake_cpplint/cmake/ament_cmake_cpplintConfig-version.cmake
[1.259s] -- Installing: /workspace/foxy_ws/install/share/ament_cmake_cpplint/package.xml
[1.261s] -- Up-to-date: /workspace/foxy_ws/install/share/ament_cmake_cpplint/cmake
[1.261s] -- Installing: /workspace/foxy_ws/install/share/ament_cmake_cpplint/cmake/ament_cmake_cpplint_lint_hook.cmake
[1.261s] -- Installing: /workspace/foxy_ws/install/share/ament_cmake_cpplint/cmake/ament_cpplint.cmake
[1.261s] Invoked command in '/workspace/foxy_ws/build/ament_cmake_cpplint' returned '0': AMENT_PREFIX_PATH=/workspace/foxy_ws/install CMAKE_PREFIX_PATH=/workspace/foxy_ws/install LD_LIBRARY_PATH=/workspace/foxy_ws/install/lib PATH=/workspace/foxy_ws/install/bin:${PATH} PYTHONPATH=/workspace/foxy_ws/install/lib/python3.10/site-packages /usr/bin/cmake --install /workspace/foxy_ws/build/ament_cmake_cpplint
