[0.076s] Invoking command in '/workspace/foxy_ws/build/rmw_implementation_cmake': AMENT_PREFIX_PATH=/workspace/foxy_ws/install CMAKE_PREFIX_PATH=/workspace/foxy_ws/install LD_LIBRARY_PATH=/workspace/foxy_ws/install/lib PATH=/workspace/foxy_ws/install/bin:${PATH} PYTHONPATH=/workspace/foxy_ws/install/lib/python3.10/site-packages /usr/bin/cmake /workspace/foxy_ws/src/rmw/rmw_implementation_cmake -DCMAKE_INSTALL_PREFIX=/workspace/foxy_ws/install
[0.103s] -- Found ament_cmake: 0.9.12 (/workspace/foxy_ws/install/share/ament_cmake/cmake)
[0.113s] -- Found PythonInterp: /usr/bin/python3 (found suitable version "3.10.14", minimum required is "3") 
[0.113s] -- Using PYTHON_EXECUTABLE: /usr/bin/python3
[0.337s] -- Found ament_lint_auto: 0.9.8 (/workspace/foxy_ws/install/share/ament_lint_auto/cmake)
[0.431s] -- Added test 'copyright' to check source files copyright and LICENSE
[0.441s] -- Added test 'lint_cmake' to check CMake code style
[0.446s] -- Added test 'xmllint' to check XML markup files
[0.451s] -- Configuring done
[0.456s] -- Generating done
[0.456s] -- Build files have been written to: /workspace/foxy_ws/build/rmw_implementation_cmake
[0.475s] Invoked command in '/workspace/foxy_ws/build/rmw_implementation_cmake' returned '0': AMENT_PREFIX_PATH=/workspace/foxy_ws/install CMAKE_PREFIX_PATH=/workspace/foxy_ws/install LD_LIBRARY_PATH=/workspace/foxy_ws/install/lib PATH=/workspace/foxy_ws/install/bin:${PATH} PYTHONPATH=/workspace/foxy_ws/install/lib/python3.10/site-packages /usr/bin/cmake /workspace/foxy_ws/src/rmw/rmw_implementation_cmake -DCMAKE_INSTALL_PREFIX=/workspace/foxy_ws/install
[0.475s] Invoking command in '/workspace/foxy_ws/build/rmw_implementation_cmake': AMENT_PREFIX_PATH=/workspace/foxy_ws/install CMAKE_PREFIX_PATH=/workspace/foxy_ws/install LD_LIBRARY_PATH=/workspace/foxy_ws/install/lib PATH=/workspace/foxy_ws/install/bin:${PATH} PYTHONPATH=/workspace/foxy_ws/install/lib/python3.10/site-packages /usr/bin/cmake --build /workspace/foxy_ws/build/rmw_implementation_cmake -- -j12 -l12
[0.625s] Invoked command in '/workspace/foxy_ws/build/rmw_implementation_cmake' returned '0': AMENT_PREFIX_PATH=/workspace/foxy_ws/install CMAKE_PREFIX_PATH=/workspace/foxy_ws/install LD_LIBRARY_PATH=/workspace/foxy_ws/install/lib PATH=/workspace/foxy_ws/install/bin:${PATH} PYTHONPATH=/workspace/foxy_ws/install/lib/python3.10/site-packages /usr/bin/cmake --build /workspace/foxy_ws/build/rmw_implementation_cmake -- -j12 -l12
[0.911s] Invoking command in '/workspace/foxy_ws/build/rmw_implementation_cmake': AMENT_PREFIX_PATH=/workspace/foxy_ws/install CMAKE_PREFIX_PATH=/workspace/foxy_ws/install LD_LIBRARY_PATH=/workspace/foxy_ws/install/lib PATH=/workspace/foxy_ws/install/bin:${PATH} PYTHONPATH=/workspace/foxy_ws/install/lib/python3.10/site-packages /usr/bin/cmake --install /workspace/foxy_ws/build/rmw_implementation_cmake
[0.928s] -- Install configuration: ""
[0.928s] -- Installing: /workspace/foxy_ws/install/share/ament_index/resource_index/package_run_dependencies/rmw_implementation_cmake
[0.928s] -- Installing: /workspace/foxy_ws/install/share/ament_index/resource_index/parent_prefix_path/rmw_implementation_cmake
[0.928s] -- Installing: /workspace/foxy_ws/install/share/rmw_implementation_cmake/environment/ament_prefix_path.sh
[0.928s] -- Installing: /workspace/foxy_ws/install/share/rmw_implementation_cmake/environment/ament_prefix_path.dsv
[0.929s] -- Installing: /workspace/foxy_ws/install/share/rmw_implementation_cmake/environment/path.sh
[0.929s] -- Installing: /workspace/foxy_ws/install/share/rmw_implementation_cmake/environment/path.dsv
[0.929s] -- Installing: /workspace/foxy_ws/install/share/rmw_implementation_cmake/local_setup.bash
[0.929s] -- Installing: /workspace/foxy_ws/install/share/rmw_implementation_cmake/local_setup.sh
[0.929s] -- Installing: /workspace/foxy_ws/install/share/rmw_implementation_cmake/local_setup.zsh
[0.929s] -- Installing: /workspace/foxy_ws/install/share/rmw_implementation_cmake/local_setup.dsv
[0.929s] -- Installing: /workspace/foxy_ws/install/share/rmw_implementation_cmake/package.dsv
[0.929s] -- Installing: /workspace/foxy_ws/install/share/ament_index/resource_index/packages/rmw_implementation_cmake
[0.929s] -- Installing: /workspace/foxy_ws/install/share/rmw_implementation_cmake/cmake/rmw_implementation_cmake-extras.cmake
[0.929s] -- Installing: /workspace/foxy_ws/install/share/rmw_implementation_cmake/cmake/ament_cmake_export_dependencies-extras.cmake
[0.935s] -- Installing: /workspace/foxy_ws/install/share/rmw_implementation_cmake/cmake/rmw_implementation_cmakeConfig.cmake
[0.935s] -- Installing: /workspace/foxy_ws/install/share/rmw_implementation_cmake/cmake/rmw_implementation_cmakeConfig-version.cmake
[0.935s] -- Installing: /workspace/foxy_ws/install/share/rmw_implementation_cmake/package.xml
[0.935s] -- Up-to-date: /workspace/foxy_ws/install/share/rmw_implementation_cmake/cmake
[0.935s] -- Installing: /workspace/foxy_ws/install/share/rmw_implementation_cmake/cmake/call_for_each_rmw_implementation.cmake
[0.935s] -- Installing: /workspace/foxy_ws/install/share/rmw_implementation_cmake/cmake/get_available_rmw_implementations.cmake
[0.935s] -- Installing: /workspace/foxy_ws/install/share/rmw_implementation_cmake/cmake/get_default_rmw_implementation.cmake
[0.936s] Invoked command in '/workspace/foxy_ws/build/rmw_implementation_cmake' returned '0': AMENT_PREFIX_PATH=/workspace/foxy_ws/install CMAKE_PREFIX_PATH=/workspace/foxy_ws/install LD_LIBRARY_PATH=/workspace/foxy_ws/install/lib PATH=/workspace/foxy_ws/install/bin:${PATH} PYTHONPATH=/workspace/foxy_ws/install/lib/python3.10/site-packages /usr/bin/cmake --install /workspace/foxy_ws/build/rmw_implementation_cmake
