-- The C compiler identification is GNU 9.4.0
-- The CXX compiler identification is GNU 9.4.0
-- Check for working C compiler: /usr/bin/cc
-- Check for working C compiler: /usr/bin/cc -- works
-- Detecting C compiler ABI info
-- Detecting C compiler ABI info - done
-- Detecting C compile features
-- Detecting C compile features - done
-- Check for working CXX compiler: /usr/bin/c++
-- Check for working CXX compiler: /usr/bin/c++ -- works
-- Detecting CXX compiler ABI info
-- Detecting CXX compiler ABI info - done
-- Detecting CXX compile features
-- Detecting CXX compile features - done
-- Found ament_cmake: 0.9.12 (/workspace/foxy_ws/install/share/ament_cmake/cmake)
-- Found PythonInterp: /usr/bin/python3 (found suitable version "3.10.14", minimum required is "3") 
-- Using PYTHON_EXECUTABLE: /usr/bin/python3
-- Found rosidl_default_generators: 1.0.1 (/workspace/foxy_ws/install/share/rosidl_default_generators/cmake)
-- Using all available rosidl_typesupport_c: rosidl_typesupport_fastrtps_c;rosidl_typesupport_introspection_c
-- Found rosidl_adapter: 1.3.1 (/workspace/foxy_ws/install/share/rosidl_adapter/cmake)
-- Found OpenSSL: /workspace/foxy_ws/install/lib/libcrypto.so (found version "1.1.1f")  
-- Found FastRTPS: /workspace/foxy_ws/install/include  
-- Using all available rosidl_typesupport_cpp: rosidl_typesupport_fastrtps_cpp;rosidl_typesupport_introspection_cpp
-- Found std_msgs: 2.0.5 (/workspace/foxy_ws/install/share/std_msgs/cmake)
-- Found geometry_msgs: 2.0.5 (/workspace/foxy_ws/install/share/geometry_msgs/cmake)
-- Found sensor_msgs: 2.0.5 (/workspace/foxy_ws/install/share/sensor_msgs/cmake)
-- Found vision_msgs: 2.0.0 (/workspace/foxy_ws/install/share/vision_msgs/cmake)
-- Found nav_msgs: 2.0.5 (/workspace/foxy_ws/install/share/nav_msgs/cmake)
-- Found PythonInterp: /usr/bin/python3 (found version "3.10.14") 
-- Found ament_cmake_ros: 0.9.2 (/workspace/foxy_ws/install/share/ament_cmake_ros/cmake)
-- Using all available rosidl_typesupport_c: rosidl_typesupport_fastrtps_c;rosidl_typesupport_introspection_c
-- Using all available rosidl_typesupport_cpp: rosidl_typesupport_fastrtps_cpp;rosidl_typesupport_introspection_cpp
-- Found PythonInterp: /usr/bin/python3 (found suitable version "3.10.14", minimum required is "3.5") 
-- Found python_cmake_module: 0.8.1 (/workspace/foxy_ws/install/share/python_cmake_module/cmake)
-- Found PythonLibs: /usr/lib/x86_64-linux-gnu/libpython3.10.so (found suitable version "3.10.14", minimum required is "3.5") 
-- Using PYTHON_EXECUTABLE: /usr/bin/python3
-- Using PYTHON_INCLUDE_DIRS: /usr/include/python3.10
-- Using PYTHON_LIBRARIES: /usr/lib/x86_64-linux-gnu/libpython3.10.so
-- Found PythonExtra: .so  
-- Using numpy include directory: /usr/local/lib/python3.10/dist-packages/numpy/core/include
-- Configuring done
-- Generating done
-- Build files have been written to: /workspace/build_ws/build/icrane_msgs
Scanning dependencies of target icrane_msgs__cpp
[  1%] Generating C code for ROS interfaces
[  1%] Generating C++ code for ROS interfaces
[  1%] Built target icrane_msgs__cpp
[  2%] Generating C++ type support dispatch for ROS interfaces
[  2%] Generating C++ introspection for ROS interfaces
[  3%] Generating C++ type support for eProsima Fast-RTPS
Scanning dependencies of target icrane_msgs__rosidl_generator_c
[  5%] Building C object CMakeFiles/icrane_msgs__rosidl_generator_c.dir/rosidl_generator_c/icrane_msgs/msg/detail/pose2_d__functions.c.o
[  5%] Building C object CMakeFiles/icrane_msgs__rosidl_generator_c.dir/rosidl_generator_c/icrane_msgs/msg/detail/bounding_box2_d__functions.c.o
[  5%] Building C object CMakeFiles/icrane_msgs__rosidl_generator_c.dir/rosidl_generator_c/icrane_msgs/msg/detail/vector2_d__functions.c.o
[  6%] Building C object CMakeFiles/icrane_msgs__rosidl_generator_c.dir/rosidl_generator_c/icrane_msgs/msg/detail/detection2_d__functions.c.o
[  7%] Building C object CMakeFiles/icrane_msgs__rosidl_generator_c.dir/rosidl_generator_c/icrane_msgs/msg/detail/detection2_d_array__functions.c.o
[  7%] Building C object CMakeFiles/icrane_msgs__rosidl_generator_c.dir/rosidl_generator_c/icrane_msgs/msg/detail/detection_seg2_d_array__functions.c.o
[  8%] Building C object CMakeFiles/icrane_msgs__rosidl_generator_c.dir/rosidl_generator_c/icrane_msgs/msg/detail/detection_seg2_d__functions.c.o
[  9%] Building C object CMakeFiles/icrane_msgs__rosidl_generator_c.dir/rosidl_generator_c/icrane_msgs/msg/detail/polygon2_d__functions.c.o
[ 10%] Building C object CMakeFiles/icrane_msgs__rosidl_generator_c.dir/rosidl_generator_c/icrane_msgs/msg/detail/detection_seg3_d__functions.c.o
[ 11%] Building C object CMakeFiles/icrane_msgs__rosidl_generator_c.dir/rosidl_generator_c/icrane_msgs/msg/detail/detection_seg3_d_array__functions.c.o
[ 13%] Building C object CMakeFiles/icrane_msgs__rosidl_generator_c.dir/rosidl_generator_c/icrane_msgs/msg/detail/omniverse_info__functions.c.o
[ 13%] Building C object CMakeFiles/icrane_msgs__rosidl_generator_c.dir/rosidl_generator_c/icrane_msgs/msg/detail/tracked_entities__functions.c.o
[ 13%] Building C object CMakeFiles/icrane_msgs__rosidl_generator_c.dir/rosidl_generator_c/icrane_msgs/msg/detail/modeling__functions.c.o
[ 14%] Linking C shared library libicrane_msgs__rosidl_generator_c.so
[ 14%] Built target icrane_msgs__rosidl_generator_c
[ 15%] Generating C introspection for ROS interfaces
[ 16%] Generating C type support dispatch for ROS interfaces
Scanning dependencies of target icrane_msgs__rosidl_typesupport_cpp
[ 19%] Building CXX object CMakeFiles/icrane_msgs__rosidl_typesupport_cpp.dir/rosidl_typesupport_cpp/icrane_msgs/msg/detection2_d_array__type_support.cpp.o
[ 19%] Building CXX object CMakeFiles/icrane_msgs__rosidl_typesupport_cpp.dir/rosidl_typesupport_cpp/icrane_msgs/msg/pose2_d__type_support.cpp.o
[ 19%] Building CXX object CMakeFiles/icrane_msgs__rosidl_typesupport_cpp.dir/rosidl_typesupport_cpp/icrane_msgs/msg/vector2_d__type_support.cpp.o
[ 19%] Building CXX object CMakeFiles/icrane_msgs__rosidl_typesupport_cpp.dir/rosidl_typesupport_cpp/icrane_msgs/msg/bounding_box2_d__type_support.cpp.o
[ 20%] Building CXX object CMakeFiles/icrane_msgs__rosidl_typesupport_cpp.dir/rosidl_typesupport_cpp/icrane_msgs/msg/detection2_d__type_support.cpp.o
[ 21%] Building CXX object CMakeFiles/icrane_msgs__rosidl_typesupport_cpp.dir/rosidl_typesupport_cpp/icrane_msgs/msg/detection_seg2_d_array__type_support.cpp.o
[ 21%] Building CXX object CMakeFiles/icrane_msgs__rosidl_typesupport_cpp.dir/rosidl_typesupport_cpp/icrane_msgs/msg/polygon2_d__type_support.cpp.o
[ 22%] Building CXX object CMakeFiles/icrane_msgs__rosidl_typesupport_cpp.dir/rosidl_typesupport_cpp/icrane_msgs/msg/detection_seg2_d__type_support.cpp.o
[ 23%] Building CXX object CMakeFiles/icrane_msgs__rosidl_typesupport_cpp.dir/rosidl_typesupport_cpp/icrane_msgs/msg/detection_seg3_d__type_support.cpp.o
[ 24%] Building CXX object CMakeFiles/icrane_msgs__rosidl_typesupport_cpp.dir/rosidl_typesupport_cpp/icrane_msgs/msg/detection_seg3_d_array__type_support.cpp.o
[ 25%] Building CXX object CMakeFiles/icrane_msgs__rosidl_typesupport_cpp.dir/rosidl_typesupport_cpp/icrane_msgs/msg/omniverse_info__type_support.cpp.o
[ 26%] Building CXX object CMakeFiles/icrane_msgs__rosidl_typesupport_cpp.dir/rosidl_typesupport_cpp/icrane_msgs/msg/tracked_entities__type_support.cpp.o
[ 26%] Building CXX object CMakeFiles/icrane_msgs__rosidl_typesupport_cpp.dir/rosidl_typesupport_cpp/icrane_msgs/msg/modeling__type_support.cpp.o
Scanning dependencies of target icrane_msgs__rosidl_typesupport_c
[ 26%] Building CXX object CMakeFiles/icrane_msgs__rosidl_typesupport_c.dir/rosidl_typesupport_c/icrane_msgs/msg/vector2_d__type_support.cpp.o
[ 27%] Building CXX object CMakeFiles/icrane_msgs__rosidl_typesupport_c.dir/rosidl_typesupport_c/icrane_msgs/msg/pose2_d__type_support.cpp.o
[ 28%] Building CXX object CMakeFiles/icrane_msgs__rosidl_typesupport_c.dir/rosidl_typesupport_c/icrane_msgs/msg/bounding_box2_d__type_support.cpp.o
[ 29%] Building CXX object CMakeFiles/icrane_msgs__rosidl_typesupport_c.dir/rosidl_typesupport_c/icrane_msgs/msg/detection2_d__type_support.cpp.o
Scanning dependencies of target icrane_msgs__rosidl_typesupport_introspection_cpp
Scanning dependencies of target icrane_msgs__rosidl_typesupport_fastrtps_cpp
[ 30%] Building CXX object CMakeFiles/icrane_msgs__rosidl_typesupport_c.dir/rosidl_typesupport_c/icrane_msgs/msg/detection2_d_array__type_support.cpp.o
[ 31%] Building CXX object CMakeFiles/icrane_msgs__rosidl_typesupport_introspection_cpp.dir/rosidl_typesupport_introspection_cpp/icrane_msgs/msg/detail/vector2_d__type_support.cpp.o
[ 31%] Building CXX object CMakeFiles/icrane_msgs__rosidl_typesupport_c.dir/rosidl_typesupport_c/icrane_msgs/msg/detection_seg2_d__type_support.cpp.o
[ 32%] Building CXX object CMakeFiles/icrane_msgs__rosidl_typesupport_fastrtps_cpp.dir/rosidl_typesupport_fastrtps_cpp/icrane_msgs/msg/detail/dds_fastrtps/vector2_d__type_support.cpp.o
[ 33%] Building CXX object CMakeFiles/icrane_msgs__rosidl_typesupport_c.dir/rosidl_typesupport_c/icrane_msgs/msg/detection_seg2_d_array__type_support.cpp.o
[ 34%] Building CXX object CMakeFiles/icrane_msgs__rosidl_typesupport_c.dir/rosidl_typesupport_c/icrane_msgs/msg/polygon2_d__type_support.cpp.o
[ 35%] Building CXX object CMakeFiles/icrane_msgs__rosidl_typesupport_c.dir/rosidl_typesupport_c/icrane_msgs/msg/detection_seg3_d__type_support.cpp.o
[ 36%] Building CXX object CMakeFiles/icrane_msgs__rosidl_typesupport_c.dir/rosidl_typesupport_c/icrane_msgs/msg/detection_seg3_d_array__type_support.cpp.o
[ 37%] Building CXX object CMakeFiles/icrane_msgs__rosidl_typesupport_fastrtps_cpp.dir/rosidl_typesupport_fastrtps_cpp/icrane_msgs/msg/detail/dds_fastrtps/pose2_d__type_support.cpp.o
[ 37%] Building CXX object CMakeFiles/icrane_msgs__rosidl_typesupport_c.dir/rosidl_typesupport_c/icrane_msgs/msg/omniverse_info__type_support.cpp.o
[ 38%] Building CXX object CMakeFiles/icrane_msgs__rosidl_typesupport_c.dir/rosidl_typesupport_c/icrane_msgs/msg/modeling__type_support.cpp.o
[ 39%] Building CXX object CMakeFiles/icrane_msgs__rosidl_typesupport_c.dir/rosidl_typesupport_c/icrane_msgs/msg/tracked_entities__type_support.cpp.o
[ 41%] Building CXX object CMakeFiles/icrane_msgs__rosidl_typesupport_introspection_cpp.dir/rosidl_typesupport_introspection_cpp/icrane_msgs/msg/detail/pose2_d__type_support.cpp.o
[ 41%] Linking CXX shared library libicrane_msgs__rosidl_typesupport_c.so
[ 42%] Building CXX object CMakeFiles/icrane_msgs__rosidl_typesupport_fastrtps_cpp.dir/rosidl_typesupport_fastrtps_cpp/icrane_msgs/msg/detail/dds_fastrtps/bounding_box2_d__type_support.cpp.o
[ 42%] Building CXX object CMakeFiles/icrane_msgs__rosidl_typesupport_fastrtps_cpp.dir/rosidl_typesupport_fastrtps_cpp/icrane_msgs/msg/detail/dds_fastrtps/detection2_d__type_support.cpp.o
[ 44%] Building CXX object CMakeFiles/icrane_msgs__rosidl_typesupport_fastrtps_cpp.dir/rosidl_typesupport_fastrtps_cpp/icrane_msgs/msg/detail/dds_fastrtps/detection2_d_array__type_support.cpp.o
[ 44%] Building CXX object CMakeFiles/icrane_msgs__rosidl_typesupport_introspection_cpp.dir/rosidl_typesupport_introspection_cpp/icrane_msgs/msg/detail/bounding_box2_d__type_support.cpp.o
[ 44%] Built target icrane_msgs__rosidl_typesupport_c
[ 45%] Linking CXX shared library libicrane_msgs__rosidl_typesupport_cpp.so
[ 46%] Building CXX object CMakeFiles/icrane_msgs__rosidl_typesupport_fastrtps_cpp.dir/rosidl_typesupport_fastrtps_cpp/icrane_msgs/msg/detail/dds_fastrtps/detection_seg2_d__type_support.cpp.o
[ 47%] Building CXX object CMakeFiles/icrane_msgs__rosidl_typesupport_fastrtps_cpp.dir/rosidl_typesupport_fastrtps_cpp/icrane_msgs/msg/detail/dds_fastrtps/detection_seg2_d_array__type_support.cpp.o
[ 47%] Built target icrane_msgs__rosidl_typesupport_cpp
[ 48%] Building CXX object CMakeFiles/icrane_msgs__rosidl_typesupport_fastrtps_cpp.dir/rosidl_typesupport_fastrtps_cpp/icrane_msgs/msg/detail/dds_fastrtps/polygon2_d__type_support.cpp.o
Scanning dependencies of target icrane_msgs__rosidl_typesupport_introspection_c
[ 49%] Building CXX object CMakeFiles/icrane_msgs__rosidl_typesupport_introspection_cpp.dir/rosidl_typesupport_introspection_cpp/icrane_msgs/msg/detail/detection2_d__type_support.cpp.o
[ 50%] Building C object CMakeFiles/icrane_msgs__rosidl_typesupport_introspection_c.dir/rosidl_typesupport_introspection_c/icrane_msgs/msg/detail/vector2_d__type_support.c.o
[ 50%] Building CXX object CMakeFiles/icrane_msgs__rosidl_typesupport_fastrtps_cpp.dir/rosidl_typesupport_fastrtps_cpp/icrane_msgs/msg/detail/dds_fastrtps/detection_seg3_d__type_support.cpp.o
[ 50%] Building CXX object CMakeFiles/icrane_msgs__rosidl_typesupport_introspection_cpp.dir/rosidl_typesupport_introspection_cpp/icrane_msgs/msg/detail/detection2_d_array__type_support.cpp.o
[ 51%] Building CXX object CMakeFiles/icrane_msgs__rosidl_typesupport_fastrtps_cpp.dir/rosidl_typesupport_fastrtps_cpp/icrane_msgs/msg/detail/dds_fastrtps/detection_seg3_d_array__type_support.cpp.o
[ 52%] Building C object CMakeFiles/icrane_msgs__rosidl_typesupport_introspection_c.dir/rosidl_typesupport_introspection_c/icrane_msgs/msg/detail/pose2_d__type_support.c.o
[ 52%] Building C object CMakeFiles/icrane_msgs__rosidl_typesupport_introspection_c.dir/rosidl_typesupport_introspection_c/icrane_msgs/msg/detail/bounding_box2_d__type_support.c.o
[ 53%] Building CXX object CMakeFiles/icrane_msgs__rosidl_typesupport_introspection_cpp.dir/rosidl_typesupport_introspection_cpp/icrane_msgs/msg/detail/detection_seg2_d__type_support.cpp.o
[ 54%] Building C object CMakeFiles/icrane_msgs__rosidl_typesupport_introspection_c.dir/rosidl_typesupport_introspection_c/icrane_msgs/msg/detail/detection2_d__type_support.c.o
[ 55%] Building CXX object CMakeFiles/icrane_msgs__rosidl_typesupport_fastrtps_cpp.dir/rosidl_typesupport_fastrtps_cpp/icrane_msgs/msg/detail/dds_fastrtps/omniverse_info__type_support.cpp.o
[ 56%] Building C object CMakeFiles/icrane_msgs__rosidl_typesupport_introspection_c.dir/rosidl_typesupport_introspection_c/icrane_msgs/msg/detail/detection2_d_array__type_support.c.o
[ 57%] Building CXX object CMakeFiles/icrane_msgs__rosidl_typesupport_fastrtps_cpp.dir/rosidl_typesupport_fastrtps_cpp/icrane_msgs/msg/detail/dds_fastrtps/tracked_entities__type_support.cpp.o
[ 58%] Building C object CMakeFiles/icrane_msgs__rosidl_typesupport_introspection_c.dir/rosidl_typesupport_introspection_c/icrane_msgs/msg/detail/detection_seg2_d__type_support.c.o
[ 59%] Building C object CMakeFiles/icrane_msgs__rosidl_typesupport_introspection_c.dir/rosidl_typesupport_introspection_c/icrane_msgs/msg/detail/detection_seg2_d_array__type_support.c.o
[ 60%] Building CXX object CMakeFiles/icrane_msgs__rosidl_typesupport_fastrtps_cpp.dir/rosidl_typesupport_fastrtps_cpp/icrane_msgs/msg/detail/dds_fastrtps/modeling__type_support.cpp.o
[ 61%] Building CXX object CMakeFiles/icrane_msgs__rosidl_typesupport_introspection_cpp.dir/rosidl_typesupport_introspection_cpp/icrane_msgs/msg/detail/detection_seg2_d_array__type_support.cpp.o
[ 61%] Building C object CMakeFiles/icrane_msgs__rosidl_typesupport_introspection_c.dir/rosidl_typesupport_introspection_c/icrane_msgs/msg/detail/polygon2_d__type_support.c.o
[ 62%] Building C object CMakeFiles/icrane_msgs__rosidl_typesupport_introspection_c.dir/rosidl_typesupport_introspection_c/icrane_msgs/msg/detail/detection_seg3_d__type_support.c.o
[ 63%] Building C object CMakeFiles/icrane_msgs__rosidl_typesupport_introspection_c.dir/rosidl_typesupport_introspection_c/icrane_msgs/msg/detail/detection_seg3_d_array__type_support.c.o
[ 64%] Building CXX object CMakeFiles/icrane_msgs__rosidl_typesupport_introspection_cpp.dir/rosidl_typesupport_introspection_cpp/icrane_msgs/msg/detail/polygon2_d__type_support.cpp.o
[ 65%] Building C object CMakeFiles/icrane_msgs__rosidl_typesupport_introspection_c.dir/rosidl_typesupport_introspection_c/icrane_msgs/msg/detail/omniverse_info__type_support.c.o
[ 66%] Building C object CMakeFiles/icrane_msgs__rosidl_typesupport_introspection_c.dir/rosidl_typesupport_introspection_c/icrane_msgs/msg/detail/tracked_entities__type_support.c.o
[ 66%] Building C object CMakeFiles/icrane_msgs__rosidl_typesupport_introspection_c.dir/rosidl_typesupport_introspection_c/icrane_msgs/msg/detail/modeling__type_support.c.o
[ 67%] Building CXX object CMakeFiles/icrane_msgs__rosidl_typesupport_introspection_cpp.dir/rosidl_typesupport_introspection_cpp/icrane_msgs/msg/detail/detection_seg3_d__type_support.cpp.o
[ 68%] Building CXX object CMakeFiles/icrane_msgs__rosidl_typesupport_introspection_cpp.dir/rosidl_typesupport_introspection_cpp/icrane_msgs/msg/detail/tracked_entities__type_support.cpp.o
[ 68%] Building CXX object CMakeFiles/icrane_msgs__rosidl_typesupport_introspection_cpp.dir/rosidl_typesupport_introspection_cpp/icrane_msgs/msg/detail/detection_seg3_d_array__type_support.cpp.o
[ 69%] Building CXX object CMakeFiles/icrane_msgs__rosidl_typesupport_introspection_cpp.dir/rosidl_typesupport_introspection_cpp/icrane_msgs/msg/detail/omniverse_info__type_support.cpp.o
[ 70%] Building CXX object CMakeFiles/icrane_msgs__rosidl_typesupport_introspection_cpp.dir/rosidl_typesupport_introspection_cpp/icrane_msgs/msg/detail/modeling__type_support.cpp.o
[ 71%] Linking C shared library libicrane_msgs__rosidl_typesupport_introspection_c.so
[ 71%] Built target icrane_msgs__rosidl_typesupport_introspection_c
[ 71%] Linking CXX shared library libicrane_msgs__rosidl_typesupport_fastrtps_cpp.so
[ 71%] Built target icrane_msgs__rosidl_typesupport_fastrtps_cpp
[ 72%] Linking CXX shared library libicrane_msgs__rosidl_typesupport_introspection_cpp.so
[ 73%] Generating C type support for eProsima Fast-RTPS
[ 73%] Built target icrane_msgs__rosidl_typesupport_introspection_cpp
Scanning dependencies of target icrane_msgs__rosidl_typesupport_fastrtps_c
[ 73%] Building CXX object CMakeFiles/icrane_msgs__rosidl_typesupport_fastrtps_c.dir/rosidl_typesupport_fastrtps_c/icrane_msgs/msg/detail/pose2_d__type_support_c.cpp.o
[ 75%] Building CXX object CMakeFiles/icrane_msgs__rosidl_typesupport_fastrtps_c.dir/rosidl_typesupport_fastrtps_c/icrane_msgs/msg/detail/vector2_d__type_support_c.cpp.o
[ 75%] Building CXX object CMakeFiles/icrane_msgs__rosidl_typesupport_fastrtps_c.dir/rosidl_typesupport_fastrtps_c/icrane_msgs/msg/detail/bounding_box2_d__type_support_c.cpp.o
[ 77%] Building CXX object CMakeFiles/icrane_msgs__rosidl_typesupport_fastrtps_c.dir/rosidl_typesupport_fastrtps_c/icrane_msgs/msg/detail/polygon2_d__type_support_c.cpp.o
[ 77%] Building CXX object CMakeFiles/icrane_msgs__rosidl_typesupport_fastrtps_c.dir/rosidl_typesupport_fastrtps_c/icrane_msgs/msg/detail/detection_seg2_d__type_support_c.cpp.o
[ 78%] Building CXX object CMakeFiles/icrane_msgs__rosidl_typesupport_fastrtps_c.dir/rosidl_typesupport_fastrtps_c/icrane_msgs/msg/detail/detection2_d__type_support_c.cpp.o
[ 79%] Building CXX object CMakeFiles/icrane_msgs__rosidl_typesupport_fastrtps_c.dir/rosidl_typesupport_fastrtps_c/icrane_msgs/msg/detail/detection2_d_array__type_support_c.cpp.o
[ 79%] Building CXX object CMakeFiles/icrane_msgs__rosidl_typesupport_fastrtps_c.dir/rosidl_typesupport_fastrtps_c/icrane_msgs/msg/detail/detection_seg2_d_array__type_support_c.cpp.o
[ 80%] Building CXX object CMakeFiles/icrane_msgs__rosidl_typesupport_fastrtps_c.dir/rosidl_typesupport_fastrtps_c/icrane_msgs/msg/detail/detection_seg3_d__type_support_c.cpp.o
[ 81%] Building CXX object CMakeFiles/icrane_msgs__rosidl_typesupport_fastrtps_c.dir/rosidl_typesupport_fastrtps_c/icrane_msgs/msg/detail/detection_seg3_d_array__type_support_c.cpp.o
[ 82%] Building CXX object CMakeFiles/icrane_msgs__rosidl_typesupport_fastrtps_c.dir/rosidl_typesupport_fastrtps_c/icrane_msgs/msg/detail/omniverse_info__type_support_c.cpp.o
[ 82%] Building CXX object CMakeFiles/icrane_msgs__rosidl_typesupport_fastrtps_c.dir/rosidl_typesupport_fastrtps_c/icrane_msgs/msg/detail/tracked_entities__type_support_c.cpp.o
[ 83%] Building CXX object CMakeFiles/icrane_msgs__rosidl_typesupport_fastrtps_c.dir/rosidl_typesupport_fastrtps_c/icrane_msgs/msg/detail/modeling__type_support_c.cpp.o
[ 84%] Linking CXX shared library libicrane_msgs__rosidl_typesupport_fastrtps_c.so
[ 84%] Built target icrane_msgs__rosidl_typesupport_fastrtps_c
Scanning dependencies of target icrane_msgs
[ 84%] Built target icrane_msgs
Scanning dependencies of target icrane_msgs__py
[ 85%] Generating Python code for ROS interfaces
[ 85%] Built target icrane_msgs__py
Scanning dependencies of target icrane_msgs__python
[ 86%] Building C object CMakeFiles/icrane_msgs__python.dir/rosidl_generator_py/icrane_msgs/msg/_pose2_d_s.c.o
[ 86%] Building C object CMakeFiles/icrane_msgs__python.dir/rosidl_generator_py/icrane_msgs/msg/_bounding_box2_d_s.c.o
[ 88%] Building C object CMakeFiles/icrane_msgs__python.dir/rosidl_generator_py/icrane_msgs/msg/_vector2_d_s.c.o
[ 88%] Building C object CMakeFiles/icrane_msgs__python.dir/rosidl_generator_py/icrane_msgs/msg/_detection2_d_s.c.o
[ 89%] Building C object CMakeFiles/icrane_msgs__python.dir/rosidl_generator_py/icrane_msgs/msg/_detection_seg2_d_s.c.o
[ 91%] Building C object CMakeFiles/icrane_msgs__python.dir/rosidl_generator_py/icrane_msgs/msg/_detection_seg3_d_s.c.o
[ 91%] Building C object CMakeFiles/icrane_msgs__python.dir/rosidl_generator_py/icrane_msgs/msg/_detection2_d_array_s.c.o
[ 92%] Building C object CMakeFiles/icrane_msgs__python.dir/rosidl_generator_py/icrane_msgs/msg/_polygon2_d_s.c.o
[ 92%] Building C object CMakeFiles/icrane_msgs__python.dir/rosidl_generator_py/icrane_msgs/msg/_detection_seg2_d_array_s.c.o
[ 93%] Building C object CMakeFiles/icrane_msgs__python.dir/rosidl_generator_py/icrane_msgs/msg/_detection_seg3_d_array_s.c.o
[ 94%] Building C object CMakeFiles/icrane_msgs__python.dir/rosidl_generator_py/icrane_msgs/msg/_omniverse_info_s.c.o
[ 95%] Building C object CMakeFiles/icrane_msgs__python.dir/rosidl_generator_py/icrane_msgs/msg/_tracked_entities_s.c.o
[ 95%] Building C object CMakeFiles/icrane_msgs__python.dir/rosidl_generator_py/icrane_msgs/msg/_modeling_s.c.o
[ 96%] Linking C shared library rosidl_generator_py/icrane_msgs/libicrane_msgs__python.so
[ 96%] Built target icrane_msgs__python
Scanning dependencies of target icrane_msgs__rosidl_typesupport_introspection_c__pyext
Scanning dependencies of target icrane_msgs__rosidl_typesupport_c__pyext
Scanning dependencies of target icrane_msgs__rosidl_typesupport_fastrtps_c__pyext
[ 98%] Building C object CMakeFiles/icrane_msgs__rosidl_typesupport_introspection_c__pyext.dir/rosidl_generator_py/icrane_msgs/_icrane_msgs_s.ep.rosidl_typesupport_introspection_c.c.o
[ 98%] Building C object CMakeFiles/icrane_msgs__rosidl_typesupport_c__pyext.dir/rosidl_generator_py/icrane_msgs/_icrane_msgs_s.ep.rosidl_typesupport_c.c.o
[ 99%] Building C object CMakeFiles/icrane_msgs__rosidl_typesupport_fastrtps_c__pyext.dir/rosidl_generator_py/icrane_msgs/_icrane_msgs_s.ep.rosidl_typesupport_fastrtps_c.c.o
[100%] Linking CXX shared library rosidl_generator_py/icrane_msgs/icrane_msgs_s__rosidl_typesupport_fastrtps_c.cpython-310-x86_64-linux-gnu.so
[100%] Linking C shared library rosidl_generator_py/icrane_msgs/icrane_msgs_s__rosidl_typesupport_introspection_c.cpython-310-x86_64-linux-gnu.so
[100%] Linking C shared library rosidl_generator_py/icrane_msgs/icrane_msgs_s__rosidl_typesupport_c.cpython-310-x86_64-linux-gnu.so
[100%] Built target icrane_msgs__rosidl_typesupport_c__pyext
[100%] Built target icrane_msgs__rosidl_typesupport_introspection_c__pyext
[100%] Built target icrane_msgs__rosidl_typesupport_fastrtps_c__pyext
-- Install configuration: ""
-- Installing: /workspace/build_ws/install/share/ament_index/resource_index/rosidl_interfaces/icrane_msgs
-- Installing: /workspace/build_ws/install/include/icrane_msgs
-- Installing: /workspace/build_ws/install/include/icrane_msgs/msg
-- Installing: /workspace/build_ws/install/include/icrane_msgs/msg/detection_seg2_d.h
-- Installing: /workspace/build_ws/install/include/icrane_msgs/msg/omniverse_info.h
-- Installing: /workspace/build_ws/install/include/icrane_msgs/msg/bounding_box2_d.h
-- Installing: /workspace/build_ws/install/include/icrane_msgs/msg/modeling.h
-- Installing: /workspace/build_ws/install/include/icrane_msgs/msg/pose2_d.h
-- Installing: /workspace/build_ws/install/include/icrane_msgs/msg/tracked_entities.h
-- Installing: /workspace/build_ws/install/include/icrane_msgs/msg/detection2_d.h
-- Installing: /workspace/build_ws/install/include/icrane_msgs/msg/rosidl_generator_c__visibility_control.h
-- Installing: /workspace/build_ws/install/include/icrane_msgs/msg/polygon2_d.h
-- Installing: /workspace/build_ws/install/include/icrane_msgs/msg/detection2_d_array.h
-- Installing: /workspace/build_ws/install/include/icrane_msgs/msg/detection_seg3_d.h
-- Installing: /workspace/build_ws/install/include/icrane_msgs/msg/vector2_d.h
-- Installing: /workspace/build_ws/install/include/icrane_msgs/msg/detail
-- Installing: /workspace/build_ws/install/include/icrane_msgs/msg/detail/tracked_entities__type_support.h
-- Installing: /workspace/build_ws/install/include/icrane_msgs/msg/detail/detection_seg3_d_array__type_support.h
-- Installing: /workspace/build_ws/install/include/icrane_msgs/msg/detail/detection2_d__functions.h
-- Installing: /workspace/build_ws/install/include/icrane_msgs/msg/detail/pose2_d__functions.c
-- Installing: /workspace/build_ws/install/include/icrane_msgs/msg/detail/detection2_d__functions.c
-- Installing: /workspace/build_ws/install/include/icrane_msgs/msg/detail/detection_seg2_d__functions.c
-- Installing: /workspace/build_ws/install/include/icrane_msgs/msg/detail/pose2_d__functions.h
-- Installing: /workspace/build_ws/install/include/icrane_msgs/msg/detail/tracked_entities__functions.c
-- Installing: /workspace/build_ws/install/include/icrane_msgs/msg/detail/detection2_d_array__struct.h
-- Installing: /workspace/build_ws/install/include/icrane_msgs/msg/detail/vector2_d__struct.h
-- Installing: /workspace/build_ws/install/include/icrane_msgs/msg/detail/detection_seg3_d__type_support.h
-- Installing: /workspace/build_ws/install/include/icrane_msgs/msg/detail/detection2_d__type_support.h
-- Installing: /workspace/build_ws/install/include/icrane_msgs/msg/detail/vector2_d__type_support.h
-- Installing: /workspace/build_ws/install/include/icrane_msgs/msg/detail/detection_seg2_d_array__functions.h
-- Installing: /workspace/build_ws/install/include/icrane_msgs/msg/detail/polygon2_d__functions.h
-- Installing: /workspace/build_ws/install/include/icrane_msgs/msg/detail/omniverse_info__functions.h
-- Installing: /workspace/build_ws/install/include/icrane_msgs/msg/detail/vector2_d__functions.c
-- Installing: /workspace/build_ws/install/include/icrane_msgs/msg/detail/pose2_d__type_support.h
-- Installing: /workspace/build_ws/install/include/icrane_msgs/msg/detail/pose2_d__struct.h
-- Installing: /workspace/build_ws/install/include/icrane_msgs/msg/detail/detection_seg3_d_array__functions.h
-- Installing: /workspace/build_ws/install/include/icrane_msgs/msg/detail/detection2_d_array__type_support.h
-- Installing: /workspace/build_ws/install/include/icrane_msgs/msg/detail/vector2_d__functions.h
-- Installing: /workspace/build_ws/install/include/icrane_msgs/msg/detail/detection2_d__struct.h
-- Installing: /workspace/build_ws/install/include/icrane_msgs/msg/detail/detection_seg2_d__functions.h
-- Installing: /workspace/build_ws/install/include/icrane_msgs/msg/detail/detection_seg2_d_array__functions.c
-- Installing: /workspace/build_ws/install/include/icrane_msgs/msg/detail/detection_seg3_d__functions.h
-- Installing: /workspace/build_ws/install/include/icrane_msgs/msg/detail/omniverse_info__type_support.h
-- Installing: /workspace/build_ws/install/include/icrane_msgs/msg/detail/detection_seg3_d__struct.h
-- Installing: /workspace/build_ws/install/include/icrane_msgs/msg/detail/detection2_d_array__functions.c
-- Installing: /workspace/build_ws/install/include/icrane_msgs/msg/detail/detection_seg2_d_array__type_support.h
-- Installing: /workspace/build_ws/install/include/icrane_msgs/msg/detail/detection2_d_array__functions.h
-- Installing: /workspace/build_ws/install/include/icrane_msgs/msg/detail/bounding_box2_d__functions.h
-- Installing: /workspace/build_ws/install/include/icrane_msgs/msg/detail/detection_seg3_d_array__struct.h
-- Installing: /workspace/build_ws/install/include/icrane_msgs/msg/detail/tracked_entities__struct.h
-- Installing: /workspace/build_ws/install/include/icrane_msgs/msg/detail/detection_seg3_d__functions.c
-- Installing: /workspace/build_ws/install/include/icrane_msgs/msg/detail/omniverse_info__functions.c
-- Installing: /workspace/build_ws/install/include/icrane_msgs/msg/detail/detection_seg2_d__type_support.h
-- Installing: /workspace/build_ws/install/include/icrane_msgs/msg/detail/modeling__type_support.h
-- Installing: /workspace/build_ws/install/include/icrane_msgs/msg/detail/modeling__struct.h
-- Installing: /workspace/build_ws/install/include/icrane_msgs/msg/detail/detection_seg2_d_array__struct.h
-- Installing: /workspace/build_ws/install/include/icrane_msgs/msg/detail/omniverse_info__struct.h
-- Installing: /workspace/build_ws/install/include/icrane_msgs/msg/detail/modeling__functions.h
-- Installing: /workspace/build_ws/install/include/icrane_msgs/msg/detail/polygon2_d__type_support.h
-- Installing: /workspace/build_ws/install/include/icrane_msgs/msg/detail/polygon2_d__functions.c
-- Installing: /workspace/build_ws/install/include/icrane_msgs/msg/detail/bounding_box2_d__struct.h
-- Installing: /workspace/build_ws/install/include/icrane_msgs/msg/detail/tracked_entities__functions.h
-- Installing: /workspace/build_ws/install/include/icrane_msgs/msg/detail/bounding_box2_d__functions.c
-- Installing: /workspace/build_ws/install/include/icrane_msgs/msg/detail/modeling__functions.c
-- Installing: /workspace/build_ws/install/include/icrane_msgs/msg/detail/detection_seg2_d__struct.h
-- Installing: /workspace/build_ws/install/include/icrane_msgs/msg/detail/polygon2_d__struct.h
-- Installing: /workspace/build_ws/install/include/icrane_msgs/msg/detail/detection_seg3_d_array__functions.c
-- Installing: /workspace/build_ws/install/include/icrane_msgs/msg/detail/bounding_box2_d__type_support.h
-- Installing: /workspace/build_ws/install/include/icrane_msgs/msg/detection_seg3_d_array.h
-- Installing: /workspace/build_ws/install/include/icrane_msgs/msg/detection_seg2_d_array.h
-- Installing: /workspace/build_ws/install/share/icrane_msgs/environment/library_path.sh
-- Installing: /workspace/build_ws/install/share/icrane_msgs/environment/library_path.dsv
-- Installing: /workspace/build_ws/install/lib/libicrane_msgs__rosidl_generator_c.so
-- Set runtime path of "/workspace/build_ws/install/lib/libicrane_msgs__rosidl_generator_c.so" to ""
-- Up-to-date: /workspace/build_ws/install/include/icrane_msgs
-- Up-to-date: /workspace/build_ws/install/include/icrane_msgs/msg
-- Installing: /workspace/build_ws/install/include/icrane_msgs/msg/rosidl_typesupport_fastrtps_c__visibility_control.h
-- Up-to-date: /workspace/build_ws/install/include/icrane_msgs/msg/detail
-- Installing: /workspace/build_ws/install/include/icrane_msgs/msg/detail/detection_seg3_d_array__rosidl_typesupport_fastrtps_c.h
-- Installing: /workspace/build_ws/install/include/icrane_msgs/msg/detail/detection2_d__rosidl_typesupport_fastrtps_c.h
-- Installing: /workspace/build_ws/install/include/icrane_msgs/msg/detail/detection2_d_array__rosidl_typesupport_fastrtps_c.h
-- Installing: /workspace/build_ws/install/include/icrane_msgs/msg/detail/detection_seg2_d__rosidl_typesupport_fastrtps_c.h
-- Installing: /workspace/build_ws/install/include/icrane_msgs/msg/detail/tracked_entities__rosidl_typesupport_fastrtps_c.h
-- Installing: /workspace/build_ws/install/include/icrane_msgs/msg/detail/bounding_box2_d__rosidl_typesupport_fastrtps_c.h
-- Installing: /workspace/build_ws/install/include/icrane_msgs/msg/detail/detection_seg3_d__rosidl_typesupport_fastrtps_c.h
-- Installing: /workspace/build_ws/install/include/icrane_msgs/msg/detail/modeling__rosidl_typesupport_fastrtps_c.h
-- Installing: /workspace/build_ws/install/include/icrane_msgs/msg/detail/polygon2_d__rosidl_typesupport_fastrtps_c.h
-- Installing: /workspace/build_ws/install/include/icrane_msgs/msg/detail/detection_seg2_d_array__rosidl_typesupport_fastrtps_c.h
-- Installing: /workspace/build_ws/install/include/icrane_msgs/msg/detail/omniverse_info__rosidl_typesupport_fastrtps_c.h
-- Installing: /workspace/build_ws/install/include/icrane_msgs/msg/detail/pose2_d__rosidl_typesupport_fastrtps_c.h
-- Installing: /workspace/build_ws/install/include/icrane_msgs/msg/detail/vector2_d__rosidl_typesupport_fastrtps_c.h
-- Installing: /workspace/build_ws/install/lib/libicrane_msgs__rosidl_typesupport_fastrtps_c.so
-- Set runtime path of "/workspace/build_ws/install/lib/libicrane_msgs__rosidl_typesupport_fastrtps_c.so" to ""
-- Up-to-date: /workspace/build_ws/install/include/icrane_msgs
-- Up-to-date: /workspace/build_ws/install/include/icrane_msgs/msg
-- Installing: /workspace/build_ws/install/include/icrane_msgs/msg/rosidl_typesupport_fastrtps_cpp__visibility_control.h
-- Up-to-date: /workspace/build_ws/install/include/icrane_msgs/msg/detail
-- Installing: /workspace/build_ws/install/include/icrane_msgs/msg/detail/detection2_d_array__rosidl_typesupport_fastrtps_cpp.hpp
-- Installing: /workspace/build_ws/install/include/icrane_msgs/msg/detail/detection_seg3_d__rosidl_typesupport_fastrtps_cpp.hpp
-- Installing: /workspace/build_ws/install/include/icrane_msgs/msg/detail/detection_seg2_d_array__rosidl_typesupport_fastrtps_cpp.hpp
-- Installing: /workspace/build_ws/install/include/icrane_msgs/msg/detail/polygon2_d__rosidl_typesupport_fastrtps_cpp.hpp
-- Installing: /workspace/build_ws/install/include/icrane_msgs/msg/detail/omniverse_info__rosidl_typesupport_fastrtps_cpp.hpp
-- Installing: /workspace/build_ws/install/include/icrane_msgs/msg/detail/detection2_d__rosidl_typesupport_fastrtps_cpp.hpp
-- Installing: /workspace/build_ws/install/include/icrane_msgs/msg/detail/bounding_box2_d__rosidl_typesupport_fastrtps_cpp.hpp
-- Installing: /workspace/build_ws/install/include/icrane_msgs/msg/detail/modeling__rosidl_typesupport_fastrtps_cpp.hpp
-- Installing: /workspace/build_ws/install/include/icrane_msgs/msg/detail/dds_fastrtps
-- Installing: /workspace/build_ws/install/include/icrane_msgs/msg/detail/detection_seg3_d_array__rosidl_typesupport_fastrtps_cpp.hpp
-- Installing: /workspace/build_ws/install/include/icrane_msgs/msg/detail/detection_seg2_d__rosidl_typesupport_fastrtps_cpp.hpp
-- Installing: /workspace/build_ws/install/include/icrane_msgs/msg/detail/vector2_d__rosidl_typesupport_fastrtps_cpp.hpp
-- Installing: /workspace/build_ws/install/include/icrane_msgs/msg/detail/pose2_d__rosidl_typesupport_fastrtps_cpp.hpp
-- Installing: /workspace/build_ws/install/include/icrane_msgs/msg/detail/tracked_entities__rosidl_typesupport_fastrtps_cpp.hpp
-- Installing: /workspace/build_ws/install/lib/libicrane_msgs__rosidl_typesupport_fastrtps_cpp.so
-- Set runtime path of "/workspace/build_ws/install/lib/libicrane_msgs__rosidl_typesupport_fastrtps_cpp.so" to ""
-- Up-to-date: /workspace/build_ws/install/include/icrane_msgs
-- Up-to-date: /workspace/build_ws/install/include/icrane_msgs/msg
-- Installing: /workspace/build_ws/install/include/icrane_msgs/msg/rosidl_typesupport_introspection_c__visibility_control.h
-- Up-to-date: /workspace/build_ws/install/include/icrane_msgs/msg/detail
-- Installing: /workspace/build_ws/install/include/icrane_msgs/msg/detail/detection_seg2_d_array__rosidl_typesupport_introspection_c.h
-- Installing: /workspace/build_ws/install/include/icrane_msgs/msg/detail/omniverse_info__type_support.c
-- Installing: /workspace/build_ws/install/include/icrane_msgs/msg/detail/detection_seg2_d_array__type_support.c
-- Installing: /workspace/build_ws/install/include/icrane_msgs/msg/detail/detection2_d__type_support.c
-- Installing: /workspace/build_ws/install/include/icrane_msgs/msg/detail/tracked_entities__type_support.c
-- Installing: /workspace/build_ws/install/include/icrane_msgs/msg/detail/polygon2_d__rosidl_typesupport_introspection_c.h
-- Installing: /workspace/build_ws/install/include/icrane_msgs/msg/detail/modeling__rosidl_typesupport_introspection_c.h
-- Installing: /workspace/build_ws/install/include/icrane_msgs/msg/detail/pose2_d__type_support.c
-- Installing: /workspace/build_ws/install/include/icrane_msgs/msg/detail/omniverse_info__rosidl_typesupport_introspection_c.h
-- Installing: /workspace/build_ws/install/include/icrane_msgs/msg/detail/detection_seg3_d__type_support.c
-- Installing: /workspace/build_ws/install/include/icrane_msgs/msg/detail/detection_seg3_d_array__type_support.c
-- Installing: /workspace/build_ws/install/include/icrane_msgs/msg/detail/pose2_d__rosidl_typesupport_introspection_c.h
-- Installing: /workspace/build_ws/install/include/icrane_msgs/msg/detail/detection2_d__rosidl_typesupport_introspection_c.h
-- Installing: /workspace/build_ws/install/include/icrane_msgs/msg/detail/detection2_d_array__type_support.c
-- Installing: /workspace/build_ws/install/include/icrane_msgs/msg/detail/bounding_box2_d__type_support.c
-- Installing: /workspace/build_ws/install/include/icrane_msgs/msg/detail/detection_seg2_d__type_support.c
-- Installing: /workspace/build_ws/install/include/icrane_msgs/msg/detail/detection_seg3_d__rosidl_typesupport_introspection_c.h
-- Installing: /workspace/build_ws/install/include/icrane_msgs/msg/detail/polygon2_d__type_support.c
-- Installing: /workspace/build_ws/install/include/icrane_msgs/msg/detail/vector2_d__rosidl_typesupport_introspection_c.h
-- Installing: /workspace/build_ws/install/include/icrane_msgs/msg/detail/tracked_entities__rosidl_typesupport_introspection_c.h
-- Installing: /workspace/build_ws/install/include/icrane_msgs/msg/detail/detection_seg2_d__rosidl_typesupport_introspection_c.h
-- Installing: /workspace/build_ws/install/include/icrane_msgs/msg/detail/modeling__type_support.c
-- Installing: /workspace/build_ws/install/include/icrane_msgs/msg/detail/detection2_d_array__rosidl_typesupport_introspection_c.h
-- Installing: /workspace/build_ws/install/include/icrane_msgs/msg/detail/bounding_box2_d__rosidl_typesupport_introspection_c.h
-- Installing: /workspace/build_ws/install/include/icrane_msgs/msg/detail/detection_seg3_d_array__rosidl_typesupport_introspection_c.h
-- Installing: /workspace/build_ws/install/include/icrane_msgs/msg/detail/vector2_d__type_support.c
-- Installing: /workspace/build_ws/install/lib/libicrane_msgs__rosidl_typesupport_introspection_c.so
-- Set runtime path of "/workspace/build_ws/install/lib/libicrane_msgs__rosidl_typesupport_introspection_c.so" to ""
-- Installing: /workspace/build_ws/install/lib/libicrane_msgs__rosidl_typesupport_c.so
-- Set runtime path of "/workspace/build_ws/install/lib/libicrane_msgs__rosidl_typesupport_c.so" to ""
-- Up-to-date: /workspace/build_ws/install/include/icrane_msgs
-- Up-to-date: /workspace/build_ws/install/include/icrane_msgs/msg
-- Installing: /workspace/build_ws/install/include/icrane_msgs/msg/detection_seg2_d.hpp
-- Installing: /workspace/build_ws/install/include/icrane_msgs/msg/vector2_d.hpp
-- Installing: /workspace/build_ws/install/include/icrane_msgs/msg/tracked_entities.hpp
-- Installing: /workspace/build_ws/install/include/icrane_msgs/msg/rosidl_generator_cpp__visibility_control.hpp
-- Installing: /workspace/build_ws/install/include/icrane_msgs/msg/polygon2_d.hpp
-- Installing: /workspace/build_ws/install/include/icrane_msgs/msg/detection2_d.hpp
-- Installing: /workspace/build_ws/install/include/icrane_msgs/msg/detection_seg2_d_array.hpp
-- Installing: /workspace/build_ws/install/include/icrane_msgs/msg/bounding_box2_d.hpp
-- Installing: /workspace/build_ws/install/include/icrane_msgs/msg/modeling.hpp
-- Installing: /workspace/build_ws/install/include/icrane_msgs/msg/detection_seg3_d.hpp
-- Installing: /workspace/build_ws/install/include/icrane_msgs/msg/pose2_d.hpp
-- Installing: /workspace/build_ws/install/include/icrane_msgs/msg/detection_seg3_d_array.hpp
-- Up-to-date: /workspace/build_ws/install/include/icrane_msgs/msg/detail
-- Installing: /workspace/build_ws/install/include/icrane_msgs/msg/detail/detection_seg3_d__type_support.hpp
-- Installing: /workspace/build_ws/install/include/icrane_msgs/msg/detail/tracked_entities__traits.hpp
-- Installing: /workspace/build_ws/install/include/icrane_msgs/msg/detail/bounding_box2_d__struct.hpp
-- Installing: /workspace/build_ws/install/include/icrane_msgs/msg/detail/detection2_d__builder.hpp
-- Installing: /workspace/build_ws/install/include/icrane_msgs/msg/detail/detection2_d_array__builder.hpp
-- Installing: /workspace/build_ws/install/include/icrane_msgs/msg/detail/modeling__type_support.hpp
-- Installing: /workspace/build_ws/install/include/icrane_msgs/msg/detail/bounding_box2_d__traits.hpp
-- Installing: /workspace/build_ws/install/include/icrane_msgs/msg/detail/detection_seg2_d__traits.hpp
-- Installing: /workspace/build_ws/install/include/icrane_msgs/msg/detail/detection_seg2_d__builder.hpp
-- Installing: /workspace/build_ws/install/include/icrane_msgs/msg/detail/omniverse_info__builder.hpp
-- Installing: /workspace/build_ws/install/include/icrane_msgs/msg/detail/modeling__traits.hpp
-- Installing: /workspace/build_ws/install/include/icrane_msgs/msg/detail/detection_seg2_d_array__traits.hpp
-- Installing: /workspace/build_ws/install/include/icrane_msgs/msg/detail/tracked_entities__builder.hpp
-- Installing: /workspace/build_ws/install/include/icrane_msgs/msg/detail/vector2_d__traits.hpp
-- Installing: /workspace/build_ws/install/include/icrane_msgs/msg/detail/detection2_d_array__struct.hpp
-- Installing: /workspace/build_ws/install/include/icrane_msgs/msg/detail/detection_seg3_d_array__traits.hpp
-- Installing: /workspace/build_ws/install/include/icrane_msgs/msg/detail/detection_seg2_d_array__type_support.hpp
-- Installing: /workspace/build_ws/install/include/icrane_msgs/msg/detail/vector2_d__builder.hpp
-- Installing: /workspace/build_ws/install/include/icrane_msgs/msg/detail/detection_seg3_d_array__struct.hpp
-- Installing: /workspace/build_ws/install/include/icrane_msgs/msg/detail/tracked_entities__type_support.hpp
-- Installing: /workspace/build_ws/install/include/icrane_msgs/msg/detail/pose2_d__traits.hpp
-- Installing: /workspace/build_ws/install/include/icrane_msgs/msg/detail/polygon2_d__type_support.hpp
-- Installing: /workspace/build_ws/install/include/icrane_msgs/msg/detail/omniverse_info__struct.hpp
-- Installing: /workspace/build_ws/install/include/icrane_msgs/msg/detail/polygon2_d__traits.hpp
-- Installing: /workspace/build_ws/install/include/icrane_msgs/msg/detail/detection_seg3_d__builder.hpp
-- Installing: /workspace/build_ws/install/include/icrane_msgs/msg/detail/detection2_d_array__traits.hpp
-- Installing: /workspace/build_ws/install/include/icrane_msgs/msg/detail/detection_seg2_d_array__struct.hpp
-- Installing: /workspace/build_ws/install/include/icrane_msgs/msg/detail/polygon2_d__struct.hpp
-- Installing: /workspace/build_ws/install/include/icrane_msgs/msg/detail/detection_seg3_d_array__type_support.hpp
-- Installing: /workspace/build_ws/install/include/icrane_msgs/msg/detail/modeling__struct.hpp
-- Installing: /workspace/build_ws/install/include/icrane_msgs/msg/detail/detection_seg2_d__type_support.hpp
-- Installing: /workspace/build_ws/install/include/icrane_msgs/msg/detail/vector2_d__struct.hpp
-- Installing: /workspace/build_ws/install/include/icrane_msgs/msg/detail/detection_seg3_d__struct.hpp
-- Installing: /workspace/build_ws/install/include/icrane_msgs/msg/detail/pose2_d__struct.hpp
-- Installing: /workspace/build_ws/install/include/icrane_msgs/msg/detail/omniverse_info__type_support.hpp
-- Installing: /workspace/build_ws/install/include/icrane_msgs/msg/detail/detection_seg3_d_array__builder.hpp
-- Installing: /workspace/build_ws/install/include/icrane_msgs/msg/detail/omniverse_info__traits.hpp
-- Installing: /workspace/build_ws/install/include/icrane_msgs/msg/detail/detection2_d_array__type_support.hpp
-- Installing: /workspace/build_ws/install/include/icrane_msgs/msg/detail/detection2_d__struct.hpp
-- Installing: /workspace/build_ws/install/include/icrane_msgs/msg/detail/detection_seg2_d__struct.hpp
-- Installing: /workspace/build_ws/install/include/icrane_msgs/msg/detail/vector2_d__type_support.hpp
-- Installing: /workspace/build_ws/install/include/icrane_msgs/msg/detail/pose2_d__builder.hpp
-- Installing: /workspace/build_ws/install/include/icrane_msgs/msg/detail/detection2_d__type_support.hpp
-- Installing: /workspace/build_ws/install/include/icrane_msgs/msg/detail/detection2_d__traits.hpp
-- Installing: /workspace/build_ws/install/include/icrane_msgs/msg/detail/bounding_box2_d__builder.hpp
-- Installing: /workspace/build_ws/install/include/icrane_msgs/msg/detail/detection_seg2_d_array__builder.hpp
-- Installing: /workspace/build_ws/install/include/icrane_msgs/msg/detail/bounding_box2_d__type_support.hpp
-- Installing: /workspace/build_ws/install/include/icrane_msgs/msg/detail/polygon2_d__builder.hpp
-- Installing: /workspace/build_ws/install/include/icrane_msgs/msg/detail/detection_seg3_d__traits.hpp
-- Installing: /workspace/build_ws/install/include/icrane_msgs/msg/detail/tracked_entities__struct.hpp
-- Installing: /workspace/build_ws/install/include/icrane_msgs/msg/detail/modeling__builder.hpp
-- Installing: /workspace/build_ws/install/include/icrane_msgs/msg/detail/pose2_d__type_support.hpp
-- Installing: /workspace/build_ws/install/include/icrane_msgs/msg/omniverse_info.hpp
-- Installing: /workspace/build_ws/install/include/icrane_msgs/msg/detection2_d_array.hpp
-- Up-to-date: /workspace/build_ws/install/include/icrane_msgs
-- Up-to-date: /workspace/build_ws/install/include/icrane_msgs/msg
-- Up-to-date: /workspace/build_ws/install/include/icrane_msgs/msg/detail
-- Installing: /workspace/build_ws/install/include/icrane_msgs/msg/detail/detection2_d__rosidl_typesupport_introspection_cpp.hpp
-- Installing: /workspace/build_ws/install/include/icrane_msgs/msg/detail/bounding_box2_d__type_support.cpp
-- Installing: /workspace/build_ws/install/include/icrane_msgs/msg/detail/bounding_box2_d__rosidl_typesupport_introspection_cpp.hpp
-- Installing: /workspace/build_ws/install/include/icrane_msgs/msg/detail/pose2_d__type_support.cpp
-- Installing: /workspace/build_ws/install/include/icrane_msgs/msg/detail/detection_seg2_d_array__type_support.cpp
-- Installing: /workspace/build_ws/install/include/icrane_msgs/msg/detail/modeling__type_support.cpp
-- Installing: /workspace/build_ws/install/include/icrane_msgs/msg/detail/omniverse_info__type_support.cpp
-- Installing: /workspace/build_ws/install/include/icrane_msgs/msg/detail/polygon2_d__type_support.cpp
-- Installing: /workspace/build_ws/install/include/icrane_msgs/msg/detail/pose2_d__rosidl_typesupport_introspection_cpp.hpp
-- Installing: /workspace/build_ws/install/include/icrane_msgs/msg/detail/detection_seg2_d_array__rosidl_typesupport_introspection_cpp.hpp
-- Installing: /workspace/build_ws/install/include/icrane_msgs/msg/detail/detection_seg3_d_array__type_support.cpp
-- Installing: /workspace/build_ws/install/include/icrane_msgs/msg/detail/tracked_entities__type_support.cpp
-- Installing: /workspace/build_ws/install/include/icrane_msgs/msg/detail/vector2_d__type_support.cpp
-- Installing: /workspace/build_ws/install/include/icrane_msgs/msg/detail/detection_seg3_d_array__rosidl_typesupport_introspection_cpp.hpp
-- Installing: /workspace/build_ws/install/include/icrane_msgs/msg/detail/tracked_entities__rosidl_typesupport_introspection_cpp.hpp
-- Installing: /workspace/build_ws/install/include/icrane_msgs/msg/detail/detection_seg2_d__type_support.cpp
-- Installing: /workspace/build_ws/install/include/icrane_msgs/msg/detail/vector2_d__rosidl_typesupport_introspection_cpp.hpp
-- Installing: /workspace/build_ws/install/include/icrane_msgs/msg/detail/detection2_d_array__rosidl_typesupport_introspection_cpp.hpp
-- Installing: /workspace/build_ws/install/include/icrane_msgs/msg/detail/detection_seg2_d__rosidl_typesupport_introspection_cpp.hpp
-- Installing: /workspace/build_ws/install/include/icrane_msgs/msg/detail/detection_seg3_d__rosidl_typesupport_introspection_cpp.hpp
-- Installing: /workspace/build_ws/install/include/icrane_msgs/msg/detail/polygon2_d__rosidl_typesupport_introspection_cpp.hpp
-- Installing: /workspace/build_ws/install/include/icrane_msgs/msg/detail/omniverse_info__rosidl_typesupport_introspection_cpp.hpp
-- Installing: /workspace/build_ws/install/include/icrane_msgs/msg/detail/detection_seg3_d__type_support.cpp
-- Installing: /workspace/build_ws/install/include/icrane_msgs/msg/detail/detection2_d_array__type_support.cpp
-- Installing: /workspace/build_ws/install/include/icrane_msgs/msg/detail/detection2_d__type_support.cpp
-- Installing: /workspace/build_ws/install/include/icrane_msgs/msg/detail/modeling__rosidl_typesupport_introspection_cpp.hpp
-- Installing: /workspace/build_ws/install/lib/libicrane_msgs__rosidl_typesupport_introspection_cpp.so
-- Set runtime path of "/workspace/build_ws/install/lib/libicrane_msgs__rosidl_typesupport_introspection_cpp.so" to ""
-- Installing: /workspace/build_ws/install/lib/libicrane_msgs__rosidl_typesupport_cpp.so
-- Set runtime path of "/workspace/build_ws/install/lib/libicrane_msgs__rosidl_typesupport_cpp.so" to ""
-- Installing: /workspace/build_ws/install/share/icrane_msgs/environment/pythonpath.sh
-- Installing: /workspace/build_ws/install/share/icrane_msgs/environment/pythonpath.dsv
-- Installing: /workspace/build_ws/install/lib/python3.10/site-packages/icrane_msgs/__init__.py
Compiling '/workspace/build_ws/install/lib/python3.10/site-packages/icrane_msgs/__init__.py'...
-- Installing: /workspace/build_ws/install/lib/python3.10/site-packages/icrane_msgs/msg
-- Installing: /workspace/build_ws/install/lib/python3.10/site-packages/icrane_msgs/msg/_modeling_s.c
-- Installing: /workspace/build_ws/install/lib/python3.10/site-packages/icrane_msgs/msg/_vector2_d.py
-- Installing: /workspace/build_ws/install/lib/python3.10/site-packages/icrane_msgs/msg/_vector2_d_s.c
-- Installing: /workspace/build_ws/install/lib/python3.10/site-packages/icrane_msgs/msg/_bounding_box2_d.py
-- Installing: /workspace/build_ws/install/lib/python3.10/site-packages/icrane_msgs/msg/_detection2_d_array.py
-- Installing: /workspace/build_ws/install/lib/python3.10/site-packages/icrane_msgs/msg/_tracked_entities.py
-- Installing: /workspace/build_ws/install/lib/python3.10/site-packages/icrane_msgs/msg/_tracked_entities_s.c
-- Installing: /workspace/build_ws/install/lib/python3.10/site-packages/icrane_msgs/msg/_detection_seg3_d_array_s.c
-- Installing: /workspace/build_ws/install/lib/python3.10/site-packages/icrane_msgs/msg/_detection_seg3_d.py
-- Installing: /workspace/build_ws/install/lib/python3.10/site-packages/icrane_msgs/msg/_detection2_d_array_s.c
-- Installing: /workspace/build_ws/install/lib/python3.10/site-packages/icrane_msgs/msg/_polygon2_d.py
-- Installing: /workspace/build_ws/install/lib/python3.10/site-packages/icrane_msgs/msg/_modeling.py
-- Installing: /workspace/build_ws/install/lib/python3.10/site-packages/icrane_msgs/msg/_omniverse_info.py
-- Installing: /workspace/build_ws/install/lib/python3.10/site-packages/icrane_msgs/msg/_detection_seg3_d_s.c
-- Installing: /workspace/build_ws/install/lib/python3.10/site-packages/icrane_msgs/msg/_omniverse_info_s.c
-- Installing: /workspace/build_ws/install/lib/python3.10/site-packages/icrane_msgs/msg/_pose2_d.py
-- Installing: /workspace/build_ws/install/lib/python3.10/site-packages/icrane_msgs/msg/_detection_seg2_d_s.c
-- Installing: /workspace/build_ws/install/lib/python3.10/site-packages/icrane_msgs/msg/_detection2_d_s.c
-- Installing: /workspace/build_ws/install/lib/python3.10/site-packages/icrane_msgs/msg/_detection2_d.py
-- Installing: /workspace/build_ws/install/lib/python3.10/site-packages/icrane_msgs/msg/__init__.py
-- Installing: /workspace/build_ws/install/lib/python3.10/site-packages/icrane_msgs/msg/_polygon2_d_s.c
-- Installing: /workspace/build_ws/install/lib/python3.10/site-packages/icrane_msgs/msg/_detection_seg2_d_array_s.c
-- Installing: /workspace/build_ws/install/lib/python3.10/site-packages/icrane_msgs/msg/_pose2_d_s.c
-- Installing: /workspace/build_ws/install/lib/python3.10/site-packages/icrane_msgs/msg/_detection_seg2_d.py
-- Installing: /workspace/build_ws/install/lib/python3.10/site-packages/icrane_msgs/msg/_detection_seg2_d_array.py
-- Installing: /workspace/build_ws/install/lib/python3.10/site-packages/icrane_msgs/msg/_detection_seg3_d_array.py
-- Installing: /workspace/build_ws/install/lib/python3.10/site-packages/icrane_msgs/msg/_bounding_box2_d_s.c
-- Installing: /workspace/build_ws/install/lib/python3.10/site-packages/icrane_msgs/icrane_msgs_s__rosidl_typesupport_fastrtps_c.cpython-310-x86_64-linux-gnu.so
-- Set runtime path of "/workspace/build_ws/install/lib/python3.10/site-packages/icrane_msgs/icrane_msgs_s__rosidl_typesupport_fastrtps_c.cpython-310-x86_64-linux-gnu.so" to ""
-- Installing: /workspace/build_ws/install/lib/python3.10/site-packages/icrane_msgs/icrane_msgs_s__rosidl_typesupport_introspection_c.cpython-310-x86_64-linux-gnu.so
-- Set runtime path of "/workspace/build_ws/install/lib/python3.10/site-packages/icrane_msgs/icrane_msgs_s__rosidl_typesupport_introspection_c.cpython-310-x86_64-linux-gnu.so" to ""
-- Installing: /workspace/build_ws/install/lib/python3.10/site-packages/icrane_msgs/icrane_msgs_s__rosidl_typesupport_c.cpython-310-x86_64-linux-gnu.so
-- Set runtime path of "/workspace/build_ws/install/lib/python3.10/site-packages/icrane_msgs/icrane_msgs_s__rosidl_typesupport_c.cpython-310-x86_64-linux-gnu.so" to ""
-- Installing: /workspace/build_ws/install/lib/libicrane_msgs__python.so
-- Set runtime path of "/workspace/build_ws/install/lib/libicrane_msgs__python.so" to ""
-- Installing: /workspace/build_ws/install/share/icrane_msgs/msg/Vector2D.idl
-- Installing: /workspace/build_ws/install/share/icrane_msgs/msg/Pose2D.idl
-- Installing: /workspace/build_ws/install/share/icrane_msgs/msg/BoundingBox2D.idl
-- Installing: /workspace/build_ws/install/share/icrane_msgs/msg/Detection2D.idl
-- Installing: /workspace/build_ws/install/share/icrane_msgs/msg/Detection2DArray.idl
-- Installing: /workspace/build_ws/install/share/icrane_msgs/msg/DetectionSeg2D.idl
-- Installing: /workspace/build_ws/install/share/icrane_msgs/msg/DetectionSeg2DArray.idl
-- Installing: /workspace/build_ws/install/share/icrane_msgs/msg/Polygon2D.idl
-- Installing: /workspace/build_ws/install/share/icrane_msgs/msg/DetectionSeg3D.idl
-- Installing: /workspace/build_ws/install/share/icrane_msgs/msg/DetectionSeg3DArray.idl
-- Installing: /workspace/build_ws/install/share/icrane_msgs/msg/OmniverseInfo.idl
-- Installing: /workspace/build_ws/install/share/icrane_msgs/msg/TrackedEntities.idl
-- Installing: /workspace/build_ws/install/share/icrane_msgs/msg/Modeling.idl
-- Installing: /workspace/build_ws/install/share/icrane_msgs/msg/Vector2D.msg
-- Installing: /workspace/build_ws/install/share/icrane_msgs/msg/Pose2D.msg
-- Installing: /workspace/build_ws/install/share/icrane_msgs/msg/BoundingBox2D.msg
-- Installing: /workspace/build_ws/install/share/icrane_msgs/msg/Detection2D.msg
-- Installing: /workspace/build_ws/install/share/icrane_msgs/msg/Detection2DArray.msg
-- Installing: /workspace/build_ws/install/share/icrane_msgs/msg/DetectionSeg2D.msg
-- Installing: /workspace/build_ws/install/share/icrane_msgs/msg/DetectionSeg2DArray.msg
-- Installing: /workspace/build_ws/install/share/icrane_msgs/msg/Polygon2D.msg
-- Installing: /workspace/build_ws/install/share/icrane_msgs/msg/DetectionSeg3D.msg
-- Installing: /workspace/build_ws/install/share/icrane_msgs/msg/DetectionSeg3DArray.msg
-- Installing: /workspace/build_ws/install/share/icrane_msgs/msg/OmniverseInfo.msg
-- Installing: /workspace/build_ws/install/share/icrane_msgs/msg/TrackedEntities.msg
-- Installing: /workspace/build_ws/install/share/icrane_msgs/msg/Modeling.msg
-- Installing: /workspace/build_ws/install/share/ament_index/resource_index/package_run_dependencies/icrane_msgs
-- Installing: /workspace/build_ws/install/share/ament_index/resource_index/parent_prefix_path/icrane_msgs
-- Installing: /workspace/build_ws/install/share/icrane_msgs/environment/ament_prefix_path.sh
-- Installing: /workspace/build_ws/install/share/icrane_msgs/environment/ament_prefix_path.dsv
-- Installing: /workspace/build_ws/install/share/icrane_msgs/environment/path.sh
-- Installing: /workspace/build_ws/install/share/icrane_msgs/environment/path.dsv
-- Installing: /workspace/build_ws/install/share/icrane_msgs/local_setup.bash
-- Installing: /workspace/build_ws/install/share/icrane_msgs/local_setup.sh
-- Installing: /workspace/build_ws/install/share/icrane_msgs/local_setup.zsh
-- Installing: /workspace/build_ws/install/share/icrane_msgs/local_setup.dsv
-- Installing: /workspace/build_ws/install/share/icrane_msgs/package.dsv
-- Installing: /workspace/build_ws/install/share/ament_index/resource_index/packages/icrane_msgs
-- Installing: /workspace/build_ws/install/share/icrane_msgs/cmake/icrane_msgs__rosidl_generator_cExport.cmake
-- Installing: /workspace/build_ws/install/share/icrane_msgs/cmake/icrane_msgs__rosidl_generator_cExport-noconfig.cmake
-- Installing: /workspace/build_ws/install/share/icrane_msgs/cmake/icrane_msgs__rosidl_typesupport_introspection_cExport.cmake
-- Installing: /workspace/build_ws/install/share/icrane_msgs/cmake/icrane_msgs__rosidl_typesupport_introspection_cExport-noconfig.cmake
-- Installing: /workspace/build_ws/install/share/icrane_msgs/cmake/icrane_msgs__rosidl_typesupport_cExport.cmake
-- Installing: /workspace/build_ws/install/share/icrane_msgs/cmake/icrane_msgs__rosidl_typesupport_cExport-noconfig.cmake
-- Installing: /workspace/build_ws/install/share/icrane_msgs/cmake/icrane_msgs__rosidl_generator_cppExport.cmake
-- Installing: /workspace/build_ws/install/share/icrane_msgs/cmake/icrane_msgs__rosidl_typesupport_introspection_cppExport.cmake
-- Installing: /workspace/build_ws/install/share/icrane_msgs/cmake/icrane_msgs__rosidl_typesupport_introspection_cppExport-noconfig.cmake
-- Installing: /workspace/build_ws/install/share/icrane_msgs/cmake/icrane_msgs__rosidl_typesupport_cppExport.cmake
-- Installing: /workspace/build_ws/install/share/icrane_msgs/cmake/icrane_msgs__rosidl_typesupport_cppExport-noconfig.cmake
-- Installing: /workspace/build_ws/install/share/icrane_msgs/cmake/rosidl_cmake-extras.cmake
-- Installing: /workspace/build_ws/install/share/icrane_msgs/cmake/ament_cmake_export_dependencies-extras.cmake
-- Installing: /workspace/build_ws/install/share/icrane_msgs/cmake/ament_cmake_export_libraries-extras.cmake
-- Installing: /workspace/build_ws/install/share/icrane_msgs/cmake/ament_cmake_export_targets-extras.cmake
-- Installing: /workspace/build_ws/install/share/icrane_msgs/cmake/ament_cmake_export_include_directories-extras.cmake
-- Installing: /workspace/build_ws/install/share/icrane_msgs/cmake/rosidl_cmake_export_typesupport_libraries-extras.cmake
-- Installing: /workspace/build_ws/install/share/icrane_msgs/cmake/rosidl_cmake_export_typesupport_targets-extras.cmake
-- Installing: /workspace/build_ws/install/share/icrane_msgs/cmake/icrane_msgsConfig.cmake
-- Installing: /workspace/build_ws/install/share/icrane_msgs/cmake/icrane_msgsConfig-version.cmake
-- Installing: /workspace/build_ws/install/share/icrane_msgs/package.xml
