[0.009s] Invoking command in '/workspace/build_ws/build/icrane_msgs': /usr/bin/cmake /workspace/build_ws/src/icrane_msgs -DCMAKE_INSTALL_PREFIX=/workspace/build_ws/install
[0.105s] -- The C compiler identification is GNU 9.4.0
[0.174s] -- The CXX compiler identification is GNU 9.4.0
[0.179s] -- Check for working C compiler: /usr/bin/cc
[0.235s] -- Check for working C compiler: /usr/bin/cc -- works
[0.239s] -- Detecting C compiler ABI info
[0.290s] -- Detecting C compiler ABI info - done
[0.299s] -- Detecting C compile features
[0.299s] -- Detecting C compile features - done
[0.301s] -- Check for working CXX compiler: /usr/bin/c++
[0.360s] -- Check for working CXX compiler: /usr/bin/c++ -- works
[0.361s] -- Detecting CXX compiler ABI info
[0.419s] -- Detecting CXX compiler ABI info - done
[0.427s] -- Detecting CXX compile features
[0.427s] -- Detecting CXX compile features - done
[0.432s] -- Found ament_cmake: 0.9.12 (/workspace/foxy_ws/install/share/ament_cmake/cmake)
[0.447s] -- Found PythonInterp: /usr/bin/python3 (found suitable version "3.10.14", minimum required is "3") 
[0.447s] -- Using PYTHON_EXECUTABLE: /usr/bin/python3
[0.586s] -- Found rosidl_default_generators: 1.0.1 (/workspace/foxy_ws/install/share/rosidl_default_generators/cmake)
[0.588s] -- Using all available rosidl_typesupport_c: rosidl_typesupport_fastrtps_c;rosidl_typesupport_introspection_c
[0.593s] -- Found rosidl_adapter: 1.3.1 (/workspace/foxy_ws/install/share/rosidl_adapter/cmake)
[0.620s] -- Found OpenSSL: /workspace/foxy_ws/install/lib/libcrypto.so (found version "1.1.1f")  
[0.631s] -- Found FastRTPS: /workspace/foxy_ws/install/include  
[0.675s] -- Using all available rosidl_typesupport_cpp: rosidl_typesupport_fastrtps_cpp;rosidl_typesupport_introspection_cpp
[0.697s] -- Found std_msgs: 2.0.5 (/workspace/foxy_ws/install/share/std_msgs/cmake)
[0.723s] -- Found geometry_msgs: 2.0.5 (/workspace/foxy_ws/install/share/geometry_msgs/cmake)
[0.747s] -- Found sensor_msgs: 2.0.5 (/workspace/foxy_ws/install/share/sensor_msgs/cmake)
[0.801s] -- Found vision_msgs: 2.0.0 (/workspace/foxy_ws/install/share/vision_msgs/cmake)
[0.895s] -- Found nav_msgs: 2.0.5 (/workspace/foxy_ws/install/share/nav_msgs/cmake)
[0.964s] -- Found PythonInterp: /usr/bin/python3 (found version "3.10.14") 
[1.199s] -- Found ament_cmake_ros: 0.9.2 (/workspace/foxy_ws/install/share/ament_cmake_ros/cmake)
[1.437s] -- Using all available rosidl_typesupport_c: rosidl_typesupport_fastrtps_c;rosidl_typesupport_introspection_c
[1.575s] -- Using all available rosidl_typesupport_cpp: rosidl_typesupport_fastrtps_cpp;rosidl_typesupport_introspection_cpp
[1.593s] -- Found PythonInterp: /usr/bin/python3 (found suitable version "3.10.14", minimum required is "3.5") 
[1.597s] -- Found python_cmake_module: 0.8.1 (/workspace/foxy_ws/install/share/python_cmake_module/cmake)
[1.613s] -- Found PythonLibs: /usr/lib/x86_64-linux-gnu/libpython3.10.so (found suitable version "3.10.14", minimum required is "3.5") 
[1.613s] -- Using PYTHON_EXECUTABLE: /usr/bin/python3
[1.613s] -- Using PYTHON_INCLUDE_DIRS: /usr/include/python3.10
[1.613s] -- Using PYTHON_LIBRARIES: /usr/lib/x86_64-linux-gnu/libpython3.10.so
[1.625s] -- Found PythonExtra: .so  
[1.688s] <string>:1: DeprecationWarning: The distutils package is deprecated and slated for removal in Python 3.12. Use setuptools or check PEP 632 for potential alternatives
[1.689s] <string>:1: DeprecationWarning: The distutils.sysconfig module is deprecated, use sysconfig instead
[1.824s] -- Using numpy include directory: /usr/local/lib/python3.10/dist-packages/numpy/core/include
[1.848s] -- Configuring done
[1.872s] CMake Warning at /workspace/foxy_ws/install/share/rosidl_generator_py/cmake/rosidl_generator_py_generate_interfaces.cmake:235 (add_library):
[1.872s]   Cannot generate a safe runtime search path for target
[1.872s]   icrane_msgs__rosidl_typesupport_fastrtps_c__pyext because files in some
[1.872s]   directories may conflict with libraries in implicit directories:
[1.873s] 
[1.873s]     runtime library [libtinyxml2.so.6] in /usr/lib/x86_64-linux-gnu may be hidden by files in:
[1.873s]       /workspace/foxy_ws/install/lib
[1.873s]       /workspace/foxy_ws/install/share/std_msgs/cmake/../../../lib
[1.873s]       /workspace/foxy_ws/install/share/builtin_interfaces/cmake/../../../lib
[1.873s]       /workspace/foxy_ws/install/share/geometry_msgs/cmake/../../../lib
[1.873s]       /workspace/foxy_ws/install/share/sensor_msgs/cmake/../../../lib
[1.873s]       /workspace/foxy_ws/install/share/vision_msgs/cmake/../../../lib
[1.873s]       /workspace/foxy_ws/install/share/nav_msgs/cmake/../../../lib
[1.873s] 
[1.873s]   Some of these libraries may not be found correctly.
[1.873s] Call Stack (most recent call first):
[1.873s]   /workspace/foxy_ws/install/share/ament_cmake_core/cmake/core/ament_execute_extensions.cmake:48 (include)
[1.873s]   /workspace/foxy_ws/install/share/rosidl_cmake/cmake/rosidl_generate_interfaces.cmake:286 (ament_execute_extensions)
[1.873s]   CMakeLists.txt:13 (rosidl_generate_interfaces)
[1.873s] 
[1.873s] 
[1.883s] CMake Warning at /workspace/foxy_ws/install/share/rosidl_typesupport_fastrtps_cpp/cmake/rosidl_typesupport_fastrtps_cpp_generate_interfaces.cmake:105 (add_library):
[1.883s]   Cannot generate a safe runtime search path for target
[1.884s]   icrane_msgs__rosidl_typesupport_fastrtps_cpp because files in some
[1.884s]   directories may conflict with libraries in implicit directories:
[1.884s] 
[1.884s]     runtime library [libtinyxml2.so.6] in /usr/lib/x86_64-linux-gnu may be hidden by files in:
[1.884s]       /workspace/foxy_ws/install/lib
[1.884s] 
[1.884s]   Some of these libraries may not be found correctly.
[1.884s] Call Stack (most recent call first):
[1.884s]   /workspace/foxy_ws/install/share/ament_cmake_core/cmake/core/ament_execute_extensions.cmake:48 (include)
[1.884s]   /workspace/foxy_ws/install/share/rosidl_cmake/cmake/rosidl_generate_interfaces.cmake:286 (ament_execute_extensions)
[1.884s]   CMakeLists.txt:13 (rosidl_generate_interfaces)
[1.884s] 
[1.884s] 
[1.896s] CMake Warning at /workspace/foxy_ws/install/share/rosidl_typesupport_fastrtps_c/cmake/rosidl_typesupport_fastrtps_c_generate_interfaces.cmake:94 (add_library):
[1.896s]   Cannot generate a safe runtime search path for target
[1.896s]   icrane_msgs__rosidl_typesupport_fastrtps_c because files in some
[1.896s]   directories may conflict with libraries in implicit directories:
[1.896s] 
[1.896s]     runtime library [libtinyxml2.so.6] in /usr/lib/x86_64-linux-gnu may be hidden by files in:
[1.896s]       /workspace/foxy_ws/install/lib
[1.896s] 
[1.896s]   Some of these libraries may not be found correctly.
[1.896s] Call Stack (most recent call first):
[1.897s]   /workspace/foxy_ws/install/share/ament_cmake_core/cmake/core/ament_execute_extensions.cmake:48 (include)
[1.897s]   /workspace/foxy_ws/install/share/rosidl_cmake/cmake/rosidl_generate_interfaces.cmake:286 (ament_execute_extensions)
[1.897s]   CMakeLists.txt:13 (rosidl_generate_interfaces)
[1.897s] 
[1.897s] 
[1.929s] -- Generating done
[1.932s] -- Build files have been written to: /workspace/build_ws/build/icrane_msgs
[1.939s] Invoked command in '/workspace/build_ws/build/icrane_msgs' returned '0': /usr/bin/cmake /workspace/build_ws/src/icrane_msgs -DCMAKE_INSTALL_PREFIX=/workspace/build_ws/install
[1.940s] Invoking command in '/workspace/build_ws/build/icrane_msgs': /usr/bin/cmake --build /workspace/build_ws/build/icrane_msgs -- -j12 -l12
[1.975s] Scanning dependencies of target icrane_msgs__cpp
[1.976s] [  1%] Generating C code for ROS interfaces
[1.984s] [  1%] Generating C++ code for ROS interfaces
[2.978s] [  1%] Built target icrane_msgs__cpp
[2.986s] [  2%] Generating C++ type support dispatch for ROS interfaces
[2.987s] [  2%] Generating C++ introspection for ROS interfaces
[2.987s] [  3%] Generating C++ type support for eProsima Fast-RTPS
[3.098s] Scanning dependencies of target icrane_msgs__rosidl_generator_c
[3.110s] [  5%] Building C object CMakeFiles/icrane_msgs__rosidl_generator_c.dir/rosidl_generator_c/icrane_msgs/msg/detail/pose2_d__functions.c.o
[3.110s] [  5%] Building C object CMakeFiles/icrane_msgs__rosidl_generator_c.dir/rosidl_generator_c/icrane_msgs/msg/detail/bounding_box2_d__functions.c.o
[3.110s] [  5%] Building C object CMakeFiles/icrane_msgs__rosidl_generator_c.dir/rosidl_generator_c/icrane_msgs/msg/detail/vector2_d__functions.c.o
[3.111s] [  6%] Building C object CMakeFiles/icrane_msgs__rosidl_generator_c.dir/rosidl_generator_c/icrane_msgs/msg/detail/detection2_d__functions.c.o
[3.111s] [  7%] Building C object CMakeFiles/icrane_msgs__rosidl_generator_c.dir/rosidl_generator_c/icrane_msgs/msg/detail/detection2_d_array__functions.c.o
[3.111s] [  7%] Building C object CMakeFiles/icrane_msgs__rosidl_generator_c.dir/rosidl_generator_c/icrane_msgs/msg/detail/detection_seg2_d_array__functions.c.o
[3.118s] [  8%] Building C object CMakeFiles/icrane_msgs__rosidl_generator_c.dir/rosidl_generator_c/icrane_msgs/msg/detail/detection_seg2_d__functions.c.o
[3.118s] [  9%] Building C object CMakeFiles/icrane_msgs__rosidl_generator_c.dir/rosidl_generator_c/icrane_msgs/msg/detail/polygon2_d__functions.c.o
[3.126s] [ 10%] Building C object CMakeFiles/icrane_msgs__rosidl_generator_c.dir/rosidl_generator_c/icrane_msgs/msg/detail/detection_seg3_d__functions.c.o
[3.164s] [ 11%] Building C object CMakeFiles/icrane_msgs__rosidl_generator_c.dir/rosidl_generator_c/icrane_msgs/msg/detail/detection_seg3_d_array__functions.c.o
[3.174s] [ 13%] Building C object CMakeFiles/icrane_msgs__rosidl_generator_c.dir/rosidl_generator_c/icrane_msgs/msg/detail/omniverse_info__functions.c.o
[3.174s] [ 13%] Building C object CMakeFiles/icrane_msgs__rosidl_generator_c.dir/rosidl_generator_c/icrane_msgs/msg/detail/tracked_entities__functions.c.o
[3.174s] [ 13%] Building C object CMakeFiles/icrane_msgs__rosidl_generator_c.dir/rosidl_generator_c/icrane_msgs/msg/detail/modeling__functions.c.o
[3.224s] [ 14%] Linking C shared library libicrane_msgs__rosidl_generator_c.so
[3.262s] [ 14%] Built target icrane_msgs__rosidl_generator_c
[3.272s] [ 15%] Generating C introspection for ROS interfaces
[3.272s] [ 16%] Generating C type support dispatch for ROS interfaces
[3.756s] Scanning dependencies of target icrane_msgs__rosidl_typesupport_cpp
[3.768s] [ 19%] Building CXX object CMakeFiles/icrane_msgs__rosidl_typesupport_cpp.dir/rosidl_typesupport_cpp/icrane_msgs/msg/detection2_d_array__type_support.cpp.o
[3.768s] [ 19%] Building CXX object CMakeFiles/icrane_msgs__rosidl_typesupport_cpp.dir/rosidl_typesupport_cpp/icrane_msgs/msg/pose2_d__type_support.cpp.o
[3.768s] [ 19%] Building CXX object CMakeFiles/icrane_msgs__rosidl_typesupport_cpp.dir/rosidl_typesupport_cpp/icrane_msgs/msg/vector2_d__type_support.cpp.o
[3.768s] [ 19%] Building CXX object CMakeFiles/icrane_msgs__rosidl_typesupport_cpp.dir/rosidl_typesupport_cpp/icrane_msgs/msg/bounding_box2_d__type_support.cpp.o
[3.768s] [ 20%] Building CXX object CMakeFiles/icrane_msgs__rosidl_typesupport_cpp.dir/rosidl_typesupport_cpp/icrane_msgs/msg/detection2_d__type_support.cpp.o
[3.774s] [ 21%] Building CXX object CMakeFiles/icrane_msgs__rosidl_typesupport_cpp.dir/rosidl_typesupport_cpp/icrane_msgs/msg/detection_seg2_d_array__type_support.cpp.o
[3.776s] [ 21%] Building CXX object CMakeFiles/icrane_msgs__rosidl_typesupport_cpp.dir/rosidl_typesupport_cpp/icrane_msgs/msg/polygon2_d__type_support.cpp.o
[3.776s] [ 22%] Building CXX object CMakeFiles/icrane_msgs__rosidl_typesupport_cpp.dir/rosidl_typesupport_cpp/icrane_msgs/msg/detection_seg2_d__type_support.cpp.o
[4.141s] [ 23%] Building CXX object CMakeFiles/icrane_msgs__rosidl_typesupport_cpp.dir/rosidl_typesupport_cpp/icrane_msgs/msg/detection_seg3_d__type_support.cpp.o
[4.145s] [ 24%] Building CXX object CMakeFiles/icrane_msgs__rosidl_typesupport_cpp.dir/rosidl_typesupport_cpp/icrane_msgs/msg/detection_seg3_d_array__type_support.cpp.o
[4.157s] [ 25%] Building CXX object CMakeFiles/icrane_msgs__rosidl_typesupport_cpp.dir/rosidl_typesupport_cpp/icrane_msgs/msg/omniverse_info__type_support.cpp.o
[4.168s] [ 26%] Building CXX object CMakeFiles/icrane_msgs__rosidl_typesupport_cpp.dir/rosidl_typesupport_cpp/icrane_msgs/msg/tracked_entities__type_support.cpp.o
[4.175s] [ 26%] Building CXX object CMakeFiles/icrane_msgs__rosidl_typesupport_cpp.dir/rosidl_typesupport_cpp/icrane_msgs/msg/modeling__type_support.cpp.o
[4.211s] Scanning dependencies of target icrane_msgs__rosidl_typesupport_c
[4.228s] [ 26%] Building CXX object CMakeFiles/icrane_msgs__rosidl_typesupport_c.dir/rosidl_typesupport_c/icrane_msgs/msg/vector2_d__type_support.cpp.o
[4.236s] [ 27%] Building CXX object CMakeFiles/icrane_msgs__rosidl_typesupport_c.dir/rosidl_typesupport_c/icrane_msgs/msg/pose2_d__type_support.cpp.o
[4.238s] [ 28%] Building CXX object CMakeFiles/icrane_msgs__rosidl_typesupport_c.dir/rosidl_typesupport_c/icrane_msgs/msg/bounding_box2_d__type_support.cpp.o
[4.247s] [ 29%] Building CXX object CMakeFiles/icrane_msgs__rosidl_typesupport_c.dir/rosidl_typesupport_c/icrane_msgs/msg/detection2_d__type_support.cpp.o
[4.253s] Scanning dependencies of target icrane_msgs__rosidl_typesupport_introspection_cpp
[4.256s] Scanning dependencies of target icrane_msgs__rosidl_typesupport_fastrtps_cpp
[4.269s] [ 30%] Building CXX object CMakeFiles/icrane_msgs__rosidl_typesupport_c.dir/rosidl_typesupport_c/icrane_msgs/msg/detection2_d_array__type_support.cpp.o
[4.270s] [ 31%] Building CXX object CMakeFiles/icrane_msgs__rosidl_typesupport_introspection_cpp.dir/rosidl_typesupport_introspection_cpp/icrane_msgs/msg/detail/vector2_d__type_support.cpp.o
[4.270s] [ 31%] Building CXX object CMakeFiles/icrane_msgs__rosidl_typesupport_c.dir/rosidl_typesupport_c/icrane_msgs/msg/detection_seg2_d__type_support.cpp.o
[4.278s] [ 32%] Building CXX object CMakeFiles/icrane_msgs__rosidl_typesupport_fastrtps_cpp.dir/rosidl_typesupport_fastrtps_cpp/icrane_msgs/msg/detail/dds_fastrtps/vector2_d__type_support.cpp.o
[4.278s] [ 33%] Building CXX object CMakeFiles/icrane_msgs__rosidl_typesupport_c.dir/rosidl_typesupport_c/icrane_msgs/msg/detection_seg2_d_array__type_support.cpp.o
[4.306s] [ 34%] Building CXX object CMakeFiles/icrane_msgs__rosidl_typesupport_c.dir/rosidl_typesupport_c/icrane_msgs/msg/polygon2_d__type_support.cpp.o
[4.321s] [ 35%] Building CXX object CMakeFiles/icrane_msgs__rosidl_typesupport_c.dir/rosidl_typesupport_c/icrane_msgs/msg/detection_seg3_d__type_support.cpp.o
[4.324s] [ 36%] Building CXX object CMakeFiles/icrane_msgs__rosidl_typesupport_c.dir/rosidl_typesupport_c/icrane_msgs/msg/detection_seg3_d_array__type_support.cpp.o
[4.330s] [ 37%] Building CXX object CMakeFiles/icrane_msgs__rosidl_typesupport_fastrtps_cpp.dir/rosidl_typesupport_fastrtps_cpp/icrane_msgs/msg/detail/dds_fastrtps/pose2_d__type_support.cpp.o
[4.370s] [ 37%] Building CXX object CMakeFiles/icrane_msgs__rosidl_typesupport_c.dir/rosidl_typesupport_c/icrane_msgs/msg/omniverse_info__type_support.cpp.o
[4.372s] [ 38%] Building CXX object CMakeFiles/icrane_msgs__rosidl_typesupport_c.dir/rosidl_typesupport_c/icrane_msgs/msg/modeling__type_support.cpp.o
[4.373s] [ 39%] Building CXX object CMakeFiles/icrane_msgs__rosidl_typesupport_c.dir/rosidl_typesupport_c/icrane_msgs/msg/tracked_entities__type_support.cpp.o
[4.418s] [ 41%] Building CXX object CMakeFiles/icrane_msgs__rosidl_typesupport_introspection_cpp.dir/rosidl_typesupport_introspection_cpp/icrane_msgs/msg/detail/pose2_d__type_support.cpp.o
[4.419s] [ 41%] Linking CXX shared library libicrane_msgs__rosidl_typesupport_c.so
[4.441s] [ 42%] Building CXX object CMakeFiles/icrane_msgs__rosidl_typesupport_fastrtps_cpp.dir/rosidl_typesupport_fastrtps_cpp/icrane_msgs/msg/detail/dds_fastrtps/bounding_box2_d__type_support.cpp.o
[4.516s] [ 42%] Building CXX object CMakeFiles/icrane_msgs__rosidl_typesupport_fastrtps_cpp.dir/rosidl_typesupport_fastrtps_cpp/icrane_msgs/msg/detail/dds_fastrtps/detection2_d__type_support.cpp.o
[4.521s] [ 44%] Building CXX object CMakeFiles/icrane_msgs__rosidl_typesupport_fastrtps_cpp.dir/rosidl_typesupport_fastrtps_cpp/icrane_msgs/msg/detail/dds_fastrtps/detection2_d_array__type_support.cpp.o
[4.521s] [ 44%] Building CXX object CMakeFiles/icrane_msgs__rosidl_typesupport_introspection_cpp.dir/rosidl_typesupport_introspection_cpp/icrane_msgs/msg/detail/bounding_box2_d__type_support.cpp.o
[4.525s] [ 44%] Built target icrane_msgs__rosidl_typesupport_c
[4.534s] [ 45%] Linking CXX shared library libicrane_msgs__rosidl_typesupport_cpp.so
[4.545s] [ 46%] Building CXX object CMakeFiles/icrane_msgs__rosidl_typesupport_fastrtps_cpp.dir/rosidl_typesupport_fastrtps_cpp/icrane_msgs/msg/detail/dds_fastrtps/detection_seg2_d__type_support.cpp.o
[4.555s] [ 47%] Building CXX object CMakeFiles/icrane_msgs__rosidl_typesupport_fastrtps_cpp.dir/rosidl_typesupport_fastrtps_cpp/icrane_msgs/msg/detail/dds_fastrtps/detection_seg2_d_array__type_support.cpp.o
[4.626s] [ 47%] Built target icrane_msgs__rosidl_typesupport_cpp
[4.638s] [ 48%] Building CXX object CMakeFiles/icrane_msgs__rosidl_typesupport_fastrtps_cpp.dir/rosidl_typesupport_fastrtps_cpp/icrane_msgs/msg/detail/dds_fastrtps/polygon2_d__type_support.cpp.o
[4.694s] Scanning dependencies of target icrane_msgs__rosidl_typesupport_introspection_c
[4.712s] [ 49%] Building CXX object CMakeFiles/icrane_msgs__rosidl_typesupport_introspection_cpp.dir/rosidl_typesupport_introspection_cpp/icrane_msgs/msg/detail/detection2_d__type_support.cpp.o
[4.755s] [ 50%] Building C object CMakeFiles/icrane_msgs__rosidl_typesupport_introspection_c.dir/rosidl_typesupport_introspection_c/icrane_msgs/msg/detail/vector2_d__type_support.c.o
[4.813s] [ 50%] Building CXX object CMakeFiles/icrane_msgs__rosidl_typesupport_fastrtps_cpp.dir/rosidl_typesupport_fastrtps_cpp/icrane_msgs/msg/detail/dds_fastrtps/detection_seg3_d__type_support.cpp.o
[4.814s] [ 50%] Building CXX object CMakeFiles/icrane_msgs__rosidl_typesupport_introspection_cpp.dir/rosidl_typesupport_introspection_cpp/icrane_msgs/msg/detail/detection2_d_array__type_support.cpp.o
[4.850s] [ 51%] Building CXX object CMakeFiles/icrane_msgs__rosidl_typesupport_fastrtps_cpp.dir/rosidl_typesupport_fastrtps_cpp/icrane_msgs/msg/detail/dds_fastrtps/detection_seg3_d_array__type_support.cpp.o
[4.857s] [ 52%] Building C object CMakeFiles/icrane_msgs__rosidl_typesupport_introspection_c.dir/rosidl_typesupport_introspection_c/icrane_msgs/msg/detail/pose2_d__type_support.c.o
[4.897s] [ 52%] Building C object CMakeFiles/icrane_msgs__rosidl_typesupport_introspection_c.dir/rosidl_typesupport_introspection_c/icrane_msgs/msg/detail/bounding_box2_d__type_support.c.o
[4.909s] [ 53%] Building CXX object CMakeFiles/icrane_msgs__rosidl_typesupport_introspection_cpp.dir/rosidl_typesupport_introspection_cpp/icrane_msgs/msg/detail/detection_seg2_d__type_support.cpp.o
[4.952s] [ 54%] Building C object CMakeFiles/icrane_msgs__rosidl_typesupport_introspection_c.dir/rosidl_typesupport_introspection_c/icrane_msgs/msg/detail/detection2_d__type_support.c.o
[4.978s] [ 55%] Building CXX object CMakeFiles/icrane_msgs__rosidl_typesupport_fastrtps_cpp.dir/rosidl_typesupport_fastrtps_cpp/icrane_msgs/msg/detail/dds_fastrtps/omniverse_info__type_support.cpp.o
[4.991s] [ 56%] Building C object CMakeFiles/icrane_msgs__rosidl_typesupport_introspection_c.dir/rosidl_typesupport_introspection_c/icrane_msgs/msg/detail/detection2_d_array__type_support.c.o
[5.025s] [ 57%] Building CXX object CMakeFiles/icrane_msgs__rosidl_typesupport_fastrtps_cpp.dir/rosidl_typesupport_fastrtps_cpp/icrane_msgs/msg/detail/dds_fastrtps/tracked_entities__type_support.cpp.o
[5.033s] [ 58%] Building C object CMakeFiles/icrane_msgs__rosidl_typesupport_introspection_c.dir/rosidl_typesupport_introspection_c/icrane_msgs/msg/detail/detection_seg2_d__type_support.c.o
[5.097s] [ 59%] Building C object CMakeFiles/icrane_msgs__rosidl_typesupport_introspection_c.dir/rosidl_typesupport_introspection_c/icrane_msgs/msg/detail/detection_seg2_d_array__type_support.c.o
[5.172s] [ 60%] Building CXX object CMakeFiles/icrane_msgs__rosidl_typesupport_fastrtps_cpp.dir/rosidl_typesupport_fastrtps_cpp/icrane_msgs/msg/detail/dds_fastrtps/modeling__type_support.cpp.o
[5.180s] [ 61%] Building CXX object CMakeFiles/icrane_msgs__rosidl_typesupport_introspection_cpp.dir/rosidl_typesupport_introspection_cpp/icrane_msgs/msg/detail/detection_seg2_d_array__type_support.cpp.o
[5.196s] [ 61%] Building C object CMakeFiles/icrane_msgs__rosidl_typesupport_introspection_c.dir/rosidl_typesupport_introspection_c/icrane_msgs/msg/detail/polygon2_d__type_support.c.o
[5.242s] [ 62%] Building C object CMakeFiles/icrane_msgs__rosidl_typesupport_introspection_c.dir/rosidl_typesupport_introspection_c/icrane_msgs/msg/detail/detection_seg3_d__type_support.c.o
[5.248s] [ 63%] Building C object CMakeFiles/icrane_msgs__rosidl_typesupport_introspection_c.dir/rosidl_typesupport_introspection_c/icrane_msgs/msg/detail/detection_seg3_d_array__type_support.c.o
[5.250s] [ 64%] Building CXX object CMakeFiles/icrane_msgs__rosidl_typesupport_introspection_cpp.dir/rosidl_typesupport_introspection_cpp/icrane_msgs/msg/detail/polygon2_d__type_support.cpp.o
[5.252s] [ 65%] Building C object CMakeFiles/icrane_msgs__rosidl_typesupport_introspection_c.dir/rosidl_typesupport_introspection_c/icrane_msgs/msg/detail/omniverse_info__type_support.c.o
[5.297s] [ 66%] Building C object CMakeFiles/icrane_msgs__rosidl_typesupport_introspection_c.dir/rosidl_typesupport_introspection_c/icrane_msgs/msg/detail/tracked_entities__type_support.c.o
[5.322s] [ 66%] Building C object CMakeFiles/icrane_msgs__rosidl_typesupport_introspection_c.dir/rosidl_typesupport_introspection_c/icrane_msgs/msg/detail/modeling__type_support.c.o
[5.345s] [ 67%] Building CXX object CMakeFiles/icrane_msgs__rosidl_typesupport_introspection_cpp.dir/rosidl_typesupport_introspection_cpp/icrane_msgs/msg/detail/detection_seg3_d__type_support.cpp.o
[5.354s] [ 68%] Building CXX object CMakeFiles/icrane_msgs__rosidl_typesupport_introspection_cpp.dir/rosidl_typesupport_introspection_cpp/icrane_msgs/msg/detail/tracked_entities__type_support.cpp.o
[5.354s] [ 68%] Building CXX object CMakeFiles/icrane_msgs__rosidl_typesupport_introspection_cpp.dir/rosidl_typesupport_introspection_cpp/icrane_msgs/msg/detail/detection_seg3_d_array__type_support.cpp.o
[5.356s] [ 69%] Building CXX object CMakeFiles/icrane_msgs__rosidl_typesupport_introspection_cpp.dir/rosidl_typesupport_introspection_cpp/icrane_msgs/msg/detail/omniverse_info__type_support.cpp.o
[5.364s] [ 70%] Building CXX object CMakeFiles/icrane_msgs__rosidl_typesupport_introspection_cpp.dir/rosidl_typesupport_introspection_cpp/icrane_msgs/msg/detail/modeling__type_support.cpp.o
[5.415s] [ 71%] Linking C shared library libicrane_msgs__rosidl_typesupport_introspection_c.so
[5.557s] [ 71%] Built target icrane_msgs__rosidl_typesupport_introspection_c
[5.736s] [ 71%] Linking CXX shared library libicrane_msgs__rosidl_typesupport_fastrtps_cpp.so
[5.833s] [ 71%] Built target icrane_msgs__rosidl_typesupport_fastrtps_cpp
[5.838s] [ 72%] Linking CXX shared library libicrane_msgs__rosidl_typesupport_introspection_cpp.so
[5.841s] [ 73%] Generating C type support for eProsima Fast-RTPS
[5.909s] [ 73%] Built target icrane_msgs__rosidl_typesupport_introspection_cpp
[6.745s] Scanning dependencies of target icrane_msgs__rosidl_typesupport_fastrtps_c
[6.756s] [ 73%] Building CXX object CMakeFiles/icrane_msgs__rosidl_typesupport_fastrtps_c.dir/rosidl_typesupport_fastrtps_c/icrane_msgs/msg/detail/pose2_d__type_support_c.cpp.o
[6.757s] [ 75%] Building CXX object CMakeFiles/icrane_msgs__rosidl_typesupport_fastrtps_c.dir/rosidl_typesupport_fastrtps_c/icrane_msgs/msg/detail/vector2_d__type_support_c.cpp.o
[6.757s] [ 75%] Building CXX object CMakeFiles/icrane_msgs__rosidl_typesupport_fastrtps_c.dir/rosidl_typesupport_fastrtps_c/icrane_msgs/msg/detail/bounding_box2_d__type_support_c.cpp.o
[6.758s] [ 77%] Building CXX object CMakeFiles/icrane_msgs__rosidl_typesupport_fastrtps_c.dir/rosidl_typesupport_fastrtps_c/icrane_msgs/msg/detail/polygon2_d__type_support_c.cpp.o
[6.758s] [ 77%] Building CXX object CMakeFiles/icrane_msgs__rosidl_typesupport_fastrtps_c.dir/rosidl_typesupport_fastrtps_c/icrane_msgs/msg/detail/detection_seg2_d__type_support_c.cpp.o
[6.758s] [ 78%] Building CXX object CMakeFiles/icrane_msgs__rosidl_typesupport_fastrtps_c.dir/rosidl_typesupport_fastrtps_c/icrane_msgs/msg/detail/detection2_d__type_support_c.cpp.o
[6.758s] [ 79%] Building CXX object CMakeFiles/icrane_msgs__rosidl_typesupport_fastrtps_c.dir/rosidl_typesupport_fastrtps_c/icrane_msgs/msg/detail/detection2_d_array__type_support_c.cpp.o
[6.759s] [ 79%] Building CXX object CMakeFiles/icrane_msgs__rosidl_typesupport_fastrtps_c.dir/rosidl_typesupport_fastrtps_c/icrane_msgs/msg/detail/detection_seg2_d_array__type_support_c.cpp.o
[6.760s] [ 80%] Building CXX object CMakeFiles/icrane_msgs__rosidl_typesupport_fastrtps_c.dir/rosidl_typesupport_fastrtps_c/icrane_msgs/msg/detail/detection_seg3_d__type_support_c.cpp.o
[6.762s] [ 81%] Building CXX object CMakeFiles/icrane_msgs__rosidl_typesupport_fastrtps_c.dir/rosidl_typesupport_fastrtps_c/icrane_msgs/msg/detail/detection_seg3_d_array__type_support_c.cpp.o
[6.768s] [ 82%] Building CXX object CMakeFiles/icrane_msgs__rosidl_typesupport_fastrtps_c.dir/rosidl_typesupport_fastrtps_c/icrane_msgs/msg/detail/omniverse_info__type_support_c.cpp.o
[6.768s] [ 82%] Building CXX object CMakeFiles/icrane_msgs__rosidl_typesupport_fastrtps_c.dir/rosidl_typesupport_fastrtps_c/icrane_msgs/msg/detail/tracked_entities__type_support_c.cpp.o
[7.204s] [ 83%] Building CXX object CMakeFiles/icrane_msgs__rosidl_typesupport_fastrtps_c.dir/rosidl_typesupport_fastrtps_c/icrane_msgs/msg/detail/modeling__type_support_c.cpp.o
[7.516s] [ 84%] Linking CXX shared library libicrane_msgs__rosidl_typesupport_fastrtps_c.so
[7.589s] [ 84%] Built target icrane_msgs__rosidl_typesupport_fastrtps_c
[7.596s] Scanning dependencies of target icrane_msgs
[7.604s] [ 84%] Built target icrane_msgs
[7.612s] Scanning dependencies of target icrane_msgs__py
[7.624s] [ 85%] Generating Python code for ROS interfaces
[9.502s] [ 85%] Built target icrane_msgs__py
[9.543s] Scanning dependencies of target icrane_msgs__python
[9.557s] [ 86%] Building C object CMakeFiles/icrane_msgs__python.dir/rosidl_generator_py/icrane_msgs/msg/_pose2_d_s.c.o
[9.557s] [ 86%] Building C object CMakeFiles/icrane_msgs__python.dir/rosidl_generator_py/icrane_msgs/msg/_bounding_box2_d_s.c.o
[9.557s] [ 88%] Building C object CMakeFiles/icrane_msgs__python.dir/rosidl_generator_py/icrane_msgs/msg/_vector2_d_s.c.o
[9.557s] [ 88%] Building C object CMakeFiles/icrane_msgs__python.dir/rosidl_generator_py/icrane_msgs/msg/_detection2_d_s.c.o
[9.557s] [ 89%] Building C object CMakeFiles/icrane_msgs__python.dir/rosidl_generator_py/icrane_msgs/msg/_detection_seg2_d_s.c.o
[9.558s] [ 91%] Building C object CMakeFiles/icrane_msgs__python.dir/rosidl_generator_py/icrane_msgs/msg/_detection_seg3_d_s.c.o
[9.558s] [ 91%] Building C object CMakeFiles/icrane_msgs__python.dir/rosidl_generator_py/icrane_msgs/msg/_detection2_d_array_s.c.o
[9.559s] [ 92%] Building C object CMakeFiles/icrane_msgs__python.dir/rosidl_generator_py/icrane_msgs/msg/_polygon2_d_s.c.o
[9.559s] [ 92%] Building C object CMakeFiles/icrane_msgs__python.dir/rosidl_generator_py/icrane_msgs/msg/_detection_seg2_d_array_s.c.o
[9.561s] [ 93%] Building C object CMakeFiles/icrane_msgs__python.dir/rosidl_generator_py/icrane_msgs/msg/_detection_seg3_d_array_s.c.o
[9.561s] [ 94%] Building C object CMakeFiles/icrane_msgs__python.dir/rosidl_generator_py/icrane_msgs/msg/_omniverse_info_s.c.o
[9.565s] [ 95%] Building C object CMakeFiles/icrane_msgs__python.dir/rosidl_generator_py/icrane_msgs/msg/_tracked_entities_s.c.o
[9.682s] [ 95%] Building C object CMakeFiles/icrane_msgs__python.dir/rosidl_generator_py/icrane_msgs/msg/_modeling_s.c.o
[9.774s] [ 96%] Linking C shared library rosidl_generator_py/icrane_msgs/libicrane_msgs__python.so
[9.818s] [ 96%] Built target icrane_msgs__python
[9.833s] Scanning dependencies of target icrane_msgs__rosidl_typesupport_introspection_c__pyext
[9.833s] Scanning dependencies of target icrane_msgs__rosidl_typesupport_c__pyext
[9.835s] Scanning dependencies of target icrane_msgs__rosidl_typesupport_fastrtps_c__pyext
[9.843s] [ 98%] Building C object CMakeFiles/icrane_msgs__rosidl_typesupport_introspection_c__pyext.dir/rosidl_generator_py/icrane_msgs/_icrane_msgs_s.ep.rosidl_typesupport_introspection_c.c.o
[9.843s] [ 98%] Building C object CMakeFiles/icrane_msgs__rosidl_typesupport_c__pyext.dir/rosidl_generator_py/icrane_msgs/_icrane_msgs_s.ep.rosidl_typesupport_c.c.o
[9.844s] [ 99%] Building C object CMakeFiles/icrane_msgs__rosidl_typesupport_fastrtps_c__pyext.dir/rosidl_generator_py/icrane_msgs/_icrane_msgs_s.ep.rosidl_typesupport_fastrtps_c.c.o
[9.942s] [100%] Linking CXX shared library rosidl_generator_py/icrane_msgs/icrane_msgs_s__rosidl_typesupport_fastrtps_c.cpython-310-x86_64-linux-gnu.so
[9.942s] [100%] Linking C shared library rosidl_generator_py/icrane_msgs/icrane_msgs_s__rosidl_typesupport_introspection_c.cpython-310-x86_64-linux-gnu.so
[9.942s] [100%] Linking C shared library rosidl_generator_py/icrane_msgs/icrane_msgs_s__rosidl_typesupport_c.cpython-310-x86_64-linux-gnu.so
[9.975s] [100%] Built target icrane_msgs__rosidl_typesupport_c__pyext
[9.975s] [100%] Built target icrane_msgs__rosidl_typesupport_introspection_c__pyext
[9.998s] [100%] Built target icrane_msgs__rosidl_typesupport_fastrtps_c__pyext
[10.007s] Invoked command in '/workspace/build_ws/build/icrane_msgs' returned '0': /usr/bin/cmake --build /workspace/build_ws/build/icrane_msgs -- -j12 -l12
[10.130s] Invoking command in '/workspace/build_ws/build/icrane_msgs': /usr/bin/cmake --install /workspace/build_ws/build/icrane_msgs
[10.136s] -- Install configuration: ""
[10.136s] -- Installing: /workspace/build_ws/install/share/ament_index/resource_index/rosidl_interfaces/icrane_msgs
[10.136s] -- Installing: /workspace/build_ws/install/include/icrane_msgs
[10.137s] -- Installing: /workspace/build_ws/install/include/icrane_msgs/msg
[10.137s] -- Installing: /workspace/build_ws/install/include/icrane_msgs/msg/detection_seg2_d.h
[10.137s] -- Installing: /workspace/build_ws/install/include/icrane_msgs/msg/omniverse_info.h
[10.137s] -- Installing: /workspace/build_ws/install/include/icrane_msgs/msg/bounding_box2_d.h
[10.137s] -- Installing: /workspace/build_ws/install/include/icrane_msgs/msg/modeling.h
[10.137s] -- Installing: /workspace/build_ws/install/include/icrane_msgs/msg/pose2_d.h
[10.137s] -- Installing: /workspace/build_ws/install/include/icrane_msgs/msg/tracked_entities.h
[10.137s] -- Installing: /workspace/build_ws/install/include/icrane_msgs/msg/detection2_d.h
[10.137s] -- Installing: /workspace/build_ws/install/include/icrane_msgs/msg/rosidl_generator_c__visibility_control.h
[10.137s] -- Installing: /workspace/build_ws/install/include/icrane_msgs/msg/polygon2_d.h
[10.138s] -- Installing: /workspace/build_ws/install/include/icrane_msgs/msg/detection2_d_array.h
[10.138s] -- Installing: /workspace/build_ws/install/include/icrane_msgs/msg/detection_seg3_d.h
[10.138s] -- Installing: /workspace/build_ws/install/include/icrane_msgs/msg/vector2_d.h
[10.138s] -- Installing: /workspace/build_ws/install/include/icrane_msgs/msg/detail
[10.138s] -- Installing: /workspace/build_ws/install/include/icrane_msgs/msg/detail/tracked_entities__type_support.h
[10.138s] -- Installing: /workspace/build_ws/install/include/icrane_msgs/msg/detail/detection_seg3_d_array__type_support.h
[10.138s] -- Installing: /workspace/build_ws/install/include/icrane_msgs/msg/detail/detection2_d__functions.h
[10.138s] -- Installing: /workspace/build_ws/install/include/icrane_msgs/msg/detail/pose2_d__functions.c
[10.138s] -- Installing: /workspace/build_ws/install/include/icrane_msgs/msg/detail/detection2_d__functions.c
[10.139s] -- Installing: /workspace/build_ws/install/include/icrane_msgs/msg/detail/detection_seg2_d__functions.c
[10.139s] -- Installing: /workspace/build_ws/install/include/icrane_msgs/msg/detail/pose2_d__functions.h
[10.139s] -- Installing: /workspace/build_ws/install/include/icrane_msgs/msg/detail/tracked_entities__functions.c
[10.139s] -- Installing: /workspace/build_ws/install/include/icrane_msgs/msg/detail/detection2_d_array__struct.h
[10.139s] -- Installing: /workspace/build_ws/install/include/icrane_msgs/msg/detail/vector2_d__struct.h
[10.139s] -- Installing: /workspace/build_ws/install/include/icrane_msgs/msg/detail/detection_seg3_d__type_support.h
[10.139s] -- Installing: /workspace/build_ws/install/include/icrane_msgs/msg/detail/detection2_d__type_support.h
[10.139s] -- Installing: /workspace/build_ws/install/include/icrane_msgs/msg/detail/vector2_d__type_support.h
[10.139s] -- Installing: /workspace/build_ws/install/include/icrane_msgs/msg/detail/detection_seg2_d_array__functions.h
[10.140s] -- Installing: /workspace/build_ws/install/include/icrane_msgs/msg/detail/polygon2_d__functions.h
[10.140s] -- Installing: /workspace/build_ws/install/include/icrane_msgs/msg/detail/omniverse_info__functions.h
[10.140s] -- Installing: /workspace/build_ws/install/include/icrane_msgs/msg/detail/vector2_d__functions.c
[10.140s] -- Installing: /workspace/build_ws/install/include/icrane_msgs/msg/detail/pose2_d__type_support.h
[10.140s] -- Installing: /workspace/build_ws/install/include/icrane_msgs/msg/detail/pose2_d__struct.h
[10.140s] -- Installing: /workspace/build_ws/install/include/icrane_msgs/msg/detail/detection_seg3_d_array__functions.h
[10.140s] -- Installing: /workspace/build_ws/install/include/icrane_msgs/msg/detail/detection2_d_array__type_support.h
[10.140s] -- Installing: /workspace/build_ws/install/include/icrane_msgs/msg/detail/vector2_d__functions.h
[10.140s] -- Installing: /workspace/build_ws/install/include/icrane_msgs/msg/detail/detection2_d__struct.h
[10.141s] -- Installing: /workspace/build_ws/install/include/icrane_msgs/msg/detail/detection_seg2_d__functions.h
[10.141s] -- Installing: /workspace/build_ws/install/include/icrane_msgs/msg/detail/detection_seg2_d_array__functions.c
[10.141s] -- Installing: /workspace/build_ws/install/include/icrane_msgs/msg/detail/detection_seg3_d__functions.h
[10.141s] -- Installing: /workspace/build_ws/install/include/icrane_msgs/msg/detail/omniverse_info__type_support.h
[10.141s] -- Installing: /workspace/build_ws/install/include/icrane_msgs/msg/detail/detection_seg3_d__struct.h
[10.141s] -- Installing: /workspace/build_ws/install/include/icrane_msgs/msg/detail/detection2_d_array__functions.c
[10.141s] -- Installing: /workspace/build_ws/install/include/icrane_msgs/msg/detail/detection_seg2_d_array__type_support.h
[10.141s] -- Installing: /workspace/build_ws/install/include/icrane_msgs/msg/detail/detection2_d_array__functions.h
[10.141s] -- Installing: /workspace/build_ws/install/include/icrane_msgs/msg/detail/bounding_box2_d__functions.h
[10.142s] -- Installing: /workspace/build_ws/install/include/icrane_msgs/msg/detail/detection_seg3_d_array__struct.h
[10.142s] -- Installing: /workspace/build_ws/install/include/icrane_msgs/msg/detail/tracked_entities__struct.h
[10.142s] -- Installing: /workspace/build_ws/install/include/icrane_msgs/msg/detail/detection_seg3_d__functions.c
[10.142s] -- Installing: /workspace/build_ws/install/include/icrane_msgs/msg/detail/omniverse_info__functions.c
[10.142s] -- Installing: /workspace/build_ws/install/include/icrane_msgs/msg/detail/detection_seg2_d__type_support.h
[10.142s] -- Installing: /workspace/build_ws/install/include/icrane_msgs/msg/detail/modeling__type_support.h
[10.142s] -- Installing: /workspace/build_ws/install/include/icrane_msgs/msg/detail/modeling__struct.h
[10.142s] -- Installing: /workspace/build_ws/install/include/icrane_msgs/msg/detail/detection_seg2_d_array__struct.h
[10.142s] -- Installing: /workspace/build_ws/install/include/icrane_msgs/msg/detail/omniverse_info__struct.h
[10.143s] -- Installing: /workspace/build_ws/install/include/icrane_msgs/msg/detail/modeling__functions.h
[10.143s] -- Installing: /workspace/build_ws/install/include/icrane_msgs/msg/detail/polygon2_d__type_support.h
[10.143s] -- Installing: /workspace/build_ws/install/include/icrane_msgs/msg/detail/polygon2_d__functions.c
[10.143s] -- Installing: /workspace/build_ws/install/include/icrane_msgs/msg/detail/bounding_box2_d__struct.h
[10.143s] -- Installing: /workspace/build_ws/install/include/icrane_msgs/msg/detail/tracked_entities__functions.h
[10.143s] -- Installing: /workspace/build_ws/install/include/icrane_msgs/msg/detail/bounding_box2_d__functions.c
[10.143s] -- Installing: /workspace/build_ws/install/include/icrane_msgs/msg/detail/modeling__functions.c
[10.143s] -- Installing: /workspace/build_ws/install/include/icrane_msgs/msg/detail/detection_seg2_d__struct.h
[10.144s] -- Installing: /workspace/build_ws/install/include/icrane_msgs/msg/detail/polygon2_d__struct.h
[10.144s] -- Installing: /workspace/build_ws/install/include/icrane_msgs/msg/detail/detection_seg3_d_array__functions.c
[10.144s] -- Installing: /workspace/build_ws/install/include/icrane_msgs/msg/detail/bounding_box2_d__type_support.h
[10.144s] -- Installing: /workspace/build_ws/install/include/icrane_msgs/msg/detection_seg3_d_array.h
[10.144s] -- Installing: /workspace/build_ws/install/include/icrane_msgs/msg/detection_seg2_d_array.h
[10.144s] -- Installing: /workspace/build_ws/install/share/icrane_msgs/environment/library_path.sh
[10.144s] -- Installing: /workspace/build_ws/install/share/icrane_msgs/environment/library_path.dsv
[10.145s] -- Installing: /workspace/build_ws/install/lib/libicrane_msgs__rosidl_generator_c.so
[10.145s] -- Set runtime path of "/workspace/build_ws/install/lib/libicrane_msgs__rosidl_generator_c.so" to ""
[10.145s] -- Up-to-date: /workspace/build_ws/install/include/icrane_msgs
[10.145s] -- Up-to-date: /workspace/build_ws/install/include/icrane_msgs/msg
[10.145s] -- Installing: /workspace/build_ws/install/include/icrane_msgs/msg/rosidl_typesupport_fastrtps_c__visibility_control.h
[10.146s] -- Up-to-date: /workspace/build_ws/install/include/icrane_msgs/msg/detail
[10.146s] -- Installing: /workspace/build_ws/install/include/icrane_msgs/msg/detail/detection_seg3_d_array__rosidl_typesupport_fastrtps_c.h
[10.146s] -- Installing: /workspace/build_ws/install/include/icrane_msgs/msg/detail/detection2_d__rosidl_typesupport_fastrtps_c.h
[10.146s] -- Installing: /workspace/build_ws/install/include/icrane_msgs/msg/detail/detection2_d_array__rosidl_typesupport_fastrtps_c.h
[10.146s] -- Installing: /workspace/build_ws/install/include/icrane_msgs/msg/detail/detection_seg2_d__rosidl_typesupport_fastrtps_c.h
[10.146s] -- Installing: /workspace/build_ws/install/include/icrane_msgs/msg/detail/tracked_entities__rosidl_typesupport_fastrtps_c.h
[10.146s] -- Installing: /workspace/build_ws/install/include/icrane_msgs/msg/detail/bounding_box2_d__rosidl_typesupport_fastrtps_c.h
[10.146s] -- Installing: /workspace/build_ws/install/include/icrane_msgs/msg/detail/detection_seg3_d__rosidl_typesupport_fastrtps_c.h
[10.146s] -- Installing: /workspace/build_ws/install/include/icrane_msgs/msg/detail/modeling__rosidl_typesupport_fastrtps_c.h
[10.146s] -- Installing: /workspace/build_ws/install/include/icrane_msgs/msg/detail/polygon2_d__rosidl_typesupport_fastrtps_c.h
[10.146s] -- Installing: /workspace/build_ws/install/include/icrane_msgs/msg/detail/detection_seg2_d_array__rosidl_typesupport_fastrtps_c.h
[10.147s] -- Installing: /workspace/build_ws/install/include/icrane_msgs/msg/detail/omniverse_info__rosidl_typesupport_fastrtps_c.h
[10.147s] -- Installing: /workspace/build_ws/install/include/icrane_msgs/msg/detail/pose2_d__rosidl_typesupport_fastrtps_c.h
[10.147s] -- Installing: /workspace/build_ws/install/include/icrane_msgs/msg/detail/vector2_d__rosidl_typesupport_fastrtps_c.h
[10.147s] -- Installing: /workspace/build_ws/install/lib/libicrane_msgs__rosidl_typesupport_fastrtps_c.so
[10.147s] -- Set runtime path of "/workspace/build_ws/install/lib/libicrane_msgs__rosidl_typesupport_fastrtps_c.so" to ""
[10.147s] -- Up-to-date: /workspace/build_ws/install/include/icrane_msgs
[10.147s] -- Up-to-date: /workspace/build_ws/install/include/icrane_msgs/msg
[10.147s] -- Installing: /workspace/build_ws/install/include/icrane_msgs/msg/rosidl_typesupport_fastrtps_cpp__visibility_control.h
[10.147s] -- Up-to-date: /workspace/build_ws/install/include/icrane_msgs/msg/detail
[10.148s] -- Installing: /workspace/build_ws/install/include/icrane_msgs/msg/detail/detection2_d_array__rosidl_typesupport_fastrtps_cpp.hpp
[10.148s] -- Installing: /workspace/build_ws/install/include/icrane_msgs/msg/detail/detection_seg3_d__rosidl_typesupport_fastrtps_cpp.hpp
[10.148s] -- Installing: /workspace/build_ws/install/include/icrane_msgs/msg/detail/detection_seg2_d_array__rosidl_typesupport_fastrtps_cpp.hpp
[10.148s] -- Installing: /workspace/build_ws/install/include/icrane_msgs/msg/detail/polygon2_d__rosidl_typesupport_fastrtps_cpp.hpp
[10.148s] -- Installing: /workspace/build_ws/install/include/icrane_msgs/msg/detail/omniverse_info__rosidl_typesupport_fastrtps_cpp.hpp
[10.148s] -- Installing: /workspace/build_ws/install/include/icrane_msgs/msg/detail/detection2_d__rosidl_typesupport_fastrtps_cpp.hpp
[10.148s] -- Installing: /workspace/build_ws/install/include/icrane_msgs/msg/detail/bounding_box2_d__rosidl_typesupport_fastrtps_cpp.hpp
[10.148s] -- Installing: /workspace/build_ws/install/include/icrane_msgs/msg/detail/modeling__rosidl_typesupport_fastrtps_cpp.hpp
[10.148s] -- Installing: /workspace/build_ws/install/include/icrane_msgs/msg/detail/dds_fastrtps
[10.148s] -- Installing: /workspace/build_ws/install/include/icrane_msgs/msg/detail/detection_seg3_d_array__rosidl_typesupport_fastrtps_cpp.hpp
[10.149s] -- Installing: /workspace/build_ws/install/include/icrane_msgs/msg/detail/detection_seg2_d__rosidl_typesupport_fastrtps_cpp.hpp
[10.149s] -- Installing: /workspace/build_ws/install/include/icrane_msgs/msg/detail/vector2_d__rosidl_typesupport_fastrtps_cpp.hpp
[10.149s] -- Installing: /workspace/build_ws/install/include/icrane_msgs/msg/detail/pose2_d__rosidl_typesupport_fastrtps_cpp.hpp
[10.149s] -- Installing: /workspace/build_ws/install/include/icrane_msgs/msg/detail/tracked_entities__rosidl_typesupport_fastrtps_cpp.hpp
[10.149s] -- Installing: /workspace/build_ws/install/lib/libicrane_msgs__rosidl_typesupport_fastrtps_cpp.so
[10.150s] -- Set runtime path of "/workspace/build_ws/install/lib/libicrane_msgs__rosidl_typesupport_fastrtps_cpp.so" to ""
[10.150s] -- Up-to-date: /workspace/build_ws/install/include/icrane_msgs
[10.150s] -- Up-to-date: /workspace/build_ws/install/include/icrane_msgs/msg
[10.150s] -- Installing: /workspace/build_ws/install/include/icrane_msgs/msg/rosidl_typesupport_introspection_c__visibility_control.h
[10.150s] -- Up-to-date: /workspace/build_ws/install/include/icrane_msgs/msg/detail
[10.150s] -- Installing: /workspace/build_ws/install/include/icrane_msgs/msg/detail/detection_seg2_d_array__rosidl_typesupport_introspection_c.h
[10.150s] -- Installing: /workspace/build_ws/install/include/icrane_msgs/msg/detail/omniverse_info__type_support.c
[10.150s] -- Installing: /workspace/build_ws/install/include/icrane_msgs/msg/detail/detection_seg2_d_array__type_support.c
[10.151s] -- Installing: /workspace/build_ws/install/include/icrane_msgs/msg/detail/detection2_d__type_support.c
[10.151s] -- Installing: /workspace/build_ws/install/include/icrane_msgs/msg/detail/tracked_entities__type_support.c
[10.151s] -- Installing: /workspace/build_ws/install/include/icrane_msgs/msg/detail/polygon2_d__rosidl_typesupport_introspection_c.h
[10.151s] -- Installing: /workspace/build_ws/install/include/icrane_msgs/msg/detail/modeling__rosidl_typesupport_introspection_c.h
[10.151s] -- Installing: /workspace/build_ws/install/include/icrane_msgs/msg/detail/pose2_d__type_support.c
[10.151s] -- Installing: /workspace/build_ws/install/include/icrane_msgs/msg/detail/omniverse_info__rosidl_typesupport_introspection_c.h
[10.151s] -- Installing: /workspace/build_ws/install/include/icrane_msgs/msg/detail/detection_seg3_d__type_support.c
[10.151s] -- Installing: /workspace/build_ws/install/include/icrane_msgs/msg/detail/detection_seg3_d_array__type_support.c
[10.151s] -- Installing: /workspace/build_ws/install/include/icrane_msgs/msg/detail/pose2_d__rosidl_typesupport_introspection_c.h
[10.151s] -- Installing: /workspace/build_ws/install/include/icrane_msgs/msg/detail/detection2_d__rosidl_typesupport_introspection_c.h
[10.151s] -- Installing: /workspace/build_ws/install/include/icrane_msgs/msg/detail/detection2_d_array__type_support.c
[10.152s] -- Installing: /workspace/build_ws/install/include/icrane_msgs/msg/detail/bounding_box2_d__type_support.c
[10.152s] -- Installing: /workspace/build_ws/install/include/icrane_msgs/msg/detail/detection_seg2_d__type_support.c
[10.152s] -- Installing: /workspace/build_ws/install/include/icrane_msgs/msg/detail/detection_seg3_d__rosidl_typesupport_introspection_c.h
[10.152s] -- Installing: /workspace/build_ws/install/include/icrane_msgs/msg/detail/polygon2_d__type_support.c
[10.152s] -- Installing: /workspace/build_ws/install/include/icrane_msgs/msg/detail/vector2_d__rosidl_typesupport_introspection_c.h
[10.152s] -- Installing: /workspace/build_ws/install/include/icrane_msgs/msg/detail/tracked_entities__rosidl_typesupport_introspection_c.h
[10.152s] -- Installing: /workspace/build_ws/install/include/icrane_msgs/msg/detail/detection_seg2_d__rosidl_typesupport_introspection_c.h
[10.152s] -- Installing: /workspace/build_ws/install/include/icrane_msgs/msg/detail/modeling__type_support.c
[10.152s] -- Installing: /workspace/build_ws/install/include/icrane_msgs/msg/detail/detection2_d_array__rosidl_typesupport_introspection_c.h
[10.152s] -- Installing: /workspace/build_ws/install/include/icrane_msgs/msg/detail/bounding_box2_d__rosidl_typesupport_introspection_c.h
[10.152s] -- Installing: /workspace/build_ws/install/include/icrane_msgs/msg/detail/detection_seg3_d_array__rosidl_typesupport_introspection_c.h
[10.153s] -- Installing: /workspace/build_ws/install/include/icrane_msgs/msg/detail/vector2_d__type_support.c
[10.153s] -- Installing: /workspace/build_ws/install/lib/libicrane_msgs__rosidl_typesupport_introspection_c.so
[10.153s] -- Set runtime path of "/workspace/build_ws/install/lib/libicrane_msgs__rosidl_typesupport_introspection_c.so" to ""
[10.153s] -- Installing: /workspace/build_ws/install/lib/libicrane_msgs__rosidl_typesupport_c.so
[10.153s] -- Set runtime path of "/workspace/build_ws/install/lib/libicrane_msgs__rosidl_typesupport_c.so" to ""
[10.154s] -- Up-to-date: /workspace/build_ws/install/include/icrane_msgs
[10.154s] -- Up-to-date: /workspace/build_ws/install/include/icrane_msgs/msg
[10.154s] -- Installing: /workspace/build_ws/install/include/icrane_msgs/msg/detection_seg2_d.hpp
[10.154s] -- Installing: /workspace/build_ws/install/include/icrane_msgs/msg/vector2_d.hpp
[10.154s] -- Installing: /workspace/build_ws/install/include/icrane_msgs/msg/tracked_entities.hpp
[10.154s] -- Installing: /workspace/build_ws/install/include/icrane_msgs/msg/rosidl_generator_cpp__visibility_control.hpp
[10.154s] -- Installing: /workspace/build_ws/install/include/icrane_msgs/msg/polygon2_d.hpp
[10.154s] -- Installing: /workspace/build_ws/install/include/icrane_msgs/msg/detection2_d.hpp
[10.154s] -- Installing: /workspace/build_ws/install/include/icrane_msgs/msg/detection_seg2_d_array.hpp
[10.154s] -- Installing: /workspace/build_ws/install/include/icrane_msgs/msg/bounding_box2_d.hpp
[10.154s] -- Installing: /workspace/build_ws/install/include/icrane_msgs/msg/modeling.hpp
[10.154s] -- Installing: /workspace/build_ws/install/include/icrane_msgs/msg/detection_seg3_d.hpp
[10.155s] -- Installing: /workspace/build_ws/install/include/icrane_msgs/msg/pose2_d.hpp
[10.155s] -- Installing: /workspace/build_ws/install/include/icrane_msgs/msg/detection_seg3_d_array.hpp
[10.155s] -- Up-to-date: /workspace/build_ws/install/include/icrane_msgs/msg/detail
[10.155s] -- Installing: /workspace/build_ws/install/include/icrane_msgs/msg/detail/detection_seg3_d__type_support.hpp
[10.155s] -- Installing: /workspace/build_ws/install/include/icrane_msgs/msg/detail/tracked_entities__traits.hpp
[10.155s] -- Installing: /workspace/build_ws/install/include/icrane_msgs/msg/detail/bounding_box2_d__struct.hpp
[10.155s] -- Installing: /workspace/build_ws/install/include/icrane_msgs/msg/detail/detection2_d__builder.hpp
[10.155s] -- Installing: /workspace/build_ws/install/include/icrane_msgs/msg/detail/detection2_d_array__builder.hpp
[10.155s] -- Installing: /workspace/build_ws/install/include/icrane_msgs/msg/detail/modeling__type_support.hpp
[10.155s] -- Installing: /workspace/build_ws/install/include/icrane_msgs/msg/detail/bounding_box2_d__traits.hpp
[10.155s] -- Installing: /workspace/build_ws/install/include/icrane_msgs/msg/detail/detection_seg2_d__traits.hpp
[10.156s] -- Installing: /workspace/build_ws/install/include/icrane_msgs/msg/detail/detection_seg2_d__builder.hpp
[10.156s] -- Installing: /workspace/build_ws/install/include/icrane_msgs/msg/detail/omniverse_info__builder.hpp
[10.156s] -- Installing: /workspace/build_ws/install/include/icrane_msgs/msg/detail/modeling__traits.hpp
[10.156s] -- Installing: /workspace/build_ws/install/include/icrane_msgs/msg/detail/detection_seg2_d_array__traits.hpp
[10.156s] -- Installing: /workspace/build_ws/install/include/icrane_msgs/msg/detail/tracked_entities__builder.hpp
[10.156s] -- Installing: /workspace/build_ws/install/include/icrane_msgs/msg/detail/vector2_d__traits.hpp
[10.156s] -- Installing: /workspace/build_ws/install/include/icrane_msgs/msg/detail/detection2_d_array__struct.hpp
[10.156s] -- Installing: /workspace/build_ws/install/include/icrane_msgs/msg/detail/detection_seg3_d_array__traits.hpp
[10.156s] -- Installing: /workspace/build_ws/install/include/icrane_msgs/msg/detail/detection_seg2_d_array__type_support.hpp
[10.156s] -- Installing: /workspace/build_ws/install/include/icrane_msgs/msg/detail/vector2_d__builder.hpp
[10.156s] -- Installing: /workspace/build_ws/install/include/icrane_msgs/msg/detail/detection_seg3_d_array__struct.hpp
[10.157s] -- Installing: /workspace/build_ws/install/include/icrane_msgs/msg/detail/tracked_entities__type_support.hpp
[10.157s] -- Installing: /workspace/build_ws/install/include/icrane_msgs/msg/detail/pose2_d__traits.hpp
[10.157s] -- Installing: /workspace/build_ws/install/include/icrane_msgs/msg/detail/polygon2_d__type_support.hpp
[10.157s] -- Installing: /workspace/build_ws/install/include/icrane_msgs/msg/detail/omniverse_info__struct.hpp
[10.157s] -- Installing: /workspace/build_ws/install/include/icrane_msgs/msg/detail/polygon2_d__traits.hpp
[10.157s] -- Installing: /workspace/build_ws/install/include/icrane_msgs/msg/detail/detection_seg3_d__builder.hpp
[10.157s] -- Installing: /workspace/build_ws/install/include/icrane_msgs/msg/detail/detection2_d_array__traits.hpp
[10.157s] -- Installing: /workspace/build_ws/install/include/icrane_msgs/msg/detail/detection_seg2_d_array__struct.hpp
[10.157s] -- Installing: /workspace/build_ws/install/include/icrane_msgs/msg/detail/polygon2_d__struct.hpp
[10.157s] -- Installing: /workspace/build_ws/install/include/icrane_msgs/msg/detail/detection_seg3_d_array__type_support.hpp
[10.158s] -- Installing: /workspace/build_ws/install/include/icrane_msgs/msg/detail/modeling__struct.hpp
[10.158s] -- Installing: /workspace/build_ws/install/include/icrane_msgs/msg/detail/detection_seg2_d__type_support.hpp
[10.158s] -- Installing: /workspace/build_ws/install/include/icrane_msgs/msg/detail/vector2_d__struct.hpp
[10.158s] -- Installing: /workspace/build_ws/install/include/icrane_msgs/msg/detail/detection_seg3_d__struct.hpp
[10.158s] -- Installing: /workspace/build_ws/install/include/icrane_msgs/msg/detail/pose2_d__struct.hpp
[10.158s] -- Installing: /workspace/build_ws/install/include/icrane_msgs/msg/detail/omniverse_info__type_support.hpp
[10.158s] -- Installing: /workspace/build_ws/install/include/icrane_msgs/msg/detail/detection_seg3_d_array__builder.hpp
[10.158s] -- Installing: /workspace/build_ws/install/include/icrane_msgs/msg/detail/omniverse_info__traits.hpp
[10.158s] -- Installing: /workspace/build_ws/install/include/icrane_msgs/msg/detail/detection2_d_array__type_support.hpp
[10.158s] -- Installing: /workspace/build_ws/install/include/icrane_msgs/msg/detail/detection2_d__struct.hpp
[10.158s] -- Installing: /workspace/build_ws/install/include/icrane_msgs/msg/detail/detection_seg2_d__struct.hpp
[10.159s] -- Installing: /workspace/build_ws/install/include/icrane_msgs/msg/detail/vector2_d__type_support.hpp
[10.159s] -- Installing: /workspace/build_ws/install/include/icrane_msgs/msg/detail/pose2_d__builder.hpp
[10.159s] -- Installing: /workspace/build_ws/install/include/icrane_msgs/msg/detail/detection2_d__type_support.hpp
[10.159s] -- Installing: /workspace/build_ws/install/include/icrane_msgs/msg/detail/detection2_d__traits.hpp
[10.159s] -- Installing: /workspace/build_ws/install/include/icrane_msgs/msg/detail/bounding_box2_d__builder.hpp
[10.159s] -- Installing: /workspace/build_ws/install/include/icrane_msgs/msg/detail/detection_seg2_d_array__builder.hpp
[10.159s] -- Installing: /workspace/build_ws/install/include/icrane_msgs/msg/detail/bounding_box2_d__type_support.hpp
[10.159s] -- Installing: /workspace/build_ws/install/include/icrane_msgs/msg/detail/polygon2_d__builder.hpp
[10.159s] -- Installing: /workspace/build_ws/install/include/icrane_msgs/msg/detail/detection_seg3_d__traits.hpp
[10.159s] -- Installing: /workspace/build_ws/install/include/icrane_msgs/msg/detail/tracked_entities__struct.hpp
[10.160s] -- Installing: /workspace/build_ws/install/include/icrane_msgs/msg/detail/modeling__builder.hpp
[10.160s] -- Installing: /workspace/build_ws/install/include/icrane_msgs/msg/detail/pose2_d__type_support.hpp
[10.160s] -- Installing: /workspace/build_ws/install/include/icrane_msgs/msg/omniverse_info.hpp
[10.160s] -- Installing: /workspace/build_ws/install/include/icrane_msgs/msg/detection2_d_array.hpp
[10.160s] -- Up-to-date: /workspace/build_ws/install/include/icrane_msgs
[10.160s] -- Up-to-date: /workspace/build_ws/install/include/icrane_msgs/msg
[10.160s] -- Up-to-date: /workspace/build_ws/install/include/icrane_msgs/msg/detail
[10.160s] -- Installing: /workspace/build_ws/install/include/icrane_msgs/msg/detail/detection2_d__rosidl_typesupport_introspection_cpp.hpp
[10.160s] -- Installing: /workspace/build_ws/install/include/icrane_msgs/msg/detail/bounding_box2_d__type_support.cpp
[10.160s] -- Installing: /workspace/build_ws/install/include/icrane_msgs/msg/detail/bounding_box2_d__rosidl_typesupport_introspection_cpp.hpp
[10.160s] -- Installing: /workspace/build_ws/install/include/icrane_msgs/msg/detail/pose2_d__type_support.cpp
[10.161s] -- Installing: /workspace/build_ws/install/include/icrane_msgs/msg/detail/detection_seg2_d_array__type_support.cpp
[10.161s] -- Installing: /workspace/build_ws/install/include/icrane_msgs/msg/detail/modeling__type_support.cpp
[10.161s] -- Installing: /workspace/build_ws/install/include/icrane_msgs/msg/detail/omniverse_info__type_support.cpp
[10.161s] -- Installing: /workspace/build_ws/install/include/icrane_msgs/msg/detail/polygon2_d__type_support.cpp
[10.161s] -- Installing: /workspace/build_ws/install/include/icrane_msgs/msg/detail/pose2_d__rosidl_typesupport_introspection_cpp.hpp
[10.161s] -- Installing: /workspace/build_ws/install/include/icrane_msgs/msg/detail/detection_seg2_d_array__rosidl_typesupport_introspection_cpp.hpp
[10.161s] -- Installing: /workspace/build_ws/install/include/icrane_msgs/msg/detail/detection_seg3_d_array__type_support.cpp
[10.161s] -- Installing: /workspace/build_ws/install/include/icrane_msgs/msg/detail/tracked_entities__type_support.cpp
[10.161s] -- Installing: /workspace/build_ws/install/include/icrane_msgs/msg/detail/vector2_d__type_support.cpp
[10.161s] -- Installing: /workspace/build_ws/install/include/icrane_msgs/msg/detail/detection_seg3_d_array__rosidl_typesupport_introspection_cpp.hpp
[10.162s] -- Installing: /workspace/build_ws/install/include/icrane_msgs/msg/detail/tracked_entities__rosidl_typesupport_introspection_cpp.hpp
[10.162s] -- Installing: /workspace/build_ws/install/include/icrane_msgs/msg/detail/detection_seg2_d__type_support.cpp
[10.162s] -- Installing: /workspace/build_ws/install/include/icrane_msgs/msg/detail/vector2_d__rosidl_typesupport_introspection_cpp.hpp
[10.162s] -- Installing: /workspace/build_ws/install/include/icrane_msgs/msg/detail/detection2_d_array__rosidl_typesupport_introspection_cpp.hpp
[10.162s] -- Installing: /workspace/build_ws/install/include/icrane_msgs/msg/detail/detection_seg2_d__rosidl_typesupport_introspection_cpp.hpp
[10.162s] -- Installing: /workspace/build_ws/install/include/icrane_msgs/msg/detail/detection_seg3_d__rosidl_typesupport_introspection_cpp.hpp
[10.162s] -- Installing: /workspace/build_ws/install/include/icrane_msgs/msg/detail/polygon2_d__rosidl_typesupport_introspection_cpp.hpp
[10.162s] -- Installing: /workspace/build_ws/install/include/icrane_msgs/msg/detail/omniverse_info__rosidl_typesupport_introspection_cpp.hpp
[10.162s] -- Installing: /workspace/build_ws/install/include/icrane_msgs/msg/detail/detection_seg3_d__type_support.cpp
[10.162s] -- Installing: /workspace/build_ws/install/include/icrane_msgs/msg/detail/detection2_d_array__type_support.cpp
[10.162s] -- Installing: /workspace/build_ws/install/include/icrane_msgs/msg/detail/detection2_d__type_support.cpp
[10.163s] -- Installing: /workspace/build_ws/install/include/icrane_msgs/msg/detail/modeling__rosidl_typesupport_introspection_cpp.hpp
[10.163s] -- Installing: /workspace/build_ws/install/lib/libicrane_msgs__rosidl_typesupport_introspection_cpp.so
[10.163s] -- Set runtime path of "/workspace/build_ws/install/lib/libicrane_msgs__rosidl_typesupport_introspection_cpp.so" to ""
[10.163s] -- Installing: /workspace/build_ws/install/lib/libicrane_msgs__rosidl_typesupport_cpp.so
[10.164s] -- Set runtime path of "/workspace/build_ws/install/lib/libicrane_msgs__rosidl_typesupport_cpp.so" to ""
[10.164s] -- Installing: /workspace/build_ws/install/share/icrane_msgs/environment/pythonpath.sh
[10.164s] -- Installing: /workspace/build_ws/install/share/icrane_msgs/environment/pythonpath.dsv
[10.164s] -- Installing: /workspace/build_ws/install/lib/python3.10/site-packages/icrane_msgs/__init__.py
[10.196s] Compiling '/workspace/build_ws/install/lib/python3.10/site-packages/icrane_msgs/__init__.py'...
[10.199s] -- Installing: /workspace/build_ws/install/lib/python3.10/site-packages/icrane_msgs/msg
[10.199s] -- Installing: /workspace/build_ws/install/lib/python3.10/site-packages/icrane_msgs/msg/_modeling_s.c
[10.199s] -- Installing: /workspace/build_ws/install/lib/python3.10/site-packages/icrane_msgs/msg/_vector2_d.py
[10.199s] -- Installing: /workspace/build_ws/install/lib/python3.10/site-packages/icrane_msgs/msg/_vector2_d_s.c
[10.199s] -- Installing: /workspace/build_ws/install/lib/python3.10/site-packages/icrane_msgs/msg/_bounding_box2_d.py
[10.200s] -- Installing: /workspace/build_ws/install/lib/python3.10/site-packages/icrane_msgs/msg/_detection2_d_array.py
[10.200s] -- Installing: /workspace/build_ws/install/lib/python3.10/site-packages/icrane_msgs/msg/_tracked_entities.py
[10.200s] -- Installing: /workspace/build_ws/install/lib/python3.10/site-packages/icrane_msgs/msg/_tracked_entities_s.c
[10.200s] -- Installing: /workspace/build_ws/install/lib/python3.10/site-packages/icrane_msgs/msg/_detection_seg3_d_array_s.c
[10.200s] -- Installing: /workspace/build_ws/install/lib/python3.10/site-packages/icrane_msgs/msg/_detection_seg3_d.py
[10.200s] -- Installing: /workspace/build_ws/install/lib/python3.10/site-packages/icrane_msgs/msg/_detection2_d_array_s.c
[10.200s] -- Installing: /workspace/build_ws/install/lib/python3.10/site-packages/icrane_msgs/msg/_polygon2_d.py
[10.200s] -- Installing: /workspace/build_ws/install/lib/python3.10/site-packages/icrane_msgs/msg/_modeling.py
[10.201s] -- Installing: /workspace/build_ws/install/lib/python3.10/site-packages/icrane_msgs/msg/_omniverse_info.py
[10.201s] -- Installing: /workspace/build_ws/install/lib/python3.10/site-packages/icrane_msgs/msg/_detection_seg3_d_s.c
[10.201s] -- Installing: /workspace/build_ws/install/lib/python3.10/site-packages/icrane_msgs/msg/_omniverse_info_s.c
[10.201s] -- Installing: /workspace/build_ws/install/lib/python3.10/site-packages/icrane_msgs/msg/_pose2_d.py
[10.201s] -- Installing: /workspace/build_ws/install/lib/python3.10/site-packages/icrane_msgs/msg/_detection_seg2_d_s.c
[10.201s] -- Installing: /workspace/build_ws/install/lib/python3.10/site-packages/icrane_msgs/msg/_detection2_d_s.c
[10.202s] -- Installing: /workspace/build_ws/install/lib/python3.10/site-packages/icrane_msgs/msg/_detection2_d.py
[10.202s] -- Installing: /workspace/build_ws/install/lib/python3.10/site-packages/icrane_msgs/msg/__init__.py
[10.202s] -- Installing: /workspace/build_ws/install/lib/python3.10/site-packages/icrane_msgs/msg/_polygon2_d_s.c
[10.202s] -- Installing: /workspace/build_ws/install/lib/python3.10/site-packages/icrane_msgs/msg/_detection_seg2_d_array_s.c
[10.202s] -- Installing: /workspace/build_ws/install/lib/python3.10/site-packages/icrane_msgs/msg/_pose2_d_s.c
[10.202s] -- Installing: /workspace/build_ws/install/lib/python3.10/site-packages/icrane_msgs/msg/_detection_seg2_d.py
[10.202s] -- Installing: /workspace/build_ws/install/lib/python3.10/site-packages/icrane_msgs/msg/_detection_seg2_d_array.py
[10.202s] -- Installing: /workspace/build_ws/install/lib/python3.10/site-packages/icrane_msgs/msg/_detection_seg3_d_array.py
[10.203s] -- Installing: /workspace/build_ws/install/lib/python3.10/site-packages/icrane_msgs/msg/_bounding_box2_d_s.c
[10.203s] -- Installing: /workspace/build_ws/install/lib/python3.10/site-packages/icrane_msgs/icrane_msgs_s__rosidl_typesupport_fastrtps_c.cpython-310-x86_64-linux-gnu.so
[10.203s] -- Set runtime path of "/workspace/build_ws/install/lib/python3.10/site-packages/icrane_msgs/icrane_msgs_s__rosidl_typesupport_fastrtps_c.cpython-310-x86_64-linux-gnu.so" to ""
[10.203s] -- Installing: /workspace/build_ws/install/lib/python3.10/site-packages/icrane_msgs/icrane_msgs_s__rosidl_typesupport_introspection_c.cpython-310-x86_64-linux-gnu.so
[10.204s] -- Set runtime path of "/workspace/build_ws/install/lib/python3.10/site-packages/icrane_msgs/icrane_msgs_s__rosidl_typesupport_introspection_c.cpython-310-x86_64-linux-gnu.so" to ""
[10.204s] -- Installing: /workspace/build_ws/install/lib/python3.10/site-packages/icrane_msgs/icrane_msgs_s__rosidl_typesupport_c.cpython-310-x86_64-linux-gnu.so
[10.205s] -- Set runtime path of "/workspace/build_ws/install/lib/python3.10/site-packages/icrane_msgs/icrane_msgs_s__rosidl_typesupport_c.cpython-310-x86_64-linux-gnu.so" to ""
[10.205s] -- Installing: /workspace/build_ws/install/lib/libicrane_msgs__python.so
[10.206s] -- Set runtime path of "/workspace/build_ws/install/lib/libicrane_msgs__python.so" to ""
[10.206s] -- Installing: /workspace/build_ws/install/share/icrane_msgs/msg/Vector2D.idl
[10.206s] -- Installing: /workspace/build_ws/install/share/icrane_msgs/msg/Pose2D.idl
[10.206s] -- Installing: /workspace/build_ws/install/share/icrane_msgs/msg/BoundingBox2D.idl
[10.206s] -- Installing: /workspace/build_ws/install/share/icrane_msgs/msg/Detection2D.idl
[10.206s] -- Installing: /workspace/build_ws/install/share/icrane_msgs/msg/Detection2DArray.idl
[10.206s] -- Installing: /workspace/build_ws/install/share/icrane_msgs/msg/DetectionSeg2D.idl
[10.207s] -- Installing: /workspace/build_ws/install/share/icrane_msgs/msg/DetectionSeg2DArray.idl
[10.207s] -- Installing: /workspace/build_ws/install/share/icrane_msgs/msg/Polygon2D.idl
[10.207s] -- Installing: /workspace/build_ws/install/share/icrane_msgs/msg/DetectionSeg3D.idl
[10.207s] -- Installing: /workspace/build_ws/install/share/icrane_msgs/msg/DetectionSeg3DArray.idl
[10.207s] -- Installing: /workspace/build_ws/install/share/icrane_msgs/msg/OmniverseInfo.idl
[10.207s] -- Installing: /workspace/build_ws/install/share/icrane_msgs/msg/TrackedEntities.idl
[10.208s] -- Installing: /workspace/build_ws/install/share/icrane_msgs/msg/Modeling.idl
[10.208s] -- Installing: /workspace/build_ws/install/share/icrane_msgs/msg/Vector2D.msg
[10.208s] -- Installing: /workspace/build_ws/install/share/icrane_msgs/msg/Pose2D.msg
[10.208s] -- Installing: /workspace/build_ws/install/share/icrane_msgs/msg/BoundingBox2D.msg
[10.208s] -- Installing: /workspace/build_ws/install/share/icrane_msgs/msg/Detection2D.msg
[10.209s] -- Installing: /workspace/build_ws/install/share/icrane_msgs/msg/Detection2DArray.msg
[10.209s] -- Installing: /workspace/build_ws/install/share/icrane_msgs/msg/DetectionSeg2D.msg
[10.209s] -- Installing: /workspace/build_ws/install/share/icrane_msgs/msg/DetectionSeg2DArray.msg
[10.209s] -- Installing: /workspace/build_ws/install/share/icrane_msgs/msg/Polygon2D.msg
[10.210s] -- Installing: /workspace/build_ws/install/share/icrane_msgs/msg/DetectionSeg3D.msg
[10.210s] -- Installing: /workspace/build_ws/install/share/icrane_msgs/msg/DetectionSeg3DArray.msg
[10.210s] -- Installing: /workspace/build_ws/install/share/icrane_msgs/msg/OmniverseInfo.msg
[10.210s] -- Installing: /workspace/build_ws/install/share/icrane_msgs/msg/TrackedEntities.msg
[10.210s] -- Installing: /workspace/build_ws/install/share/icrane_msgs/msg/Modeling.msg
[10.211s] -- Installing: /workspace/build_ws/install/share/ament_index/resource_index/package_run_dependencies/icrane_msgs
[10.211s] -- Installing: /workspace/build_ws/install/share/ament_index/resource_index/parent_prefix_path/icrane_msgs
[10.211s] -- Installing: /workspace/build_ws/install/share/icrane_msgs/environment/ament_prefix_path.sh
[10.211s] -- Installing: /workspace/build_ws/install/share/icrane_msgs/environment/ament_prefix_path.dsv
[10.212s] -- Installing: /workspace/build_ws/install/share/icrane_msgs/environment/path.sh
[10.212s] -- Installing: /workspace/build_ws/install/share/icrane_msgs/environment/path.dsv
[10.212s] -- Installing: /workspace/build_ws/install/share/icrane_msgs/local_setup.bash
[10.212s] -- Installing: /workspace/build_ws/install/share/icrane_msgs/local_setup.sh
[10.212s] -- Installing: /workspace/build_ws/install/share/icrane_msgs/local_setup.zsh
[10.213s] -- Installing: /workspace/build_ws/install/share/icrane_msgs/local_setup.dsv
[10.213s] -- Installing: /workspace/build_ws/install/share/icrane_msgs/package.dsv
[10.213s] -- Installing: /workspace/build_ws/install/share/ament_index/resource_index/packages/icrane_msgs
[10.213s] -- Installing: /workspace/build_ws/install/share/icrane_msgs/cmake/icrane_msgs__rosidl_generator_cExport.cmake
[10.213s] -- Installing: /workspace/build_ws/install/share/icrane_msgs/cmake/icrane_msgs__rosidl_generator_cExport-noconfig.cmake
[10.213s] -- Installing: /workspace/build_ws/install/share/icrane_msgs/cmake/icrane_msgs__rosidl_typesupport_introspection_cExport.cmake
[10.214s] -- Installing: /workspace/build_ws/install/share/icrane_msgs/cmake/icrane_msgs__rosidl_typesupport_introspection_cExport-noconfig.cmake
[10.214s] -- Installing: /workspace/build_ws/install/share/icrane_msgs/cmake/icrane_msgs__rosidl_typesupport_cExport.cmake
[10.214s] -- Installing: /workspace/build_ws/install/share/icrane_msgs/cmake/icrane_msgs__rosidl_typesupport_cExport-noconfig.cmake
[10.214s] -- Installing: /workspace/build_ws/install/share/icrane_msgs/cmake/icrane_msgs__rosidl_generator_cppExport.cmake
[10.214s] -- Installing: /workspace/build_ws/install/share/icrane_msgs/cmake/icrane_msgs__rosidl_typesupport_introspection_cppExport.cmake
[10.215s] -- Installing: /workspace/build_ws/install/share/icrane_msgs/cmake/icrane_msgs__rosidl_typesupport_introspection_cppExport-noconfig.cmake
[10.215s] -- Installing: /workspace/build_ws/install/share/icrane_msgs/cmake/icrane_msgs__rosidl_typesupport_cppExport.cmake
[10.215s] -- Installing: /workspace/build_ws/install/share/icrane_msgs/cmake/icrane_msgs__rosidl_typesupport_cppExport-noconfig.cmake
[10.215s] -- Installing: /workspace/build_ws/install/share/icrane_msgs/cmake/rosidl_cmake-extras.cmake
[10.215s] -- Installing: /workspace/build_ws/install/share/icrane_msgs/cmake/ament_cmake_export_dependencies-extras.cmake
[10.215s] -- Installing: /workspace/build_ws/install/share/icrane_msgs/cmake/ament_cmake_export_libraries-extras.cmake
[10.216s] -- Installing: /workspace/build_ws/install/share/icrane_msgs/cmake/ament_cmake_export_targets-extras.cmake
[10.216s] -- Installing: /workspace/build_ws/install/share/icrane_msgs/cmake/ament_cmake_export_include_directories-extras.cmake
[10.216s] -- Installing: /workspace/build_ws/install/share/icrane_msgs/cmake/rosidl_cmake_export_typesupport_libraries-extras.cmake
[10.216s] -- Installing: /workspace/build_ws/install/share/icrane_msgs/cmake/rosidl_cmake_export_typesupport_targets-extras.cmake
[10.216s] -- Installing: /workspace/build_ws/install/share/icrane_msgs/cmake/icrane_msgsConfig.cmake
[10.216s] -- Installing: /workspace/build_ws/install/share/icrane_msgs/cmake/icrane_msgsConfig-version.cmake
[10.217s] -- Installing: /workspace/build_ws/install/share/icrane_msgs/package.xml
[10.219s] Invoked command in '/workspace/build_ws/build/icrane_msgs' returned '0': /usr/bin/cmake --install /workspace/build_ws/build/icrane_msgs
