-- The C compiler identification is GNU 9.4.0
-- Check for working C compiler: /usr/bin/cc
-- Check for working C compiler: /usr/bin/cc -- works
-- Detecting C compiler ABI info
-- Detecting C compiler ABI info - done
-- Detecting C compile features
-- Detecting C compile features - done
-- Found ament_cmake_ros: 0.9.2 (/workspace/foxy_ws/install/share/ament_cmake_ros/cmake)
-- Found PythonInterp: /usr/bin/python3 (found suitable version "3.10.14", minimum required is "3") 
-- Using PYTHON_EXECUTABLE: /usr/bin/python3
-- Found rcutils: 1.1.5 (/workspace/foxy_ws/install/share/rcutils/cmake)
-- Found rosidl_typesupport_interface: 1.3.1 (/workspace/foxy_ws/install/share/rosidl_typesupport_interface/cmake)
-- Found ament_lint_auto: 0.9.8 (/workspace/foxy_ws/install/share/ament_lint_auto/cmake)
-- Found performance_test_fixture: 0.0.9 (/workspace/foxy_ws/install/share/performance_test_fixture/cmake)
-- The CXX compiler identification is GNU 9.4.0
-- Check for working CXX compiler: /usr/bin/c++
-- Check for working CXX compiler: /usr/bin/c++ -- works
-- Detecting CXX compiler ABI info
-- Detecting CXX compiler ABI info - done
-- Detecting CXX compile features
-- Detecting CXX compile features - done
-- Found gtest sources under '/workspace/foxy_ws/install/src/gtest_vendor': C++ tests using 'Google Test' will be built
-- Looking for pthread.h
-- Looking for pthread.h - found
-- Performing Test CMAKE_HAVE_LIBC_PTHREAD
-- Performing Test CMAKE_HAVE_LIBC_PTHREAD - Failed
-- Check if compiler accepts -pthread
-- Check if compiler accepts -pthread - yes
-- Found Threads: TRUE  
-- Performance tests are disabled by default, so Google Benchmark tests will be skipped. To enable these tests, set the CMake variable 'AMENT_RUN_PERFORMANCE_TESTS'.
-- Added test 'copyright' to check source files copyright and LICENSE
-- Added test 'cppcheck' to perform static code analysis on C / C++ code
-- Configured cppcheck include dirs: /workspace/foxy_ws/install/include;$<BUILD_INTERFACE:/workspace/foxy_ws/src/rosidl/rosidl_runtime_c/include>;/workspace/foxy_ws/src/rosidl/rosidl_runtime_c/include
-- Configured cppcheck exclude dirs and/or files: 
-- Added test 'cpplint' to check C / C++ code against the Google style
-- Configured cpplint exclude dirs and/or files: 
-- Added test 'lint_cmake' to check CMake code style
-- Added test 'uncrustify' to check C / C++ code style
-- Configured uncrustify additional arguments: 
-- Added test 'xmllint' to check XML markup files
-- Configuring done
-- Generating done
-- Build files have been written to: /workspace/foxy_ws/build/rosidl_runtime_c
Scanning dependencies of target rosidl_runtime_c
Scanning dependencies of target gtest_main
Scanning dependencies of target gtest
[  4%] Building C object CMakeFiles/rosidl_runtime_c.dir/src/message_type_support.c.o
[  8%] Building CXX object gtest/CMakeFiles/gtest.dir/src/gtest-all.cc.o
[ 12%] Building CXX object gtest/CMakeFiles/gtest_main.dir/src/gtest_main.cc.o
[ 16%] Building C object CMakeFiles/rosidl_runtime_c.dir/src/primitives_sequence_functions.c.o
[ 20%] Building C object CMakeFiles/rosidl_runtime_c.dir/src/sequence_bound.c.o
[ 24%] Building C object CMakeFiles/rosidl_runtime_c.dir/src/u16string_functions.c.o
[ 28%] Building C object CMakeFiles/rosidl_runtime_c.dir/src/string_functions.c.o
[ 32%] Building C object CMakeFiles/rosidl_runtime_c.dir/src/service_type_support.c.o
[ 36%] Linking C shared library librosidl_runtime_c.so
[ 36%] Built target rosidl_runtime_c
Scanning dependencies of target benchmark_string_conversion
[ 40%] Building CXX object CMakeFiles/benchmark_string_conversion.dir/test/benchmark/benchmark_string_conversion.cpp.o
[ 44%] Linking CXX static library libgtest_main.a
[ 44%] Built target gtest_main
[ 48%] Linking CXX executable benchmark_string_conversion
[ 48%] Built target benchmark_string_conversion
[ 52%] Linking CXX static library libgtest.a
[ 52%] Built target gtest
Scanning dependencies of target test_string_functions
Scanning dependencies of target test_primitives_sequence_functions
[ 56%] Building CXX object CMakeFiles/test_string_functions.dir/test/test_string_functions.cpp.o
Scanning dependencies of target test_sequence_bound
[ 60%] Building CXX object CMakeFiles/test_primitives_sequence_functions.dir/test/test_primitives_sequence_functions.cpp.o
[ 64%] Building CXX object CMakeFiles/test_sequence_bound.dir/test/test_sequence_bound.cpp.o
[ 68%] Linking CXX executable test_sequence_bound
[ 68%] Built target test_sequence_bound
Scanning dependencies of target test_u16string_functions
Scanning dependencies of target test_message_type_support
[ 72%] Building CXX object CMakeFiles/test_u16string_functions.dir/test/test_u16string_functions.cpp.o
[ 76%] Building CXX object CMakeFiles/test_message_type_support.dir/test/test_message_type_support.cpp.o
[ 80%] Linking CXX executable test_string_functions
[ 80%] Built target test_string_functions
Scanning dependencies of target test_service_type_support
[ 84%] Building CXX object CMakeFiles/test_service_type_support.dir/test/test_service_type_support.cpp.o
[ 88%] Linking CXX executable test_primitives_sequence_functions
[ 88%] Built target test_primitives_sequence_functions
[ 92%] Linking CXX executable test_message_type_support
[ 92%] Built target test_message_type_support
[ 96%] Linking CXX executable test_service_type_support
[100%] Linking CXX executable test_u16string_functions
[100%] Built target test_service_type_support
[100%] Built target test_u16string_functions
-- Install configuration: ""
-- Installing: /workspace/foxy_ws/install/share/rosidl_runtime_c/environment/library_path.sh
-- Installing: /workspace/foxy_ws/install/share/rosidl_runtime_c/environment/library_path.dsv
-- Installing: /workspace/foxy_ws/install/share/ament_index/resource_index/rosidl_runtime_packages/rosidl_runtime_c
-- Up-to-date: /workspace/foxy_ws/install/include
-- Installing: /workspace/foxy_ws/install/include/rosidl_runtime_c
-- Installing: /workspace/foxy_ws/install/include/rosidl_runtime_c/message_initialization.h
-- Installing: /workspace/foxy_ws/install/include/rosidl_runtime_c/string.h
-- Installing: /workspace/foxy_ws/install/include/rosidl_runtime_c/primitives_sequence_functions.h
-- Installing: /workspace/foxy_ws/install/include/rosidl_runtime_c/message_type_support_struct.h
-- Installing: /workspace/foxy_ws/install/include/rosidl_runtime_c/action_type_support_struct.h
-- Installing: /workspace/foxy_ws/install/include/rosidl_runtime_c/string_bound.h
-- Installing: /workspace/foxy_ws/install/include/rosidl_runtime_c/string_functions.h
-- Installing: /workspace/foxy_ws/install/include/rosidl_runtime_c/service_type_support_struct.h
-- Installing: /workspace/foxy_ws/install/include/rosidl_runtime_c/primitives_sequence.h
-- Installing: /workspace/foxy_ws/install/include/rosidl_runtime_c/visibility_control.h
-- Installing: /workspace/foxy_ws/install/include/rosidl_runtime_c/u16string.h
-- Installing: /workspace/foxy_ws/install/include/rosidl_runtime_c/sequence_bound.h
-- Installing: /workspace/foxy_ws/install/include/rosidl_runtime_c/u16string_functions.h
-- Installing: /workspace/foxy_ws/install/lib/librosidl_runtime_c.so
-- Set runtime path of "/workspace/foxy_ws/install/lib/librosidl_runtime_c.so" to ""
-- Installing: /workspace/foxy_ws/install/share/ament_index/resource_index/package_run_dependencies/rosidl_runtime_c
-- Installing: /workspace/foxy_ws/install/share/ament_index/resource_index/parent_prefix_path/rosidl_runtime_c
-- Installing: /workspace/foxy_ws/install/share/rosidl_runtime_c/environment/ament_prefix_path.sh
-- Installing: /workspace/foxy_ws/install/share/rosidl_runtime_c/environment/ament_prefix_path.dsv
-- Installing: /workspace/foxy_ws/install/share/rosidl_runtime_c/environment/path.sh
-- Installing: /workspace/foxy_ws/install/share/rosidl_runtime_c/environment/path.dsv
-- Installing: /workspace/foxy_ws/install/share/rosidl_runtime_c/local_setup.bash
-- Installing: /workspace/foxy_ws/install/share/rosidl_runtime_c/local_setup.sh
-- Installing: /workspace/foxy_ws/install/share/rosidl_runtime_c/local_setup.zsh
-- Installing: /workspace/foxy_ws/install/share/rosidl_runtime_c/local_setup.dsv
-- Installing: /workspace/foxy_ws/install/share/rosidl_runtime_c/package.dsv
-- Installing: /workspace/foxy_ws/install/share/ament_index/resource_index/packages/rosidl_runtime_c
-- Installing: /workspace/foxy_ws/install/share/rosidl_runtime_c/cmake/rosidl_runtime_cExport.cmake
-- Installing: /workspace/foxy_ws/install/share/rosidl_runtime_c/cmake/rosidl_runtime_cExport-noconfig.cmake
-- Installing: /workspace/foxy_ws/install/share/rosidl_runtime_c/cmake/ament_cmake_export_dependencies-extras.cmake
-- Installing: /workspace/foxy_ws/install/share/rosidl_runtime_c/cmake/ament_cmake_export_include_directories-extras.cmake
-- Installing: /workspace/foxy_ws/install/share/rosidl_runtime_c/cmake/ament_cmake_export_libraries-extras.cmake
-- Installing: /workspace/foxy_ws/install/share/rosidl_runtime_c/cmake/ament_cmake_export_targets-extras.cmake
-- Installing: /workspace/foxy_ws/install/share/rosidl_runtime_c/cmake/rosidl_runtime_cConfig.cmake
-- Installing: /workspace/foxy_ws/install/share/rosidl_runtime_c/cmake/rosidl_runtime_cConfig-version.cmake
-- Installing: /workspace/foxy_ws/install/share/rosidl_runtime_c/package.xml
