[0.066s] Invoking command in '/workspace/foxy_ws/build/rosidl_runtime_c': AMENT_PREFIX_PATH=/workspace/foxy_ws/install CMAKE_PREFIX_PATH=/workspace/foxy_ws/install LD_LIBRARY_PATH=/workspace/foxy_ws/install/lib PATH=/workspace/foxy_ws/install/bin:${PATH} PKG_CONFIG_PATH=/workspace/foxy_ws/install/lib/x86_64-linux-gnu/pkgconfig:/workspace/foxy_ws/install/lib/pkgconfig PYTHONPATH=/workspace/foxy_ws/install/lib/python3.10/site-packages /usr/bin/cmake /workspace/foxy_ws/src/rosidl/rosidl_runtime_c -DCMAKE_INSTALL_PREFIX=/workspace/foxy_ws/install
[0.107s] -- The C compiler identification is GNU 9.4.0
[0.111s] -- Check for working C compiler: /usr/bin/cc
[0.331s] -- Check for working C compiler: /usr/bin/cc -- works
[0.332s] -- Detecting C compiler ABI info
[0.386s] -- Detecting C compiler ABI info - done
[0.394s] -- Detecting C compile features
[0.394s] -- Detecting C compile features - done
[0.395s] -- Found ament_cmake_ros: 0.9.2 (/workspace/foxy_ws/install/share/ament_cmake_ros/cmake)
[0.416s] -- Found PythonInterp: /usr/bin/python3 (found suitable version "3.10.14", minimum required is "3") 
[0.416s] -- Using PYTHON_EXECUTABLE: /usr/bin/python3
[0.552s] -- Found rcutils: 1.1.5 (/workspace/foxy_ws/install/share/rcutils/cmake)
[0.557s] -- Found rosidl_typesupport_interface: 1.3.1 (/workspace/foxy_ws/install/share/rosidl_typesupport_interface/cmake)
[0.561s] -- Found ament_lint_auto: 0.9.8 (/workspace/foxy_ws/install/share/ament_lint_auto/cmake)
[0.561s] -- Found performance_test_fixture: 0.0.9 (/workspace/foxy_ws/install/share/performance_test_fixture/cmake)
[0.685s] -- The CXX compiler identification is GNU 9.4.0
[0.688s] -- Check for working CXX compiler: /usr/bin/c++
[0.759s] -- Check for working CXX compiler: /usr/bin/c++ -- works
[0.761s] -- Detecting CXX compiler ABI info
[0.831s] -- Detecting CXX compiler ABI info - done
[0.845s] -- Detecting CXX compile features
[0.846s] -- Detecting CXX compile features - done
[0.848s] -- Found gtest sources under '/workspace/foxy_ws/install/src/gtest_vendor': C++ tests using 'Google Test' will be built
[0.850s] -- Looking for pthread.h
[0.933s] -- Looking for pthread.h - found
[0.933s] -- Performing Test CMAKE_HAVE_LIBC_PTHREAD
[1.009s] -- Performing Test CMAKE_HAVE_LIBC_PTHREAD - Failed
[1.009s] -- Check if compiler accepts -pthread
[1.077s] -- Check if compiler accepts -pthread - yes
[1.078s] -- Found Threads: TRUE  
[1.091s] -- Performance tests are disabled by default, so Google Benchmark tests will be skipped. To enable these tests, set the CMake variable 'AMENT_RUN_PERFORMANCE_TESTS'.
[1.099s] -- Added test 'copyright' to check source files copyright and LICENSE
[1.106s] -- Added test 'cppcheck' to perform static code analysis on C / C++ code
[1.107s] -- Configured cppcheck include dirs: /workspace/foxy_ws/install/include;$<BUILD_INTERFACE:/workspace/foxy_ws/src/rosidl/rosidl_runtime_c/include>;/workspace/foxy_ws/src/rosidl/rosidl_runtime_c/include
[1.107s] -- Configured cppcheck exclude dirs and/or files: 
[1.114s] -- Added test 'cpplint' to check C / C++ code against the Google style
[1.114s] -- Configured cpplint exclude dirs and/or files: 
[1.117s] -- Added test 'lint_cmake' to check CMake code style
[1.127s] -- Added test 'uncrustify' to check C / C++ code style
[1.127s] -- Configured uncrustify additional arguments: 
[1.127s] -- Added test 'xmllint' to check XML markup files
[1.130s] -- Configuring done
[1.148s] -- Generating done
[1.149s] -- Build files have been written to: /workspace/foxy_ws/build/rosidl_runtime_c
[1.155s] Invoked command in '/workspace/foxy_ws/build/rosidl_runtime_c' returned '0': AMENT_PREFIX_PATH=/workspace/foxy_ws/install CMAKE_PREFIX_PATH=/workspace/foxy_ws/install LD_LIBRARY_PATH=/workspace/foxy_ws/install/lib PATH=/workspace/foxy_ws/install/bin:${PATH} PKG_CONFIG_PATH=/workspace/foxy_ws/install/lib/x86_64-linux-gnu/pkgconfig:/workspace/foxy_ws/install/lib/pkgconfig PYTHONPATH=/workspace/foxy_ws/install/lib/python3.10/site-packages /usr/bin/cmake /workspace/foxy_ws/src/rosidl/rosidl_runtime_c -DCMAKE_INSTALL_PREFIX=/workspace/foxy_ws/install
[1.155s] Invoking command in '/workspace/foxy_ws/build/rosidl_runtime_c': AMENT_PREFIX_PATH=/workspace/foxy_ws/install CMAKE_PREFIX_PATH=/workspace/foxy_ws/install LD_LIBRARY_PATH=/workspace/foxy_ws/install/lib PATH=/workspace/foxy_ws/install/bin:${PATH} PKG_CONFIG_PATH=/workspace/foxy_ws/install/lib/x86_64-linux-gnu/pkgconfig:/workspace/foxy_ws/install/lib/pkgconfig PYTHONPATH=/workspace/foxy_ws/install/lib/python3.10/site-packages /usr/bin/cmake --build /workspace/foxy_ws/build/rosidl_runtime_c -- -j12 -l12
[1.193s] Scanning dependencies of target rosidl_runtime_c
[1.194s] Scanning dependencies of target gtest_main
[1.201s] Scanning dependencies of target gtest
[1.208s] [  4%] Building C object CMakeFiles/rosidl_runtime_c.dir/src/message_type_support.c.o
[1.213s] [  8%] Building CXX object gtest/CMakeFiles/gtest.dir/src/gtest-all.cc.o
[1.215s] [ 12%] Building CXX object gtest/CMakeFiles/gtest_main.dir/src/gtest_main.cc.o
[1.222s] [ 16%] Building C object CMakeFiles/rosidl_runtime_c.dir/src/primitives_sequence_functions.c.o
[1.236s] [ 20%] Building C object CMakeFiles/rosidl_runtime_c.dir/src/sequence_bound.c.o
[1.258s] [ 24%] Building C object CMakeFiles/rosidl_runtime_c.dir/src/u16string_functions.c.o
[1.279s] [ 28%] Building C object CMakeFiles/rosidl_runtime_c.dir/src/string_functions.c.o
[1.333s] [ 32%] Building C object CMakeFiles/rosidl_runtime_c.dir/src/service_type_support.c.o
[1.374s] [ 36%] Linking C shared library librosidl_runtime_c.so
[1.421s] [ 36%] Built target rosidl_runtime_c
[1.445s] Scanning dependencies of target benchmark_string_conversion
[1.464s] [ 40%] Building CXX object CMakeFiles/benchmark_string_conversion.dir/test/benchmark/benchmark_string_conversion.cpp.o
[2.145s] [ 44%] Linking CXX static library libgtest_main.a
[2.193s] [ 44%] Built target gtest_main
[2.528s] [ 48%] Linking CXX executable benchmark_string_conversion
[2.619s] [ 48%] Built target benchmark_string_conversion
[4.860s] [ 52%] Linking CXX static library libgtest.a
[4.950s] [ 52%] Built target gtest
[4.970s] Scanning dependencies of target test_string_functions
[4.972s] Scanning dependencies of target test_primitives_sequence_functions
[4.984s] [ 56%] Building CXX object CMakeFiles/test_string_functions.dir/test/test_string_functions.cpp.o
[4.990s] Scanning dependencies of target test_sequence_bound
[5.015s] [ 60%] Building CXX object CMakeFiles/test_primitives_sequence_functions.dir/test/test_primitives_sequence_functions.cpp.o
[5.040s] [ 64%] Building CXX object CMakeFiles/test_sequence_bound.dir/test/test_sequence_bound.cpp.o
[6.313s] [ 68%] Linking CXX executable test_sequence_bound
[6.654s] [ 68%] Built target test_sequence_bound
[6.747s] Scanning dependencies of target test_u16string_functions
[6.751s] Scanning dependencies of target test_message_type_support
[6.813s] [ 72%] Building CXX object CMakeFiles/test_u16string_functions.dir/test/test_u16string_functions.cpp.o
[6.833s] [ 76%] Building CXX object CMakeFiles/test_message_type_support.dir/test/test_message_type_support.cpp.o
[6.833s] [ 80%] Linking CXX executable test_string_functions
[7.455s] [ 80%] Built target test_string_functions
[7.551s] Scanning dependencies of target test_service_type_support
[7.611s] [ 84%] Building CXX object CMakeFiles/test_service_type_support.dir/test/test_service_type_support.cpp.o
[7.630s] [ 88%] Linking CXX executable test_primitives_sequence_functions
[8.404s] [ 88%] Built target test_primitives_sequence_functions
[9.269s] [ 92%] Linking CXX executable test_message_type_support
[9.553s] [ 92%] Built target test_message_type_support
[10.111s] [ 96%] Linking CXX executable test_service_type_support
[10.293s] [100%] Linking CXX executable test_u16string_functions
[10.458s] [100%] Built target test_service_type_support
[10.666s] [100%] Built target test_u16string_functions
[10.680s] Invoked command in '/workspace/foxy_ws/build/rosidl_runtime_c' returned '0': AMENT_PREFIX_PATH=/workspace/foxy_ws/install CMAKE_PREFIX_PATH=/workspace/foxy_ws/install LD_LIBRARY_PATH=/workspace/foxy_ws/install/lib PATH=/workspace/foxy_ws/install/bin:${PATH} PKG_CONFIG_PATH=/workspace/foxy_ws/install/lib/x86_64-linux-gnu/pkgconfig:/workspace/foxy_ws/install/lib/pkgconfig PYTHONPATH=/workspace/foxy_ws/install/lib/python3.10/site-packages /usr/bin/cmake --build /workspace/foxy_ws/build/rosidl_runtime_c -- -j12 -l12
[10.712s] Invoking command in '/workspace/foxy_ws/build/rosidl_runtime_c': AMENT_PREFIX_PATH=/workspace/foxy_ws/install CMAKE_PREFIX_PATH=/workspace/foxy_ws/install LD_LIBRARY_PATH=/workspace/foxy_ws/install/lib PATH=/workspace/foxy_ws/install/bin:${PATH} PKG_CONFIG_PATH=/workspace/foxy_ws/install/lib/x86_64-linux-gnu/pkgconfig:/workspace/foxy_ws/install/lib/pkgconfig PYTHONPATH=/workspace/foxy_ws/install/lib/python3.10/site-packages /usr/bin/cmake --install /workspace/foxy_ws/build/rosidl_runtime_c
[10.720s] -- Install configuration: ""
[10.721s] -- Installing: /workspace/foxy_ws/install/share/rosidl_runtime_c/environment/library_path.sh
[10.721s] -- Installing: /workspace/foxy_ws/install/share/rosidl_runtime_c/environment/library_path.dsv
[10.721s] -- Installing: /workspace/foxy_ws/install/share/ament_index/resource_index/rosidl_runtime_packages/rosidl_runtime_c
[10.721s] -- Up-to-date: /workspace/foxy_ws/install/include
[10.721s] -- Installing: /workspace/foxy_ws/install/include/rosidl_runtime_c
[10.721s] -- Installing: /workspace/foxy_ws/install/include/rosidl_runtime_c/message_initialization.h
[10.721s] -- Installing: /workspace/foxy_ws/install/include/rosidl_runtime_c/string.h
[10.721s] -- Installing: /workspace/foxy_ws/install/include/rosidl_runtime_c/primitives_sequence_functions.h
[10.721s] -- Installing: /workspace/foxy_ws/install/include/rosidl_runtime_c/message_type_support_struct.h
[10.722s] -- Installing: /workspace/foxy_ws/install/include/rosidl_runtime_c/action_type_support_struct.h
[10.722s] -- Installing: /workspace/foxy_ws/install/include/rosidl_runtime_c/string_bound.h
[10.722s] -- Installing: /workspace/foxy_ws/install/include/rosidl_runtime_c/string_functions.h
[10.722s] -- Installing: /workspace/foxy_ws/install/include/rosidl_runtime_c/service_type_support_struct.h
[10.722s] -- Installing: /workspace/foxy_ws/install/include/rosidl_runtime_c/primitives_sequence.h
[10.722s] -- Installing: /workspace/foxy_ws/install/include/rosidl_runtime_c/visibility_control.h
[10.723s] -- Installing: /workspace/foxy_ws/install/include/rosidl_runtime_c/u16string.h
[10.723s] -- Installing: /workspace/foxy_ws/install/include/rosidl_runtime_c/sequence_bound.h
[10.723s] -- Installing: /workspace/foxy_ws/install/include/rosidl_runtime_c/u16string_functions.h
[10.723s] -- Installing: /workspace/foxy_ws/install/lib/librosidl_runtime_c.so
[10.723s] -- Set runtime path of "/workspace/foxy_ws/install/lib/librosidl_runtime_c.so" to ""
[10.723s] -- Installing: /workspace/foxy_ws/install/share/ament_index/resource_index/package_run_dependencies/rosidl_runtime_c
[10.723s] -- Installing: /workspace/foxy_ws/install/share/ament_index/resource_index/parent_prefix_path/rosidl_runtime_c
[10.724s] -- Installing: /workspace/foxy_ws/install/share/rosidl_runtime_c/environment/ament_prefix_path.sh
[10.724s] -- Installing: /workspace/foxy_ws/install/share/rosidl_runtime_c/environment/ament_prefix_path.dsv
[10.724s] -- Installing: /workspace/foxy_ws/install/share/rosidl_runtime_c/environment/path.sh
[10.724s] -- Installing: /workspace/foxy_ws/install/share/rosidl_runtime_c/environment/path.dsv
[10.724s] -- Installing: /workspace/foxy_ws/install/share/rosidl_runtime_c/local_setup.bash
[10.724s] -- Installing: /workspace/foxy_ws/install/share/rosidl_runtime_c/local_setup.sh
[10.724s] -- Installing: /workspace/foxy_ws/install/share/rosidl_runtime_c/local_setup.zsh
[10.725s] -- Installing: /workspace/foxy_ws/install/share/rosidl_runtime_c/local_setup.dsv
[10.725s] -- Installing: /workspace/foxy_ws/install/share/rosidl_runtime_c/package.dsv
[10.725s] -- Installing: /workspace/foxy_ws/install/share/ament_index/resource_index/packages/rosidl_runtime_c
[10.725s] -- Installing: /workspace/foxy_ws/install/share/rosidl_runtime_c/cmake/rosidl_runtime_cExport.cmake
[10.725s] -- Installing: /workspace/foxy_ws/install/share/rosidl_runtime_c/cmake/rosidl_runtime_cExport-noconfig.cmake
[10.725s] -- Installing: /workspace/foxy_ws/install/share/rosidl_runtime_c/cmake/ament_cmake_export_dependencies-extras.cmake
[10.726s] -- Installing: /workspace/foxy_ws/install/share/rosidl_runtime_c/cmake/ament_cmake_export_include_directories-extras.cmake
[10.726s] -- Installing: /workspace/foxy_ws/install/share/rosidl_runtime_c/cmake/ament_cmake_export_libraries-extras.cmake
[10.726s] -- Installing: /workspace/foxy_ws/install/share/rosidl_runtime_c/cmake/ament_cmake_export_targets-extras.cmake
[10.726s] -- Installing: /workspace/foxy_ws/install/share/rosidl_runtime_c/cmake/rosidl_runtime_cConfig.cmake
[10.726s] -- Installing: /workspace/foxy_ws/install/share/rosidl_runtime_c/cmake/rosidl_runtime_cConfig-version.cmake
[10.726s] -- Installing: /workspace/foxy_ws/install/share/rosidl_runtime_c/package.xml
[10.729s] Invoked command in '/workspace/foxy_ws/build/rosidl_runtime_c' returned '0': AMENT_PREFIX_PATH=/workspace/foxy_ws/install CMAKE_PREFIX_PATH=/workspace/foxy_ws/install LD_LIBRARY_PATH=/workspace/foxy_ws/install/lib PATH=/workspace/foxy_ws/install/bin:${PATH} PKG_CONFIG_PATH=/workspace/foxy_ws/install/lib/x86_64-linux-gnu/pkgconfig:/workspace/foxy_ws/install/lib/pkgconfig PYTHONPATH=/workspace/foxy_ws/install/lib/python3.10/site-packages /usr/bin/cmake --install /workspace/foxy_ws/build/rosidl_runtime_c
