[2.020s] Invoking command in '/workspace/foxy_ws/src/ament_index/ament_index_python': AMENT_PREFIX_PATH=/workspace/foxy_ws/install CMAKE_PREFIX_PATH=/workspace/foxy_ws/install LD_LIBRARY_PATH=/workspace/foxy_ws/install/lib PATH=/workspace/foxy_ws/install/bin:${PATH} PYTHONPATH=/workspace/foxy_ws/build/ament_index_python/prefix_override:/workspace/foxy_ws/install/lib/python3.10/site-packages:/workspace/foxy_ws/install/lib/python3.10/site-packages /usr/bin/python3 -W ignore:setup.py install is deprecated setup.py egg_info --egg-base ../../../build/ament_index_python build --build-base /workspace/foxy_ws/build/ament_index_python/build install --record /workspace/foxy_ws/build/ament_index_python/install.log --single-version-externally-managed install_data
[2.285s] running egg_info
[2.286s] creating ../../../build/ament_index_python/ament_index_python.egg-info
[2.286s] writing ../../../build/ament_index_python/ament_index_python.egg-info/PKG-INFO
[2.286s] writing dependency_links to ../../../build/ament_index_python/ament_index_python.egg-info/dependency_links.txt
[2.287s] writing entry points to ../../../build/ament_index_python/ament_index_python.egg-info/entry_points.txt
[2.287s] writing requirements to ../../../build/ament_index_python/ament_index_python.egg-info/requires.txt
[2.287s] writing top-level names to ../../../build/ament_index_python/ament_index_python.egg-info/top_level.txt
[2.287s] writing manifest file '../../../build/ament_index_python/ament_index_python.egg-info/SOURCES.txt'
[2.289s] reading manifest file '../../../build/ament_index_python/ament_index_python.egg-info/SOURCES.txt'
[2.290s] writing manifest file '../../../build/ament_index_python/ament_index_python.egg-info/SOURCES.txt'
[2.291s] running build
[2.291s] running build_py
[2.291s] creating /workspace/foxy_ws/build/ament_index_python/build
[2.291s] creating /workspace/foxy_ws/build/ament_index_python/build/lib
[2.291s] creating /workspace/foxy_ws/build/ament_index_python/build/lib/ament_index_python
[2.292s] copying ament_index_python/constants.py -> /workspace/foxy_ws/build/ament_index_python/build/lib/ament_index_python
[2.293s] copying ament_index_python/search_paths.py -> /workspace/foxy_ws/build/ament_index_python/build/lib/ament_index_python
[2.294s] copying ament_index_python/resources.py -> /workspace/foxy_ws/build/ament_index_python/build/lib/ament_index_python
[2.296s] copying ament_index_python/cli.py -> /workspace/foxy_ws/build/ament_index_python/build/lib/ament_index_python
[2.297s] copying ament_index_python/packages.py -> /workspace/foxy_ws/build/ament_index_python/build/lib/ament_index_python
[2.297s] copying ament_index_python/__init__.py -> /workspace/foxy_ws/build/ament_index_python/build/lib/ament_index_python
[2.298s] running install
[2.298s] running install_lib
[2.299s] creating /workspace/foxy_ws/install/lib/python3.10/site-packages/ament_index_python
[2.299s] copying /workspace/foxy_ws/build/ament_index_python/build/lib/ament_index_python/constants.py -> /workspace/foxy_ws/install/lib/python3.10/site-packages/ament_index_python
[2.300s] copying /workspace/foxy_ws/build/ament_index_python/build/lib/ament_index_python/search_paths.py -> /workspace/foxy_ws/install/lib/python3.10/site-packages/ament_index_python
[2.300s] copying /workspace/foxy_ws/build/ament_index_python/build/lib/ament_index_python/resources.py -> /workspace/foxy_ws/install/lib/python3.10/site-packages/ament_index_python
[2.300s] copying /workspace/foxy_ws/build/ament_index_python/build/lib/ament_index_python/cli.py -> /workspace/foxy_ws/install/lib/python3.10/site-packages/ament_index_python
[2.300s] copying /workspace/foxy_ws/build/ament_index_python/build/lib/ament_index_python/packages.py -> /workspace/foxy_ws/install/lib/python3.10/site-packages/ament_index_python
[2.300s] copying /workspace/foxy_ws/build/ament_index_python/build/lib/ament_index_python/__init__.py -> /workspace/foxy_ws/install/lib/python3.10/site-packages/ament_index_python
[2.301s] byte-compiling /workspace/foxy_ws/install/lib/python3.10/site-packages/ament_index_python/constants.py to constants.cpython-310.pyc
[2.301s] byte-compiling /workspace/foxy_ws/install/lib/python3.10/site-packages/ament_index_python/search_paths.py to search_paths.cpython-310.pyc
[2.302s] byte-compiling /workspace/foxy_ws/install/lib/python3.10/site-packages/ament_index_python/resources.py to resources.cpython-310.pyc
[2.303s] byte-compiling /workspace/foxy_ws/install/lib/python3.10/site-packages/ament_index_python/cli.py to cli.cpython-310.pyc
[2.304s] byte-compiling /workspace/foxy_ws/install/lib/python3.10/site-packages/ament_index_python/packages.py to packages.cpython-310.pyc
[2.305s] byte-compiling /workspace/foxy_ws/install/lib/python3.10/site-packages/ament_index_python/__init__.py to __init__.cpython-310.pyc
[2.305s] running install_data
[2.305s] copying package.xml -> /workspace/foxy_ws/install/share/ament_index_python
[2.305s] creating /workspace/foxy_ws/install/share/ament_index_python/environment
[2.305s] copying completion/ament_index-argcomplete.bash -> /workspace/foxy_ws/install/share/ament_index_python/environment
[2.307s] copying completion/ament_index-argcomplete.zsh -> /workspace/foxy_ws/install/share/ament_index_python/environment
[2.314s] copying resource/ament_index_python -> /workspace/foxy_ws/install/share/ament_index/resource_index/packages
[2.314s] running install_egg_info
[2.320s] Copying ../../../build/ament_index_python/ament_index_python.egg-info to /workspace/foxy_ws/install/lib/python3.10/site-packages/ament_index_python-1.1.0-py3.10.egg-info
[2.321s] running install_scripts
[2.346s] Installing ament_index script to /workspace/foxy_ws/install/bin
[2.346s] writing list of installed files to '/workspace/foxy_ws/build/ament_index_python/install.log'
[2.631s] Invoked command in '/workspace/foxy_ws/src/ament_index/ament_index_python' returned '0': AMENT_PREFIX_PATH=/workspace/foxy_ws/install CMAKE_PREFIX_PATH=/workspace/foxy_ws/install LD_LIBRARY_PATH=/workspace/foxy_ws/install/lib PATH=/workspace/foxy_ws/install/bin:${PATH} PYTHONPATH=/workspace/foxy_ws/build/ament_index_python/prefix_override:/workspace/foxy_ws/install/lib/python3.10/site-packages:/workspace/foxy_ws/install/lib/python3.10/site-packages /usr/bin/python3 -W ignore:setup.py install is deprecated setup.py egg_info --egg-base ../../../build/ament_index_python build --build-base /workspace/foxy_ws/build/ament_index_python/build install --record /workspace/foxy_ws/build/ament_index_python/install.log --single-version-externally-managed install_data
