Performing C SOURCE FILE Test CMAKE_HAVE_LIBC_PTHREAD failed with the following output:
Change Dir: /workspace/foxy_ws/build/cyclonedds/CMakeFiles/CMakeTmp

Run Build Command(s):/usr/bin/make cmTC_0eaac/fast && /usr/bin/make -f CMakeFiles/cmTC_0eaac.dir/build.make CMakeFiles/cmTC_0eaac.dir/build
make[1]: Entering directory '/workspace/foxy_ws/build/cyclonedds/CMakeFiles/CMakeTmp'
Building C object CMakeFiles/cmTC_0eaac.dir/src.c.o
/usr/bin/cc   -DCMAKE_HAVE_LIBC_PTHREAD   -o CMakeFiles/cmTC_0eaac.dir/src.c.o   -c /workspace/foxy_ws/build/cyclonedds/CMakeFiles/CMakeTmp/src.c
Linking C executable cmTC_0eaac
/usr/bin/cmake -E cmake_link_script CMakeFiles/cmTC_0eaac.dir/link.txt --verbose=1
/usr/bin/cc  -DCMAKE_HAVE_LIBC_PTHREAD    CMakeFiles/cmTC_0eaac.dir/src.c.o  -o cmTC_0eaac 
/usr/bin/ld: CMakeFiles/cmTC_0eaac.dir/src.c.o: in function `main':
src.c:(.text+0x46): undefined reference to `pthread_create'
/usr/bin/ld: src.c:(.text+0x52): undefined reference to `pthread_detach'
/usr/bin/ld: src.c:(.text+0x63): undefined reference to `pthread_join'
collect2: error: ld returned 1 exit status
make[1]: *** [CMakeFiles/cmTC_0eaac.dir/build.make:87: cmTC_0eaac] Error 1
make[1]: Leaving directory '/workspace/foxy_ws/build/cyclonedds/CMakeFiles/CMakeTmp'
make: *** [Makefile:121: cmTC_0eaac/fast] Error 2


Source file was:
#include <pthread.h>

void* test_func(void* data)
{
  return data;
}

int main(void)
{
  pthread_t thread;
  pthread_create(&thread, NULL, test_func, NULL);
  pthread_detach(thread);
  pthread_join(thread, NULL);
  pthread_atfork(NULL, NULL, NULL);
  pthread_exit(NULL);

  return 0;
}

Determining if the function pthread_create exists in the pthreads failed with the following output:
Change Dir: /workspace/foxy_ws/build/cyclonedds/CMakeFiles/CMakeTmp

Run Build Command(s):/usr/bin/make cmTC_bdcfc/fast && /usr/bin/make -f CMakeFiles/cmTC_bdcfc.dir/build.make CMakeFiles/cmTC_bdcfc.dir/build
make[1]: Entering directory '/workspace/foxy_ws/build/cyclonedds/CMakeFiles/CMakeTmp'
Building C object CMakeFiles/cmTC_bdcfc.dir/CheckFunctionExists.c.o
/usr/bin/cc   -DCHECK_FUNCTION_EXISTS=pthread_create   -o CMakeFiles/cmTC_bdcfc.dir/CheckFunctionExists.c.o   -c /usr/share/cmake-3.16/Modules/CheckFunctionExists.c
Linking C executable cmTC_bdcfc
/usr/bin/cmake -E cmake_link_script CMakeFiles/cmTC_bdcfc.dir/link.txt --verbose=1
/usr/bin/cc  -DCHECK_FUNCTION_EXISTS=pthread_create    CMakeFiles/cmTC_bdcfc.dir/CheckFunctionExists.c.o  -o cmTC_bdcfc  -lpthreads 
/usr/bin/ld: cannot find -lpthreads
collect2: error: ld returned 1 exit status
make[1]: *** [CMakeFiles/cmTC_bdcfc.dir/build.make:87: cmTC_bdcfc] Error 1
make[1]: Leaving directory '/workspace/foxy_ws/build/cyclonedds/CMakeFiles/CMakeTmp'
make: *** [Makefile:121: cmTC_bdcfc/fast] Error 2



Performing C SOURCE FILE Test COMPILER_HAS_HIDDEN_INLINE_VISIBILITY failed with the following output:
Change Dir: /workspace/foxy_ws/build/cyclonedds/CMakeFiles/CMakeTmp

Run Build Command(s):/usr/bin/make cmTC_5e9f0/fast && /usr/bin/make -f CMakeFiles/cmTC_5e9f0.dir/build.make CMakeFiles/cmTC_5e9f0.dir/build
make[1]: Entering directory '/workspace/foxy_ws/build/cyclonedds/CMakeFiles/CMakeTmp'
Building C object CMakeFiles/cmTC_5e9f0.dir/src.c.o
/usr/bin/cc   -DCOMPILER_HAS_HIDDEN_INLINE_VISIBILITY   -fvisibility-inlines-hidden -o CMakeFiles/cmTC_5e9f0.dir/src.c.o   -c /workspace/foxy_ws/build/cyclonedds/CMakeFiles/CMakeTmp/src.c
cc1: warning: command line option '-fvisibility-inlines-hidden' is valid for C++/ObjC++ but not for C
Linking C executable cmTC_5e9f0
/usr/bin/cmake -E cmake_link_script CMakeFiles/cmTC_5e9f0.dir/link.txt --verbose=1
/usr/bin/cc  -DCOMPILER_HAS_HIDDEN_INLINE_VISIBILITY    CMakeFiles/cmTC_5e9f0.dir/src.c.o  -o cmTC_5e9f0 
make[1]: Leaving directory '/workspace/foxy_ws/build/cyclonedds/CMakeFiles/CMakeTmp'


Source file was:
int main(void) { return 0; }
