Performing C++ SOURCE FILE Test CMAKE_HAVE_LIBC_PTHREAD failed with the following output:
Change Dir: /workspace/foxy_ws/build/spdlog_vendor/spdlog-1.5.0-prefix/src/spdlog-1.5.0-build/CMakeFiles/CMakeTmp

Run Build Command(s):/usr/bin/make cmTC_16a6f/fast && make[3]: Entering directory '/workspace/foxy_ws/build/spdlog_vendor/spdlog-1.5.0-prefix/src/spdlog-1.5.0-build/CMakeFiles/CMakeTmp'
/usr/bin/make -f CMakeFiles/cmTC_16a6f.dir/build.make CMakeFiles/cmTC_16a6f.dir/build
make[4]: Entering directory '/workspace/foxy_ws/build/spdlog_vendor/spdlog-1.5.0-prefix/src/spdlog-1.5.0-build/CMakeFiles/CMakeTmp'
Building CXX object CMakeFiles/cmTC_16a6f.dir/src.cxx.o
/usr/bin/c++    -Wno-sign-conversion -DCMAKE_HAVE_LIBC_PTHREAD   -o CMakeFiles/cmTC_16a6f.dir/src.cxx.o -c /workspace/foxy_ws/build/spdlog_vendor/spdlog-1.5.0-prefix/src/spdlog-1.5.0-build/CMakeFiles/CMakeTmp/src.cxx
Linking CXX executable cmTC_16a6f
/usr/bin/cmake -E cmake_link_script CMakeFiles/cmTC_16a6f.dir/link.txt --verbose=1
/usr/bin/c++   -Wno-sign-conversion -DCMAKE_HAVE_LIBC_PTHREAD    -rdynamic CMakeFiles/cmTC_16a6f.dir/src.cxx.o  -o cmTC_16a6f 
/usr/bin/ld: CMakeFiles/cmTC_16a6f.dir/src.cxx.o: in function `main':
src.cxx:(.text+0x46): undefined reference to `pthread_create'
/usr/bin/ld: src.cxx:(.text+0x52): undefined reference to `pthread_detach'
/usr/bin/ld: src.cxx:(.text+0x63): undefined reference to `pthread_join'
collect2: error: ld returned 1 exit status
make[4]: *** [CMakeFiles/cmTC_16a6f.dir/build.make:87: cmTC_16a6f] Error 1
make[4]: Leaving directory '/workspace/foxy_ws/build/spdlog_vendor/spdlog-1.5.0-prefix/src/spdlog-1.5.0-build/CMakeFiles/CMakeTmp'
make[3]: *** [Makefile:121: cmTC_16a6f/fast] Error 2
make[3]: Leaving directory '/workspace/foxy_ws/build/spdlog_vendor/spdlog-1.5.0-prefix/src/spdlog-1.5.0-build/CMakeFiles/CMakeTmp'


Source file was:
#include <pthread.h>

void* test_func(void* data)
{
  return data;
}

int main(void)
{
  pthread_t thread;
  pthread_create(&thread, NULL, test_func, NULL);
  pthread_detach(thread);
  pthread_join(thread, NULL);
  pthread_atfork(NULL, NULL, NULL);
  pthread_exit(NULL);

  return 0;
}

Determining if the function pthread_create exists in the pthreads failed with the following output:
Change Dir: /workspace/foxy_ws/build/spdlog_vendor/spdlog-1.5.0-prefix/src/spdlog-1.5.0-build/CMakeFiles/CMakeTmp

Run Build Command(s):/usr/bin/make cmTC_7b93c/fast && make[3]: Entering directory '/workspace/foxy_ws/build/spdlog_vendor/spdlog-1.5.0-prefix/src/spdlog-1.5.0-build/CMakeFiles/CMakeTmp'
/usr/bin/make -f CMakeFiles/cmTC_7b93c.dir/build.make CMakeFiles/cmTC_7b93c.dir/build
make[4]: Entering directory '/workspace/foxy_ws/build/spdlog_vendor/spdlog-1.5.0-prefix/src/spdlog-1.5.0-build/CMakeFiles/CMakeTmp'
Building CXX object CMakeFiles/cmTC_7b93c.dir/CheckFunctionExists.cxx.o
/usr/bin/c++    -Wno-sign-conversion -DCHECK_FUNCTION_EXISTS=pthread_create   -o CMakeFiles/cmTC_7b93c.dir/CheckFunctionExists.cxx.o -c /workspace/foxy_ws/build/spdlog_vendor/spdlog-1.5.0-prefix/src/spdlog-1.5.0-build/CMakeFiles/CheckLibraryExists/CheckFunctionExists.cxx
Linking CXX executable cmTC_7b93c
/usr/bin/cmake -E cmake_link_script CMakeFiles/cmTC_7b93c.dir/link.txt --verbose=1
/usr/bin/c++   -Wno-sign-conversion -DCHECK_FUNCTION_EXISTS=pthread_create    -rdynamic CMakeFiles/cmTC_7b93c.dir/CheckFunctionExists.cxx.o  -o cmTC_7b93c  -lpthreads 
/usr/bin/ld: cannot find -lpthreads
collect2: error: ld returned 1 exit status
make[4]: *** [CMakeFiles/cmTC_7b93c.dir/build.make:87: cmTC_7b93c] Error 1
make[4]: Leaving directory '/workspace/foxy_ws/build/spdlog_vendor/spdlog-1.5.0-prefix/src/spdlog-1.5.0-build/CMakeFiles/CMakeTmp'
make[3]: *** [Makefile:121: cmTC_7b93c/fast] Error 2
make[3]: Leaving directory '/workspace/foxy_ws/build/spdlog_vendor/spdlog-1.5.0-prefix/src/spdlog-1.5.0-build/CMakeFiles/CMakeTmp'



