[0.069s] Invoking command in '/workspace/foxy_ws/build/ament_cmake_ros': AMENT_PREFIX_PATH=/workspace/foxy_ws/install CMAKE_PREFIX_PATH=/workspace/foxy_ws/install LD_LIBRARY_PATH=/workspace/foxy_ws/install/lib PATH=/workspace/foxy_ws/install/bin:${PATH} PKG_CONFIG_PATH=/workspace/foxy_ws/install/lib/x86_64-linux-gnu/pkgconfig:/workspace/foxy_ws/install/lib/pkgconfig PYTHONPATH=/workspace/foxy_ws/install/lib/python3.10/site-packages /usr/bin/cmake /workspace/foxy_ws/src/ament_cmake_ros/ament_cmake_ros -DCMAKE_INSTALL_PREFIX=/workspace/foxy_ws/install
[0.090s] -- Found ament_cmake: 0.9.12 (/workspace/foxy_ws/install/share/ament_cmake/cmake)
[0.108s] -- Found PythonInterp: /usr/bin/python3 (found suitable version "3.10.14", minimum required is "3") 
[0.108s] -- Using PYTHON_EXECUTABLE: /usr/bin/python3
[0.358s] -- Found ament_lint_auto: 0.9.8 (/workspace/foxy_ws/install/share/ament_lint_auto/cmake)
[0.569s] -- Added test 'copyright' to check source files copyright and LICENSE
[0.607s] -- Added test 'flake8' to check Python code syntax and style conventions
[0.612s] -- Added test 'lint_cmake' to check CMake code style
[0.613s] -- Added test 'pep257' to check Python code against some of the style conventions in PEP 257
[0.619s] -- Added test 'xmllint' to check XML markup files
[0.631s] -- Configuring done
[0.652s] -- Generating done
[0.660s] -- Build files have been written to: /workspace/foxy_ws/build/ament_cmake_ros
[0.696s] Invoked command in '/workspace/foxy_ws/build/ament_cmake_ros' returned '0': AMENT_PREFIX_PATH=/workspace/foxy_ws/install CMAKE_PREFIX_PATH=/workspace/foxy_ws/install LD_LIBRARY_PATH=/workspace/foxy_ws/install/lib PATH=/workspace/foxy_ws/install/bin:${PATH} PKG_CONFIG_PATH=/workspace/foxy_ws/install/lib/x86_64-linux-gnu/pkgconfig:/workspace/foxy_ws/install/lib/pkgconfig PYTHONPATH=/workspace/foxy_ws/install/lib/python3.10/site-packages /usr/bin/cmake /workspace/foxy_ws/src/ament_cmake_ros/ament_cmake_ros -DCMAKE_INSTALL_PREFIX=/workspace/foxy_ws/install
[0.696s] Invoking command in '/workspace/foxy_ws/build/ament_cmake_ros': AMENT_PREFIX_PATH=/workspace/foxy_ws/install CMAKE_PREFIX_PATH=/workspace/foxy_ws/install LD_LIBRARY_PATH=/workspace/foxy_ws/install/lib PATH=/workspace/foxy_ws/install/bin:${PATH} PKG_CONFIG_PATH=/workspace/foxy_ws/install/lib/x86_64-linux-gnu/pkgconfig:/workspace/foxy_ws/install/lib/pkgconfig PYTHONPATH=/workspace/foxy_ws/install/lib/python3.10/site-packages /usr/bin/cmake --build /workspace/foxy_ws/build/ament_cmake_ros -- -j12 -l12
[0.905s] Invoked command in '/workspace/foxy_ws/build/ament_cmake_ros' returned '0': AMENT_PREFIX_PATH=/workspace/foxy_ws/install CMAKE_PREFIX_PATH=/workspace/foxy_ws/install LD_LIBRARY_PATH=/workspace/foxy_ws/install/lib PATH=/workspace/foxy_ws/install/bin:${PATH} PKG_CONFIG_PATH=/workspace/foxy_ws/install/lib/x86_64-linux-gnu/pkgconfig:/workspace/foxy_ws/install/lib/pkgconfig PYTHONPATH=/workspace/foxy_ws/install/lib/python3.10/site-packages /usr/bin/cmake --build /workspace/foxy_ws/build/ament_cmake_ros -- -j12 -l12
[1.123s] Invoking command in '/workspace/foxy_ws/build/ament_cmake_ros': AMENT_PREFIX_PATH=/workspace/foxy_ws/install CMAKE_PREFIX_PATH=/workspace/foxy_ws/install LD_LIBRARY_PATH=/workspace/foxy_ws/install/lib PATH=/workspace/foxy_ws/install/bin:${PATH} PKG_CONFIG_PATH=/workspace/foxy_ws/install/lib/x86_64-linux-gnu/pkgconfig:/workspace/foxy_ws/install/lib/pkgconfig PYTHONPATH=/workspace/foxy_ws/install/lib/python3.10/site-packages /usr/bin/cmake --install /workspace/foxy_ws/build/ament_cmake_ros
[1.137s] -- Install configuration: ""
[1.138s] -- Installing: /workspace/foxy_ws/install/share/ament_index/resource_index/package_run_dependencies/ament_cmake_ros
[1.139s] -- Installing: /workspace/foxy_ws/install/share/ament_index/resource_index/parent_prefix_path/ament_cmake_ros
[1.144s] -- Installing: /workspace/foxy_ws/install/share/ament_cmake_ros/environment/ament_prefix_path.sh
[1.145s] -- Installing: /workspace/foxy_ws/install/share/ament_cmake_ros/environment/ament_prefix_path.dsv
[1.145s] -- Installing: /workspace/foxy_ws/install/share/ament_cmake_ros/environment/path.sh
[1.146s] -- Installing: /workspace/foxy_ws/install/share/ament_cmake_ros/environment/path.dsv
[1.146s] -- Installing: /workspace/foxy_ws/install/share/ament_cmake_ros/local_setup.bash
[1.147s] -- Installing: /workspace/foxy_ws/install/share/ament_cmake_ros/local_setup.sh
[1.147s] -- Installing: /workspace/foxy_ws/install/share/ament_cmake_ros/local_setup.zsh
[1.148s] -- Installing: /workspace/foxy_ws/install/share/ament_cmake_ros/local_setup.dsv
[1.148s] -- Installing: /workspace/foxy_ws/install/share/ament_cmake_ros/package.dsv
[1.148s] -- Installing: /workspace/foxy_ws/install/share/ament_index/resource_index/packages/ament_cmake_ros
[1.149s] -- Installing: /workspace/foxy_ws/install/share/ament_cmake_ros/cmake/ament_cmake_ros-extras.cmake
[1.149s] -- Installing: /workspace/foxy_ws/install/share/ament_cmake_ros/cmake/ament_cmake_export_dependencies-extras.cmake
[1.149s] -- Installing: /workspace/foxy_ws/install/share/ament_cmake_ros/cmake/ament_cmake_rosConfig.cmake
[1.150s] -- Installing: /workspace/foxy_ws/install/share/ament_cmake_ros/cmake/ament_cmake_rosConfig-version.cmake
[1.150s] -- Installing: /workspace/foxy_ws/install/share/ament_cmake_ros/package.xml
[1.150s] -- Up-to-date: /workspace/foxy_ws/install/share/ament_cmake_ros/cmake
[1.150s] -- Installing: /workspace/foxy_ws/install/share/ament_cmake_ros/cmake/ament_add_ros_isolated_gtest.cmake
[1.159s] -- Installing: /workspace/foxy_ws/install/share/ament_cmake_ros/cmake/build_shared_libs.cmake
[1.159s] -- Installing: /workspace/foxy_ws/install/share/ament_cmake_ros/cmake/ament_add_ros_isolated_gmock.cmake
[1.159s] -- Installing: /workspace/foxy_ws/install/share/ament_cmake_ros/cmake/run_test_isolated.py
[1.159s] -- Installing: /workspace/foxy_ws/install/share/ament_cmake_ros/cmake/ament_add_ros_isolated_pytest.cmake
[1.172s] Invoked command in '/workspace/foxy_ws/build/ament_cmake_ros' returned '0': AMENT_PREFIX_PATH=/workspace/foxy_ws/install CMAKE_PREFIX_PATH=/workspace/foxy_ws/install LD_LIBRARY_PATH=/workspace/foxy_ws/install/lib PATH=/workspace/foxy_ws/install/bin:${PATH} PKG_CONFIG_PATH=/workspace/foxy_ws/install/lib/x86_64-linux-gnu/pkgconfig:/workspace/foxy_ws/install/lib/pkgconfig PYTHONPATH=/workspace/foxy_ws/install/lib/python3.10/site-packages /usr/bin/cmake --install /workspace/foxy_ws/build/ament_cmake_ros
