-- The C compiler identification is GNU 9.4.0
-- The CXX compiler identification is GNU 9.4.0
-- Check for working C compiler: /usr/bin/cc
-- Check for working C compiler: /usr/bin/cc -- works
-- Detecting C compiler ABI info
-- Detecting C compiler ABI info - done
-- Detecting C compile features
-- Detecting C compile features - done
-- Check for working CXX compiler: /usr/bin/c++
-- Check for working CXX compiler: /usr/bin/c++ -- works
-- Detecting CXX compiler ABI info
-- Detecting CXX compiler ABI info - done
-- Detecting CXX compile features
-- Detecting CXX compile features - done
-- Found ament_cmake_ros: 0.9.2 (/workspace/foxy_ws/install/share/ament_cmake_ros/cmake)
-- Found PythonInterp: /usr/bin/python3 (found suitable version "3.10.14", minimum required is "3") 
-- Using PYTHON_EXECUTABLE: /usr/bin/python3
-- Found rcutils: 1.1.5 (/workspace/foxy_ws/install/share/rcutils/cmake)
-- Found spdlog_vendor: 1.1.3 (/workspace/foxy_ws/install/share/spdlog_vendor/cmake)
-- Looking for pthread.h
-- Looking for pthread.h - found
-- Performing Test CMAKE_HAVE_LIBC_PTHREAD
-- Performing Test CMAKE_HAVE_LIBC_PTHREAD - Failed
-- Looking for pthread_create in pthreads
-- Looking for pthread_create in pthreads - not found
-- Looking for pthread_create in pthread
-- Looking for pthread_create in pthread - found
-- Found Threads: TRUE  
-- Found rcpputils: 1.3.2 (/workspace/foxy_ws/install/share/rcpputils/cmake)
-- Found ament_lint_auto: 0.9.8 (/workspace/foxy_ws/install/share/ament_lint_auto/cmake)
-- Found gtest sources under '/workspace/foxy_ws/install/src/gtest_vendor': C++ tests using 'Google Test' will be built
-- Check if compiler accepts -pthread
-- Check if compiler accepts -pthread - yes
-- Performance tests are disabled by default, so Google Benchmark tests will be skipped. To enable these tests, set the CMake variable 'AMENT_RUN_PERFORMANCE_TESTS'.
-- Added test 'copyright' to check source files copyright and LICENSE
-- Added test 'cppcheck' to perform static code analysis on C / C++ code
-- Configured cppcheck include dirs: /workspace/foxy_ws/install/include;$<BUILD_INTERFACE:/workspace/foxy_ws/src/rcl_logging/rcl_logging_spdlog/include>
-- Configured cppcheck exclude dirs and/or files: 
-- Added test 'cpplint' to check C / C++ code against the Google style
-- Configured cpplint exclude dirs and/or files: 
-- Added test 'lint_cmake' to check CMake code style
-- Added test 'uncrustify' to check C / C++ code style
-- Configured uncrustify additional arguments: 
-- Added test 'xmllint' to check XML markup files
-- Configuring done
-- Generating done
-- Build files have been written to: /workspace/foxy_ws/build/rcl_logging_spdlog
Scanning dependencies of target gtest
[ 10%] Building CXX object gtest/CMakeFiles/gtest.dir/src/gtest-all.cc.o
[ 20%] Linking CXX static library libgtest.a
[ 20%] Built target gtest
Scanning dependencies of target gtest_main
Scanning dependencies of target rcl_logging_spdlog
[ 30%] Building CXX object gtest/CMakeFiles/gtest_main.dir/src/gtest_main.cc.o
[ 40%] Building CXX object CMakeFiles/rcl_logging_spdlog.dir/src/rcl_logging_spdlog.cpp.o
[ 50%] Linking CXX static library libgtest_main.a
[ 50%] Built target gtest_main
[ 60%] Linking CXX shared library librcl_logging_spdlog.so
[ 60%] Built target rcl_logging_spdlog
Scanning dependencies of target benchmark_logging_interface
Scanning dependencies of target test_logging_interface
[ 70%] Building CXX object CMakeFiles/benchmark_logging_interface.dir/test/benchmark/benchmark_logging_interface.cpp.o
[ 80%] Building CXX object CMakeFiles/test_logging_interface.dir/test/test_logging_interface.cpp.o
[ 90%] Linking CXX executable benchmark_logging_interface
[100%] Linking CXX executable test_logging_interface
[100%] Built target benchmark_logging_interface
[100%] Built target test_logging_interface
-- Install configuration: ""
-- Installing: /workspace/foxy_ws/install/lib/librcl_logging_spdlog.so
-- Set runtime path of "/workspace/foxy_ws/install/lib/librcl_logging_spdlog.so" to ""
-- Installing: /workspace/foxy_ws/install/include/rcl_logging_spdlog
-- Installing: /workspace/foxy_ws/install/include/rcl_logging_spdlog/visibility_control.h
-- Installing: /workspace/foxy_ws/install/include/rcl_logging_spdlog/logging_interface.h
-- Installing: /workspace/foxy_ws/install/share/rcl_logging_spdlog/environment/library_path.sh
-- Installing: /workspace/foxy_ws/install/share/rcl_logging_spdlog/environment/library_path.dsv
-- Installing: /workspace/foxy_ws/install/share/ament_index/resource_index/package_run_dependencies/rcl_logging_spdlog
-- Installing: /workspace/foxy_ws/install/share/ament_index/resource_index/parent_prefix_path/rcl_logging_spdlog
-- Installing: /workspace/foxy_ws/install/share/rcl_logging_spdlog/environment/ament_prefix_path.sh
-- Installing: /workspace/foxy_ws/install/share/rcl_logging_spdlog/environment/ament_prefix_path.dsv
-- Installing: /workspace/foxy_ws/install/share/rcl_logging_spdlog/environment/path.sh
-- Installing: /workspace/foxy_ws/install/share/rcl_logging_spdlog/environment/path.dsv
-- Installing: /workspace/foxy_ws/install/share/rcl_logging_spdlog/local_setup.bash
-- Installing: /workspace/foxy_ws/install/share/rcl_logging_spdlog/local_setup.sh
-- Installing: /workspace/foxy_ws/install/share/rcl_logging_spdlog/local_setup.zsh
-- Installing: /workspace/foxy_ws/install/share/rcl_logging_spdlog/local_setup.dsv
-- Installing: /workspace/foxy_ws/install/share/rcl_logging_spdlog/package.dsv
-- Installing: /workspace/foxy_ws/install/share/ament_index/resource_index/packages/rcl_logging_spdlog
-- Installing: /workspace/foxy_ws/install/share/rcl_logging_spdlog/cmake/rcl_logging_spdlogExport.cmake
-- Installing: /workspace/foxy_ws/install/share/rcl_logging_spdlog/cmake/rcl_logging_spdlogExport-noconfig.cmake
-- Installing: /workspace/foxy_ws/install/share/rcl_logging_spdlog/cmake/ament_cmake_export_include_directories-extras.cmake
-- Installing: /workspace/foxy_ws/install/share/rcl_logging_spdlog/cmake/ament_cmake_export_dependencies-extras.cmake
-- Installing: /workspace/foxy_ws/install/share/rcl_logging_spdlog/cmake/ament_cmake_export_libraries-extras.cmake
-- Installing: /workspace/foxy_ws/install/share/rcl_logging_spdlog/cmake/ament_cmake_export_targets-extras.cmake
-- Installing: /workspace/foxy_ws/install/share/rcl_logging_spdlog/cmake/rcl_logging_spdlogConfig.cmake
-- Installing: /workspace/foxy_ws/install/share/rcl_logging_spdlog/cmake/rcl_logging_spdlogConfig-version.cmake
-- Installing: /workspace/foxy_ws/install/share/rcl_logging_spdlog/package.xml
