[0.067s] Invoking command in '/workspace/foxy_ws/build/rcl_logging_spdlog': AMENT_PREFIX_PATH=/workspace/foxy_ws/install CMAKE_PREFIX_PATH=/workspace/foxy_ws/install LD_LIBRARY_PATH=/workspace/foxy_ws/install/lib PATH=/workspace/foxy_ws/install/bin:${PATH} PKG_CONFIG_PATH=/workspace/foxy_ws/install/lib/x86_64-linux-gnu/pkgconfig:/workspace/foxy_ws/install/lib/pkgconfig PYTHONPATH=/workspace/foxy_ws/install/lib/python3.10/site-packages /usr/bin/cmake /workspace/foxy_ws/src/rcl_logging/rcl_logging_spdlog -DCMAKE_INSTALL_PREFIX=/workspace/foxy_ws/install
[0.108s] -- The C compiler identification is GNU 9.4.0
[0.147s] -- The CXX compiler identification is GNU 9.4.0
[0.151s] -- Check for working C compiler: /usr/bin/cc
[0.205s] -- Check for working C compiler: /usr/bin/cc -- works
[0.205s] -- Detecting C compiler ABI info
[0.260s] -- Detecting C compiler ABI info - done
[0.269s] -- Detecting C compile features
[0.270s] -- Detecting C compile features - done
[0.272s] -- Check for working CXX compiler: /usr/bin/c++
[0.333s] -- Check for working CXX compiler: /usr/bin/c++ -- works
[0.334s] -- Detecting CXX compiler ABI info
[0.395s] -- Detecting CXX compiler ABI info - done
[0.403s] -- Detecting CXX compile features
[0.403s] -- Detecting CXX compile features - done
[0.404s] -- Found ament_cmake_ros: 0.9.2 (/workspace/foxy_ws/install/share/ament_cmake_ros/cmake)
[0.422s] -- Found PythonInterp: /usr/bin/python3 (found suitable version "3.10.14", minimum required is "3") 
[0.422s] -- Using PYTHON_EXECUTABLE: /usr/bin/python3
[0.577s] -- Found rcutils: 1.1.5 (/workspace/foxy_ws/install/share/rcutils/cmake)
[0.581s] -- Found spdlog_vendor: 1.1.3 (/workspace/foxy_ws/install/share/spdlog_vendor/cmake)
[0.582s] -- Looking for pthread.h
[0.643s] -- Looking for pthread.h - found
[0.643s] -- Performing Test CMAKE_HAVE_LIBC_PTHREAD
[0.699s] -- Performing Test CMAKE_HAVE_LIBC_PTHREAD - Failed
[0.699s] -- Looking for pthread_create in pthreads
[0.740s] -- Looking for pthread_create in pthreads - not found
[0.740s] -- Looking for pthread_create in pthread
[0.796s] -- Looking for pthread_create in pthread - found
[0.797s] -- Found Threads: TRUE  
[0.798s] -- Found rcpputils: 1.3.2 (/workspace/foxy_ws/install/share/rcpputils/cmake)
[0.803s] -- Found ament_lint_auto: 0.9.8 (/workspace/foxy_ws/install/share/ament_lint_auto/cmake)
[0.877s] -- Found gtest sources under '/workspace/foxy_ws/install/src/gtest_vendor': C++ tests using 'Google Test' will be built
[0.879s] -- Check if compiler accepts -pthread
[0.939s] -- Check if compiler accepts -pthread - yes
[0.941s] -- Performance tests are disabled by default, so Google Benchmark tests will be skipped. To enable these tests, set the CMake variable 'AMENT_RUN_PERFORMANCE_TESTS'.
[0.946s] -- Added test 'copyright' to check source files copyright and LICENSE
[0.950s] -- Added test 'cppcheck' to perform static code analysis on C / C++ code
[0.950s] -- Configured cppcheck include dirs: /workspace/foxy_ws/install/include;$<BUILD_INTERFACE:/workspace/foxy_ws/src/rcl_logging/rcl_logging_spdlog/include>
[0.950s] -- Configured cppcheck exclude dirs and/or files: 
[0.954s] -- Added test 'cpplint' to check C / C++ code against the Google style
[0.954s] -- Configured cpplint exclude dirs and/or files: 
[0.955s] -- Added test 'lint_cmake' to check CMake code style
[0.958s] -- Added test 'uncrustify' to check C / C++ code style
[0.959s] -- Configured uncrustify additional arguments: 
[0.959s] -- Added test 'xmllint' to check XML markup files
[0.964s] -- Configuring done
[0.973s] -- Generating done
[0.974s] -- Build files have been written to: /workspace/foxy_ws/build/rcl_logging_spdlog
[0.978s] Invoked command in '/workspace/foxy_ws/build/rcl_logging_spdlog' returned '0': AMENT_PREFIX_PATH=/workspace/foxy_ws/install CMAKE_PREFIX_PATH=/workspace/foxy_ws/install LD_LIBRARY_PATH=/workspace/foxy_ws/install/lib PATH=/workspace/foxy_ws/install/bin:${PATH} PKG_CONFIG_PATH=/workspace/foxy_ws/install/lib/x86_64-linux-gnu/pkgconfig:/workspace/foxy_ws/install/lib/pkgconfig PYTHONPATH=/workspace/foxy_ws/install/lib/python3.10/site-packages /usr/bin/cmake /workspace/foxy_ws/src/rcl_logging/rcl_logging_spdlog -DCMAKE_INSTALL_PREFIX=/workspace/foxy_ws/install
[0.979s] Invoking command in '/workspace/foxy_ws/build/rcl_logging_spdlog': AMENT_PREFIX_PATH=/workspace/foxy_ws/install CMAKE_PREFIX_PATH=/workspace/foxy_ws/install LD_LIBRARY_PATH=/workspace/foxy_ws/install/lib PATH=/workspace/foxy_ws/install/bin:${PATH} PKG_CONFIG_PATH=/workspace/foxy_ws/install/lib/x86_64-linux-gnu/pkgconfig:/workspace/foxy_ws/install/lib/pkgconfig PYTHONPATH=/workspace/foxy_ws/install/lib/python3.10/site-packages /usr/bin/cmake --build /workspace/foxy_ws/build/rcl_logging_spdlog -- -j12 -l12
[1.014s] Scanning dependencies of target gtest
[1.021s] [ 10%] Building CXX object gtest/CMakeFiles/gtest.dir/src/gtest-all.cc.o
[3.555s] [ 20%] Linking CXX static library libgtest.a
[3.619s] [ 20%] Built target gtest
[3.635s] Scanning dependencies of target gtest_main
[3.638s] Scanning dependencies of target rcl_logging_spdlog
[3.647s] [ 30%] Building CXX object gtest/CMakeFiles/gtest_main.dir/src/gtest_main.cc.o
[3.651s] [ 40%] Building CXX object CMakeFiles/rcl_logging_spdlog.dir/src/rcl_logging_spdlog.cpp.o
[4.469s] [ 50%] Linking CXX static library libgtest_main.a
[4.510s] [ 50%] Built target gtest_main
[4.871s] [ 60%] Linking CXX shared library librcl_logging_spdlog.so
[4.937s] [ 60%] Built target rcl_logging_spdlog
[4.947s] Scanning dependencies of target benchmark_logging_interface
[4.953s] Scanning dependencies of target test_logging_interface
[4.959s] [ 70%] Building CXX object CMakeFiles/benchmark_logging_interface.dir/test/benchmark/benchmark_logging_interface.cpp.o
[4.962s] [ 80%] Building CXX object CMakeFiles/test_logging_interface.dir/test/test_logging_interface.cpp.o
[5.840s] [ 90%] Linking CXX executable benchmark_logging_interface
[5.859s] [100%] Linking CXX executable test_logging_interface
[5.974s] [100%] Built target benchmark_logging_interface
[6.013s] [100%] Built target test_logging_interface
[6.021s] Invoked command in '/workspace/foxy_ws/build/rcl_logging_spdlog' returned '0': AMENT_PREFIX_PATH=/workspace/foxy_ws/install CMAKE_PREFIX_PATH=/workspace/foxy_ws/install LD_LIBRARY_PATH=/workspace/foxy_ws/install/lib PATH=/workspace/foxy_ws/install/bin:${PATH} PKG_CONFIG_PATH=/workspace/foxy_ws/install/lib/x86_64-linux-gnu/pkgconfig:/workspace/foxy_ws/install/lib/pkgconfig PYTHONPATH=/workspace/foxy_ws/install/lib/python3.10/site-packages /usr/bin/cmake --build /workspace/foxy_ws/build/rcl_logging_spdlog -- -j12 -l12
[6.037s] Invoking command in '/workspace/foxy_ws/build/rcl_logging_spdlog': AMENT_PREFIX_PATH=/workspace/foxy_ws/install CMAKE_PREFIX_PATH=/workspace/foxy_ws/install LD_LIBRARY_PATH=/workspace/foxy_ws/install/lib PATH=/workspace/foxy_ws/install/bin:${PATH} PKG_CONFIG_PATH=/workspace/foxy_ws/install/lib/x86_64-linux-gnu/pkgconfig:/workspace/foxy_ws/install/lib/pkgconfig PYTHONPATH=/workspace/foxy_ws/install/lib/python3.10/site-packages /usr/bin/cmake --install /workspace/foxy_ws/build/rcl_logging_spdlog
[6.047s] -- Install configuration: ""
[6.047s] -- Installing: /workspace/foxy_ws/install/lib/librcl_logging_spdlog.so
[6.047s] -- Set runtime path of "/workspace/foxy_ws/install/lib/librcl_logging_spdlog.so" to ""
[6.048s] -- Installing: /workspace/foxy_ws/install/include/rcl_logging_spdlog
[6.048s] -- Installing: /workspace/foxy_ws/install/include/rcl_logging_spdlog/visibility_control.h
[6.048s] -- Installing: /workspace/foxy_ws/install/include/rcl_logging_spdlog/logging_interface.h
[6.048s] -- Installing: /workspace/foxy_ws/install/share/rcl_logging_spdlog/environment/library_path.sh
[6.048s] -- Installing: /workspace/foxy_ws/install/share/rcl_logging_spdlog/environment/library_path.dsv
[6.048s] -- Installing: /workspace/foxy_ws/install/share/ament_index/resource_index/package_run_dependencies/rcl_logging_spdlog
[6.049s] -- Installing: /workspace/foxy_ws/install/share/ament_index/resource_index/parent_prefix_path/rcl_logging_spdlog
[6.049s] -- Installing: /workspace/foxy_ws/install/share/rcl_logging_spdlog/environment/ament_prefix_path.sh
[6.049s] -- Installing: /workspace/foxy_ws/install/share/rcl_logging_spdlog/environment/ament_prefix_path.dsv
[6.049s] -- Installing: /workspace/foxy_ws/install/share/rcl_logging_spdlog/environment/path.sh
[6.049s] -- Installing: /workspace/foxy_ws/install/share/rcl_logging_spdlog/environment/path.dsv
[6.049s] -- Installing: /workspace/foxy_ws/install/share/rcl_logging_spdlog/local_setup.bash
[6.049s] -- Installing: /workspace/foxy_ws/install/share/rcl_logging_spdlog/local_setup.sh
[6.050s] -- Installing: /workspace/foxy_ws/install/share/rcl_logging_spdlog/local_setup.zsh
[6.050s] -- Installing: /workspace/foxy_ws/install/share/rcl_logging_spdlog/local_setup.dsv
[6.050s] -- Installing: /workspace/foxy_ws/install/share/rcl_logging_spdlog/package.dsv
[6.050s] -- Installing: /workspace/foxy_ws/install/share/ament_index/resource_index/packages/rcl_logging_spdlog
[6.050s] -- Installing: /workspace/foxy_ws/install/share/rcl_logging_spdlog/cmake/rcl_logging_spdlogExport.cmake
[6.050s] -- Installing: /workspace/foxy_ws/install/share/rcl_logging_spdlog/cmake/rcl_logging_spdlogExport-noconfig.cmake
[6.050s] -- Installing: /workspace/foxy_ws/install/share/rcl_logging_spdlog/cmake/ament_cmake_export_include_directories-extras.cmake
[6.051s] -- Installing: /workspace/foxy_ws/install/share/rcl_logging_spdlog/cmake/ament_cmake_export_dependencies-extras.cmake
[6.051s] -- Installing: /workspace/foxy_ws/install/share/rcl_logging_spdlog/cmake/ament_cmake_export_libraries-extras.cmake
[6.051s] -- Installing: /workspace/foxy_ws/install/share/rcl_logging_spdlog/cmake/ament_cmake_export_targets-extras.cmake
[6.051s] -- Installing: /workspace/foxy_ws/install/share/rcl_logging_spdlog/cmake/rcl_logging_spdlogConfig.cmake
[6.051s] -- Installing: /workspace/foxy_ws/install/share/rcl_logging_spdlog/cmake/rcl_logging_spdlogConfig-version.cmake
[6.051s] -- Installing: /workspace/foxy_ws/install/share/rcl_logging_spdlog/package.xml
[6.053s] Invoked command in '/workspace/foxy_ws/build/rcl_logging_spdlog' returned '0': AMENT_PREFIX_PATH=/workspace/foxy_ws/install CMAKE_PREFIX_PATH=/workspace/foxy_ws/install LD_LIBRARY_PATH=/workspace/foxy_ws/install/lib PATH=/workspace/foxy_ws/install/bin:${PATH} PKG_CONFIG_PATH=/workspace/foxy_ws/install/lib/x86_64-linux-gnu/pkgconfig:/workspace/foxy_ws/install/lib/pkgconfig PYTHONPATH=/workspace/foxy_ws/install/lib/python3.10/site-packages /usr/bin/cmake --install /workspace/foxy_ws/build/rcl_logging_spdlog
