[0.010s] Invoking command in '/workspace/foxy_ws/build/gmock_vendor': CMAKE_PREFIX_PATH=/workspace/foxy_ws/install PKG_CONFIG_PATH=/workspace/foxy_ws/install/lib/x86_64-linux-gnu/pkgconfig:/workspace/foxy_ws/install/lib/pkgconfig PYTHONPATH=/workspace/foxy_ws/install/lib/python3.10/site-packages /usr/bin/cmake /workspace/foxy_ws/src/googletest/gmock_vendor -DCMAKE_INSTALL_PREFIX=/workspace/foxy_ws/install
[0.028s] -- Configuring done
[0.030s] -- Generating done
[0.031s] -- Build files have been written to: /workspace/foxy_ws/build/gmock_vendor
[0.033s] Invoked command in '/workspace/foxy_ws/build/gmock_vendor' returned '0': CMAKE_PREFIX_PATH=/workspace/foxy_ws/install PKG_CONFIG_PATH=/workspace/foxy_ws/install/lib/x86_64-linux-gnu/pkgconfig:/workspace/foxy_ws/install/lib/pkgconfig PYTHONPATH=/workspace/foxy_ws/install/lib/python3.10/site-packages /usr/bin/cmake /workspace/foxy_ws/src/googletest/gmock_vendor -DCMAKE_INSTALL_PREFIX=/workspace/foxy_ws/install
[0.033s] Invoking command in '/workspace/foxy_ws/build/gmock_vendor': CMAKE_PREFIX_PATH=/workspace/foxy_ws/install PKG_CONFIG_PATH=/workspace/foxy_ws/install/lib/x86_64-linux-gnu/pkgconfig:/workspace/foxy_ws/install/lib/pkgconfig PYTHONPATH=/workspace/foxy_ws/install/lib/python3.10/site-packages /usr/bin/cmake --build /workspace/foxy_ws/build/gmock_vendor -- -j12 -l12
[0.069s] Invoked command in '/workspace/foxy_ws/build/gmock_vendor' returned '0': CMAKE_PREFIX_PATH=/workspace/foxy_ws/install PKG_CONFIG_PATH=/workspace/foxy_ws/install/lib/x86_64-linux-gnu/pkgconfig:/workspace/foxy_ws/install/lib/pkgconfig PYTHONPATH=/workspace/foxy_ws/install/lib/python3.10/site-packages /usr/bin/cmake --build /workspace/foxy_ws/build/gmock_vendor -- -j12 -l12
[0.087s] Invoking command in '/workspace/foxy_ws/build/gmock_vendor': CMAKE_PREFIX_PATH=/workspace/foxy_ws/install PKG_CONFIG_PATH=/workspace/foxy_ws/install/lib/x86_64-linux-gnu/pkgconfig:/workspace/foxy_ws/install/lib/pkgconfig PYTHONPATH=/workspace/foxy_ws/install/lib/python3.10/site-packages /usr/bin/cmake --install /workspace/foxy_ws/build/gmock_vendor
[0.096s] -- Install configuration: ""
[0.096s] -- Installing: /workspace/foxy_ws/install/share/gmock_vendor/cmake/gmock_vendorConfig.cmake
[0.097s] -- Installing: /workspace/foxy_ws/install/share/gmock_vendor/package.xml
[0.097s] -- Installing: /workspace/foxy_ws/install/src/gmock_vendor/CMakeLists.txt
[0.097s] -- Installing: /workspace/foxy_ws/install/src/gmock_vendor/include/gmock
[0.097s] -- Installing: /workspace/foxy_ws/install/src/gmock_vendor/include/gmock/gmock-generated-actions.h.pump
[0.097s] -- Installing: /workspace/foxy_ws/install/src/gmock_vendor/include/gmock/gmock-generated-actions.h
[0.097s] -- Installing: /workspace/foxy_ws/install/src/gmock_vendor/include/gmock/gmock-more-matchers.h
[0.098s] -- Installing: /workspace/foxy_ws/install/src/gmock_vendor/include/gmock/gmock-more-actions.h
[0.098s] -- Installing: /workspace/foxy_ws/install/src/gmock_vendor/include/gmock/gmock-generated-nice-strict.h.pump
[0.098s] -- Installing: /workspace/foxy_ws/install/src/gmock_vendor/include/gmock/gmock.h
[0.098s] -- Installing: /workspace/foxy_ws/install/src/gmock_vendor/include/gmock/gmock-generated-function-mockers.h
[0.098s] -- Installing: /workspace/foxy_ws/install/src/gmock_vendor/include/gmock/gmock-actions.h
[0.099s] -- Installing: /workspace/foxy_ws/install/src/gmock_vendor/include/gmock/gmock-spec-builders.h
[0.099s] -- Installing: /workspace/foxy_ws/install/src/gmock_vendor/include/gmock/gmock-cardinalities.h
[0.099s] -- Installing: /workspace/foxy_ws/install/src/gmock_vendor/include/gmock/gmock-matchers.h
[0.099s] -- Installing: /workspace/foxy_ws/install/src/gmock_vendor/include/gmock/gmock-generated-matchers.h
[0.100s] -- Installing: /workspace/foxy_ws/install/src/gmock_vendor/include/gmock/gmock-generated-nice-strict.h
[0.100s] -- Installing: /workspace/foxy_ws/install/src/gmock_vendor/include/gmock/gmock-function-mocker.h
[0.100s] -- Installing: /workspace/foxy_ws/install/src/gmock_vendor/include/gmock/gmock-generated-function-mockers.h.pump
[0.100s] -- Installing: /workspace/foxy_ws/install/src/gmock_vendor/include/gmock/internal
[0.101s] -- Installing: /workspace/foxy_ws/install/src/gmock_vendor/include/gmock/internal/gmock-pp.h
[0.101s] -- Installing: /workspace/foxy_ws/install/src/gmock_vendor/include/gmock/internal/custom
[0.101s] -- Installing: /workspace/foxy_ws/install/src/gmock_vendor/include/gmock/internal/custom/gmock-generated-actions.h.pump
[0.101s] -- Installing: /workspace/foxy_ws/install/src/gmock_vendor/include/gmock/internal/custom/gmock-generated-actions.h
[0.101s] -- Installing: /workspace/foxy_ws/install/src/gmock_vendor/include/gmock/internal/custom/README.md
[0.101s] -- Installing: /workspace/foxy_ws/install/src/gmock_vendor/include/gmock/internal/custom/gmock-matchers.h
[0.101s] -- Installing: /workspace/foxy_ws/install/src/gmock_vendor/include/gmock/internal/custom/gmock-port.h
[0.102s] -- Installing: /workspace/foxy_ws/install/src/gmock_vendor/include/gmock/internal/gmock-port.h
[0.102s] -- Installing: /workspace/foxy_ws/install/src/gmock_vendor/include/gmock/internal/gmock-internal-utils.h
[0.102s] -- Installing: /workspace/foxy_ws/install/src/gmock_vendor/include/gmock/internal/gmock-generated-internal-utils.h
[0.102s] -- Installing: /workspace/foxy_ws/install/src/gmock_vendor/include/gmock/internal/gmock-generated-internal-utils.h.pump
[0.102s] -- Installing: /workspace/foxy_ws/install/src/gmock_vendor/include/gmock/gmock-generated-matchers.h.pump
[0.102s] -- Installing: /workspace/foxy_ws/install/src/gmock_vendor/src
[0.103s] -- Installing: /workspace/foxy_ws/install/src/gmock_vendor/src/gmock.cc
[0.103s] -- Installing: /workspace/foxy_ws/install/src/gmock_vendor/src/gmock-matchers.cc
[0.103s] -- Installing: /workspace/foxy_ws/install/src/gmock_vendor/src/gmock-cardinalities.cc
[0.103s] -- Installing: /workspace/foxy_ws/install/src/gmock_vendor/src/gmock-all.cc
[0.104s] -- Installing: /workspace/foxy_ws/install/src/gmock_vendor/src/gmock_main.cc
[0.104s] -- Installing: /workspace/foxy_ws/install/src/gmock_vendor/src/gmock-spec-builders.cc
[0.104s] -- Installing: /workspace/foxy_ws/install/src/gmock_vendor/src/gmock-internal-utils.cc
[0.106s] Invoked command in '/workspace/foxy_ws/build/gmock_vendor' returned '0': CMAKE_PREFIX_PATH=/workspace/foxy_ws/install PKG_CONFIG_PATH=/workspace/foxy_ws/install/lib/x86_64-linux-gnu/pkgconfig:/workspace/foxy_ws/install/lib/pkgconfig PYTHONPATH=/workspace/foxy_ws/install/lib/python3.10/site-packages /usr/bin/cmake --install /workspace/foxy_ws/build/gmock_vendor
