-- The C compiler identification is GNU 9.4.0
-- The CXX compiler identification is GNU 9.4.0
-- Check for working C compiler: /usr/bin/cc
-- Check for working C compiler: /usr/bin/cc -- works
-- Detecting C compiler ABI info
-- Detecting C compiler ABI info - done
-- Detecting C compile features
-- Detecting C compile features - done
-- Check for working CXX compiler: /usr/bin/c++
-- Check for working CXX compiler: /usr/bin/c++ -- works
-- Detecting CXX compiler ABI info
-- Detecting CXX compiler ABI info - done
-- Detecting CXX compile features
-- Detecting CXX compile features - done
-- Found ament_cmake_ros: 0.9.2 (/workspace/foxy_ws/install/share/ament_cmake_ros/cmake)
-- Found PythonInterp: /usr/bin/python3 (found suitable version "3.10.14", minimum required is "3") 
-- Using PYTHON_EXECUTABLE: /usr/bin/python3
-- Found rcutils: 1.1.5 (/workspace/foxy_ws/install/share/rcutils/cmake)
-- Found libyaml_vendor: 1.0.4 (/workspace/foxy_ws/install/share/libyaml_vendor/cmake)
-- Found ament_lint_auto: 0.9.8 (/workspace/foxy_ws/install/share/ament_lint_auto/cmake)
-- Found gtest sources under '/workspace/foxy_ws/install/src/gtest_vendor': C++ tests using 'Google Test' will be built
-- Looking for pthread.h
-- Looking for pthread.h - found
-- Performing Test CMAKE_HAVE_LIBC_PTHREAD
-- Performing Test CMAKE_HAVE_LIBC_PTHREAD - Failed
-- Check if compiler accepts -pthread
-- Check if compiler accepts -pthread - yes
-- Found Threads: TRUE  
-- Performance tests are disabled by default, so Google Benchmark tests will be skipped. To enable these tests, set the CMake variable 'AMENT_RUN_PERFORMANCE_TESTS'.
-- Added test 'copyright' to check source files copyright and LICENSE
-- Added test 'cppcheck' to perform static code analysis on C / C++ code
-- Configured cppcheck include dirs: /workspace/foxy_ws/install/include;$<BUILD_INTERFACE:/workspace/foxy_ws/src/rcl/rcl_yaml_param_parser/include>
-- Configured cppcheck exclude dirs and/or files: 
-- Added test 'cpplint' to check C / C++ code against the Google style
-- Configured cpplint exclude dirs and/or files: 
-- Added test 'lint_cmake' to check CMake code style
-- Added test 'uncrustify' to check C / C++ code style
-- Configured uncrustify additional arguments: 
-- Added test 'xmllint' to check XML markup files
-- Configuring done
-- Generating done
-- Build files have been written to: /workspace/foxy_ws/build/rcl_yaml_param_parser
Scanning dependencies of target rcl_yaml_param_parser
Scanning dependencies of target gtest
Scanning dependencies of target gtest_main
[  4%] Building CXX object gtest/CMakeFiles/gtest.dir/src/gtest-all.cc.o
[  8%] Building CXX object gtest/CMakeFiles/gtest_main.dir/src/gtest_main.cc.o
[ 12%] Building C object CMakeFiles/rcl_yaml_param_parser.dir/src/namespace.c.o
[ 16%] Building C object CMakeFiles/rcl_yaml_param_parser.dir/src/add_to_arrays.c.o
[ 20%] Building C object CMakeFiles/rcl_yaml_param_parser.dir/src/node_params.c.o
[ 24%] Building C object CMakeFiles/rcl_yaml_param_parser.dir/src/yaml_variant.c.o
[ 28%] Building C object CMakeFiles/rcl_yaml_param_parser.dir/src/parser.c.o
[ 32%] Building C object CMakeFiles/rcl_yaml_param_parser.dir/src/parse.c.o
[ 36%] Linking C shared library librcl_yaml_param_parser.so
[ 36%] Built target rcl_yaml_param_parser
Scanning dependencies of target benchmark_parse_yaml
[ 40%] Building CXX object CMakeFiles/benchmark_parse_yaml.dir/test/benchmark/benchmark_parse_yaml.cpp.o
[ 44%] Linking CXX static library libgtest_main.a
[ 44%] Built target gtest_main
[ 48%] Linking CXX executable benchmark_parse_yaml
[ 48%] Built target benchmark_parse_yaml
[ 52%] Linking CXX static library libgtest.a
[ 52%] Built target gtest
Scanning dependencies of target test_namespace
[ 56%] Building CXX object CMakeFiles/test_namespace.dir/test/test_namespace.cpp.o
[ 60%] Linking CXX executable test_namespace
[ 60%] Built target test_namespace
Scanning dependencies of target test_parser
[ 64%] Building CXX object CMakeFiles/test_parser.dir/test/test_parser.cpp.o
[ 68%] Linking CXX executable test_parser
[ 68%] Built target test_parser
Scanning dependencies of target test_yaml_variant
[ 72%] Building CXX object CMakeFiles/test_yaml_variant.dir/test/test_yaml_variant.cpp.o
[ 76%] Linking CXX executable test_yaml_variant
[ 76%] Built target test_yaml_variant
Scanning dependencies of target test_parse
[ 80%] Building CXX object CMakeFiles/test_parse.dir/test/test_parse.cpp.o
[ 84%] Linking CXX executable test_parse
[ 84%] Built target test_parse
Scanning dependencies of target test_parse_yaml
[ 88%] Building CXX object CMakeFiles/test_parse_yaml.dir/test/test_parse_yaml.cpp.o
[ 92%] Linking CXX executable test_parse_yaml
[ 92%] Built target test_parse_yaml
Scanning dependencies of target test_node_params
[ 96%] Building CXX object CMakeFiles/test_node_params.dir/test/test_node_params.cpp.o
[100%] Linking CXX executable test_node_params
[100%] Built target test_node_params
-- Install configuration: ""
-- Installing: /workspace/foxy_ws/install/lib/librcl_yaml_param_parser.so
-- Set runtime path of "/workspace/foxy_ws/install/lib/librcl_yaml_param_parser.so" to ""
-- Up-to-date: /workspace/foxy_ws/install/include
-- Installing: /workspace/foxy_ws/install/include/rcl_yaml_param_parser
-- Installing: /workspace/foxy_ws/install/include/rcl_yaml_param_parser/parser.h
-- Installing: /workspace/foxy_ws/install/include/rcl_yaml_param_parser/visibility_control.h
-- Installing: /workspace/foxy_ws/install/include/rcl_yaml_param_parser/types.h
-- Installing: /workspace/foxy_ws/install/share/rcl_yaml_param_parser/environment/library_path.sh
-- Installing: /workspace/foxy_ws/install/share/rcl_yaml_param_parser/environment/library_path.dsv
-- Installing: /workspace/foxy_ws/install/share/ament_index/resource_index/package_run_dependencies/rcl_yaml_param_parser
-- Installing: /workspace/foxy_ws/install/share/ament_index/resource_index/parent_prefix_path/rcl_yaml_param_parser
-- Installing: /workspace/foxy_ws/install/share/rcl_yaml_param_parser/environment/ament_prefix_path.sh
-- Installing: /workspace/foxy_ws/install/share/rcl_yaml_param_parser/environment/ament_prefix_path.dsv
-- Installing: /workspace/foxy_ws/install/share/rcl_yaml_param_parser/environment/path.sh
-- Installing: /workspace/foxy_ws/install/share/rcl_yaml_param_parser/environment/path.dsv
-- Installing: /workspace/foxy_ws/install/share/rcl_yaml_param_parser/local_setup.bash
-- Installing: /workspace/foxy_ws/install/share/rcl_yaml_param_parser/local_setup.sh
-- Installing: /workspace/foxy_ws/install/share/rcl_yaml_param_parser/local_setup.zsh
-- Installing: /workspace/foxy_ws/install/share/rcl_yaml_param_parser/local_setup.dsv
-- Installing: /workspace/foxy_ws/install/share/rcl_yaml_param_parser/package.dsv
-- Installing: /workspace/foxy_ws/install/share/ament_index/resource_index/packages/rcl_yaml_param_parser
-- Installing: /workspace/foxy_ws/install/share/rcl_yaml_param_parser/cmake/rcl_yaml_param_parserExport.cmake
-- Installing: /workspace/foxy_ws/install/share/rcl_yaml_param_parser/cmake/rcl_yaml_param_parserExport-noconfig.cmake
-- Installing: /workspace/foxy_ws/install/share/rcl_yaml_param_parser/cmake/ament_cmake_export_dependencies-extras.cmake
-- Installing: /workspace/foxy_ws/install/share/rcl_yaml_param_parser/cmake/ament_cmake_export_include_directories-extras.cmake
-- Installing: /workspace/foxy_ws/install/share/rcl_yaml_param_parser/cmake/ament_cmake_export_libraries-extras.cmake
-- Installing: /workspace/foxy_ws/install/share/rcl_yaml_param_parser/cmake/ament_cmake_export_targets-extras.cmake
-- Installing: /workspace/foxy_ws/install/share/rcl_yaml_param_parser/cmake/rcl_yaml_param_parserConfig.cmake
-- Installing: /workspace/foxy_ws/install/share/rcl_yaml_param_parser/cmake/rcl_yaml_param_parserConfig-version.cmake
-- Installing: /workspace/foxy_ws/install/share/rcl_yaml_param_parser/package.xml
