[0.072s] Invoking command in '/workspace/foxy_ws/build/rcl_yaml_param_parser': AMENT_PREFIX_PATH=/workspace/foxy_ws/install CMAKE_PREFIX_PATH=/workspace/foxy_ws/install LD_LIBRARY_PATH=/workspace/foxy_ws/install/lib PATH=/workspace/foxy_ws/install/bin:${PATH} PKG_CONFIG_PATH=/workspace/foxy_ws/install/lib/x86_64-linux-gnu/pkgconfig:/workspace/foxy_ws/install/lib/pkgconfig PYTHONPATH=/workspace/foxy_ws/install/lib/python3.10/site-packages /usr/bin/cmake /workspace/foxy_ws/src/rcl/rcl_yaml_param_parser -DCMAKE_INSTALL_PREFIX=/workspace/foxy_ws/install
[0.119s] -- The C compiler identification is GNU 9.4.0
[0.163s] -- The CXX compiler identification is GNU 9.4.0
[0.170s] -- Check for working C compiler: /usr/bin/cc
[0.231s] -- Check for working C compiler: /usr/bin/cc -- works
[0.232s] -- Detecting C compiler ABI info
[0.296s] -- Detecting C compiler ABI info - done
[0.305s] -- Detecting C compile features
[0.305s] -- Detecting C compile features - done
[0.307s] -- Check for working CXX compiler: /usr/bin/c++
[0.373s] -- Check for working CXX compiler: /usr/bin/c++ -- works
[0.374s] -- Detecting CXX compiler ABI info
[0.465s] -- Detecting CXX compiler ABI info - done
[0.477s] -- Detecting CXX compile features
[0.477s] -- Detecting CXX compile features - done
[0.479s] -- Found ament_cmake_ros: 0.9.2 (/workspace/foxy_ws/install/share/ament_cmake_ros/cmake)
[0.521s] -- Found PythonInterp: /usr/bin/python3 (found suitable version "3.10.14", minimum required is "3") 
[0.522s] -- Using PYTHON_EXECUTABLE: /usr/bin/python3
[0.753s] -- Found rcutils: 1.1.5 (/workspace/foxy_ws/install/share/rcutils/cmake)
[0.761s] -- Found libyaml_vendor: 1.0.4 (/workspace/foxy_ws/install/share/libyaml_vendor/cmake)
[0.765s] -- Found ament_lint_auto: 0.9.8 (/workspace/foxy_ws/install/share/ament_lint_auto/cmake)
[0.876s] -- Found gtest sources under '/workspace/foxy_ws/install/src/gtest_vendor': C++ tests using 'Google Test' will be built
[0.878s] -- Looking for pthread.h
[0.992s] -- Looking for pthread.h - found
[0.992s] -- Performing Test CMAKE_HAVE_LIBC_PTHREAD
[1.097s] -- Performing Test CMAKE_HAVE_LIBC_PTHREAD - Failed
[1.097s] -- Check if compiler accepts -pthread
[1.212s] -- Check if compiler accepts -pthread - yes
[1.221s] -- Found Threads: TRUE  
[1.228s] -- Performance tests are disabled by default, so Google Benchmark tests will be skipped. To enable these tests, set the CMake variable 'AMENT_RUN_PERFORMANCE_TESTS'.
[1.236s] -- Added test 'copyright' to check source files copyright and LICENSE
[1.242s] -- Added test 'cppcheck' to perform static code analysis on C / C++ code
[1.243s] -- Configured cppcheck include dirs: /workspace/foxy_ws/install/include;$<BUILD_INTERFACE:/workspace/foxy_ws/src/rcl/rcl_yaml_param_parser/include>
[1.243s] -- Configured cppcheck exclude dirs and/or files: 
[1.251s] -- Added test 'cpplint' to check C / C++ code against the Google style
[1.251s] -- Configured cpplint exclude dirs and/or files: 
[1.254s] -- Added test 'lint_cmake' to check CMake code style
[1.264s] -- Added test 'uncrustify' to check C / C++ code style
[1.264s] -- Configured uncrustify additional arguments: 
[1.267s] -- Added test 'xmllint' to check XML markup files
[1.275s] -- Configuring done
[1.310s] -- Generating done
[1.313s] -- Build files have been written to: /workspace/foxy_ws/build/rcl_yaml_param_parser
[1.326s] Invoked command in '/workspace/foxy_ws/build/rcl_yaml_param_parser' returned '0': AMENT_PREFIX_PATH=/workspace/foxy_ws/install CMAKE_PREFIX_PATH=/workspace/foxy_ws/install LD_LIBRARY_PATH=/workspace/foxy_ws/install/lib PATH=/workspace/foxy_ws/install/bin:${PATH} PKG_CONFIG_PATH=/workspace/foxy_ws/install/lib/x86_64-linux-gnu/pkgconfig:/workspace/foxy_ws/install/lib/pkgconfig PYTHONPATH=/workspace/foxy_ws/install/lib/python3.10/site-packages /usr/bin/cmake /workspace/foxy_ws/src/rcl/rcl_yaml_param_parser -DCMAKE_INSTALL_PREFIX=/workspace/foxy_ws/install
[1.326s] Invoking command in '/workspace/foxy_ws/build/rcl_yaml_param_parser': AMENT_PREFIX_PATH=/workspace/foxy_ws/install CMAKE_PREFIX_PATH=/workspace/foxy_ws/install LD_LIBRARY_PATH=/workspace/foxy_ws/install/lib PATH=/workspace/foxy_ws/install/bin:${PATH} PKG_CONFIG_PATH=/workspace/foxy_ws/install/lib/x86_64-linux-gnu/pkgconfig:/workspace/foxy_ws/install/lib/pkgconfig PYTHONPATH=/workspace/foxy_ws/install/lib/python3.10/site-packages /usr/bin/cmake --build /workspace/foxy_ws/build/rcl_yaml_param_parser -- -j12 -l12
[1.393s] Scanning dependencies of target rcl_yaml_param_parser
[1.406s] Scanning dependencies of target gtest
[1.427s] Scanning dependencies of target gtest_main
[1.439s] [  4%] Building CXX object gtest/CMakeFiles/gtest.dir/src/gtest-all.cc.o
[1.440s] [  8%] Building CXX object gtest/CMakeFiles/gtest_main.dir/src/gtest_main.cc.o
[1.452s] [ 12%] Building C object CMakeFiles/rcl_yaml_param_parser.dir/src/namespace.c.o
[1.461s] [ 16%] Building C object CMakeFiles/rcl_yaml_param_parser.dir/src/add_to_arrays.c.o
[1.464s] [ 20%] Building C object CMakeFiles/rcl_yaml_param_parser.dir/src/node_params.c.o
[1.511s] [ 24%] Building C object CMakeFiles/rcl_yaml_param_parser.dir/src/yaml_variant.c.o
[1.522s] [ 28%] Building C object CMakeFiles/rcl_yaml_param_parser.dir/src/parser.c.o
[1.554s] [ 32%] Building C object CMakeFiles/rcl_yaml_param_parser.dir/src/parse.c.o
[1.667s] [ 36%] Linking C shared library librcl_yaml_param_parser.so
[1.802s] [ 36%] Built target rcl_yaml_param_parser
[1.864s] Scanning dependencies of target benchmark_parse_yaml
[1.927s] [ 40%] Building CXX object CMakeFiles/benchmark_parse_yaml.dir/test/benchmark/benchmark_parse_yaml.cpp.o
[2.925s] [ 44%] Linking CXX static library libgtest_main.a
[3.137s] [ 44%] Built target gtest_main
[4.377s] [ 48%] Linking CXX executable benchmark_parse_yaml
[4.742s] [ 48%] Built target benchmark_parse_yaml
[6.828s] [ 52%] Linking CXX static library libgtest.a
[7.032s] [ 52%] Built target gtest
[7.050s] Scanning dependencies of target test_namespace
[7.066s] [ 56%] Building CXX object CMakeFiles/test_namespace.dir/test/test_namespace.cpp.o
[7.944s] [ 60%] Linking CXX executable test_namespace
[8.061s] [ 60%] Built target test_namespace
[8.079s] Scanning dependencies of target test_parser
[8.092s] [ 64%] Building CXX object CMakeFiles/test_parser.dir/test/test_parser.cpp.o
[9.009s] [ 68%] Linking CXX executable test_parser
[9.109s] [ 68%] Built target test_parser
[9.120s] Scanning dependencies of target test_yaml_variant
[9.129s] [ 72%] Building CXX object CMakeFiles/test_yaml_variant.dir/test/test_yaml_variant.cpp.o
[9.923s] [ 76%] Linking CXX executable test_yaml_variant
[10.026s] [ 76%] Built target test_yaml_variant
[10.039s] Scanning dependencies of target test_parse
[10.048s] [ 80%] Building CXX object CMakeFiles/test_parse.dir/test/test_parse.cpp.o
[10.939s] [ 84%] Linking CXX executable test_parse
[11.038s] [ 84%] Built target test_parse
[11.050s] Scanning dependencies of target test_parse_yaml
[11.059s] [ 88%] Building CXX object CMakeFiles/test_parse_yaml.dir/test/test_parse_yaml.cpp.o
[11.989s] [ 92%] Linking CXX executable test_parse_yaml
[12.081s] [ 92%] Built target test_parse_yaml
[12.094s] Scanning dependencies of target test_node_params
[12.102s] [ 96%] Building CXX object CMakeFiles/test_node_params.dir/test/test_node_params.cpp.o
[12.687s] [100%] Linking CXX executable test_node_params
[12.781s] [100%] Built target test_node_params
[12.789s] Invoked command in '/workspace/foxy_ws/build/rcl_yaml_param_parser' returned '0': AMENT_PREFIX_PATH=/workspace/foxy_ws/install CMAKE_PREFIX_PATH=/workspace/foxy_ws/install LD_LIBRARY_PATH=/workspace/foxy_ws/install/lib PATH=/workspace/foxy_ws/install/bin:${PATH} PKG_CONFIG_PATH=/workspace/foxy_ws/install/lib/x86_64-linux-gnu/pkgconfig:/workspace/foxy_ws/install/lib/pkgconfig PYTHONPATH=/workspace/foxy_ws/install/lib/python3.10/site-packages /usr/bin/cmake --build /workspace/foxy_ws/build/rcl_yaml_param_parser -- -j12 -l12
[12.816s] Invoking command in '/workspace/foxy_ws/build/rcl_yaml_param_parser': AMENT_PREFIX_PATH=/workspace/foxy_ws/install CMAKE_PREFIX_PATH=/workspace/foxy_ws/install LD_LIBRARY_PATH=/workspace/foxy_ws/install/lib PATH=/workspace/foxy_ws/install/bin:${PATH} PKG_CONFIG_PATH=/workspace/foxy_ws/install/lib/x86_64-linux-gnu/pkgconfig:/workspace/foxy_ws/install/lib/pkgconfig PYTHONPATH=/workspace/foxy_ws/install/lib/python3.10/site-packages /usr/bin/cmake --install /workspace/foxy_ws/build/rcl_yaml_param_parser
[12.823s] -- Install configuration: ""
[12.823s] -- Installing: /workspace/foxy_ws/install/lib/librcl_yaml_param_parser.so
[12.824s] -- Set runtime path of "/workspace/foxy_ws/install/lib/librcl_yaml_param_parser.so" to ""
[12.824s] -- Up-to-date: /workspace/foxy_ws/install/include
[12.824s] -- Installing: /workspace/foxy_ws/install/include/rcl_yaml_param_parser
[12.824s] -- Installing: /workspace/foxy_ws/install/include/rcl_yaml_param_parser/parser.h
[12.824s] -- Installing: /workspace/foxy_ws/install/include/rcl_yaml_param_parser/visibility_control.h
[12.824s] -- Installing: /workspace/foxy_ws/install/include/rcl_yaml_param_parser/types.h
[12.825s] -- Installing: /workspace/foxy_ws/install/share/rcl_yaml_param_parser/environment/library_path.sh
[12.825s] -- Installing: /workspace/foxy_ws/install/share/rcl_yaml_param_parser/environment/library_path.dsv
[12.825s] -- Installing: /workspace/foxy_ws/install/share/ament_index/resource_index/package_run_dependencies/rcl_yaml_param_parser
[12.825s] -- Installing: /workspace/foxy_ws/install/share/ament_index/resource_index/parent_prefix_path/rcl_yaml_param_parser
[12.825s] -- Installing: /workspace/foxy_ws/install/share/rcl_yaml_param_parser/environment/ament_prefix_path.sh
[12.825s] -- Installing: /workspace/foxy_ws/install/share/rcl_yaml_param_parser/environment/ament_prefix_path.dsv
[12.825s] -- Installing: /workspace/foxy_ws/install/share/rcl_yaml_param_parser/environment/path.sh
[12.826s] -- Installing: /workspace/foxy_ws/install/share/rcl_yaml_param_parser/environment/path.dsv
[12.826s] -- Installing: /workspace/foxy_ws/install/share/rcl_yaml_param_parser/local_setup.bash
[12.826s] -- Installing: /workspace/foxy_ws/install/share/rcl_yaml_param_parser/local_setup.sh
[12.826s] -- Installing: /workspace/foxy_ws/install/share/rcl_yaml_param_parser/local_setup.zsh
[12.826s] -- Installing: /workspace/foxy_ws/install/share/rcl_yaml_param_parser/local_setup.dsv
[12.826s] -- Installing: /workspace/foxy_ws/install/share/rcl_yaml_param_parser/package.dsv
[12.826s] -- Installing: /workspace/foxy_ws/install/share/ament_index/resource_index/packages/rcl_yaml_param_parser
[12.827s] -- Installing: /workspace/foxy_ws/install/share/rcl_yaml_param_parser/cmake/rcl_yaml_param_parserExport.cmake
[12.827s] -- Installing: /workspace/foxy_ws/install/share/rcl_yaml_param_parser/cmake/rcl_yaml_param_parserExport-noconfig.cmake
[12.827s] -- Installing: /workspace/foxy_ws/install/share/rcl_yaml_param_parser/cmake/ament_cmake_export_dependencies-extras.cmake
[12.827s] -- Installing: /workspace/foxy_ws/install/share/rcl_yaml_param_parser/cmake/ament_cmake_export_include_directories-extras.cmake
[12.827s] -- Installing: /workspace/foxy_ws/install/share/rcl_yaml_param_parser/cmake/ament_cmake_export_libraries-extras.cmake
[12.827s] -- Installing: /workspace/foxy_ws/install/share/rcl_yaml_param_parser/cmake/ament_cmake_export_targets-extras.cmake
[12.827s] -- Installing: /workspace/foxy_ws/install/share/rcl_yaml_param_parser/cmake/rcl_yaml_param_parserConfig.cmake
[12.827s] -- Installing: /workspace/foxy_ws/install/share/rcl_yaml_param_parser/cmake/rcl_yaml_param_parserConfig-version.cmake
[12.828s] -- Installing: /workspace/foxy_ws/install/share/rcl_yaml_param_parser/package.xml
[12.829s] Invoked command in '/workspace/foxy_ws/build/rcl_yaml_param_parser' returned '0': AMENT_PREFIX_PATH=/workspace/foxy_ws/install CMAKE_PREFIX_PATH=/workspace/foxy_ws/install LD_LIBRARY_PATH=/workspace/foxy_ws/install/lib PATH=/workspace/foxy_ws/install/bin:${PATH} PKG_CONFIG_PATH=/workspace/foxy_ws/install/lib/x86_64-linux-gnu/pkgconfig:/workspace/foxy_ws/install/lib/pkgconfig PYTHONPATH=/workspace/foxy_ws/install/lib/python3.10/site-packages /usr/bin/cmake --install /workspace/foxy_ws/build/rcl_yaml_param_parser
