-- Found ament_cmake: 0.9.12 (/workspace/foxy_ws/install/share/ament_cmake/cmake)
-- Found PythonInterp: /usr/bin/python3 (found suitable version "3.10.14", minimum required is "3") 
-- Using PYTHON_EXECUTABLE: /usr/bin/python3
<string>:1: DeprecationWarning: The distutils package is deprecated and slated for removal in Python 3.12. Use setuptools or check PEP 632 for potential alternatives
<string>:1: DeprecationWarning: The distutils.sysconfig module is deprecated, use sysconfig instead
-- Found ament_lint_auto: 0.9.8 (/workspace/foxy_ws/install/share/ament_lint_auto/cmake)
-- Added test 'copyright' to check source files copyright and LICENSE
-- Added test 'flake8' to check Python code syntax and style conventions
-- Added test 'lint_cmake' to check CMake code style
-- Added test 'pep257' to check Python code against some of the style conventions in PEP 257
-- Added test 'xmllint' to check XML markup files
-- Configuring done
-- Generating done
-- Build files have been written to: /workspace/foxy_ws/build/rosidl_parser
-- Install configuration: ""
-- Installing: /workspace/foxy_ws/install/share/rosidl_parser/environment/pythonpath.sh
-- Installing: /workspace/foxy_ws/install/share/rosidl_parser/environment/pythonpath.dsv
-- Installing: /workspace/foxy_ws/install/lib/python3.10/site-packages/rosidl_parser
-- Installing: /workspace/foxy_ws/install/lib/python3.10/site-packages/rosidl_parser/grammar.lark
-- Installing: /workspace/foxy_ws/install/lib/python3.10/site-packages/rosidl_parser/parser.py
-- Installing: /workspace/foxy_ws/install/lib/python3.10/site-packages/rosidl_parser/definition.py
-- Installing: /workspace/foxy_ws/install/lib/python3.10/site-packages/rosidl_parser/__init__.py
Listing '/workspace/foxy_ws/install/lib/python3.10/site-packages/rosidl_parser'...
Compiling '/workspace/foxy_ws/install/lib/python3.10/site-packages/rosidl_parser/__init__.py'...
Compiling '/workspace/foxy_ws/install/lib/python3.10/site-packages/rosidl_parser/definition.py'...
Compiling '/workspace/foxy_ws/install/lib/python3.10/site-packages/rosidl_parser/parser.py'...
-- Installing: /workspace/foxy_ws/install/share/ament_index/resource_index/package_run_dependencies/rosidl_parser
-- Installing: /workspace/foxy_ws/install/share/ament_index/resource_index/parent_prefix_path/rosidl_parser
-- Installing: /workspace/foxy_ws/install/share/rosidl_parser/environment/ament_prefix_path.sh
-- Installing: /workspace/foxy_ws/install/share/rosidl_parser/environment/ament_prefix_path.dsv
-- Installing: /workspace/foxy_ws/install/share/rosidl_parser/environment/path.sh
-- Installing: /workspace/foxy_ws/install/share/rosidl_parser/environment/path.dsv
-- Installing: /workspace/foxy_ws/install/share/rosidl_parser/local_setup.bash
-- Installing: /workspace/foxy_ws/install/share/rosidl_parser/local_setup.sh
-- Installing: /workspace/foxy_ws/install/share/rosidl_parser/local_setup.zsh
-- Installing: /workspace/foxy_ws/install/share/rosidl_parser/local_setup.dsv
-- Installing: /workspace/foxy_ws/install/share/rosidl_parser/package.dsv
-- Installing: /workspace/foxy_ws/install/share/ament_index/resource_index/packages/rosidl_parser
-- Installing: /workspace/foxy_ws/install/share/rosidl_parser/cmake/rosidl_parserConfig.cmake
-- Installing: /workspace/foxy_ws/install/share/rosidl_parser/cmake/rosidl_parserConfig-version.cmake
-- Installing: /workspace/foxy_ws/install/share/rosidl_parser/package.xml
-- Installing: /workspace/foxy_ws/install/lib/rosidl_parser/idl2png
