[0.053s] Invoking command in '/workspace/foxy_ws/build/rosidl_parser': AMENT_PREFIX_PATH=/workspace/foxy_ws/install CMAKE_PREFIX_PATH=/workspace/foxy_ws/install LD_LIBRARY_PATH=/workspace/foxy_ws/install/lib PATH=/workspace/foxy_ws/install/bin:${PATH} PYTHONPATH=/workspace/foxy_ws/install/lib/python3.10/site-packages /usr/bin/cmake /workspace/foxy_ws/src/rosidl/rosidl_parser -DCMAKE_INSTALL_PREFIX=/workspace/foxy_ws/install
[0.064s] -- Found ament_cmake: 0.9.12 (/workspace/foxy_ws/install/share/ament_cmake/cmake)
[0.080s] -- Found PythonInterp: /usr/bin/python3 (found suitable version "3.10.14", minimum required is "3") 
[0.080s] -- Using PYTHON_EXECUTABLE: /usr/bin/python3
[0.269s] <string>:1: DeprecationWarning: The distutils package is deprecated and slated for removal in Python 3.12. Use setuptools or check PEP 632 for potential alternatives
[0.272s] <string>:1: DeprecationWarning: The distutils.sysconfig module is deprecated, use sysconfig instead
[0.274s] -- Found ament_lint_auto: 0.9.8 (/workspace/foxy_ws/install/share/ament_lint_auto/cmake)
[0.345s] -- Added test 'copyright' to check source files copyright and LICENSE
[0.353s] -- Added test 'flake8' to check Python code syntax and style conventions
[0.354s] -- Added test 'lint_cmake' to check CMake code style
[0.355s] -- Added test 'pep257' to check Python code against some of the style conventions in PEP 257
[0.358s] -- Added test 'xmllint' to check XML markup files
[0.799s] -- Configuring done
[0.800s] -- Generating done
[0.801s] -- Build files have been written to: /workspace/foxy_ws/build/rosidl_parser
[0.803s] Invoked command in '/workspace/foxy_ws/build/rosidl_parser' returned '0': AMENT_PREFIX_PATH=/workspace/foxy_ws/install CMAKE_PREFIX_PATH=/workspace/foxy_ws/install LD_LIBRARY_PATH=/workspace/foxy_ws/install/lib PATH=/workspace/foxy_ws/install/bin:${PATH} PYTHONPATH=/workspace/foxy_ws/install/lib/python3.10/site-packages /usr/bin/cmake /workspace/foxy_ws/src/rosidl/rosidl_parser -DCMAKE_INSTALL_PREFIX=/workspace/foxy_ws/install
[0.804s] Invoking command in '/workspace/foxy_ws/build/rosidl_parser': AMENT_PREFIX_PATH=/workspace/foxy_ws/install CMAKE_PREFIX_PATH=/workspace/foxy_ws/install LD_LIBRARY_PATH=/workspace/foxy_ws/install/lib PATH=/workspace/foxy_ws/install/bin:${PATH} PYTHONPATH=/workspace/foxy_ws/install/lib/python3.10/site-packages /usr/bin/cmake --build /workspace/foxy_ws/build/rosidl_parser -- -j12 -l12
[0.835s] Invoked command in '/workspace/foxy_ws/build/rosidl_parser' returned '0': AMENT_PREFIX_PATH=/workspace/foxy_ws/install CMAKE_PREFIX_PATH=/workspace/foxy_ws/install LD_LIBRARY_PATH=/workspace/foxy_ws/install/lib PATH=/workspace/foxy_ws/install/bin:${PATH} PYTHONPATH=/workspace/foxy_ws/install/lib/python3.10/site-packages /usr/bin/cmake --build /workspace/foxy_ws/build/rosidl_parser -- -j12 -l12
[0.847s] Invoking command in '/workspace/foxy_ws/build/rosidl_parser': AMENT_PREFIX_PATH=/workspace/foxy_ws/install CMAKE_PREFIX_PATH=/workspace/foxy_ws/install LD_LIBRARY_PATH=/workspace/foxy_ws/install/lib PATH=/workspace/foxy_ws/install/bin:${PATH} PYTHONPATH=/workspace/foxy_ws/install/lib/python3.10/site-packages /usr/bin/cmake --install /workspace/foxy_ws/build/rosidl_parser
[0.856s] -- Install configuration: ""
[0.856s] -- Installing: /workspace/foxy_ws/install/share/rosidl_parser/environment/pythonpath.sh
[0.856s] -- Installing: /workspace/foxy_ws/install/share/rosidl_parser/environment/pythonpath.dsv
[0.857s] -- Installing: /workspace/foxy_ws/install/lib/python3.10/site-packages/rosidl_parser
[0.857s] -- Installing: /workspace/foxy_ws/install/lib/python3.10/site-packages/rosidl_parser/grammar.lark
[0.860s] -- Installing: /workspace/foxy_ws/install/lib/python3.10/site-packages/rosidl_parser/parser.py
[0.860s] -- Installing: /workspace/foxy_ws/install/lib/python3.10/site-packages/rosidl_parser/definition.py
[0.860s] -- Installing: /workspace/foxy_ws/install/lib/python3.10/site-packages/rosidl_parser/__init__.py
[0.894s] Listing '/workspace/foxy_ws/install/lib/python3.10/site-packages/rosidl_parser'...
[0.894s] Compiling '/workspace/foxy_ws/install/lib/python3.10/site-packages/rosidl_parser/__init__.py'...
[0.894s] Compiling '/workspace/foxy_ws/install/lib/python3.10/site-packages/rosidl_parser/definition.py'...
[0.894s] Compiling '/workspace/foxy_ws/install/lib/python3.10/site-packages/rosidl_parser/parser.py'...
[0.899s] -- Installing: /workspace/foxy_ws/install/share/ament_index/resource_index/package_run_dependencies/rosidl_parser
[0.899s] -- Installing: /workspace/foxy_ws/install/share/ament_index/resource_index/parent_prefix_path/rosidl_parser
[0.899s] -- Installing: /workspace/foxy_ws/install/share/rosidl_parser/environment/ament_prefix_path.sh
[0.900s] -- Installing: /workspace/foxy_ws/install/share/rosidl_parser/environment/ament_prefix_path.dsv
[0.900s] -- Installing: /workspace/foxy_ws/install/share/rosidl_parser/environment/path.sh
[0.900s] -- Installing: /workspace/foxy_ws/install/share/rosidl_parser/environment/path.dsv
[0.900s] -- Installing: /workspace/foxy_ws/install/share/rosidl_parser/local_setup.bash
[0.900s] -- Installing: /workspace/foxy_ws/install/share/rosidl_parser/local_setup.sh
[0.901s] -- Installing: /workspace/foxy_ws/install/share/rosidl_parser/local_setup.zsh
[0.901s] -- Installing: /workspace/foxy_ws/install/share/rosidl_parser/local_setup.dsv
[0.901s] -- Installing: /workspace/foxy_ws/install/share/rosidl_parser/package.dsv
[0.901s] -- Installing: /workspace/foxy_ws/install/share/ament_index/resource_index/packages/rosidl_parser
[0.902s] -- Installing: /workspace/foxy_ws/install/share/rosidl_parser/cmake/rosidl_parserConfig.cmake
[0.902s] -- Installing: /workspace/foxy_ws/install/share/rosidl_parser/cmake/rosidl_parserConfig-version.cmake
[0.902s] -- Installing: /workspace/foxy_ws/install/share/rosidl_parser/package.xml
[0.902s] -- Installing: /workspace/foxy_ws/install/lib/rosidl_parser/idl2png
[0.905s] Invoked command in '/workspace/foxy_ws/build/rosidl_parser' returned '0': AMENT_PREFIX_PATH=/workspace/foxy_ws/install CMAKE_PREFIX_PATH=/workspace/foxy_ws/install LD_LIBRARY_PATH=/workspace/foxy_ws/install/lib PATH=/workspace/foxy_ws/install/bin:${PATH} PYTHONPATH=/workspace/foxy_ws/install/lib/python3.10/site-packages /usr/bin/cmake --install /workspace/foxy_ws/build/rosidl_parser
