[0.278s] Invoking command in '/workspace/foxy_ws/build/ament_cmake_xmllint': AMENT_PREFIX_PATH=/workspace/foxy_ws/install CMAKE_PREFIX_PATH=/workspace/foxy_ws/install LD_LIBRARY_PATH=/workspace/foxy_ws/install/lib PATH=/workspace/foxy_ws/install/bin:${PATH} PYTHONPATH=/workspace/foxy_ws/install/lib/python3.10/site-packages /usr/bin/cmake /workspace/foxy_ws/src/ament_lint/ament_cmake_xmllint -DCMAKE_INSTALL_PREFIX=/workspace/foxy_ws/install
[0.323s] -- Found ament_cmake_core: 0.9.12 (/workspace/foxy_ws/install/share/ament_cmake_core/cmake)
[0.790s] -- Found PythonInterp: /usr/bin/python3 (found suitable version "3.10.14", minimum required is "3") 
[0.790s] -- Using PYTHON_EXECUTABLE: /usr/bin/python3
[0.790s] -- Found ament_cmake_test: 0.9.12 (/workspace/foxy_ws/install/share/ament_cmake_test/cmake)
[0.790s] -- Found ament_cmake_copyright: 0.9.8 (/workspace/foxy_ws/install/share/ament_cmake_copyright/cmake)
[0.790s] -- Found ament_cmake_lint_cmake: 0.9.8 (/workspace/foxy_ws/install/share/ament_cmake_lint_cmake/cmake)
[0.790s] -- Configuring done
[0.790s] -- Generating done
[0.790s] -- Build files have been written to: /workspace/foxy_ws/build/ament_cmake_xmllint
[0.793s] Invoked command in '/workspace/foxy_ws/build/ament_cmake_xmllint' returned '0': AMENT_PREFIX_PATH=/workspace/foxy_ws/install CMAKE_PREFIX_PATH=/workspace/foxy_ws/install LD_LIBRARY_PATH=/workspace/foxy_ws/install/lib PATH=/workspace/foxy_ws/install/bin:${PATH} PYTHONPATH=/workspace/foxy_ws/install/lib/python3.10/site-packages /usr/bin/cmake /workspace/foxy_ws/src/ament_lint/ament_cmake_xmllint -DCMAKE_INSTALL_PREFIX=/workspace/foxy_ws/install
[0.794s] Invoking command in '/workspace/foxy_ws/build/ament_cmake_xmllint': AMENT_PREFIX_PATH=/workspace/foxy_ws/install CMAKE_PREFIX_PATH=/workspace/foxy_ws/install LD_LIBRARY_PATH=/workspace/foxy_ws/install/lib PATH=/workspace/foxy_ws/install/bin:${PATH} PYTHONPATH=/workspace/foxy_ws/install/lib/python3.10/site-packages /usr/bin/cmake --build /workspace/foxy_ws/build/ament_cmake_xmllint -- -j12 -l12
[0.875s] Invoked command in '/workspace/foxy_ws/build/ament_cmake_xmllint' returned '0': AMENT_PREFIX_PATH=/workspace/foxy_ws/install CMAKE_PREFIX_PATH=/workspace/foxy_ws/install LD_LIBRARY_PATH=/workspace/foxy_ws/install/lib PATH=/workspace/foxy_ws/install/bin:${PATH} PYTHONPATH=/workspace/foxy_ws/install/lib/python3.10/site-packages /usr/bin/cmake --build /workspace/foxy_ws/build/ament_cmake_xmllint -- -j12 -l12
[0.966s] Invoking command in '/workspace/foxy_ws/build/ament_cmake_xmllint': AMENT_PREFIX_PATH=/workspace/foxy_ws/install CMAKE_PREFIX_PATH=/workspace/foxy_ws/install LD_LIBRARY_PATH=/workspace/foxy_ws/install/lib PATH=/workspace/foxy_ws/install/bin:${PATH} PYTHONPATH=/workspace/foxy_ws/install/lib/python3.10/site-packages /usr/bin/cmake --install /workspace/foxy_ws/build/ament_cmake_xmllint
[0.976s] -- Install configuration: ""
[0.976s] -- Installing: /workspace/foxy_ws/install/share/ament_index/resource_index/package_run_dependencies/ament_cmake_xmllint
[0.976s] -- Installing: /workspace/foxy_ws/install/share/ament_index/resource_index/parent_prefix_path/ament_cmake_xmllint
[0.976s] -- Installing: /workspace/foxy_ws/install/share/ament_cmake_xmllint/environment/ament_prefix_path.sh
[0.976s] -- Installing: /workspace/foxy_ws/install/share/ament_cmake_xmllint/environment/ament_prefix_path.dsv
[0.976s] -- Installing: /workspace/foxy_ws/install/share/ament_cmake_xmllint/environment/path.sh
[0.976s] -- Installing: /workspace/foxy_ws/install/share/ament_cmake_xmllint/environment/path.dsv
[0.976s] -- Installing: /workspace/foxy_ws/install/share/ament_cmake_xmllint/local_setup.bash
[0.976s] -- Installing: /workspace/foxy_ws/install/share/ament_cmake_xmllint/local_setup.sh
[0.976s] -- Installing: /workspace/foxy_ws/install/share/ament_cmake_xmllint/local_setup.zsh
[0.977s] -- Installing: /workspace/foxy_ws/install/share/ament_cmake_xmllint/local_setup.dsv
[0.977s] -- Installing: /workspace/foxy_ws/install/share/ament_cmake_xmllint/package.dsv
[0.977s] -- Installing: /workspace/foxy_ws/install/share/ament_index/resource_index/packages/ament_cmake_xmllint
[0.977s] -- Installing: /workspace/foxy_ws/install/share/ament_cmake_xmllint/cmake/ament_cmake_xmllint-extras.cmake
[0.978s] -- Installing: /workspace/foxy_ws/install/share/ament_cmake_xmllint/cmake/ament_cmake_xmllintConfig.cmake
[0.978s] -- Installing: /workspace/foxy_ws/install/share/ament_cmake_xmllint/cmake/ament_cmake_xmllintConfig-version.cmake
[0.978s] -- Installing: /workspace/foxy_ws/install/share/ament_cmake_xmllint/package.xml
[0.988s] -- Up-to-date: /workspace/foxy_ws/install/share/ament_cmake_xmllint/cmake
[0.988s] -- Installing: /workspace/foxy_ws/install/share/ament_cmake_xmllint/cmake/ament_cmake_xmllint_lint_hook.cmake
[0.993s] -- Installing: /workspace/foxy_ws/install/share/ament_cmake_xmllint/cmake/ament_xmllint.cmake
[0.995s] Invoked command in '/workspace/foxy_ws/build/ament_cmake_xmllint' returned '0': AMENT_PREFIX_PATH=/workspace/foxy_ws/install CMAKE_PREFIX_PATH=/workspace/foxy_ws/install LD_LIBRARY_PATH=/workspace/foxy_ws/install/lib PATH=/workspace/foxy_ws/install/bin:${PATH} PYTHONPATH=/workspace/foxy_ws/install/lib/python3.10/site-packages /usr/bin/cmake --install /workspace/foxy_ws/build/ament_cmake_xmllint
