[0.088s] Invoking command in '/workspace/foxy_ws/build/rosidl_default_generators': AMENT_PREFIX_PATH=/workspace/foxy_ws/install CMAKE_PREFIX_PATH=/workspace/foxy_ws/install LD_LIBRARY_PATH=/workspace/foxy_ws/install/lib PATH=/workspace/foxy_ws/install/bin:${PATH} PKG_CONFIG_PATH=/workspace/foxy_ws/install/lib/x86_64-linux-gnu/pkgconfig:/workspace/foxy_ws/install/lib/pkgconfig PYTHONPATH=/workspace/foxy_ws/install/lib/python3.10/site-packages /usr/bin/cmake /workspace/foxy_ws/src/rosidl_defaults/rosidl_default_generators -DCMAKE_INSTALL_PREFIX=/workspace/foxy_ws/install
[0.100s] -- Found ament_cmake: 0.9.12 (/workspace/foxy_ws/install/share/ament_cmake/cmake)
[0.116s] -- Found PythonInterp: /usr/bin/python3 (found suitable version "3.10.14", minimum required is "3") 
[0.116s] -- Using PYTHON_EXECUTABLE: /usr/bin/python3
[0.276s] -- Found ament_lint_auto: 0.9.8 (/workspace/foxy_ws/install/share/ament_lint_auto/cmake)
[0.343s] -- Added test 'copyright' to check source files copyright and LICENSE
[0.351s] -- Added test 'lint_cmake' to check CMake code style
[0.355s] -- Added test 'xmllint' to check XML markup files
[0.356s] -- Configuring done
[0.358s] -- Generating done
[0.358s] -- Build files have been written to: /workspace/foxy_ws/build/rosidl_default_generators
[0.360s] Invoked command in '/workspace/foxy_ws/build/rosidl_default_generators' returned '0': AMENT_PREFIX_PATH=/workspace/foxy_ws/install CMAKE_PREFIX_PATH=/workspace/foxy_ws/install LD_LIBRARY_PATH=/workspace/foxy_ws/install/lib PATH=/workspace/foxy_ws/install/bin:${PATH} PKG_CONFIG_PATH=/workspace/foxy_ws/install/lib/x86_64-linux-gnu/pkgconfig:/workspace/foxy_ws/install/lib/pkgconfig PYTHONPATH=/workspace/foxy_ws/install/lib/python3.10/site-packages /usr/bin/cmake /workspace/foxy_ws/src/rosidl_defaults/rosidl_default_generators -DCMAKE_INSTALL_PREFIX=/workspace/foxy_ws/install
[0.360s] Invoking command in '/workspace/foxy_ws/build/rosidl_default_generators': AMENT_PREFIX_PATH=/workspace/foxy_ws/install CMAKE_PREFIX_PATH=/workspace/foxy_ws/install LD_LIBRARY_PATH=/workspace/foxy_ws/install/lib PATH=/workspace/foxy_ws/install/bin:${PATH} PKG_CONFIG_PATH=/workspace/foxy_ws/install/lib/x86_64-linux-gnu/pkgconfig:/workspace/foxy_ws/install/lib/pkgconfig PYTHONPATH=/workspace/foxy_ws/install/lib/python3.10/site-packages /usr/bin/cmake --build /workspace/foxy_ws/build/rosidl_default_generators -- -j12 -l12
[0.386s] Invoked command in '/workspace/foxy_ws/build/rosidl_default_generators' returned '0': AMENT_PREFIX_PATH=/workspace/foxy_ws/install CMAKE_PREFIX_PATH=/workspace/foxy_ws/install LD_LIBRARY_PATH=/workspace/foxy_ws/install/lib PATH=/workspace/foxy_ws/install/bin:${PATH} PKG_CONFIG_PATH=/workspace/foxy_ws/install/lib/x86_64-linux-gnu/pkgconfig:/workspace/foxy_ws/install/lib/pkgconfig PYTHONPATH=/workspace/foxy_ws/install/lib/python3.10/site-packages /usr/bin/cmake --build /workspace/foxy_ws/build/rosidl_default_generators -- -j12 -l12
[0.398s] Invoking command in '/workspace/foxy_ws/build/rosidl_default_generators': AMENT_PREFIX_PATH=/workspace/foxy_ws/install CMAKE_PREFIX_PATH=/workspace/foxy_ws/install LD_LIBRARY_PATH=/workspace/foxy_ws/install/lib PATH=/workspace/foxy_ws/install/bin:${PATH} PKG_CONFIG_PATH=/workspace/foxy_ws/install/lib/x86_64-linux-gnu/pkgconfig:/workspace/foxy_ws/install/lib/pkgconfig PYTHONPATH=/workspace/foxy_ws/install/lib/python3.10/site-packages /usr/bin/cmake --install /workspace/foxy_ws/build/rosidl_default_generators
[0.411s] -- Install configuration: ""
[0.411s] -- Installing: /workspace/foxy_ws/install/share/ament_index/resource_index/package_run_dependencies/rosidl_default_generators
[0.411s] -- Installing: /workspace/foxy_ws/install/share/ament_index/resource_index/parent_prefix_path/rosidl_default_generators
[0.411s] -- Installing: /workspace/foxy_ws/install/share/rosidl_default_generators/environment/ament_prefix_path.sh
[0.411s] -- Installing: /workspace/foxy_ws/install/share/rosidl_default_generators/environment/ament_prefix_path.dsv
[0.411s] -- Installing: /workspace/foxy_ws/install/share/rosidl_default_generators/environment/path.sh
[0.411s] -- Installing: /workspace/foxy_ws/install/share/rosidl_default_generators/environment/path.dsv
[0.412s] -- Installing: /workspace/foxy_ws/install/share/rosidl_default_generators/local_setup.bash
[0.412s] -- Installing: /workspace/foxy_ws/install/share/rosidl_default_generators/local_setup.sh
[0.412s] -- Installing: /workspace/foxy_ws/install/share/rosidl_default_generators/local_setup.zsh
[0.412s] -- Installing: /workspace/foxy_ws/install/share/rosidl_default_generators/local_setup.dsv
[0.412s] -- Installing: /workspace/foxy_ws/install/share/rosidl_default_generators/package.dsv
[0.412s] -- Installing: /workspace/foxy_ws/install/share/ament_index/resource_index/packages/rosidl_default_generators
[0.412s] -- Installing: /workspace/foxy_ws/install/share/rosidl_default_generators/cmake/rosidl_default_generators-extras.cmake
[0.412s] -- Installing: /workspace/foxy_ws/install/share/rosidl_default_generators/cmake/ament_cmake_export_dependencies-extras.cmake
[0.412s] -- Installing: /workspace/foxy_ws/install/share/rosidl_default_generators/cmake/rosidl_default_generatorsConfig.cmake
[0.412s] -- Installing: /workspace/foxy_ws/install/share/rosidl_default_generators/cmake/rosidl_default_generatorsConfig-version.cmake
[0.412s] -- Installing: /workspace/foxy_ws/install/share/rosidl_default_generators/package.xml
[0.412s] Invoked command in '/workspace/foxy_ws/build/rosidl_default_generators' returned '0': AMENT_PREFIX_PATH=/workspace/foxy_ws/install CMAKE_PREFIX_PATH=/workspace/foxy_ws/install LD_LIBRARY_PATH=/workspace/foxy_ws/install/lib PATH=/workspace/foxy_ws/install/bin:${PATH} PKG_CONFIG_PATH=/workspace/foxy_ws/install/lib/x86_64-linux-gnu/pkgconfig:/workspace/foxy_ws/install/lib/pkgconfig PYTHONPATH=/workspace/foxy_ws/install/lib/python3.10/site-packages /usr/bin/cmake --install /workspace/foxy_ws/build/rosidl_default_generators
