[0.793s] Invoking command in '/workspace/foxy_ws/src/ros2cli/ros2cli': AMENT_PREFIX_PATH=/workspace/foxy_ws/install CMAKE_PREFIX_PATH=/workspace/foxy_ws/install LD_LIBRARY_PATH=/workspace/foxy_ws/install/lib PATH=/workspace/foxy_ws/install/bin:${PATH} PKG_CONFIG_PATH=/workspace/foxy_ws/install/lib/x86_64-linux-gnu/pkgconfig:/workspace/foxy_ws/install/lib/pkgconfig PYTHONPATH=/workspace/foxy_ws/build/ros2cli/prefix_override:/workspace/foxy_ws/install/lib/python3.10/site-packages:/workspace/foxy_ws/install/lib/python3.10/site-packages /usr/bin/python3 -W ignore:setup.py install is deprecated setup.py egg_info --egg-base ../../../build/ros2cli build --build-base /workspace/foxy_ws/build/ros2cli/build install --record /workspace/foxy_ws/build/ros2cli/install.log --single-version-externally-managed install_data
[0.952s] running egg_info
[0.953s] creating ../../../build/ros2cli/ros2cli.egg-info
[0.953s] writing ../../../build/ros2cli/ros2cli.egg-info/PKG-INFO
[0.953s] writing dependency_links to ../../../build/ros2cli/ros2cli.egg-info/dependency_links.txt
[0.953s] writing entry points to ../../../build/ros2cli/ros2cli.egg-info/entry_points.txt
[0.953s] writing requirements to ../../../build/ros2cli/ros2cli.egg-info/requires.txt
[0.953s] writing top-level names to ../../../build/ros2cli/ros2cli.egg-info/top_level.txt
[0.954s] writing manifest file '../../../build/ros2cli/ros2cli.egg-info/SOURCES.txt'
[0.955s] reading manifest file '../../../build/ros2cli/ros2cli.egg-info/SOURCES.txt'
[0.956s] writing manifest file '../../../build/ros2cli/ros2cli.egg-info/SOURCES.txt'
[0.956s] running build
[0.956s] running build_py
[0.956s] creating /workspace/foxy_ws/build/ros2cli/build
[0.956s] creating /workspace/foxy_ws/build/ros2cli/build/lib
[0.957s] creating /workspace/foxy_ws/build/ros2cli/build/lib/ros2cli
[0.957s] copying ros2cli/entry_points.py -> /workspace/foxy_ws/build/ros2cli/build/lib/ros2cli
[0.957s] copying ros2cli/plugin_system.py -> /workspace/foxy_ws/build/ros2cli/build/lib/ros2cli
[0.957s] copying ros2cli/cli.py -> /workspace/foxy_ws/build/ros2cli/build/lib/ros2cli
[0.957s] copying ros2cli/__init__.py -> /workspace/foxy_ws/build/ros2cli/build/lib/ros2cli
[0.957s] creating /workspace/foxy_ws/build/ros2cli/build/lib/ros2cli/xmlrpc
[0.957s] copying ros2cli/xmlrpc/local_server.py -> /workspace/foxy_ws/build/ros2cli/build/lib/ros2cli/xmlrpc
[0.957s] copying ros2cli/xmlrpc/__init__.py -> /workspace/foxy_ws/build/ros2cli/build/lib/ros2cli/xmlrpc
[0.957s] copying ros2cli/xmlrpc/client.py -> /workspace/foxy_ws/build/ros2cli/build/lib/ros2cli/xmlrpc
[0.958s] creating /workspace/foxy_ws/build/ros2cli/build/lib/ros2cli/node
[0.958s] copying ros2cli/node/direct.py -> /workspace/foxy_ws/build/ros2cli/build/lib/ros2cli/node
[0.958s] copying ros2cli/node/strategy.py -> /workspace/foxy_ws/build/ros2cli/build/lib/ros2cli/node
[0.958s] copying ros2cli/node/__init__.py -> /workspace/foxy_ws/build/ros2cli/build/lib/ros2cli/node
[0.958s] copying ros2cli/node/daemon.py -> /workspace/foxy_ws/build/ros2cli/build/lib/ros2cli/node
[0.958s] creating /workspace/foxy_ws/build/ros2cli/build/lib/ros2cli/daemon
[0.958s] copying ros2cli/daemon/__init__.py -> /workspace/foxy_ws/build/ros2cli/build/lib/ros2cli/daemon
[0.958s] creating /workspace/foxy_ws/build/ros2cli/build/lib/ros2cli/verb
[0.959s] copying ros2cli/verb/__init__.py -> /workspace/foxy_ws/build/ros2cli/build/lib/ros2cli/verb
[0.959s] creating /workspace/foxy_ws/build/ros2cli/build/lib/ros2cli/command
[0.959s] copying ros2cli/command/extension_points.py -> /workspace/foxy_ws/build/ros2cli/build/lib/ros2cli/command
[0.959s] copying ros2cli/command/__init__.py -> /workspace/foxy_ws/build/ros2cli/build/lib/ros2cli/command
[0.959s] copying ros2cli/command/extensions.py -> /workspace/foxy_ws/build/ros2cli/build/lib/ros2cli/command
[0.959s] copying ros2cli/command/daemon.py -> /workspace/foxy_ws/build/ros2cli/build/lib/ros2cli/command
[0.959s] creating /workspace/foxy_ws/build/ros2cli/build/lib/ros2cli/xmlrpc/marshal
[0.959s] copying ros2cli/xmlrpc/marshal/generic.py -> /workspace/foxy_ws/build/ros2cli/build/lib/ros2cli/xmlrpc/marshal
[0.960s] copying ros2cli/xmlrpc/marshal/__init__.py -> /workspace/foxy_ws/build/ros2cli/build/lib/ros2cli/xmlrpc/marshal
[0.960s] copying ros2cli/xmlrpc/marshal/rclpy.py -> /workspace/foxy_ws/build/ros2cli/build/lib/ros2cli/xmlrpc/marshal
[0.960s] creating /workspace/foxy_ws/build/ros2cli/build/lib/ros2cli/verb/daemon
[0.960s] copying ros2cli/verb/daemon/status.py -> /workspace/foxy_ws/build/ros2cli/build/lib/ros2cli/verb/daemon
[0.960s] copying ros2cli/verb/daemon/stop.py -> /workspace/foxy_ws/build/ros2cli/build/lib/ros2cli/verb/daemon
[0.960s] copying ros2cli/verb/daemon/__init__.py -> /workspace/foxy_ws/build/ros2cli/build/lib/ros2cli/verb/daemon
[0.960s] copying ros2cli/verb/daemon/start.py -> /workspace/foxy_ws/build/ros2cli/build/lib/ros2cli/verb/daemon
[0.961s] running install
[0.961s] running install_lib
[0.962s] creating /workspace/foxy_ws/install/lib/python3.10/site-packages/ros2cli
[0.962s] creating /workspace/foxy_ws/install/lib/python3.10/site-packages/ros2cli/xmlrpc
[0.962s] copying /workspace/foxy_ws/build/ros2cli/build/lib/ros2cli/xmlrpc/local_server.py -> /workspace/foxy_ws/install/lib/python3.10/site-packages/ros2cli/xmlrpc
[0.962s] creating /workspace/foxy_ws/install/lib/python3.10/site-packages/ros2cli/xmlrpc/marshal
[0.962s] copying /workspace/foxy_ws/build/ros2cli/build/lib/ros2cli/xmlrpc/marshal/generic.py -> /workspace/foxy_ws/install/lib/python3.10/site-packages/ros2cli/xmlrpc/marshal
[0.962s] copying /workspace/foxy_ws/build/ros2cli/build/lib/ros2cli/xmlrpc/marshal/__init__.py -> /workspace/foxy_ws/install/lib/python3.10/site-packages/ros2cli/xmlrpc/marshal
[0.962s] copying /workspace/foxy_ws/build/ros2cli/build/lib/ros2cli/xmlrpc/marshal/rclpy.py -> /workspace/foxy_ws/install/lib/python3.10/site-packages/ros2cli/xmlrpc/marshal
[0.962s] copying /workspace/foxy_ws/build/ros2cli/build/lib/ros2cli/xmlrpc/__init__.py -> /workspace/foxy_ws/install/lib/python3.10/site-packages/ros2cli/xmlrpc
[0.963s] copying /workspace/foxy_ws/build/ros2cli/build/lib/ros2cli/xmlrpc/client.py -> /workspace/foxy_ws/install/lib/python3.10/site-packages/ros2cli/xmlrpc
[0.963s] copying /workspace/foxy_ws/build/ros2cli/build/lib/ros2cli/entry_points.py -> /workspace/foxy_ws/install/lib/python3.10/site-packages/ros2cli
[0.963s] creating /workspace/foxy_ws/install/lib/python3.10/site-packages/ros2cli/node
[0.963s] copying /workspace/foxy_ws/build/ros2cli/build/lib/ros2cli/node/direct.py -> /workspace/foxy_ws/install/lib/python3.10/site-packages/ros2cli/node
[0.963s] copying /workspace/foxy_ws/build/ros2cli/build/lib/ros2cli/node/strategy.py -> /workspace/foxy_ws/install/lib/python3.10/site-packages/ros2cli/node
[0.963s] copying /workspace/foxy_ws/build/ros2cli/build/lib/ros2cli/node/__init__.py -> /workspace/foxy_ws/install/lib/python3.10/site-packages/ros2cli/node
[0.963s] copying /workspace/foxy_ws/build/ros2cli/build/lib/ros2cli/node/daemon.py -> /workspace/foxy_ws/install/lib/python3.10/site-packages/ros2cli/node
[0.963s] creating /workspace/foxy_ws/install/lib/python3.10/site-packages/ros2cli/daemon
[0.963s] copying /workspace/foxy_ws/build/ros2cli/build/lib/ros2cli/daemon/__init__.py -> /workspace/foxy_ws/install/lib/python3.10/site-packages/ros2cli/daemon
[0.963s] copying /workspace/foxy_ws/build/ros2cli/build/lib/ros2cli/plugin_system.py -> /workspace/foxy_ws/install/lib/python3.10/site-packages/ros2cli
[0.964s] copying /workspace/foxy_ws/build/ros2cli/build/lib/ros2cli/cli.py -> /workspace/foxy_ws/install/lib/python3.10/site-packages/ros2cli
[0.964s] creating /workspace/foxy_ws/install/lib/python3.10/site-packages/ros2cli/verb
[0.964s] creating /workspace/foxy_ws/install/lib/python3.10/site-packages/ros2cli/verb/daemon
[0.964s] copying /workspace/foxy_ws/build/ros2cli/build/lib/ros2cli/verb/daemon/status.py -> /workspace/foxy_ws/install/lib/python3.10/site-packages/ros2cli/verb/daemon
[0.964s] copying /workspace/foxy_ws/build/ros2cli/build/lib/ros2cli/verb/daemon/stop.py -> /workspace/foxy_ws/install/lib/python3.10/site-packages/ros2cli/verb/daemon
[0.964s] copying /workspace/foxy_ws/build/ros2cli/build/lib/ros2cli/verb/daemon/__init__.py -> /workspace/foxy_ws/install/lib/python3.10/site-packages/ros2cli/verb/daemon
[0.964s] copying /workspace/foxy_ws/build/ros2cli/build/lib/ros2cli/verb/daemon/start.py -> /workspace/foxy_ws/install/lib/python3.10/site-packages/ros2cli/verb/daemon
[0.964s] copying /workspace/foxy_ws/build/ros2cli/build/lib/ros2cli/verb/__init__.py -> /workspace/foxy_ws/install/lib/python3.10/site-packages/ros2cli/verb
[0.964s] creating /workspace/foxy_ws/install/lib/python3.10/site-packages/ros2cli/command
[0.964s] copying /workspace/foxy_ws/build/ros2cli/build/lib/ros2cli/command/extension_points.py -> /workspace/foxy_ws/install/lib/python3.10/site-packages/ros2cli/command
[0.964s] copying /workspace/foxy_ws/build/ros2cli/build/lib/ros2cli/command/__init__.py -> /workspace/foxy_ws/install/lib/python3.10/site-packages/ros2cli/command
[0.964s] copying /workspace/foxy_ws/build/ros2cli/build/lib/ros2cli/command/extensions.py -> /workspace/foxy_ws/install/lib/python3.10/site-packages/ros2cli/command
[0.964s] copying /workspace/foxy_ws/build/ros2cli/build/lib/ros2cli/command/daemon.py -> /workspace/foxy_ws/install/lib/python3.10/site-packages/ros2cli/command
[0.965s] copying /workspace/foxy_ws/build/ros2cli/build/lib/ros2cli/__init__.py -> /workspace/foxy_ws/install/lib/python3.10/site-packages/ros2cli
[0.965s] byte-compiling /workspace/foxy_ws/install/lib/python3.10/site-packages/ros2cli/xmlrpc/local_server.py to local_server.cpython-310.pyc
[0.965s] byte-compiling /workspace/foxy_ws/install/lib/python3.10/site-packages/ros2cli/xmlrpc/marshal/generic.py to generic.cpython-310.pyc
[0.965s] byte-compiling /workspace/foxy_ws/install/lib/python3.10/site-packages/ros2cli/xmlrpc/marshal/__init__.py to __init__.cpython-310.pyc
[0.965s] byte-compiling /workspace/foxy_ws/install/lib/python3.10/site-packages/ros2cli/xmlrpc/marshal/rclpy.py to rclpy.cpython-310.pyc
[0.966s] byte-compiling /workspace/foxy_ws/install/lib/python3.10/site-packages/ros2cli/xmlrpc/__init__.py to __init__.cpython-310.pyc
[0.966s] byte-compiling /workspace/foxy_ws/install/lib/python3.10/site-packages/ros2cli/xmlrpc/client.py to client.cpython-310.pyc
[0.966s] byte-compiling /workspace/foxy_ws/install/lib/python3.10/site-packages/ros2cli/entry_points.py to entry_points.cpython-310.pyc
[0.967s] byte-compiling /workspace/foxy_ws/install/lib/python3.10/site-packages/ros2cli/node/direct.py to direct.cpython-310.pyc
[0.967s] byte-compiling /workspace/foxy_ws/install/lib/python3.10/site-packages/ros2cli/node/strategy.py to strategy.cpython-310.pyc
[0.967s] byte-compiling /workspace/foxy_ws/install/lib/python3.10/site-packages/ros2cli/node/__init__.py to __init__.cpython-310.pyc
[0.968s] byte-compiling /workspace/foxy_ws/install/lib/python3.10/site-packages/ros2cli/node/daemon.py to daemon.cpython-310.pyc
[0.968s] byte-compiling /workspace/foxy_ws/install/lib/python3.10/site-packages/ros2cli/daemon/__init__.py to __init__.cpython-310.pyc
[0.969s] byte-compiling /workspace/foxy_ws/install/lib/python3.10/site-packages/ros2cli/plugin_system.py to plugin_system.cpython-310.pyc
[0.970s] byte-compiling /workspace/foxy_ws/install/lib/python3.10/site-packages/ros2cli/cli.py to cli.cpython-310.pyc
[0.970s] byte-compiling /workspace/foxy_ws/install/lib/python3.10/site-packages/ros2cli/verb/daemon/status.py to status.cpython-310.pyc
[0.970s] byte-compiling /workspace/foxy_ws/install/lib/python3.10/site-packages/ros2cli/verb/daemon/stop.py to stop.cpython-310.pyc
[0.970s] byte-compiling /workspace/foxy_ws/install/lib/python3.10/site-packages/ros2cli/verb/daemon/__init__.py to __init__.cpython-310.pyc
[0.971s] byte-compiling /workspace/foxy_ws/install/lib/python3.10/site-packages/ros2cli/verb/daemon/start.py to start.cpython-310.pyc
[0.971s] byte-compiling /workspace/foxy_ws/install/lib/python3.10/site-packages/ros2cli/verb/__init__.py to __init__.cpython-310.pyc
[0.971s] byte-compiling /workspace/foxy_ws/install/lib/python3.10/site-packages/ros2cli/command/extension_points.py to extension_points.cpython-310.pyc
[0.972s] byte-compiling /workspace/foxy_ws/install/lib/python3.10/site-packages/ros2cli/command/__init__.py to __init__.cpython-310.pyc
[0.973s] byte-compiling /workspace/foxy_ws/install/lib/python3.10/site-packages/ros2cli/command/extensions.py to extensions.cpython-310.pyc
[0.973s] byte-compiling /workspace/foxy_ws/install/lib/python3.10/site-packages/ros2cli/command/daemon.py to daemon.cpython-310.pyc
[0.973s] byte-compiling /workspace/foxy_ws/install/lib/python3.10/site-packages/ros2cli/__init__.py to __init__.cpython-310.pyc
[0.973s] running install_data
[0.973s] copying resource/ros2cli -> /workspace/foxy_ws/install/share/ament_index/resource_index/packages
[0.974s] copying package.xml -> /workspace/foxy_ws/install/share/ros2cli
[0.974s] copying resource/package.dsv -> /workspace/foxy_ws/install/share/ros2cli
[0.974s] creating /workspace/foxy_ws/install/share/ros2cli/environment
[0.974s] copying completion/ros2-argcomplete.bash -> /workspace/foxy_ws/install/share/ros2cli/environment
[0.975s] copying completion/ros2-argcomplete.zsh -> /workspace/foxy_ws/install/share/ros2cli/environment
[0.975s] running install_egg_info
[0.976s] Copying ../../../build/ros2cli/ros2cli.egg-info to /workspace/foxy_ws/install/lib/python3.10/site-packages/ros2cli-0.9.13-py3.10.egg-info
[0.977s] running install_scripts
[0.991s] Installing _ros2_daemon script to /workspace/foxy_ws/install/bin
[0.991s] Installing ros2 script to /workspace/foxy_ws/install/bin
[0.992s] writing list of installed files to '/workspace/foxy_ws/build/ros2cli/install.log'
[1.012s] Invoked command in '/workspace/foxy_ws/src/ros2cli/ros2cli' returned '0': AMENT_PREFIX_PATH=/workspace/foxy_ws/install CMAKE_PREFIX_PATH=/workspace/foxy_ws/install LD_LIBRARY_PATH=/workspace/foxy_ws/install/lib PATH=/workspace/foxy_ws/install/bin:${PATH} PKG_CONFIG_PATH=/workspace/foxy_ws/install/lib/x86_64-linux-gnu/pkgconfig:/workspace/foxy_ws/install/lib/pkgconfig PYTHONPATH=/workspace/foxy_ws/build/ros2cli/prefix_override:/workspace/foxy_ws/install/lib/python3.10/site-packages:/workspace/foxy_ws/install/lib/python3.10/site-packages /usr/bin/python3 -W ignore:setup.py install is deprecated setup.py egg_info --egg-base ../../../build/ros2cli build --build-base /workspace/foxy_ws/build/ros2cli/build install --record /workspace/foxy_ws/build/ros2cli/install.log --single-version-externally-managed install_data
