/workspace/foxy_ws/install/lib/python3.10/site-packages/ros2pkg/__init__.py
/workspace/foxy_ws/install/lib/python3.10/site-packages/ros2pkg/api/__init__.py
/workspace/foxy_ws/install/lib/python3.10/site-packages/ros2pkg/api/create.py
/workspace/foxy_ws/install/lib/python3.10/site-packages/ros2pkg/verb/executables.py
/workspace/foxy_ws/install/lib/python3.10/site-packages/ros2pkg/verb/xml.py
/workspace/foxy_ws/install/lib/python3.10/site-packages/ros2pkg/verb/list.py
/workspace/foxy_ws/install/lib/python3.10/site-packages/ros2pkg/verb/prefix.py
/workspace/foxy_ws/install/lib/python3.10/site-packages/ros2pkg/verb/__init__.py
/workspace/foxy_ws/install/lib/python3.10/site-packages/ros2pkg/verb/create.py
/workspace/foxy_ws/install/lib/python3.10/site-packages/ros2pkg/command/pkg.py
/workspace/foxy_ws/install/lib/python3.10/site-packages/ros2pkg/command/__init__.py
/workspace/foxy_ws/install/lib/python3.10/site-packages/ros2pkg/resource/package_environment/package.xml.em
/workspace/foxy_ws/install/lib/python3.10/site-packages/ros2pkg/resource/ament_python/init.py.em
/workspace/foxy_ws/install/lib/python3.10/site-packages/ros2pkg/resource/ament_python/setup.py.em
/workspace/foxy_ws/install/lib/python3.10/site-packages/ros2pkg/resource/ament_python/resource_file.em
/workspace/foxy_ws/install/lib/python3.10/site-packages/ros2pkg/resource/ament_python/test_flake8.py.em
/workspace/foxy_ws/install/lib/python3.10/site-packages/ros2pkg/resource/ament_python/main.py.em
/workspace/foxy_ws/install/lib/python3.10/site-packages/ros2pkg/resource/ament_python/test_pep257.py.em
/workspace/foxy_ws/install/lib/python3.10/site-packages/ros2pkg/resource/ament_python/test_copyright.py.em
/workspace/foxy_ws/install/lib/python3.10/site-packages/ros2pkg/resource/ament_python/setup.cfg.em
/workspace/foxy_ws/install/lib/python3.10/site-packages/ros2pkg/resource/cpp/main.cpp.em
/workspace/foxy_ws/install/lib/python3.10/site-packages/ros2pkg/resource/cpp/library.cpp.em
/workspace/foxy_ws/install/lib/python3.10/site-packages/ros2pkg/resource/cpp/visibility_control.h.em
/workspace/foxy_ws/install/lib/python3.10/site-packages/ros2pkg/resource/cpp/header.hpp.em
/workspace/foxy_ws/install/lib/python3.10/site-packages/ros2pkg/resource/ament_cmake/CMakeLists.txt.em
/workspace/foxy_ws/install/lib/python3.10/site-packages/ros2pkg/resource/cmake/Config.cmake.in.em
/workspace/foxy_ws/install/lib/python3.10/site-packages/ros2pkg/resource/cmake/ConfigVersion.cmake.in.em
/workspace/foxy_ws/install/lib/python3.10/site-packages/ros2pkg/resource/cmake/CMakeLists.txt.em
/workspace/foxy_ws/install/lib/python3.10/site-packages/ros2pkg/__pycache__/__init__.cpython-310.pyc
/workspace/foxy_ws/install/lib/python3.10/site-packages/ros2pkg/api/__pycache__/__init__.cpython-310.pyc
/workspace/foxy_ws/install/lib/python3.10/site-packages/ros2pkg/api/__pycache__/create.cpython-310.pyc
/workspace/foxy_ws/install/lib/python3.10/site-packages/ros2pkg/verb/__pycache__/executables.cpython-310.pyc
/workspace/foxy_ws/install/lib/python3.10/site-packages/ros2pkg/verb/__pycache__/xml.cpython-310.pyc
/workspace/foxy_ws/install/lib/python3.10/site-packages/ros2pkg/verb/__pycache__/list.cpython-310.pyc
/workspace/foxy_ws/install/lib/python3.10/site-packages/ros2pkg/verb/__pycache__/prefix.cpython-310.pyc
/workspace/foxy_ws/install/lib/python3.10/site-packages/ros2pkg/verb/__pycache__/__init__.cpython-310.pyc
/workspace/foxy_ws/install/lib/python3.10/site-packages/ros2pkg/verb/__pycache__/create.cpython-310.pyc
/workspace/foxy_ws/install/lib/python3.10/site-packages/ros2pkg/command/__pycache__/pkg.cpython-310.pyc
/workspace/foxy_ws/install/lib/python3.10/site-packages/ros2pkg/command/__pycache__/__init__.cpython-310.pyc
/workspace/foxy_ws/install/share/ros2pkg/package.xml
/workspace/foxy_ws/install/share/ament_index/resource_index/packages/ros2pkg
/workspace/foxy_ws/install/lib/python3.10/site-packages/ros2pkg-0.9.13-py3.10.egg-info/entry_points.txt
/workspace/foxy_ws/install/lib/python3.10/site-packages/ros2pkg-0.9.13-py3.10.egg-info/dependency_links.txt
/workspace/foxy_ws/install/lib/python3.10/site-packages/ros2pkg-0.9.13-py3.10.egg-info/zip-safe
/workspace/foxy_ws/install/lib/python3.10/site-packages/ros2pkg-0.9.13-py3.10.egg-info/top_level.txt
/workspace/foxy_ws/install/lib/python3.10/site-packages/ros2pkg-0.9.13-py3.10.egg-info/requires.txt
/workspace/foxy_ws/install/lib/python3.10/site-packages/ros2pkg-0.9.13-py3.10.egg-info/SOURCES.txt
/workspace/foxy_ws/install/lib/python3.10/site-packages/ros2pkg-0.9.13-py3.10.egg-info/PKG-INFO
