[0.624s] Invoking command in '/workspace/foxy_ws/src/ros2cli/ros2run': AMENT_PREFIX_PATH=/workspace/foxy_ws/install CMAKE_PREFIX_PATH=/workspace/foxy_ws/install LD_LIBRARY_PATH=/workspace/foxy_ws/install/lib PATH=/workspace/foxy_ws/install/bin:${PATH} PKG_CONFIG_PATH=/workspace/foxy_ws/install/lib/x86_64-linux-gnu/pkgconfig:/workspace/foxy_ws/install/lib/pkgconfig PYTHONPATH=/workspace/foxy_ws/build/ros2run/prefix_override:/workspace/foxy_ws/install/lib/python3.10/site-packages:/workspace/foxy_ws/install/lib/python3.10/site-packages /usr/bin/python3 -W ignore:setup.py install is deprecated setup.py egg_info --egg-base ../../../build/ros2run build --build-base /workspace/foxy_ws/build/ros2run/build install --record /workspace/foxy_ws/build/ros2run/install.log --single-version-externally-managed install_data
[0.780s] running egg_info
[0.781s] creating ../../../build/ros2run/ros2run.egg-info
[0.781s] writing ../../../build/ros2run/ros2run.egg-info/PKG-INFO
[0.781s] writing dependency_links to ../../../build/ros2run/ros2run.egg-info/dependency_links.txt
[0.781s] writing entry points to ../../../build/ros2run/ros2run.egg-info/entry_points.txt
[0.781s] writing requirements to ../../../build/ros2run/ros2run.egg-info/requires.txt
[0.781s] writing top-level names to ../../../build/ros2run/ros2run.egg-info/top_level.txt
[0.781s] writing manifest file '../../../build/ros2run/ros2run.egg-info/SOURCES.txt'
[0.782s] reading manifest file '../../../build/ros2run/ros2run.egg-info/SOURCES.txt'
[0.783s] writing manifest file '../../../build/ros2run/ros2run.egg-info/SOURCES.txt'
[0.783s] running build
[0.783s] running build_py
[0.783s] creating /workspace/foxy_ws/build/ros2run/build
[0.783s] creating /workspace/foxy_ws/build/ros2run/build/lib
[0.784s] creating /workspace/foxy_ws/build/ros2run/build/lib/ros2run
[0.784s] copying ros2run/__init__.py -> /workspace/foxy_ws/build/ros2run/build/lib/ros2run
[0.784s] creating /workspace/foxy_ws/build/ros2run/build/lib/ros2run/api
[0.784s] copying ros2run/api/__init__.py -> /workspace/foxy_ws/build/ros2run/build/lib/ros2run/api
[0.786s] creating /workspace/foxy_ws/build/ros2run/build/lib/ros2run/command
[0.786s] copying ros2run/command/run.py -> /workspace/foxy_ws/build/ros2run/build/lib/ros2run/command
[0.786s] copying ros2run/command/__init__.py -> /workspace/foxy_ws/build/ros2run/build/lib/ros2run/command
[0.786s] running install
[0.787s] running install_lib
[0.787s] creating /workspace/foxy_ws/install/lib/python3.10/site-packages/ros2run
[0.787s] creating /workspace/foxy_ws/install/lib/python3.10/site-packages/ros2run/api
[0.787s] copying /workspace/foxy_ws/build/ros2run/build/lib/ros2run/api/__init__.py -> /workspace/foxy_ws/install/lib/python3.10/site-packages/ros2run/api
[0.787s] creating /workspace/foxy_ws/install/lib/python3.10/site-packages/ros2run/command
[0.788s] copying /workspace/foxy_ws/build/ros2run/build/lib/ros2run/command/run.py -> /workspace/foxy_ws/install/lib/python3.10/site-packages/ros2run/command
[0.788s] copying /workspace/foxy_ws/build/ros2run/build/lib/ros2run/command/__init__.py -> /workspace/foxy_ws/install/lib/python3.10/site-packages/ros2run/command
[0.788s] copying /workspace/foxy_ws/build/ros2run/build/lib/ros2run/__init__.py -> /workspace/foxy_ws/install/lib/python3.10/site-packages/ros2run
[0.788s] byte-compiling /workspace/foxy_ws/install/lib/python3.10/site-packages/ros2run/api/__init__.py to __init__.cpython-310.pyc
[0.789s] byte-compiling /workspace/foxy_ws/install/lib/python3.10/site-packages/ros2run/command/run.py to run.cpython-310.pyc
[0.789s] byte-compiling /workspace/foxy_ws/install/lib/python3.10/site-packages/ros2run/command/__init__.py to __init__.cpython-310.pyc
[0.789s] byte-compiling /workspace/foxy_ws/install/lib/python3.10/site-packages/ros2run/__init__.py to __init__.cpython-310.pyc
[0.789s] running install_data
[0.789s] copying package.xml -> /workspace/foxy_ws/install/share/ros2run
[0.790s] copying resource/ros2run -> /workspace/foxy_ws/install/share/ament_index/resource_index/packages
[0.790s] running install_egg_info
[0.791s] Copying ../../../build/ros2run/ros2run.egg-info to /workspace/foxy_ws/install/lib/python3.10/site-packages/ros2run-0.9.13-py3.10.egg-info
[0.792s] running install_scripts
[0.808s] writing list of installed files to '/workspace/foxy_ws/build/ros2run/install.log'
[0.824s] Invoked command in '/workspace/foxy_ws/src/ros2cli/ros2run' returned '0': AMENT_PREFIX_PATH=/workspace/foxy_ws/install CMAKE_PREFIX_PATH=/workspace/foxy_ws/install LD_LIBRARY_PATH=/workspace/foxy_ws/install/lib PATH=/workspace/foxy_ws/install/bin:${PATH} PKG_CONFIG_PATH=/workspace/foxy_ws/install/lib/x86_64-linux-gnu/pkgconfig:/workspace/foxy_ws/install/lib/pkgconfig PYTHONPATH=/workspace/foxy_ws/build/ros2run/prefix_override:/workspace/foxy_ws/install/lib/python3.10/site-packages:/workspace/foxy_ws/install/lib/python3.10/site-packages /usr/bin/python3 -W ignore:setup.py install is deprecated setup.py egg_info --egg-base ../../../build/ros2run build --build-base /workspace/foxy_ws/build/ros2run/build install --record /workspace/foxy_ws/build/ros2run/install.log --single-version-externally-managed install_data
