-- The C compiler identification is GNU 9.4.0
-- The CXX compiler identification is GNU 9.4.0
-- Check for working C compiler: /usr/bin/cc
-- Check for working C compiler: /usr/bin/cc -- works
-- Detecting C compiler ABI info
-- Detecting C compiler ABI info - done
-- Detecting C compile features
-- Detecting C compile features - done
-- Check for working CXX compiler: /usr/bin/c++
-- Check for working CXX compiler: /usr/bin/c++ -- works
-- Detecting CXX compiler ABI info
-- Detecting CXX compiler ABI info - done
-- Detecting CXX compile features
-- Detecting CXX compile features - done
-- Found ament_cmake_ros: 0.9.2 (/workspace/foxy_ws/install/share/ament_cmake_ros/cmake)
-- Found PythonInterp: /usr/bin/python3 (found suitable version "3.10.14", minimum required is "3") 
-- Using PYTHON_EXECUTABLE: /usr/bin/python3
-- Found rcutils: 1.1.5 (/workspace/foxy_ws/install/share/rcutils/cmake)
-- Found rcpputils: 1.3.2 (/workspace/foxy_ws/install/share/rcpputils/cmake)
-- Found rmw: 1.0.4 (/workspace/foxy_ws/install/share/rmw/cmake)
-- Found rmw_dds_common: 1.0.3 (/workspace/foxy_ws/install/share/rmw_dds_common/cmake)
-- Using all available rosidl_typesupport_c: rosidl_typesupport_fastrtps_c;rosidl_typesupport_introspection_c
-- Found rosidl_adapter: 1.3.1 (/workspace/foxy_ws/install/share/rosidl_adapter/cmake)
-- Found OpenSSL: /usr/lib/x86_64-linux-gnu/libcrypto.so (found version "1.1.1f")  
-- Found FastRTPS: /workspace/foxy_ws/install/include  
-- Using all available rosidl_typesupport_cpp: rosidl_typesupport_fastrtps_cpp;rosidl_typesupport_introspection_cpp
-- Found ament_lint_auto: 0.9.8 (/workspace/foxy_ws/install/share/ament_lint_auto/cmake)
-- Added test 'copyright' to check source files copyright and LICENSE
-- Added test 'cppcheck' to perform static code analysis on C / C++ code
-- Configured cppcheck include dirs: $<BUILD_INTERFACE:/workspace/foxy_ws/src/rmw_cyclonedds_cpp/include>
-- Configured cppcheck exclude dirs and/or files: 
-- Added test 'cpplint' to check C / C++ code against the Google style
-- Configured cpplint exclude dirs and/or files: 
-- Added test 'lint_cmake' to check CMake code style
-- Added test 'uncrustify' to check C / C++ code style
-- Configured uncrustify additional arguments: 
-- Added test 'xmllint' to check XML markup files
-- Configuring done
-- Generating done
-- Build files have been written to: /workspace/foxy_ws/build/rmw_cyclonedds_cpp
Scanning dependencies of target rmw_cyclonedds_cpp
[ 10%] Building CXX object CMakeFiles/rmw_cyclonedds_cpp.dir/src/rmw_node.cpp.o
[ 20%] Building CXX object CMakeFiles/rmw_cyclonedds_cpp.dir/src/TypeSupport2.cpp.o
[ 30%] Building CXX object CMakeFiles/rmw_cyclonedds_cpp.dir/src/Serialization.cpp.o
[ 40%] Building CXX object CMakeFiles/rmw_cyclonedds_cpp.dir/src/deserialization_exception.cpp.o
[ 50%] Building CXX object CMakeFiles/rmw_cyclonedds_cpp.dir/src/demangle.cpp.o
[ 60%] Building CXX object CMakeFiles/rmw_cyclonedds_cpp.dir/src/exception.cpp.o
[ 70%] Building CXX object CMakeFiles/rmw_cyclonedds_cpp.dir/src/u16string.cpp.o
[ 80%] Building CXX object CMakeFiles/rmw_cyclonedds_cpp.dir/src/serdes.cpp.o
[ 90%] Building CXX object CMakeFiles/rmw_cyclonedds_cpp.dir/src/serdata.cpp.o
[100%] Linking CXX shared library librmw_cyclonedds_cpp.so
[100%] Built target rmw_cyclonedds_cpp
-- Install configuration: ""
-- Installing: /workspace/foxy_ws/install/share/rmw_cyclonedds_cpp/environment/library_path.sh
-- Installing: /workspace/foxy_ws/install/share/rmw_cyclonedds_cpp/environment/library_path.dsv
-- Installing: /workspace/foxy_ws/install/share/ament_index/resource_index/rmw_typesupport_c/rmw_cyclonedds_cpp
-- Installing: /workspace/foxy_ws/install/share/ament_index/resource_index/rmw_typesupport_cpp/rmw_cyclonedds_cpp
-- Installing: /workspace/foxy_ws/install/share/ament_index/resource_index/rmw_typesupport/rmw_cyclonedds_cpp
-- Installing: /workspace/foxy_ws/install/share/ament_index/resource_index/package_run_dependencies/rmw_cyclonedds_cpp
-- Installing: /workspace/foxy_ws/install/share/ament_index/resource_index/parent_prefix_path/rmw_cyclonedds_cpp
-- Installing: /workspace/foxy_ws/install/share/rmw_cyclonedds_cpp/environment/ament_prefix_path.sh
-- Installing: /workspace/foxy_ws/install/share/rmw_cyclonedds_cpp/environment/ament_prefix_path.dsv
-- Installing: /workspace/foxy_ws/install/share/rmw_cyclonedds_cpp/environment/path.sh
-- Installing: /workspace/foxy_ws/install/share/rmw_cyclonedds_cpp/environment/path.dsv
-- Installing: /workspace/foxy_ws/install/share/rmw_cyclonedds_cpp/local_setup.bash
-- Installing: /workspace/foxy_ws/install/share/rmw_cyclonedds_cpp/local_setup.sh
-- Installing: /workspace/foxy_ws/install/share/rmw_cyclonedds_cpp/local_setup.zsh
-- Installing: /workspace/foxy_ws/install/share/rmw_cyclonedds_cpp/local_setup.dsv
-- Installing: /workspace/foxy_ws/install/share/rmw_cyclonedds_cpp/package.dsv
-- Installing: /workspace/foxy_ws/install/share/ament_index/resource_index/packages/rmw_cyclonedds_cpp
-- Installing: /workspace/foxy_ws/install/share/rmw_cyclonedds_cpp/cmake/ament_cmake_export_dependencies-extras.cmake
-- Installing: /workspace/foxy_ws/install/share/rmw_cyclonedds_cpp/cmake/ament_cmake_export_include_directories-extras.cmake
-- Installing: /workspace/foxy_ws/install/share/rmw_cyclonedds_cpp/cmake/ament_cmake_export_libraries-extras.cmake
-- Installing: /workspace/foxy_ws/install/share/rmw_cyclonedds_cpp/cmake/rmw_cyclonedds_cppConfig.cmake
-- Installing: /workspace/foxy_ws/install/share/rmw_cyclonedds_cpp/cmake/rmw_cyclonedds_cppConfig-version.cmake
-- Installing: /workspace/foxy_ws/install/share/rmw_cyclonedds_cpp/package.xml
-- Up-to-date: /workspace/foxy_ws/install/include
-- Installing: /workspace/foxy_ws/install/include/rmw_cyclonedds_cpp
-- Installing: /workspace/foxy_ws/install/include/rmw_cyclonedds_cpp/u16string.hpp
-- Installing: /workspace/foxy_ws/install/include/rmw_cyclonedds_cpp/MessageTypeSupport_impl.hpp
-- Installing: /workspace/foxy_ws/install/include/rmw_cyclonedds_cpp/ServiceTypeSupport_impl.hpp
-- Installing: /workspace/foxy_ws/install/include/rmw_cyclonedds_cpp/deserialization_exception.hpp
-- Installing: /workspace/foxy_ws/install/include/rmw_cyclonedds_cpp/macros.hpp
-- Installing: /workspace/foxy_ws/install/include/rmw_cyclonedds_cpp/rmw_version_test.hpp
-- Installing: /workspace/foxy_ws/install/include/rmw_cyclonedds_cpp/visibility_control.h
-- Installing: /workspace/foxy_ws/install/include/rmw_cyclonedds_cpp/ServiceTypeSupport.hpp
-- Installing: /workspace/foxy_ws/install/include/rmw_cyclonedds_cpp/serdes.hpp
-- Installing: /workspace/foxy_ws/install/include/rmw_cyclonedds_cpp/MessageTypeSupport.hpp
-- Installing: /workspace/foxy_ws/install/include/rmw_cyclonedds_cpp/TypeSupport_impl.hpp
-- Installing: /workspace/foxy_ws/install/include/rmw_cyclonedds_cpp/exception.hpp
-- Installing: /workspace/foxy_ws/install/include/rmw_cyclonedds_cpp/TypeSupport.hpp
-- Installing: /workspace/foxy_ws/install/lib/librmw_cyclonedds_cpp.so
-- Set runtime path of "/workspace/foxy_ws/install/lib/librmw_cyclonedds_cpp.so" to ""
-- Installing: /workspace/foxy_ws/install/share/ament_index/resource_index/rmw_output_patterns/rmw_cyclonedds_cpp
