[0.257s] Invoking command in '/workspace/foxy_ws/build/rmw_cyclonedds_cpp': AMENT_PREFIX_PATH=/workspace/foxy_ws/install CMAKE_PREFIX_PATH=/workspace/foxy_ws/install LD_LIBRARY_PATH=/workspace/foxy_ws/install/lib PATH=/workspace/foxy_ws/install/bin:${PATH} PKG_CONFIG_PATH=/workspace/foxy_ws/install/lib/x86_64-linux-gnu/pkgconfig:/workspace/foxy_ws/install/lib/pkgconfig PYTHONPATH=/workspace/foxy_ws/install/lib/python3.10/site-packages /usr/bin/cmake /workspace/foxy_ws/src/rmw_cyclonedds_cpp -DCMAKE_INSTALL_PREFIX=/workspace/foxy_ws/install
[0.327s] -- The C compiler identification is GNU 9.4.0
[0.389s] -- The CXX compiler identification is GNU 9.4.0
[0.394s] -- Check for working C compiler: /usr/bin/cc
[0.471s] -- Check for working C compiler: /usr/bin/cc -- works
[0.472s] -- Detecting C compiler ABI info
[0.537s] -- Detecting C compiler ABI info - done
[0.551s] -- Detecting C compile features
[0.551s] -- Detecting C compile features - done
[0.554s] -- Check for working CXX compiler: /usr/bin/c++
[0.632s] -- Check for working CXX compiler: /usr/bin/c++ -- works
[0.634s] -- Detecting CXX compiler ABI info
[0.714s] -- Detecting CXX compiler ABI info - done
[0.729s] -- Detecting CXX compile features
[0.730s] -- Detecting CXX compile features - done
[0.732s] -- Found ament_cmake_ros: 0.9.2 (/workspace/foxy_ws/install/share/ament_cmake_ros/cmake)
[0.752s] -- Found PythonInterp: /usr/bin/python3 (found suitable version "3.10.14", minimum required is "3") 
[0.753s] -- Using PYTHON_EXECUTABLE: /usr/bin/python3
[0.924s] -- Found rcutils: 1.1.5 (/workspace/foxy_ws/install/share/rcutils/cmake)
[0.931s] -- Found rcpputils: 1.3.2 (/workspace/foxy_ws/install/share/rcpputils/cmake)
[0.937s] -- Found rmw: 1.0.4 (/workspace/foxy_ws/install/share/rmw/cmake)
[0.947s] -- Found rmw_dds_common: 1.0.3 (/workspace/foxy_ws/install/share/rmw_dds_common/cmake)
[0.954s] -- Using all available rosidl_typesupport_c: rosidl_typesupport_fastrtps_c;rosidl_typesupport_introspection_c
[0.959s] -- Found rosidl_adapter: 1.3.1 (/workspace/foxy_ws/install/share/rosidl_adapter/cmake)
[0.976s] -- Found OpenSSL: /usr/lib/x86_64-linux-gnu/libcrypto.so (found version "1.1.1f")  
[0.992s] -- Found FastRTPS: /workspace/foxy_ws/install/include  
[1.035s] -- Using all available rosidl_typesupport_cpp: rosidl_typesupport_fastrtps_cpp;rosidl_typesupport_introspection_cpp
[1.075s] -- Found ament_lint_auto: 0.9.8 (/workspace/foxy_ws/install/share/ament_lint_auto/cmake)
[1.169s] -- Added test 'copyright' to check source files copyright and LICENSE
[1.175s] -- Added test 'cppcheck' to perform static code analysis on C / C++ code
[1.176s] -- Configured cppcheck include dirs: $<BUILD_INTERFACE:/workspace/foxy_ws/src/rmw_cyclonedds_cpp/include>
[1.176s] -- Configured cppcheck exclude dirs and/or files: 
[1.182s] -- Added test 'cpplint' to check C / C++ code against the Google style
[1.182s] -- Configured cpplint exclude dirs and/or files: 
[1.186s] -- Added test 'lint_cmake' to check CMake code style
[1.192s] -- Added test 'uncrustify' to check C / C++ code style
[1.192s] -- Configured uncrustify additional arguments: 
[1.193s] -- Added test 'xmllint' to check XML markup files
[1.199s] -- Configuring done
[1.207s] -- Generating done
[1.209s] -- Build files have been written to: /workspace/foxy_ws/build/rmw_cyclonedds_cpp
[1.215s] Invoked command in '/workspace/foxy_ws/build/rmw_cyclonedds_cpp' returned '0': AMENT_PREFIX_PATH=/workspace/foxy_ws/install CMAKE_PREFIX_PATH=/workspace/foxy_ws/install LD_LIBRARY_PATH=/workspace/foxy_ws/install/lib PATH=/workspace/foxy_ws/install/bin:${PATH} PKG_CONFIG_PATH=/workspace/foxy_ws/install/lib/x86_64-linux-gnu/pkgconfig:/workspace/foxy_ws/install/lib/pkgconfig PYTHONPATH=/workspace/foxy_ws/install/lib/python3.10/site-packages /usr/bin/cmake /workspace/foxy_ws/src/rmw_cyclonedds_cpp -DCMAKE_INSTALL_PREFIX=/workspace/foxy_ws/install
[1.216s] Invoking command in '/workspace/foxy_ws/build/rmw_cyclonedds_cpp': AMENT_PREFIX_PATH=/workspace/foxy_ws/install CMAKE_PREFIX_PATH=/workspace/foxy_ws/install LD_LIBRARY_PATH=/workspace/foxy_ws/install/lib PATH=/workspace/foxy_ws/install/bin:${PATH} PKG_CONFIG_PATH=/workspace/foxy_ws/install/lib/x86_64-linux-gnu/pkgconfig:/workspace/foxy_ws/install/lib/pkgconfig PYTHONPATH=/workspace/foxy_ws/install/lib/python3.10/site-packages /usr/bin/cmake --build /workspace/foxy_ws/build/rmw_cyclonedds_cpp -- -j12 -l12
[1.282s] Scanning dependencies of target rmw_cyclonedds_cpp
[1.300s] [ 10%] Building CXX object CMakeFiles/rmw_cyclonedds_cpp.dir/src/rmw_node.cpp.o
[5.764s] [ 20%] Building CXX object CMakeFiles/rmw_cyclonedds_cpp.dir/src/TypeSupport2.cpp.o
[6.807s] [ 30%] Building CXX object CMakeFiles/rmw_cyclonedds_cpp.dir/src/Serialization.cpp.o
[7.557s] [ 40%] Building CXX object CMakeFiles/rmw_cyclonedds_cpp.dir/src/deserialization_exception.cpp.o
[7.680s] [ 50%] Building CXX object CMakeFiles/rmw_cyclonedds_cpp.dir/src/demangle.cpp.o
[7.965s] [ 60%] Building CXX object CMakeFiles/rmw_cyclonedds_cpp.dir/src/exception.cpp.o
[8.109s] [ 70%] Building CXX object CMakeFiles/rmw_cyclonedds_cpp.dir/src/u16string.cpp.o
[8.267s] [ 80%] Building CXX object CMakeFiles/rmw_cyclonedds_cpp.dir/src/serdes.cpp.o
[8.450s] [ 90%] Building CXX object CMakeFiles/rmw_cyclonedds_cpp.dir/src/serdata.cpp.o
[11.060s] [100%] Linking CXX shared library librmw_cyclonedds_cpp.so
[11.285s] [100%] Built target rmw_cyclonedds_cpp
[11.295s] Invoked command in '/workspace/foxy_ws/build/rmw_cyclonedds_cpp' returned '0': AMENT_PREFIX_PATH=/workspace/foxy_ws/install CMAKE_PREFIX_PATH=/workspace/foxy_ws/install LD_LIBRARY_PATH=/workspace/foxy_ws/install/lib PATH=/workspace/foxy_ws/install/bin:${PATH} PKG_CONFIG_PATH=/workspace/foxy_ws/install/lib/x86_64-linux-gnu/pkgconfig:/workspace/foxy_ws/install/lib/pkgconfig PYTHONPATH=/workspace/foxy_ws/install/lib/python3.10/site-packages /usr/bin/cmake --build /workspace/foxy_ws/build/rmw_cyclonedds_cpp -- -j12 -l12
[11.316s] Invoking command in '/workspace/foxy_ws/build/rmw_cyclonedds_cpp': AMENT_PREFIX_PATH=/workspace/foxy_ws/install CMAKE_PREFIX_PATH=/workspace/foxy_ws/install LD_LIBRARY_PATH=/workspace/foxy_ws/install/lib PATH=/workspace/foxy_ws/install/bin:${PATH} PKG_CONFIG_PATH=/workspace/foxy_ws/install/lib/x86_64-linux-gnu/pkgconfig:/workspace/foxy_ws/install/lib/pkgconfig PYTHONPATH=/workspace/foxy_ws/install/lib/python3.10/site-packages /usr/bin/cmake --install /workspace/foxy_ws/build/rmw_cyclonedds_cpp
[11.321s] -- Install configuration: ""
[11.321s] -- Installing: /workspace/foxy_ws/install/share/rmw_cyclonedds_cpp/environment/library_path.sh
[11.321s] -- Installing: /workspace/foxy_ws/install/share/rmw_cyclonedds_cpp/environment/library_path.dsv
[11.321s] -- Installing: /workspace/foxy_ws/install/share/ament_index/resource_index/rmw_typesupport_c/rmw_cyclonedds_cpp
[11.321s] -- Installing: /workspace/foxy_ws/install/share/ament_index/resource_index/rmw_typesupport_cpp/rmw_cyclonedds_cpp
[11.321s] -- Installing: /workspace/foxy_ws/install/share/ament_index/resource_index/rmw_typesupport/rmw_cyclonedds_cpp
[11.322s] -- Installing: /workspace/foxy_ws/install/share/ament_index/resource_index/package_run_dependencies/rmw_cyclonedds_cpp
[11.322s] -- Installing: /workspace/foxy_ws/install/share/ament_index/resource_index/parent_prefix_path/rmw_cyclonedds_cpp
[11.322s] -- Installing: /workspace/foxy_ws/install/share/rmw_cyclonedds_cpp/environment/ament_prefix_path.sh
[11.322s] -- Installing: /workspace/foxy_ws/install/share/rmw_cyclonedds_cpp/environment/ament_prefix_path.dsv
[11.322s] -- Installing: /workspace/foxy_ws/install/share/rmw_cyclonedds_cpp/environment/path.sh
[11.323s] -- Installing: /workspace/foxy_ws/install/share/rmw_cyclonedds_cpp/environment/path.dsv
[11.323s] -- Installing: /workspace/foxy_ws/install/share/rmw_cyclonedds_cpp/local_setup.bash
[11.323s] -- Installing: /workspace/foxy_ws/install/share/rmw_cyclonedds_cpp/local_setup.sh
[11.323s] -- Installing: /workspace/foxy_ws/install/share/rmw_cyclonedds_cpp/local_setup.zsh
[11.323s] -- Installing: /workspace/foxy_ws/install/share/rmw_cyclonedds_cpp/local_setup.dsv
[11.323s] -- Installing: /workspace/foxy_ws/install/share/rmw_cyclonedds_cpp/package.dsv
[11.324s] -- Installing: /workspace/foxy_ws/install/share/ament_index/resource_index/packages/rmw_cyclonedds_cpp
[11.324s] -- Installing: /workspace/foxy_ws/install/share/rmw_cyclonedds_cpp/cmake/ament_cmake_export_dependencies-extras.cmake
[11.324s] -- Installing: /workspace/foxy_ws/install/share/rmw_cyclonedds_cpp/cmake/ament_cmake_export_include_directories-extras.cmake
[11.324s] -- Installing: /workspace/foxy_ws/install/share/rmw_cyclonedds_cpp/cmake/ament_cmake_export_libraries-extras.cmake
[11.324s] -- Installing: /workspace/foxy_ws/install/share/rmw_cyclonedds_cpp/cmake/rmw_cyclonedds_cppConfig.cmake
[11.324s] -- Installing: /workspace/foxy_ws/install/share/rmw_cyclonedds_cpp/cmake/rmw_cyclonedds_cppConfig-version.cmake
[11.325s] -- Installing: /workspace/foxy_ws/install/share/rmw_cyclonedds_cpp/package.xml
[11.325s] -- Up-to-date: /workspace/foxy_ws/install/include
[11.326s] -- Installing: /workspace/foxy_ws/install/include/rmw_cyclonedds_cpp
[11.326s] -- Installing: /workspace/foxy_ws/install/include/rmw_cyclonedds_cpp/u16string.hpp
[11.326s] -- Installing: /workspace/foxy_ws/install/include/rmw_cyclonedds_cpp/MessageTypeSupport_impl.hpp
[11.326s] -- Installing: /workspace/foxy_ws/install/include/rmw_cyclonedds_cpp/ServiceTypeSupport_impl.hpp
[11.326s] -- Installing: /workspace/foxy_ws/install/include/rmw_cyclonedds_cpp/deserialization_exception.hpp
[11.326s] -- Installing: /workspace/foxy_ws/install/include/rmw_cyclonedds_cpp/macros.hpp
[11.326s] -- Installing: /workspace/foxy_ws/install/include/rmw_cyclonedds_cpp/rmw_version_test.hpp
[11.326s] -- Installing: /workspace/foxy_ws/install/include/rmw_cyclonedds_cpp/visibility_control.h
[11.327s] -- Installing: /workspace/foxy_ws/install/include/rmw_cyclonedds_cpp/ServiceTypeSupport.hpp
[11.327s] -- Installing: /workspace/foxy_ws/install/include/rmw_cyclonedds_cpp/serdes.hpp
[11.327s] -- Installing: /workspace/foxy_ws/install/include/rmw_cyclonedds_cpp/MessageTypeSupport.hpp
[11.327s] -- Installing: /workspace/foxy_ws/install/include/rmw_cyclonedds_cpp/TypeSupport_impl.hpp
[11.327s] -- Installing: /workspace/foxy_ws/install/include/rmw_cyclonedds_cpp/exception.hpp
[11.327s] -- Installing: /workspace/foxy_ws/install/include/rmw_cyclonedds_cpp/TypeSupport.hpp
[11.327s] -- Installing: /workspace/foxy_ws/install/lib/librmw_cyclonedds_cpp.so
[11.329s] -- Set runtime path of "/workspace/foxy_ws/install/lib/librmw_cyclonedds_cpp.so" to ""
[11.329s] -- Installing: /workspace/foxy_ws/install/share/ament_index/resource_index/rmw_output_patterns/rmw_cyclonedds_cpp
[11.332s] Invoked command in '/workspace/foxy_ws/build/rmw_cyclonedds_cpp' returned '0': AMENT_PREFIX_PATH=/workspace/foxy_ws/install CMAKE_PREFIX_PATH=/workspace/foxy_ws/install LD_LIBRARY_PATH=/workspace/foxy_ws/install/lib PATH=/workspace/foxy_ws/install/bin:${PATH} PKG_CONFIG_PATH=/workspace/foxy_ws/install/lib/x86_64-linux-gnu/pkgconfig:/workspace/foxy_ws/install/lib/pkgconfig PYTHONPATH=/workspace/foxy_ws/install/lib/python3.10/site-packages /usr/bin/cmake --install /workspace/foxy_ws/build/rmw_cyclonedds_cpp
