-- The C compiler identification is GNU 9.4.0
-- The CXX compiler identification is GNU 9.4.0
-- Check for working C compiler: /usr/bin/cc
-- Check for working C compiler: /usr/bin/cc -- works
-- Detecting C compiler ABI info
-- Detecting C compiler ABI info - done
-- Detecting C compile features
-- Detecting C compile features - done
-- Check for working CXX compiler: /usr/bin/c++
-- Check for working CXX compiler: /usr/bin/c++ -- works
-- Detecting CXX compiler ABI info
-- Detecting CXX compiler ABI info - done
-- Detecting CXX compile features
-- Detecting CXX compile features - done
-- Found ament_cmake_ros: 0.9.2 (/workspace/foxy_ws/install/share/ament_cmake_ros/cmake)
-- Found PythonInterp: /usr/bin/python3 (found suitable version "3.10.14", minimum required is "3") 
-- Using PYTHON_EXECUTABLE: /usr/bin/python3
-- Found action_msgs: 1.0.0 (/workspace/foxy_ws/install/share/action_msgs/cmake)
-- Using all available rosidl_typesupport_c: rosidl_typesupport_fastrtps_c;rosidl_typesupport_introspection_c
-- Found rosidl_adapter: 1.3.1 (/workspace/foxy_ws/install/share/rosidl_adapter/cmake)
-- Found OpenSSL: /usr/lib/x86_64-linux-gnu/libcrypto.so (found version "1.1.1f")  
-- Found FastRTPS: /workspace/foxy_ws/install/include  
-- Using all available rosidl_typesupport_cpp: rosidl_typesupport_fastrtps_cpp;rosidl_typesupport_introspection_cpp
-- Found rcl: 1.1.14 (/workspace/foxy_ws/install/share/rcl/cmake)
-- Found rmw_implementation_cmake: 1.0.4 (/workspace/foxy_ws/install/share/rmw_implementation_cmake/cmake)
-- Using RMW implementation 'rmw_fastrtps_cpp' as default
-- Looking for pthread.h
-- Looking for pthread.h - found
-- Performing Test CMAKE_HAVE_LIBC_PTHREAD
-- Performing Test CMAKE_HAVE_LIBC_PTHREAD - Failed
-- Looking for pthread_create in pthreads
-- Looking for pthread_create in pthreads - not found
-- Looking for pthread_create in pthread
-- Looking for pthread_create in pthread - found
-- Found Threads: TRUE  
-- Found ament_lint_auto: 0.9.8 (/workspace/foxy_ws/install/share/ament_lint_auto/cmake)
-- Found test_msgs: 1.0.0 (/workspace/foxy_ws/install/share/test_msgs/cmake)
-- Found gtest sources under '/workspace/foxy_ws/install/src/gtest_vendor': C++ tests using 'Google Test' will be built
-- Check if compiler accepts -pthread
-- Check if compiler accepts -pthread - yes
-- Found rmw_cyclonedds_cpp: 0.7.11 (/workspace/foxy_ws/install/share/rmw_cyclonedds_cpp/cmake)
-- Found rmw_fastrtps_cpp: 1.3.2 (/workspace/foxy_ws/install/share/rmw_fastrtps_cpp/cmake)
-- Added test 'copyright' to check source files copyright and LICENSE
-- Added test 'cppcheck' to perform static code analysis on C / C++ code
-- Configured cppcheck include dirs: $<BUILD_INTERFACE:/workspace/foxy_ws/src/rcl/rcl_action/include>;/workspace/foxy_ws/src/rcl/rcl_action/include;/workspace/foxy_ws/src/rcl/rcl_action/src
-- Configured cppcheck exclude dirs and/or files: 
-- Added test 'cpplint' to check C / C++ code against the Google style
-- Configured cpplint exclude dirs and/or files: 
-- Added test 'lint_cmake' to check CMake code style
-- Added test 'uncrustify' to check C / C++ code style
-- Configured uncrustify additional arguments: 
-- Added test 'xmllint' to check XML markup files
-- Configuring done
-- Generating done
-- Build files have been written to: /workspace/foxy_ws/build/rcl_action
Scanning dependencies of target gtest_main
Scanning dependencies of target gtest
[  2%] Building CXX object gtest/CMakeFiles/gtest_main.dir/src/gtest_main.cc.o
[  5%] Building CXX object gtest/CMakeFiles/gtest.dir/src/gtest-all.cc.o
Scanning dependencies of target rcl_action
[  7%] Building C object CMakeFiles/rcl_action.dir/src/rcl_action/action_client.c.o
[ 15%] Building C object CMakeFiles/rcl_action.dir/src/rcl_action/goal_state_machine.c.o
[ 15%] Building C object CMakeFiles/rcl_action.dir/src/rcl_action/graph.c.o
[ 15%] Building C object CMakeFiles/rcl_action.dir/src/rcl_action/goal_handle.c.o
[ 18%] Building C object CMakeFiles/rcl_action.dir/src/rcl_action/action_server.c.o
[ 21%] Building C object CMakeFiles/rcl_action.dir/src/rcl_action/names.c.o
[ 23%] Building C object CMakeFiles/rcl_action.dir/src/rcl_action/types.c.o
[ 26%] Linking C shared library librcl_action.so
[ 26%] Built target rcl_action
[ 28%] Linking CXX static library libgtest_main.a
[ 28%] Built target gtest_main
[ 31%] Linking CXX static library libgtest.a
[ 31%] Built target gtest
Scanning dependencies of target test_names
Scanning dependencies of target test_goal_state_machine
Scanning dependencies of target test_graph__rmw_cyclonedds_cpp
Scanning dependencies of target test_wait
Scanning dependencies of target test_action_client
Scanning dependencies of target test_action_interaction__rmw_fastrtps_cpp
Scanning dependencies of target test_action_interaction__rmw_cyclonedds_cpp
[ 36%] Building CXX object CMakeFiles/test_goal_state_machine.dir/test/rcl_action/test_goal_state_machine.cpp.o
[ 36%] Building CXX object CMakeFiles/test_names.dir/test/rcl_action/test_names.cpp.o
Scanning dependencies of target test_types
[ 39%] Building CXX object CMakeFiles/test_wait.dir/test/rcl_action/test_wait.cpp.o
[ 42%] Building CXX object CMakeFiles/test_graph__rmw_cyclonedds_cpp.dir/test/rcl_action/test_graph.cpp.o
[ 44%] Building CXX object CMakeFiles/test_action_interaction__rmw_fastrtps_cpp.dir/test/rcl_action/test_action_interaction.cpp.o
[ 47%] Building CXX object CMakeFiles/test_action_client.dir/test/rcl_action/test_action_client.cpp.o
[ 50%] Building CXX object CMakeFiles/test_action_interaction__rmw_cyclonedds_cpp.dir/test/rcl_action/test_action_interaction.cpp.o
[ 52%] Building CXX object CMakeFiles/test_types.dir/test/rcl_action/test_types.cpp.o
[ 55%] Linking CXX executable test_goal_state_machine
Scanning dependencies of target test_goal_handle
Scanning dependencies of target test_graph__rmw_fastrtps_cpp
Scanning dependencies of target test_action_communication__rmw_cyclonedds_cpp
[ 57%] Building CXX object CMakeFiles/test_goal_handle.dir/test/rcl_action/test_goal_handle.cpp.o
Scanning dependencies of target test_action_communication__rmw_fastrtps_cpp
[ 60%] Building CXX object CMakeFiles/test_graph__rmw_fastrtps_cpp.dir/test/rcl_action/test_graph.cpp.o
[ 63%] Building CXX object CMakeFiles/test_action_communication__rmw_fastrtps_cpp.dir/test/rcl_action/test_action_communication.cpp.o
[ 65%] Building CXX object CMakeFiles/test_action_communication__rmw_cyclonedds_cpp.dir/test/rcl_action/test_action_communication.cpp.o
[ 68%] Linking CXX executable test_action_client
[ 71%] Linking CXX executable test_wait
[ 71%] Built target test_goal_state_machine
Scanning dependencies of target test_action_server
[ 73%] Linking CXX executable test_action_interaction__rmw_fastrtps_cpp
[ 76%] Linking CXX executable test_types
[ 78%] Building CXX object CMakeFiles/test_action_server.dir/test/rcl_action/test_action_server.cpp.o
[ 81%] Linking CXX executable test_names
[ 81%] Built target test_action_client
[ 84%] Linking CXX executable test_action_interaction__rmw_cyclonedds_cpp
[ 86%] Linking CXX executable test_graph__rmw_cyclonedds_cpp
[ 86%] Built target test_types
[ 86%] Built target test_wait
[ 86%] Built target test_names
[ 86%] Built target test_action_interaction__rmw_fastrtps_cpp
[ 86%] Built target test_action_interaction__rmw_cyclonedds_cpp
[ 86%] Built target test_graph__rmw_cyclonedds_cpp
[ 89%] Linking CXX executable test_action_communication__rmw_fastrtps_cpp
[ 92%] Linking CXX executable test_action_communication__rmw_cyclonedds_cpp
[ 94%] Linking CXX executable test_graph__rmw_fastrtps_cpp
[ 94%] Built target test_action_communication__rmw_fastrtps_cpp
[ 94%] Built target test_graph__rmw_fastrtps_cpp
[ 97%] Linking CXX executable test_goal_handle
[ 97%] Built target test_action_communication__rmw_cyclonedds_cpp
[ 97%] Built target test_goal_handle
[100%] Linking CXX executable test_action_server
[100%] Built target test_action_server
-- Install configuration: ""
-- Up-to-date: /workspace/foxy_ws/install/include
-- Installing: /workspace/foxy_ws/install/include/rcl_action
-- Installing: /workspace/foxy_ws/install/include/rcl_action/default_qos.h
-- Installing: /workspace/foxy_ws/install/include/rcl_action/action_client.h
-- Installing: /workspace/foxy_ws/install/include/rcl_action/names.h
-- Installing: /workspace/foxy_ws/install/include/rcl_action/goal_state_machine.h
-- Installing: /workspace/foxy_ws/install/include/rcl_action/graph.h
-- Installing: /workspace/foxy_ws/install/include/rcl_action/rcl_action.h
-- Installing: /workspace/foxy_ws/install/include/rcl_action/wait.h
-- Installing: /workspace/foxy_ws/install/include/rcl_action/visibility_control.h
-- Installing: /workspace/foxy_ws/install/include/rcl_action/goal_handle.h
-- Installing: /workspace/foxy_ws/install/include/rcl_action/types.h
-- Installing: /workspace/foxy_ws/install/include/rcl_action/action_server.h
-- Installing: /workspace/foxy_ws/install/lib/librcl_action.so
-- Set runtime path of "/workspace/foxy_ws/install/lib/librcl_action.so" to ""
-- Installing: /workspace/foxy_ws/install/share/rcl_action/environment/library_path.sh
-- Installing: /workspace/foxy_ws/install/share/rcl_action/environment/library_path.dsv
-- Installing: /workspace/foxy_ws/install/share/ament_index/resource_index/package_run_dependencies/rcl_action
-- Installing: /workspace/foxy_ws/install/share/ament_index/resource_index/parent_prefix_path/rcl_action
-- Installing: /workspace/foxy_ws/install/share/rcl_action/environment/ament_prefix_path.sh
-- Installing: /workspace/foxy_ws/install/share/rcl_action/environment/ament_prefix_path.dsv
-- Installing: /workspace/foxy_ws/install/share/rcl_action/environment/path.sh
-- Installing: /workspace/foxy_ws/install/share/rcl_action/environment/path.dsv
-- Installing: /workspace/foxy_ws/install/share/rcl_action/local_setup.bash
-- Installing: /workspace/foxy_ws/install/share/rcl_action/local_setup.sh
-- Installing: /workspace/foxy_ws/install/share/rcl_action/local_setup.zsh
-- Installing: /workspace/foxy_ws/install/share/rcl_action/local_setup.dsv
-- Installing: /workspace/foxy_ws/install/share/rcl_action/package.dsv
-- Installing: /workspace/foxy_ws/install/share/ament_index/resource_index/packages/rcl_action
-- Installing: /workspace/foxy_ws/install/share/rcl_action/cmake/rcl_actionExport.cmake
-- Installing: /workspace/foxy_ws/install/share/rcl_action/cmake/rcl_actionExport-noconfig.cmake
-- Installing: /workspace/foxy_ws/install/share/rcl_action/cmake/ament_cmake_export_include_directories-extras.cmake
-- Installing: /workspace/foxy_ws/install/share/rcl_action/cmake/ament_cmake_export_libraries-extras.cmake
-- Installing: /workspace/foxy_ws/install/share/rcl_action/cmake/ament_cmake_export_targets-extras.cmake
-- Installing: /workspace/foxy_ws/install/share/rcl_action/cmake/ament_cmake_export_dependencies-extras.cmake
-- Installing: /workspace/foxy_ws/install/share/rcl_action/cmake/rcl_actionConfig.cmake
-- Installing: /workspace/foxy_ws/install/share/rcl_action/cmake/rcl_actionConfig-version.cmake
-- Installing: /workspace/foxy_ws/install/share/rcl_action/package.xml
