[0.134s] Invoking command in '/workspace/foxy_ws/build/rcl_action': AMENT_PREFIX_PATH=/workspace/foxy_ws/install CMAKE_PREFIX_PATH=/workspace/foxy_ws/install LD_LIBRARY_PATH=/workspace/foxy_ws/install/lib PATH=/workspace/foxy_ws/install/bin:${PATH} PKG_CONFIG_PATH=/workspace/foxy_ws/install/lib/x86_64-linux-gnu/pkgconfig:/workspace/foxy_ws/install/lib/pkgconfig PYTHONPATH=/workspace/foxy_ws/install/lib/python3.10/site-packages /usr/bin/cmake /workspace/foxy_ws/src/rcl/rcl_action -DCMAKE_INSTALL_PREFIX=/workspace/foxy_ws/install
[0.177s] -- The C compiler identification is GNU 9.4.0
[0.217s] -- The CXX compiler identification is GNU 9.4.0
[0.220s] -- Check for working C compiler: /usr/bin/cc
[0.270s] -- Check for working C compiler: /usr/bin/cc -- works
[0.271s] -- Detecting C compiler ABI info
[0.322s] -- Detecting C compiler ABI info - done
[0.332s] -- Detecting C compile features
[0.332s] -- Detecting C compile features - done
[0.335s] -- Check for working CXX compiler: /usr/bin/c++
[0.391s] -- Check for working CXX compiler: /usr/bin/c++ -- works
[0.392s] -- Detecting CXX compiler ABI info
[0.449s] -- Detecting CXX compiler ABI info - done
[0.459s] -- Detecting CXX compile features
[0.459s] -- Detecting CXX compile features - done
[0.460s] -- Found ament_cmake_ros: 0.9.2 (/workspace/foxy_ws/install/share/ament_cmake_ros/cmake)
[0.486s] -- Found PythonInterp: /usr/bin/python3 (found suitable version "3.10.14", minimum required is "3") 
[0.486s] -- Using PYTHON_EXECUTABLE: /usr/bin/python3
[0.622s] -- Found action_msgs: 1.0.0 (/workspace/foxy_ws/install/share/action_msgs/cmake)
[0.635s] -- Using all available rosidl_typesupport_c: rosidl_typesupport_fastrtps_c;rosidl_typesupport_introspection_c
[0.638s] -- Found rosidl_adapter: 1.3.1 (/workspace/foxy_ws/install/share/rosidl_adapter/cmake)
[0.651s] -- Found OpenSSL: /usr/lib/x86_64-linux-gnu/libcrypto.so (found version "1.1.1f")  
[0.661s] -- Found FastRTPS: /workspace/foxy_ws/install/include  
[0.701s] -- Using all available rosidl_typesupport_cpp: rosidl_typesupport_fastrtps_cpp;rosidl_typesupport_introspection_cpp
[0.748s] -- Found rcl: 1.1.14 (/workspace/foxy_ws/install/share/rcl/cmake)
[0.768s] -- Found rmw_implementation_cmake: 1.0.4 (/workspace/foxy_ws/install/share/rmw_implementation_cmake/cmake)
[0.769s] -- Using RMW implementation 'rmw_fastrtps_cpp' as default
[0.770s] -- Looking for pthread.h
[0.825s] -- Looking for pthread.h - found
[0.825s] -- Performing Test CMAKE_HAVE_LIBC_PTHREAD
[0.882s] -- Performing Test CMAKE_HAVE_LIBC_PTHREAD - Failed
[0.882s] -- Looking for pthread_create in pthreads
[0.925s] -- Looking for pthread_create in pthreads - not found
[0.925s] -- Looking for pthread_create in pthread
[0.978s] -- Looking for pthread_create in pthread - found
[0.979s] -- Found Threads: TRUE  
[0.993s] -- Found ament_lint_auto: 0.9.8 (/workspace/foxy_ws/install/share/ament_lint_auto/cmake)
[0.996s] -- Found test_msgs: 1.0.0 (/workspace/foxy_ws/install/share/test_msgs/cmake)
[1.100s] -- Found gtest sources under '/workspace/foxy_ws/install/src/gtest_vendor': C++ tests using 'Google Test' will be built
[1.102s] -- Check if compiler accepts -pthread
[1.155s] -- Check if compiler accepts -pthread - yes
[1.158s] -- Found rmw_cyclonedds_cpp: 0.7.11 (/workspace/foxy_ws/install/share/rmw_cyclonedds_cpp/cmake)
[1.174s] -- Found rmw_fastrtps_cpp: 1.3.2 (/workspace/foxy_ws/install/share/rmw_fastrtps_cpp/cmake)
[1.241s] -- Added test 'copyright' to check source files copyright and LICENSE
[1.245s] -- Added test 'cppcheck' to perform static code analysis on C / C++ code
[1.246s] -- Configured cppcheck include dirs: $<BUILD_INTERFACE:/workspace/foxy_ws/src/rcl/rcl_action/include>;/workspace/foxy_ws/src/rcl/rcl_action/include;/workspace/foxy_ws/src/rcl/rcl_action/src
[1.246s] -- Configured cppcheck exclude dirs and/or files: 
[1.250s] -- Added test 'cpplint' to check C / C++ code against the Google style
[1.250s] -- Configured cpplint exclude dirs and/or files: 
[1.251s] -- Added test 'lint_cmake' to check CMake code style
[1.256s] -- Added test 'uncrustify' to check C / C++ code style
[1.256s] -- Configured uncrustify additional arguments: 
[1.257s] -- Added test 'xmllint' to check XML markup files
[1.261s] -- Configuring done
[1.302s] -- Generating done
[1.304s] -- Build files have been written to: /workspace/foxy_ws/build/rcl_action
[1.315s] Invoked command in '/workspace/foxy_ws/build/rcl_action' returned '0': AMENT_PREFIX_PATH=/workspace/foxy_ws/install CMAKE_PREFIX_PATH=/workspace/foxy_ws/install LD_LIBRARY_PATH=/workspace/foxy_ws/install/lib PATH=/workspace/foxy_ws/install/bin:${PATH} PKG_CONFIG_PATH=/workspace/foxy_ws/install/lib/x86_64-linux-gnu/pkgconfig:/workspace/foxy_ws/install/lib/pkgconfig PYTHONPATH=/workspace/foxy_ws/install/lib/python3.10/site-packages /usr/bin/cmake /workspace/foxy_ws/src/rcl/rcl_action -DCMAKE_INSTALL_PREFIX=/workspace/foxy_ws/install
[1.316s] Invoking command in '/workspace/foxy_ws/build/rcl_action': AMENT_PREFIX_PATH=/workspace/foxy_ws/install CMAKE_PREFIX_PATH=/workspace/foxy_ws/install LD_LIBRARY_PATH=/workspace/foxy_ws/install/lib PATH=/workspace/foxy_ws/install/bin:${PATH} PKG_CONFIG_PATH=/workspace/foxy_ws/install/lib/x86_64-linux-gnu/pkgconfig:/workspace/foxy_ws/install/lib/pkgconfig PYTHONPATH=/workspace/foxy_ws/install/lib/python3.10/site-packages /usr/bin/cmake --build /workspace/foxy_ws/build/rcl_action -- -j12 -l12
[1.349s] Scanning dependencies of target gtest_main
[1.351s] Scanning dependencies of target gtest
[1.357s] [  2%] Building CXX object gtest/CMakeFiles/gtest_main.dir/src/gtest_main.cc.o
[1.357s] [  5%] Building CXX object gtest/CMakeFiles/gtest.dir/src/gtest-all.cc.o
[1.367s] Scanning dependencies of target rcl_action
[1.378s] [  7%] Building C object CMakeFiles/rcl_action.dir/src/rcl_action/action_client.c.o
[1.379s] [ 15%] Building C object CMakeFiles/rcl_action.dir/src/rcl_action/goal_state_machine.c.o
[1.379s] [ 15%] Building C object CMakeFiles/rcl_action.dir/src/rcl_action/graph.c.o
[1.379s] [ 15%] Building C object CMakeFiles/rcl_action.dir/src/rcl_action/goal_handle.c.o
[1.379s] [ 18%] Building C object CMakeFiles/rcl_action.dir/src/rcl_action/action_server.c.o
[1.380s] [ 21%] Building C object CMakeFiles/rcl_action.dir/src/rcl_action/names.c.o
[1.429s] [ 23%] Building C object CMakeFiles/rcl_action.dir/src/rcl_action/types.c.o
[1.485s] [ 26%] Linking C shared library librcl_action.so
[1.519s] [ 26%] Built target rcl_action
[1.891s] [ 28%] Linking CXX static library libgtest_main.a
[1.913s] [ 28%] Built target gtest_main
[3.673s] [ 31%] Linking CXX static library libgtest.a
[3.716s] [ 31%] Built target gtest
[3.736s] Scanning dependencies of target test_names
[3.736s] Scanning dependencies of target test_goal_state_machine
[3.741s] Scanning dependencies of target test_graph__rmw_cyclonedds_cpp
[3.741s] Scanning dependencies of target test_wait
[3.741s] Scanning dependencies of target test_action_client
[3.741s] Scanning dependencies of target test_action_interaction__rmw_fastrtps_cpp
[3.744s] Scanning dependencies of target test_action_interaction__rmw_cyclonedds_cpp
[3.749s] [ 36%] Building CXX object CMakeFiles/test_goal_state_machine.dir/test/rcl_action/test_goal_state_machine.cpp.o
[3.749s] [ 36%] Building CXX object CMakeFiles/test_names.dir/test/rcl_action/test_names.cpp.o
[3.750s] Scanning dependencies of target test_types
[3.753s] [ 39%] Building CXX object CMakeFiles/test_wait.dir/test/rcl_action/test_wait.cpp.o
[3.755s] [ 42%] Building CXX object CMakeFiles/test_graph__rmw_cyclonedds_cpp.dir/test/rcl_action/test_graph.cpp.o
[3.763s] [ 44%] Building CXX object CMakeFiles/test_action_interaction__rmw_fastrtps_cpp.dir/test/rcl_action/test_action_interaction.cpp.o
[3.766s] [ 47%] Building CXX object CMakeFiles/test_action_client.dir/test/rcl_action/test_action_client.cpp.o
[3.767s] [ 50%] Building CXX object CMakeFiles/test_action_interaction__rmw_cyclonedds_cpp.dir/test/rcl_action/test_action_interaction.cpp.o
[3.771s] [ 52%] Building CXX object CMakeFiles/test_types.dir/test/rcl_action/test_types.cpp.o
[4.826s] [ 55%] Linking CXX executable test_goal_state_machine
[4.853s] Scanning dependencies of target test_goal_handle
[4.876s] Scanning dependencies of target test_graph__rmw_fastrtps_cpp
[4.888s] Scanning dependencies of target test_action_communication__rmw_cyclonedds_cpp
[4.910s] [ 57%] Building CXX object CMakeFiles/test_goal_handle.dir/test/rcl_action/test_goal_handle.cpp.o
[4.911s] Scanning dependencies of target test_action_communication__rmw_fastrtps_cpp
[4.949s] [ 60%] Building CXX object CMakeFiles/test_graph__rmw_fastrtps_cpp.dir/test/rcl_action/test_graph.cpp.o
[4.958s] [ 63%] Building CXX object CMakeFiles/test_action_communication__rmw_fastrtps_cpp.dir/test/rcl_action/test_action_communication.cpp.o
[4.964s] [ 65%] Building CXX object CMakeFiles/test_action_communication__rmw_cyclonedds_cpp.dir/test/rcl_action/test_action_communication.cpp.o
[5.023s] [ 68%] Linking CXX executable test_action_client
[5.288s] [ 71%] Linking CXX executable test_wait
[5.306s] [ 71%] Built target test_goal_state_machine
[5.371s] Scanning dependencies of target test_action_server
[5.373s] [ 73%] Linking CXX executable test_action_interaction__rmw_fastrtps_cpp
[5.410s] [ 76%] Linking CXX executable test_types
[5.429s] [ 78%] Building CXX object CMakeFiles/test_action_server.dir/test/rcl_action/test_action_server.cpp.o
[5.484s] [ 81%] Linking CXX executable test_names
[5.614s] [ 81%] Built target test_action_client
[5.670s] [ 84%] Linking CXX executable test_action_interaction__rmw_cyclonedds_cpp
[5.777s] [ 86%] Linking CXX executable test_graph__rmw_cyclonedds_cpp
[5.902s] [ 86%] Built target test_types
[5.921s] [ 86%] Built target test_wait
[5.934s] [ 86%] Built target test_names
[5.970s] [ 86%] Built target test_action_interaction__rmw_fastrtps_cpp
[5.982s] [ 86%] Built target test_action_interaction__rmw_cyclonedds_cpp
[6.204s] [ 86%] Built target test_graph__rmw_cyclonedds_cpp
[6.736s] [ 89%] Linking CXX executable test_action_communication__rmw_fastrtps_cpp
[6.811s] [ 92%] Linking CXX executable test_action_communication__rmw_cyclonedds_cpp
[6.932s] [ 94%] Linking CXX executable test_graph__rmw_fastrtps_cpp
[7.032s] [ 94%] Built target test_action_communication__rmw_fastrtps_cpp
[7.253s] [ 94%] Built target test_graph__rmw_fastrtps_cpp
[7.263s] [ 97%] Linking CXX executable test_goal_handle
[7.272s] [ 97%] Built target test_action_communication__rmw_cyclonedds_cpp
[7.567s] [ 97%] Built target test_goal_handle
[7.681s] [100%] Linking CXX executable test_action_server
[8.059s] [100%] Built target test_action_server
[8.099s] Invoked command in '/workspace/foxy_ws/build/rcl_action' returned '0': AMENT_PREFIX_PATH=/workspace/foxy_ws/install CMAKE_PREFIX_PATH=/workspace/foxy_ws/install LD_LIBRARY_PATH=/workspace/foxy_ws/install/lib PATH=/workspace/foxy_ws/install/bin:${PATH} PKG_CONFIG_PATH=/workspace/foxy_ws/install/lib/x86_64-linux-gnu/pkgconfig:/workspace/foxy_ws/install/lib/pkgconfig PYTHONPATH=/workspace/foxy_ws/install/lib/python3.10/site-packages /usr/bin/cmake --build /workspace/foxy_ws/build/rcl_action -- -j12 -l12
[8.448s] Invoking command in '/workspace/foxy_ws/build/rcl_action': AMENT_PREFIX_PATH=/workspace/foxy_ws/install CMAKE_PREFIX_PATH=/workspace/foxy_ws/install LD_LIBRARY_PATH=/workspace/foxy_ws/install/lib PATH=/workspace/foxy_ws/install/bin:${PATH} PKG_CONFIG_PATH=/workspace/foxy_ws/install/lib/x86_64-linux-gnu/pkgconfig:/workspace/foxy_ws/install/lib/pkgconfig PYTHONPATH=/workspace/foxy_ws/install/lib/python3.10/site-packages /usr/bin/cmake --install /workspace/foxy_ws/build/rcl_action
[8.460s] -- Install configuration: ""
[8.460s] -- Up-to-date: /workspace/foxy_ws/install/include
[8.460s] -- Installing: /workspace/foxy_ws/install/include/rcl_action
[8.461s] -- Installing: /workspace/foxy_ws/install/include/rcl_action/default_qos.h
[8.461s] -- Installing: /workspace/foxy_ws/install/include/rcl_action/action_client.h
[8.461s] -- Installing: /workspace/foxy_ws/install/include/rcl_action/names.h
[8.461s] -- Installing: /workspace/foxy_ws/install/include/rcl_action/goal_state_machine.h
[8.461s] -- Installing: /workspace/foxy_ws/install/include/rcl_action/graph.h
[8.461s] -- Installing: /workspace/foxy_ws/install/include/rcl_action/rcl_action.h
[8.462s] -- Installing: /workspace/foxy_ws/install/include/rcl_action/wait.h
[8.462s] -- Installing: /workspace/foxy_ws/install/include/rcl_action/visibility_control.h
[8.462s] -- Installing: /workspace/foxy_ws/install/include/rcl_action/goal_handle.h
[8.462s] -- Installing: /workspace/foxy_ws/install/include/rcl_action/types.h
[8.462s] -- Installing: /workspace/foxy_ws/install/include/rcl_action/action_server.h
[8.463s] -- Installing: /workspace/foxy_ws/install/lib/librcl_action.so
[8.463s] -- Set runtime path of "/workspace/foxy_ws/install/lib/librcl_action.so" to ""
[8.464s] -- Installing: /workspace/foxy_ws/install/share/rcl_action/environment/library_path.sh
[8.464s] -- Installing: /workspace/foxy_ws/install/share/rcl_action/environment/library_path.dsv
[8.464s] -- Installing: /workspace/foxy_ws/install/share/ament_index/resource_index/package_run_dependencies/rcl_action
[8.464s] -- Installing: /workspace/foxy_ws/install/share/ament_index/resource_index/parent_prefix_path/rcl_action
[8.465s] -- Installing: /workspace/foxy_ws/install/share/rcl_action/environment/ament_prefix_path.sh
[8.465s] -- Installing: /workspace/foxy_ws/install/share/rcl_action/environment/ament_prefix_path.dsv
[8.465s] -- Installing: /workspace/foxy_ws/install/share/rcl_action/environment/path.sh
[8.465s] -- Installing: /workspace/foxy_ws/install/share/rcl_action/environment/path.dsv
[8.466s] -- Installing: /workspace/foxy_ws/install/share/rcl_action/local_setup.bash
[8.466s] -- Installing: /workspace/foxy_ws/install/share/rcl_action/local_setup.sh
[8.466s] -- Installing: /workspace/foxy_ws/install/share/rcl_action/local_setup.zsh
[8.466s] -- Installing: /workspace/foxy_ws/install/share/rcl_action/local_setup.dsv
[8.467s] -- Installing: /workspace/foxy_ws/install/share/rcl_action/package.dsv
[8.467s] -- Installing: /workspace/foxy_ws/install/share/ament_index/resource_index/packages/rcl_action
[8.467s] -- Installing: /workspace/foxy_ws/install/share/rcl_action/cmake/rcl_actionExport.cmake
[8.467s] -- Installing: /workspace/foxy_ws/install/share/rcl_action/cmake/rcl_actionExport-noconfig.cmake
[8.468s] -- Installing: /workspace/foxy_ws/install/share/rcl_action/cmake/ament_cmake_export_include_directories-extras.cmake
[8.468s] -- Installing: /workspace/foxy_ws/install/share/rcl_action/cmake/ament_cmake_export_libraries-extras.cmake
[8.468s] -- Installing: /workspace/foxy_ws/install/share/rcl_action/cmake/ament_cmake_export_targets-extras.cmake
[8.468s] -- Installing: /workspace/foxy_ws/install/share/rcl_action/cmake/ament_cmake_export_dependencies-extras.cmake
[8.469s] -- Installing: /workspace/foxy_ws/install/share/rcl_action/cmake/rcl_actionConfig.cmake
[8.469s] -- Installing: /workspace/foxy_ws/install/share/rcl_action/cmake/rcl_actionConfig-version.cmake
[8.469s] -- Installing: /workspace/foxy_ws/install/share/rcl_action/package.xml
[8.475s] Invoked command in '/workspace/foxy_ws/build/rcl_action' returned '0': AMENT_PREFIX_PATH=/workspace/foxy_ws/install CMAKE_PREFIX_PATH=/workspace/foxy_ws/install LD_LIBRARY_PATH=/workspace/foxy_ws/install/lib PATH=/workspace/foxy_ws/install/bin:${PATH} PKG_CONFIG_PATH=/workspace/foxy_ws/install/lib/x86_64-linux-gnu/pkgconfig:/workspace/foxy_ws/install/lib/pkgconfig PYTHONPATH=/workspace/foxy_ws/install/lib/python3.10/site-packages /usr/bin/cmake --install /workspace/foxy_ws/build/rcl_action
